[2024-02-01T09:10:17.059+0300] {processor.py:161} INFO - Started process (PID=5728) to work on /home/paulet/airflow/dag/dags.py
[2024-02-01T09:10:17.060+0300] {processor.py:830} INFO - Processing file /home/paulet/airflow/dag/dags.py for tasks to queue
[2024-02-01T09:10:17.061+0300] {logging_mixin.py:188} INFO - [2024-02-01T09:10:17.061+0300] {dagbag.py:538} INFO - Filling up the DagBag from /home/paulet/airflow/dag/dags.py
[2024-02-01T09:10:17.082+0300] {processor.py:842} WARNING - No viable dags retrieved from /home/paulet/airflow/dag/dags.py
[2024-02-01T09:10:17.097+0300] {processor.py:183} INFO - Processing /home/paulet/airflow/dag/dags.py took 0.043 seconds
[2024-02-01T09:10:47.420+0300] {processor.py:161} INFO - Started process (PID=5921) to work on /home/paulet/airflow/dag/dags.py
[2024-02-01T09:10:47.421+0300] {processor.py:830} INFO - Processing file /home/paulet/airflow/dag/dags.py for tasks to queue
[2024-02-01T09:10:47.423+0300] {logging_mixin.py:188} INFO - [2024-02-01T09:10:47.422+0300] {dagbag.py:538} INFO - Filling up the DagBag from /home/paulet/airflow/dag/dags.py
[2024-02-01T09:10:47.436+0300] {processor.py:842} WARNING - No viable dags retrieved from /home/paulet/airflow/dag/dags.py
[2024-02-01T09:10:47.447+0300] {processor.py:183} INFO - Processing /home/paulet/airflow/dag/dags.py took 0.031 seconds
[2024-02-01T09:11:17.996+0300] {processor.py:161} INFO - Started process (PID=6226) to work on /home/paulet/airflow/dag/dags.py
[2024-02-01T09:11:18.031+0300] {processor.py:830} INFO - Processing file /home/paulet/airflow/dag/dags.py for tasks to queue
[2024-02-01T09:11:18.032+0300] {logging_mixin.py:188} INFO - [2024-02-01T09:11:18.032+0300] {dagbag.py:538} INFO - Filling up the DagBag from /home/paulet/airflow/dag/dags.py
[2024-02-01T09:11:18.043+0300] {processor.py:842} WARNING - No viable dags retrieved from /home/paulet/airflow/dag/dags.py
[2024-02-01T09:11:18.056+0300] {processor.py:183} INFO - Processing /home/paulet/airflow/dag/dags.py took 0.065 seconds
[2024-02-01T09:11:32.535+0300] {processor.py:161} INFO - Started process (PID=6276) to work on /home/paulet/airflow/dag/dags.py
[2024-02-01T09:11:32.536+0300] {processor.py:830} INFO - Processing file /home/paulet/airflow/dag/dags.py for tasks to queue
[2024-02-01T09:11:32.537+0300] {logging_mixin.py:188} INFO - [2024-02-01T09:11:32.537+0300] {dagbag.py:538} INFO - Filling up the DagBag from /home/paulet/airflow/dag/dags.py
[2024-02-01T09:11:32.549+0300] {processor.py:842} WARNING - No viable dags retrieved from /home/paulet/airflow/dag/dags.py
[2024-02-01T09:11:32.563+0300] {processor.py:183} INFO - Processing /home/paulet/airflow/dag/dags.py took 0.032 seconds
[2024-02-01T09:12:03.564+0300] {processor.py:161} INFO - Started process (PID=6311) to work on /home/paulet/airflow/dag/dags.py
[2024-02-01T09:12:03.606+0300] {processor.py:830} INFO - Processing file /home/paulet/airflow/dag/dags.py for tasks to queue
[2024-02-01T09:12:03.608+0300] {logging_mixin.py:188} INFO - [2024-02-01T09:12:03.607+0300] {dagbag.py:538} INFO - Filling up the DagBag from /home/paulet/airflow/dag/dags.py
[2024-02-01T09:12:03.623+0300] {processor.py:842} WARNING - No viable dags retrieved from /home/paulet/airflow/dag/dags.py
[2024-02-01T09:12:03.637+0300] {processor.py:183} INFO - Processing /home/paulet/airflow/dag/dags.py took 0.077 seconds
[2024-02-01T09:12:33.929+0300] {processor.py:161} INFO - Started process (PID=6314) to work on /home/paulet/airflow/dag/dags.py
[2024-02-01T09:12:33.971+0300] {processor.py:830} INFO - Processing file /home/paulet/airflow/dag/dags.py for tasks to queue
[2024-02-01T09:12:33.973+0300] {logging_mixin.py:188} INFO - [2024-02-01T09:12:33.972+0300] {dagbag.py:538} INFO - Filling up the DagBag from /home/paulet/airflow/dag/dags.py
[2024-02-01T09:12:33.984+0300] {processor.py:842} WARNING - No viable dags retrieved from /home/paulet/airflow/dag/dags.py
[2024-02-01T09:12:33.998+0300] {processor.py:183} INFO - Processing /home/paulet/airflow/dag/dags.py took 0.074 seconds
[2024-02-01T09:13:04.160+0300] {processor.py:161} INFO - Started process (PID=6315) to work on /home/paulet/airflow/dag/dags.py
[2024-02-01T09:13:04.162+0300] {processor.py:830} INFO - Processing file /home/paulet/airflow/dag/dags.py for tasks to queue
[2024-02-01T09:13:04.163+0300] {logging_mixin.py:188} INFO - [2024-02-01T09:13:04.163+0300] {dagbag.py:538} INFO - Filling up the DagBag from /home/paulet/airflow/dag/dags.py
[2024-02-01T09:13:04.174+0300] {processor.py:842} WARNING - No viable dags retrieved from /home/paulet/airflow/dag/dags.py
[2024-02-01T09:13:04.187+0300] {processor.py:183} INFO - Processing /home/paulet/airflow/dag/dags.py took 0.031 seconds
[2024-02-01T09:13:34.368+0300] {processor.py:161} INFO - Started process (PID=6316) to work on /home/paulet/airflow/dag/dags.py
[2024-02-01T09:13:34.402+0300] {processor.py:830} INFO - Processing file /home/paulet/airflow/dag/dags.py for tasks to queue
[2024-02-01T09:13:34.403+0300] {logging_mixin.py:188} INFO - [2024-02-01T09:13:34.403+0300] {dagbag.py:538} INFO - Filling up the DagBag from /home/paulet/airflow/dag/dags.py
[2024-02-01T09:13:34.418+0300] {processor.py:842} WARNING - No viable dags retrieved from /home/paulet/airflow/dag/dags.py
[2024-02-01T09:13:34.436+0300] {processor.py:183} INFO - Processing /home/paulet/airflow/dag/dags.py took 0.074 seconds
[2024-02-01T09:13:48.906+0300] {processor.py:161} INFO - Started process (PID=6334) to work on /home/paulet/airflow/dag/dags.py
[2024-02-01T09:13:48.907+0300] {processor.py:830} INFO - Processing file /home/paulet/airflow/dag/dags.py for tasks to queue
[2024-02-01T09:13:48.908+0300] {logging_mixin.py:188} INFO - [2024-02-01T09:13:48.907+0300] {dagbag.py:538} INFO - Filling up the DagBag from /home/paulet/airflow/dag/dags.py
[2024-02-01T09:13:48.917+0300] {processor.py:842} WARNING - No viable dags retrieved from /home/paulet/airflow/dag/dags.py
[2024-02-01T09:13:48.929+0300] {processor.py:183} INFO - Processing /home/paulet/airflow/dag/dags.py took 0.027 seconds
[2024-02-01T09:14:17.410+0300] {processor.py:161} INFO - Started process (PID=6472) to work on /home/paulet/airflow/dag/dags.py
[2024-02-01T09:14:17.411+0300] {processor.py:830} INFO - Processing file /home/paulet/airflow/dag/dags.py for tasks to queue
[2024-02-01T09:14:17.413+0300] {logging_mixin.py:188} INFO - [2024-02-01T09:14:17.412+0300] {dagbag.py:538} INFO - Filling up the DagBag from /home/paulet/airflow/dag/dags.py
[2024-02-01T09:14:17.425+0300] {processor.py:842} WARNING - No viable dags retrieved from /home/paulet/airflow/dag/dags.py
[2024-02-01T09:14:17.442+0300] {processor.py:183} INFO - Processing /home/paulet/airflow/dag/dags.py took 0.036 seconds
[2024-02-01T09:17:38.812+0300] {processor.py:161} INFO - Started process (PID=7000) to work on /home/paulet/airflow/dag/dags.py
[2024-02-01T09:17:38.828+0300] {processor.py:830} INFO - Processing file /home/paulet/airflow/dag/dags.py for tasks to queue
[2024-02-01T09:17:38.829+0300] {logging_mixin.py:188} INFO - [2024-02-01T09:17:38.829+0300] {dagbag.py:538} INFO - Filling up the DagBag from /home/paulet/airflow/dag/dags.py
[2024-02-01T09:17:38.839+0300] {processor.py:842} WARNING - No viable dags retrieved from /home/paulet/airflow/dag/dags.py
[2024-02-01T09:17:38.851+0300] {processor.py:183} INFO - Processing /home/paulet/airflow/dag/dags.py took 0.044 seconds
[2024-02-01T09:18:09.801+0300] {processor.py:161} INFO - Started process (PID=7062) to work on /home/paulet/airflow/dag/dags.py
[2024-02-01T09:18:09.802+0300] {processor.py:830} INFO - Processing file /home/paulet/airflow/dag/dags.py for tasks to queue
[2024-02-01T09:18:09.804+0300] {logging_mixin.py:188} INFO - [2024-02-01T09:18:09.803+0300] {dagbag.py:538} INFO - Filling up the DagBag from /home/paulet/airflow/dag/dags.py
[2024-02-01T09:18:09.817+0300] {processor.py:842} WARNING - No viable dags retrieved from /home/paulet/airflow/dag/dags.py
[2024-02-01T09:18:09.829+0300] {processor.py:183} INFO - Processing /home/paulet/airflow/dag/dags.py took 0.033 seconds
[2024-02-01T09:18:40.196+0300] {processor.py:161} INFO - Started process (PID=7084) to work on /home/paulet/airflow/dag/dags.py
[2024-02-01T09:18:40.234+0300] {processor.py:830} INFO - Processing file /home/paulet/airflow/dag/dags.py for tasks to queue
[2024-02-01T09:18:40.235+0300] {logging_mixin.py:188} INFO - [2024-02-01T09:18:40.234+0300] {dagbag.py:538} INFO - Filling up the DagBag from /home/paulet/airflow/dag/dags.py
[2024-02-01T09:18:40.246+0300] {processor.py:842} WARNING - No viable dags retrieved from /home/paulet/airflow/dag/dags.py
[2024-02-01T09:18:40.259+0300] {processor.py:183} INFO - Processing /home/paulet/airflow/dag/dags.py took 0.068 seconds
[2024-02-01T09:19:10.429+0300] {processor.py:161} INFO - Started process (PID=7085) to work on /home/paulet/airflow/dag/dags.py
[2024-02-01T09:19:10.431+0300] {processor.py:830} INFO - Processing file /home/paulet/airflow/dag/dags.py for tasks to queue
[2024-02-01T09:19:10.432+0300] {logging_mixin.py:188} INFO - [2024-02-01T09:19:10.431+0300] {dagbag.py:538} INFO - Filling up the DagBag from /home/paulet/airflow/dag/dags.py
[2024-02-01T09:19:10.443+0300] {processor.py:842} WARNING - No viable dags retrieved from /home/paulet/airflow/dag/dags.py
[2024-02-01T09:19:10.455+0300] {processor.py:183} INFO - Processing /home/paulet/airflow/dag/dags.py took 0.031 seconds
[2024-02-01T09:19:40.661+0300] {processor.py:161} INFO - Started process (PID=7339) to work on /home/paulet/airflow/dag/dags.py
[2024-02-01T09:19:40.695+0300] {processor.py:830} INFO - Processing file /home/paulet/airflow/dag/dags.py for tasks to queue
[2024-02-01T09:19:40.696+0300] {logging_mixin.py:188} INFO - [2024-02-01T09:19:40.696+0300] {dagbag.py:538} INFO - Filling up the DagBag from /home/paulet/airflow/dag/dags.py
[2024-02-01T09:19:40.709+0300] {processor.py:842} WARNING - No viable dags retrieved from /home/paulet/airflow/dag/dags.py
[2024-02-01T09:19:40.726+0300] {processor.py:183} INFO - Processing /home/paulet/airflow/dag/dags.py took 0.070 seconds
[2024-02-01T09:21:18.972+0300] {processor.py:161} INFO - Started process (PID=7727) to work on /home/paulet/airflow/dag/dags.py
[2024-02-01T09:21:18.996+0300] {processor.py:830} INFO - Processing file /home/paulet/airflow/dag/dags.py for tasks to queue
[2024-02-01T09:21:18.998+0300] {logging_mixin.py:188} INFO - [2024-02-01T09:21:18.997+0300] {dagbag.py:538} INFO - Filling up the DagBag from /home/paulet/airflow/dag/dags.py
[2024-02-01T09:21:19.007+0300] {processor.py:842} WARNING - No viable dags retrieved from /home/paulet/airflow/dag/dags.py
[2024-02-01T09:21:19.020+0300] {processor.py:183} INFO - Processing /home/paulet/airflow/dag/dags.py took 0.054 seconds
[2024-02-01T09:21:50.032+0300] {processor.py:161} INFO - Started process (PID=7848) to work on /home/paulet/airflow/dag/dags.py
[2024-02-01T09:21:50.048+0300] {processor.py:830} INFO - Processing file /home/paulet/airflow/dag/dags.py for tasks to queue
[2024-02-01T09:21:50.049+0300] {logging_mixin.py:188} INFO - [2024-02-01T09:21:50.048+0300] {dagbag.py:538} INFO - Filling up the DagBag from /home/paulet/airflow/dag/dags.py
[2024-02-01T09:21:50.063+0300] {processor.py:842} WARNING - No viable dags retrieved from /home/paulet/airflow/dag/dags.py
[2024-02-01T09:21:50.076+0300] {processor.py:183} INFO - Processing /home/paulet/airflow/dag/dags.py took 0.048 seconds
[2024-02-01T09:22:20.213+0300] {processor.py:161} INFO - Started process (PID=7855) to work on /home/paulet/airflow/dag/dags.py
[2024-02-01T09:22:20.258+0300] {processor.py:830} INFO - Processing file /home/paulet/airflow/dag/dags.py for tasks to queue
[2024-02-01T09:22:20.260+0300] {logging_mixin.py:188} INFO - [2024-02-01T09:22:20.259+0300] {dagbag.py:538} INFO - Filling up the DagBag from /home/paulet/airflow/dag/dags.py
[2024-02-01T09:22:20.271+0300] {processor.py:842} WARNING - No viable dags retrieved from /home/paulet/airflow/dag/dags.py
[2024-02-01T09:22:20.285+0300] {processor.py:183} INFO - Processing /home/paulet/airflow/dag/dags.py took 0.076 seconds
[2024-02-01T09:22:50.363+0300] {processor.py:161} INFO - Started process (PID=7951) to work on /home/paulet/airflow/dag/dags.py
[2024-02-01T09:22:50.391+0300] {processor.py:830} INFO - Processing file /home/paulet/airflow/dag/dags.py for tasks to queue
[2024-02-01T09:22:50.392+0300] {logging_mixin.py:188} INFO - [2024-02-01T09:22:50.392+0300] {dagbag.py:538} INFO - Filling up the DagBag from /home/paulet/airflow/dag/dags.py
[2024-02-01T09:22:50.403+0300] {processor.py:842} WARNING - No viable dags retrieved from /home/paulet/airflow/dag/dags.py
[2024-02-01T09:22:50.421+0300] {processor.py:183} INFO - Processing /home/paulet/airflow/dag/dags.py took 0.062 seconds
[2024-02-01T09:23:20.521+0300] {processor.py:161} INFO - Started process (PID=7993) to work on /home/paulet/airflow/dag/dags.py
[2024-02-01T09:23:20.522+0300] {processor.py:830} INFO - Processing file /home/paulet/airflow/dag/dags.py for tasks to queue
[2024-02-01T09:23:20.523+0300] {logging_mixin.py:188} INFO - [2024-02-01T09:23:20.523+0300] {dagbag.py:538} INFO - Filling up the DagBag from /home/paulet/airflow/dag/dags.py
[2024-02-01T09:23:20.534+0300] {processor.py:842} WARNING - No viable dags retrieved from /home/paulet/airflow/dag/dags.py
[2024-02-01T09:23:20.546+0300] {processor.py:183} INFO - Processing /home/paulet/airflow/dag/dags.py took 0.030 seconds
[2024-02-01T09:23:50.873+0300] {processor.py:161} INFO - Started process (PID=8019) to work on /home/paulet/airflow/dag/dags.py
[2024-02-01T09:23:50.909+0300] {processor.py:830} INFO - Processing file /home/paulet/airflow/dag/dags.py for tasks to queue
[2024-02-01T09:23:50.910+0300] {logging_mixin.py:188} INFO - [2024-02-01T09:23:50.910+0300] {dagbag.py:538} INFO - Filling up the DagBag from /home/paulet/airflow/dag/dags.py
[2024-02-01T09:23:50.922+0300] {processor.py:842} WARNING - No viable dags retrieved from /home/paulet/airflow/dag/dags.py
[2024-02-01T09:23:50.936+0300] {processor.py:183} INFO - Processing /home/paulet/airflow/dag/dags.py took 0.068 seconds
[2024-02-01T09:24:20.988+0300] {processor.py:161} INFO - Started process (PID=8179) to work on /home/paulet/airflow/dag/dags.py
[2024-02-01T09:24:21.019+0300] {processor.py:830} INFO - Processing file /home/paulet/airflow/dag/dags.py for tasks to queue
[2024-02-01T09:24:21.021+0300] {logging_mixin.py:188} INFO - [2024-02-01T09:24:21.020+0300] {dagbag.py:538} INFO - Filling up the DagBag from /home/paulet/airflow/dag/dags.py
[2024-02-01T09:24:21.035+0300] {processor.py:842} WARNING - No viable dags retrieved from /home/paulet/airflow/dag/dags.py
[2024-02-01T09:24:21.051+0300] {processor.py:183} INFO - Processing /home/paulet/airflow/dag/dags.py took 0.067 seconds
[2024-02-01T09:24:51.845+0300] {processor.py:161} INFO - Started process (PID=8302) to work on /home/paulet/airflow/dag/dags.py
[2024-02-01T09:24:51.847+0300] {processor.py:830} INFO - Processing file /home/paulet/airflow/dag/dags.py for tasks to queue
[2024-02-01T09:24:51.848+0300] {logging_mixin.py:188} INFO - [2024-02-01T09:24:51.847+0300] {dagbag.py:538} INFO - Filling up the DagBag from /home/paulet/airflow/dag/dags.py
[2024-02-01T09:24:51.859+0300] {processor.py:842} WARNING - No viable dags retrieved from /home/paulet/airflow/dag/dags.py
[2024-02-01T09:24:51.872+0300] {processor.py:183} INFO - Processing /home/paulet/airflow/dag/dags.py took 0.031 seconds
[2024-02-01T09:25:22.201+0300] {processor.py:161} INFO - Started process (PID=8314) to work on /home/paulet/airflow/dag/dags.py
[2024-02-01T09:25:22.202+0300] {processor.py:830} INFO - Processing file /home/paulet/airflow/dag/dags.py for tasks to queue
[2024-02-01T09:25:22.203+0300] {logging_mixin.py:188} INFO - [2024-02-01T09:25:22.203+0300] {dagbag.py:538} INFO - Filling up the DagBag from /home/paulet/airflow/dag/dags.py
[2024-02-01T09:25:22.214+0300] {processor.py:842} WARNING - No viable dags retrieved from /home/paulet/airflow/dag/dags.py
[2024-02-01T09:25:22.227+0300] {processor.py:183} INFO - Processing /home/paulet/airflow/dag/dags.py took 0.031 seconds
[2024-02-01T09:25:52.512+0300] {processor.py:161} INFO - Started process (PID=8327) to work on /home/paulet/airflow/dag/dags.py
[2024-02-01T09:25:52.514+0300] {processor.py:830} INFO - Processing file /home/paulet/airflow/dag/dags.py for tasks to queue
[2024-02-01T09:25:52.515+0300] {logging_mixin.py:188} INFO - [2024-02-01T09:25:52.514+0300] {dagbag.py:538} INFO - Filling up the DagBag from /home/paulet/airflow/dag/dags.py
[2024-02-01T09:25:52.526+0300] {processor.py:842} WARNING - No viable dags retrieved from /home/paulet/airflow/dag/dags.py
[2024-02-01T09:25:52.538+0300] {processor.py:183} INFO - Processing /home/paulet/airflow/dag/dags.py took 0.030 seconds
[2024-02-01T09:26:22.853+0300] {processor.py:161} INFO - Started process (PID=8358) to work on /home/paulet/airflow/dag/dags.py
[2024-02-01T09:26:22.901+0300] {processor.py:830} INFO - Processing file /home/paulet/airflow/dag/dags.py for tasks to queue
[2024-02-01T09:26:22.903+0300] {logging_mixin.py:188} INFO - [2024-02-01T09:26:22.902+0300] {dagbag.py:538} INFO - Filling up the DagBag from /home/paulet/airflow/dag/dags.py
[2024-02-01T09:26:22.914+0300] {processor.py:842} WARNING - No viable dags retrieved from /home/paulet/airflow/dag/dags.py
[2024-02-01T09:26:22.928+0300] {processor.py:183} INFO - Processing /home/paulet/airflow/dag/dags.py took 0.079 seconds
[2024-02-01T09:26:53.188+0300] {processor.py:161} INFO - Started process (PID=8381) to work on /home/paulet/airflow/dag/dags.py
[2024-02-01T09:26:53.190+0300] {processor.py:830} INFO - Processing file /home/paulet/airflow/dag/dags.py for tasks to queue
[2024-02-01T09:26:53.191+0300] {logging_mixin.py:188} INFO - [2024-02-01T09:26:53.190+0300] {dagbag.py:538} INFO - Filling up the DagBag from /home/paulet/airflow/dag/dags.py
[2024-02-01T09:26:53.203+0300] {processor.py:842} WARNING - No viable dags retrieved from /home/paulet/airflow/dag/dags.py
[2024-02-01T09:26:53.214+0300] {processor.py:183} INFO - Processing /home/paulet/airflow/dag/dags.py took 0.030 seconds
[2024-02-01T09:27:23.632+0300] {processor.py:161} INFO - Started process (PID=8382) to work on /home/paulet/airflow/dag/dags.py
[2024-02-01T09:27:23.676+0300] {processor.py:830} INFO - Processing file /home/paulet/airflow/dag/dags.py for tasks to queue
[2024-02-01T09:27:23.677+0300] {logging_mixin.py:188} INFO - [2024-02-01T09:27:23.677+0300] {dagbag.py:538} INFO - Filling up the DagBag from /home/paulet/airflow/dag/dags.py
[2024-02-01T09:27:23.688+0300] {processor.py:842} WARNING - No viable dags retrieved from /home/paulet/airflow/dag/dags.py
[2024-02-01T09:27:23.702+0300] {processor.py:183} INFO - Processing /home/paulet/airflow/dag/dags.py took 0.074 seconds
[2024-02-01T09:27:53.986+0300] {processor.py:161} INFO - Started process (PID=8398) to work on /home/paulet/airflow/dag/dags.py
[2024-02-01T09:27:53.987+0300] {processor.py:830} INFO - Processing file /home/paulet/airflow/dag/dags.py for tasks to queue
[2024-02-01T09:27:53.988+0300] {logging_mixin.py:188} INFO - [2024-02-01T09:27:53.987+0300] {dagbag.py:538} INFO - Filling up the DagBag from /home/paulet/airflow/dag/dags.py
[2024-02-01T09:27:53.999+0300] {processor.py:842} WARNING - No viable dags retrieved from /home/paulet/airflow/dag/dags.py
[2024-02-01T09:27:54.012+0300] {processor.py:183} INFO - Processing /home/paulet/airflow/dag/dags.py took 0.031 seconds
[2024-02-01T09:28:24.309+0300] {processor.py:161} INFO - Started process (PID=8400) to work on /home/paulet/airflow/dag/dags.py
[2024-02-01T09:28:24.311+0300] {processor.py:830} INFO - Processing file /home/paulet/airflow/dag/dags.py for tasks to queue
[2024-02-01T09:28:24.312+0300] {logging_mixin.py:188} INFO - [2024-02-01T09:28:24.312+0300] {dagbag.py:538} INFO - Filling up the DagBag from /home/paulet/airflow/dag/dags.py
[2024-02-01T09:28:24.324+0300] {processor.py:842} WARNING - No viable dags retrieved from /home/paulet/airflow/dag/dags.py
[2024-02-01T09:28:24.338+0300] {processor.py:183} INFO - Processing /home/paulet/airflow/dag/dags.py took 0.033 seconds
[2024-02-01T09:28:54.665+0300] {processor.py:161} INFO - Started process (PID=8429) to work on /home/paulet/airflow/dag/dags.py
[2024-02-01T09:28:54.666+0300] {processor.py:830} INFO - Processing file /home/paulet/airflow/dag/dags.py for tasks to queue
[2024-02-01T09:28:54.667+0300] {logging_mixin.py:188} INFO - [2024-02-01T09:28:54.667+0300] {dagbag.py:538} INFO - Filling up the DagBag from /home/paulet/airflow/dag/dags.py
[2024-02-01T09:28:54.678+0300] {processor.py:842} WARNING - No viable dags retrieved from /home/paulet/airflow/dag/dags.py
[2024-02-01T09:28:54.691+0300] {processor.py:183} INFO - Processing /home/paulet/airflow/dag/dags.py took 0.030 seconds
[2024-02-01T09:29:25.031+0300] {processor.py:161} INFO - Started process (PID=8430) to work on /home/paulet/airflow/dag/dags.py
[2024-02-01T09:29:25.058+0300] {processor.py:830} INFO - Processing file /home/paulet/airflow/dag/dags.py for tasks to queue
[2024-02-01T09:29:25.059+0300] {logging_mixin.py:188} INFO - [2024-02-01T09:29:25.059+0300] {dagbag.py:538} INFO - Filling up the DagBag from /home/paulet/airflow/dag/dags.py
[2024-02-01T09:29:25.072+0300] {processor.py:842} WARNING - No viable dags retrieved from /home/paulet/airflow/dag/dags.py
[2024-02-01T09:29:25.088+0300] {processor.py:183} INFO - Processing /home/paulet/airflow/dag/dags.py took 0.062 seconds
[2024-02-01T09:29:55.626+0300] {processor.py:161} INFO - Started process (PID=8453) to work on /home/paulet/airflow/dag/dags.py
[2024-02-01T09:29:55.627+0300] {processor.py:830} INFO - Processing file /home/paulet/airflow/dag/dags.py for tasks to queue
[2024-02-01T09:29:55.629+0300] {logging_mixin.py:188} INFO - [2024-02-01T09:29:55.628+0300] {dagbag.py:538} INFO - Filling up the DagBag from /home/paulet/airflow/dag/dags.py
[2024-02-01T09:29:55.641+0300] {processor.py:842} WARNING - No viable dags retrieved from /home/paulet/airflow/dag/dags.py
[2024-02-01T09:29:55.653+0300] {processor.py:183} INFO - Processing /home/paulet/airflow/dag/dags.py took 0.032 seconds
[2024-02-01T09:30:26.137+0300] {processor.py:161} INFO - Started process (PID=8458) to work on /home/paulet/airflow/dag/dags.py
[2024-02-01T09:30:26.138+0300] {processor.py:830} INFO - Processing file /home/paulet/airflow/dag/dags.py for tasks to queue
[2024-02-01T09:30:26.140+0300] {logging_mixin.py:188} INFO - [2024-02-01T09:30:26.139+0300] {dagbag.py:538} INFO - Filling up the DagBag from /home/paulet/airflow/dag/dags.py
[2024-02-01T09:30:26.151+0300] {processor.py:842} WARNING - No viable dags retrieved from /home/paulet/airflow/dag/dags.py
[2024-02-01T09:30:26.163+0300] {processor.py:183} INFO - Processing /home/paulet/airflow/dag/dags.py took 0.031 seconds
[2024-02-01T09:30:56.477+0300] {processor.py:161} INFO - Started process (PID=8470) to work on /home/paulet/airflow/dag/dags.py
[2024-02-01T09:30:56.479+0300] {processor.py:830} INFO - Processing file /home/paulet/airflow/dag/dags.py for tasks to queue
[2024-02-01T09:30:56.480+0300] {logging_mixin.py:188} INFO - [2024-02-01T09:30:56.479+0300] {dagbag.py:538} INFO - Filling up the DagBag from /home/paulet/airflow/dag/dags.py
[2024-02-01T09:30:56.627+0300] {processor.py:842} WARNING - No viable dags retrieved from /home/paulet/airflow/dag/dags.py
[2024-02-01T09:30:56.634+0300] {processor.py:183} INFO - Processing /home/paulet/airflow/dag/dags.py took 0.161 seconds
[2024-02-01T09:31:26.920+0300] {processor.py:161} INFO - Started process (PID=8499) to work on /home/paulet/airflow/dag/dags.py
[2024-02-01T09:31:26.961+0300] {processor.py:830} INFO - Processing file /home/paulet/airflow/dag/dags.py for tasks to queue
[2024-02-01T09:31:26.963+0300] {logging_mixin.py:188} INFO - [2024-02-01T09:31:26.962+0300] {dagbag.py:538} INFO - Filling up the DagBag from /home/paulet/airflow/dag/dags.py
[2024-02-01T09:31:26.975+0300] {processor.py:842} WARNING - No viable dags retrieved from /home/paulet/airflow/dag/dags.py
[2024-02-01T09:31:26.988+0300] {processor.py:183} INFO - Processing /home/paulet/airflow/dag/dags.py took 0.073 seconds
[2024-02-01T09:31:57.168+0300] {processor.py:161} INFO - Started process (PID=8515) to work on /home/paulet/airflow/dag/dags.py
[2024-02-01T09:31:57.170+0300] {processor.py:830} INFO - Processing file /home/paulet/airflow/dag/dags.py for tasks to queue
[2024-02-01T09:31:57.171+0300] {logging_mixin.py:188} INFO - [2024-02-01T09:31:57.170+0300] {dagbag.py:538} INFO - Filling up the DagBag from /home/paulet/airflow/dag/dags.py
[2024-02-01T09:31:57.182+0300] {processor.py:842} WARNING - No viable dags retrieved from /home/paulet/airflow/dag/dags.py
[2024-02-01T09:31:57.194+0300] {processor.py:183} INFO - Processing /home/paulet/airflow/dag/dags.py took 0.030 seconds
[2024-02-01T09:42:56.816+0300] {processor.py:161} INFO - Started process (PID=8702) to work on /home/paulet/airflow/dag/dags.py
[2024-02-01T09:42:58.356+0300] {processor.py:830} INFO - Processing file /home/paulet/airflow/dag/dags.py for tasks to queue
[2024-02-01T09:42:58.357+0300] {logging_mixin.py:188} INFO - [2024-02-01T09:42:58.357+0300] {dagbag.py:538} INFO - Filling up the DagBag from /home/paulet/airflow/dag/dags.py
[2024-02-01T09:42:58.373+0300] {processor.py:842} WARNING - No viable dags retrieved from /home/paulet/airflow/dag/dags.py
[2024-02-01T09:42:58.392+0300] {processor.py:183} INFO - Processing /home/paulet/airflow/dag/dags.py took 1.584 seconds
[2024-02-01T09:43:29.295+0300] {processor.py:161} INFO - Started process (PID=9087) to work on /home/paulet/airflow/dag/dags.py
[2024-02-01T09:43:29.330+0300] {processor.py:830} INFO - Processing file /home/paulet/airflow/dag/dags.py for tasks to queue
[2024-02-01T09:43:29.332+0300] {logging_mixin.py:188} INFO - [2024-02-01T09:43:29.331+0300] {dagbag.py:538} INFO - Filling up the DagBag from /home/paulet/airflow/dag/dags.py
[2024-02-01T09:43:29.344+0300] {processor.py:842} WARNING - No viable dags retrieved from /home/paulet/airflow/dag/dags.py
[2024-02-01T09:43:29.357+0300] {processor.py:183} INFO - Processing /home/paulet/airflow/dag/dags.py took 0.067 seconds
[2024-02-01T09:43:59.788+0300] {processor.py:161} INFO - Started process (PID=9182) to work on /home/paulet/airflow/dag/dags.py
[2024-02-01T09:43:59.828+0300] {processor.py:830} INFO - Processing file /home/paulet/airflow/dag/dags.py for tasks to queue
[2024-02-01T09:43:59.830+0300] {logging_mixin.py:188} INFO - [2024-02-01T09:43:59.829+0300] {dagbag.py:538} INFO - Filling up the DagBag from /home/paulet/airflow/dag/dags.py
[2024-02-01T09:43:59.842+0300] {processor.py:842} WARNING - No viable dags retrieved from /home/paulet/airflow/dag/dags.py
[2024-02-01T09:43:59.856+0300] {processor.py:183} INFO - Processing /home/paulet/airflow/dag/dags.py took 0.073 seconds
[2024-02-01T09:44:30.005+0300] {processor.py:161} INFO - Started process (PID=9248) to work on /home/paulet/airflow/dag/dags.py
[2024-02-01T09:44:30.038+0300] {processor.py:830} INFO - Processing file /home/paulet/airflow/dag/dags.py for tasks to queue
[2024-02-01T09:44:30.040+0300] {logging_mixin.py:188} INFO - [2024-02-01T09:44:30.039+0300] {dagbag.py:538} INFO - Filling up the DagBag from /home/paulet/airflow/dag/dags.py
[2024-02-01T09:44:30.051+0300] {processor.py:842} WARNING - No viable dags retrieved from /home/paulet/airflow/dag/dags.py
[2024-02-01T09:44:30.065+0300] {processor.py:183} INFO - Processing /home/paulet/airflow/dag/dags.py took 0.065 seconds
[2024-02-01T09:45:00.277+0300] {processor.py:161} INFO - Started process (PID=9250) to work on /home/paulet/airflow/dag/dags.py
[2024-02-01T09:45:00.315+0300] {processor.py:830} INFO - Processing file /home/paulet/airflow/dag/dags.py for tasks to queue
[2024-02-01T09:45:00.316+0300] {logging_mixin.py:188} INFO - [2024-02-01T09:45:00.316+0300] {dagbag.py:538} INFO - Filling up the DagBag from /home/paulet/airflow/dag/dags.py
[2024-02-01T09:45:00.329+0300] {processor.py:842} WARNING - No viable dags retrieved from /home/paulet/airflow/dag/dags.py
[2024-02-01T09:45:00.342+0300] {processor.py:183} INFO - Processing /home/paulet/airflow/dag/dags.py took 0.070 seconds
[2024-02-01T09:45:30.549+0300] {processor.py:161} INFO - Started process (PID=9266) to work on /home/paulet/airflow/dag/dags.py
[2024-02-01T09:45:30.550+0300] {processor.py:830} INFO - Processing file /home/paulet/airflow/dag/dags.py for tasks to queue
[2024-02-01T09:45:30.552+0300] {logging_mixin.py:188} INFO - [2024-02-01T09:45:30.551+0300] {dagbag.py:538} INFO - Filling up the DagBag from /home/paulet/airflow/dag/dags.py
[2024-02-01T09:45:30.563+0300] {processor.py:842} WARNING - No viable dags retrieved from /home/paulet/airflow/dag/dags.py
[2024-02-01T09:45:30.575+0300] {processor.py:183} INFO - Processing /home/paulet/airflow/dag/dags.py took 0.031 seconds
[2024-02-01T09:46:00.929+0300] {processor.py:161} INFO - Started process (PID=9269) to work on /home/paulet/airflow/dag/dags.py
[2024-02-01T09:46:00.962+0300] {processor.py:830} INFO - Processing file /home/paulet/airflow/dag/dags.py for tasks to queue
[2024-02-01T09:46:00.963+0300] {logging_mixin.py:188} INFO - [2024-02-01T09:46:00.962+0300] {dagbag.py:538} INFO - Filling up the DagBag from /home/paulet/airflow/dag/dags.py
[2024-02-01T09:46:00.975+0300] {processor.py:842} WARNING - No viable dags retrieved from /home/paulet/airflow/dag/dags.py
[2024-02-01T09:46:00.988+0300] {processor.py:183} INFO - Processing /home/paulet/airflow/dag/dags.py took 0.064 seconds
[2024-02-01T09:46:31.193+0300] {processor.py:161} INFO - Started process (PID=9291) to work on /home/paulet/airflow/dag/dags.py
[2024-02-01T09:46:31.194+0300] {processor.py:830} INFO - Processing file /home/paulet/airflow/dag/dags.py for tasks to queue
[2024-02-01T09:46:31.195+0300] {logging_mixin.py:188} INFO - [2024-02-01T09:46:31.195+0300] {dagbag.py:538} INFO - Filling up the DagBag from /home/paulet/airflow/dag/dags.py
[2024-02-01T09:46:31.207+0300] {processor.py:842} WARNING - No viable dags retrieved from /home/paulet/airflow/dag/dags.py
[2024-02-01T09:46:31.219+0300] {processor.py:183} INFO - Processing /home/paulet/airflow/dag/dags.py took 0.030 seconds
[2024-02-01T09:47:01.441+0300] {processor.py:161} INFO - Started process (PID=9292) to work on /home/paulet/airflow/dag/dags.py
[2024-02-01T09:47:01.470+0300] {processor.py:830} INFO - Processing file /home/paulet/airflow/dag/dags.py for tasks to queue
[2024-02-01T09:47:01.472+0300] {logging_mixin.py:188} INFO - [2024-02-01T09:47:01.471+0300] {dagbag.py:538} INFO - Filling up the DagBag from /home/paulet/airflow/dag/dags.py
[2024-02-01T09:47:01.484+0300] {processor.py:842} WARNING - No viable dags retrieved from /home/paulet/airflow/dag/dags.py
[2024-02-01T09:47:01.497+0300] {processor.py:183} INFO - Processing /home/paulet/airflow/dag/dags.py took 0.061 seconds
[2024-02-01T09:47:31.668+0300] {processor.py:161} INFO - Started process (PID=9332) to work on /home/paulet/airflow/dag/dags.py
[2024-02-01T09:47:31.670+0300] {processor.py:830} INFO - Processing file /home/paulet/airflow/dag/dags.py for tasks to queue
[2024-02-01T09:47:31.671+0300] {logging_mixin.py:188} INFO - [2024-02-01T09:47:31.671+0300] {dagbag.py:538} INFO - Filling up the DagBag from /home/paulet/airflow/dag/dags.py
[2024-02-01T09:47:31.684+0300] {processor.py:842} WARNING - No viable dags retrieved from /home/paulet/airflow/dag/dags.py
[2024-02-01T09:47:31.696+0300] {processor.py:183} INFO - Processing /home/paulet/airflow/dag/dags.py took 0.032 seconds
[2024-02-01T09:48:01.797+0300] {processor.py:161} INFO - Started process (PID=9333) to work on /home/paulet/airflow/dag/dags.py
[2024-02-01T09:48:01.798+0300] {processor.py:830} INFO - Processing file /home/paulet/airflow/dag/dags.py for tasks to queue
[2024-02-01T09:48:01.800+0300] {logging_mixin.py:188} INFO - [2024-02-01T09:48:01.799+0300] {dagbag.py:538} INFO - Filling up the DagBag from /home/paulet/airflow/dag/dags.py
[2024-02-01T09:48:01.811+0300] {processor.py:842} WARNING - No viable dags retrieved from /home/paulet/airflow/dag/dags.py
[2024-02-01T09:48:01.824+0300] {processor.py:183} INFO - Processing /home/paulet/airflow/dag/dags.py took 0.032 seconds
[2024-02-01T09:48:32.172+0300] {processor.py:161} INFO - Started process (PID=9363) to work on /home/paulet/airflow/dag/dags.py
[2024-02-01T09:48:32.211+0300] {processor.py:830} INFO - Processing file /home/paulet/airflow/dag/dags.py for tasks to queue
[2024-02-01T09:48:32.213+0300] {logging_mixin.py:188} INFO - [2024-02-01T09:48:32.212+0300] {dagbag.py:538} INFO - Filling up the DagBag from /home/paulet/airflow/dag/dags.py
[2024-02-01T09:48:32.225+0300] {processor.py:842} WARNING - No viable dags retrieved from /home/paulet/airflow/dag/dags.py
[2024-02-01T09:48:32.238+0300] {processor.py:183} INFO - Processing /home/paulet/airflow/dag/dags.py took 0.071 seconds
[2024-02-01T09:49:02.433+0300] {processor.py:161} INFO - Started process (PID=9366) to work on /home/paulet/airflow/dag/dags.py
[2024-02-01T09:49:02.434+0300] {processor.py:830} INFO - Processing file /home/paulet/airflow/dag/dags.py for tasks to queue
[2024-02-01T09:49:02.435+0300] {logging_mixin.py:188} INFO - [2024-02-01T09:49:02.435+0300] {dagbag.py:538} INFO - Filling up the DagBag from /home/paulet/airflow/dag/dags.py
[2024-02-01T09:49:02.447+0300] {processor.py:842} WARNING - No viable dags retrieved from /home/paulet/airflow/dag/dags.py
[2024-02-01T09:49:02.460+0300] {processor.py:183} INFO - Processing /home/paulet/airflow/dag/dags.py took 0.031 seconds
[2024-02-01T09:49:32.703+0300] {processor.py:161} INFO - Started process (PID=9388) to work on /home/paulet/airflow/dag/dags.py
[2024-02-01T09:49:32.745+0300] {processor.py:830} INFO - Processing file /home/paulet/airflow/dag/dags.py for tasks to queue
[2024-02-01T09:49:32.746+0300] {logging_mixin.py:188} INFO - [2024-02-01T09:49:32.746+0300] {dagbag.py:538} INFO - Filling up the DagBag from /home/paulet/airflow/dag/dags.py
[2024-02-01T09:49:32.758+0300] {processor.py:842} WARNING - No viable dags retrieved from /home/paulet/airflow/dag/dags.py
[2024-02-01T09:49:32.772+0300] {processor.py:183} INFO - Processing /home/paulet/airflow/dag/dags.py took 0.073 seconds
[2024-02-01T09:50:02.941+0300] {processor.py:161} INFO - Started process (PID=9389) to work on /home/paulet/airflow/dag/dags.py
[2024-02-01T09:50:02.943+0300] {processor.py:830} INFO - Processing file /home/paulet/airflow/dag/dags.py for tasks to queue
[2024-02-01T09:50:02.944+0300] {logging_mixin.py:188} INFO - [2024-02-01T09:50:02.944+0300] {dagbag.py:538} INFO - Filling up the DagBag from /home/paulet/airflow/dag/dags.py
[2024-02-01T09:50:02.957+0300] {processor.py:842} WARNING - No viable dags retrieved from /home/paulet/airflow/dag/dags.py
[2024-02-01T09:50:02.970+0300] {processor.py:183} INFO - Processing /home/paulet/airflow/dag/dags.py took 0.033 seconds
[2024-02-01T09:50:33.209+0300] {processor.py:161} INFO - Started process (PID=9401) to work on /home/paulet/airflow/dag/dags.py
[2024-02-01T09:50:33.220+0300] {processor.py:830} INFO - Processing file /home/paulet/airflow/dag/dags.py for tasks to queue
[2024-02-01T09:50:33.222+0300] {logging_mixin.py:188} INFO - [2024-02-01T09:50:33.221+0300] {dagbag.py:538} INFO - Filling up the DagBag from /home/paulet/airflow/dag/dags.py
[2024-02-01T09:50:33.234+0300] {processor.py:842} WARNING - No viable dags retrieved from /home/paulet/airflow/dag/dags.py
[2024-02-01T09:50:33.248+0300] {processor.py:183} INFO - Processing /home/paulet/airflow/dag/dags.py took 0.043 seconds
[2024-02-01T09:51:03.691+0300] {processor.py:161} INFO - Started process (PID=9404) to work on /home/paulet/airflow/dag/dags.py
[2024-02-01T09:51:03.693+0300] {processor.py:830} INFO - Processing file /home/paulet/airflow/dag/dags.py for tasks to queue
[2024-02-01T09:51:03.694+0300] {logging_mixin.py:188} INFO - [2024-02-01T09:51:03.693+0300] {dagbag.py:538} INFO - Filling up the DagBag from /home/paulet/airflow/dag/dags.py
[2024-02-01T09:51:03.707+0300] {processor.py:842} WARNING - No viable dags retrieved from /home/paulet/airflow/dag/dags.py
[2024-02-01T09:51:03.720+0300] {processor.py:183} INFO - Processing /home/paulet/airflow/dag/dags.py took 0.033 seconds
[2024-02-01T09:51:34.065+0300] {processor.py:161} INFO - Started process (PID=9417) to work on /home/paulet/airflow/dag/dags.py
[2024-02-01T09:51:34.094+0300] {processor.py:830} INFO - Processing file /home/paulet/airflow/dag/dags.py for tasks to queue
[2024-02-01T09:51:34.096+0300] {logging_mixin.py:188} INFO - [2024-02-01T09:51:34.095+0300] {dagbag.py:538} INFO - Filling up the DagBag from /home/paulet/airflow/dag/dags.py
[2024-02-01T09:51:34.109+0300] {processor.py:842} WARNING - No viable dags retrieved from /home/paulet/airflow/dag/dags.py
[2024-02-01T09:51:34.124+0300] {processor.py:183} INFO - Processing /home/paulet/airflow/dag/dags.py took 0.064 seconds
[2024-02-01T09:52:04.309+0300] {processor.py:161} INFO - Started process (PID=9418) to work on /home/paulet/airflow/dag/dags.py
[2024-02-01T09:52:04.310+0300] {processor.py:830} INFO - Processing file /home/paulet/airflow/dag/dags.py for tasks to queue
[2024-02-01T09:52:04.311+0300] {logging_mixin.py:188} INFO - [2024-02-01T09:52:04.311+0300] {dagbag.py:538} INFO - Filling up the DagBag from /home/paulet/airflow/dag/dags.py
[2024-02-01T09:52:04.323+0300] {processor.py:842} WARNING - No viable dags retrieved from /home/paulet/airflow/dag/dags.py
[2024-02-01T09:52:04.335+0300] {processor.py:183} INFO - Processing /home/paulet/airflow/dag/dags.py took 0.031 seconds
[2024-02-01T09:52:34.586+0300] {processor.py:161} INFO - Started process (PID=9469) to work on /home/paulet/airflow/dag/dags.py
[2024-02-01T09:52:34.622+0300] {processor.py:830} INFO - Processing file /home/paulet/airflow/dag/dags.py for tasks to queue
[2024-02-01T09:52:34.624+0300] {logging_mixin.py:188} INFO - [2024-02-01T09:52:34.623+0300] {dagbag.py:538} INFO - Filling up the DagBag from /home/paulet/airflow/dag/dags.py
[2024-02-01T09:52:34.637+0300] {processor.py:842} WARNING - No viable dags retrieved from /home/paulet/airflow/dag/dags.py
[2024-02-01T09:52:34.652+0300] {processor.py:183} INFO - Processing /home/paulet/airflow/dag/dags.py took 0.071 seconds
[2024-02-01T09:53:04.825+0300] {processor.py:161} INFO - Started process (PID=9471) to work on /home/paulet/airflow/dag/dags.py
[2024-02-01T09:53:04.826+0300] {processor.py:830} INFO - Processing file /home/paulet/airflow/dag/dags.py for tasks to queue
[2024-02-01T09:53:04.828+0300] {logging_mixin.py:188} INFO - [2024-02-01T09:53:04.827+0300] {dagbag.py:538} INFO - Filling up the DagBag from /home/paulet/airflow/dag/dags.py
[2024-02-01T09:53:04.840+0300] {processor.py:842} WARNING - No viable dags retrieved from /home/paulet/airflow/dag/dags.py
[2024-02-01T09:53:04.853+0300] {processor.py:183} INFO - Processing /home/paulet/airflow/dag/dags.py took 0.032 seconds
[2024-02-01T09:53:35.086+0300] {processor.py:161} INFO - Started process (PID=9510) to work on /home/paulet/airflow/dag/dags.py
[2024-02-01T09:53:35.119+0300] {processor.py:830} INFO - Processing file /home/paulet/airflow/dag/dags.py for tasks to queue
[2024-02-01T09:53:35.121+0300] {logging_mixin.py:188} INFO - [2024-02-01T09:53:35.120+0300] {dagbag.py:538} INFO - Filling up the DagBag from /home/paulet/airflow/dag/dags.py
[2024-02-01T09:53:35.130+0300] {processor.py:842} WARNING - No viable dags retrieved from /home/paulet/airflow/dag/dags.py
[2024-02-01T09:53:35.141+0300] {processor.py:183} INFO - Processing /home/paulet/airflow/dag/dags.py took 0.060 seconds
[2024-02-01T09:54:05.200+0300] {processor.py:161} INFO - Started process (PID=9825) to work on /home/paulet/airflow/dag/dags.py
[2024-02-01T09:54:05.263+0300] {processor.py:830} INFO - Processing file /home/paulet/airflow/dag/dags.py for tasks to queue
[2024-02-01T09:54:05.265+0300] {logging_mixin.py:188} INFO - [2024-02-01T09:54:05.264+0300] {dagbag.py:538} INFO - Filling up the DagBag from /home/paulet/airflow/dag/dags.py
[2024-02-01T09:54:05.280+0300] {processor.py:842} WARNING - No viable dags retrieved from /home/paulet/airflow/dag/dags.py
[2024-02-01T09:54:05.295+0300] {processor.py:183} INFO - Processing /home/paulet/airflow/dag/dags.py took 0.100 seconds
[2024-02-01T09:54:36.051+0300] {processor.py:161} INFO - Started process (PID=9896) to work on /home/paulet/airflow/dag/dags.py
[2024-02-01T09:54:36.138+0300] {processor.py:830} INFO - Processing file /home/paulet/airflow/dag/dags.py for tasks to queue
[2024-02-01T09:54:36.139+0300] {logging_mixin.py:188} INFO - [2024-02-01T09:54:36.139+0300] {dagbag.py:538} INFO - Filling up the DagBag from /home/paulet/airflow/dag/dags.py
[2024-02-01T09:54:36.152+0300] {processor.py:842} WARNING - No viable dags retrieved from /home/paulet/airflow/dag/dags.py
[2024-02-01T09:54:36.166+0300] {processor.py:183} INFO - Processing /home/paulet/airflow/dag/dags.py took 0.120 seconds
[2024-02-01T09:55:06.704+0300] {processor.py:161} INFO - Started process (PID=9977) to work on /home/paulet/airflow/dag/dags.py
[2024-02-01T09:55:06.706+0300] {processor.py:830} INFO - Processing file /home/paulet/airflow/dag/dags.py for tasks to queue
[2024-02-01T09:55:06.707+0300] {logging_mixin.py:188} INFO - [2024-02-01T09:55:06.706+0300] {dagbag.py:538} INFO - Filling up the DagBag from /home/paulet/airflow/dag/dags.py
[2024-02-01T09:55:06.718+0300] {processor.py:842} WARNING - No viable dags retrieved from /home/paulet/airflow/dag/dags.py
[2024-02-01T09:55:06.731+0300] {processor.py:183} INFO - Processing /home/paulet/airflow/dag/dags.py took 0.030 seconds
[2024-02-01T09:55:37.096+0300] {processor.py:161} INFO - Started process (PID=10066) to work on /home/paulet/airflow/dag/dags.py
[2024-02-01T09:55:37.133+0300] {processor.py:830} INFO - Processing file /home/paulet/airflow/dag/dags.py for tasks to queue
[2024-02-01T09:55:37.135+0300] {logging_mixin.py:188} INFO - [2024-02-01T09:55:37.134+0300] {dagbag.py:538} INFO - Filling up the DagBag from /home/paulet/airflow/dag/dags.py
[2024-02-01T09:55:37.265+0300] {processor.py:842} WARNING - No viable dags retrieved from /home/paulet/airflow/dag/dags.py
[2024-02-01T09:55:37.586+0300] {processor.py:183} INFO - Processing /home/paulet/airflow/dag/dags.py took 0.496 seconds
[2024-02-01T09:56:10.065+0300] {processor.py:161} INFO - Started process (PID=10171) to work on /home/paulet/airflow/dag/dags.py
[2024-02-01T09:56:10.166+0300] {processor.py:830} INFO - Processing file /home/paulet/airflow/dag/dags.py for tasks to queue
[2024-02-01T09:56:10.621+0300] {logging_mixin.py:188} INFO - [2024-02-01T09:56:10.550+0300] {dagbag.py:538} INFO - Filling up the DagBag from /home/paulet/airflow/dag/dags.py
[2024-02-01T09:56:20.304+0300] {processor.py:842} WARNING - No viable dags retrieved from /home/paulet/airflow/dag/dags.py
[2024-02-01T09:56:20.791+0300] {processor.py:183} INFO - Processing /home/paulet/airflow/dag/dags.py took 11.554 seconds
[2024-02-01T09:56:51.361+0300] {processor.py:161} INFO - Started process (PID=10302) to work on /home/paulet/airflow/dag/dags.py
[2024-02-01T09:56:51.402+0300] {processor.py:830} INFO - Processing file /home/paulet/airflow/dag/dags.py for tasks to queue
[2024-02-01T09:56:51.404+0300] {logging_mixin.py:188} INFO - [2024-02-01T09:56:51.403+0300] {dagbag.py:538} INFO - Filling up the DagBag from /home/paulet/airflow/dag/dags.py
[2024-02-01T09:56:51.418+0300] {processor.py:842} WARNING - No viable dags retrieved from /home/paulet/airflow/dag/dags.py
[2024-02-01T09:56:51.432+0300] {processor.py:183} INFO - Processing /home/paulet/airflow/dag/dags.py took 0.076 seconds
[2024-02-01T09:57:21.620+0300] {processor.py:161} INFO - Started process (PID=10387) to work on /home/paulet/airflow/dag/dags.py
[2024-02-01T09:57:21.622+0300] {processor.py:830} INFO - Processing file /home/paulet/airflow/dag/dags.py for tasks to queue
[2024-02-01T09:57:21.624+0300] {logging_mixin.py:188} INFO - [2024-02-01T09:57:21.623+0300] {dagbag.py:538} INFO - Filling up the DagBag from /home/paulet/airflow/dag/dags.py
[2024-02-01T09:57:21.644+0300] {processor.py:842} WARNING - No viable dags retrieved from /home/paulet/airflow/dag/dags.py
[2024-02-01T09:57:21.656+0300] {processor.py:183} INFO - Processing /home/paulet/airflow/dag/dags.py took 0.044 seconds
[2024-02-01T09:57:51.876+0300] {processor.py:161} INFO - Started process (PID=10466) to work on /home/paulet/airflow/dag/dags.py
[2024-02-01T09:57:51.911+0300] {processor.py:830} INFO - Processing file /home/paulet/airflow/dag/dags.py for tasks to queue
[2024-02-01T09:57:51.914+0300] {logging_mixin.py:188} INFO - [2024-02-01T09:57:51.913+0300] {dagbag.py:538} INFO - Filling up the DagBag from /home/paulet/airflow/dag/dags.py
[2024-02-01T09:57:51.926+0300] {processor.py:842} WARNING - No viable dags retrieved from /home/paulet/airflow/dag/dags.py
[2024-02-01T09:57:51.942+0300] {processor.py:183} INFO - Processing /home/paulet/airflow/dag/dags.py took 0.071 seconds
[2024-02-01T09:58:22.101+0300] {processor.py:161} INFO - Started process (PID=10564) to work on /home/paulet/airflow/dag/dags.py
[2024-02-01T09:58:22.120+0300] {processor.py:830} INFO - Processing file /home/paulet/airflow/dag/dags.py for tasks to queue
[2024-02-01T09:58:22.122+0300] {logging_mixin.py:188} INFO - [2024-02-01T09:58:22.122+0300] {dagbag.py:538} INFO - Filling up the DagBag from /home/paulet/airflow/dag/dags.py
[2024-02-01T09:58:22.134+0300] {processor.py:842} WARNING - No viable dags retrieved from /home/paulet/airflow/dag/dags.py
[2024-02-01T09:58:22.147+0300] {processor.py:183} INFO - Processing /home/paulet/airflow/dag/dags.py took 0.053 seconds
[2024-02-01T09:58:52.320+0300] {processor.py:161} INFO - Started process (PID=10707) to work on /home/paulet/airflow/dag/dags.py
[2024-02-01T09:58:52.458+0300] {processor.py:830} INFO - Processing file /home/paulet/airflow/dag/dags.py for tasks to queue
[2024-02-01T09:58:52.460+0300] {logging_mixin.py:188} INFO - [2024-02-01T09:58:52.459+0300] {dagbag.py:538} INFO - Filling up the DagBag from /home/paulet/airflow/dag/dags.py
[2024-02-01T09:58:52.480+0300] {processor.py:842} WARNING - No viable dags retrieved from /home/paulet/airflow/dag/dags.py
[2024-02-01T09:58:52.502+0300] {processor.py:183} INFO - Processing /home/paulet/airflow/dag/dags.py took 0.189 seconds
[2024-02-01T09:59:22.980+0300] {processor.py:161} INFO - Started process (PID=10854) to work on /home/paulet/airflow/dag/dags.py
[2024-02-01T09:59:23.011+0300] {processor.py:830} INFO - Processing file /home/paulet/airflow/dag/dags.py for tasks to queue
[2024-02-01T09:59:23.012+0300] {logging_mixin.py:188} INFO - [2024-02-01T09:59:23.012+0300] {dagbag.py:538} INFO - Filling up the DagBag from /home/paulet/airflow/dag/dags.py
[2024-02-01T09:59:23.022+0300] {processor.py:842} WARNING - No viable dags retrieved from /home/paulet/airflow/dag/dags.py
[2024-02-01T09:59:23.033+0300] {processor.py:183} INFO - Processing /home/paulet/airflow/dag/dags.py took 0.056 seconds
[2024-02-01T09:59:53.232+0300] {processor.py:161} INFO - Started process (PID=10944) to work on /home/paulet/airflow/dag/dags.py
[2024-02-01T09:59:53.234+0300] {processor.py:830} INFO - Processing file /home/paulet/airflow/dag/dags.py for tasks to queue
[2024-02-01T09:59:53.235+0300] {logging_mixin.py:188} INFO - [2024-02-01T09:59:53.235+0300] {dagbag.py:538} INFO - Filling up the DagBag from /home/paulet/airflow/dag/dags.py
[2024-02-01T09:59:53.254+0300] {processor.py:842} WARNING - No viable dags retrieved from /home/paulet/airflow/dag/dags.py
[2024-02-01T09:59:53.272+0300] {processor.py:183} INFO - Processing /home/paulet/airflow/dag/dags.py took 0.046 seconds
[2024-02-01T10:00:23.437+0300] {processor.py:161} INFO - Started process (PID=11044) to work on /home/paulet/airflow/dag/dags.py
[2024-02-01T10:00:23.476+0300] {processor.py:830} INFO - Processing file /home/paulet/airflow/dag/dags.py for tasks to queue
[2024-02-01T10:00:23.477+0300] {logging_mixin.py:188} INFO - [2024-02-01T10:00:23.476+0300] {dagbag.py:538} INFO - Filling up the DagBag from /home/paulet/airflow/dag/dags.py
[2024-02-01T10:00:23.489+0300] {processor.py:842} WARNING - No viable dags retrieved from /home/paulet/airflow/dag/dags.py
[2024-02-01T10:00:23.504+0300] {processor.py:183} INFO - Processing /home/paulet/airflow/dag/dags.py took 0.072 seconds
[2024-02-01T10:00:53.678+0300] {processor.py:161} INFO - Started process (PID=11095) to work on /home/paulet/airflow/dag/dags.py
[2024-02-01T10:00:53.719+0300] {processor.py:830} INFO - Processing file /home/paulet/airflow/dag/dags.py for tasks to queue
[2024-02-01T10:00:53.721+0300] {logging_mixin.py:188} INFO - [2024-02-01T10:00:53.720+0300] {dagbag.py:538} INFO - Filling up the DagBag from /home/paulet/airflow/dag/dags.py
[2024-02-01T10:00:53.745+0300] {processor.py:842} WARNING - No viable dags retrieved from /home/paulet/airflow/dag/dags.py
[2024-02-01T10:00:53.763+0300] {processor.py:183} INFO - Processing /home/paulet/airflow/dag/dags.py took 0.090 seconds
[2024-02-01T10:01:23.997+0300] {processor.py:161} INFO - Started process (PID=11222) to work on /home/paulet/airflow/dag/dags.py
[2024-02-01T10:01:24.057+0300] {processor.py:830} INFO - Processing file /home/paulet/airflow/dag/dags.py for tasks to queue
[2024-02-01T10:01:24.059+0300] {logging_mixin.py:188} INFO - [2024-02-01T10:01:24.058+0300] {dagbag.py:538} INFO - Filling up the DagBag from /home/paulet/airflow/dag/dags.py
[2024-02-01T10:01:24.085+0300] {processor.py:842} WARNING - No viable dags retrieved from /home/paulet/airflow/dag/dags.py
[2024-02-01T10:01:24.103+0300] {processor.py:183} INFO - Processing /home/paulet/airflow/dag/dags.py took 0.112 seconds
[2024-02-01T10:01:54.292+0300] {processor.py:161} INFO - Started process (PID=11264) to work on /home/paulet/airflow/dag/dags.py
[2024-02-01T10:01:54.294+0300] {processor.py:830} INFO - Processing file /home/paulet/airflow/dag/dags.py for tasks to queue
[2024-02-01T10:01:54.295+0300] {logging_mixin.py:188} INFO - [2024-02-01T10:01:54.294+0300] {dagbag.py:538} INFO - Filling up the DagBag from /home/paulet/airflow/dag/dags.py
[2024-02-01T10:01:54.307+0300] {processor.py:842} WARNING - No viable dags retrieved from /home/paulet/airflow/dag/dags.py
[2024-02-01T10:01:54.319+0300] {processor.py:183} INFO - Processing /home/paulet/airflow/dag/dags.py took 0.031 seconds
[2024-02-01T10:02:24.564+0300] {processor.py:161} INFO - Started process (PID=11332) to work on /home/paulet/airflow/dag/dags.py
[2024-02-01T10:02:24.594+0300] {processor.py:830} INFO - Processing file /home/paulet/airflow/dag/dags.py for tasks to queue
[2024-02-01T10:02:24.595+0300] {logging_mixin.py:188} INFO - [2024-02-01T10:02:24.595+0300] {dagbag.py:538} INFO - Filling up the DagBag from /home/paulet/airflow/dag/dags.py
[2024-02-01T10:02:24.608+0300] {processor.py:842} WARNING - No viable dags retrieved from /home/paulet/airflow/dag/dags.py
[2024-02-01T10:02:24.622+0300] {processor.py:183} INFO - Processing /home/paulet/airflow/dag/dags.py took 0.062 seconds
[2024-02-01T10:02:54.688+0300] {processor.py:161} INFO - Started process (PID=11376) to work on /home/paulet/airflow/dag/dags.py
[2024-02-01T10:02:54.726+0300] {processor.py:830} INFO - Processing file /home/paulet/airflow/dag/dags.py for tasks to queue
[2024-02-01T10:02:54.727+0300] {logging_mixin.py:188} INFO - [2024-02-01T10:02:54.727+0300] {dagbag.py:538} INFO - Filling up the DagBag from /home/paulet/airflow/dag/dags.py
[2024-02-01T10:02:54.740+0300] {processor.py:842} WARNING - No viable dags retrieved from /home/paulet/airflow/dag/dags.py
[2024-02-01T10:02:54.756+0300] {processor.py:183} INFO - Processing /home/paulet/airflow/dag/dags.py took 0.072 seconds
[2024-02-01T10:03:24.815+0300] {processor.py:161} INFO - Started process (PID=11440) to work on /home/paulet/airflow/dag/dags.py
[2024-02-01T10:03:24.817+0300] {processor.py:830} INFO - Processing file /home/paulet/airflow/dag/dags.py for tasks to queue
[2024-02-01T10:03:24.819+0300] {logging_mixin.py:188} INFO - [2024-02-01T10:03:24.818+0300] {dagbag.py:538} INFO - Filling up the DagBag from /home/paulet/airflow/dag/dags.py
[2024-02-01T10:03:24.833+0300] {processor.py:842} WARNING - No viable dags retrieved from /home/paulet/airflow/dag/dags.py
[2024-02-01T10:03:24.872+0300] {processor.py:183} INFO - Processing /home/paulet/airflow/dag/dags.py took 0.062 seconds
[2024-02-01T10:03:55.036+0300] {processor.py:161} INFO - Started process (PID=11529) to work on /home/paulet/airflow/dag/dags.py
[2024-02-01T10:03:55.047+0300] {processor.py:830} INFO - Processing file /home/paulet/airflow/dag/dags.py for tasks to queue
[2024-02-01T10:03:55.048+0300] {logging_mixin.py:188} INFO - [2024-02-01T10:03:55.048+0300] {dagbag.py:538} INFO - Filling up the DagBag from /home/paulet/airflow/dag/dags.py
[2024-02-01T10:03:55.061+0300] {processor.py:842} WARNING - No viable dags retrieved from /home/paulet/airflow/dag/dags.py
[2024-02-01T10:03:55.074+0300] {processor.py:183} INFO - Processing /home/paulet/airflow/dag/dags.py took 0.043 seconds
[2024-02-01T10:04:25.384+0300] {processor.py:161} INFO - Started process (PID=11583) to work on /home/paulet/airflow/dag/dags.py
[2024-02-01T10:04:25.423+0300] {processor.py:830} INFO - Processing file /home/paulet/airflow/dag/dags.py for tasks to queue
[2024-02-01T10:04:25.425+0300] {logging_mixin.py:188} INFO - [2024-02-01T10:04:25.424+0300] {dagbag.py:538} INFO - Filling up the DagBag from /home/paulet/airflow/dag/dags.py
[2024-02-01T10:04:25.442+0300] {processor.py:842} WARNING - No viable dags retrieved from /home/paulet/airflow/dag/dags.py
[2024-02-01T10:04:25.458+0300] {processor.py:183} INFO - Processing /home/paulet/airflow/dag/dags.py took 0.081 seconds
[2024-02-01T10:04:55.625+0300] {processor.py:161} INFO - Started process (PID=11642) to work on /home/paulet/airflow/dag/dags.py
[2024-02-01T10:04:55.627+0300] {processor.py:830} INFO - Processing file /home/paulet/airflow/dag/dags.py for tasks to queue
[2024-02-01T10:04:55.629+0300] {logging_mixin.py:188} INFO - [2024-02-01T10:04:55.629+0300] {dagbag.py:538} INFO - Filling up the DagBag from /home/paulet/airflow/dag/dags.py
[2024-02-01T10:04:55.685+0300] {processor.py:842} WARNING - No viable dags retrieved from /home/paulet/airflow/dag/dags.py
[2024-02-01T10:04:55.699+0300] {processor.py:183} INFO - Processing /home/paulet/airflow/dag/dags.py took 0.079 seconds
[2024-02-01T10:05:25.887+0300] {processor.py:161} INFO - Started process (PID=11682) to work on /home/paulet/airflow/dag/dags.py
[2024-02-01T10:05:25.888+0300] {processor.py:830} INFO - Processing file /home/paulet/airflow/dag/dags.py for tasks to queue
[2024-02-01T10:05:25.890+0300] {logging_mixin.py:188} INFO - [2024-02-01T10:05:25.889+0300] {dagbag.py:538} INFO - Filling up the DagBag from /home/paulet/airflow/dag/dags.py
[2024-02-01T10:05:25.904+0300] {processor.py:842} WARNING - No viable dags retrieved from /home/paulet/airflow/dag/dags.py
[2024-02-01T10:05:25.919+0300] {processor.py:183} INFO - Processing /home/paulet/airflow/dag/dags.py took 0.038 seconds
[2024-02-01T10:05:56.136+0300] {processor.py:161} INFO - Started process (PID=11718) to work on /home/paulet/airflow/dag/dags.py
[2024-02-01T10:05:56.168+0300] {processor.py:830} INFO - Processing file /home/paulet/airflow/dag/dags.py for tasks to queue
[2024-02-01T10:05:56.170+0300] {logging_mixin.py:188} INFO - [2024-02-01T10:05:56.169+0300] {dagbag.py:538} INFO - Filling up the DagBag from /home/paulet/airflow/dag/dags.py
[2024-02-01T10:05:56.182+0300] {processor.py:842} WARNING - No viable dags retrieved from /home/paulet/airflow/dag/dags.py
[2024-02-01T10:05:56.224+0300] {processor.py:183} INFO - Processing /home/paulet/airflow/dag/dags.py took 0.093 seconds
[2024-02-01T10:06:26.376+0300] {processor.py:161} INFO - Started process (PID=11730) to work on /home/paulet/airflow/dag/dags.py
[2024-02-01T10:06:26.378+0300] {processor.py:830} INFO - Processing file /home/paulet/airflow/dag/dags.py for tasks to queue
[2024-02-01T10:06:26.379+0300] {logging_mixin.py:188} INFO - [2024-02-01T10:06:26.378+0300] {dagbag.py:538} INFO - Filling up the DagBag from /home/paulet/airflow/dag/dags.py
[2024-02-01T10:06:26.391+0300] {processor.py:842} WARNING - No viable dags retrieved from /home/paulet/airflow/dag/dags.py
[2024-02-01T10:06:26.402+0300] {processor.py:183} INFO - Processing /home/paulet/airflow/dag/dags.py took 0.031 seconds
[2024-02-01T10:06:56.639+0300] {processor.py:161} INFO - Started process (PID=11763) to work on /home/paulet/airflow/dag/dags.py
[2024-02-01T10:06:56.666+0300] {processor.py:830} INFO - Processing file /home/paulet/airflow/dag/dags.py for tasks to queue
[2024-02-01T10:06:56.667+0300] {logging_mixin.py:188} INFO - [2024-02-01T10:06:56.667+0300] {dagbag.py:538} INFO - Filling up the DagBag from /home/paulet/airflow/dag/dags.py
[2024-02-01T10:06:56.680+0300] {processor.py:842} WARNING - No viable dags retrieved from /home/paulet/airflow/dag/dags.py
[2024-02-01T10:06:56.695+0300] {processor.py:183} INFO - Processing /home/paulet/airflow/dag/dags.py took 0.060 seconds
[2024-02-01T10:07:27.026+0300] {processor.py:161} INFO - Started process (PID=11934) to work on /home/paulet/airflow/dag/dags.py
[2024-02-01T10:07:27.064+0300] {processor.py:830} INFO - Processing file /home/paulet/airflow/dag/dags.py for tasks to queue
[2024-02-01T10:07:27.066+0300] {logging_mixin.py:188} INFO - [2024-02-01T10:07:27.065+0300] {dagbag.py:538} INFO - Filling up the DagBag from /home/paulet/airflow/dag/dags.py
[2024-02-01T10:07:27.079+0300] {processor.py:842} WARNING - No viable dags retrieved from /home/paulet/airflow/dag/dags.py
[2024-02-01T10:07:27.094+0300] {processor.py:183} INFO - Processing /home/paulet/airflow/dag/dags.py took 0.073 seconds
[2024-02-01T10:07:57.235+0300] {processor.py:161} INFO - Started process (PID=12033) to work on /home/paulet/airflow/dag/dags.py
[2024-02-01T10:07:57.314+0300] {processor.py:830} INFO - Processing file /home/paulet/airflow/dag/dags.py for tasks to queue
[2024-02-01T10:07:57.316+0300] {logging_mixin.py:188} INFO - [2024-02-01T10:07:57.315+0300] {dagbag.py:538} INFO - Filling up the DagBag from /home/paulet/airflow/dag/dags.py
[2024-02-01T10:07:57.334+0300] {processor.py:842} WARNING - No viable dags retrieved from /home/paulet/airflow/dag/dags.py
[2024-02-01T10:07:57.351+0300] {processor.py:183} INFO - Processing /home/paulet/airflow/dag/dags.py took 0.121 seconds
[2024-02-01T10:08:27.560+0300] {processor.py:161} INFO - Started process (PID=12149) to work on /home/paulet/airflow/dag/dags.py
[2024-02-01T10:08:27.635+0300] {processor.py:830} INFO - Processing file /home/paulet/airflow/dag/dags.py for tasks to queue
[2024-02-01T10:08:27.637+0300] {logging_mixin.py:188} INFO - [2024-02-01T10:08:27.636+0300] {dagbag.py:538} INFO - Filling up the DagBag from /home/paulet/airflow/dag/dags.py
[2024-02-01T10:08:27.650+0300] {processor.py:842} WARNING - No viable dags retrieved from /home/paulet/airflow/dag/dags.py
[2024-02-01T10:08:27.666+0300] {processor.py:183} INFO - Processing /home/paulet/airflow/dag/dags.py took 0.112 seconds
[2024-02-01T10:09:02.992+0300] {processor.py:161} INFO - Started process (PID=12378) to work on /home/paulet/airflow/dag/dags.py
[2024-02-01T10:09:03.004+0300] {processor.py:830} INFO - Processing file /home/paulet/airflow/dag/dags.py for tasks to queue
[2024-02-01T10:09:03.006+0300] {logging_mixin.py:188} INFO - [2024-02-01T10:09:03.005+0300] {dagbag.py:538} INFO - Filling up the DagBag from /home/paulet/airflow/dag/dags.py
[2024-02-01T10:09:03.021+0300] {processor.py:842} WARNING - No viable dags retrieved from /home/paulet/airflow/dag/dags.py
[2024-02-01T10:09:03.268+0300] {processor.py:183} INFO - Processing /home/paulet/airflow/dag/dags.py took 0.282 seconds
[2024-02-01T10:09:33.616+0300] {processor.py:161} INFO - Started process (PID=12645) to work on /home/paulet/airflow/dag/dags.py
[2024-02-01T10:09:33.618+0300] {processor.py:830} INFO - Processing file /home/paulet/airflow/dag/dags.py for tasks to queue
[2024-02-01T10:09:33.619+0300] {logging_mixin.py:188} INFO - [2024-02-01T10:09:33.618+0300] {dagbag.py:538} INFO - Filling up the DagBag from /home/paulet/airflow/dag/dags.py
[2024-02-01T10:09:33.632+0300] {processor.py:842} WARNING - No viable dags retrieved from /home/paulet/airflow/dag/dags.py
[2024-02-01T10:09:33.648+0300] {processor.py:183} INFO - Processing /home/paulet/airflow/dag/dags.py took 0.037 seconds
[2024-02-01T10:12:56.050+0300] {processor.py:161} INFO - Started process (PID=13425) to work on /home/paulet/airflow/dag/dags.py
[2024-02-01T10:12:56.061+0300] {processor.py:830} INFO - Processing file /home/paulet/airflow/dag/dags.py for tasks to queue
[2024-02-01T10:12:56.062+0300] {logging_mixin.py:188} INFO - [2024-02-01T10:12:56.062+0300] {dagbag.py:538} INFO - Filling up the DagBag from /home/paulet/airflow/dag/dags.py
[2024-02-01T10:12:56.073+0300] {processor.py:842} WARNING - No viable dags retrieved from /home/paulet/airflow/dag/dags.py
[2024-02-01T10:12:56.085+0300] {processor.py:183} INFO - Processing /home/paulet/airflow/dag/dags.py took 0.039 seconds
[2024-02-01T10:13:27.181+0300] {processor.py:161} INFO - Started process (PID=13486) to work on /home/paulet/airflow/dag/dags.py
[2024-02-01T10:13:27.182+0300] {processor.py:830} INFO - Processing file /home/paulet/airflow/dag/dags.py for tasks to queue
[2024-02-01T10:13:27.183+0300] {logging_mixin.py:188} INFO - [2024-02-01T10:13:27.183+0300] {dagbag.py:538} INFO - Filling up the DagBag from /home/paulet/airflow/dag/dags.py
[2024-02-01T10:13:27.198+0300] {processor.py:842} WARNING - No viable dags retrieved from /home/paulet/airflow/dag/dags.py
[2024-02-01T10:13:27.211+0300] {processor.py:183} INFO - Processing /home/paulet/airflow/dag/dags.py took 0.035 seconds
[2024-02-01T10:13:57.408+0300] {processor.py:161} INFO - Started process (PID=13503) to work on /home/paulet/airflow/dag/dags.py
[2024-02-01T10:13:57.430+0300] {processor.py:830} INFO - Processing file /home/paulet/airflow/dag/dags.py for tasks to queue
[2024-02-01T10:13:57.431+0300] {logging_mixin.py:188} INFO - [2024-02-01T10:13:57.431+0300] {dagbag.py:538} INFO - Filling up the DagBag from /home/paulet/airflow/dag/dags.py
[2024-02-01T10:13:57.442+0300] {processor.py:842} WARNING - No viable dags retrieved from /home/paulet/airflow/dag/dags.py
[2024-02-01T10:13:57.455+0300] {processor.py:183} INFO - Processing /home/paulet/airflow/dag/dags.py took 0.052 seconds
[2024-02-01T10:18:14.212+0300] {processor.py:161} INFO - Started process (PID=14025) to work on /home/paulet/airflow/dag/dags.py
[2024-02-01T10:18:14.243+0300] {processor.py:830} INFO - Processing file /home/paulet/airflow/dag/dags.py for tasks to queue
[2024-02-01T10:18:14.245+0300] {logging_mixin.py:188} INFO - [2024-02-01T10:18:14.244+0300] {dagbag.py:538} INFO - Filling up the DagBag from /home/paulet/airflow/dag/dags.py
[2024-02-01T10:18:14.255+0300] {processor.py:842} WARNING - No viable dags retrieved from /home/paulet/airflow/dag/dags.py
[2024-02-01T10:18:14.269+0300] {processor.py:183} INFO - Processing /home/paulet/airflow/dag/dags.py took 0.062 seconds
[2024-02-01T10:26:41.514+0300] {processor.py:161} INFO - Started process (PID=14875) to work on /home/paulet/airflow/dag/dags.py
[2024-02-01T10:26:41.549+0300] {processor.py:830} INFO - Processing file /home/paulet/airflow/dag/dags.py for tasks to queue
[2024-02-01T10:26:41.550+0300] {logging_mixin.py:188} INFO - [2024-02-01T10:26:41.550+0300] {dagbag.py:538} INFO - Filling up the DagBag from /home/paulet/airflow/dag/dags.py
[2024-02-01T10:26:41.564+0300] {processor.py:842} WARNING - No viable dags retrieved from /home/paulet/airflow/dag/dags.py
[2024-02-01T10:26:41.580+0300] {processor.py:183} INFO - Processing /home/paulet/airflow/dag/dags.py took 0.072 seconds
[2024-02-01T10:27:11.704+0300] {processor.py:161} INFO - Started process (PID=14923) to work on /home/paulet/airflow/dag/dags.py
[2024-02-01T10:27:11.705+0300] {processor.py:830} INFO - Processing file /home/paulet/airflow/dag/dags.py for tasks to queue
[2024-02-01T10:27:11.706+0300] {logging_mixin.py:188} INFO - [2024-02-01T10:27:11.706+0300] {dagbag.py:538} INFO - Filling up the DagBag from /home/paulet/airflow/dag/dags.py
[2024-02-01T10:27:11.719+0300] {processor.py:842} WARNING - No viable dags retrieved from /home/paulet/airflow/dag/dags.py
[2024-02-01T10:27:11.731+0300] {processor.py:183} INFO - Processing /home/paulet/airflow/dag/dags.py took 0.031 seconds
[2024-02-01T10:27:42.031+0300] {processor.py:161} INFO - Started process (PID=15048) to work on /home/paulet/airflow/dag/dags.py
[2024-02-01T10:27:42.069+0300] {processor.py:830} INFO - Processing file /home/paulet/airflow/dag/dags.py for tasks to queue
[2024-02-01T10:27:42.070+0300] {logging_mixin.py:188} INFO - [2024-02-01T10:27:42.070+0300] {dagbag.py:538} INFO - Filling up the DagBag from /home/paulet/airflow/dag/dags.py
[2024-02-01T10:27:42.081+0300] {processor.py:842} WARNING - No viable dags retrieved from /home/paulet/airflow/dag/dags.py
[2024-02-01T10:27:42.095+0300] {processor.py:183} INFO - Processing /home/paulet/airflow/dag/dags.py took 0.068 seconds
[2024-02-01T10:28:12.384+0300] {processor.py:161} INFO - Started process (PID=15050) to work on /home/paulet/airflow/dag/dags.py
[2024-02-01T10:28:12.386+0300] {processor.py:830} INFO - Processing file /home/paulet/airflow/dag/dags.py for tasks to queue
[2024-02-01T10:28:12.387+0300] {logging_mixin.py:188} INFO - [2024-02-01T10:28:12.386+0300] {dagbag.py:538} INFO - Filling up the DagBag from /home/paulet/airflow/dag/dags.py
[2024-02-01T10:28:12.398+0300] {processor.py:842} WARNING - No viable dags retrieved from /home/paulet/airflow/dag/dags.py
[2024-02-01T10:28:12.410+0300] {processor.py:183} INFO - Processing /home/paulet/airflow/dag/dags.py took 0.030 seconds
[2024-02-01T10:28:42.745+0300] {processor.py:161} INFO - Started process (PID=15104) to work on /home/paulet/airflow/dag/dags.py
[2024-02-01T10:28:42.773+0300] {processor.py:830} INFO - Processing file /home/paulet/airflow/dag/dags.py for tasks to queue
[2024-02-01T10:28:42.775+0300] {logging_mixin.py:188} INFO - [2024-02-01T10:28:42.774+0300] {dagbag.py:538} INFO - Filling up the DagBag from /home/paulet/airflow/dag/dags.py
[2024-02-01T10:28:42.788+0300] {processor.py:842} WARNING - No viable dags retrieved from /home/paulet/airflow/dag/dags.py
[2024-02-01T10:28:42.804+0300] {processor.py:183} INFO - Processing /home/paulet/airflow/dag/dags.py took 0.064 seconds
[2024-02-01T10:29:13.069+0300] {processor.py:161} INFO - Started process (PID=15136) to work on /home/paulet/airflow/dag/dags.py
[2024-02-01T10:29:13.070+0300] {processor.py:830} INFO - Processing file /home/paulet/airflow/dag/dags.py for tasks to queue
[2024-02-01T10:29:13.071+0300] {logging_mixin.py:188} INFO - [2024-02-01T10:29:13.071+0300] {dagbag.py:538} INFO - Filling up the DagBag from /home/paulet/airflow/dag/dags.py
[2024-02-01T10:29:13.085+0300] {processor.py:842} WARNING - No viable dags retrieved from /home/paulet/airflow/dag/dags.py
[2024-02-01T10:29:13.098+0300] {processor.py:183} INFO - Processing /home/paulet/airflow/dag/dags.py took 0.034 seconds
[2024-02-01T10:29:43.415+0300] {processor.py:161} INFO - Started process (PID=15175) to work on /home/paulet/airflow/dag/dags.py
[2024-02-01T10:29:43.459+0300] {processor.py:830} INFO - Processing file /home/paulet/airflow/dag/dags.py for tasks to queue
[2024-02-01T10:29:43.461+0300] {logging_mixin.py:188} INFO - [2024-02-01T10:29:43.460+0300] {dagbag.py:538} INFO - Filling up the DagBag from /home/paulet/airflow/dag/dags.py
[2024-02-01T10:29:43.472+0300] {processor.py:842} WARNING - No viable dags retrieved from /home/paulet/airflow/dag/dags.py
[2024-02-01T10:29:43.486+0300] {processor.py:183} INFO - Processing /home/paulet/airflow/dag/dags.py took 0.075 seconds
[2024-02-01T10:30:13.569+0300] {processor.py:161} INFO - Started process (PID=15182) to work on /home/paulet/airflow/dag/dags.py
[2024-02-01T10:30:13.570+0300] {processor.py:830} INFO - Processing file /home/paulet/airflow/dag/dags.py for tasks to queue
[2024-02-01T10:30:13.571+0300] {logging_mixin.py:188} INFO - [2024-02-01T10:30:13.571+0300] {dagbag.py:538} INFO - Filling up the DagBag from /home/paulet/airflow/dag/dags.py
[2024-02-01T10:30:13.583+0300] {processor.py:842} WARNING - No viable dags retrieved from /home/paulet/airflow/dag/dags.py
[2024-02-01T10:30:13.595+0300] {processor.py:183} INFO - Processing /home/paulet/airflow/dag/dags.py took 0.031 seconds
[2024-02-01T10:30:43.732+0300] {processor.py:161} INFO - Started process (PID=15185) to work on /home/paulet/airflow/dag/dags.py
[2024-02-01T10:30:43.733+0300] {processor.py:830} INFO - Processing file /home/paulet/airflow/dag/dags.py for tasks to queue
[2024-02-01T10:30:43.734+0300] {logging_mixin.py:188} INFO - [2024-02-01T10:30:43.734+0300] {dagbag.py:538} INFO - Filling up the DagBag from /home/paulet/airflow/dag/dags.py
[2024-02-01T10:30:43.746+0300] {processor.py:842} WARNING - No viable dags retrieved from /home/paulet/airflow/dag/dags.py
[2024-02-01T10:30:43.759+0300] {processor.py:183} INFO - Processing /home/paulet/airflow/dag/dags.py took 0.032 seconds
