[2023-10-04T18:13:56.682+0300] {taskinstance.py:1103} INFO - Dependencies all met for dep_context=non-requeueable deps ti=<TaskInstance: tutorial.templated manual__2023-10-04T15:12:57.444330+00:00 [queued]>
[2023-10-04T18:13:56.690+0300] {taskinstance.py:1103} INFO - Dependencies all met for dep_context=requeueable deps ti=<TaskInstance: tutorial.templated manual__2023-10-04T15:12:57.444330+00:00 [queued]>
[2023-10-04T18:13:56.690+0300] {taskinstance.py:1308} INFO - Starting attempt 1 of 2
[2023-10-04T18:13:57.284+0300] {taskinstance.py:1327} INFO - Executing <Task(BashOperator): templated> on 2023-10-04 15:12:57.444330+00:00
[2023-10-04T18:13:57.297+0300] {standard_task_runner.py:57} INFO - Started process 15854 to run task
[2023-10-04T18:13:57.304+0300] {standard_task_runner.py:84} INFO - Running: ['airflow', 'tasks', 'run', 'tutorial', 'templated', 'manual__2023-10-04T15:12:57.444330+00:00', '--job-id', '8', '--raw', '--subdir', '/home/paulet/anaconda3/lib/python3.10/site-packages/airflow/example_dags/tutorial.py', '--cfg-path', '/tmp/tmp76nwnd01']
[2023-10-04T18:13:57.306+0300] {standard_task_runner.py:85} INFO - Job 8: Subtask templated
[2023-10-04T18:13:57.698+0300] {task_command.py:410} INFO - Running <TaskInstance: tutorial.templated manual__2023-10-04T15:12:57.444330+00:00 [running]> on host paulet-HP-EliteBook-Folio-9470m
[2023-10-04T18:13:59.393+0300] {taskinstance.py:1545} INFO - Exporting env vars: AIRFLOW_CTX_DAG_EMAIL='airflow@example.com' AIRFLOW_CTX_DAG_OWNER='airflow' AIRFLOW_CTX_DAG_ID='tutorial' AIRFLOW_CTX_TASK_ID='templated' AIRFLOW_CTX_EXECUTION_DATE='2023-10-04T15:12:57.444330+00:00' AIRFLOW_CTX_TRY_NUMBER='1' AIRFLOW_CTX_DAG_RUN_ID='manual__2023-10-04T15:12:57.444330+00:00'
[2023-10-04T18:13:59.398+0300] {subprocess.py:63} INFO - Tmp dir root location: 
 /tmp
[2023-10-04T18:13:59.399+0300] {subprocess.py:75} INFO - Running command: ['/usr/bin/bash', '-c', '\n\n    echo "2023-10-04"\n    echo "2023-10-11"\n\n    echo "2023-10-04"\n    echo "2023-10-11"\n\n    echo "2023-10-04"\n    echo "2023-10-11"\n\n    echo "2023-10-04"\n    echo "2023-10-11"\n\n    echo "2023-10-04"\n    echo "2023-10-11"\n']
[2023-10-04T18:13:59.418+0300] {subprocess.py:86} INFO - Output:
[2023-10-04T18:13:59.419+0300] {subprocess.py:93} INFO - 2023-10-04
[2023-10-04T18:13:59.420+0300] {subprocess.py:93} INFO - 2023-10-11
[2023-10-04T18:13:59.420+0300] {subprocess.py:93} INFO - 2023-10-04
[2023-10-04T18:13:59.420+0300] {subprocess.py:93} INFO - 2023-10-11
[2023-10-04T18:13:59.421+0300] {subprocess.py:93} INFO - 2023-10-04
[2023-10-04T18:13:59.421+0300] {subprocess.py:93} INFO - 2023-10-11
[2023-10-04T18:13:59.421+0300] {subprocess.py:93} INFO - 2023-10-04
[2023-10-04T18:13:59.422+0300] {subprocess.py:93} INFO - 2023-10-11
[2023-10-04T18:13:59.422+0300] {subprocess.py:93} INFO - 2023-10-04
[2023-10-04T18:13:59.422+0300] {subprocess.py:93} INFO - 2023-10-11
[2023-10-04T18:13:59.422+0300] {subprocess.py:97} INFO - Command exited with return code 0
[2023-10-04T18:13:59.980+0300] {taskinstance.py:1345} INFO - Marking task as SUCCESS. dag_id=tutorial, task_id=templated, execution_date=20231004T151257, start_date=20231004T151356, end_date=20231004T151359
[2023-10-04T18:14:00.327+0300] {local_task_job_runner.py:225} INFO - Task exited with return code 0
[2023-10-04T18:14:00.340+0300] {taskinstance.py:2651} INFO - 0 downstream tasks scheduled from follow-on schedule check
