[2023-11-06T23:12:41.720+0300] {processor.py:157} INFO - Started process (PID=29031) to work on /home/paulet/airflow/dags/dags.py
[2023-11-06T23:12:41.763+0300] {processor.py:826} INFO - Processing file /home/paulet/airflow/dags/dags.py for tasks to queue
[2023-11-06T23:12:41.813+0300] {logging_mixin.py:149} INFO - [2023-11-06T23:12:41.801+0300] {dagbag.py:541} INFO - Filling up the DagBag from /home/paulet/airflow/dags/dags.py
[2023-11-06T23:12:42.009+0300] {processor.py:838} WARNING - No viable dags retrieved from /home/paulet/airflow/dags/dags.py
[2023-11-06T23:12:42.215+0300] {processor.py:179} INFO - Processing /home/paulet/airflow/dags/dags.py took 0.617 seconds
[2023-11-06T23:13:12.837+0300] {processor.py:157} INFO - Started process (PID=29096) to work on /home/paulet/airflow/dags/dags.py
[2023-11-06T23:13:12.838+0300] {processor.py:826} INFO - Processing file /home/paulet/airflow/dags/dags.py for tasks to queue
[2023-11-06T23:13:12.839+0300] {logging_mixin.py:149} INFO - [2023-11-06T23:13:12.839+0300] {dagbag.py:541} INFO - Filling up the DagBag from /home/paulet/airflow/dags/dags.py
[2023-11-06T23:13:12.878+0300] {processor.py:838} WARNING - No viable dags retrieved from /home/paulet/airflow/dags/dags.py
[2023-11-06T23:13:12.891+0300] {processor.py:179} INFO - Processing /home/paulet/airflow/dags/dags.py took 0.059 seconds
[2023-11-06T23:13:44.094+0300] {processor.py:157} INFO - Started process (PID=29181) to work on /home/paulet/airflow/dags/dags.py
[2023-11-06T23:13:44.155+0300] {processor.py:826} INFO - Processing file /home/paulet/airflow/dags/dags.py for tasks to queue
[2023-11-06T23:13:44.157+0300] {logging_mixin.py:149} INFO - [2023-11-06T23:13:44.156+0300] {dagbag.py:541} INFO - Filling up the DagBag from /home/paulet/airflow/dags/dags.py
[2023-11-06T23:13:44.216+0300] {processor.py:838} WARNING - No viable dags retrieved from /home/paulet/airflow/dags/dags.py
[2023-11-06T23:13:44.239+0300] {processor.py:179} INFO - Processing /home/paulet/airflow/dags/dags.py took 0.149 seconds
[2023-11-06T23:14:15.355+0300] {processor.py:157} INFO - Started process (PID=29191) to work on /home/paulet/airflow/dags/dags.py
[2023-11-06T23:14:15.356+0300] {processor.py:826} INFO - Processing file /home/paulet/airflow/dags/dags.py for tasks to queue
[2023-11-06T23:14:15.357+0300] {logging_mixin.py:149} INFO - [2023-11-06T23:14:15.357+0300] {dagbag.py:541} INFO - Filling up the DagBag from /home/paulet/airflow/dags/dags.py
[2023-11-06T23:14:15.413+0300] {processor.py:838} WARNING - No viable dags retrieved from /home/paulet/airflow/dags/dags.py
[2023-11-06T23:14:15.426+0300] {processor.py:179} INFO - Processing /home/paulet/airflow/dags/dags.py took 0.074 seconds
[2023-11-06T23:14:46.401+0300] {processor.py:157} INFO - Started process (PID=29263) to work on /home/paulet/airflow/dags/dags.py
[2023-11-06T23:14:46.434+0300] {processor.py:826} INFO - Processing file /home/paulet/airflow/dags/dags.py for tasks to queue
[2023-11-06T23:14:46.464+0300] {logging_mixin.py:149} INFO - [2023-11-06T23:14:46.434+0300] {dagbag.py:541} INFO - Filling up the DagBag from /home/paulet/airflow/dags/dags.py
[2023-11-06T23:14:46.478+0300] {processor.py:838} WARNING - No viable dags retrieved from /home/paulet/airflow/dags/dags.py
[2023-11-06T23:14:46.494+0300] {processor.py:179} INFO - Processing /home/paulet/airflow/dags/dags.py took 0.096 seconds
[2023-11-06T23:15:17.010+0300] {processor.py:157} INFO - Started process (PID=29305) to work on /home/paulet/airflow/dags/dags.py
[2023-11-06T23:15:17.102+0300] {processor.py:826} INFO - Processing file /home/paulet/airflow/dags/dags.py for tasks to queue
[2023-11-06T23:15:17.103+0300] {logging_mixin.py:149} INFO - [2023-11-06T23:15:17.103+0300] {dagbag.py:541} INFO - Filling up the DagBag from /home/paulet/airflow/dags/dags.py
[2023-11-06T23:15:17.116+0300] {processor.py:838} WARNING - No viable dags retrieved from /home/paulet/airflow/dags/dags.py
[2023-11-06T23:15:17.132+0300] {processor.py:179} INFO - Processing /home/paulet/airflow/dags/dags.py took 0.127 seconds
[2023-11-06T23:15:48.033+0300] {processor.py:157} INFO - Started process (PID=29694) to work on /home/paulet/airflow/dags/dags.py
[2023-11-06T23:15:48.164+0300] {processor.py:826} INFO - Processing file /home/paulet/airflow/dags/dags.py for tasks to queue
[2023-11-06T23:15:48.209+0300] {logging_mixin.py:149} INFO - [2023-11-06T23:15:48.196+0300] {dagbag.py:541} INFO - Filling up the DagBag from /home/paulet/airflow/dags/dags.py
[2023-11-06T23:15:48.411+0300] {processor.py:838} WARNING - No viable dags retrieved from /home/paulet/airflow/dags/dags.py
[2023-11-06T23:15:48.468+0300] {processor.py:179} INFO - Processing /home/paulet/airflow/dags/dags.py took 0.539 seconds
[2023-11-06T23:16:18.920+0300] {processor.py:157} INFO - Started process (PID=29712) to work on /home/paulet/airflow/dags/dags.py
[2023-11-06T23:16:18.980+0300] {processor.py:826} INFO - Processing file /home/paulet/airflow/dags/dags.py for tasks to queue
[2023-11-06T23:16:18.981+0300] {logging_mixin.py:149} INFO - [2023-11-06T23:16:18.981+0300] {dagbag.py:541} INFO - Filling up the DagBag from /home/paulet/airflow/dags/dags.py
[2023-11-06T23:16:19.006+0300] {processor.py:838} WARNING - No viable dags retrieved from /home/paulet/airflow/dags/dags.py
[2023-11-06T23:16:19.020+0300] {processor.py:179} INFO - Processing /home/paulet/airflow/dags/dags.py took 0.106 seconds
[2023-11-06T23:16:49.513+0300] {processor.py:157} INFO - Started process (PID=29780) to work on /home/paulet/airflow/dags/dags.py
[2023-11-06T23:16:49.514+0300] {processor.py:826} INFO - Processing file /home/paulet/airflow/dags/dags.py for tasks to queue
[2023-11-06T23:16:49.515+0300] {logging_mixin.py:149} INFO - [2023-11-06T23:16:49.515+0300] {dagbag.py:541} INFO - Filling up the DagBag from /home/paulet/airflow/dags/dags.py
[2023-11-06T23:16:49.529+0300] {processor.py:838} WARNING - No viable dags retrieved from /home/paulet/airflow/dags/dags.py
[2023-11-06T23:16:49.547+0300] {processor.py:179} INFO - Processing /home/paulet/airflow/dags/dags.py took 0.074 seconds
[2023-11-06T23:17:19.780+0300] {processor.py:157} INFO - Started process (PID=29797) to work on /home/paulet/airflow/dags/dags.py
[2023-11-06T23:17:19.851+0300] {processor.py:826} INFO - Processing file /home/paulet/airflow/dags/dags.py for tasks to queue
[2023-11-06T23:17:19.853+0300] {logging_mixin.py:149} INFO - [2023-11-06T23:17:19.852+0300] {dagbag.py:541} INFO - Filling up the DagBag from /home/paulet/airflow/dags/dags.py
[2023-11-06T23:17:19.896+0300] {processor.py:838} WARNING - No viable dags retrieved from /home/paulet/airflow/dags/dags.py
[2023-11-06T23:17:19.915+0300] {processor.py:179} INFO - Processing /home/paulet/airflow/dags/dags.py took 0.140 seconds
[2023-11-06T23:17:49.986+0300] {processor.py:157} INFO - Started process (PID=29925) to work on /home/paulet/airflow/dags/dags.py
[2023-11-06T23:17:50.011+0300] {processor.py:826} INFO - Processing file /home/paulet/airflow/dags/dags.py for tasks to queue
[2023-11-06T23:17:50.012+0300] {logging_mixin.py:149} INFO - [2023-11-06T23:17:50.012+0300] {dagbag.py:541} INFO - Filling up the DagBag from /home/paulet/airflow/dags/dags.py
[2023-11-06T23:17:50.061+0300] {processor.py:838} WARNING - No viable dags retrieved from /home/paulet/airflow/dags/dags.py
[2023-11-06T23:17:50.078+0300] {processor.py:179} INFO - Processing /home/paulet/airflow/dags/dags.py took 0.097 seconds
[2023-11-06T23:18:20.662+0300] {processor.py:157} INFO - Started process (PID=30140) to work on /home/paulet/airflow/dags/dags.py
[2023-11-06T23:18:20.691+0300] {processor.py:826} INFO - Processing file /home/paulet/airflow/dags/dags.py for tasks to queue
[2023-11-06T23:18:20.692+0300] {logging_mixin.py:149} INFO - [2023-11-06T23:18:20.691+0300] {dagbag.py:541} INFO - Filling up the DagBag from /home/paulet/airflow/dags/dags.py
[2023-11-06T23:18:20.725+0300] {processor.py:838} WARNING - No viable dags retrieved from /home/paulet/airflow/dags/dags.py
[2023-11-06T23:18:20.737+0300] {processor.py:179} INFO - Processing /home/paulet/airflow/dags/dags.py took 0.079 seconds
[2023-11-06T23:18:51.093+0300] {processor.py:157} INFO - Started process (PID=30333) to work on /home/paulet/airflow/dags/dags.py
[2023-11-06T23:18:51.128+0300] {processor.py:826} INFO - Processing file /home/paulet/airflow/dags/dags.py for tasks to queue
[2023-11-06T23:18:51.129+0300] {logging_mixin.py:149} INFO - [2023-11-06T23:18:51.129+0300] {dagbag.py:541} INFO - Filling up the DagBag from /home/paulet/airflow/dags/dags.py
[2023-11-06T23:18:51.172+0300] {processor.py:838} WARNING - No viable dags retrieved from /home/paulet/airflow/dags/dags.py
[2023-11-06T23:18:51.217+0300] {processor.py:179} INFO - Processing /home/paulet/airflow/dags/dags.py took 0.103 seconds
