[2023-10-04T18:09:14.528+0300] {processor.py:157} INFO - Started process (PID=14082) to work on /home/paulet/anaconda3/lib/python3.10/site-packages/airflow/example_dags/plugins/event_listener.py
[2023-10-04T18:09:14.529+0300] {processor.py:826} INFO - Processing file /home/paulet/anaconda3/lib/python3.10/site-packages/airflow/example_dags/plugins/event_listener.py for tasks to queue
[2023-10-04T18:09:14.530+0300] {logging_mixin.py:149} INFO - [2023-10-04T18:09:14.530+0300] {dagbag.py:541} INFO - Filling up the DagBag from /home/paulet/anaconda3/lib/python3.10/site-packages/airflow/example_dags/plugins/event_listener.py
[2023-10-04T18:09:14.532+0300] {processor.py:838} WARNING - No viable dags retrieved from /home/paulet/anaconda3/lib/python3.10/site-packages/airflow/example_dags/plugins/event_listener.py
[2023-10-04T18:09:14.545+0300] {processor.py:179} INFO - Processing /home/paulet/anaconda3/lib/python3.10/site-packages/airflow/example_dags/plugins/event_listener.py took 0.021 seconds
[2023-10-04T18:10:52.273+0300] {processor.py:157} INFO - Started process (PID=14558) to work on /home/paulet/anaconda3/lib/python3.10/site-packages/airflow/example_dags/plugins/event_listener.py
[2023-10-04T18:10:52.312+0300] {processor.py:826} INFO - Processing file /home/paulet/anaconda3/lib/python3.10/site-packages/airflow/example_dags/plugins/event_listener.py for tasks to queue
[2023-10-04T18:10:52.313+0300] {logging_mixin.py:149} INFO - [2023-10-04T18:10:52.313+0300] {dagbag.py:541} INFO - Filling up the DagBag from /home/paulet/anaconda3/lib/python3.10/site-packages/airflow/example_dags/plugins/event_listener.py
[2023-10-04T18:10:52.316+0300] {processor.py:838} WARNING - No viable dags retrieved from /home/paulet/anaconda3/lib/python3.10/site-packages/airflow/example_dags/plugins/event_listener.py
[2023-10-04T18:10:52.330+0300] {processor.py:179} INFO - Processing /home/paulet/anaconda3/lib/python3.10/site-packages/airflow/example_dags/plugins/event_listener.py took 0.062 seconds
[2023-10-04T18:12:05.590+0300] {processor.py:157} INFO - Started process (PID=15003) to work on /home/paulet/anaconda3/lib/python3.10/site-packages/airflow/example_dags/plugins/event_listener.py
[2023-10-04T18:12:05.628+0300] {processor.py:826} INFO - Processing file /home/paulet/anaconda3/lib/python3.10/site-packages/airflow/example_dags/plugins/event_listener.py for tasks to queue
[2023-10-04T18:12:05.629+0300] {logging_mixin.py:149} INFO - [2023-10-04T18:12:05.629+0300] {dagbag.py:541} INFO - Filling up the DagBag from /home/paulet/anaconda3/lib/python3.10/site-packages/airflow/example_dags/plugins/event_listener.py
[2023-10-04T18:12:05.632+0300] {processor.py:838} WARNING - No viable dags retrieved from /home/paulet/anaconda3/lib/python3.10/site-packages/airflow/example_dags/plugins/event_listener.py
[2023-10-04T18:12:06.481+0300] {processor.py:179} INFO - Processing /home/paulet/anaconda3/lib/python3.10/site-packages/airflow/example_dags/plugins/event_listener.py took 0.894 seconds
[2023-10-04T18:12:52.576+0300] {processor.py:157} INFO - Started process (PID=15175) to work on /home/paulet/anaconda3/lib/python3.10/site-packages/airflow/example_dags/plugins/event_listener.py
[2023-10-04T18:12:52.587+0300] {processor.py:826} INFO - Processing file /home/paulet/anaconda3/lib/python3.10/site-packages/airflow/example_dags/plugins/event_listener.py for tasks to queue
[2023-10-04T18:12:52.588+0300] {logging_mixin.py:149} INFO - [2023-10-04T18:12:52.588+0300] {dagbag.py:541} INFO - Filling up the DagBag from /home/paulet/anaconda3/lib/python3.10/site-packages/airflow/example_dags/plugins/event_listener.py
[2023-10-04T18:12:52.590+0300] {processor.py:838} WARNING - No viable dags retrieved from /home/paulet/anaconda3/lib/python3.10/site-packages/airflow/example_dags/plugins/event_listener.py
[2023-10-04T18:12:52.603+0300] {processor.py:179} INFO - Processing /home/paulet/anaconda3/lib/python3.10/site-packages/airflow/example_dags/plugins/event_listener.py took 0.030 seconds
[2023-10-04T18:14:31.955+0300] {processor.py:157} INFO - Started process (PID=16043) to work on /home/paulet/anaconda3/lib/python3.10/site-packages/airflow/example_dags/plugins/event_listener.py
[2023-10-04T18:14:31.973+0300] {processor.py:826} INFO - Processing file /home/paulet/anaconda3/lib/python3.10/site-packages/airflow/example_dags/plugins/event_listener.py for tasks to queue
[2023-10-04T18:14:31.975+0300] {logging_mixin.py:149} INFO - [2023-10-04T18:14:31.975+0300] {dagbag.py:541} INFO - Filling up the DagBag from /home/paulet/anaconda3/lib/python3.10/site-packages/airflow/example_dags/plugins/event_listener.py
[2023-10-04T18:14:31.978+0300] {processor.py:838} WARNING - No viable dags retrieved from /home/paulet/anaconda3/lib/python3.10/site-packages/airflow/example_dags/plugins/event_listener.py
[2023-10-04T18:14:31.993+0300] {processor.py:179} INFO - Processing /home/paulet/anaconda3/lib/python3.10/site-packages/airflow/example_dags/plugins/event_listener.py took 0.042 seconds
[2023-10-04T18:15:27.508+0300] {processor.py:157} INFO - Started process (PID=16103) to work on /home/paulet/anaconda3/lib/python3.10/site-packages/airflow/example_dags/plugins/event_listener.py
[2023-10-04T18:15:27.520+0300] {processor.py:826} INFO - Processing file /home/paulet/anaconda3/lib/python3.10/site-packages/airflow/example_dags/plugins/event_listener.py for tasks to queue
[2023-10-04T18:15:27.521+0300] {logging_mixin.py:149} INFO - [2023-10-04T18:15:27.521+0300] {dagbag.py:541} INFO - Filling up the DagBag from /home/paulet/anaconda3/lib/python3.10/site-packages/airflow/example_dags/plugins/event_listener.py
[2023-10-04T18:15:27.524+0300] {processor.py:838} WARNING - No viable dags retrieved from /home/paulet/anaconda3/lib/python3.10/site-packages/airflow/example_dags/plugins/event_listener.py
[2023-10-04T18:15:27.538+0300] {processor.py:179} INFO - Processing /home/paulet/anaconda3/lib/python3.10/site-packages/airflow/example_dags/plugins/event_listener.py took 0.034 seconds
[2023-10-04T18:16:22.642+0300] {processor.py:157} INFO - Started process (PID=16158) to work on /home/paulet/anaconda3/lib/python3.10/site-packages/airflow/example_dags/plugins/event_listener.py
[2023-10-04T18:16:22.704+0300] {processor.py:826} INFO - Processing file /home/paulet/anaconda3/lib/python3.10/site-packages/airflow/example_dags/plugins/event_listener.py for tasks to queue
[2023-10-04T18:16:22.705+0300] {logging_mixin.py:149} INFO - [2023-10-04T18:16:22.705+0300] {dagbag.py:541} INFO - Filling up the DagBag from /home/paulet/anaconda3/lib/python3.10/site-packages/airflow/example_dags/plugins/event_listener.py
[2023-10-04T18:16:22.707+0300] {processor.py:838} WARNING - No viable dags retrieved from /home/paulet/anaconda3/lib/python3.10/site-packages/airflow/example_dags/plugins/event_listener.py
[2023-10-04T18:16:22.721+0300] {processor.py:179} INFO - Processing /home/paulet/anaconda3/lib/python3.10/site-packages/airflow/example_dags/plugins/event_listener.py took 0.083 seconds
[2023-10-04T18:17:24.723+0300] {processor.py:157} INFO - Started process (PID=16224) to work on /home/paulet/anaconda3/lib/python3.10/site-packages/airflow/example_dags/plugins/event_listener.py
[2023-10-04T18:17:24.724+0300] {processor.py:826} INFO - Processing file /home/paulet/anaconda3/lib/python3.10/site-packages/airflow/example_dags/plugins/event_listener.py for tasks to queue
[2023-10-04T18:17:24.725+0300] {logging_mixin.py:149} INFO - [2023-10-04T18:17:24.725+0300] {dagbag.py:541} INFO - Filling up the DagBag from /home/paulet/anaconda3/lib/python3.10/site-packages/airflow/example_dags/plugins/event_listener.py
[2023-10-04T18:17:24.727+0300] {processor.py:838} WARNING - No viable dags retrieved from /home/paulet/anaconda3/lib/python3.10/site-packages/airflow/example_dags/plugins/event_listener.py
[2023-10-04T18:17:24.738+0300] {processor.py:179} INFO - Processing /home/paulet/anaconda3/lib/python3.10/site-packages/airflow/example_dags/plugins/event_listener.py took 0.019 seconds
[2023-10-04T21:00:28.374+0300] {processor.py:157} INFO - Started process (PID=22423) to work on /home/paulet/anaconda3/lib/python3.10/site-packages/airflow/example_dags/plugins/event_listener.py
[2023-10-04T21:00:28.408+0300] {processor.py:826} INFO - Processing file /home/paulet/anaconda3/lib/python3.10/site-packages/airflow/example_dags/plugins/event_listener.py for tasks to queue
[2023-10-04T21:00:28.409+0300] {logging_mixin.py:149} INFO - [2023-10-04T21:00:28.409+0300] {dagbag.py:541} INFO - Filling up the DagBag from /home/paulet/anaconda3/lib/python3.10/site-packages/airflow/example_dags/plugins/event_listener.py
[2023-10-04T21:00:28.412+0300] {processor.py:838} WARNING - No viable dags retrieved from /home/paulet/anaconda3/lib/python3.10/site-packages/airflow/example_dags/plugins/event_listener.py
[2023-10-04T21:00:28.428+0300] {processor.py:179} INFO - Processing /home/paulet/anaconda3/lib/python3.10/site-packages/airflow/example_dags/plugins/event_listener.py took 0.058 seconds
[2023-10-04T21:01:36.432+0300] {processor.py:157} INFO - Started process (PID=22607) to work on /home/paulet/anaconda3/lib/python3.10/site-packages/airflow/example_dags/plugins/event_listener.py
[2023-10-04T21:01:36.445+0300] {processor.py:826} INFO - Processing file /home/paulet/anaconda3/lib/python3.10/site-packages/airflow/example_dags/plugins/event_listener.py for tasks to queue
[2023-10-04T21:01:36.447+0300] {logging_mixin.py:149} INFO - [2023-10-04T21:01:36.446+0300] {dagbag.py:541} INFO - Filling up the DagBag from /home/paulet/anaconda3/lib/python3.10/site-packages/airflow/example_dags/plugins/event_listener.py
[2023-10-04T21:01:36.449+0300] {processor.py:838} WARNING - No viable dags retrieved from /home/paulet/anaconda3/lib/python3.10/site-packages/airflow/example_dags/plugins/event_listener.py
[2023-10-04T21:01:36.462+0300] {processor.py:179} INFO - Processing /home/paulet/anaconda3/lib/python3.10/site-packages/airflow/example_dags/plugins/event_listener.py took 0.034 seconds
[2023-10-04T21:02:39.061+0300] {processor.py:157} INFO - Started process (PID=22672) to work on /home/paulet/anaconda3/lib/python3.10/site-packages/airflow/example_dags/plugins/event_listener.py
[2023-10-04T21:02:39.063+0300] {processor.py:826} INFO - Processing file /home/paulet/anaconda3/lib/python3.10/site-packages/airflow/example_dags/plugins/event_listener.py for tasks to queue
[2023-10-04T21:02:39.064+0300] {logging_mixin.py:149} INFO - [2023-10-04T21:02:39.063+0300] {dagbag.py:541} INFO - Filling up the DagBag from /home/paulet/anaconda3/lib/python3.10/site-packages/airflow/example_dags/plugins/event_listener.py
[2023-10-04T21:02:39.066+0300] {processor.py:838} WARNING - No viable dags retrieved from /home/paulet/anaconda3/lib/python3.10/site-packages/airflow/example_dags/plugins/event_listener.py
[2023-10-04T21:02:39.080+0300] {processor.py:179} INFO - Processing /home/paulet/anaconda3/lib/python3.10/site-packages/airflow/example_dags/plugins/event_listener.py took 0.023 seconds
[2023-10-04T21:03:31.148+0300] {processor.py:157} INFO - Started process (PID=22719) to work on /home/paulet/anaconda3/lib/python3.10/site-packages/airflow/example_dags/plugins/event_listener.py
[2023-10-04T21:03:31.149+0300] {processor.py:826} INFO - Processing file /home/paulet/anaconda3/lib/python3.10/site-packages/airflow/example_dags/plugins/event_listener.py for tasks to queue
[2023-10-04T21:03:31.150+0300] {logging_mixin.py:149} INFO - [2023-10-04T21:03:31.150+0300] {dagbag.py:541} INFO - Filling up the DagBag from /home/paulet/anaconda3/lib/python3.10/site-packages/airflow/example_dags/plugins/event_listener.py
[2023-10-04T21:03:31.153+0300] {processor.py:838} WARNING - No viable dags retrieved from /home/paulet/anaconda3/lib/python3.10/site-packages/airflow/example_dags/plugins/event_listener.py
[2023-10-04T21:03:31.166+0300] {processor.py:179} INFO - Processing /home/paulet/anaconda3/lib/python3.10/site-packages/airflow/example_dags/plugins/event_listener.py took 0.023 seconds
[2023-10-04T21:04:26.184+0300] {processor.py:157} INFO - Started process (PID=22791) to work on /home/paulet/anaconda3/lib/python3.10/site-packages/airflow/example_dags/plugins/event_listener.py
[2023-10-04T21:04:26.186+0300] {processor.py:826} INFO - Processing file /home/paulet/anaconda3/lib/python3.10/site-packages/airflow/example_dags/plugins/event_listener.py for tasks to queue
[2023-10-04T21:04:26.187+0300] {logging_mixin.py:149} INFO - [2023-10-04T21:04:26.186+0300] {dagbag.py:541} INFO - Filling up the DagBag from /home/paulet/anaconda3/lib/python3.10/site-packages/airflow/example_dags/plugins/event_listener.py
[2023-10-04T21:04:26.189+0300] {processor.py:838} WARNING - No viable dags retrieved from /home/paulet/anaconda3/lib/python3.10/site-packages/airflow/example_dags/plugins/event_listener.py
[2023-10-04T21:04:26.203+0300] {processor.py:179} INFO - Processing /home/paulet/anaconda3/lib/python3.10/site-packages/airflow/example_dags/plugins/event_listener.py took 0.024 seconds
[2023-10-04T21:05:22.174+0300] {processor.py:157} INFO - Started process (PID=22866) to work on /home/paulet/anaconda3/lib/python3.10/site-packages/airflow/example_dags/plugins/event_listener.py
[2023-10-04T21:05:22.175+0300] {processor.py:826} INFO - Processing file /home/paulet/anaconda3/lib/python3.10/site-packages/airflow/example_dags/plugins/event_listener.py for tasks to queue
[2023-10-04T21:05:22.176+0300] {logging_mixin.py:149} INFO - [2023-10-04T21:05:22.176+0300] {dagbag.py:541} INFO - Filling up the DagBag from /home/paulet/anaconda3/lib/python3.10/site-packages/airflow/example_dags/plugins/event_listener.py
[2023-10-04T21:05:22.179+0300] {processor.py:838} WARNING - No viable dags retrieved from /home/paulet/anaconda3/lib/python3.10/site-packages/airflow/example_dags/plugins/event_listener.py
[2023-10-04T21:05:22.193+0300] {processor.py:179} INFO - Processing /home/paulet/anaconda3/lib/python3.10/site-packages/airflow/example_dags/plugins/event_listener.py took 0.024 seconds
[2023-10-04T21:06:19.581+0300] {processor.py:157} INFO - Started process (PID=22918) to work on /home/paulet/anaconda3/lib/python3.10/site-packages/airflow/example_dags/plugins/event_listener.py
[2023-10-04T21:06:19.583+0300] {processor.py:826} INFO - Processing file /home/paulet/anaconda3/lib/python3.10/site-packages/airflow/example_dags/plugins/event_listener.py for tasks to queue
[2023-10-04T21:06:19.584+0300] {logging_mixin.py:149} INFO - [2023-10-04T21:06:19.584+0300] {dagbag.py:541} INFO - Filling up the DagBag from /home/paulet/anaconda3/lib/python3.10/site-packages/airflow/example_dags/plugins/event_listener.py
[2023-10-04T21:06:19.586+0300] {processor.py:838} WARNING - No viable dags retrieved from /home/paulet/anaconda3/lib/python3.10/site-packages/airflow/example_dags/plugins/event_listener.py
[2023-10-04T21:06:19.600+0300] {processor.py:179} INFO - Processing /home/paulet/anaconda3/lib/python3.10/site-packages/airflow/example_dags/plugins/event_listener.py took 0.023 seconds
[2023-10-04T21:07:15.593+0300] {processor.py:157} INFO - Started process (PID=22968) to work on /home/paulet/anaconda3/lib/python3.10/site-packages/airflow/example_dags/plugins/event_listener.py
[2023-10-04T21:07:15.594+0300] {processor.py:826} INFO - Processing file /home/paulet/anaconda3/lib/python3.10/site-packages/airflow/example_dags/plugins/event_listener.py for tasks to queue
[2023-10-04T21:07:15.595+0300] {logging_mixin.py:149} INFO - [2023-10-04T21:07:15.595+0300] {dagbag.py:541} INFO - Filling up the DagBag from /home/paulet/anaconda3/lib/python3.10/site-packages/airflow/example_dags/plugins/event_listener.py
[2023-10-04T21:07:15.598+0300] {processor.py:838} WARNING - No viable dags retrieved from /home/paulet/anaconda3/lib/python3.10/site-packages/airflow/example_dags/plugins/event_listener.py
[2023-10-04T21:07:15.612+0300] {processor.py:179} INFO - Processing /home/paulet/anaconda3/lib/python3.10/site-packages/airflow/example_dags/plugins/event_listener.py took 0.023 seconds
[2023-10-04T21:08:03.892+0300] {processor.py:157} INFO - Started process (PID=23014) to work on /home/paulet/anaconda3/lib/python3.10/site-packages/airflow/example_dags/plugins/event_listener.py
[2023-10-04T21:08:03.893+0300] {processor.py:826} INFO - Processing file /home/paulet/anaconda3/lib/python3.10/site-packages/airflow/example_dags/plugins/event_listener.py for tasks to queue
[2023-10-04T21:08:03.894+0300] {logging_mixin.py:149} INFO - [2023-10-04T21:08:03.894+0300] {dagbag.py:541} INFO - Filling up the DagBag from /home/paulet/anaconda3/lib/python3.10/site-packages/airflow/example_dags/plugins/event_listener.py
[2023-10-04T21:08:03.897+0300] {processor.py:838} WARNING - No viable dags retrieved from /home/paulet/anaconda3/lib/python3.10/site-packages/airflow/example_dags/plugins/event_listener.py
[2023-10-04T21:08:03.910+0300] {processor.py:179} INFO - Processing /home/paulet/anaconda3/lib/python3.10/site-packages/airflow/example_dags/plugins/event_listener.py took 0.023 seconds
[2023-10-04T21:08:53.605+0300] {processor.py:157} INFO - Started process (PID=23079) to work on /home/paulet/anaconda3/lib/python3.10/site-packages/airflow/example_dags/plugins/event_listener.py
[2023-10-04T21:08:53.606+0300] {processor.py:826} INFO - Processing file /home/paulet/anaconda3/lib/python3.10/site-packages/airflow/example_dags/plugins/event_listener.py for tasks to queue
[2023-10-04T21:08:53.607+0300] {logging_mixin.py:149} INFO - [2023-10-04T21:08:53.607+0300] {dagbag.py:541} INFO - Filling up the DagBag from /home/paulet/anaconda3/lib/python3.10/site-packages/airflow/example_dags/plugins/event_listener.py
[2023-10-04T21:08:53.610+0300] {processor.py:838} WARNING - No viable dags retrieved from /home/paulet/anaconda3/lib/python3.10/site-packages/airflow/example_dags/plugins/event_listener.py
[2023-10-04T21:08:53.625+0300] {processor.py:179} INFO - Processing /home/paulet/anaconda3/lib/python3.10/site-packages/airflow/example_dags/plugins/event_listener.py took 0.025 seconds
[2023-10-04T21:09:42.175+0300] {processor.py:157} INFO - Started process (PID=23156) to work on /home/paulet/anaconda3/lib/python3.10/site-packages/airflow/example_dags/plugins/event_listener.py
[2023-10-04T21:09:42.177+0300] {processor.py:826} INFO - Processing file /home/paulet/anaconda3/lib/python3.10/site-packages/airflow/example_dags/plugins/event_listener.py for tasks to queue
[2023-10-04T21:09:42.178+0300] {logging_mixin.py:149} INFO - [2023-10-04T21:09:42.177+0300] {dagbag.py:541} INFO - Filling up the DagBag from /home/paulet/anaconda3/lib/python3.10/site-packages/airflow/example_dags/plugins/event_listener.py
[2023-10-04T21:09:42.180+0300] {processor.py:838} WARNING - No viable dags retrieved from /home/paulet/anaconda3/lib/python3.10/site-packages/airflow/example_dags/plugins/event_listener.py
[2023-10-04T21:09:42.194+0300] {processor.py:179} INFO - Processing /home/paulet/anaconda3/lib/python3.10/site-packages/airflow/example_dags/plugins/event_listener.py took 0.023 seconds
[2023-10-04T21:10:32.963+0300] {processor.py:157} INFO - Started process (PID=23249) to work on /home/paulet/anaconda3/lib/python3.10/site-packages/airflow/example_dags/plugins/event_listener.py
[2023-10-04T21:10:32.964+0300] {processor.py:826} INFO - Processing file /home/paulet/anaconda3/lib/python3.10/site-packages/airflow/example_dags/plugins/event_listener.py for tasks to queue
[2023-10-04T21:10:32.965+0300] {logging_mixin.py:149} INFO - [2023-10-04T21:10:32.965+0300] {dagbag.py:541} INFO - Filling up the DagBag from /home/paulet/anaconda3/lib/python3.10/site-packages/airflow/example_dags/plugins/event_listener.py
[2023-10-04T21:10:32.968+0300] {processor.py:838} WARNING - No viable dags retrieved from /home/paulet/anaconda3/lib/python3.10/site-packages/airflow/example_dags/plugins/event_listener.py
[2023-10-04T21:10:32.981+0300] {processor.py:179} INFO - Processing /home/paulet/anaconda3/lib/python3.10/site-packages/airflow/example_dags/plugins/event_listener.py took 0.022 seconds
[2023-10-04T21:51:48.062+0300] {processor.py:157} INFO - Started process (PID=26923) to work on /home/paulet/anaconda3/lib/python3.10/site-packages/airflow/example_dags/plugins/event_listener.py
[2023-10-04T21:51:48.076+0300] {processor.py:826} INFO - Processing file /home/paulet/anaconda3/lib/python3.10/site-packages/airflow/example_dags/plugins/event_listener.py for tasks to queue
[2023-10-04T21:51:48.077+0300] {logging_mixin.py:149} INFO - [2023-10-04T21:51:48.077+0300] {dagbag.py:541} INFO - Filling up the DagBag from /home/paulet/anaconda3/lib/python3.10/site-packages/airflow/example_dags/plugins/event_listener.py
[2023-10-04T21:51:48.079+0300] {processor.py:838} WARNING - No viable dags retrieved from /home/paulet/anaconda3/lib/python3.10/site-packages/airflow/example_dags/plugins/event_listener.py
[2023-10-04T21:51:48.092+0300] {processor.py:179} INFO - Processing /home/paulet/anaconda3/lib/python3.10/site-packages/airflow/example_dags/plugins/event_listener.py took 0.034 seconds
[2023-10-04T21:52:51.876+0300] {processor.py:157} INFO - Started process (PID=27030) to work on /home/paulet/anaconda3/lib/python3.10/site-packages/airflow/example_dags/plugins/event_listener.py
[2023-10-04T21:52:51.889+0300] {processor.py:826} INFO - Processing file /home/paulet/anaconda3/lib/python3.10/site-packages/airflow/example_dags/plugins/event_listener.py for tasks to queue
[2023-10-04T21:52:51.890+0300] {logging_mixin.py:149} INFO - [2023-10-04T21:52:51.890+0300] {dagbag.py:541} INFO - Filling up the DagBag from /home/paulet/anaconda3/lib/python3.10/site-packages/airflow/example_dags/plugins/event_listener.py
[2023-10-04T21:52:51.893+0300] {processor.py:838} WARNING - No viable dags retrieved from /home/paulet/anaconda3/lib/python3.10/site-packages/airflow/example_dags/plugins/event_listener.py
[2023-10-04T21:52:51.907+0300] {processor.py:179} INFO - Processing /home/paulet/anaconda3/lib/python3.10/site-packages/airflow/example_dags/plugins/event_listener.py took 0.035 seconds
[2023-10-04T21:53:48.436+0300] {processor.py:157} INFO - Started process (PID=27101) to work on /home/paulet/anaconda3/lib/python3.10/site-packages/airflow/example_dags/plugins/event_listener.py
[2023-10-04T21:53:48.468+0300] {processor.py:826} INFO - Processing file /home/paulet/anaconda3/lib/python3.10/site-packages/airflow/example_dags/plugins/event_listener.py for tasks to queue
[2023-10-04T21:53:48.469+0300] {logging_mixin.py:149} INFO - [2023-10-04T21:53:48.469+0300] {dagbag.py:541} INFO - Filling up the DagBag from /home/paulet/anaconda3/lib/python3.10/site-packages/airflow/example_dags/plugins/event_listener.py
[2023-10-04T21:53:48.471+0300] {processor.py:838} WARNING - No viable dags retrieved from /home/paulet/anaconda3/lib/python3.10/site-packages/airflow/example_dags/plugins/event_listener.py
[2023-10-04T21:53:48.485+0300] {processor.py:179} INFO - Processing /home/paulet/anaconda3/lib/python3.10/site-packages/airflow/example_dags/plugins/event_listener.py took 0.053 seconds
[2023-10-04T21:54:53.517+0300] {processor.py:157} INFO - Started process (PID=27183) to work on /home/paulet/anaconda3/lib/python3.10/site-packages/airflow/example_dags/plugins/event_listener.py
[2023-10-04T21:54:53.548+0300] {processor.py:826} INFO - Processing file /home/paulet/anaconda3/lib/python3.10/site-packages/airflow/example_dags/plugins/event_listener.py for tasks to queue
[2023-10-04T21:54:53.550+0300] {logging_mixin.py:149} INFO - [2023-10-04T21:54:53.549+0300] {dagbag.py:541} INFO - Filling up the DagBag from /home/paulet/anaconda3/lib/python3.10/site-packages/airflow/example_dags/plugins/event_listener.py
[2023-10-04T21:54:53.552+0300] {processor.py:838} WARNING - No viable dags retrieved from /home/paulet/anaconda3/lib/python3.10/site-packages/airflow/example_dags/plugins/event_listener.py
[2023-10-04T21:54:53.568+0300] {processor.py:179} INFO - Processing /home/paulet/anaconda3/lib/python3.10/site-packages/airflow/example_dags/plugins/event_listener.py took 0.055 seconds
[2023-10-04T21:55:54.377+0300] {processor.py:157} INFO - Started process (PID=27365) to work on /home/paulet/anaconda3/lib/python3.10/site-packages/airflow/example_dags/plugins/event_listener.py
[2023-10-04T21:55:54.444+0300] {processor.py:826} INFO - Processing file /home/paulet/anaconda3/lib/python3.10/site-packages/airflow/example_dags/plugins/event_listener.py for tasks to queue
[2023-10-04T21:55:54.445+0300] {logging_mixin.py:149} INFO - [2023-10-04T21:55:54.445+0300] {dagbag.py:541} INFO - Filling up the DagBag from /home/paulet/anaconda3/lib/python3.10/site-packages/airflow/example_dags/plugins/event_listener.py
[2023-10-04T21:55:54.448+0300] {processor.py:838} WARNING - No viable dags retrieved from /home/paulet/anaconda3/lib/python3.10/site-packages/airflow/example_dags/plugins/event_listener.py
[2023-10-04T21:55:54.463+0300] {processor.py:179} INFO - Processing /home/paulet/anaconda3/lib/python3.10/site-packages/airflow/example_dags/plugins/event_listener.py took 0.090 seconds
