[2023-10-04T18:09:04.554+0300] {processor.py:157} INFO - Started process (PID=14065) to work on /home/paulet/anaconda3/lib/python3.10/site-packages/airflow/example_dags/plugins/listener_plugin.py
[2023-10-04T18:09:04.555+0300] {processor.py:826} INFO - Processing file /home/paulet/anaconda3/lib/python3.10/site-packages/airflow/example_dags/plugins/listener_plugin.py for tasks to queue
[2023-10-04T18:09:04.556+0300] {logging_mixin.py:149} INFO - [2023-10-04T18:09:04.556+0300] {dagbag.py:541} INFO - Filling up the DagBag from /home/paulet/anaconda3/lib/python3.10/site-packages/airflow/example_dags/plugins/listener_plugin.py
[2023-10-04T18:09:04.559+0300] {processor.py:838} WARNING - No viable dags retrieved from /home/paulet/anaconda3/lib/python3.10/site-packages/airflow/example_dags/plugins/listener_plugin.py
[2023-10-04T18:09:04.573+0300] {processor.py:179} INFO - Processing /home/paulet/anaconda3/lib/python3.10/site-packages/airflow/example_dags/plugins/listener_plugin.py took 0.024 seconds
[2023-10-04T18:10:49.425+0300] {processor.py:157} INFO - Started process (PID=14522) to work on /home/paulet/anaconda3/lib/python3.10/site-packages/airflow/example_dags/plugins/listener_plugin.py
[2023-10-04T18:10:49.455+0300] {processor.py:826} INFO - Processing file /home/paulet/anaconda3/lib/python3.10/site-packages/airflow/example_dags/plugins/listener_plugin.py for tasks to queue
[2023-10-04T18:10:49.456+0300] {logging_mixin.py:149} INFO - [2023-10-04T18:10:49.456+0300] {dagbag.py:541} INFO - Filling up the DagBag from /home/paulet/anaconda3/lib/python3.10/site-packages/airflow/example_dags/plugins/listener_plugin.py
[2023-10-04T18:10:49.460+0300] {processor.py:838} WARNING - No viable dags retrieved from /home/paulet/anaconda3/lib/python3.10/site-packages/airflow/example_dags/plugins/listener_plugin.py
[2023-10-04T18:10:49.473+0300] {processor.py:179} INFO - Processing /home/paulet/anaconda3/lib/python3.10/site-packages/airflow/example_dags/plugins/listener_plugin.py took 0.054 seconds
[2023-10-04T18:12:00.011+0300] {processor.py:157} INFO - Started process (PID=14952) to work on /home/paulet/anaconda3/lib/python3.10/site-packages/airflow/example_dags/plugins/listener_plugin.py
[2023-10-04T18:12:00.013+0300] {processor.py:826} INFO - Processing file /home/paulet/anaconda3/lib/python3.10/site-packages/airflow/example_dags/plugins/listener_plugin.py for tasks to queue
[2023-10-04T18:12:00.013+0300] {logging_mixin.py:149} INFO - [2023-10-04T18:12:00.013+0300] {dagbag.py:541} INFO - Filling up the DagBag from /home/paulet/anaconda3/lib/python3.10/site-packages/airflow/example_dags/plugins/listener_plugin.py
[2023-10-04T18:12:00.017+0300] {processor.py:838} WARNING - No viable dags retrieved from /home/paulet/anaconda3/lib/python3.10/site-packages/airflow/example_dags/plugins/listener_plugin.py
[2023-10-04T18:12:00.030+0300] {processor.py:179} INFO - Processing /home/paulet/anaconda3/lib/python3.10/site-packages/airflow/example_dags/plugins/listener_plugin.py took 0.023 seconds
[2023-10-04T18:12:49.655+0300] {processor.py:157} INFO - Started process (PID=15169) to work on /home/paulet/anaconda3/lib/python3.10/site-packages/airflow/example_dags/plugins/listener_plugin.py
[2023-10-04T18:12:49.656+0300] {processor.py:826} INFO - Processing file /home/paulet/anaconda3/lib/python3.10/site-packages/airflow/example_dags/plugins/listener_plugin.py for tasks to queue
[2023-10-04T18:12:49.657+0300] {logging_mixin.py:149} INFO - [2023-10-04T18:12:49.657+0300] {dagbag.py:541} INFO - Filling up the DagBag from /home/paulet/anaconda3/lib/python3.10/site-packages/airflow/example_dags/plugins/listener_plugin.py
[2023-10-04T18:12:49.660+0300] {processor.py:838} WARNING - No viable dags retrieved from /home/paulet/anaconda3/lib/python3.10/site-packages/airflow/example_dags/plugins/listener_plugin.py
[2023-10-04T18:12:49.674+0300] {processor.py:179} INFO - Processing /home/paulet/anaconda3/lib/python3.10/site-packages/airflow/example_dags/plugins/listener_plugin.py took 0.024 seconds
[2023-10-04T18:14:29.494+0300] {processor.py:157} INFO - Started process (PID=16037) to work on /home/paulet/anaconda3/lib/python3.10/site-packages/airflow/example_dags/plugins/listener_plugin.py
[2023-10-04T18:14:29.496+0300] {processor.py:826} INFO - Processing file /home/paulet/anaconda3/lib/python3.10/site-packages/airflow/example_dags/plugins/listener_plugin.py for tasks to queue
[2023-10-04T18:14:29.496+0300] {logging_mixin.py:149} INFO - [2023-10-04T18:14:29.496+0300] {dagbag.py:541} INFO - Filling up the DagBag from /home/paulet/anaconda3/lib/python3.10/site-packages/airflow/example_dags/plugins/listener_plugin.py
[2023-10-04T18:14:29.499+0300] {processor.py:838} WARNING - No viable dags retrieved from /home/paulet/anaconda3/lib/python3.10/site-packages/airflow/example_dags/plugins/listener_plugin.py
[2023-10-04T18:14:29.511+0300] {processor.py:179} INFO - Processing /home/paulet/anaconda3/lib/python3.10/site-packages/airflow/example_dags/plugins/listener_plugin.py took 0.020 seconds
[2023-10-04T18:15:14.392+0300] {processor.py:157} INFO - Started process (PID=16088) to work on /home/paulet/anaconda3/lib/python3.10/site-packages/airflow/example_dags/plugins/listener_plugin.py
[2023-10-04T18:15:14.394+0300] {processor.py:826} INFO - Processing file /home/paulet/anaconda3/lib/python3.10/site-packages/airflow/example_dags/plugins/listener_plugin.py for tasks to queue
[2023-10-04T18:15:14.396+0300] {logging_mixin.py:149} INFO - [2023-10-04T18:15:14.395+0300] {dagbag.py:541} INFO - Filling up the DagBag from /home/paulet/anaconda3/lib/python3.10/site-packages/airflow/example_dags/plugins/listener_plugin.py
[2023-10-04T18:15:14.399+0300] {processor.py:838} WARNING - No viable dags retrieved from /home/paulet/anaconda3/lib/python3.10/site-packages/airflow/example_dags/plugins/listener_plugin.py
[2023-10-04T18:15:14.413+0300] {processor.py:179} INFO - Processing /home/paulet/anaconda3/lib/python3.10/site-packages/airflow/example_dags/plugins/listener_plugin.py took 0.025 seconds
[2023-10-04T18:16:05.528+0300] {processor.py:157} INFO - Started process (PID=16138) to work on /home/paulet/anaconda3/lib/python3.10/site-packages/airflow/example_dags/plugins/listener_plugin.py
[2023-10-04T18:16:05.529+0300] {processor.py:826} INFO - Processing file /home/paulet/anaconda3/lib/python3.10/site-packages/airflow/example_dags/plugins/listener_plugin.py for tasks to queue
[2023-10-04T18:16:05.530+0300] {logging_mixin.py:149} INFO - [2023-10-04T18:16:05.530+0300] {dagbag.py:541} INFO - Filling up the DagBag from /home/paulet/anaconda3/lib/python3.10/site-packages/airflow/example_dags/plugins/listener_plugin.py
[2023-10-04T18:16:05.533+0300] {processor.py:838} WARNING - No viable dags retrieved from /home/paulet/anaconda3/lib/python3.10/site-packages/airflow/example_dags/plugins/listener_plugin.py
[2023-10-04T18:16:05.546+0300] {processor.py:179} INFO - Processing /home/paulet/anaconda3/lib/python3.10/site-packages/airflow/example_dags/plugins/listener_plugin.py took 0.022 seconds
[2023-10-04T18:17:21.751+0300] {processor.py:157} INFO - Started process (PID=16218) to work on /home/paulet/anaconda3/lib/python3.10/site-packages/airflow/example_dags/plugins/listener_plugin.py
[2023-10-04T18:17:21.752+0300] {processor.py:826} INFO - Processing file /home/paulet/anaconda3/lib/python3.10/site-packages/airflow/example_dags/plugins/listener_plugin.py for tasks to queue
[2023-10-04T18:17:21.753+0300] {logging_mixin.py:149} INFO - [2023-10-04T18:17:21.753+0300] {dagbag.py:541} INFO - Filling up the DagBag from /home/paulet/anaconda3/lib/python3.10/site-packages/airflow/example_dags/plugins/listener_plugin.py
[2023-10-04T18:17:21.756+0300] {processor.py:838} WARNING - No viable dags retrieved from /home/paulet/anaconda3/lib/python3.10/site-packages/airflow/example_dags/plugins/listener_plugin.py
[2023-10-04T18:17:21.769+0300] {processor.py:179} INFO - Processing /home/paulet/anaconda3/lib/python3.10/site-packages/airflow/example_dags/plugins/listener_plugin.py took 0.022 seconds
[2023-10-04T21:00:20.076+0300] {processor.py:157} INFO - Started process (PID=22417) to work on /home/paulet/anaconda3/lib/python3.10/site-packages/airflow/example_dags/plugins/listener_plugin.py
[2023-10-04T21:00:20.077+0300] {processor.py:826} INFO - Processing file /home/paulet/anaconda3/lib/python3.10/site-packages/airflow/example_dags/plugins/listener_plugin.py for tasks to queue
[2023-10-04T21:00:20.078+0300] {logging_mixin.py:149} INFO - [2023-10-04T21:00:20.078+0300] {dagbag.py:541} INFO - Filling up the DagBag from /home/paulet/anaconda3/lib/python3.10/site-packages/airflow/example_dags/plugins/listener_plugin.py
[2023-10-04T21:00:20.081+0300] {processor.py:838} WARNING - No viable dags retrieved from /home/paulet/anaconda3/lib/python3.10/site-packages/airflow/example_dags/plugins/listener_plugin.py
[2023-10-04T21:00:20.095+0300] {processor.py:179} INFO - Processing /home/paulet/anaconda3/lib/python3.10/site-packages/airflow/example_dags/plugins/listener_plugin.py took 0.022 seconds
[2023-10-04T21:01:27.952+0300] {processor.py:157} INFO - Started process (PID=22601) to work on /home/paulet/anaconda3/lib/python3.10/site-packages/airflow/example_dags/plugins/listener_plugin.py
[2023-10-04T21:01:28.021+0300] {processor.py:826} INFO - Processing file /home/paulet/anaconda3/lib/python3.10/site-packages/airflow/example_dags/plugins/listener_plugin.py for tasks to queue
[2023-10-04T21:01:28.023+0300] {logging_mixin.py:149} INFO - [2023-10-04T21:01:28.023+0300] {dagbag.py:541} INFO - Filling up the DagBag from /home/paulet/anaconda3/lib/python3.10/site-packages/airflow/example_dags/plugins/listener_plugin.py
[2023-10-04T21:01:28.026+0300] {processor.py:838} WARNING - No viable dags retrieved from /home/paulet/anaconda3/lib/python3.10/site-packages/airflow/example_dags/plugins/listener_plugin.py
[2023-10-04T21:01:28.040+0300] {processor.py:179} INFO - Processing /home/paulet/anaconda3/lib/python3.10/site-packages/airflow/example_dags/plugins/listener_plugin.py took 0.093 seconds
[2023-10-04T21:02:37.052+0300] {processor.py:157} INFO - Started process (PID=22666) to work on /home/paulet/anaconda3/lib/python3.10/site-packages/airflow/example_dags/plugins/listener_plugin.py
[2023-10-04T21:02:37.053+0300] {processor.py:826} INFO - Processing file /home/paulet/anaconda3/lib/python3.10/site-packages/airflow/example_dags/plugins/listener_plugin.py for tasks to queue
[2023-10-04T21:02:37.054+0300] {logging_mixin.py:149} INFO - [2023-10-04T21:02:37.054+0300] {dagbag.py:541} INFO - Filling up the DagBag from /home/paulet/anaconda3/lib/python3.10/site-packages/airflow/example_dags/plugins/listener_plugin.py
[2023-10-04T21:02:37.058+0300] {processor.py:838} WARNING - No viable dags retrieved from /home/paulet/anaconda3/lib/python3.10/site-packages/airflow/example_dags/plugins/listener_plugin.py
[2023-10-04T21:02:37.071+0300] {processor.py:179} INFO - Processing /home/paulet/anaconda3/lib/python3.10/site-packages/airflow/example_dags/plugins/listener_plugin.py took 0.024 seconds
[2023-10-04T21:03:28.580+0300] {processor.py:157} INFO - Started process (PID=22713) to work on /home/paulet/anaconda3/lib/python3.10/site-packages/airflow/example_dags/plugins/listener_plugin.py
[2023-10-04T21:03:28.581+0300] {processor.py:826} INFO - Processing file /home/paulet/anaconda3/lib/python3.10/site-packages/airflow/example_dags/plugins/listener_plugin.py for tasks to queue
[2023-10-04T21:03:28.582+0300] {logging_mixin.py:149} INFO - [2023-10-04T21:03:28.582+0300] {dagbag.py:541} INFO - Filling up the DagBag from /home/paulet/anaconda3/lib/python3.10/site-packages/airflow/example_dags/plugins/listener_plugin.py
[2023-10-04T21:03:28.586+0300] {processor.py:838} WARNING - No viable dags retrieved from /home/paulet/anaconda3/lib/python3.10/site-packages/airflow/example_dags/plugins/listener_plugin.py
[2023-10-04T21:03:28.599+0300] {processor.py:179} INFO - Processing /home/paulet/anaconda3/lib/python3.10/site-packages/airflow/example_dags/plugins/listener_plugin.py took 0.024 seconds
[2023-10-04T21:04:23.668+0300] {processor.py:157} INFO - Started process (PID=22785) to work on /home/paulet/anaconda3/lib/python3.10/site-packages/airflow/example_dags/plugins/listener_plugin.py
[2023-10-04T21:04:23.669+0300] {processor.py:826} INFO - Processing file /home/paulet/anaconda3/lib/python3.10/site-packages/airflow/example_dags/plugins/listener_plugin.py for tasks to queue
[2023-10-04T21:04:23.670+0300] {logging_mixin.py:149} INFO - [2023-10-04T21:04:23.670+0300] {dagbag.py:541} INFO - Filling up the DagBag from /home/paulet/anaconda3/lib/python3.10/site-packages/airflow/example_dags/plugins/listener_plugin.py
[2023-10-04T21:04:23.674+0300] {processor.py:838} WARNING - No viable dags retrieved from /home/paulet/anaconda3/lib/python3.10/site-packages/airflow/example_dags/plugins/listener_plugin.py
[2023-10-04T21:04:23.688+0300] {processor.py:179} INFO - Processing /home/paulet/anaconda3/lib/python3.10/site-packages/airflow/example_dags/plugins/listener_plugin.py took 0.025 seconds
[2023-10-04T21:05:19.372+0300] {processor.py:157} INFO - Started process (PID=22860) to work on /home/paulet/anaconda3/lib/python3.10/site-packages/airflow/example_dags/plugins/listener_plugin.py
[2023-10-04T21:05:19.399+0300] {processor.py:826} INFO - Processing file /home/paulet/anaconda3/lib/python3.10/site-packages/airflow/example_dags/plugins/listener_plugin.py for tasks to queue
[2023-10-04T21:05:19.400+0300] {logging_mixin.py:149} INFO - [2023-10-04T21:05:19.400+0300] {dagbag.py:541} INFO - Filling up the DagBag from /home/paulet/anaconda3/lib/python3.10/site-packages/airflow/example_dags/plugins/listener_plugin.py
[2023-10-04T21:05:19.403+0300] {processor.py:838} WARNING - No viable dags retrieved from /home/paulet/anaconda3/lib/python3.10/site-packages/airflow/example_dags/plugins/listener_plugin.py
[2023-10-04T21:05:19.419+0300] {processor.py:179} INFO - Processing /home/paulet/anaconda3/lib/python3.10/site-packages/airflow/example_dags/plugins/listener_plugin.py took 0.051 seconds
[2023-10-04T21:06:16.640+0300] {processor.py:157} INFO - Started process (PID=22912) to work on /home/paulet/anaconda3/lib/python3.10/site-packages/airflow/example_dags/plugins/listener_plugin.py
[2023-10-04T21:06:16.664+0300] {processor.py:826} INFO - Processing file /home/paulet/anaconda3/lib/python3.10/site-packages/airflow/example_dags/plugins/listener_plugin.py for tasks to queue
[2023-10-04T21:06:16.665+0300] {logging_mixin.py:149} INFO - [2023-10-04T21:06:16.665+0300] {dagbag.py:541} INFO - Filling up the DagBag from /home/paulet/anaconda3/lib/python3.10/site-packages/airflow/example_dags/plugins/listener_plugin.py
[2023-10-04T21:06:16.668+0300] {processor.py:838} WARNING - No viable dags retrieved from /home/paulet/anaconda3/lib/python3.10/site-packages/airflow/example_dags/plugins/listener_plugin.py
[2023-10-04T21:06:16.685+0300] {processor.py:179} INFO - Processing /home/paulet/anaconda3/lib/python3.10/site-packages/airflow/example_dags/plugins/listener_plugin.py took 0.050 seconds
[2023-10-04T21:07:12.783+0300] {processor.py:157} INFO - Started process (PID=22962) to work on /home/paulet/anaconda3/lib/python3.10/site-packages/airflow/example_dags/plugins/listener_plugin.py
[2023-10-04T21:07:12.800+0300] {processor.py:826} INFO - Processing file /home/paulet/anaconda3/lib/python3.10/site-packages/airflow/example_dags/plugins/listener_plugin.py for tasks to queue
[2023-10-04T21:07:12.801+0300] {logging_mixin.py:149} INFO - [2023-10-04T21:07:12.801+0300] {dagbag.py:541} INFO - Filling up the DagBag from /home/paulet/anaconda3/lib/python3.10/site-packages/airflow/example_dags/plugins/listener_plugin.py
[2023-10-04T21:07:12.804+0300] {processor.py:838} WARNING - No viable dags retrieved from /home/paulet/anaconda3/lib/python3.10/site-packages/airflow/example_dags/plugins/listener_plugin.py
[2023-10-04T21:07:12.820+0300] {processor.py:179} INFO - Processing /home/paulet/anaconda3/lib/python3.10/site-packages/airflow/example_dags/plugins/listener_plugin.py took 0.041 seconds
[2023-10-04T21:08:01.084+0300] {processor.py:157} INFO - Started process (PID=23008) to work on /home/paulet/anaconda3/lib/python3.10/site-packages/airflow/example_dags/plugins/listener_plugin.py
[2023-10-04T21:08:01.099+0300] {processor.py:826} INFO - Processing file /home/paulet/anaconda3/lib/python3.10/site-packages/airflow/example_dags/plugins/listener_plugin.py for tasks to queue
[2023-10-04T21:08:01.100+0300] {logging_mixin.py:149} INFO - [2023-10-04T21:08:01.100+0300] {dagbag.py:541} INFO - Filling up the DagBag from /home/paulet/anaconda3/lib/python3.10/site-packages/airflow/example_dags/plugins/listener_plugin.py
[2023-10-04T21:08:01.104+0300] {processor.py:838} WARNING - No viable dags retrieved from /home/paulet/anaconda3/lib/python3.10/site-packages/airflow/example_dags/plugins/listener_plugin.py
[2023-10-04T21:08:01.118+0300] {processor.py:179} INFO - Processing /home/paulet/anaconda3/lib/python3.10/site-packages/airflow/example_dags/plugins/listener_plugin.py took 0.038 seconds
[2023-10-04T21:08:50.807+0300] {processor.py:157} INFO - Started process (PID=23073) to work on /home/paulet/anaconda3/lib/python3.10/site-packages/airflow/example_dags/plugins/listener_plugin.py
[2023-10-04T21:08:50.815+0300] {processor.py:826} INFO - Processing file /home/paulet/anaconda3/lib/python3.10/site-packages/airflow/example_dags/plugins/listener_plugin.py for tasks to queue
[2023-10-04T21:08:50.816+0300] {logging_mixin.py:149} INFO - [2023-10-04T21:08:50.816+0300] {dagbag.py:541} INFO - Filling up the DagBag from /home/paulet/anaconda3/lib/python3.10/site-packages/airflow/example_dags/plugins/listener_plugin.py
[2023-10-04T21:08:50.819+0300] {processor.py:838} WARNING - No viable dags retrieved from /home/paulet/anaconda3/lib/python3.10/site-packages/airflow/example_dags/plugins/listener_plugin.py
[2023-10-04T21:08:50.834+0300] {processor.py:179} INFO - Processing /home/paulet/anaconda3/lib/python3.10/site-packages/airflow/example_dags/plugins/listener_plugin.py took 0.031 seconds
[2023-10-04T21:09:40.745+0300] {processor.py:157} INFO - Started process (PID=23150) to work on /home/paulet/anaconda3/lib/python3.10/site-packages/airflow/example_dags/plugins/listener_plugin.py
[2023-10-04T21:09:40.763+0300] {processor.py:826} INFO - Processing file /home/paulet/anaconda3/lib/python3.10/site-packages/airflow/example_dags/plugins/listener_plugin.py for tasks to queue
[2023-10-04T21:09:40.764+0300] {logging_mixin.py:149} INFO - [2023-10-04T21:09:40.764+0300] {dagbag.py:541} INFO - Filling up the DagBag from /home/paulet/anaconda3/lib/python3.10/site-packages/airflow/example_dags/plugins/listener_plugin.py
[2023-10-04T21:09:40.767+0300] {processor.py:838} WARNING - No viable dags retrieved from /home/paulet/anaconda3/lib/python3.10/site-packages/airflow/example_dags/plugins/listener_plugin.py
[2023-10-04T21:09:40.782+0300] {processor.py:179} INFO - Processing /home/paulet/anaconda3/lib/python3.10/site-packages/airflow/example_dags/plugins/listener_plugin.py took 0.042 seconds
[2023-10-04T21:10:30.983+0300] {processor.py:157} INFO - Started process (PID=23243) to work on /home/paulet/anaconda3/lib/python3.10/site-packages/airflow/example_dags/plugins/listener_plugin.py
[2023-10-04T21:10:30.998+0300] {processor.py:826} INFO - Processing file /home/paulet/anaconda3/lib/python3.10/site-packages/airflow/example_dags/plugins/listener_plugin.py for tasks to queue
[2023-10-04T21:10:31.000+0300] {logging_mixin.py:149} INFO - [2023-10-04T21:10:30.999+0300] {dagbag.py:541} INFO - Filling up the DagBag from /home/paulet/anaconda3/lib/python3.10/site-packages/airflow/example_dags/plugins/listener_plugin.py
[2023-10-04T21:10:31.003+0300] {processor.py:838} WARNING - No viable dags retrieved from /home/paulet/anaconda3/lib/python3.10/site-packages/airflow/example_dags/plugins/listener_plugin.py
[2023-10-04T21:10:31.020+0300] {processor.py:179} INFO - Processing /home/paulet/anaconda3/lib/python3.10/site-packages/airflow/example_dags/plugins/listener_plugin.py took 0.041 seconds
[2023-10-04T21:51:40.904+0300] {processor.py:157} INFO - Started process (PID=26917) to work on /home/paulet/anaconda3/lib/python3.10/site-packages/airflow/example_dags/plugins/listener_plugin.py
[2023-10-04T21:51:40.936+0300] {processor.py:826} INFO - Processing file /home/paulet/anaconda3/lib/python3.10/site-packages/airflow/example_dags/plugins/listener_plugin.py for tasks to queue
[2023-10-04T21:51:40.937+0300] {logging_mixin.py:149} INFO - [2023-10-04T21:51:40.937+0300] {dagbag.py:541} INFO - Filling up the DagBag from /home/paulet/anaconda3/lib/python3.10/site-packages/airflow/example_dags/plugins/listener_plugin.py
[2023-10-04T21:51:40.941+0300] {processor.py:838} WARNING - No viable dags retrieved from /home/paulet/anaconda3/lib/python3.10/site-packages/airflow/example_dags/plugins/listener_plugin.py
[2023-10-04T21:51:40.956+0300] {processor.py:179} INFO - Processing /home/paulet/anaconda3/lib/python3.10/site-packages/airflow/example_dags/plugins/listener_plugin.py took 0.056 seconds
[2023-10-04T21:52:49.605+0300] {processor.py:157} INFO - Started process (PID=27024) to work on /home/paulet/anaconda3/lib/python3.10/site-packages/airflow/example_dags/plugins/listener_plugin.py
[2023-10-04T21:52:49.606+0300] {processor.py:826} INFO - Processing file /home/paulet/anaconda3/lib/python3.10/site-packages/airflow/example_dags/plugins/listener_plugin.py for tasks to queue
[2023-10-04T21:52:49.608+0300] {logging_mixin.py:149} INFO - [2023-10-04T21:52:49.608+0300] {dagbag.py:541} INFO - Filling up the DagBag from /home/paulet/anaconda3/lib/python3.10/site-packages/airflow/example_dags/plugins/listener_plugin.py
[2023-10-04T21:52:49.611+0300] {processor.py:838} WARNING - No viable dags retrieved from /home/paulet/anaconda3/lib/python3.10/site-packages/airflow/example_dags/plugins/listener_plugin.py
[2023-10-04T21:52:49.624+0300] {processor.py:179} INFO - Processing /home/paulet/anaconda3/lib/python3.10/site-packages/airflow/example_dags/plugins/listener_plugin.py took 0.024 seconds
[2023-10-04T21:53:45.684+0300] {processor.py:157} INFO - Started process (PID=27095) to work on /home/paulet/anaconda3/lib/python3.10/site-packages/airflow/example_dags/plugins/listener_plugin.py
[2023-10-04T21:53:45.697+0300] {processor.py:826} INFO - Processing file /home/paulet/anaconda3/lib/python3.10/site-packages/airflow/example_dags/plugins/listener_plugin.py for tasks to queue
[2023-10-04T21:53:45.699+0300] {logging_mixin.py:149} INFO - [2023-10-04T21:53:45.698+0300] {dagbag.py:541} INFO - Filling up the DagBag from /home/paulet/anaconda3/lib/python3.10/site-packages/airflow/example_dags/plugins/listener_plugin.py
[2023-10-04T21:53:45.703+0300] {processor.py:838} WARNING - No viable dags retrieved from /home/paulet/anaconda3/lib/python3.10/site-packages/airflow/example_dags/plugins/listener_plugin.py
[2023-10-04T21:53:45.716+0300] {processor.py:179} INFO - Processing /home/paulet/anaconda3/lib/python3.10/site-packages/airflow/example_dags/plugins/listener_plugin.py took 0.039 seconds
[2023-10-04T21:54:51.205+0300] {processor.py:157} INFO - Started process (PID=27176) to work on /home/paulet/anaconda3/lib/python3.10/site-packages/airflow/example_dags/plugins/listener_plugin.py
[2023-10-04T21:54:51.206+0300] {processor.py:826} INFO - Processing file /home/paulet/anaconda3/lib/python3.10/site-packages/airflow/example_dags/plugins/listener_plugin.py for tasks to queue
[2023-10-04T21:54:51.208+0300] {logging_mixin.py:149} INFO - [2023-10-04T21:54:51.207+0300] {dagbag.py:541} INFO - Filling up the DagBag from /home/paulet/anaconda3/lib/python3.10/site-packages/airflow/example_dags/plugins/listener_plugin.py
[2023-10-04T21:54:51.211+0300] {processor.py:838} WARNING - No viable dags retrieved from /home/paulet/anaconda3/lib/python3.10/site-packages/airflow/example_dags/plugins/listener_plugin.py
[2023-10-04T21:54:51.224+0300] {processor.py:179} INFO - Processing /home/paulet/anaconda3/lib/python3.10/site-packages/airflow/example_dags/plugins/listener_plugin.py took 0.023 seconds
[2023-10-04T21:55:49.524+0300] {processor.py:157} INFO - Started process (PID=27359) to work on /home/paulet/anaconda3/lib/python3.10/site-packages/airflow/example_dags/plugins/listener_plugin.py
[2023-10-04T21:55:49.582+0300] {processor.py:826} INFO - Processing file /home/paulet/anaconda3/lib/python3.10/site-packages/airflow/example_dags/plugins/listener_plugin.py for tasks to queue
[2023-10-04T21:55:49.583+0300] {logging_mixin.py:149} INFO - [2023-10-04T21:55:49.582+0300] {dagbag.py:541} INFO - Filling up the DagBag from /home/paulet/anaconda3/lib/python3.10/site-packages/airflow/example_dags/plugins/listener_plugin.py
[2023-10-04T21:55:49.586+0300] {processor.py:838} WARNING - No viable dags retrieved from /home/paulet/anaconda3/lib/python3.10/site-packages/airflow/example_dags/plugins/listener_plugin.py
[2023-10-04T21:55:49.601+0300] {processor.py:179} INFO - Processing /home/paulet/anaconda3/lib/python3.10/site-packages/airflow/example_dags/plugins/listener_plugin.py took 0.081 seconds
