[2023-10-04T18:08:56.240+0300] {processor.py:157} INFO - Started process (PID=14011) to work on /home/paulet/anaconda3/lib/python3.10/site-packages/airflow/example_dags/example_time_delta_sensor_async.py
[2023-10-04T18:08:56.241+0300] {processor.py:826} INFO - Processing file /home/paulet/anaconda3/lib/python3.10/site-packages/airflow/example_dags/example_time_delta_sensor_async.py for tasks to queue
[2023-10-04T18:08:56.242+0300] {logging_mixin.py:149} INFO - [2023-10-04T18:08:56.242+0300] {dagbag.py:541} INFO - Filling up the DagBag from /home/paulet/anaconda3/lib/python3.10/site-packages/airflow/example_dags/example_time_delta_sensor_async.py
[2023-10-04T18:08:56.254+0300] {processor.py:836} INFO - DAG(s) dict_keys(['example_time_delta_sensor_async']) retrieved from /home/paulet/anaconda3/lib/python3.10/site-packages/airflow/example_dags/example_time_delta_sensor_async.py
[2023-10-04T18:08:56.762+0300] {logging_mixin.py:149} INFO - [2023-10-04T18:08:56.761+0300] {manager.py:504} INFO - Created Permission View: can edit on DAG:example_time_delta_sensor_async
[2023-10-04T18:08:56.894+0300] {logging_mixin.py:149} INFO - [2023-10-04T18:08:56.893+0300] {manager.py:504} INFO - Created Permission View: can read on DAG:example_time_delta_sensor_async
[2023-10-04T18:08:57.016+0300] {logging_mixin.py:149} INFO - [2023-10-04T18:08:57.015+0300] {manager.py:504} INFO - Created Permission View: can delete on DAG:example_time_delta_sensor_async
[2023-10-04T18:08:57.017+0300] {logging_mixin.py:149} INFO - [2023-10-04T18:08:57.016+0300] {dag.py:2726} INFO - Sync 1 DAGs
[2023-10-04T18:08:57.055+0300] {logging_mixin.py:149} INFO - [2023-10-04T18:08:57.054+0300] {dag.py:2747} INFO - Creating ORM DAG for example_time_delta_sensor_async
[2023-10-04T18:08:57.074+0300] {logging_mixin.py:149} INFO - [2023-10-04T18:08:57.074+0300] {dag.py:3486} INFO - Setting next_dagrun for example_time_delta_sensor_async to None, run_after=None
[2023-10-04T18:08:57.338+0300] {processor.py:179} INFO - Processing /home/paulet/anaconda3/lib/python3.10/site-packages/airflow/example_dags/example_time_delta_sensor_async.py took 1.103 seconds
[2023-10-04T18:10:44.562+0300] {processor.py:157} INFO - Started process (PID=14488) to work on /home/paulet/anaconda3/lib/python3.10/site-packages/airflow/example_dags/example_time_delta_sensor_async.py
[2023-10-04T18:10:44.607+0300] {processor.py:826} INFO - Processing file /home/paulet/anaconda3/lib/python3.10/site-packages/airflow/example_dags/example_time_delta_sensor_async.py for tasks to queue
[2023-10-04T18:10:44.608+0300] {logging_mixin.py:149} INFO - [2023-10-04T18:10:44.608+0300] {dagbag.py:541} INFO - Filling up the DagBag from /home/paulet/anaconda3/lib/python3.10/site-packages/airflow/example_dags/example_time_delta_sensor_async.py
[2023-10-04T18:10:44.615+0300] {processor.py:836} INFO - DAG(s) dict_keys(['example_time_delta_sensor_async']) retrieved from /home/paulet/anaconda3/lib/python3.10/site-packages/airflow/example_dags/example_time_delta_sensor_async.py
[2023-10-04T18:10:44.727+0300] {logging_mixin.py:149} INFO - [2023-10-04T18:10:44.727+0300] {dag.py:2726} INFO - Sync 1 DAGs
[2023-10-04T18:10:44.904+0300] {logging_mixin.py:149} INFO - [2023-10-04T18:10:44.903+0300] {dag.py:3486} INFO - Setting next_dagrun for example_time_delta_sensor_async to None, run_after=None
[2023-10-04T18:10:45.055+0300] {processor.py:179} INFO - Processing /home/paulet/anaconda3/lib/python3.10/site-packages/airflow/example_dags/example_time_delta_sensor_async.py took 0.496 seconds
[2023-10-04T18:11:50.465+0300] {processor.py:157} INFO - Started process (PID=14903) to work on /home/paulet/anaconda3/lib/python3.10/site-packages/airflow/example_dags/example_time_delta_sensor_async.py
[2023-10-04T18:11:50.560+0300] {processor.py:826} INFO - Processing file /home/paulet/anaconda3/lib/python3.10/site-packages/airflow/example_dags/example_time_delta_sensor_async.py for tasks to queue
[2023-10-04T18:11:50.561+0300] {logging_mixin.py:149} INFO - [2023-10-04T18:11:50.561+0300] {dagbag.py:541} INFO - Filling up the DagBag from /home/paulet/anaconda3/lib/python3.10/site-packages/airflow/example_dags/example_time_delta_sensor_async.py
[2023-10-04T18:11:50.568+0300] {processor.py:836} INFO - DAG(s) dict_keys(['example_time_delta_sensor_async']) retrieved from /home/paulet/anaconda3/lib/python3.10/site-packages/airflow/example_dags/example_time_delta_sensor_async.py
[2023-10-04T18:11:52.252+0300] {logging_mixin.py:149} INFO - [2023-10-04T18:11:52.252+0300] {dag.py:2726} INFO - Sync 1 DAGs
[2023-10-04T18:11:53.972+0300] {logging_mixin.py:149} INFO - [2023-10-04T18:11:53.971+0300] {dag.py:3486} INFO - Setting next_dagrun for example_time_delta_sensor_async to None, run_after=None
[2023-10-04T18:11:54.255+0300] {processor.py:179} INFO - Processing /home/paulet/anaconda3/lib/python3.10/site-packages/airflow/example_dags/example_time_delta_sensor_async.py took 3.793 seconds
[2023-10-04T18:12:45.788+0300] {processor.py:157} INFO - Started process (PID=15165) to work on /home/paulet/anaconda3/lib/python3.10/site-packages/airflow/example_dags/example_time_delta_sensor_async.py
[2023-10-04T18:12:45.817+0300] {processor.py:826} INFO - Processing file /home/paulet/anaconda3/lib/python3.10/site-packages/airflow/example_dags/example_time_delta_sensor_async.py for tasks to queue
[2023-10-04T18:12:45.818+0300] {logging_mixin.py:149} INFO - [2023-10-04T18:12:45.818+0300] {dagbag.py:541} INFO - Filling up the DagBag from /home/paulet/anaconda3/lib/python3.10/site-packages/airflow/example_dags/example_time_delta_sensor_async.py
[2023-10-04T18:12:45.827+0300] {processor.py:836} INFO - DAG(s) dict_keys(['example_time_delta_sensor_async']) retrieved from /home/paulet/anaconda3/lib/python3.10/site-packages/airflow/example_dags/example_time_delta_sensor_async.py
[2023-10-04T18:12:45.855+0300] {logging_mixin.py:149} INFO - [2023-10-04T18:12:45.854+0300] {dag.py:2726} INFO - Sync 1 DAGs
[2023-10-04T18:12:45.879+0300] {logging_mixin.py:149} INFO - [2023-10-04T18:12:45.879+0300] {dag.py:3486} INFO - Setting next_dagrun for example_time_delta_sensor_async to None, run_after=None
[2023-10-04T18:12:45.991+0300] {processor.py:179} INFO - Processing /home/paulet/anaconda3/lib/python3.10/site-packages/airflow/example_dags/example_time_delta_sensor_async.py took 0.207 seconds
[2023-10-04T18:14:24.218+0300] {processor.py:157} INFO - Started process (PID=16033) to work on /home/paulet/anaconda3/lib/python3.10/site-packages/airflow/example_dags/example_time_delta_sensor_async.py
[2023-10-04T18:14:24.252+0300] {processor.py:826} INFO - Processing file /home/paulet/anaconda3/lib/python3.10/site-packages/airflow/example_dags/example_time_delta_sensor_async.py for tasks to queue
[2023-10-04T18:14:24.253+0300] {logging_mixin.py:149} INFO - [2023-10-04T18:14:24.253+0300] {dagbag.py:541} INFO - Filling up the DagBag from /home/paulet/anaconda3/lib/python3.10/site-packages/airflow/example_dags/example_time_delta_sensor_async.py
[2023-10-04T18:14:24.262+0300] {processor.py:836} INFO - DAG(s) dict_keys(['example_time_delta_sensor_async']) retrieved from /home/paulet/anaconda3/lib/python3.10/site-packages/airflow/example_dags/example_time_delta_sensor_async.py
[2023-10-04T18:14:24.290+0300] {logging_mixin.py:149} INFO - [2023-10-04T18:14:24.290+0300] {dag.py:2726} INFO - Sync 1 DAGs
[2023-10-04T18:14:24.317+0300] {logging_mixin.py:149} INFO - [2023-10-04T18:14:24.317+0300] {dag.py:3486} INFO - Setting next_dagrun for example_time_delta_sensor_async to None, run_after=None
[2023-10-04T18:14:24.464+0300] {processor.py:179} INFO - Processing /home/paulet/anaconda3/lib/python3.10/site-packages/airflow/example_dags/example_time_delta_sensor_async.py took 0.250 seconds
[2023-10-04T18:15:09.615+0300] {processor.py:157} INFO - Started process (PID=16084) to work on /home/paulet/anaconda3/lib/python3.10/site-packages/airflow/example_dags/example_time_delta_sensor_async.py
[2023-10-04T18:15:09.650+0300] {processor.py:826} INFO - Processing file /home/paulet/anaconda3/lib/python3.10/site-packages/airflow/example_dags/example_time_delta_sensor_async.py for tasks to queue
[2023-10-04T18:15:09.651+0300] {logging_mixin.py:149} INFO - [2023-10-04T18:15:09.651+0300] {dagbag.py:541} INFO - Filling up the DagBag from /home/paulet/anaconda3/lib/python3.10/site-packages/airflow/example_dags/example_time_delta_sensor_async.py
[2023-10-04T18:15:09.660+0300] {processor.py:836} INFO - DAG(s) dict_keys(['example_time_delta_sensor_async']) retrieved from /home/paulet/anaconda3/lib/python3.10/site-packages/airflow/example_dags/example_time_delta_sensor_async.py
[2023-10-04T18:15:09.685+0300] {logging_mixin.py:149} INFO - [2023-10-04T18:15:09.685+0300] {dag.py:2726} INFO - Sync 1 DAGs
[2023-10-04T18:15:09.711+0300] {logging_mixin.py:149} INFO - [2023-10-04T18:15:09.710+0300] {dag.py:3486} INFO - Setting next_dagrun for example_time_delta_sensor_async to None, run_after=None
[2023-10-04T18:15:09.832+0300] {processor.py:179} INFO - Processing /home/paulet/anaconda3/lib/python3.10/site-packages/airflow/example_dags/example_time_delta_sensor_async.py took 0.220 seconds
[2023-10-04T18:16:02.256+0300] {processor.py:157} INFO - Started process (PID=16134) to work on /home/paulet/anaconda3/lib/python3.10/site-packages/airflow/example_dags/example_time_delta_sensor_async.py
[2023-10-04T18:16:02.257+0300] {processor.py:826} INFO - Processing file /home/paulet/anaconda3/lib/python3.10/site-packages/airflow/example_dags/example_time_delta_sensor_async.py for tasks to queue
[2023-10-04T18:16:02.258+0300] {logging_mixin.py:149} INFO - [2023-10-04T18:16:02.258+0300] {dagbag.py:541} INFO - Filling up the DagBag from /home/paulet/anaconda3/lib/python3.10/site-packages/airflow/example_dags/example_time_delta_sensor_async.py
[2023-10-04T18:16:02.267+0300] {processor.py:836} INFO - DAG(s) dict_keys(['example_time_delta_sensor_async']) retrieved from /home/paulet/anaconda3/lib/python3.10/site-packages/airflow/example_dags/example_time_delta_sensor_async.py
[2023-10-04T18:16:02.290+0300] {logging_mixin.py:149} INFO - [2023-10-04T18:16:02.290+0300] {dag.py:2726} INFO - Sync 1 DAGs
[2023-10-04T18:16:02.315+0300] {logging_mixin.py:149} INFO - [2023-10-04T18:16:02.315+0300] {dag.py:3486} INFO - Setting next_dagrun for example_time_delta_sensor_async to None, run_after=None
[2023-10-04T18:16:02.432+0300] {processor.py:179} INFO - Processing /home/paulet/anaconda3/lib/python3.10/site-packages/airflow/example_dags/example_time_delta_sensor_async.py took 0.181 seconds
[2023-10-04T18:17:17.756+0300] {processor.py:157} INFO - Started process (PID=16214) to work on /home/paulet/anaconda3/lib/python3.10/site-packages/airflow/example_dags/example_time_delta_sensor_async.py
[2023-10-04T18:17:17.757+0300] {processor.py:826} INFO - Processing file /home/paulet/anaconda3/lib/python3.10/site-packages/airflow/example_dags/example_time_delta_sensor_async.py for tasks to queue
[2023-10-04T18:17:17.758+0300] {logging_mixin.py:149} INFO - [2023-10-04T18:17:17.758+0300] {dagbag.py:541} INFO - Filling up the DagBag from /home/paulet/anaconda3/lib/python3.10/site-packages/airflow/example_dags/example_time_delta_sensor_async.py
[2023-10-04T18:17:17.767+0300] {processor.py:836} INFO - DAG(s) dict_keys(['example_time_delta_sensor_async']) retrieved from /home/paulet/anaconda3/lib/python3.10/site-packages/airflow/example_dags/example_time_delta_sensor_async.py
[2023-10-04T18:17:17.791+0300] {logging_mixin.py:149} INFO - [2023-10-04T18:17:17.791+0300] {dag.py:2726} INFO - Sync 1 DAGs
[2023-10-04T18:17:17.814+0300] {logging_mixin.py:149} INFO - [2023-10-04T18:17:17.814+0300] {dag.py:3486} INFO - Setting next_dagrun for example_time_delta_sensor_async to None, run_after=None
[2023-10-04T18:17:17.928+0300] {processor.py:179} INFO - Processing /home/paulet/anaconda3/lib/python3.10/site-packages/airflow/example_dags/example_time_delta_sensor_async.py took 0.177 seconds
[2023-10-04T21:00:15.111+0300] {processor.py:157} INFO - Started process (PID=22412) to work on /home/paulet/anaconda3/lib/python3.10/site-packages/airflow/example_dags/example_time_delta_sensor_async.py
[2023-10-04T21:00:15.123+0300] {processor.py:826} INFO - Processing file /home/paulet/anaconda3/lib/python3.10/site-packages/airflow/example_dags/example_time_delta_sensor_async.py for tasks to queue
[2023-10-04T21:00:15.125+0300] {logging_mixin.py:149} INFO - [2023-10-04T21:00:15.125+0300] {dagbag.py:541} INFO - Filling up the DagBag from /home/paulet/anaconda3/lib/python3.10/site-packages/airflow/example_dags/example_time_delta_sensor_async.py
[2023-10-04T21:00:15.137+0300] {processor.py:836} INFO - DAG(s) dict_keys(['example_time_delta_sensor_async']) retrieved from /home/paulet/anaconda3/lib/python3.10/site-packages/airflow/example_dags/example_time_delta_sensor_async.py
[2023-10-04T21:00:15.169+0300] {logging_mixin.py:149} INFO - [2023-10-04T21:00:15.169+0300] {dag.py:2726} INFO - Sync 1 DAGs
[2023-10-04T21:00:15.193+0300] {logging_mixin.py:149} INFO - [2023-10-04T21:00:15.193+0300] {dag.py:3486} INFO - Setting next_dagrun for example_time_delta_sensor_async to None, run_after=None
[2023-10-04T21:00:15.340+0300] {processor.py:179} INFO - Processing /home/paulet/anaconda3/lib/python3.10/site-packages/airflow/example_dags/example_time_delta_sensor_async.py took 0.233 seconds
[2023-10-04T21:01:18.569+0300] {processor.py:157} INFO - Started process (PID=22535) to work on /home/paulet/anaconda3/lib/python3.10/site-packages/airflow/example_dags/example_time_delta_sensor_async.py
[2023-10-04T21:01:18.639+0300] {processor.py:826} INFO - Processing file /home/paulet/anaconda3/lib/python3.10/site-packages/airflow/example_dags/example_time_delta_sensor_async.py for tasks to queue
[2023-10-04T21:01:18.640+0300] {logging_mixin.py:149} INFO - [2023-10-04T21:01:18.640+0300] {dagbag.py:541} INFO - Filling up the DagBag from /home/paulet/anaconda3/lib/python3.10/site-packages/airflow/example_dags/example_time_delta_sensor_async.py
[2023-10-04T21:01:18.647+0300] {processor.py:836} INFO - DAG(s) dict_keys(['example_time_delta_sensor_async']) retrieved from /home/paulet/anaconda3/lib/python3.10/site-packages/airflow/example_dags/example_time_delta_sensor_async.py
[2023-10-04T21:01:18.671+0300] {logging_mixin.py:149} INFO - [2023-10-04T21:01:18.671+0300] {dag.py:2726} INFO - Sync 1 DAGs
[2023-10-04T21:01:18.695+0300] {logging_mixin.py:149} INFO - [2023-10-04T21:01:18.694+0300] {dag.py:3486} INFO - Setting next_dagrun for example_time_delta_sensor_async to None, run_after=None
[2023-10-04T21:01:20.212+0300] {processor.py:179} INFO - Processing /home/paulet/anaconda3/lib/python3.10/site-packages/airflow/example_dags/example_time_delta_sensor_async.py took 1.647 seconds
[2023-10-04T21:02:31.788+0300] {processor.py:157} INFO - Started process (PID=22662) to work on /home/paulet/anaconda3/lib/python3.10/site-packages/airflow/example_dags/example_time_delta_sensor_async.py
[2023-10-04T21:02:31.790+0300] {processor.py:826} INFO - Processing file /home/paulet/anaconda3/lib/python3.10/site-packages/airflow/example_dags/example_time_delta_sensor_async.py for tasks to queue
[2023-10-04T21:02:31.791+0300] {logging_mixin.py:149} INFO - [2023-10-04T21:02:31.791+0300] {dagbag.py:541} INFO - Filling up the DagBag from /home/paulet/anaconda3/lib/python3.10/site-packages/airflow/example_dags/example_time_delta_sensor_async.py
[2023-10-04T21:02:31.800+0300] {processor.py:836} INFO - DAG(s) dict_keys(['example_time_delta_sensor_async']) retrieved from /home/paulet/anaconda3/lib/python3.10/site-packages/airflow/example_dags/example_time_delta_sensor_async.py
[2023-10-04T21:02:31.824+0300] {logging_mixin.py:149} INFO - [2023-10-04T21:02:31.823+0300] {dag.py:2726} INFO - Sync 1 DAGs
[2023-10-04T21:02:31.847+0300] {logging_mixin.py:149} INFO - [2023-10-04T21:02:31.847+0300] {dag.py:3486} INFO - Setting next_dagrun for example_time_delta_sensor_async to None, run_after=None
[2023-10-04T21:02:31.967+0300] {processor.py:179} INFO - Processing /home/paulet/anaconda3/lib/python3.10/site-packages/airflow/example_dags/example_time_delta_sensor_async.py took 0.183 seconds
[2023-10-04T21:03:23.160+0300] {processor.py:157} INFO - Started process (PID=22709) to work on /home/paulet/anaconda3/lib/python3.10/site-packages/airflow/example_dags/example_time_delta_sensor_async.py
[2023-10-04T21:03:23.162+0300] {processor.py:826} INFO - Processing file /home/paulet/anaconda3/lib/python3.10/site-packages/airflow/example_dags/example_time_delta_sensor_async.py for tasks to queue
[2023-10-04T21:03:23.163+0300] {logging_mixin.py:149} INFO - [2023-10-04T21:03:23.162+0300] {dagbag.py:541} INFO - Filling up the DagBag from /home/paulet/anaconda3/lib/python3.10/site-packages/airflow/example_dags/example_time_delta_sensor_async.py
[2023-10-04T21:03:23.171+0300] {processor.py:836} INFO - DAG(s) dict_keys(['example_time_delta_sensor_async']) retrieved from /home/paulet/anaconda3/lib/python3.10/site-packages/airflow/example_dags/example_time_delta_sensor_async.py
[2023-10-04T21:03:23.195+0300] {logging_mixin.py:149} INFO - [2023-10-04T21:03:23.195+0300] {dag.py:2726} INFO - Sync 1 DAGs
[2023-10-04T21:03:23.218+0300] {logging_mixin.py:149} INFO - [2023-10-04T21:03:23.217+0300] {dag.py:3486} INFO - Setting next_dagrun for example_time_delta_sensor_async to None, run_after=None
[2023-10-04T21:03:23.344+0300] {processor.py:179} INFO - Processing /home/paulet/anaconda3/lib/python3.10/site-packages/airflow/example_dags/example_time_delta_sensor_async.py took 0.189 seconds
[2023-10-04T21:04:19.541+0300] {processor.py:157} INFO - Started process (PID=22763) to work on /home/paulet/anaconda3/lib/python3.10/site-packages/airflow/example_dags/example_time_delta_sensor_async.py
[2023-10-04T21:04:19.542+0300] {processor.py:826} INFO - Processing file /home/paulet/anaconda3/lib/python3.10/site-packages/airflow/example_dags/example_time_delta_sensor_async.py for tasks to queue
[2023-10-04T21:04:19.543+0300] {logging_mixin.py:149} INFO - [2023-10-04T21:04:19.543+0300] {dagbag.py:541} INFO - Filling up the DagBag from /home/paulet/anaconda3/lib/python3.10/site-packages/airflow/example_dags/example_time_delta_sensor_async.py
[2023-10-04T21:04:19.552+0300] {processor.py:836} INFO - DAG(s) dict_keys(['example_time_delta_sensor_async']) retrieved from /home/paulet/anaconda3/lib/python3.10/site-packages/airflow/example_dags/example_time_delta_sensor_async.py
[2023-10-04T21:04:19.577+0300] {logging_mixin.py:149} INFO - [2023-10-04T21:04:19.576+0300] {dag.py:2726} INFO - Sync 1 DAGs
[2023-10-04T21:04:19.600+0300] {logging_mixin.py:149} INFO - [2023-10-04T21:04:19.600+0300] {dag.py:3486} INFO - Setting next_dagrun for example_time_delta_sensor_async to None, run_after=None
[2023-10-04T21:04:19.724+0300] {processor.py:179} INFO - Processing /home/paulet/anaconda3/lib/python3.10/site-packages/airflow/example_dags/example_time_delta_sensor_async.py took 0.188 seconds
[2023-10-04T21:05:13.896+0300] {processor.py:157} INFO - Started process (PID=22855) to work on /home/paulet/anaconda3/lib/python3.10/site-packages/airflow/example_dags/example_time_delta_sensor_async.py
[2023-10-04T21:05:13.906+0300] {processor.py:826} INFO - Processing file /home/paulet/anaconda3/lib/python3.10/site-packages/airflow/example_dags/example_time_delta_sensor_async.py for tasks to queue
[2023-10-04T21:05:13.907+0300] {logging_mixin.py:149} INFO - [2023-10-04T21:05:13.907+0300] {dagbag.py:541} INFO - Filling up the DagBag from /home/paulet/anaconda3/lib/python3.10/site-packages/airflow/example_dags/example_time_delta_sensor_async.py
[2023-10-04T21:05:13.916+0300] {processor.py:836} INFO - DAG(s) dict_keys(['example_time_delta_sensor_async']) retrieved from /home/paulet/anaconda3/lib/python3.10/site-packages/airflow/example_dags/example_time_delta_sensor_async.py
[2023-10-04T21:05:13.940+0300] {logging_mixin.py:149} INFO - [2023-10-04T21:05:13.940+0300] {dag.py:2726} INFO - Sync 1 DAGs
[2023-10-04T21:05:13.964+0300] {logging_mixin.py:149} INFO - [2023-10-04T21:05:13.964+0300] {dag.py:3486} INFO - Setting next_dagrun for example_time_delta_sensor_async to None, run_after=None
[2023-10-04T21:05:14.087+0300] {processor.py:179} INFO - Processing /home/paulet/anaconda3/lib/python3.10/site-packages/airflow/example_dags/example_time_delta_sensor_async.py took 0.195 seconds
[2023-10-04T21:06:11.193+0300] {processor.py:157} INFO - Started process (PID=22906) to work on /home/paulet/anaconda3/lib/python3.10/site-packages/airflow/example_dags/example_time_delta_sensor_async.py
[2023-10-04T21:06:11.195+0300] {processor.py:826} INFO - Processing file /home/paulet/anaconda3/lib/python3.10/site-packages/airflow/example_dags/example_time_delta_sensor_async.py for tasks to queue
[2023-10-04T21:06:11.195+0300] {logging_mixin.py:149} INFO - [2023-10-04T21:06:11.195+0300] {dagbag.py:541} INFO - Filling up the DagBag from /home/paulet/anaconda3/lib/python3.10/site-packages/airflow/example_dags/example_time_delta_sensor_async.py
[2023-10-04T21:06:11.202+0300] {processor.py:836} INFO - DAG(s) dict_keys(['example_time_delta_sensor_async']) retrieved from /home/paulet/anaconda3/lib/python3.10/site-packages/airflow/example_dags/example_time_delta_sensor_async.py
[2023-10-04T21:06:11.223+0300] {logging_mixin.py:149} INFO - [2023-10-04T21:06:11.222+0300] {dag.py:2726} INFO - Sync 1 DAGs
[2023-10-04T21:06:11.245+0300] {logging_mixin.py:149} INFO - [2023-10-04T21:06:11.245+0300] {dag.py:3486} INFO - Setting next_dagrun for example_time_delta_sensor_async to None, run_after=None
[2023-10-04T21:06:11.385+0300] {processor.py:179} INFO - Processing /home/paulet/anaconda3/lib/python3.10/site-packages/airflow/example_dags/example_time_delta_sensor_async.py took 0.195 seconds
[2023-10-04T21:07:08.805+0300] {processor.py:157} INFO - Started process (PID=22958) to work on /home/paulet/anaconda3/lib/python3.10/site-packages/airflow/example_dags/example_time_delta_sensor_async.py
[2023-10-04T21:07:08.806+0300] {processor.py:826} INFO - Processing file /home/paulet/anaconda3/lib/python3.10/site-packages/airflow/example_dags/example_time_delta_sensor_async.py for tasks to queue
[2023-10-04T21:07:08.807+0300] {logging_mixin.py:149} INFO - [2023-10-04T21:07:08.807+0300] {dagbag.py:541} INFO - Filling up the DagBag from /home/paulet/anaconda3/lib/python3.10/site-packages/airflow/example_dags/example_time_delta_sensor_async.py
[2023-10-04T21:07:08.816+0300] {processor.py:836} INFO - DAG(s) dict_keys(['example_time_delta_sensor_async']) retrieved from /home/paulet/anaconda3/lib/python3.10/site-packages/airflow/example_dags/example_time_delta_sensor_async.py
[2023-10-04T21:07:08.839+0300] {logging_mixin.py:149} INFO - [2023-10-04T21:07:08.839+0300] {dag.py:2726} INFO - Sync 1 DAGs
[2023-10-04T21:07:08.862+0300] {logging_mixin.py:149} INFO - [2023-10-04T21:07:08.862+0300] {dag.py:3486} INFO - Setting next_dagrun for example_time_delta_sensor_async to None, run_after=None
[2023-10-04T21:07:09.020+0300] {processor.py:179} INFO - Processing /home/paulet/anaconda3/lib/python3.10/site-packages/airflow/example_dags/example_time_delta_sensor_async.py took 0.220 seconds
[2023-10-04T21:07:56.968+0300] {processor.py:157} INFO - Started process (PID=23004) to work on /home/paulet/anaconda3/lib/python3.10/site-packages/airflow/example_dags/example_time_delta_sensor_async.py
[2023-10-04T21:07:56.970+0300] {processor.py:826} INFO - Processing file /home/paulet/anaconda3/lib/python3.10/site-packages/airflow/example_dags/example_time_delta_sensor_async.py for tasks to queue
[2023-10-04T21:07:56.971+0300] {logging_mixin.py:149} INFO - [2023-10-04T21:07:56.970+0300] {dagbag.py:541} INFO - Filling up the DagBag from /home/paulet/anaconda3/lib/python3.10/site-packages/airflow/example_dags/example_time_delta_sensor_async.py
[2023-10-04T21:07:56.979+0300] {processor.py:836} INFO - DAG(s) dict_keys(['example_time_delta_sensor_async']) retrieved from /home/paulet/anaconda3/lib/python3.10/site-packages/airflow/example_dags/example_time_delta_sensor_async.py
[2023-10-04T21:07:57.003+0300] {logging_mixin.py:149} INFO - [2023-10-04T21:07:57.003+0300] {dag.py:2726} INFO - Sync 1 DAGs
[2023-10-04T21:07:57.026+0300] {logging_mixin.py:149} INFO - [2023-10-04T21:07:57.026+0300] {dag.py:3486} INFO - Setting next_dagrun for example_time_delta_sensor_async to None, run_after=None
[2023-10-04T21:07:57.138+0300] {processor.py:179} INFO - Processing /home/paulet/anaconda3/lib/python3.10/site-packages/airflow/example_dags/example_time_delta_sensor_async.py took 0.175 seconds
[2023-10-04T21:08:45.905+0300] {processor.py:157} INFO - Started process (PID=23068) to work on /home/paulet/anaconda3/lib/python3.10/site-packages/airflow/example_dags/example_time_delta_sensor_async.py
[2023-10-04T21:08:45.907+0300] {processor.py:826} INFO - Processing file /home/paulet/anaconda3/lib/python3.10/site-packages/airflow/example_dags/example_time_delta_sensor_async.py for tasks to queue
[2023-10-04T21:08:45.908+0300] {logging_mixin.py:149} INFO - [2023-10-04T21:08:45.908+0300] {dagbag.py:541} INFO - Filling up the DagBag from /home/paulet/anaconda3/lib/python3.10/site-packages/airflow/example_dags/example_time_delta_sensor_async.py
[2023-10-04T21:08:45.917+0300] {processor.py:836} INFO - DAG(s) dict_keys(['example_time_delta_sensor_async']) retrieved from /home/paulet/anaconda3/lib/python3.10/site-packages/airflow/example_dags/example_time_delta_sensor_async.py
[2023-10-04T21:08:45.941+0300] {logging_mixin.py:149} INFO - [2023-10-04T21:08:45.940+0300] {dag.py:2726} INFO - Sync 1 DAGs
[2023-10-04T21:08:45.964+0300] {logging_mixin.py:149} INFO - [2023-10-04T21:08:45.963+0300] {dag.py:3486} INFO - Setting next_dagrun for example_time_delta_sensor_async to None, run_after=None
[2023-10-04T21:08:46.080+0300] {processor.py:179} INFO - Processing /home/paulet/anaconda3/lib/python3.10/site-packages/airflow/example_dags/example_time_delta_sensor_async.py took 0.179 seconds
[2023-10-04T21:09:35.458+0300] {processor.py:157} INFO - Started process (PID=23145) to work on /home/paulet/anaconda3/lib/python3.10/site-packages/airflow/example_dags/example_time_delta_sensor_async.py
[2023-10-04T21:09:35.467+0300] {processor.py:826} INFO - Processing file /home/paulet/anaconda3/lib/python3.10/site-packages/airflow/example_dags/example_time_delta_sensor_async.py for tasks to queue
[2023-10-04T21:09:35.468+0300] {logging_mixin.py:149} INFO - [2023-10-04T21:09:35.468+0300] {dagbag.py:541} INFO - Filling up the DagBag from /home/paulet/anaconda3/lib/python3.10/site-packages/airflow/example_dags/example_time_delta_sensor_async.py
[2023-10-04T21:09:35.475+0300] {processor.py:836} INFO - DAG(s) dict_keys(['example_time_delta_sensor_async']) retrieved from /home/paulet/anaconda3/lib/python3.10/site-packages/airflow/example_dags/example_time_delta_sensor_async.py
[2023-10-04T21:09:35.497+0300] {logging_mixin.py:149} INFO - [2023-10-04T21:09:35.496+0300] {dag.py:2726} INFO - Sync 1 DAGs
[2023-10-04T21:09:35.519+0300] {logging_mixin.py:149} INFO - [2023-10-04T21:09:35.519+0300] {dag.py:3486} INFO - Setting next_dagrun for example_time_delta_sensor_async to None, run_after=None
[2023-10-04T21:09:35.626+0300] {processor.py:179} INFO - Processing /home/paulet/anaconda3/lib/python3.10/site-packages/airflow/example_dags/example_time_delta_sensor_async.py took 0.172 seconds
[2023-10-04T21:10:25.766+0300] {processor.py:157} INFO - Started process (PID=23239) to work on /home/paulet/anaconda3/lib/python3.10/site-packages/airflow/example_dags/example_time_delta_sensor_async.py
[2023-10-04T21:10:25.767+0300] {processor.py:826} INFO - Processing file /home/paulet/anaconda3/lib/python3.10/site-packages/airflow/example_dags/example_time_delta_sensor_async.py for tasks to queue
[2023-10-04T21:10:25.769+0300] {logging_mixin.py:149} INFO - [2023-10-04T21:10:25.768+0300] {dagbag.py:541} INFO - Filling up the DagBag from /home/paulet/anaconda3/lib/python3.10/site-packages/airflow/example_dags/example_time_delta_sensor_async.py
[2023-10-04T21:10:25.777+0300] {processor.py:836} INFO - DAG(s) dict_keys(['example_time_delta_sensor_async']) retrieved from /home/paulet/anaconda3/lib/python3.10/site-packages/airflow/example_dags/example_time_delta_sensor_async.py
[2023-10-04T21:10:25.804+0300] {logging_mixin.py:149} INFO - [2023-10-04T21:10:25.803+0300] {dag.py:2726} INFO - Sync 1 DAGs
[2023-10-04T21:10:25.833+0300] {logging_mixin.py:149} INFO - [2023-10-04T21:10:25.833+0300] {dag.py:3486} INFO - Setting next_dagrun for example_time_delta_sensor_async to None, run_after=None
[2023-10-04T21:10:25.953+0300] {processor.py:179} INFO - Processing /home/paulet/anaconda3/lib/python3.10/site-packages/airflow/example_dags/example_time_delta_sensor_async.py took 0.190 seconds
[2023-10-04T21:51:36.673+0300] {processor.py:157} INFO - Started process (PID=26913) to work on /home/paulet/anaconda3/lib/python3.10/site-packages/airflow/example_dags/example_time_delta_sensor_async.py
[2023-10-04T21:51:36.675+0300] {processor.py:826} INFO - Processing file /home/paulet/anaconda3/lib/python3.10/site-packages/airflow/example_dags/example_time_delta_sensor_async.py for tasks to queue
[2023-10-04T21:51:36.675+0300] {logging_mixin.py:149} INFO - [2023-10-04T21:51:36.675+0300] {dagbag.py:541} INFO - Filling up the DagBag from /home/paulet/anaconda3/lib/python3.10/site-packages/airflow/example_dags/example_time_delta_sensor_async.py
[2023-10-04T21:51:36.685+0300] {processor.py:836} INFO - DAG(s) dict_keys(['example_time_delta_sensor_async']) retrieved from /home/paulet/anaconda3/lib/python3.10/site-packages/airflow/example_dags/example_time_delta_sensor_async.py
[2023-10-04T21:51:36.713+0300] {logging_mixin.py:149} INFO - [2023-10-04T21:51:36.712+0300] {dag.py:2726} INFO - Sync 1 DAGs
[2023-10-04T21:51:36.738+0300] {logging_mixin.py:149} INFO - [2023-10-04T21:51:36.738+0300] {dag.py:3486} INFO - Setting next_dagrun for example_time_delta_sensor_async to None, run_after=None
[2023-10-04T21:51:36.905+0300] {processor.py:179} INFO - Processing /home/paulet/anaconda3/lib/python3.10/site-packages/airflow/example_dags/example_time_delta_sensor_async.py took 0.235 seconds
[2023-10-04T21:52:44.884+0300] {processor.py:157} INFO - Started process (PID=27020) to work on /home/paulet/anaconda3/lib/python3.10/site-packages/airflow/example_dags/example_time_delta_sensor_async.py
[2023-10-04T21:52:44.886+0300] {processor.py:826} INFO - Processing file /home/paulet/anaconda3/lib/python3.10/site-packages/airflow/example_dags/example_time_delta_sensor_async.py for tasks to queue
[2023-10-04T21:52:44.887+0300] {logging_mixin.py:149} INFO - [2023-10-04T21:52:44.887+0300] {dagbag.py:541} INFO - Filling up the DagBag from /home/paulet/anaconda3/lib/python3.10/site-packages/airflow/example_dags/example_time_delta_sensor_async.py
[2023-10-04T21:52:44.895+0300] {processor.py:836} INFO - DAG(s) dict_keys(['example_time_delta_sensor_async']) retrieved from /home/paulet/anaconda3/lib/python3.10/site-packages/airflow/example_dags/example_time_delta_sensor_async.py
[2023-10-04T21:52:44.919+0300] {logging_mixin.py:149} INFO - [2023-10-04T21:52:44.919+0300] {dag.py:2726} INFO - Sync 1 DAGs
[2023-10-04T21:52:44.942+0300] {logging_mixin.py:149} INFO - [2023-10-04T21:52:44.942+0300] {dag.py:3486} INFO - Setting next_dagrun for example_time_delta_sensor_async to None, run_after=None
[2023-10-04T21:52:45.103+0300] {processor.py:179} INFO - Processing /home/paulet/anaconda3/lib/python3.10/site-packages/airflow/example_dags/example_time_delta_sensor_async.py took 0.223 seconds
[2023-10-04T21:53:41.551+0300] {processor.py:157} INFO - Started process (PID=27091) to work on /home/paulet/anaconda3/lib/python3.10/site-packages/airflow/example_dags/example_time_delta_sensor_async.py
[2023-10-04T21:53:41.553+0300] {processor.py:826} INFO - Processing file /home/paulet/anaconda3/lib/python3.10/site-packages/airflow/example_dags/example_time_delta_sensor_async.py for tasks to queue
[2023-10-04T21:53:41.554+0300] {logging_mixin.py:149} INFO - [2023-10-04T21:53:41.554+0300] {dagbag.py:541} INFO - Filling up the DagBag from /home/paulet/anaconda3/lib/python3.10/site-packages/airflow/example_dags/example_time_delta_sensor_async.py
[2023-10-04T21:53:41.562+0300] {processor.py:836} INFO - DAG(s) dict_keys(['example_time_delta_sensor_async']) retrieved from /home/paulet/anaconda3/lib/python3.10/site-packages/airflow/example_dags/example_time_delta_sensor_async.py
[2023-10-04T21:53:41.585+0300] {logging_mixin.py:149} INFO - [2023-10-04T21:53:41.585+0300] {dag.py:2726} INFO - Sync 1 DAGs
[2023-10-04T21:53:41.609+0300] {logging_mixin.py:149} INFO - [2023-10-04T21:53:41.609+0300] {dag.py:3486} INFO - Setting next_dagrun for example_time_delta_sensor_async to None, run_after=None
[2023-10-04T21:53:41.736+0300] {processor.py:179} INFO - Processing /home/paulet/anaconda3/lib/python3.10/site-packages/airflow/example_dags/example_time_delta_sensor_async.py took 0.189 seconds
[2023-10-04T21:54:46.193+0300] {processor.py:157} INFO - Started process (PID=27170) to work on /home/paulet/anaconda3/lib/python3.10/site-packages/airflow/example_dags/example_time_delta_sensor_async.py
[2023-10-04T21:54:46.194+0300] {processor.py:826} INFO - Processing file /home/paulet/anaconda3/lib/python3.10/site-packages/airflow/example_dags/example_time_delta_sensor_async.py for tasks to queue
[2023-10-04T21:54:46.195+0300] {logging_mixin.py:149} INFO - [2023-10-04T21:54:46.195+0300] {dagbag.py:541} INFO - Filling up the DagBag from /home/paulet/anaconda3/lib/python3.10/site-packages/airflow/example_dags/example_time_delta_sensor_async.py
[2023-10-04T21:54:46.203+0300] {processor.py:836} INFO - DAG(s) dict_keys(['example_time_delta_sensor_async']) retrieved from /home/paulet/anaconda3/lib/python3.10/site-packages/airflow/example_dags/example_time_delta_sensor_async.py
[2023-10-04T21:54:46.226+0300] {logging_mixin.py:149} INFO - [2023-10-04T21:54:46.225+0300] {dag.py:2726} INFO - Sync 1 DAGs
[2023-10-04T21:54:46.248+0300] {logging_mixin.py:149} INFO - [2023-10-04T21:54:46.248+0300] {dag.py:3486} INFO - Setting next_dagrun for example_time_delta_sensor_async to None, run_after=None
[2023-10-04T21:54:46.386+0300] {processor.py:179} INFO - Processing /home/paulet/anaconda3/lib/python3.10/site-packages/airflow/example_dags/example_time_delta_sensor_async.py took 0.197 seconds
[2023-10-04T21:55:42.170+0300] {processor.py:157} INFO - Started process (PID=27351) to work on /home/paulet/anaconda3/lib/python3.10/site-packages/airflow/example_dags/example_time_delta_sensor_async.py
[2023-10-04T21:55:42.231+0300] {processor.py:826} INFO - Processing file /home/paulet/anaconda3/lib/python3.10/site-packages/airflow/example_dags/example_time_delta_sensor_async.py for tasks to queue
[2023-10-04T21:55:42.232+0300] {logging_mixin.py:149} INFO - [2023-10-04T21:55:42.232+0300] {dagbag.py:541} INFO - Filling up the DagBag from /home/paulet/anaconda3/lib/python3.10/site-packages/airflow/example_dags/example_time_delta_sensor_async.py
[2023-10-04T21:55:42.240+0300] {processor.py:836} INFO - DAG(s) dict_keys(['example_time_delta_sensor_async']) retrieved from /home/paulet/anaconda3/lib/python3.10/site-packages/airflow/example_dags/example_time_delta_sensor_async.py
[2023-10-04T21:55:42.267+0300] {logging_mixin.py:149} INFO - [2023-10-04T21:55:42.266+0300] {dag.py:2726} INFO - Sync 1 DAGs
[2023-10-04T21:55:42.298+0300] {logging_mixin.py:149} INFO - [2023-10-04T21:55:42.298+0300] {dag.py:3486} INFO - Setting next_dagrun for example_time_delta_sensor_async to None, run_after=None
[2023-10-04T21:55:42.573+0300] {processor.py:179} INFO - Processing /home/paulet/anaconda3/lib/python3.10/site-packages/airflow/example_dags/example_time_delta_sensor_async.py took 0.408 seconds
