[2023-10-04T18:09:56.753+0300] {processor.py:157} INFO - Started process (PID=14272) to work on /home/paulet/anaconda3/lib/python3.10/site-packages/airflow/example_dags/example_task_group.py
[2023-10-04T18:09:56.754+0300] {processor.py:826} INFO - Processing file /home/paulet/anaconda3/lib/python3.10/site-packages/airflow/example_dags/example_task_group.py for tasks to queue
[2023-10-04T18:09:56.755+0300] {logging_mixin.py:149} INFO - [2023-10-04T18:09:56.755+0300] {dagbag.py:541} INFO - Filling up the DagBag from /home/paulet/anaconda3/lib/python3.10/site-packages/airflow/example_dags/example_task_group.py
[2023-10-04T18:09:56.766+0300] {processor.py:836} INFO - DAG(s) dict_keys(['example_task_group']) retrieved from /home/paulet/anaconda3/lib/python3.10/site-packages/airflow/example_dags/example_task_group.py
[2023-10-04T18:09:57.114+0300] {logging_mixin.py:149} INFO - [2023-10-04T18:09:57.113+0300] {manager.py:504} INFO - Created Permission View: can edit on DAG:example_task_group
[2023-10-04T18:09:57.252+0300] {logging_mixin.py:149} INFO - [2023-10-04T18:09:57.251+0300] {manager.py:504} INFO - Created Permission View: can read on DAG:example_task_group
[2023-10-04T18:09:57.428+0300] {logging_mixin.py:149} INFO - [2023-10-04T18:09:57.428+0300] {manager.py:504} INFO - Created Permission View: can delete on DAG:example_task_group
[2023-10-04T18:09:57.428+0300] {logging_mixin.py:149} INFO - [2023-10-04T18:09:57.428+0300] {dag.py:2726} INFO - Sync 1 DAGs
[2023-10-04T18:09:57.442+0300] {logging_mixin.py:149} INFO - [2023-10-04T18:09:57.442+0300] {dag.py:2747} INFO - Creating ORM DAG for example_task_group
[2023-10-04T18:09:57.454+0300] {logging_mixin.py:149} INFO - [2023-10-04T18:09:57.454+0300] {dag.py:3486} INFO - Setting next_dagrun for example_task_group to 2023-10-03T15:09:57.454090+00:00, run_after=2023-10-04T15:09:57.454090+00:00
[2023-10-04T18:09:57.672+0300] {processor.py:179} INFO - Processing /home/paulet/anaconda3/lib/python3.10/site-packages/airflow/example_dags/example_task_group.py took 0.924 seconds
[2023-10-04T18:11:32.943+0300] {processor.py:157} INFO - Started process (PID=14818) to work on /home/paulet/anaconda3/lib/python3.10/site-packages/airflow/example_dags/example_task_group.py
[2023-10-04T18:11:32.976+0300] {processor.py:826} INFO - Processing file /home/paulet/anaconda3/lib/python3.10/site-packages/airflow/example_dags/example_task_group.py for tasks to queue
[2023-10-04T18:11:32.977+0300] {logging_mixin.py:149} INFO - [2023-10-04T18:11:32.977+0300] {dagbag.py:541} INFO - Filling up the DagBag from /home/paulet/anaconda3/lib/python3.10/site-packages/airflow/example_dags/example_task_group.py
[2023-10-04T18:11:32.988+0300] {processor.py:836} INFO - DAG(s) dict_keys(['example_task_group']) retrieved from /home/paulet/anaconda3/lib/python3.10/site-packages/airflow/example_dags/example_task_group.py
[2023-10-04T18:11:33.018+0300] {logging_mixin.py:149} INFO - [2023-10-04T18:11:33.018+0300] {dag.py:2726} INFO - Sync 1 DAGs
[2023-10-04T18:11:33.044+0300] {logging_mixin.py:149} INFO - [2023-10-04T18:11:33.044+0300] {dag.py:3486} INFO - Setting next_dagrun for example_task_group to 2023-10-03T15:11:33.043754+00:00, run_after=2023-10-04T15:11:33.043754+00:00
[2023-10-04T18:11:33.194+0300] {processor.py:179} INFO - Processing /home/paulet/anaconda3/lib/python3.10/site-packages/airflow/example_dags/example_task_group.py took 0.255 seconds
[2023-10-04T18:14:13.527+0300] {processor.py:157} INFO - Started process (PID=16024) to work on /home/paulet/anaconda3/lib/python3.10/site-packages/airflow/example_dags/example_task_group.py
[2023-10-04T18:14:13.535+0300] {processor.py:826} INFO - Processing file /home/paulet/anaconda3/lib/python3.10/site-packages/airflow/example_dags/example_task_group.py for tasks to queue
[2023-10-04T18:14:13.536+0300] {logging_mixin.py:149} INFO - [2023-10-04T18:14:13.535+0300] {dagbag.py:541} INFO - Filling up the DagBag from /home/paulet/anaconda3/lib/python3.10/site-packages/airflow/example_dags/example_task_group.py
[2023-10-04T18:14:13.546+0300] {processor.py:836} INFO - DAG(s) dict_keys(['example_task_group']) retrieved from /home/paulet/anaconda3/lib/python3.10/site-packages/airflow/example_dags/example_task_group.py
[2023-10-04T18:14:13.573+0300] {logging_mixin.py:149} INFO - [2023-10-04T18:14:13.572+0300] {dag.py:2726} INFO - Sync 1 DAGs
[2023-10-04T18:14:13.597+0300] {logging_mixin.py:149} INFO - [2023-10-04T18:14:13.597+0300] {dag.py:3486} INFO - Setting next_dagrun for example_task_group to 2023-10-03T15:14:13.597115+00:00, run_after=2023-10-04T15:14:13.597115+00:00
[2023-10-04T18:14:13.752+0300] {processor.py:179} INFO - Processing /home/paulet/anaconda3/lib/python3.10/site-packages/airflow/example_dags/example_task_group.py took 0.229 seconds
[2023-10-04T18:15:24.764+0300] {processor.py:157} INFO - Started process (PID=16101) to work on /home/paulet/anaconda3/lib/python3.10/site-packages/airflow/example_dags/example_task_group.py
[2023-10-04T18:15:24.766+0300] {processor.py:826} INFO - Processing file /home/paulet/anaconda3/lib/python3.10/site-packages/airflow/example_dags/example_task_group.py for tasks to queue
[2023-10-04T18:15:24.767+0300] {logging_mixin.py:149} INFO - [2023-10-04T18:15:24.767+0300] {dagbag.py:541} INFO - Filling up the DagBag from /home/paulet/anaconda3/lib/python3.10/site-packages/airflow/example_dags/example_task_group.py
[2023-10-04T18:15:24.779+0300] {processor.py:836} INFO - DAG(s) dict_keys(['example_task_group']) retrieved from /home/paulet/anaconda3/lib/python3.10/site-packages/airflow/example_dags/example_task_group.py
[2023-10-04T18:15:24.807+0300] {logging_mixin.py:149} INFO - [2023-10-04T18:15:24.807+0300] {dag.py:2726} INFO - Sync 1 DAGs
[2023-10-04T18:15:24.831+0300] {logging_mixin.py:149} INFO - [2023-10-04T18:15:24.831+0300] {dag.py:3486} INFO - Setting next_dagrun for example_task_group to 2023-10-03T15:15:24.831209+00:00, run_after=2023-10-04T15:15:24.831209+00:00
[2023-10-04T18:15:24.978+0300] {processor.py:179} INFO - Processing /home/paulet/anaconda3/lib/python3.10/site-packages/airflow/example_dags/example_task_group.py took 0.218 seconds
[2023-10-04T18:16:50.319+0300] {processor.py:157} INFO - Started process (PID=16177) to work on /home/paulet/anaconda3/lib/python3.10/site-packages/airflow/example_dags/example_task_group.py
[2023-10-04T18:16:50.487+0300] {processor.py:826} INFO - Processing file /home/paulet/anaconda3/lib/python3.10/site-packages/airflow/example_dags/example_task_group.py for tasks to queue
[2023-10-04T18:16:50.488+0300] {logging_mixin.py:149} INFO - [2023-10-04T18:16:50.488+0300] {dagbag.py:541} INFO - Filling up the DagBag from /home/paulet/anaconda3/lib/python3.10/site-packages/airflow/example_dags/example_task_group.py
[2023-10-04T18:16:50.500+0300] {processor.py:836} INFO - DAG(s) dict_keys(['example_task_group']) retrieved from /home/paulet/anaconda3/lib/python3.10/site-packages/airflow/example_dags/example_task_group.py
[2023-10-04T18:16:50.531+0300] {logging_mixin.py:149} INFO - [2023-10-04T18:16:50.530+0300] {dag.py:2726} INFO - Sync 1 DAGs
[2023-10-04T18:16:50.561+0300] {logging_mixin.py:149} INFO - [2023-10-04T18:16:50.561+0300] {dag.py:3486} INFO - Setting next_dagrun for example_task_group to 2023-10-03T15:16:50.561309+00:00, run_after=2023-10-04T15:16:50.561309+00:00
[2023-10-04T18:16:50.908+0300] {processor.py:179} INFO - Processing /home/paulet/anaconda3/lib/python3.10/site-packages/airflow/example_dags/example_task_group.py took 0.593 seconds
[2023-10-04T21:00:53.268+0300] {processor.py:157} INFO - Started process (PID=22446) to work on /home/paulet/anaconda3/lib/python3.10/site-packages/airflow/example_dags/example_task_group.py
[2023-10-04T21:00:53.270+0300] {processor.py:826} INFO - Processing file /home/paulet/anaconda3/lib/python3.10/site-packages/airflow/example_dags/example_task_group.py for tasks to queue
[2023-10-04T21:00:53.271+0300] {logging_mixin.py:149} INFO - [2023-10-04T21:00:53.270+0300] {dagbag.py:541} INFO - Filling up the DagBag from /home/paulet/anaconda3/lib/python3.10/site-packages/airflow/example_dags/example_task_group.py
[2023-10-04T21:00:53.282+0300] {processor.py:836} INFO - DAG(s) dict_keys(['example_task_group']) retrieved from /home/paulet/anaconda3/lib/python3.10/site-packages/airflow/example_dags/example_task_group.py
[2023-10-04T21:00:53.311+0300] {logging_mixin.py:149} INFO - [2023-10-04T21:00:53.311+0300] {dag.py:2726} INFO - Sync 1 DAGs
[2023-10-04T21:00:53.333+0300] {logging_mixin.py:149} INFO - [2023-10-04T21:00:53.333+0300] {dag.py:3486} INFO - Setting next_dagrun for example_task_group to 2023-10-03T18:00:53.333101+00:00, run_after=2023-10-04T18:00:53.333101+00:00
[2023-10-04T21:00:53.468+0300] {processor.py:179} INFO - Processing /home/paulet/anaconda3/lib/python3.10/site-packages/airflow/example_dags/example_task_group.py took 0.204 seconds
[2023-10-04T21:02:07.089+0300] {processor.py:157} INFO - Started process (PID=22640) to work on /home/paulet/anaconda3/lib/python3.10/site-packages/airflow/example_dags/example_task_group.py
[2023-10-04T21:02:07.116+0300] {processor.py:826} INFO - Processing file /home/paulet/anaconda3/lib/python3.10/site-packages/airflow/example_dags/example_task_group.py for tasks to queue
[2023-10-04T21:02:07.117+0300] {logging_mixin.py:149} INFO - [2023-10-04T21:02:07.117+0300] {dagbag.py:541} INFO - Filling up the DagBag from /home/paulet/anaconda3/lib/python3.10/site-packages/airflow/example_dags/example_task_group.py
[2023-10-04T21:02:07.129+0300] {processor.py:836} INFO - DAG(s) dict_keys(['example_task_group']) retrieved from /home/paulet/anaconda3/lib/python3.10/site-packages/airflow/example_dags/example_task_group.py
[2023-10-04T21:02:07.158+0300] {logging_mixin.py:149} INFO - [2023-10-04T21:02:07.158+0300] {dag.py:2726} INFO - Sync 1 DAGs
[2023-10-04T21:02:07.184+0300] {logging_mixin.py:149} INFO - [2023-10-04T21:02:07.183+0300] {dag.py:3486} INFO - Setting next_dagrun for example_task_group to 2023-10-03T18:02:07.183584+00:00, run_after=2023-10-04T18:02:07.183584+00:00
[2023-10-04T21:02:07.328+0300] {processor.py:179} INFO - Processing /home/paulet/anaconda3/lib/python3.10/site-packages/airflow/example_dags/example_task_group.py took 0.243 seconds
[2023-10-04T21:03:04.056+0300] {processor.py:157} INFO - Started process (PID=22691) to work on /home/paulet/anaconda3/lib/python3.10/site-packages/airflow/example_dags/example_task_group.py
[2023-10-04T21:03:04.082+0300] {processor.py:826} INFO - Processing file /home/paulet/anaconda3/lib/python3.10/site-packages/airflow/example_dags/example_task_group.py for tasks to queue
[2023-10-04T21:03:04.084+0300] {logging_mixin.py:149} INFO - [2023-10-04T21:03:04.083+0300] {dagbag.py:541} INFO - Filling up the DagBag from /home/paulet/anaconda3/lib/python3.10/site-packages/airflow/example_dags/example_task_group.py
[2023-10-04T21:03:04.095+0300] {processor.py:836} INFO - DAG(s) dict_keys(['example_task_group']) retrieved from /home/paulet/anaconda3/lib/python3.10/site-packages/airflow/example_dags/example_task_group.py
[2023-10-04T21:03:04.124+0300] {logging_mixin.py:149} INFO - [2023-10-04T21:03:04.124+0300] {dag.py:2726} INFO - Sync 1 DAGs
[2023-10-04T21:03:04.149+0300] {logging_mixin.py:149} INFO - [2023-10-04T21:03:04.148+0300] {dag.py:3486} INFO - Setting next_dagrun for example_task_group to 2023-10-03T18:03:04.148668+00:00, run_after=2023-10-04T18:03:04.148668+00:00
[2023-10-04T21:03:04.294+0300] {processor.py:179} INFO - Processing /home/paulet/anaconda3/lib/python3.10/site-packages/airflow/example_dags/example_task_group.py took 0.242 seconds
[2023-10-04T21:04:00.717+0300] {processor.py:157} INFO - Started process (PID=22748) to work on /home/paulet/anaconda3/lib/python3.10/site-packages/airflow/example_dags/example_task_group.py
[2023-10-04T21:04:00.728+0300] {processor.py:826} INFO - Processing file /home/paulet/anaconda3/lib/python3.10/site-packages/airflow/example_dags/example_task_group.py for tasks to queue
[2023-10-04T21:04:00.729+0300] {logging_mixin.py:149} INFO - [2023-10-04T21:04:00.729+0300] {dagbag.py:541} INFO - Filling up the DagBag from /home/paulet/anaconda3/lib/python3.10/site-packages/airflow/example_dags/example_task_group.py
[2023-10-04T21:04:00.741+0300] {processor.py:836} INFO - DAG(s) dict_keys(['example_task_group']) retrieved from /home/paulet/anaconda3/lib/python3.10/site-packages/airflow/example_dags/example_task_group.py
[2023-10-04T21:04:00.768+0300] {logging_mixin.py:149} INFO - [2023-10-04T21:04:00.768+0300] {dag.py:2726} INFO - Sync 1 DAGs
[2023-10-04T21:04:00.794+0300] {logging_mixin.py:149} INFO - [2023-10-04T21:04:00.794+0300] {dag.py:3486} INFO - Setting next_dagrun for example_task_group to 2023-10-03T18:04:00.794252+00:00, run_after=2023-10-04T18:04:00.794252+00:00
[2023-10-04T21:04:00.925+0300] {processor.py:179} INFO - Processing /home/paulet/anaconda3/lib/python3.10/site-packages/airflow/example_dags/example_task_group.py took 0.213 seconds
[2023-10-04T21:04:57.957+0300] {processor.py:157} INFO - Started process (PID=22816) to work on /home/paulet/anaconda3/lib/python3.10/site-packages/airflow/example_dags/example_task_group.py
[2023-10-04T21:04:57.958+0300] {processor.py:826} INFO - Processing file /home/paulet/anaconda3/lib/python3.10/site-packages/airflow/example_dags/example_task_group.py for tasks to queue
[2023-10-04T21:04:57.959+0300] {logging_mixin.py:149} INFO - [2023-10-04T21:04:57.959+0300] {dagbag.py:541} INFO - Filling up the DagBag from /home/paulet/anaconda3/lib/python3.10/site-packages/airflow/example_dags/example_task_group.py
[2023-10-04T21:04:57.970+0300] {processor.py:836} INFO - DAG(s) dict_keys(['example_task_group']) retrieved from /home/paulet/anaconda3/lib/python3.10/site-packages/airflow/example_dags/example_task_group.py
[2023-10-04T21:04:57.996+0300] {logging_mixin.py:149} INFO - [2023-10-04T21:04:57.996+0300] {dag.py:2726} INFO - Sync 1 DAGs
[2023-10-04T21:04:58.019+0300] {logging_mixin.py:149} INFO - [2023-10-04T21:04:58.019+0300] {dag.py:3486} INFO - Setting next_dagrun for example_task_group to 2023-10-03T18:04:58.018895+00:00, run_after=2023-10-04T18:04:58.018895+00:00
[2023-10-04T21:04:58.247+0300] {processor.py:179} INFO - Processing /home/paulet/anaconda3/lib/python3.10/site-packages/airflow/example_dags/example_task_group.py took 0.294 seconds
[2023-10-04T21:05:54.640+0300] {processor.py:157} INFO - Started process (PID=22893) to work on /home/paulet/anaconda3/lib/python3.10/site-packages/airflow/example_dags/example_task_group.py
[2023-10-04T21:05:54.641+0300] {processor.py:826} INFO - Processing file /home/paulet/anaconda3/lib/python3.10/site-packages/airflow/example_dags/example_task_group.py for tasks to queue
[2023-10-04T21:05:54.642+0300] {logging_mixin.py:149} INFO - [2023-10-04T21:05:54.642+0300] {dagbag.py:541} INFO - Filling up the DagBag from /home/paulet/anaconda3/lib/python3.10/site-packages/airflow/example_dags/example_task_group.py
[2023-10-04T21:05:54.651+0300] {processor.py:836} INFO - DAG(s) dict_keys(['example_task_group']) retrieved from /home/paulet/anaconda3/lib/python3.10/site-packages/airflow/example_dags/example_task_group.py
[2023-10-04T21:05:54.674+0300] {logging_mixin.py:149} INFO - [2023-10-04T21:05:54.674+0300] {dag.py:2726} INFO - Sync 1 DAGs
[2023-10-04T21:05:54.699+0300] {logging_mixin.py:149} INFO - [2023-10-04T21:05:54.699+0300] {dag.py:3486} INFO - Setting next_dagrun for example_task_group to 2023-10-03T18:05:54.698752+00:00, run_after=2023-10-04T18:05:54.698752+00:00
[2023-10-04T21:05:54.835+0300] {processor.py:179} INFO - Processing /home/paulet/anaconda3/lib/python3.10/site-packages/airflow/example_dags/example_task_group.py took 0.199 seconds
[2023-10-04T21:06:53.092+0300] {processor.py:157} INFO - Started process (PID=22945) to work on /home/paulet/anaconda3/lib/python3.10/site-packages/airflow/example_dags/example_task_group.py
[2023-10-04T21:06:53.094+0300] {processor.py:826} INFO - Processing file /home/paulet/anaconda3/lib/python3.10/site-packages/airflow/example_dags/example_task_group.py for tasks to queue
[2023-10-04T21:06:53.095+0300] {logging_mixin.py:149} INFO - [2023-10-04T21:06:53.095+0300] {dagbag.py:541} INFO - Filling up the DagBag from /home/paulet/anaconda3/lib/python3.10/site-packages/airflow/example_dags/example_task_group.py
[2023-10-04T21:06:53.106+0300] {processor.py:836} INFO - DAG(s) dict_keys(['example_task_group']) retrieved from /home/paulet/anaconda3/lib/python3.10/site-packages/airflow/example_dags/example_task_group.py
[2023-10-04T21:06:53.132+0300] {logging_mixin.py:149} INFO - [2023-10-04T21:06:53.131+0300] {dag.py:2726} INFO - Sync 1 DAGs
[2023-10-04T21:06:53.156+0300] {logging_mixin.py:149} INFO - [2023-10-04T21:06:53.156+0300] {dag.py:3486} INFO - Setting next_dagrun for example_task_group to 2023-10-03T18:06:53.156132+00:00, run_after=2023-10-04T18:06:53.156132+00:00
[2023-10-04T21:06:53.301+0300] {processor.py:179} INFO - Processing /home/paulet/anaconda3/lib/python3.10/site-packages/airflow/example_dags/example_task_group.py took 0.213 seconds
[2023-10-04T21:07:43.335+0300] {processor.py:157} INFO - Started process (PID=22993) to work on /home/paulet/anaconda3/lib/python3.10/site-packages/airflow/example_dags/example_task_group.py
[2023-10-04T21:07:43.337+0300] {processor.py:826} INFO - Processing file /home/paulet/anaconda3/lib/python3.10/site-packages/airflow/example_dags/example_task_group.py for tasks to queue
[2023-10-04T21:07:43.337+0300] {logging_mixin.py:149} INFO - [2023-10-04T21:07:43.337+0300] {dagbag.py:541} INFO - Filling up the DagBag from /home/paulet/anaconda3/lib/python3.10/site-packages/airflow/example_dags/example_task_group.py
[2023-10-04T21:07:43.347+0300] {processor.py:836} INFO - DAG(s) dict_keys(['example_task_group']) retrieved from /home/paulet/anaconda3/lib/python3.10/site-packages/airflow/example_dags/example_task_group.py
[2023-10-04T21:07:43.370+0300] {logging_mixin.py:149} INFO - [2023-10-04T21:07:43.370+0300] {dag.py:2726} INFO - Sync 1 DAGs
[2023-10-04T21:07:43.393+0300] {logging_mixin.py:149} INFO - [2023-10-04T21:07:43.393+0300] {dag.py:3486} INFO - Setting next_dagrun for example_task_group to 2023-10-03T18:07:43.393018+00:00, run_after=2023-10-04T18:07:43.393018+00:00
[2023-10-04T21:07:43.518+0300] {processor.py:179} INFO - Processing /home/paulet/anaconda3/lib/python3.10/site-packages/airflow/example_dags/example_task_group.py took 0.186 seconds
[2023-10-04T21:08:56.885+0300] {processor.py:157} INFO - Started process (PID=23082) to work on /home/paulet/anaconda3/lib/python3.10/site-packages/airflow/example_dags/example_task_group.py
[2023-10-04T21:08:56.887+0300] {processor.py:826} INFO - Processing file /home/paulet/anaconda3/lib/python3.10/site-packages/airflow/example_dags/example_task_group.py for tasks to queue
[2023-10-04T21:08:56.887+0300] {logging_mixin.py:149} INFO - [2023-10-04T21:08:56.887+0300] {dagbag.py:541} INFO - Filling up the DagBag from /home/paulet/anaconda3/lib/python3.10/site-packages/airflow/example_dags/example_task_group.py
[2023-10-04T21:08:56.899+0300] {processor.py:836} INFO - DAG(s) dict_keys(['example_task_group']) retrieved from /home/paulet/anaconda3/lib/python3.10/site-packages/airflow/example_dags/example_task_group.py
[2023-10-04T21:08:56.925+0300] {logging_mixin.py:149} INFO - [2023-10-04T21:08:56.925+0300] {dag.py:2726} INFO - Sync 1 DAGs
[2023-10-04T21:08:56.948+0300] {logging_mixin.py:149} INFO - [2023-10-04T21:08:56.947+0300] {dag.py:3486} INFO - Setting next_dagrun for example_task_group to 2023-10-03T18:08:56.947553+00:00, run_after=2023-10-04T18:08:56.947553+00:00
[2023-10-04T21:08:57.081+0300] {processor.py:179} INFO - Processing /home/paulet/anaconda3/lib/python3.10/site-packages/airflow/example_dags/example_task_group.py took 0.201 seconds
[2023-10-04T21:09:45.999+0300] {processor.py:157} INFO - Started process (PID=23168) to work on /home/paulet/anaconda3/lib/python3.10/site-packages/airflow/example_dags/example_task_group.py
[2023-10-04T21:09:46.001+0300] {processor.py:826} INFO - Processing file /home/paulet/anaconda3/lib/python3.10/site-packages/airflow/example_dags/example_task_group.py for tasks to queue
[2023-10-04T21:09:46.002+0300] {logging_mixin.py:149} INFO - [2023-10-04T21:09:46.002+0300] {dagbag.py:541} INFO - Filling up the DagBag from /home/paulet/anaconda3/lib/python3.10/site-packages/airflow/example_dags/example_task_group.py
[2023-10-04T21:09:46.015+0300] {processor.py:836} INFO - DAG(s) dict_keys(['example_task_group']) retrieved from /home/paulet/anaconda3/lib/python3.10/site-packages/airflow/example_dags/example_task_group.py
[2023-10-04T21:09:46.041+0300] {logging_mixin.py:149} INFO - [2023-10-04T21:09:46.041+0300] {dag.py:2726} INFO - Sync 1 DAGs
[2023-10-04T21:09:46.066+0300] {logging_mixin.py:149} INFO - [2023-10-04T21:09:46.066+0300] {dag.py:3486} INFO - Setting next_dagrun for example_task_group to 2023-10-03T18:09:46.065888+00:00, run_after=2023-10-04T18:09:46.065888+00:00
[2023-10-04T21:09:46.234+0300] {processor.py:179} INFO - Processing /home/paulet/anaconda3/lib/python3.10/site-packages/airflow/example_dags/example_task_group.py took 0.239 seconds
[2023-10-04T21:10:36.464+0300] {processor.py:157} INFO - Started process (PID=23252) to work on /home/paulet/anaconda3/lib/python3.10/site-packages/airflow/example_dags/example_task_group.py
[2023-10-04T21:10:36.466+0300] {processor.py:826} INFO - Processing file /home/paulet/anaconda3/lib/python3.10/site-packages/airflow/example_dags/example_task_group.py for tasks to queue
[2023-10-04T21:10:36.467+0300] {logging_mixin.py:149} INFO - [2023-10-04T21:10:36.466+0300] {dagbag.py:541} INFO - Filling up the DagBag from /home/paulet/anaconda3/lib/python3.10/site-packages/airflow/example_dags/example_task_group.py
[2023-10-04T21:10:36.479+0300] {processor.py:836} INFO - DAG(s) dict_keys(['example_task_group']) retrieved from /home/paulet/anaconda3/lib/python3.10/site-packages/airflow/example_dags/example_task_group.py
[2023-10-04T21:10:36.505+0300] {logging_mixin.py:149} INFO - [2023-10-04T21:10:36.505+0300] {dag.py:2726} INFO - Sync 1 DAGs
[2023-10-04T21:10:36.529+0300] {logging_mixin.py:149} INFO - [2023-10-04T21:10:36.529+0300] {dag.py:3486} INFO - Setting next_dagrun for example_task_group to 2023-10-03T18:10:36.529414+00:00, run_after=2023-10-04T18:10:36.529414+00:00
[2023-10-04T21:10:36.676+0300] {processor.py:179} INFO - Processing /home/paulet/anaconda3/lib/python3.10/site-packages/airflow/example_dags/example_task_group.py took 0.216 seconds
[2023-10-04T21:52:18.993+0300] {processor.py:157} INFO - Started process (PID=26958) to work on /home/paulet/anaconda3/lib/python3.10/site-packages/airflow/example_dags/example_task_group.py
[2023-10-04T21:52:19.018+0300] {processor.py:826} INFO - Processing file /home/paulet/anaconda3/lib/python3.10/site-packages/airflow/example_dags/example_task_group.py for tasks to queue
[2023-10-04T21:52:19.019+0300] {logging_mixin.py:149} INFO - [2023-10-04T21:52:19.018+0300] {dagbag.py:541} INFO - Filling up the DagBag from /home/paulet/anaconda3/lib/python3.10/site-packages/airflow/example_dags/example_task_group.py
[2023-10-04T21:52:19.030+0300] {processor.py:836} INFO - DAG(s) dict_keys(['example_task_group']) retrieved from /home/paulet/anaconda3/lib/python3.10/site-packages/airflow/example_dags/example_task_group.py
[2023-10-04T21:52:19.062+0300] {logging_mixin.py:149} INFO - [2023-10-04T21:52:19.062+0300] {dag.py:2726} INFO - Sync 1 DAGs
[2023-10-04T21:52:19.086+0300] {logging_mixin.py:149} INFO - [2023-10-04T21:52:19.086+0300] {dag.py:3486} INFO - Setting next_dagrun for example_task_group to 2023-10-03T18:52:19.085839+00:00, run_after=2023-10-04T18:52:19.085839+00:00
[2023-10-04T21:52:19.222+0300] {processor.py:179} INFO - Processing /home/paulet/anaconda3/lib/python3.10/site-packages/airflow/example_dags/example_task_group.py took 0.234 seconds
[2023-10-04T21:53:16.700+0300] {processor.py:157} INFO - Started process (PID=27052) to work on /home/paulet/anaconda3/lib/python3.10/site-packages/airflow/example_dags/example_task_group.py
[2023-10-04T21:53:16.702+0300] {processor.py:826} INFO - Processing file /home/paulet/anaconda3/lib/python3.10/site-packages/airflow/example_dags/example_task_group.py for tasks to queue
[2023-10-04T21:53:16.703+0300] {logging_mixin.py:149} INFO - [2023-10-04T21:53:16.703+0300] {dagbag.py:541} INFO - Filling up the DagBag from /home/paulet/anaconda3/lib/python3.10/site-packages/airflow/example_dags/example_task_group.py
[2023-10-04T21:53:16.714+0300] {processor.py:836} INFO - DAG(s) dict_keys(['example_task_group']) retrieved from /home/paulet/anaconda3/lib/python3.10/site-packages/airflow/example_dags/example_task_group.py
[2023-10-04T21:53:16.740+0300] {logging_mixin.py:149} INFO - [2023-10-04T21:53:16.740+0300] {dag.py:2726} INFO - Sync 1 DAGs
[2023-10-04T21:53:16.764+0300] {logging_mixin.py:149} INFO - [2023-10-04T21:53:16.763+0300] {dag.py:3486} INFO - Setting next_dagrun for example_task_group to 2023-10-03T18:53:16.763490+00:00, run_after=2023-10-04T18:53:16.763490+00:00
[2023-10-04T21:53:16.925+0300] {processor.py:179} INFO - Processing /home/paulet/anaconda3/lib/python3.10/site-packages/airflow/example_dags/example_task_group.py took 0.229 seconds
[2023-10-04T21:54:20.452+0300] {processor.py:157} INFO - Started process (PID=27150) to work on /home/paulet/anaconda3/lib/python3.10/site-packages/airflow/example_dags/example_task_group.py
[2023-10-04T21:54:20.476+0300] {processor.py:826} INFO - Processing file /home/paulet/anaconda3/lib/python3.10/site-packages/airflow/example_dags/example_task_group.py for tasks to queue
[2023-10-04T21:54:20.477+0300] {logging_mixin.py:149} INFO - [2023-10-04T21:54:20.477+0300] {dagbag.py:541} INFO - Filling up the DagBag from /home/paulet/anaconda3/lib/python3.10/site-packages/airflow/example_dags/example_task_group.py
[2023-10-04T21:54:20.489+0300] {processor.py:836} INFO - DAG(s) dict_keys(['example_task_group']) retrieved from /home/paulet/anaconda3/lib/python3.10/site-packages/airflow/example_dags/example_task_group.py
[2023-10-04T21:54:20.516+0300] {logging_mixin.py:149} INFO - [2023-10-04T21:54:20.516+0300] {dag.py:2726} INFO - Sync 1 DAGs
[2023-10-04T21:54:20.540+0300] {logging_mixin.py:149} INFO - [2023-10-04T21:54:20.540+0300] {dag.py:3486} INFO - Setting next_dagrun for example_task_group to 2023-10-03T18:54:20.539991+00:00, run_after=2023-10-04T18:54:20.539991+00:00
[2023-10-04T21:54:20.698+0300] {processor.py:179} INFO - Processing /home/paulet/anaconda3/lib/python3.10/site-packages/airflow/example_dags/example_task_group.py took 0.250 seconds
[2023-10-04T21:55:15.740+0300] {processor.py:157} INFO - Started process (PID=27208) to work on /home/paulet/anaconda3/lib/python3.10/site-packages/airflow/example_dags/example_task_group.py
[2023-10-04T21:55:15.771+0300] {processor.py:826} INFO - Processing file /home/paulet/anaconda3/lib/python3.10/site-packages/airflow/example_dags/example_task_group.py for tasks to queue
[2023-10-04T21:55:15.772+0300] {logging_mixin.py:149} INFO - [2023-10-04T21:55:15.771+0300] {dagbag.py:541} INFO - Filling up the DagBag from /home/paulet/anaconda3/lib/python3.10/site-packages/airflow/example_dags/example_task_group.py
[2023-10-04T21:55:15.781+0300] {processor.py:836} INFO - DAG(s) dict_keys(['example_task_group']) retrieved from /home/paulet/anaconda3/lib/python3.10/site-packages/airflow/example_dags/example_task_group.py
[2023-10-04T21:55:15.807+0300] {logging_mixin.py:149} INFO - [2023-10-04T21:55:15.806+0300] {dag.py:2726} INFO - Sync 1 DAGs
[2023-10-04T21:55:15.832+0300] {logging_mixin.py:149} INFO - [2023-10-04T21:55:15.832+0300] {dag.py:3486} INFO - Setting next_dagrun for example_task_group to 2023-10-03T18:55:15.832146+00:00, run_after=2023-10-04T18:55:15.832146+00:00
[2023-10-04T21:55:15.979+0300] {processor.py:179} INFO - Processing /home/paulet/anaconda3/lib/python3.10/site-packages/airflow/example_dags/example_task_group.py took 0.242 seconds
