[2023-10-04T18:10:23.309+0300] {processor.py:157} INFO - Started process (PID=14385) to work on /home/paulet/anaconda3/lib/python3.10/site-packages/airflow/example_dags/example_bash_operator.py
[2023-10-04T18:10:23.310+0300] {processor.py:826} INFO - Processing file /home/paulet/anaconda3/lib/python3.10/site-packages/airflow/example_dags/example_bash_operator.py for tasks to queue
[2023-10-04T18:10:23.312+0300] {logging_mixin.py:149} INFO - [2023-10-04T18:10:23.312+0300] {dagbag.py:541} INFO - Filling up the DagBag from /home/paulet/anaconda3/lib/python3.10/site-packages/airflow/example_dags/example_bash_operator.py
[2023-10-04T18:10:23.334+0300] {processor.py:836} INFO - DAG(s) dict_keys(['example_bash_operator']) retrieved from /home/paulet/anaconda3/lib/python3.10/site-packages/airflow/example_dags/example_bash_operator.py
[2023-10-04T18:10:23.920+0300] {logging_mixin.py:149} INFO - [2023-10-04T18:10:23.919+0300] {manager.py:504} INFO - Created Permission View: can edit on DAG:example_bash_operator
[2023-10-04T18:10:24.118+0300] {logging_mixin.py:149} INFO - [2023-10-04T18:10:24.117+0300] {manager.py:504} INFO - Created Permission View: can read on DAG:example_bash_operator
[2023-10-04T18:10:24.225+0300] {logging_mixin.py:149} INFO - [2023-10-04T18:10:24.225+0300] {manager.py:504} INFO - Created Permission View: can delete on DAG:example_bash_operator
[2023-10-04T18:10:24.226+0300] {logging_mixin.py:149} INFO - [2023-10-04T18:10:24.226+0300] {dag.py:2726} INFO - Sync 1 DAGs
[2023-10-04T18:10:24.265+0300] {logging_mixin.py:149} INFO - [2023-10-04T18:10:24.264+0300] {dag.py:2747} INFO - Creating ORM DAG for example_bash_operator
[2023-10-04T18:10:24.293+0300] {logging_mixin.py:149} INFO - [2023-10-04T18:10:24.292+0300] {dag.py:3486} INFO - Setting next_dagrun for example_bash_operator to 2023-10-03T00:00:00+00:00, run_after=2023-10-04T00:00:00+00:00
[2023-10-04T18:10:24.493+0300] {processor.py:179} INFO - Processing /home/paulet/anaconda3/lib/python3.10/site-packages/airflow/example_dags/example_bash_operator.py took 1.189 seconds
[2023-10-04T18:12:32.337+0300] {processor.py:157} INFO - Started process (PID=15153) to work on /home/paulet/anaconda3/lib/python3.10/site-packages/airflow/example_dags/example_bash_operator.py
[2023-10-04T18:12:32.338+0300] {processor.py:826} INFO - Processing file /home/paulet/anaconda3/lib/python3.10/site-packages/airflow/example_dags/example_bash_operator.py for tasks to queue
[2023-10-04T18:12:32.339+0300] {logging_mixin.py:149} INFO - [2023-10-04T18:12:32.339+0300] {dagbag.py:541} INFO - Filling up the DagBag from /home/paulet/anaconda3/lib/python3.10/site-packages/airflow/example_dags/example_bash_operator.py
[2023-10-04T18:12:32.360+0300] {processor.py:836} INFO - DAG(s) dict_keys(['example_bash_operator']) retrieved from /home/paulet/anaconda3/lib/python3.10/site-packages/airflow/example_dags/example_bash_operator.py
[2023-10-04T18:12:32.399+0300] {logging_mixin.py:149} INFO - [2023-10-04T18:12:32.399+0300] {dag.py:2726} INFO - Sync 1 DAGs
[2023-10-04T18:12:32.426+0300] {logging_mixin.py:149} INFO - [2023-10-04T18:12:32.426+0300] {dag.py:3486} INFO - Setting next_dagrun for example_bash_operator to 2023-10-03T00:00:00+00:00, run_after=2023-10-04T00:00:00+00:00
[2023-10-04T18:12:32.526+0300] {processor.py:179} INFO - Processing /home/paulet/anaconda3/lib/python3.10/site-packages/airflow/example_dags/example_bash_operator.py took 0.194 seconds
[2023-10-04T18:14:56.446+0300] {processor.py:157} INFO - Started process (PID=16066) to work on /home/paulet/anaconda3/lib/python3.10/site-packages/airflow/example_dags/example_bash_operator.py
[2023-10-04T18:14:56.447+0300] {processor.py:826} INFO - Processing file /home/paulet/anaconda3/lib/python3.10/site-packages/airflow/example_dags/example_bash_operator.py for tasks to queue
[2023-10-04T18:14:56.448+0300] {logging_mixin.py:149} INFO - [2023-10-04T18:14:56.448+0300] {dagbag.py:541} INFO - Filling up the DagBag from /home/paulet/anaconda3/lib/python3.10/site-packages/airflow/example_dags/example_bash_operator.py
[2023-10-04T18:14:56.466+0300] {processor.py:836} INFO - DAG(s) dict_keys(['example_bash_operator']) retrieved from /home/paulet/anaconda3/lib/python3.10/site-packages/airflow/example_dags/example_bash_operator.py
[2023-10-04T18:14:56.509+0300] {logging_mixin.py:149} INFO - [2023-10-04T18:14:56.509+0300] {dag.py:2726} INFO - Sync 1 DAGs
[2023-10-04T18:14:56.536+0300] {logging_mixin.py:149} INFO - [2023-10-04T18:14:56.536+0300] {dag.py:3486} INFO - Setting next_dagrun for example_bash_operator to 2023-10-03T00:00:00+00:00, run_after=2023-10-04T00:00:00+00:00
[2023-10-04T18:14:56.673+0300] {processor.py:179} INFO - Processing /home/paulet/anaconda3/lib/python3.10/site-packages/airflow/example_dags/example_bash_operator.py took 0.231 seconds
[2023-10-04T18:15:51.817+0300] {processor.py:157} INFO - Started process (PID=16126) to work on /home/paulet/anaconda3/lib/python3.10/site-packages/airflow/example_dags/example_bash_operator.py
[2023-10-04T18:15:51.828+0300] {processor.py:826} INFO - Processing file /home/paulet/anaconda3/lib/python3.10/site-packages/airflow/example_dags/example_bash_operator.py for tasks to queue
[2023-10-04T18:15:51.830+0300] {logging_mixin.py:149} INFO - [2023-10-04T18:15:51.830+0300] {dagbag.py:541} INFO - Filling up the DagBag from /home/paulet/anaconda3/lib/python3.10/site-packages/airflow/example_dags/example_bash_operator.py
[2023-10-04T18:15:51.849+0300] {processor.py:836} INFO - DAG(s) dict_keys(['example_bash_operator']) retrieved from /home/paulet/anaconda3/lib/python3.10/site-packages/airflow/example_dags/example_bash_operator.py
[2023-10-04T18:15:51.889+0300] {logging_mixin.py:149} INFO - [2023-10-04T18:15:51.889+0300] {dag.py:2726} INFO - Sync 1 DAGs
[2023-10-04T18:15:51.919+0300] {logging_mixin.py:149} INFO - [2023-10-04T18:15:51.919+0300] {dag.py:3486} INFO - Setting next_dagrun for example_bash_operator to 2023-10-03T00:00:00+00:00, run_after=2023-10-04T00:00:00+00:00
[2023-10-04T18:15:52.059+0300] {processor.py:179} INFO - Processing /home/paulet/anaconda3/lib/python3.10/site-packages/airflow/example_dags/example_bash_operator.py took 0.248 seconds
[2023-10-04T18:17:07.462+0300] {processor.py:157} INFO - Started process (PID=16205) to work on /home/paulet/anaconda3/lib/python3.10/site-packages/airflow/example_dags/example_bash_operator.py
[2023-10-04T18:17:07.514+0300] {processor.py:826} INFO - Processing file /home/paulet/anaconda3/lib/python3.10/site-packages/airflow/example_dags/example_bash_operator.py for tasks to queue
[2023-10-04T18:17:07.515+0300] {logging_mixin.py:149} INFO - [2023-10-04T18:17:07.515+0300] {dagbag.py:541} INFO - Filling up the DagBag from /home/paulet/anaconda3/lib/python3.10/site-packages/airflow/example_dags/example_bash_operator.py
[2023-10-04T18:17:07.536+0300] {processor.py:836} INFO - DAG(s) dict_keys(['example_bash_operator']) retrieved from /home/paulet/anaconda3/lib/python3.10/site-packages/airflow/example_dags/example_bash_operator.py
[2023-10-04T18:17:07.578+0300] {logging_mixin.py:149} INFO - [2023-10-04T18:17:07.578+0300] {dag.py:2726} INFO - Sync 1 DAGs
[2023-10-04T18:17:07.606+0300] {logging_mixin.py:149} INFO - [2023-10-04T18:17:07.606+0300] {dag.py:3486} INFO - Setting next_dagrun for example_bash_operator to 2023-10-03T00:00:00+00:00, run_after=2023-10-04T00:00:00+00:00
[2023-10-04T18:17:07.702+0300] {processor.py:179} INFO - Processing /home/paulet/anaconda3/lib/python3.10/site-packages/airflow/example_dags/example_bash_operator.py took 0.245 seconds
[2023-10-04T21:01:05.087+0300] {processor.py:157} INFO - Started process (PID=22456) to work on /home/paulet/anaconda3/lib/python3.10/site-packages/airflow/example_dags/example_bash_operator.py
[2023-10-04T21:01:05.104+0300] {processor.py:826} INFO - Processing file /home/paulet/anaconda3/lib/python3.10/site-packages/airflow/example_dags/example_bash_operator.py for tasks to queue
[2023-10-04T21:01:05.105+0300] {logging_mixin.py:149} INFO - [2023-10-04T21:01:05.105+0300] {dagbag.py:541} INFO - Filling up the DagBag from /home/paulet/anaconda3/lib/python3.10/site-packages/airflow/example_dags/example_bash_operator.py
[2023-10-04T21:01:05.133+0300] {processor.py:836} INFO - DAG(s) dict_keys(['example_bash_operator']) retrieved from /home/paulet/anaconda3/lib/python3.10/site-packages/airflow/example_dags/example_bash_operator.py
[2023-10-04T21:01:05.180+0300] {logging_mixin.py:149} INFO - [2023-10-04T21:01:05.179+0300] {dag.py:2726} INFO - Sync 1 DAGs
[2023-10-04T21:01:05.208+0300] {logging_mixin.py:149} INFO - [2023-10-04T21:01:05.208+0300] {dag.py:3486} INFO - Setting next_dagrun for example_bash_operator to 2023-10-03T00:00:00+00:00, run_after=2023-10-04T00:00:00+00:00
[2023-10-04T21:01:05.365+0300] {processor.py:179} INFO - Processing /home/paulet/anaconda3/lib/python3.10/site-packages/airflow/example_dags/example_bash_operator.py took 0.282 seconds
[2023-10-04T21:02:19.524+0300] {processor.py:157} INFO - Started process (PID=22650) to work on /home/paulet/anaconda3/lib/python3.10/site-packages/airflow/example_dags/example_bash_operator.py
[2023-10-04T21:02:19.525+0300] {processor.py:826} INFO - Processing file /home/paulet/anaconda3/lib/python3.10/site-packages/airflow/example_dags/example_bash_operator.py for tasks to queue
[2023-10-04T21:02:19.526+0300] {logging_mixin.py:149} INFO - [2023-10-04T21:02:19.526+0300] {dagbag.py:541} INFO - Filling up the DagBag from /home/paulet/anaconda3/lib/python3.10/site-packages/airflow/example_dags/example_bash_operator.py
[2023-10-04T21:02:19.546+0300] {processor.py:836} INFO - DAG(s) dict_keys(['example_bash_operator']) retrieved from /home/paulet/anaconda3/lib/python3.10/site-packages/airflow/example_dags/example_bash_operator.py
[2023-10-04T21:02:19.585+0300] {logging_mixin.py:149} INFO - [2023-10-04T21:02:19.584+0300] {dag.py:2726} INFO - Sync 1 DAGs
[2023-10-04T21:02:19.610+0300] {logging_mixin.py:149} INFO - [2023-10-04T21:02:19.609+0300] {dag.py:3486} INFO - Setting next_dagrun for example_bash_operator to 2023-10-03T00:00:00+00:00, run_after=2023-10-04T00:00:00+00:00
[2023-10-04T21:02:19.717+0300] {processor.py:179} INFO - Processing /home/paulet/anaconda3/lib/python3.10/site-packages/airflow/example_dags/example_bash_operator.py took 0.198 seconds
[2023-10-04T21:03:36.247+0300] {processor.py:157} INFO - Started process (PID=22723) to work on /home/paulet/anaconda3/lib/python3.10/site-packages/airflow/example_dags/example_bash_operator.py
[2023-10-04T21:03:36.254+0300] {processor.py:826} INFO - Processing file /home/paulet/anaconda3/lib/python3.10/site-packages/airflow/example_dags/example_bash_operator.py for tasks to queue
[2023-10-04T21:03:36.255+0300] {logging_mixin.py:149} INFO - [2023-10-04T21:03:36.255+0300] {dagbag.py:541} INFO - Filling up the DagBag from /home/paulet/anaconda3/lib/python3.10/site-packages/airflow/example_dags/example_bash_operator.py
[2023-10-04T21:03:36.276+0300] {processor.py:836} INFO - DAG(s) dict_keys(['example_bash_operator']) retrieved from /home/paulet/anaconda3/lib/python3.10/site-packages/airflow/example_dags/example_bash_operator.py
[2023-10-04T21:03:36.315+0300] {logging_mixin.py:149} INFO - [2023-10-04T21:03:36.314+0300] {dag.py:2726} INFO - Sync 1 DAGs
[2023-10-04T21:03:36.340+0300] {logging_mixin.py:149} INFO - [2023-10-04T21:03:36.340+0300] {dag.py:3486} INFO - Setting next_dagrun for example_bash_operator to 2023-10-03T00:00:00+00:00, run_after=2023-10-04T00:00:00+00:00
[2023-10-04T21:03:36.442+0300] {processor.py:179} INFO - Processing /home/paulet/anaconda3/lib/python3.10/site-packages/airflow/example_dags/example_bash_operator.py took 0.199 seconds
[2023-10-04T21:04:32.925+0300] {processor.py:157} INFO - Started process (PID=22797) to work on /home/paulet/anaconda3/lib/python3.10/site-packages/airflow/example_dags/example_bash_operator.py
[2023-10-04T21:04:32.927+0300] {processor.py:826} INFO - Processing file /home/paulet/anaconda3/lib/python3.10/site-packages/airflow/example_dags/example_bash_operator.py for tasks to queue
[2023-10-04T21:04:32.928+0300] {logging_mixin.py:149} INFO - [2023-10-04T21:04:32.928+0300] {dagbag.py:541} INFO - Filling up the DagBag from /home/paulet/anaconda3/lib/python3.10/site-packages/airflow/example_dags/example_bash_operator.py
[2023-10-04T21:04:32.949+0300] {processor.py:836} INFO - DAG(s) dict_keys(['example_bash_operator']) retrieved from /home/paulet/anaconda3/lib/python3.10/site-packages/airflow/example_dags/example_bash_operator.py
[2023-10-04T21:04:32.987+0300] {logging_mixin.py:149} INFO - [2023-10-04T21:04:32.987+0300] {dag.py:2726} INFO - Sync 1 DAGs
[2023-10-04T21:04:33.011+0300] {logging_mixin.py:149} INFO - [2023-10-04T21:04:33.011+0300] {dag.py:3486} INFO - Setting next_dagrun for example_bash_operator to 2023-10-03T00:00:00+00:00, run_after=2023-10-04T00:00:00+00:00
[2023-10-04T21:04:33.142+0300] {processor.py:179} INFO - Processing /home/paulet/anaconda3/lib/python3.10/site-packages/airflow/example_dags/example_bash_operator.py took 0.221 seconds
[2023-10-04T21:05:30.316+0300] {processor.py:157} INFO - Started process (PID=22873) to work on /home/paulet/anaconda3/lib/python3.10/site-packages/airflow/example_dags/example_bash_operator.py
[2023-10-04T21:05:30.318+0300] {processor.py:826} INFO - Processing file /home/paulet/anaconda3/lib/python3.10/site-packages/airflow/example_dags/example_bash_operator.py for tasks to queue
[2023-10-04T21:05:30.319+0300] {logging_mixin.py:149} INFO - [2023-10-04T21:05:30.319+0300] {dagbag.py:541} INFO - Filling up the DagBag from /home/paulet/anaconda3/lib/python3.10/site-packages/airflow/example_dags/example_bash_operator.py
[2023-10-04T21:05:30.341+0300] {processor.py:836} INFO - DAG(s) dict_keys(['example_bash_operator']) retrieved from /home/paulet/anaconda3/lib/python3.10/site-packages/airflow/example_dags/example_bash_operator.py
[2023-10-04T21:05:30.379+0300] {logging_mixin.py:149} INFO - [2023-10-04T21:05:30.379+0300] {dag.py:2726} INFO - Sync 1 DAGs
[2023-10-04T21:05:30.403+0300] {logging_mixin.py:149} INFO - [2023-10-04T21:05:30.403+0300] {dag.py:3486} INFO - Setting next_dagrun for example_bash_operator to 2023-10-03T00:00:00+00:00, run_after=2023-10-04T00:00:00+00:00
[2023-10-04T21:05:30.526+0300] {processor.py:179} INFO - Processing /home/paulet/anaconda3/lib/python3.10/site-packages/airflow/example_dags/example_bash_operator.py took 0.214 seconds
[2023-10-04T21:06:28.814+0300] {processor.py:157} INFO - Started process (PID=22926) to work on /home/paulet/anaconda3/lib/python3.10/site-packages/airflow/example_dags/example_bash_operator.py
[2023-10-04T21:06:28.815+0300] {processor.py:826} INFO - Processing file /home/paulet/anaconda3/lib/python3.10/site-packages/airflow/example_dags/example_bash_operator.py for tasks to queue
[2023-10-04T21:06:28.816+0300] {logging_mixin.py:149} INFO - [2023-10-04T21:06:28.816+0300] {dagbag.py:541} INFO - Filling up the DagBag from /home/paulet/anaconda3/lib/python3.10/site-packages/airflow/example_dags/example_bash_operator.py
[2023-10-04T21:06:28.837+0300] {processor.py:836} INFO - DAG(s) dict_keys(['example_bash_operator']) retrieved from /home/paulet/anaconda3/lib/python3.10/site-packages/airflow/example_dags/example_bash_operator.py
[2023-10-04T21:06:28.874+0300] {logging_mixin.py:149} INFO - [2023-10-04T21:06:28.874+0300] {dag.py:2726} INFO - Sync 1 DAGs
[2023-10-04T21:06:28.900+0300] {logging_mixin.py:149} INFO - [2023-10-04T21:06:28.900+0300] {dag.py:3486} INFO - Setting next_dagrun for example_bash_operator to 2023-10-03T00:00:00+00:00, run_after=2023-10-04T00:00:00+00:00
[2023-10-04T21:06:29.050+0300] {processor.py:179} INFO - Processing /home/paulet/anaconda3/lib/python3.10/site-packages/airflow/example_dags/example_bash_operator.py took 0.241 seconds
[2023-10-04T21:07:24.201+0300] {processor.py:157} INFO - Started process (PID=22977) to work on /home/paulet/anaconda3/lib/python3.10/site-packages/airflow/example_dags/example_bash_operator.py
[2023-10-04T21:07:24.202+0300] {processor.py:826} INFO - Processing file /home/paulet/anaconda3/lib/python3.10/site-packages/airflow/example_dags/example_bash_operator.py for tasks to queue
[2023-10-04T21:07:24.203+0300] {logging_mixin.py:149} INFO - [2023-10-04T21:07:24.203+0300] {dagbag.py:541} INFO - Filling up the DagBag from /home/paulet/anaconda3/lib/python3.10/site-packages/airflow/example_dags/example_bash_operator.py
[2023-10-04T21:07:24.223+0300] {processor.py:836} INFO - DAG(s) dict_keys(['example_bash_operator']) retrieved from /home/paulet/anaconda3/lib/python3.10/site-packages/airflow/example_dags/example_bash_operator.py
[2023-10-04T21:07:24.261+0300] {logging_mixin.py:149} INFO - [2023-10-04T21:07:24.260+0300] {dag.py:2726} INFO - Sync 1 DAGs
[2023-10-04T21:07:24.285+0300] {logging_mixin.py:149} INFO - [2023-10-04T21:07:24.285+0300] {dag.py:3486} INFO - Setting next_dagrun for example_bash_operator to 2023-10-03T00:00:00+00:00, run_after=2023-10-04T00:00:00+00:00
[2023-10-04T21:07:24.413+0300] {processor.py:179} INFO - Processing /home/paulet/anaconda3/lib/python3.10/site-packages/airflow/example_dags/example_bash_operator.py took 0.216 seconds
[2023-10-04T21:08:35.096+0300] {processor.py:157} INFO - Started process (PID=23060) to work on /home/paulet/anaconda3/lib/python3.10/site-packages/airflow/example_dags/example_bash_operator.py
[2023-10-04T21:08:35.098+0300] {processor.py:826} INFO - Processing file /home/paulet/anaconda3/lib/python3.10/site-packages/airflow/example_dags/example_bash_operator.py for tasks to queue
[2023-10-04T21:08:35.098+0300] {logging_mixin.py:149} INFO - [2023-10-04T21:08:35.098+0300] {dagbag.py:541} INFO - Filling up the DagBag from /home/paulet/anaconda3/lib/python3.10/site-packages/airflow/example_dags/example_bash_operator.py
[2023-10-04T21:08:35.115+0300] {processor.py:836} INFO - DAG(s) dict_keys(['example_bash_operator']) retrieved from /home/paulet/anaconda3/lib/python3.10/site-packages/airflow/example_dags/example_bash_operator.py
[2023-10-04T21:08:35.152+0300] {logging_mixin.py:149} INFO - [2023-10-04T21:08:35.152+0300] {dag.py:2726} INFO - Sync 1 DAGs
[2023-10-04T21:08:35.177+0300] {logging_mixin.py:149} INFO - [2023-10-04T21:08:35.177+0300] {dag.py:3486} INFO - Setting next_dagrun for example_bash_operator to 2023-10-03T00:00:00+00:00, run_after=2023-10-04T00:00:00+00:00
[2023-10-04T21:08:35.287+0300] {processor.py:179} INFO - Processing /home/paulet/anaconda3/lib/python3.10/site-packages/airflow/example_dags/example_bash_operator.py took 0.194 seconds
[2023-10-04T21:09:51.513+0300] {processor.py:157} INFO - Started process (PID=23173) to work on /home/paulet/anaconda3/lib/python3.10/site-packages/airflow/example_dags/example_bash_operator.py
[2023-10-04T21:09:51.514+0300] {processor.py:826} INFO - Processing file /home/paulet/anaconda3/lib/python3.10/site-packages/airflow/example_dags/example_bash_operator.py for tasks to queue
[2023-10-04T21:09:51.516+0300] {logging_mixin.py:149} INFO - [2023-10-04T21:09:51.515+0300] {dagbag.py:541} INFO - Filling up the DagBag from /home/paulet/anaconda3/lib/python3.10/site-packages/airflow/example_dags/example_bash_operator.py
[2023-10-04T21:09:51.538+0300] {processor.py:836} INFO - DAG(s) dict_keys(['example_bash_operator']) retrieved from /home/paulet/anaconda3/lib/python3.10/site-packages/airflow/example_dags/example_bash_operator.py
[2023-10-04T21:09:51.577+0300] {logging_mixin.py:149} INFO - [2023-10-04T21:09:51.577+0300] {dag.py:2726} INFO - Sync 1 DAGs
[2023-10-04T21:09:51.607+0300] {logging_mixin.py:149} INFO - [2023-10-04T21:09:51.607+0300] {dag.py:3486} INFO - Setting next_dagrun for example_bash_operator to 2023-10-03T00:00:00+00:00, run_after=2023-10-04T00:00:00+00:00
[2023-10-04T21:09:51.716+0300] {processor.py:179} INFO - Processing /home/paulet/anaconda3/lib/python3.10/site-packages/airflow/example_dags/example_bash_operator.py took 0.208 seconds
[2023-10-04T21:52:30.724+0300] {processor.py:157} INFO - Started process (PID=27009) to work on /home/paulet/anaconda3/lib/python3.10/site-packages/airflow/example_dags/example_bash_operator.py
[2023-10-04T21:52:30.734+0300] {processor.py:826} INFO - Processing file /home/paulet/anaconda3/lib/python3.10/site-packages/airflow/example_dags/example_bash_operator.py for tasks to queue
[2023-10-04T21:52:30.735+0300] {logging_mixin.py:149} INFO - [2023-10-04T21:52:30.735+0300] {dagbag.py:541} INFO - Filling up the DagBag from /home/paulet/anaconda3/lib/python3.10/site-packages/airflow/example_dags/example_bash_operator.py
[2023-10-04T21:52:30.758+0300] {processor.py:836} INFO - DAG(s) dict_keys(['example_bash_operator']) retrieved from /home/paulet/anaconda3/lib/python3.10/site-packages/airflow/example_dags/example_bash_operator.py
[2023-10-04T21:52:30.800+0300] {logging_mixin.py:149} INFO - [2023-10-04T21:52:30.800+0300] {dag.py:2726} INFO - Sync 1 DAGs
[2023-10-04T21:52:30.824+0300] {logging_mixin.py:149} INFO - [2023-10-04T21:52:30.824+0300] {dag.py:3486} INFO - Setting next_dagrun for example_bash_operator to 2023-10-03T00:00:00+00:00, run_after=2023-10-04T00:00:00+00:00
[2023-10-04T21:52:30.930+0300] {processor.py:179} INFO - Processing /home/paulet/anaconda3/lib/python3.10/site-packages/airflow/example_dags/example_bash_operator.py took 0.211 seconds
[2023-10-04T21:53:27.703+0300] {processor.py:157} INFO - Started process (PID=27062) to work on /home/paulet/anaconda3/lib/python3.10/site-packages/airflow/example_dags/example_bash_operator.py
[2023-10-04T21:53:27.712+0300] {processor.py:826} INFO - Processing file /home/paulet/anaconda3/lib/python3.10/site-packages/airflow/example_dags/example_bash_operator.py for tasks to queue
[2023-10-04T21:53:27.713+0300] {logging_mixin.py:149} INFO - [2023-10-04T21:53:27.713+0300] {dagbag.py:541} INFO - Filling up the DagBag from /home/paulet/anaconda3/lib/python3.10/site-packages/airflow/example_dags/example_bash_operator.py
[2023-10-04T21:53:27.734+0300] {processor.py:836} INFO - DAG(s) dict_keys(['example_bash_operator']) retrieved from /home/paulet/anaconda3/lib/python3.10/site-packages/airflow/example_dags/example_bash_operator.py
[2023-10-04T21:53:27.774+0300] {logging_mixin.py:149} INFO - [2023-10-04T21:53:27.773+0300] {dag.py:2726} INFO - Sync 1 DAGs
[2023-10-04T21:53:27.798+0300] {logging_mixin.py:149} INFO - [2023-10-04T21:53:27.798+0300] {dag.py:3486} INFO - Setting next_dagrun for example_bash_operator to 2023-10-03T00:00:00+00:00, run_after=2023-10-04T00:00:00+00:00
[2023-10-04T21:53:27.928+0300] {processor.py:179} INFO - Processing /home/paulet/anaconda3/lib/python3.10/site-packages/airflow/example_dags/example_bash_operator.py took 0.229 seconds
[2023-10-04T21:54:32.551+0300] {processor.py:157} INFO - Started process (PID=27159) to work on /home/paulet/anaconda3/lib/python3.10/site-packages/airflow/example_dags/example_bash_operator.py
[2023-10-04T21:54:32.560+0300] {processor.py:826} INFO - Processing file /home/paulet/anaconda3/lib/python3.10/site-packages/airflow/example_dags/example_bash_operator.py for tasks to queue
[2023-10-04T21:54:32.561+0300] {logging_mixin.py:149} INFO - [2023-10-04T21:54:32.561+0300] {dagbag.py:541} INFO - Filling up the DagBag from /home/paulet/anaconda3/lib/python3.10/site-packages/airflow/example_dags/example_bash_operator.py
[2023-10-04T21:54:32.582+0300] {processor.py:836} INFO - DAG(s) dict_keys(['example_bash_operator']) retrieved from /home/paulet/anaconda3/lib/python3.10/site-packages/airflow/example_dags/example_bash_operator.py
[2023-10-04T21:54:32.622+0300] {logging_mixin.py:149} INFO - [2023-10-04T21:54:32.622+0300] {dag.py:2726} INFO - Sync 1 DAGs
[2023-10-04T21:54:32.651+0300] {logging_mixin.py:149} INFO - [2023-10-04T21:54:32.651+0300] {dag.py:3486} INFO - Setting next_dagrun for example_bash_operator to 2023-10-03T00:00:00+00:00, run_after=2023-10-04T00:00:00+00:00
[2023-10-04T21:54:32.787+0300] {processor.py:179} INFO - Processing /home/paulet/anaconda3/lib/python3.10/site-packages/airflow/example_dags/example_bash_operator.py took 0.240 seconds
[2023-10-04T21:55:27.448+0300] {processor.py:157} INFO - Started process (PID=27245) to work on /home/paulet/anaconda3/lib/python3.10/site-packages/airflow/example_dags/example_bash_operator.py
[2023-10-04T21:55:27.501+0300] {processor.py:826} INFO - Processing file /home/paulet/anaconda3/lib/python3.10/site-packages/airflow/example_dags/example_bash_operator.py for tasks to queue
[2023-10-04T21:55:27.502+0300] {logging_mixin.py:149} INFO - [2023-10-04T21:55:27.502+0300] {dagbag.py:541} INFO - Filling up the DagBag from /home/paulet/anaconda3/lib/python3.10/site-packages/airflow/example_dags/example_bash_operator.py
[2023-10-04T21:55:27.526+0300] {processor.py:836} INFO - DAG(s) dict_keys(['example_bash_operator']) retrieved from /home/paulet/anaconda3/lib/python3.10/site-packages/airflow/example_dags/example_bash_operator.py
[2023-10-04T21:55:27.576+0300] {logging_mixin.py:149} INFO - [2023-10-04T21:55:27.575+0300] {dag.py:2726} INFO - Sync 1 DAGs
[2023-10-04T21:55:27.605+0300] {logging_mixin.py:149} INFO - [2023-10-04T21:55:27.605+0300] {dag.py:3486} INFO - Setting next_dagrun for example_bash_operator to 2023-10-03T00:00:00+00:00, run_after=2023-10-04T00:00:00+00:00
[2023-10-04T21:55:28.003+0300] {processor.py:179} INFO - Processing /home/paulet/anaconda3/lib/python3.10/site-packages/airflow/example_dags/example_bash_operator.py took 0.558 seconds
