[2023-10-04T18:09:52.443+0300] {processor.py:157} INFO - Started process (PID=14240) to work on /home/paulet/anaconda3/lib/python3.10/site-packages/airflow/example_dags/example_latest_only_with_trigger.py
[2023-10-04T18:09:52.445+0300] {processor.py:826} INFO - Processing file /home/paulet/anaconda3/lib/python3.10/site-packages/airflow/example_dags/example_latest_only_with_trigger.py for tasks to queue
[2023-10-04T18:09:52.446+0300] {logging_mixin.py:149} INFO - [2023-10-04T18:09:52.446+0300] {dagbag.py:541} INFO - Filling up the DagBag from /home/paulet/anaconda3/lib/python3.10/site-packages/airflow/example_dags/example_latest_only_with_trigger.py
[2023-10-04T18:09:52.458+0300] {processor.py:836} INFO - DAG(s) dict_keys(['latest_only_with_trigger']) retrieved from /home/paulet/anaconda3/lib/python3.10/site-packages/airflow/example_dags/example_latest_only_with_trigger.py
[2023-10-04T18:09:52.890+0300] {logging_mixin.py:149} INFO - [2023-10-04T18:09:52.889+0300] {manager.py:504} INFO - Created Permission View: can edit on DAG:latest_only_with_trigger
[2023-10-04T18:09:53.033+0300] {logging_mixin.py:149} INFO - [2023-10-04T18:09:53.033+0300] {manager.py:504} INFO - Created Permission View: can read on DAG:latest_only_with_trigger
[2023-10-04T18:09:53.178+0300] {logging_mixin.py:149} INFO - [2023-10-04T18:09:53.177+0300] {manager.py:504} INFO - Created Permission View: can delete on DAG:latest_only_with_trigger
[2023-10-04T18:09:53.178+0300] {logging_mixin.py:149} INFO - [2023-10-04T18:09:53.178+0300] {dag.py:2726} INFO - Sync 1 DAGs
[2023-10-04T18:09:53.201+0300] {logging_mixin.py:149} INFO - [2023-10-04T18:09:53.200+0300] {dag.py:2747} INFO - Creating ORM DAG for latest_only_with_trigger
[2023-10-04T18:09:53.217+0300] {logging_mixin.py:149} INFO - [2023-10-04T18:09:53.216+0300] {dag.py:3486} INFO - Setting next_dagrun for latest_only_with_trigger to 2023-10-04T11:09:53.216150+00:00, run_after=2023-10-04T15:09:53.216150+00:00
[2023-10-04T18:09:53.384+0300] {processor.py:179} INFO - Processing /home/paulet/anaconda3/lib/python3.10/site-packages/airflow/example_dags/example_latest_only_with_trigger.py took 0.944 seconds
[2023-10-04T18:11:26.400+0300] {processor.py:157} INFO - Started process (PID=14756) to work on /home/paulet/anaconda3/lib/python3.10/site-packages/airflow/example_dags/example_latest_only_with_trigger.py
[2023-10-04T18:11:26.436+0300] {processor.py:826} INFO - Processing file /home/paulet/anaconda3/lib/python3.10/site-packages/airflow/example_dags/example_latest_only_with_trigger.py for tasks to queue
[2023-10-04T18:11:26.437+0300] {logging_mixin.py:149} INFO - [2023-10-04T18:11:26.437+0300] {dagbag.py:541} INFO - Filling up the DagBag from /home/paulet/anaconda3/lib/python3.10/site-packages/airflow/example_dags/example_latest_only_with_trigger.py
[2023-10-04T18:11:26.445+0300] {processor.py:836} INFO - DAG(s) dict_keys(['latest_only_with_trigger']) retrieved from /home/paulet/anaconda3/lib/python3.10/site-packages/airflow/example_dags/example_latest_only_with_trigger.py
[2023-10-04T18:11:27.751+0300] {logging_mixin.py:149} INFO - [2023-10-04T18:11:27.751+0300] {dag.py:2726} INFO - Sync 1 DAGs
[2023-10-04T18:11:28.720+0300] {logging_mixin.py:149} INFO - [2023-10-04T18:11:28.720+0300] {dag.py:3486} INFO - Setting next_dagrun for latest_only_with_trigger to 2023-10-04T11:11:28.719632+00:00, run_after=2023-10-04T15:11:28.719632+00:00
[2023-10-04T18:11:30.297+0300] {processor.py:179} INFO - Processing /home/paulet/anaconda3/lib/python3.10/site-packages/airflow/example_dags/example_latest_only_with_trigger.py took 3.901 seconds
[2023-10-04T18:14:11.169+0300] {processor.py:157} INFO - Started process (PID=16022) to work on /home/paulet/anaconda3/lib/python3.10/site-packages/airflow/example_dags/example_latest_only_with_trigger.py
[2023-10-04T18:14:11.181+0300] {processor.py:826} INFO - Processing file /home/paulet/anaconda3/lib/python3.10/site-packages/airflow/example_dags/example_latest_only_with_trigger.py for tasks to queue
[2023-10-04T18:14:11.182+0300] {logging_mixin.py:149} INFO - [2023-10-04T18:14:11.182+0300] {dagbag.py:541} INFO - Filling up the DagBag from /home/paulet/anaconda3/lib/python3.10/site-packages/airflow/example_dags/example_latest_only_with_trigger.py
[2023-10-04T18:14:11.192+0300] {processor.py:836} INFO - DAG(s) dict_keys(['latest_only_with_trigger']) retrieved from /home/paulet/anaconda3/lib/python3.10/site-packages/airflow/example_dags/example_latest_only_with_trigger.py
[2023-10-04T18:14:11.216+0300] {logging_mixin.py:149} INFO - [2023-10-04T18:14:11.215+0300] {dag.py:2726} INFO - Sync 1 DAGs
[2023-10-04T18:14:11.244+0300] {logging_mixin.py:149} INFO - [2023-10-04T18:14:11.243+0300] {dag.py:3486} INFO - Setting next_dagrun for latest_only_with_trigger to 2023-10-04T11:14:11.243318+00:00, run_after=2023-10-04T15:14:11.243318+00:00
[2023-10-04T18:14:11.465+0300] {processor.py:179} INFO - Processing /home/paulet/anaconda3/lib/python3.10/site-packages/airflow/example_dags/example_latest_only_with_trigger.py took 0.300 seconds
[2023-10-04T18:15:22.126+0300] {processor.py:157} INFO - Started process (PID=16099) to work on /home/paulet/anaconda3/lib/python3.10/site-packages/airflow/example_dags/example_latest_only_with_trigger.py
[2023-10-04T18:15:22.127+0300] {processor.py:826} INFO - Processing file /home/paulet/anaconda3/lib/python3.10/site-packages/airflow/example_dags/example_latest_only_with_trigger.py for tasks to queue
[2023-10-04T18:15:22.128+0300] {logging_mixin.py:149} INFO - [2023-10-04T18:15:22.128+0300] {dagbag.py:541} INFO - Filling up the DagBag from /home/paulet/anaconda3/lib/python3.10/site-packages/airflow/example_dags/example_latest_only_with_trigger.py
[2023-10-04T18:15:22.136+0300] {processor.py:836} INFO - DAG(s) dict_keys(['latest_only_with_trigger']) retrieved from /home/paulet/anaconda3/lib/python3.10/site-packages/airflow/example_dags/example_latest_only_with_trigger.py
[2023-10-04T18:15:22.162+0300] {logging_mixin.py:149} INFO - [2023-10-04T18:15:22.162+0300] {dag.py:2726} INFO - Sync 1 DAGs
[2023-10-04T18:15:22.186+0300] {logging_mixin.py:149} INFO - [2023-10-04T18:15:22.186+0300] {dag.py:3486} INFO - Setting next_dagrun for latest_only_with_trigger to 2023-10-04T11:15:22.185745+00:00, run_after=2023-10-04T15:15:22.185745+00:00
[2023-10-04T18:15:22.333+0300] {processor.py:179} INFO - Processing /home/paulet/anaconda3/lib/python3.10/site-packages/airflow/example_dags/example_latest_only_with_trigger.py took 0.211 seconds
[2023-10-04T18:16:14.997+0300] {processor.py:157} INFO - Started process (PID=16154) to work on /home/paulet/anaconda3/lib/python3.10/site-packages/airflow/example_dags/example_latest_only_with_trigger.py
[2023-10-04T18:16:14.998+0300] {processor.py:826} INFO - Processing file /home/paulet/anaconda3/lib/python3.10/site-packages/airflow/example_dags/example_latest_only_with_trigger.py for tasks to queue
[2023-10-04T18:16:14.999+0300] {logging_mixin.py:149} INFO - [2023-10-04T18:16:14.999+0300] {dagbag.py:541} INFO - Filling up the DagBag from /home/paulet/anaconda3/lib/python3.10/site-packages/airflow/example_dags/example_latest_only_with_trigger.py
[2023-10-04T18:16:15.008+0300] {processor.py:836} INFO - DAG(s) dict_keys(['latest_only_with_trigger']) retrieved from /home/paulet/anaconda3/lib/python3.10/site-packages/airflow/example_dags/example_latest_only_with_trigger.py
[2023-10-04T18:16:15.032+0300] {logging_mixin.py:149} INFO - [2023-10-04T18:16:15.032+0300] {dag.py:2726} INFO - Sync 1 DAGs
[2023-10-04T18:16:15.062+0300] {logging_mixin.py:149} INFO - [2023-10-04T18:16:15.062+0300] {dag.py:3486} INFO - Setting next_dagrun for latest_only_with_trigger to 2023-10-04T11:16:15.062193+00:00, run_after=2023-10-04T15:16:15.062193+00:00
[2023-10-04T18:16:15.388+0300] {processor.py:179} INFO - Processing /home/paulet/anaconda3/lib/python3.10/site-packages/airflow/example_dags/example_latest_only_with_trigger.py took 0.395 seconds
[2023-10-04T18:17:43.008+0300] {processor.py:157} INFO - Started process (PID=16262) to work on /home/paulet/anaconda3/lib/python3.10/site-packages/airflow/example_dags/example_latest_only_with_trigger.py
[2023-10-04T18:17:43.013+0300] {processor.py:826} INFO - Processing file /home/paulet/anaconda3/lib/python3.10/site-packages/airflow/example_dags/example_latest_only_with_trigger.py for tasks to queue
[2023-10-04T18:17:43.015+0300] {logging_mixin.py:149} INFO - [2023-10-04T18:17:43.014+0300] {dagbag.py:541} INFO - Filling up the DagBag from /home/paulet/anaconda3/lib/python3.10/site-packages/airflow/example_dags/example_latest_only_with_trigger.py
[2023-10-04T18:17:43.023+0300] {processor.py:836} INFO - DAG(s) dict_keys(['latest_only_with_trigger']) retrieved from /home/paulet/anaconda3/lib/python3.10/site-packages/airflow/example_dags/example_latest_only_with_trigger.py
[2023-10-04T18:17:43.048+0300] {logging_mixin.py:149} INFO - [2023-10-04T18:17:43.047+0300] {dag.py:2726} INFO - Sync 1 DAGs
[2023-10-04T18:17:43.071+0300] {logging_mixin.py:149} INFO - [2023-10-04T18:17:43.071+0300] {dag.py:3486} INFO - Setting next_dagrun for latest_only_with_trigger to 2023-10-04T11:17:43.071428+00:00, run_after=2023-10-04T15:17:43.071428+00:00
[2023-10-04T18:17:43.211+0300] {processor.py:179} INFO - Processing /home/paulet/anaconda3/lib/python3.10/site-packages/airflow/example_dags/example_latest_only_with_trigger.py took 0.207 seconds
[2023-10-04T21:00:50.360+0300] {processor.py:157} INFO - Started process (PID=22443) to work on /home/paulet/anaconda3/lib/python3.10/site-packages/airflow/example_dags/example_latest_only_with_trigger.py
[2023-10-04T21:00:50.362+0300] {processor.py:826} INFO - Processing file /home/paulet/anaconda3/lib/python3.10/site-packages/airflow/example_dags/example_latest_only_with_trigger.py for tasks to queue
[2023-10-04T21:00:50.363+0300] {logging_mixin.py:149} INFO - [2023-10-04T21:00:50.363+0300] {dagbag.py:541} INFO - Filling up the DagBag from /home/paulet/anaconda3/lib/python3.10/site-packages/airflow/example_dags/example_latest_only_with_trigger.py
[2023-10-04T21:00:50.372+0300] {processor.py:836} INFO - DAG(s) dict_keys(['latest_only_with_trigger']) retrieved from /home/paulet/anaconda3/lib/python3.10/site-packages/airflow/example_dags/example_latest_only_with_trigger.py
[2023-10-04T21:00:50.401+0300] {logging_mixin.py:149} INFO - [2023-10-04T21:00:50.400+0300] {dag.py:2726} INFO - Sync 1 DAGs
[2023-10-04T21:00:50.423+0300] {logging_mixin.py:149} INFO - [2023-10-04T21:00:50.423+0300] {dag.py:3486} INFO - Setting next_dagrun for latest_only_with_trigger to 2023-10-04T14:00:50.422933+00:00, run_after=2023-10-04T18:00:50.422933+00:00
[2023-10-04T21:00:50.580+0300] {processor.py:179} INFO - Processing /home/paulet/anaconda3/lib/python3.10/site-packages/airflow/example_dags/example_latest_only_with_trigger.py took 0.224 seconds
[2023-10-04T21:02:05.469+0300] {processor.py:157} INFO - Started process (PID=22638) to work on /home/paulet/anaconda3/lib/python3.10/site-packages/airflow/example_dags/example_latest_only_with_trigger.py
[2023-10-04T21:02:05.471+0300] {processor.py:826} INFO - Processing file /home/paulet/anaconda3/lib/python3.10/site-packages/airflow/example_dags/example_latest_only_with_trigger.py for tasks to queue
[2023-10-04T21:02:05.472+0300] {logging_mixin.py:149} INFO - [2023-10-04T21:02:05.472+0300] {dagbag.py:541} INFO - Filling up the DagBag from /home/paulet/anaconda3/lib/python3.10/site-packages/airflow/example_dags/example_latest_only_with_trigger.py
[2023-10-04T21:02:05.481+0300] {processor.py:836} INFO - DAG(s) dict_keys(['latest_only_with_trigger']) retrieved from /home/paulet/anaconda3/lib/python3.10/site-packages/airflow/example_dags/example_latest_only_with_trigger.py
[2023-10-04T21:02:05.505+0300] {logging_mixin.py:149} INFO - [2023-10-04T21:02:05.505+0300] {dag.py:2726} INFO - Sync 1 DAGs
[2023-10-04T21:02:05.529+0300] {logging_mixin.py:149} INFO - [2023-10-04T21:02:05.529+0300] {dag.py:3486} INFO - Setting next_dagrun for latest_only_with_trigger to 2023-10-04T14:02:05.528982+00:00, run_after=2023-10-04T18:02:05.528982+00:00
[2023-10-04T21:02:05.699+0300] {processor.py:179} INFO - Processing /home/paulet/anaconda3/lib/python3.10/site-packages/airflow/example_dags/example_latest_only_with_trigger.py took 0.234 seconds
[2023-10-04T21:03:01.044+0300] {processor.py:157} INFO - Started process (PID=22689) to work on /home/paulet/anaconda3/lib/python3.10/site-packages/airflow/example_dags/example_latest_only_with_trigger.py
[2023-10-04T21:03:01.055+0300] {processor.py:826} INFO - Processing file /home/paulet/anaconda3/lib/python3.10/site-packages/airflow/example_dags/example_latest_only_with_trigger.py for tasks to queue
[2023-10-04T21:03:01.056+0300] {logging_mixin.py:149} INFO - [2023-10-04T21:03:01.056+0300] {dagbag.py:541} INFO - Filling up the DagBag from /home/paulet/anaconda3/lib/python3.10/site-packages/airflow/example_dags/example_latest_only_with_trigger.py
[2023-10-04T21:03:01.065+0300] {processor.py:836} INFO - DAG(s) dict_keys(['latest_only_with_trigger']) retrieved from /home/paulet/anaconda3/lib/python3.10/site-packages/airflow/example_dags/example_latest_only_with_trigger.py
[2023-10-04T21:03:01.092+0300] {logging_mixin.py:149} INFO - [2023-10-04T21:03:01.092+0300] {dag.py:2726} INFO - Sync 1 DAGs
[2023-10-04T21:03:01.115+0300] {logging_mixin.py:149} INFO - [2023-10-04T21:03:01.115+0300] {dag.py:3486} INFO - Setting next_dagrun for latest_only_with_trigger to 2023-10-04T14:03:01.115438+00:00, run_after=2023-10-04T18:03:01.115438+00:00
[2023-10-04T21:03:01.248+0300] {processor.py:179} INFO - Processing /home/paulet/anaconda3/lib/python3.10/site-packages/airflow/example_dags/example_latest_only_with_trigger.py took 0.208 seconds
[2023-10-04T21:03:57.941+0300] {processor.py:157} INFO - Started process (PID=22740) to work on /home/paulet/anaconda3/lib/python3.10/site-packages/airflow/example_dags/example_latest_only_with_trigger.py
[2023-10-04T21:03:57.954+0300] {processor.py:826} INFO - Processing file /home/paulet/anaconda3/lib/python3.10/site-packages/airflow/example_dags/example_latest_only_with_trigger.py for tasks to queue
[2023-10-04T21:03:57.956+0300] {logging_mixin.py:149} INFO - [2023-10-04T21:03:57.955+0300] {dagbag.py:541} INFO - Filling up the DagBag from /home/paulet/anaconda3/lib/python3.10/site-packages/airflow/example_dags/example_latest_only_with_trigger.py
[2023-10-04T21:03:57.964+0300] {processor.py:836} INFO - DAG(s) dict_keys(['latest_only_with_trigger']) retrieved from /home/paulet/anaconda3/lib/python3.10/site-packages/airflow/example_dags/example_latest_only_with_trigger.py
[2023-10-04T21:03:57.987+0300] {logging_mixin.py:149} INFO - [2023-10-04T21:03:57.986+0300] {dag.py:2726} INFO - Sync 1 DAGs
[2023-10-04T21:03:58.010+0300] {logging_mixin.py:149} INFO - [2023-10-04T21:03:58.010+0300] {dag.py:3486} INFO - Setting next_dagrun for latest_only_with_trigger to 2023-10-04T14:03:58.010040+00:00, run_after=2023-10-04T18:03:58.010040+00:00
[2023-10-04T21:03:58.148+0300] {processor.py:179} INFO - Processing /home/paulet/anaconda3/lib/python3.10/site-packages/airflow/example_dags/example_latest_only_with_trigger.py took 0.211 seconds
[2023-10-04T21:04:55.044+0300] {processor.py:157} INFO - Started process (PID=22814) to work on /home/paulet/anaconda3/lib/python3.10/site-packages/airflow/example_dags/example_latest_only_with_trigger.py
[2023-10-04T21:04:55.054+0300] {processor.py:826} INFO - Processing file /home/paulet/anaconda3/lib/python3.10/site-packages/airflow/example_dags/example_latest_only_with_trigger.py for tasks to queue
[2023-10-04T21:04:55.055+0300] {logging_mixin.py:149} INFO - [2023-10-04T21:04:55.054+0300] {dagbag.py:541} INFO - Filling up the DagBag from /home/paulet/anaconda3/lib/python3.10/site-packages/airflow/example_dags/example_latest_only_with_trigger.py
[2023-10-04T21:04:55.064+0300] {processor.py:836} INFO - DAG(s) dict_keys(['latest_only_with_trigger']) retrieved from /home/paulet/anaconda3/lib/python3.10/site-packages/airflow/example_dags/example_latest_only_with_trigger.py
[2023-10-04T21:04:55.091+0300] {logging_mixin.py:149} INFO - [2023-10-04T21:04:55.090+0300] {dag.py:2726} INFO - Sync 1 DAGs
[2023-10-04T21:04:55.114+0300] {logging_mixin.py:149} INFO - [2023-10-04T21:04:55.114+0300] {dag.py:3486} INFO - Setting next_dagrun for latest_only_with_trigger to 2023-10-04T14:04:55.114159+00:00, run_after=2023-10-04T18:04:55.114159+00:00
[2023-10-04T21:04:55.248+0300] {processor.py:179} INFO - Processing /home/paulet/anaconda3/lib/python3.10/site-packages/airflow/example_dags/example_latest_only_with_trigger.py took 0.209 seconds
[2023-10-04T21:05:51.844+0300] {processor.py:157} INFO - Started process (PID=22891) to work on /home/paulet/anaconda3/lib/python3.10/site-packages/airflow/example_dags/example_latest_only_with_trigger.py
[2023-10-04T21:05:51.856+0300] {processor.py:826} INFO - Processing file /home/paulet/anaconda3/lib/python3.10/site-packages/airflow/example_dags/example_latest_only_with_trigger.py for tasks to queue
[2023-10-04T21:05:51.857+0300] {logging_mixin.py:149} INFO - [2023-10-04T21:05:51.857+0300] {dagbag.py:541} INFO - Filling up the DagBag from /home/paulet/anaconda3/lib/python3.10/site-packages/airflow/example_dags/example_latest_only_with_trigger.py
[2023-10-04T21:05:51.867+0300] {processor.py:836} INFO - DAG(s) dict_keys(['latest_only_with_trigger']) retrieved from /home/paulet/anaconda3/lib/python3.10/site-packages/airflow/example_dags/example_latest_only_with_trigger.py
[2023-10-04T21:05:51.894+0300] {logging_mixin.py:149} INFO - [2023-10-04T21:05:51.893+0300] {dag.py:2726} INFO - Sync 1 DAGs
[2023-10-04T21:05:51.917+0300] {logging_mixin.py:149} INFO - [2023-10-04T21:05:51.917+0300] {dag.py:3486} INFO - Setting next_dagrun for latest_only_with_trigger to 2023-10-04T14:05:51.917240+00:00, run_after=2023-10-04T18:05:51.917240+00:00
[2023-10-04T21:05:52.071+0300] {processor.py:179} INFO - Processing /home/paulet/anaconda3/lib/python3.10/site-packages/airflow/example_dags/example_latest_only_with_trigger.py took 0.232 seconds
[2023-10-04T21:06:50.192+0300] {processor.py:157} INFO - Started process (PID=22943) to work on /home/paulet/anaconda3/lib/python3.10/site-packages/airflow/example_dags/example_latest_only_with_trigger.py
[2023-10-04T21:06:50.218+0300] {processor.py:826} INFO - Processing file /home/paulet/anaconda3/lib/python3.10/site-packages/airflow/example_dags/example_latest_only_with_trigger.py for tasks to queue
[2023-10-04T21:06:50.219+0300] {logging_mixin.py:149} INFO - [2023-10-04T21:06:50.218+0300] {dagbag.py:541} INFO - Filling up the DagBag from /home/paulet/anaconda3/lib/python3.10/site-packages/airflow/example_dags/example_latest_only_with_trigger.py
[2023-10-04T21:06:50.228+0300] {processor.py:836} INFO - DAG(s) dict_keys(['latest_only_with_trigger']) retrieved from /home/paulet/anaconda3/lib/python3.10/site-packages/airflow/example_dags/example_latest_only_with_trigger.py
[2023-10-04T21:06:50.256+0300] {logging_mixin.py:149} INFO - [2023-10-04T21:06:50.256+0300] {dag.py:2726} INFO - Sync 1 DAGs
[2023-10-04T21:06:50.281+0300] {logging_mixin.py:149} INFO - [2023-10-04T21:06:50.281+0300] {dag.py:3486} INFO - Setting next_dagrun for latest_only_with_trigger to 2023-10-04T14:06:50.281324+00:00, run_after=2023-10-04T18:06:50.281324+00:00
[2023-10-04T21:06:50.429+0300] {processor.py:179} INFO - Processing /home/paulet/anaconda3/lib/python3.10/site-packages/airflow/example_dags/example_latest_only_with_trigger.py took 0.241 seconds
[2023-10-04T21:07:40.607+0300] {processor.py:157} INFO - Started process (PID=22991) to work on /home/paulet/anaconda3/lib/python3.10/site-packages/airflow/example_dags/example_latest_only_with_trigger.py
[2023-10-04T21:07:40.641+0300] {processor.py:826} INFO - Processing file /home/paulet/anaconda3/lib/python3.10/site-packages/airflow/example_dags/example_latest_only_with_trigger.py for tasks to queue
[2023-10-04T21:07:40.643+0300] {logging_mixin.py:149} INFO - [2023-10-04T21:07:40.642+0300] {dagbag.py:541} INFO - Filling up the DagBag from /home/paulet/anaconda3/lib/python3.10/site-packages/airflow/example_dags/example_latest_only_with_trigger.py
[2023-10-04T21:07:40.652+0300] {processor.py:836} INFO - DAG(s) dict_keys(['latest_only_with_trigger']) retrieved from /home/paulet/anaconda3/lib/python3.10/site-packages/airflow/example_dags/example_latest_only_with_trigger.py
[2023-10-04T21:07:40.679+0300] {logging_mixin.py:149} INFO - [2023-10-04T21:07:40.679+0300] {dag.py:2726} INFO - Sync 1 DAGs
[2023-10-04T21:07:40.702+0300] {logging_mixin.py:149} INFO - [2023-10-04T21:07:40.702+0300] {dag.py:3486} INFO - Setting next_dagrun for latest_only_with_trigger to 2023-10-04T14:07:40.701848+00:00, run_after=2023-10-04T18:07:40.701848+00:00
[2023-10-04T21:07:40.843+0300] {processor.py:179} INFO - Processing /home/paulet/anaconda3/lib/python3.10/site-packages/airflow/example_dags/example_latest_only_with_trigger.py took 0.241 seconds
[2023-10-04T21:08:28.992+0300] {processor.py:157} INFO - Started process (PID=23055) to work on /home/paulet/anaconda3/lib/python3.10/site-packages/airflow/example_dags/example_latest_only_with_trigger.py
[2023-10-04T21:08:28.994+0300] {processor.py:826} INFO - Processing file /home/paulet/anaconda3/lib/python3.10/site-packages/airflow/example_dags/example_latest_only_with_trigger.py for tasks to queue
[2023-10-04T21:08:28.995+0300] {logging_mixin.py:149} INFO - [2023-10-04T21:08:28.994+0300] {dagbag.py:541} INFO - Filling up the DagBag from /home/paulet/anaconda3/lib/python3.10/site-packages/airflow/example_dags/example_latest_only_with_trigger.py
[2023-10-04T21:08:29.003+0300] {processor.py:836} INFO - DAG(s) dict_keys(['latest_only_with_trigger']) retrieved from /home/paulet/anaconda3/lib/python3.10/site-packages/airflow/example_dags/example_latest_only_with_trigger.py
[2023-10-04T21:08:29.028+0300] {logging_mixin.py:149} INFO - [2023-10-04T21:08:29.028+0300] {dag.py:2726} INFO - Sync 1 DAGs
[2023-10-04T21:08:29.051+0300] {logging_mixin.py:149} INFO - [2023-10-04T21:08:29.051+0300] {dag.py:3486} INFO - Setting next_dagrun for latest_only_with_trigger to 2023-10-04T14:08:29.051073+00:00, run_after=2023-10-04T18:08:29.051073+00:00
[2023-10-04T21:08:29.182+0300] {processor.py:179} INFO - Processing /home/paulet/anaconda3/lib/python3.10/site-packages/airflow/example_dags/example_latest_only_with_trigger.py took 0.194 seconds
[2023-10-04T21:09:19.169+0300] {processor.py:157} INFO - Started process (PID=23104) to work on /home/paulet/anaconda3/lib/python3.10/site-packages/airflow/example_dags/example_latest_only_with_trigger.py
[2023-10-04T21:09:19.171+0300] {processor.py:826} INFO - Processing file /home/paulet/anaconda3/lib/python3.10/site-packages/airflow/example_dags/example_latest_only_with_trigger.py for tasks to queue
[2023-10-04T21:09:19.172+0300] {logging_mixin.py:149} INFO - [2023-10-04T21:09:19.172+0300] {dagbag.py:541} INFO - Filling up the DagBag from /home/paulet/anaconda3/lib/python3.10/site-packages/airflow/example_dags/example_latest_only_with_trigger.py
[2023-10-04T21:09:19.183+0300] {processor.py:836} INFO - DAG(s) dict_keys(['latest_only_with_trigger']) retrieved from /home/paulet/anaconda3/lib/python3.10/site-packages/airflow/example_dags/example_latest_only_with_trigger.py
[2023-10-04T21:09:19.212+0300] {logging_mixin.py:149} INFO - [2023-10-04T21:09:19.212+0300] {dag.py:2726} INFO - Sync 1 DAGs
[2023-10-04T21:09:19.243+0300] {logging_mixin.py:149} INFO - [2023-10-04T21:09:19.243+0300] {dag.py:3486} INFO - Setting next_dagrun for latest_only_with_trigger to 2023-10-04T14:09:19.243244+00:00, run_after=2023-10-04T18:09:19.243244+00:00
[2023-10-04T21:09:19.382+0300] {processor.py:179} INFO - Processing /home/paulet/anaconda3/lib/python3.10/site-packages/airflow/example_dags/example_latest_only_with_trigger.py took 0.217 seconds
[2023-10-04T21:10:10.127+0300] {processor.py:157} INFO - Started process (PID=23210) to work on /home/paulet/anaconda3/lib/python3.10/site-packages/airflow/example_dags/example_latest_only_with_trigger.py
[2023-10-04T21:10:10.129+0300] {processor.py:826} INFO - Processing file /home/paulet/anaconda3/lib/python3.10/site-packages/airflow/example_dags/example_latest_only_with_trigger.py for tasks to queue
[2023-10-04T21:10:10.130+0300] {logging_mixin.py:149} INFO - [2023-10-04T21:10:10.129+0300] {dagbag.py:541} INFO - Filling up the DagBag from /home/paulet/anaconda3/lib/python3.10/site-packages/airflow/example_dags/example_latest_only_with_trigger.py
[2023-10-04T21:10:10.139+0300] {processor.py:836} INFO - DAG(s) dict_keys(['latest_only_with_trigger']) retrieved from /home/paulet/anaconda3/lib/python3.10/site-packages/airflow/example_dags/example_latest_only_with_trigger.py
[2023-10-04T21:10:10.164+0300] {logging_mixin.py:149} INFO - [2023-10-04T21:10:10.164+0300] {dag.py:2726} INFO - Sync 1 DAGs
[2023-10-04T21:10:10.190+0300] {logging_mixin.py:149} INFO - [2023-10-04T21:10:10.190+0300] {dag.py:3486} INFO - Setting next_dagrun for latest_only_with_trigger to 2023-10-04T14:10:10.189811+00:00, run_after=2023-10-04T18:10:10.189811+00:00
[2023-10-04T21:10:10.350+0300] {processor.py:179} INFO - Processing /home/paulet/anaconda3/lib/python3.10/site-packages/airflow/example_dags/example_latest_only_with_trigger.py took 0.226 seconds
[2023-10-04T21:52:15.879+0300] {processor.py:157} INFO - Started process (PID=26955) to work on /home/paulet/anaconda3/lib/python3.10/site-packages/airflow/example_dags/example_latest_only_with_trigger.py
[2023-10-04T21:52:15.881+0300] {processor.py:826} INFO - Processing file /home/paulet/anaconda3/lib/python3.10/site-packages/airflow/example_dags/example_latest_only_with_trigger.py for tasks to queue
[2023-10-04T21:52:15.882+0300] {logging_mixin.py:149} INFO - [2023-10-04T21:52:15.881+0300] {dagbag.py:541} INFO - Filling up the DagBag from /home/paulet/anaconda3/lib/python3.10/site-packages/airflow/example_dags/example_latest_only_with_trigger.py
[2023-10-04T21:52:15.892+0300] {processor.py:836} INFO - DAG(s) dict_keys(['latest_only_with_trigger']) retrieved from /home/paulet/anaconda3/lib/python3.10/site-packages/airflow/example_dags/example_latest_only_with_trigger.py
[2023-10-04T21:52:15.924+0300] {logging_mixin.py:149} INFO - [2023-10-04T21:52:15.924+0300] {dag.py:2726} INFO - Sync 1 DAGs
[2023-10-04T21:52:15.949+0300] {logging_mixin.py:149} INFO - [2023-10-04T21:52:15.948+0300] {dag.py:3486} INFO - Setting next_dagrun for latest_only_with_trigger to 2023-10-04T14:52:15.948725+00:00, run_after=2023-10-04T18:52:15.948725+00:00
[2023-10-04T21:52:16.112+0300] {processor.py:179} INFO - Processing /home/paulet/anaconda3/lib/python3.10/site-packages/airflow/example_dags/example_latest_only_with_trigger.py took 0.238 seconds
[2023-10-04T21:53:13.935+0300] {processor.py:157} INFO - Started process (PID=27050) to work on /home/paulet/anaconda3/lib/python3.10/site-packages/airflow/example_dags/example_latest_only_with_trigger.py
[2023-10-04T21:53:13.936+0300] {processor.py:826} INFO - Processing file /home/paulet/anaconda3/lib/python3.10/site-packages/airflow/example_dags/example_latest_only_with_trigger.py for tasks to queue
[2023-10-04T21:53:13.937+0300] {logging_mixin.py:149} INFO - [2023-10-04T21:53:13.937+0300] {dagbag.py:541} INFO - Filling up the DagBag from /home/paulet/anaconda3/lib/python3.10/site-packages/airflow/example_dags/example_latest_only_with_trigger.py
[2023-10-04T21:53:13.946+0300] {processor.py:836} INFO - DAG(s) dict_keys(['latest_only_with_trigger']) retrieved from /home/paulet/anaconda3/lib/python3.10/site-packages/airflow/example_dags/example_latest_only_with_trigger.py
[2023-10-04T21:53:13.972+0300] {logging_mixin.py:149} INFO - [2023-10-04T21:53:13.972+0300] {dag.py:2726} INFO - Sync 1 DAGs
[2023-10-04T21:53:13.996+0300] {logging_mixin.py:149} INFO - [2023-10-04T21:53:13.995+0300] {dag.py:3486} INFO - Setting next_dagrun for latest_only_with_trigger to 2023-10-04T14:53:13.995650+00:00, run_after=2023-10-04T18:53:13.995650+00:00
[2023-10-04T21:53:14.155+0300] {processor.py:179} INFO - Processing /home/paulet/anaconda3/lib/python3.10/site-packages/airflow/example_dags/example_latest_only_with_trigger.py took 0.225 seconds
[2023-10-04T21:54:17.694+0300] {processor.py:157} INFO - Started process (PID=27147) to work on /home/paulet/anaconda3/lib/python3.10/site-packages/airflow/example_dags/example_latest_only_with_trigger.py
[2023-10-04T21:54:17.717+0300] {processor.py:826} INFO - Processing file /home/paulet/anaconda3/lib/python3.10/site-packages/airflow/example_dags/example_latest_only_with_trigger.py for tasks to queue
[2023-10-04T21:54:17.718+0300] {logging_mixin.py:149} INFO - [2023-10-04T21:54:17.718+0300] {dagbag.py:541} INFO - Filling up the DagBag from /home/paulet/anaconda3/lib/python3.10/site-packages/airflow/example_dags/example_latest_only_with_trigger.py
[2023-10-04T21:54:17.727+0300] {processor.py:836} INFO - DAG(s) dict_keys(['latest_only_with_trigger']) retrieved from /home/paulet/anaconda3/lib/python3.10/site-packages/airflow/example_dags/example_latest_only_with_trigger.py
[2023-10-04T21:54:17.751+0300] {logging_mixin.py:149} INFO - [2023-10-04T21:54:17.751+0300] {dag.py:2726} INFO - Sync 1 DAGs
[2023-10-04T21:54:17.776+0300] {logging_mixin.py:149} INFO - [2023-10-04T21:54:17.776+0300] {dag.py:3486} INFO - Setting next_dagrun for latest_only_with_trigger to 2023-10-04T14:54:17.775923+00:00, run_after=2023-10-04T18:54:17.775923+00:00
[2023-10-04T21:54:18.097+0300] {processor.py:179} INFO - Processing /home/paulet/anaconda3/lib/python3.10/site-packages/airflow/example_dags/example_latest_only_with_trigger.py took 0.409 seconds
[2023-10-04T21:55:13.332+0300] {processor.py:157} INFO - Started process (PID=27206) to work on /home/paulet/anaconda3/lib/python3.10/site-packages/airflow/example_dags/example_latest_only_with_trigger.py
[2023-10-04T21:55:13.343+0300] {processor.py:826} INFO - Processing file /home/paulet/anaconda3/lib/python3.10/site-packages/airflow/example_dags/example_latest_only_with_trigger.py for tasks to queue
[2023-10-04T21:55:13.345+0300] {logging_mixin.py:149} INFO - [2023-10-04T21:55:13.345+0300] {dagbag.py:541} INFO - Filling up the DagBag from /home/paulet/anaconda3/lib/python3.10/site-packages/airflow/example_dags/example_latest_only_with_trigger.py
[2023-10-04T21:55:13.354+0300] {processor.py:836} INFO - DAG(s) dict_keys(['latest_only_with_trigger']) retrieved from /home/paulet/anaconda3/lib/python3.10/site-packages/airflow/example_dags/example_latest_only_with_trigger.py
[2023-10-04T21:55:13.384+0300] {logging_mixin.py:149} INFO - [2023-10-04T21:55:13.383+0300] {dag.py:2726} INFO - Sync 1 DAGs
[2023-10-04T21:55:13.411+0300] {logging_mixin.py:149} INFO - [2023-10-04T21:55:13.411+0300] {dag.py:3486} INFO - Setting next_dagrun for latest_only_with_trigger to 2023-10-04T14:55:13.410770+00:00, run_after=2023-10-04T18:55:13.410770+00:00
[2023-10-04T21:55:13.545+0300] {processor.py:179} INFO - Processing /home/paulet/anaconda3/lib/python3.10/site-packages/airflow/example_dags/example_latest_only_with_trigger.py took 0.218 seconds
