[2023-10-04T18:09:18.520+0300] {processor.py:157} INFO - Started process (PID=14085) to work on /home/paulet/anaconda3/lib/python3.10/site-packages/airflow/example_dags/example_setup_teardown_taskflow.py
[2023-10-04T18:09:18.522+0300] {processor.py:826} INFO - Processing file /home/paulet/anaconda3/lib/python3.10/site-packages/airflow/example_dags/example_setup_teardown_taskflow.py for tasks to queue
[2023-10-04T18:09:18.522+0300] {logging_mixin.py:149} INFO - [2023-10-04T18:09:18.522+0300] {dagbag.py:541} INFO - Filling up the DagBag from /home/paulet/anaconda3/lib/python3.10/site-packages/airflow/example_dags/example_setup_teardown_taskflow.py
[2023-10-04T18:09:18.524+0300] {processor.py:838} WARNING - No viable dags retrieved from /home/paulet/anaconda3/lib/python3.10/site-packages/airflow/example_dags/example_setup_teardown_taskflow.py
[2023-10-04T18:09:18.538+0300] {processor.py:179} INFO - Processing /home/paulet/anaconda3/lib/python3.10/site-packages/airflow/example_dags/example_setup_teardown_taskflow.py took 0.021 seconds
[2023-10-04T18:10:55.127+0300] {processor.py:157} INFO - Started process (PID=14561) to work on /home/paulet/anaconda3/lib/python3.10/site-packages/airflow/example_dags/example_setup_teardown_taskflow.py
[2023-10-04T18:10:55.138+0300] {processor.py:826} INFO - Processing file /home/paulet/anaconda3/lib/python3.10/site-packages/airflow/example_dags/example_setup_teardown_taskflow.py for tasks to queue
[2023-10-04T18:10:55.139+0300] {logging_mixin.py:149} INFO - [2023-10-04T18:10:55.139+0300] {dagbag.py:541} INFO - Filling up the DagBag from /home/paulet/anaconda3/lib/python3.10/site-packages/airflow/example_dags/example_setup_teardown_taskflow.py
[2023-10-04T18:10:55.141+0300] {processor.py:838} WARNING - No viable dags retrieved from /home/paulet/anaconda3/lib/python3.10/site-packages/airflow/example_dags/example_setup_teardown_taskflow.py
[2023-10-04T18:10:55.158+0300] {processor.py:179} INFO - Processing /home/paulet/anaconda3/lib/python3.10/site-packages/airflow/example_dags/example_setup_teardown_taskflow.py took 0.035 seconds
[2023-10-04T18:12:17.111+0300] {processor.py:157} INFO - Started process (PID=15082) to work on /home/paulet/anaconda3/lib/python3.10/site-packages/airflow/example_dags/example_setup_teardown_taskflow.py
[2023-10-04T18:12:17.143+0300] {processor.py:826} INFO - Processing file /home/paulet/anaconda3/lib/python3.10/site-packages/airflow/example_dags/example_setup_teardown_taskflow.py for tasks to queue
[2023-10-04T18:12:17.144+0300] {logging_mixin.py:149} INFO - [2023-10-04T18:12:17.144+0300] {dagbag.py:541} INFO - Filling up the DagBag from /home/paulet/anaconda3/lib/python3.10/site-packages/airflow/example_dags/example_setup_teardown_taskflow.py
[2023-10-04T18:12:17.147+0300] {processor.py:838} WARNING - No viable dags retrieved from /home/paulet/anaconda3/lib/python3.10/site-packages/airflow/example_dags/example_setup_teardown_taskflow.py
[2023-10-04T18:12:17.247+0300] {processor.py:179} INFO - Processing /home/paulet/anaconda3/lib/python3.10/site-packages/airflow/example_dags/example_setup_teardown_taskflow.py took 0.140 seconds
[2023-10-04T18:14:35.869+0300] {processor.py:157} INFO - Started process (PID=16046) to work on /home/paulet/anaconda3/lib/python3.10/site-packages/airflow/example_dags/example_setup_teardown_taskflow.py
[2023-10-04T18:14:35.871+0300] {processor.py:826} INFO - Processing file /home/paulet/anaconda3/lib/python3.10/site-packages/airflow/example_dags/example_setup_teardown_taskflow.py for tasks to queue
[2023-10-04T18:14:35.873+0300] {logging_mixin.py:149} INFO - [2023-10-04T18:14:35.872+0300] {dagbag.py:541} INFO - Filling up the DagBag from /home/paulet/anaconda3/lib/python3.10/site-packages/airflow/example_dags/example_setup_teardown_taskflow.py
[2023-10-04T18:14:35.875+0300] {processor.py:838} WARNING - No viable dags retrieved from /home/paulet/anaconda3/lib/python3.10/site-packages/airflow/example_dags/example_setup_teardown_taskflow.py
[2023-10-04T18:14:35.890+0300] {processor.py:179} INFO - Processing /home/paulet/anaconda3/lib/python3.10/site-packages/airflow/example_dags/example_setup_teardown_taskflow.py took 0.025 seconds
[2023-10-04T18:15:31.371+0300] {processor.py:157} INFO - Started process (PID=16106) to work on /home/paulet/anaconda3/lib/python3.10/site-packages/airflow/example_dags/example_setup_teardown_taskflow.py
[2023-10-04T18:15:31.372+0300] {processor.py:826} INFO - Processing file /home/paulet/anaconda3/lib/python3.10/site-packages/airflow/example_dags/example_setup_teardown_taskflow.py for tasks to queue
[2023-10-04T18:15:31.373+0300] {logging_mixin.py:149} INFO - [2023-10-04T18:15:31.373+0300] {dagbag.py:541} INFO - Filling up the DagBag from /home/paulet/anaconda3/lib/python3.10/site-packages/airflow/example_dags/example_setup_teardown_taskflow.py
[2023-10-04T18:15:31.375+0300] {processor.py:838} WARNING - No viable dags retrieved from /home/paulet/anaconda3/lib/python3.10/site-packages/airflow/example_dags/example_setup_teardown_taskflow.py
[2023-10-04T18:15:31.389+0300] {processor.py:179} INFO - Processing /home/paulet/anaconda3/lib/python3.10/site-packages/airflow/example_dags/example_setup_teardown_taskflow.py took 0.022 seconds
[2023-10-04T18:16:28.207+0300] {processor.py:157} INFO - Started process (PID=16165) to work on /home/paulet/anaconda3/lib/python3.10/site-packages/airflow/example_dags/example_setup_teardown_taskflow.py
[2023-10-04T18:16:28.337+0300] {processor.py:826} INFO - Processing file /home/paulet/anaconda3/lib/python3.10/site-packages/airflow/example_dags/example_setup_teardown_taskflow.py for tasks to queue
[2023-10-04T18:16:28.338+0300] {logging_mixin.py:149} INFO - [2023-10-04T18:16:28.338+0300] {dagbag.py:541} INFO - Filling up the DagBag from /home/paulet/anaconda3/lib/python3.10/site-packages/airflow/example_dags/example_setup_teardown_taskflow.py
[2023-10-04T18:16:28.341+0300] {processor.py:838} WARNING - No viable dags retrieved from /home/paulet/anaconda3/lib/python3.10/site-packages/airflow/example_dags/example_setup_teardown_taskflow.py
[2023-10-04T18:16:28.355+0300] {processor.py:179} INFO - Processing /home/paulet/anaconda3/lib/python3.10/site-packages/airflow/example_dags/example_setup_teardown_taskflow.py took 0.152 seconds
[2023-10-04T18:17:28.525+0300] {processor.py:157} INFO - Started process (PID=16234) to work on /home/paulet/anaconda3/lib/python3.10/site-packages/airflow/example_dags/example_setup_teardown_taskflow.py
[2023-10-04T18:17:28.613+0300] {processor.py:826} INFO - Processing file /home/paulet/anaconda3/lib/python3.10/site-packages/airflow/example_dags/example_setup_teardown_taskflow.py for tasks to queue
[2023-10-04T18:17:28.614+0300] {logging_mixin.py:149} INFO - [2023-10-04T18:17:28.614+0300] {dagbag.py:541} INFO - Filling up the DagBag from /home/paulet/anaconda3/lib/python3.10/site-packages/airflow/example_dags/example_setup_teardown_taskflow.py
[2023-10-04T18:17:28.617+0300] {processor.py:838} WARNING - No viable dags retrieved from /home/paulet/anaconda3/lib/python3.10/site-packages/airflow/example_dags/example_setup_teardown_taskflow.py
[2023-10-04T18:17:28.631+0300] {processor.py:179} INFO - Processing /home/paulet/anaconda3/lib/python3.10/site-packages/airflow/example_dags/example_setup_teardown_taskflow.py took 0.110 seconds
[2023-10-04T21:00:32.165+0300] {processor.py:157} INFO - Started process (PID=22428) to work on /home/paulet/anaconda3/lib/python3.10/site-packages/airflow/example_dags/example_setup_teardown_taskflow.py
[2023-10-04T21:00:32.193+0300] {processor.py:826} INFO - Processing file /home/paulet/anaconda3/lib/python3.10/site-packages/airflow/example_dags/example_setup_teardown_taskflow.py for tasks to queue
[2023-10-04T21:00:32.194+0300] {logging_mixin.py:149} INFO - [2023-10-04T21:00:32.193+0300] {dagbag.py:541} INFO - Filling up the DagBag from /home/paulet/anaconda3/lib/python3.10/site-packages/airflow/example_dags/example_setup_teardown_taskflow.py
[2023-10-04T21:00:32.196+0300] {processor.py:838} WARNING - No viable dags retrieved from /home/paulet/anaconda3/lib/python3.10/site-packages/airflow/example_dags/example_setup_teardown_taskflow.py
[2023-10-04T21:00:32.210+0300] {processor.py:179} INFO - Processing /home/paulet/anaconda3/lib/python3.10/site-packages/airflow/example_dags/example_setup_teardown_taskflow.py took 0.049 seconds
[2023-10-04T21:01:40.257+0300] {processor.py:157} INFO - Started process (PID=22610) to work on /home/paulet/anaconda3/lib/python3.10/site-packages/airflow/example_dags/example_setup_teardown_taskflow.py
[2023-10-04T21:01:40.276+0300] {processor.py:826} INFO - Processing file /home/paulet/anaconda3/lib/python3.10/site-packages/airflow/example_dags/example_setup_teardown_taskflow.py for tasks to queue
[2023-10-04T21:01:40.277+0300] {logging_mixin.py:149} INFO - [2023-10-04T21:01:40.276+0300] {dagbag.py:541} INFO - Filling up the DagBag from /home/paulet/anaconda3/lib/python3.10/site-packages/airflow/example_dags/example_setup_teardown_taskflow.py
[2023-10-04T21:01:40.278+0300] {processor.py:838} WARNING - No viable dags retrieved from /home/paulet/anaconda3/lib/python3.10/site-packages/airflow/example_dags/example_setup_teardown_taskflow.py
[2023-10-04T21:01:40.290+0300] {processor.py:179} INFO - Processing /home/paulet/anaconda3/lib/python3.10/site-packages/airflow/example_dags/example_setup_teardown_taskflow.py took 0.037 seconds
[2023-10-04T21:02:42.565+0300] {processor.py:157} INFO - Started process (PID=22675) to work on /home/paulet/anaconda3/lib/python3.10/site-packages/airflow/example_dags/example_setup_teardown_taskflow.py
[2023-10-04T21:02:42.567+0300] {processor.py:826} INFO - Processing file /home/paulet/anaconda3/lib/python3.10/site-packages/airflow/example_dags/example_setup_teardown_taskflow.py for tasks to queue
[2023-10-04T21:02:42.568+0300] {logging_mixin.py:149} INFO - [2023-10-04T21:02:42.568+0300] {dagbag.py:541} INFO - Filling up the DagBag from /home/paulet/anaconda3/lib/python3.10/site-packages/airflow/example_dags/example_setup_teardown_taskflow.py
[2023-10-04T21:02:42.571+0300] {processor.py:838} WARNING - No viable dags retrieved from /home/paulet/anaconda3/lib/python3.10/site-packages/airflow/example_dags/example_setup_teardown_taskflow.py
[2023-10-04T21:02:42.584+0300] {processor.py:179} INFO - Processing /home/paulet/anaconda3/lib/python3.10/site-packages/airflow/example_dags/example_setup_teardown_taskflow.py took 0.023 seconds
[2023-10-04T21:03:35.047+0300] {processor.py:157} INFO - Started process (PID=22722) to work on /home/paulet/anaconda3/lib/python3.10/site-packages/airflow/example_dags/example_setup_teardown_taskflow.py
[2023-10-04T21:03:35.049+0300] {processor.py:826} INFO - Processing file /home/paulet/anaconda3/lib/python3.10/site-packages/airflow/example_dags/example_setup_teardown_taskflow.py for tasks to queue
[2023-10-04T21:03:35.050+0300] {logging_mixin.py:149} INFO - [2023-10-04T21:03:35.049+0300] {dagbag.py:541} INFO - Filling up the DagBag from /home/paulet/anaconda3/lib/python3.10/site-packages/airflow/example_dags/example_setup_teardown_taskflow.py
[2023-10-04T21:03:35.052+0300] {processor.py:838} WARNING - No viable dags retrieved from /home/paulet/anaconda3/lib/python3.10/site-packages/airflow/example_dags/example_setup_teardown_taskflow.py
[2023-10-04T21:03:35.065+0300] {processor.py:179} INFO - Processing /home/paulet/anaconda3/lib/python3.10/site-packages/airflow/example_dags/example_setup_teardown_taskflow.py took 0.021 seconds
[2023-10-04T21:04:30.119+0300] {processor.py:157} INFO - Started process (PID=22794) to work on /home/paulet/anaconda3/lib/python3.10/site-packages/airflow/example_dags/example_setup_teardown_taskflow.py
[2023-10-04T21:04:30.121+0300] {processor.py:826} INFO - Processing file /home/paulet/anaconda3/lib/python3.10/site-packages/airflow/example_dags/example_setup_teardown_taskflow.py for tasks to queue
[2023-10-04T21:04:30.122+0300] {logging_mixin.py:149} INFO - [2023-10-04T21:04:30.122+0300] {dagbag.py:541} INFO - Filling up the DagBag from /home/paulet/anaconda3/lib/python3.10/site-packages/airflow/example_dags/example_setup_teardown_taskflow.py
[2023-10-04T21:04:30.124+0300] {processor.py:838} WARNING - No viable dags retrieved from /home/paulet/anaconda3/lib/python3.10/site-packages/airflow/example_dags/example_setup_teardown_taskflow.py
[2023-10-04T21:04:30.138+0300] {processor.py:179} INFO - Processing /home/paulet/anaconda3/lib/python3.10/site-packages/airflow/example_dags/example_setup_teardown_taskflow.py took 0.023 seconds
[2023-10-04T21:05:25.413+0300] {processor.py:157} INFO - Started process (PID=22869) to work on /home/paulet/anaconda3/lib/python3.10/site-packages/airflow/example_dags/example_setup_teardown_taskflow.py
[2023-10-04T21:05:25.423+0300] {processor.py:826} INFO - Processing file /home/paulet/anaconda3/lib/python3.10/site-packages/airflow/example_dags/example_setup_teardown_taskflow.py for tasks to queue
[2023-10-04T21:05:25.424+0300] {logging_mixin.py:149} INFO - [2023-10-04T21:05:25.424+0300] {dagbag.py:541} INFO - Filling up the DagBag from /home/paulet/anaconda3/lib/python3.10/site-packages/airflow/example_dags/example_setup_teardown_taskflow.py
[2023-10-04T21:05:25.426+0300] {processor.py:838} WARNING - No viable dags retrieved from /home/paulet/anaconda3/lib/python3.10/site-packages/airflow/example_dags/example_setup_teardown_taskflow.py
[2023-10-04T21:05:25.440+0300] {processor.py:179} INFO - Processing /home/paulet/anaconda3/lib/python3.10/site-packages/airflow/example_dags/example_setup_teardown_taskflow.py took 0.032 seconds
[2023-10-04T21:06:23.300+0300] {processor.py:157} INFO - Started process (PID=22921) to work on /home/paulet/anaconda3/lib/python3.10/site-packages/airflow/example_dags/example_setup_teardown_taskflow.py
[2023-10-04T21:06:23.302+0300] {processor.py:826} INFO - Processing file /home/paulet/anaconda3/lib/python3.10/site-packages/airflow/example_dags/example_setup_teardown_taskflow.py for tasks to queue
[2023-10-04T21:06:23.303+0300] {logging_mixin.py:149} INFO - [2023-10-04T21:06:23.303+0300] {dagbag.py:541} INFO - Filling up the DagBag from /home/paulet/anaconda3/lib/python3.10/site-packages/airflow/example_dags/example_setup_teardown_taskflow.py
[2023-10-04T21:06:23.305+0300] {processor.py:838} WARNING - No viable dags retrieved from /home/paulet/anaconda3/lib/python3.10/site-packages/airflow/example_dags/example_setup_teardown_taskflow.py
[2023-10-04T21:06:23.319+0300] {processor.py:179} INFO - Processing /home/paulet/anaconda3/lib/python3.10/site-packages/airflow/example_dags/example_setup_teardown_taskflow.py took 0.023 seconds
[2023-10-04T21:07:18.325+0300] {processor.py:157} INFO - Started process (PID=22972) to work on /home/paulet/anaconda3/lib/python3.10/site-packages/airflow/example_dags/example_setup_teardown_taskflow.py
[2023-10-04T21:07:18.348+0300] {processor.py:826} INFO - Processing file /home/paulet/anaconda3/lib/python3.10/site-packages/airflow/example_dags/example_setup_teardown_taskflow.py for tasks to queue
[2023-10-04T21:07:18.349+0300] {logging_mixin.py:149} INFO - [2023-10-04T21:07:18.349+0300] {dagbag.py:541} INFO - Filling up the DagBag from /home/paulet/anaconda3/lib/python3.10/site-packages/airflow/example_dags/example_setup_teardown_taskflow.py
[2023-10-04T21:07:18.352+0300] {processor.py:838} WARNING - No viable dags retrieved from /home/paulet/anaconda3/lib/python3.10/site-packages/airflow/example_dags/example_setup_teardown_taskflow.py
[2023-10-04T21:07:18.366+0300] {processor.py:179} INFO - Processing /home/paulet/anaconda3/lib/python3.10/site-packages/airflow/example_dags/example_setup_teardown_taskflow.py took 0.046 seconds
[2023-10-04T21:08:12.133+0300] {processor.py:157} INFO - Started process (PID=23021) to work on /home/paulet/anaconda3/lib/python3.10/site-packages/airflow/example_dags/example_setup_teardown_taskflow.py
[2023-10-04T21:08:12.137+0300] {processor.py:826} INFO - Processing file /home/paulet/anaconda3/lib/python3.10/site-packages/airflow/example_dags/example_setup_teardown_taskflow.py for tasks to queue
[2023-10-04T21:08:12.138+0300] {logging_mixin.py:149} INFO - [2023-10-04T21:08:12.138+0300] {dagbag.py:541} INFO - Filling up the DagBag from /home/paulet/anaconda3/lib/python3.10/site-packages/airflow/example_dags/example_setup_teardown_taskflow.py
[2023-10-04T21:08:12.141+0300] {processor.py:838} WARNING - No viable dags retrieved from /home/paulet/anaconda3/lib/python3.10/site-packages/airflow/example_dags/example_setup_teardown_taskflow.py
[2023-10-04T21:08:12.155+0300] {processor.py:179} INFO - Processing /home/paulet/anaconda3/lib/python3.10/site-packages/airflow/example_dags/example_setup_teardown_taskflow.py took 0.026 seconds
[2023-10-04T21:09:02.421+0300] {processor.py:157} INFO - Started process (PID=23087) to work on /home/paulet/anaconda3/lib/python3.10/site-packages/airflow/example_dags/example_setup_teardown_taskflow.py
[2023-10-04T21:09:02.432+0300] {processor.py:826} INFO - Processing file /home/paulet/anaconda3/lib/python3.10/site-packages/airflow/example_dags/example_setup_teardown_taskflow.py for tasks to queue
[2023-10-04T21:09:02.433+0300] {logging_mixin.py:149} INFO - [2023-10-04T21:09:02.433+0300] {dagbag.py:541} INFO - Filling up the DagBag from /home/paulet/anaconda3/lib/python3.10/site-packages/airflow/example_dags/example_setup_teardown_taskflow.py
[2023-10-04T21:09:02.435+0300] {processor.py:838} WARNING - No viable dags retrieved from /home/paulet/anaconda3/lib/python3.10/site-packages/airflow/example_dags/example_setup_teardown_taskflow.py
[2023-10-04T21:09:02.446+0300] {processor.py:179} INFO - Processing /home/paulet/anaconda3/lib/python3.10/site-packages/airflow/example_dags/example_setup_teardown_taskflow.py took 0.029 seconds
[2023-10-04T21:09:54.227+0300] {processor.py:157} INFO - Started process (PID=23175) to work on /home/paulet/anaconda3/lib/python3.10/site-packages/airflow/example_dags/example_setup_teardown_taskflow.py
[2023-10-04T21:09:54.240+0300] {processor.py:826} INFO - Processing file /home/paulet/anaconda3/lib/python3.10/site-packages/airflow/example_dags/example_setup_teardown_taskflow.py for tasks to queue
[2023-10-04T21:09:54.241+0300] {logging_mixin.py:149} INFO - [2023-10-04T21:09:54.241+0300] {dagbag.py:541} INFO - Filling up the DagBag from /home/paulet/anaconda3/lib/python3.10/site-packages/airflow/example_dags/example_setup_teardown_taskflow.py
[2023-10-04T21:09:54.243+0300] {processor.py:838} WARNING - No viable dags retrieved from /home/paulet/anaconda3/lib/python3.10/site-packages/airflow/example_dags/example_setup_teardown_taskflow.py
[2023-10-04T21:09:54.258+0300] {processor.py:179} INFO - Processing /home/paulet/anaconda3/lib/python3.10/site-packages/airflow/example_dags/example_setup_teardown_taskflow.py took 0.035 seconds
[2023-10-04T21:10:44.337+0300] {processor.py:157} INFO - Started process (PID=23258) to work on /home/paulet/anaconda3/lib/python3.10/site-packages/airflow/example_dags/example_setup_teardown_taskflow.py
[2023-10-04T21:10:44.338+0300] {processor.py:826} INFO - Processing file /home/paulet/anaconda3/lib/python3.10/site-packages/airflow/example_dags/example_setup_teardown_taskflow.py for tasks to queue
[2023-10-04T21:10:44.339+0300] {logging_mixin.py:149} INFO - [2023-10-04T21:10:44.339+0300] {dagbag.py:541} INFO - Filling up the DagBag from /home/paulet/anaconda3/lib/python3.10/site-packages/airflow/example_dags/example_setup_teardown_taskflow.py
[2023-10-04T21:10:44.342+0300] {processor.py:838} WARNING - No viable dags retrieved from /home/paulet/anaconda3/lib/python3.10/site-packages/airflow/example_dags/example_setup_teardown_taskflow.py
[2023-10-04T21:10:44.356+0300] {processor.py:179} INFO - Processing /home/paulet/anaconda3/lib/python3.10/site-packages/airflow/example_dags/example_setup_teardown_taskflow.py took 0.023 seconds
[2023-10-04T21:51:52.000+0300] {processor.py:157} INFO - Started process (PID=26937) to work on /home/paulet/anaconda3/lib/python3.10/site-packages/airflow/example_dags/example_setup_teardown_taskflow.py
[2023-10-04T21:51:52.077+0300] {processor.py:826} INFO - Processing file /home/paulet/anaconda3/lib/python3.10/site-packages/airflow/example_dags/example_setup_teardown_taskflow.py for tasks to queue
[2023-10-04T21:51:52.079+0300] {logging_mixin.py:149} INFO - [2023-10-04T21:51:52.078+0300] {dagbag.py:541} INFO - Filling up the DagBag from /home/paulet/anaconda3/lib/python3.10/site-packages/airflow/example_dags/example_setup_teardown_taskflow.py
[2023-10-04T21:51:52.082+0300] {processor.py:838} WARNING - No viable dags retrieved from /home/paulet/anaconda3/lib/python3.10/site-packages/airflow/example_dags/example_setup_teardown_taskflow.py
[2023-10-04T21:51:52.201+0300] {processor.py:179} INFO - Processing /home/paulet/anaconda3/lib/python3.10/site-packages/airflow/example_dags/example_setup_teardown_taskflow.py took 0.205 seconds
[2023-10-04T21:52:55.669+0300] {processor.py:157} INFO - Started process (PID=27036) to work on /home/paulet/anaconda3/lib/python3.10/site-packages/airflow/example_dags/example_setup_teardown_taskflow.py
[2023-10-04T21:52:55.704+0300] {processor.py:826} INFO - Processing file /home/paulet/anaconda3/lib/python3.10/site-packages/airflow/example_dags/example_setup_teardown_taskflow.py for tasks to queue
[2023-10-04T21:52:55.705+0300] {logging_mixin.py:149} INFO - [2023-10-04T21:52:55.704+0300] {dagbag.py:541} INFO - Filling up the DagBag from /home/paulet/anaconda3/lib/python3.10/site-packages/airflow/example_dags/example_setup_teardown_taskflow.py
[2023-10-04T21:52:55.707+0300] {processor.py:838} WARNING - No viable dags retrieved from /home/paulet/anaconda3/lib/python3.10/site-packages/airflow/example_dags/example_setup_teardown_taskflow.py
[2023-10-04T21:52:55.721+0300] {processor.py:179} INFO - Processing /home/paulet/anaconda3/lib/python3.10/site-packages/airflow/example_dags/example_setup_teardown_taskflow.py took 0.056 seconds
[2023-10-04T21:53:52.231+0300] {processor.py:157} INFO - Started process (PID=27104) to work on /home/paulet/anaconda3/lib/python3.10/site-packages/airflow/example_dags/example_setup_teardown_taskflow.py
[2023-10-04T21:53:52.341+0300] {processor.py:826} INFO - Processing file /home/paulet/anaconda3/lib/python3.10/site-packages/airflow/example_dags/example_setup_teardown_taskflow.py for tasks to queue
[2023-10-04T21:53:52.342+0300] {logging_mixin.py:149} INFO - [2023-10-04T21:53:52.342+0300] {dagbag.py:541} INFO - Filling up the DagBag from /home/paulet/anaconda3/lib/python3.10/site-packages/airflow/example_dags/example_setup_teardown_taskflow.py
[2023-10-04T21:53:52.345+0300] {processor.py:838} WARNING - No viable dags retrieved from /home/paulet/anaconda3/lib/python3.10/site-packages/airflow/example_dags/example_setup_teardown_taskflow.py
[2023-10-04T21:53:52.600+0300] {processor.py:179} INFO - Processing /home/paulet/anaconda3/lib/python3.10/site-packages/airflow/example_dags/example_setup_teardown_taskflow.py took 0.374 seconds
[2023-10-04T21:54:57.179+0300] {processor.py:157} INFO - Started process (PID=27188) to work on /home/paulet/anaconda3/lib/python3.10/site-packages/airflow/example_dags/example_setup_teardown_taskflow.py
[2023-10-04T21:54:57.186+0300] {processor.py:826} INFO - Processing file /home/paulet/anaconda3/lib/python3.10/site-packages/airflow/example_dags/example_setup_teardown_taskflow.py for tasks to queue
[2023-10-04T21:54:57.187+0300] {logging_mixin.py:149} INFO - [2023-10-04T21:54:57.187+0300] {dagbag.py:541} INFO - Filling up the DagBag from /home/paulet/anaconda3/lib/python3.10/site-packages/airflow/example_dags/example_setup_teardown_taskflow.py
[2023-10-04T21:54:57.189+0300] {processor.py:838} WARNING - No viable dags retrieved from /home/paulet/anaconda3/lib/python3.10/site-packages/airflow/example_dags/example_setup_teardown_taskflow.py
[2023-10-04T21:54:57.205+0300] {processor.py:179} INFO - Processing /home/paulet/anaconda3/lib/python3.10/site-packages/airflow/example_dags/example_setup_teardown_taskflow.py took 0.031 seconds
[2023-10-04T21:55:58.328+0300] {processor.py:157} INFO - Started process (PID=27368) to work on /home/paulet/anaconda3/lib/python3.10/site-packages/airflow/example_dags/example_setup_teardown_taskflow.py
[2023-10-04T21:55:58.414+0300] {processor.py:826} INFO - Processing file /home/paulet/anaconda3/lib/python3.10/site-packages/airflow/example_dags/example_setup_teardown_taskflow.py for tasks to queue
[2023-10-04T21:55:58.415+0300] {logging_mixin.py:149} INFO - [2023-10-04T21:55:58.415+0300] {dagbag.py:541} INFO - Filling up the DagBag from /home/paulet/anaconda3/lib/python3.10/site-packages/airflow/example_dags/example_setup_teardown_taskflow.py
[2023-10-04T21:55:58.417+0300] {processor.py:838} WARNING - No viable dags retrieved from /home/paulet/anaconda3/lib/python3.10/site-packages/airflow/example_dags/example_setup_teardown_taskflow.py
[2023-10-04T21:55:58.432+0300] {processor.py:179} INFO - Processing /home/paulet/anaconda3/lib/python3.10/site-packages/airflow/example_dags/example_setup_teardown_taskflow.py took 0.108 seconds
