[2023-10-04T18:09:22.084+0300] {processor.py:157} INFO - Started process (PID=14106) to work on /home/paulet/anaconda3/lib/python3.10/site-packages/airflow/example_dags/example_short_circuit_decorator.py
[2023-10-04T18:09:22.085+0300] {processor.py:826} INFO - Processing file /home/paulet/anaconda3/lib/python3.10/site-packages/airflow/example_dags/example_short_circuit_decorator.py for tasks to queue
[2023-10-04T18:09:22.086+0300] {logging_mixin.py:149} INFO - [2023-10-04T18:09:22.086+0300] {dagbag.py:541} INFO - Filling up the DagBag from /home/paulet/anaconda3/lib/python3.10/site-packages/airflow/example_dags/example_short_circuit_decorator.py
[2023-10-04T18:09:22.102+0300] {processor.py:836} INFO - DAG(s) dict_keys(['example_short_circuit_decorator']) retrieved from /home/paulet/anaconda3/lib/python3.10/site-packages/airflow/example_dags/example_short_circuit_decorator.py
[2023-10-04T18:09:22.469+0300] {logging_mixin.py:149} INFO - [2023-10-04T18:09:22.469+0300] {manager.py:504} INFO - Created Permission View: can edit on DAG:example_short_circuit_decorator
[2023-10-04T18:09:22.575+0300] {logging_mixin.py:149} INFO - [2023-10-04T18:09:22.575+0300] {manager.py:504} INFO - Created Permission View: can read on DAG:example_short_circuit_decorator
[2023-10-04T18:09:22.691+0300] {logging_mixin.py:149} INFO - [2023-10-04T18:09:22.690+0300] {manager.py:504} INFO - Created Permission View: can delete on DAG:example_short_circuit_decorator
[2023-10-04T18:09:22.692+0300] {logging_mixin.py:149} INFO - [2023-10-04T18:09:22.691+0300] {dag.py:2726} INFO - Sync 1 DAGs
[2023-10-04T18:09:22.718+0300] {logging_mixin.py:149} INFO - [2023-10-04T18:09:22.718+0300] {dag.py:2747} INFO - Creating ORM DAG for example_short_circuit_decorator
[2023-10-04T18:09:22.737+0300] {logging_mixin.py:149} INFO - [2023-10-04T18:09:22.737+0300] {dag.py:3486} INFO - Setting next_dagrun for example_short_circuit_decorator to 2023-10-03T15:09:22.736996+00:00, run_after=2023-10-04T15:09:22.736996+00:00
[2023-10-04T18:09:22.990+0300] {processor.py:179} INFO - Processing /home/paulet/anaconda3/lib/python3.10/site-packages/airflow/example_dags/example_short_circuit_decorator.py took 0.911 seconds
[2023-10-04T18:11:02.207+0300] {processor.py:157} INFO - Started process (PID=14608) to work on /home/paulet/anaconda3/lib/python3.10/site-packages/airflow/example_dags/example_short_circuit_decorator.py
[2023-10-04T18:11:02.230+0300] {processor.py:826} INFO - Processing file /home/paulet/anaconda3/lib/python3.10/site-packages/airflow/example_dags/example_short_circuit_decorator.py for tasks to queue
[2023-10-04T18:11:02.231+0300] {logging_mixin.py:149} INFO - [2023-10-04T18:11:02.231+0300] {dagbag.py:541} INFO - Filling up the DagBag from /home/paulet/anaconda3/lib/python3.10/site-packages/airflow/example_dags/example_short_circuit_decorator.py
[2023-10-04T18:11:02.243+0300] {processor.py:836} INFO - DAG(s) dict_keys(['example_short_circuit_decorator']) retrieved from /home/paulet/anaconda3/lib/python3.10/site-packages/airflow/example_dags/example_short_circuit_decorator.py
[2023-10-04T18:11:02.382+0300] {logging_mixin.py:149} INFO - [2023-10-04T18:11:02.381+0300] {dag.py:2726} INFO - Sync 1 DAGs
[2023-10-04T18:11:02.412+0300] {logging_mixin.py:149} INFO - [2023-10-04T18:11:02.412+0300] {dag.py:3486} INFO - Setting next_dagrun for example_short_circuit_decorator to 2023-10-03T15:11:02.412051+00:00, run_after=2023-10-04T15:11:02.412051+00:00
[2023-10-04T18:11:02.617+0300] {processor.py:179} INFO - Processing /home/paulet/anaconda3/lib/python3.10/site-packages/airflow/example_dags/example_short_circuit_decorator.py took 0.415 seconds
[2023-10-04T18:12:21.729+0300] {processor.py:157} INFO - Started process (PID=15114) to work on /home/paulet/anaconda3/lib/python3.10/site-packages/airflow/example_dags/example_short_circuit_decorator.py
[2023-10-04T18:12:21.730+0300] {processor.py:826} INFO - Processing file /home/paulet/anaconda3/lib/python3.10/site-packages/airflow/example_dags/example_short_circuit_decorator.py for tasks to queue
[2023-10-04T18:12:21.731+0300] {logging_mixin.py:149} INFO - [2023-10-04T18:12:21.731+0300] {dagbag.py:541} INFO - Filling up the DagBag from /home/paulet/anaconda3/lib/python3.10/site-packages/airflow/example_dags/example_short_circuit_decorator.py
[2023-10-04T18:12:21.744+0300] {processor.py:836} INFO - DAG(s) dict_keys(['example_short_circuit_decorator']) retrieved from /home/paulet/anaconda3/lib/python3.10/site-packages/airflow/example_dags/example_short_circuit_decorator.py
[2023-10-04T18:12:21.772+0300] {logging_mixin.py:149} INFO - [2023-10-04T18:12:21.772+0300] {dag.py:2726} INFO - Sync 1 DAGs
[2023-10-04T18:12:21.800+0300] {logging_mixin.py:149} INFO - [2023-10-04T18:12:21.800+0300] {dag.py:3486} INFO - Setting next_dagrun for example_short_circuit_decorator to 2023-10-03T15:12:21.800104+00:00, run_after=2023-10-04T15:12:21.800104+00:00
[2023-10-04T18:12:21.951+0300] {processor.py:179} INFO - Processing /home/paulet/anaconda3/lib/python3.10/site-packages/airflow/example_dags/example_short_circuit_decorator.py took 0.226 seconds
[2023-10-04T18:14:38.427+0300] {processor.py:157} INFO - Started process (PID=16048) to work on /home/paulet/anaconda3/lib/python3.10/site-packages/airflow/example_dags/example_short_circuit_decorator.py
[2023-10-04T18:14:38.428+0300] {processor.py:826} INFO - Processing file /home/paulet/anaconda3/lib/python3.10/site-packages/airflow/example_dags/example_short_circuit_decorator.py for tasks to queue
[2023-10-04T18:14:38.429+0300] {logging_mixin.py:149} INFO - [2023-10-04T18:14:38.429+0300] {dagbag.py:541} INFO - Filling up the DagBag from /home/paulet/anaconda3/lib/python3.10/site-packages/airflow/example_dags/example_short_circuit_decorator.py
[2023-10-04T18:14:38.441+0300] {processor.py:836} INFO - DAG(s) dict_keys(['example_short_circuit_decorator']) retrieved from /home/paulet/anaconda3/lib/python3.10/site-packages/airflow/example_dags/example_short_circuit_decorator.py
[2023-10-04T18:14:38.467+0300] {logging_mixin.py:149} INFO - [2023-10-04T18:14:38.467+0300] {dag.py:2726} INFO - Sync 1 DAGs
[2023-10-04T18:14:38.493+0300] {logging_mixin.py:149} INFO - [2023-10-04T18:14:38.493+0300] {dag.py:3486} INFO - Setting next_dagrun for example_short_circuit_decorator to 2023-10-03T15:14:38.493301+00:00, run_after=2023-10-04T15:14:38.493301+00:00
[2023-10-04T18:14:38.709+0300] {processor.py:179} INFO - Processing /home/paulet/anaconda3/lib/python3.10/site-packages/airflow/example_dags/example_short_circuit_decorator.py took 0.285 seconds
[2023-10-04T18:15:33.767+0300] {processor.py:157} INFO - Started process (PID=16108) to work on /home/paulet/anaconda3/lib/python3.10/site-packages/airflow/example_dags/example_short_circuit_decorator.py
[2023-10-04T18:15:33.769+0300] {processor.py:826} INFO - Processing file /home/paulet/anaconda3/lib/python3.10/site-packages/airflow/example_dags/example_short_circuit_decorator.py for tasks to queue
[2023-10-04T18:15:33.770+0300] {logging_mixin.py:149} INFO - [2023-10-04T18:15:33.770+0300] {dagbag.py:541} INFO - Filling up the DagBag from /home/paulet/anaconda3/lib/python3.10/site-packages/airflow/example_dags/example_short_circuit_decorator.py
[2023-10-04T18:15:33.782+0300] {processor.py:836} INFO - DAG(s) dict_keys(['example_short_circuit_decorator']) retrieved from /home/paulet/anaconda3/lib/python3.10/site-packages/airflow/example_dags/example_short_circuit_decorator.py
[2023-10-04T18:15:33.810+0300] {logging_mixin.py:149} INFO - [2023-10-04T18:15:33.810+0300] {dag.py:2726} INFO - Sync 1 DAGs
[2023-10-04T18:15:33.834+0300] {logging_mixin.py:149} INFO - [2023-10-04T18:15:33.834+0300] {dag.py:3486} INFO - Setting next_dagrun for example_short_circuit_decorator to 2023-10-03T15:15:33.834154+00:00, run_after=2023-10-04T15:15:33.834154+00:00
[2023-10-04T18:15:33.979+0300] {processor.py:179} INFO - Processing /home/paulet/anaconda3/lib/python3.10/site-packages/airflow/example_dags/example_short_circuit_decorator.py took 0.215 seconds
[2023-10-04T18:16:31.509+0300] {processor.py:157} INFO - Started process (PID=16167) to work on /home/paulet/anaconda3/lib/python3.10/site-packages/airflow/example_dags/example_short_circuit_decorator.py
[2023-10-04T18:16:31.846+0300] {processor.py:826} INFO - Processing file /home/paulet/anaconda3/lib/python3.10/site-packages/airflow/example_dags/example_short_circuit_decorator.py for tasks to queue
[2023-10-04T18:16:31.847+0300] {logging_mixin.py:149} INFO - [2023-10-04T18:16:31.847+0300] {dagbag.py:541} INFO - Filling up the DagBag from /home/paulet/anaconda3/lib/python3.10/site-packages/airflow/example_dags/example_short_circuit_decorator.py
[2023-10-04T18:16:31.858+0300] {processor.py:836} INFO - DAG(s) dict_keys(['example_short_circuit_decorator']) retrieved from /home/paulet/anaconda3/lib/python3.10/site-packages/airflow/example_dags/example_short_circuit_decorator.py
[2023-10-04T18:16:31.883+0300] {logging_mixin.py:149} INFO - [2023-10-04T18:16:31.883+0300] {dag.py:2726} INFO - Sync 1 DAGs
[2023-10-04T18:16:31.907+0300] {logging_mixin.py:149} INFO - [2023-10-04T18:16:31.907+0300] {dag.py:3486} INFO - Setting next_dagrun for example_short_circuit_decorator to 2023-10-03T15:16:31.907445+00:00, run_after=2023-10-04T15:16:31.907445+00:00
[2023-10-04T18:16:32.139+0300] {processor.py:179} INFO - Processing /home/paulet/anaconda3/lib/python3.10/site-packages/airflow/example_dags/example_short_circuit_decorator.py took 0.634 seconds
[2023-10-04T18:17:31.420+0300] {processor.py:157} INFO - Started process (PID=16238) to work on /home/paulet/anaconda3/lib/python3.10/site-packages/airflow/example_dags/example_short_circuit_decorator.py
[2023-10-04T18:17:31.563+0300] {processor.py:826} INFO - Processing file /home/paulet/anaconda3/lib/python3.10/site-packages/airflow/example_dags/example_short_circuit_decorator.py for tasks to queue
[2023-10-04T18:17:31.564+0300] {logging_mixin.py:149} INFO - [2023-10-04T18:17:31.564+0300] {dagbag.py:541} INFO - Filling up the DagBag from /home/paulet/anaconda3/lib/python3.10/site-packages/airflow/example_dags/example_short_circuit_decorator.py
[2023-10-04T18:17:31.579+0300] {processor.py:836} INFO - DAG(s) dict_keys(['example_short_circuit_decorator']) retrieved from /home/paulet/anaconda3/lib/python3.10/site-packages/airflow/example_dags/example_short_circuit_decorator.py
[2023-10-04T18:17:31.611+0300] {logging_mixin.py:149} INFO - [2023-10-04T18:17:31.611+0300] {dag.py:2726} INFO - Sync 1 DAGs
[2023-10-04T18:17:31.637+0300] {logging_mixin.py:149} INFO - [2023-10-04T18:17:31.637+0300] {dag.py:3486} INFO - Setting next_dagrun for example_short_circuit_decorator to 2023-10-03T15:17:31.637441+00:00, run_after=2023-10-04T15:17:31.637441+00:00
[2023-10-04T18:17:32.162+0300] {processor.py:179} INFO - Processing /home/paulet/anaconda3/lib/python3.10/site-packages/airflow/example_dags/example_short_circuit_decorator.py took 0.747 seconds
[2023-10-04T21:00:34.955+0300] {processor.py:157} INFO - Started process (PID=22431) to work on /home/paulet/anaconda3/lib/python3.10/site-packages/airflow/example_dags/example_short_circuit_decorator.py
[2023-10-04T21:00:34.957+0300] {processor.py:826} INFO - Processing file /home/paulet/anaconda3/lib/python3.10/site-packages/airflow/example_dags/example_short_circuit_decorator.py for tasks to queue
[2023-10-04T21:00:34.958+0300] {logging_mixin.py:149} INFO - [2023-10-04T21:00:34.958+0300] {dagbag.py:541} INFO - Filling up the DagBag from /home/paulet/anaconda3/lib/python3.10/site-packages/airflow/example_dags/example_short_circuit_decorator.py
[2023-10-04T21:00:34.974+0300] {processor.py:836} INFO - DAG(s) dict_keys(['example_short_circuit_decorator']) retrieved from /home/paulet/anaconda3/lib/python3.10/site-packages/airflow/example_dags/example_short_circuit_decorator.py
[2023-10-04T21:00:35.003+0300] {logging_mixin.py:149} INFO - [2023-10-04T21:00:35.003+0300] {dag.py:2726} INFO - Sync 1 DAGs
[2023-10-04T21:00:35.026+0300] {logging_mixin.py:149} INFO - [2023-10-04T21:00:35.025+0300] {dag.py:3486} INFO - Setting next_dagrun for example_short_circuit_decorator to 2023-10-03T18:00:35.025669+00:00, run_after=2023-10-04T18:00:35.025669+00:00
[2023-10-04T21:00:35.194+0300] {processor.py:179} INFO - Processing /home/paulet/anaconda3/lib/python3.10/site-packages/airflow/example_dags/example_short_circuit_decorator.py took 0.243 seconds
[2023-10-04T21:01:42.940+0300] {processor.py:157} INFO - Started process (PID=22612) to work on /home/paulet/anaconda3/lib/python3.10/site-packages/airflow/example_dags/example_short_circuit_decorator.py
[2023-10-04T21:01:42.970+0300] {processor.py:826} INFO - Processing file /home/paulet/anaconda3/lib/python3.10/site-packages/airflow/example_dags/example_short_circuit_decorator.py for tasks to queue
[2023-10-04T21:01:42.971+0300] {logging_mixin.py:149} INFO - [2023-10-04T21:01:42.971+0300] {dagbag.py:541} INFO - Filling up the DagBag from /home/paulet/anaconda3/lib/python3.10/site-packages/airflow/example_dags/example_short_circuit_decorator.py
[2023-10-04T21:01:42.985+0300] {processor.py:836} INFO - DAG(s) dict_keys(['example_short_circuit_decorator']) retrieved from /home/paulet/anaconda3/lib/python3.10/site-packages/airflow/example_dags/example_short_circuit_decorator.py
[2023-10-04T21:01:43.015+0300] {logging_mixin.py:149} INFO - [2023-10-04T21:01:43.015+0300] {dag.py:2726} INFO - Sync 1 DAGs
[2023-10-04T21:01:43.039+0300] {logging_mixin.py:149} INFO - [2023-10-04T21:01:43.039+0300] {dag.py:3486} INFO - Setting next_dagrun for example_short_circuit_decorator to 2023-10-03T18:01:43.039160+00:00, run_after=2023-10-04T18:01:43.039160+00:00
[2023-10-04T21:01:43.180+0300] {processor.py:179} INFO - Processing /home/paulet/anaconda3/lib/python3.10/site-packages/airflow/example_dags/example_short_circuit_decorator.py took 0.244 seconds
[2023-10-04T21:02:45.124+0300] {processor.py:157} INFO - Started process (PID=22677) to work on /home/paulet/anaconda3/lib/python3.10/site-packages/airflow/example_dags/example_short_circuit_decorator.py
[2023-10-04T21:02:45.139+0300] {processor.py:826} INFO - Processing file /home/paulet/anaconda3/lib/python3.10/site-packages/airflow/example_dags/example_short_circuit_decorator.py for tasks to queue
[2023-10-04T21:02:45.140+0300] {logging_mixin.py:149} INFO - [2023-10-04T21:02:45.140+0300] {dagbag.py:541} INFO - Filling up the DagBag from /home/paulet/anaconda3/lib/python3.10/site-packages/airflow/example_dags/example_short_circuit_decorator.py
[2023-10-04T21:02:45.154+0300] {processor.py:836} INFO - DAG(s) dict_keys(['example_short_circuit_decorator']) retrieved from /home/paulet/anaconda3/lib/python3.10/site-packages/airflow/example_dags/example_short_circuit_decorator.py
[2023-10-04T21:02:45.184+0300] {logging_mixin.py:149} INFO - [2023-10-04T21:02:45.184+0300] {dag.py:2726} INFO - Sync 1 DAGs
[2023-10-04T21:02:45.210+0300] {logging_mixin.py:149} INFO - [2023-10-04T21:02:45.209+0300] {dag.py:3486} INFO - Setting next_dagrun for example_short_circuit_decorator to 2023-10-03T18:02:45.209561+00:00, run_after=2023-10-04T18:02:45.209561+00:00
[2023-10-04T21:02:45.363+0300] {processor.py:179} INFO - Processing /home/paulet/anaconda3/lib/python3.10/site-packages/airflow/example_dags/example_short_circuit_decorator.py took 0.243 seconds
[2023-10-04T21:03:42.873+0300] {processor.py:157} INFO - Started process (PID=22728) to work on /home/paulet/anaconda3/lib/python3.10/site-packages/airflow/example_dags/example_short_circuit_decorator.py
[2023-10-04T21:03:42.902+0300] {processor.py:826} INFO - Processing file /home/paulet/anaconda3/lib/python3.10/site-packages/airflow/example_dags/example_short_circuit_decorator.py for tasks to queue
[2023-10-04T21:03:42.903+0300] {logging_mixin.py:149} INFO - [2023-10-04T21:03:42.903+0300] {dagbag.py:541} INFO - Filling up the DagBag from /home/paulet/anaconda3/lib/python3.10/site-packages/airflow/example_dags/example_short_circuit_decorator.py
[2023-10-04T21:03:42.917+0300] {processor.py:836} INFO - DAG(s) dict_keys(['example_short_circuit_decorator']) retrieved from /home/paulet/anaconda3/lib/python3.10/site-packages/airflow/example_dags/example_short_circuit_decorator.py
[2023-10-04T21:03:42.948+0300] {logging_mixin.py:149} INFO - [2023-10-04T21:03:42.948+0300] {dag.py:2726} INFO - Sync 1 DAGs
[2023-10-04T21:03:42.972+0300] {logging_mixin.py:149} INFO - [2023-10-04T21:03:42.972+0300] {dag.py:3486} INFO - Setting next_dagrun for example_short_circuit_decorator to 2023-10-03T18:03:42.972500+00:00, run_after=2023-10-04T18:03:42.972500+00:00
[2023-10-04T21:03:43.118+0300] {processor.py:179} INFO - Processing /home/paulet/anaconda3/lib/python3.10/site-packages/airflow/example_dags/example_short_circuit_decorator.py took 0.250 seconds
[2023-10-04T21:04:40.003+0300] {processor.py:157} INFO - Started process (PID=22802) to work on /home/paulet/anaconda3/lib/python3.10/site-packages/airflow/example_dags/example_short_circuit_decorator.py
[2023-10-04T21:04:40.004+0300] {processor.py:826} INFO - Processing file /home/paulet/anaconda3/lib/python3.10/site-packages/airflow/example_dags/example_short_circuit_decorator.py for tasks to queue
[2023-10-04T21:04:40.005+0300] {logging_mixin.py:149} INFO - [2023-10-04T21:04:40.005+0300] {dagbag.py:541} INFO - Filling up the DagBag from /home/paulet/anaconda3/lib/python3.10/site-packages/airflow/example_dags/example_short_circuit_decorator.py
[2023-10-04T21:04:40.019+0300] {processor.py:836} INFO - DAG(s) dict_keys(['example_short_circuit_decorator']) retrieved from /home/paulet/anaconda3/lib/python3.10/site-packages/airflow/example_dags/example_short_circuit_decorator.py
[2023-10-04T21:04:40.046+0300] {logging_mixin.py:149} INFO - [2023-10-04T21:04:40.046+0300] {dag.py:2726} INFO - Sync 1 DAGs
[2023-10-04T21:04:40.069+0300] {logging_mixin.py:149} INFO - [2023-10-04T21:04:40.069+0300] {dag.py:3486} INFO - Setting next_dagrun for example_short_circuit_decorator to 2023-10-03T18:04:40.068856+00:00, run_after=2023-10-04T18:04:40.068856+00:00
[2023-10-04T21:04:40.202+0300] {processor.py:179} INFO - Processing /home/paulet/anaconda3/lib/python3.10/site-packages/airflow/example_dags/example_short_circuit_decorator.py took 0.204 seconds
[2023-10-04T21:05:35.764+0300] {processor.py:157} INFO - Started process (PID=22877) to work on /home/paulet/anaconda3/lib/python3.10/site-packages/airflow/example_dags/example_short_circuit_decorator.py
[2023-10-04T21:05:35.792+0300] {processor.py:826} INFO - Processing file /home/paulet/anaconda3/lib/python3.10/site-packages/airflow/example_dags/example_short_circuit_decorator.py for tasks to queue
[2023-10-04T21:05:35.792+0300] {logging_mixin.py:149} INFO - [2023-10-04T21:05:35.792+0300] {dagbag.py:541} INFO - Filling up the DagBag from /home/paulet/anaconda3/lib/python3.10/site-packages/airflow/example_dags/example_short_circuit_decorator.py
[2023-10-04T21:05:35.803+0300] {processor.py:836} INFO - DAG(s) dict_keys(['example_short_circuit_decorator']) retrieved from /home/paulet/anaconda3/lib/python3.10/site-packages/airflow/example_dags/example_short_circuit_decorator.py
[2023-10-04T21:05:35.828+0300] {logging_mixin.py:149} INFO - [2023-10-04T21:05:35.828+0300] {dag.py:2726} INFO - Sync 1 DAGs
[2023-10-04T21:05:35.851+0300] {logging_mixin.py:149} INFO - [2023-10-04T21:05:35.850+0300] {dag.py:3486} INFO - Setting next_dagrun for example_short_circuit_decorator to 2023-10-03T18:05:35.850598+00:00, run_after=2023-10-04T18:05:35.850598+00:00
[2023-10-04T21:05:35.994+0300] {processor.py:179} INFO - Processing /home/paulet/anaconda3/lib/python3.10/site-packages/airflow/example_dags/example_short_circuit_decorator.py took 0.235 seconds
[2023-10-04T21:06:34.315+0300] {processor.py:157} INFO - Started process (PID=22930) to work on /home/paulet/anaconda3/lib/python3.10/site-packages/airflow/example_dags/example_short_circuit_decorator.py
[2023-10-04T21:06:34.316+0300] {processor.py:826} INFO - Processing file /home/paulet/anaconda3/lib/python3.10/site-packages/airflow/example_dags/example_short_circuit_decorator.py for tasks to queue
[2023-10-04T21:06:34.317+0300] {logging_mixin.py:149} INFO - [2023-10-04T21:06:34.317+0300] {dagbag.py:541} INFO - Filling up the DagBag from /home/paulet/anaconda3/lib/python3.10/site-packages/airflow/example_dags/example_short_circuit_decorator.py
[2023-10-04T21:06:34.330+0300] {processor.py:836} INFO - DAG(s) dict_keys(['example_short_circuit_decorator']) retrieved from /home/paulet/anaconda3/lib/python3.10/site-packages/airflow/example_dags/example_short_circuit_decorator.py
[2023-10-04T21:06:34.356+0300] {logging_mixin.py:149} INFO - [2023-10-04T21:06:34.355+0300] {dag.py:2726} INFO - Sync 1 DAGs
[2023-10-04T21:06:34.379+0300] {logging_mixin.py:149} INFO - [2023-10-04T21:06:34.379+0300] {dag.py:3486} INFO - Setting next_dagrun for example_short_circuit_decorator to 2023-10-03T18:06:34.379359+00:00, run_after=2023-10-04T18:06:34.379359+00:00
[2023-10-04T21:06:34.537+0300] {processor.py:179} INFO - Processing /home/paulet/anaconda3/lib/python3.10/site-packages/airflow/example_dags/example_short_circuit_decorator.py took 0.226 seconds
[2023-10-04T21:07:26.903+0300] {processor.py:157} INFO - Started process (PID=22979) to work on /home/paulet/anaconda3/lib/python3.10/site-packages/airflow/example_dags/example_short_circuit_decorator.py
[2023-10-04T21:07:26.904+0300] {processor.py:826} INFO - Processing file /home/paulet/anaconda3/lib/python3.10/site-packages/airflow/example_dags/example_short_circuit_decorator.py for tasks to queue
[2023-10-04T21:07:26.905+0300] {logging_mixin.py:149} INFO - [2023-10-04T21:07:26.905+0300] {dagbag.py:541} INFO - Filling up the DagBag from /home/paulet/anaconda3/lib/python3.10/site-packages/airflow/example_dags/example_short_circuit_decorator.py
[2023-10-04T21:07:26.916+0300] {processor.py:836} INFO - DAG(s) dict_keys(['example_short_circuit_decorator']) retrieved from /home/paulet/anaconda3/lib/python3.10/site-packages/airflow/example_dags/example_short_circuit_decorator.py
[2023-10-04T21:07:26.942+0300] {logging_mixin.py:149} INFO - [2023-10-04T21:07:26.942+0300] {dag.py:2726} INFO - Sync 1 DAGs
[2023-10-04T21:07:26.965+0300] {logging_mixin.py:149} INFO - [2023-10-04T21:07:26.965+0300] {dag.py:3486} INFO - Setting next_dagrun for example_short_circuit_decorator to 2023-10-03T18:07:26.965040+00:00, run_after=2023-10-04T18:07:26.965040+00:00
[2023-10-04T21:07:27.108+0300] {processor.py:179} INFO - Processing /home/paulet/anaconda3/lib/python3.10/site-packages/airflow/example_dags/example_short_circuit_decorator.py took 0.209 seconds
[2023-10-04T21:08:14.020+0300] {processor.py:157} INFO - Started process (PID=23023) to work on /home/paulet/anaconda3/lib/python3.10/site-packages/airflow/example_dags/example_short_circuit_decorator.py
[2023-10-04T21:08:14.045+0300] {processor.py:826} INFO - Processing file /home/paulet/anaconda3/lib/python3.10/site-packages/airflow/example_dags/example_short_circuit_decorator.py for tasks to queue
[2023-10-04T21:08:14.046+0300] {logging_mixin.py:149} INFO - [2023-10-04T21:08:14.046+0300] {dagbag.py:541} INFO - Filling up the DagBag from /home/paulet/anaconda3/lib/python3.10/site-packages/airflow/example_dags/example_short_circuit_decorator.py
[2023-10-04T21:08:14.060+0300] {processor.py:836} INFO - DAG(s) dict_keys(['example_short_circuit_decorator']) retrieved from /home/paulet/anaconda3/lib/python3.10/site-packages/airflow/example_dags/example_short_circuit_decorator.py
[2023-10-04T21:08:14.091+0300] {logging_mixin.py:149} INFO - [2023-10-04T21:08:14.090+0300] {dag.py:2726} INFO - Sync 1 DAGs
[2023-10-04T21:08:14.115+0300] {logging_mixin.py:149} INFO - [2023-10-04T21:08:14.115+0300] {dag.py:3486} INFO - Setting next_dagrun for example_short_circuit_decorator to 2023-10-03T18:08:14.115337+00:00, run_after=2023-10-04T18:08:14.115337+00:00
[2023-10-04T21:08:14.253+0300] {processor.py:179} INFO - Processing /home/paulet/anaconda3/lib/python3.10/site-packages/airflow/example_dags/example_short_circuit_decorator.py took 0.237 seconds
[2023-10-04T21:09:04.861+0300] {processor.py:157} INFO - Started process (PID=23089) to work on /home/paulet/anaconda3/lib/python3.10/site-packages/airflow/example_dags/example_short_circuit_decorator.py
[2023-10-04T21:09:04.889+0300] {processor.py:826} INFO - Processing file /home/paulet/anaconda3/lib/python3.10/site-packages/airflow/example_dags/example_short_circuit_decorator.py for tasks to queue
[2023-10-04T21:09:04.890+0300] {logging_mixin.py:149} INFO - [2023-10-04T21:09:04.890+0300] {dagbag.py:541} INFO - Filling up the DagBag from /home/paulet/anaconda3/lib/python3.10/site-packages/airflow/example_dags/example_short_circuit_decorator.py
[2023-10-04T21:09:04.904+0300] {processor.py:836} INFO - DAG(s) dict_keys(['example_short_circuit_decorator']) retrieved from /home/paulet/anaconda3/lib/python3.10/site-packages/airflow/example_dags/example_short_circuit_decorator.py
[2023-10-04T21:09:04.935+0300] {logging_mixin.py:149} INFO - [2023-10-04T21:09:04.935+0300] {dag.py:2726} INFO - Sync 1 DAGs
[2023-10-04T21:09:04.959+0300] {logging_mixin.py:149} INFO - [2023-10-04T21:09:04.958+0300] {dag.py:3486} INFO - Setting next_dagrun for example_short_circuit_decorator to 2023-10-03T18:09:04.958703+00:00, run_after=2023-10-04T18:09:04.958703+00:00
[2023-10-04T21:09:05.119+0300] {processor.py:179} INFO - Processing /home/paulet/anaconda3/lib/python3.10/site-packages/airflow/example_dags/example_short_circuit_decorator.py took 0.262 seconds
[2023-10-04T21:09:56.783+0300] {processor.py:157} INFO - Started process (PID=23177) to work on /home/paulet/anaconda3/lib/python3.10/site-packages/airflow/example_dags/example_short_circuit_decorator.py
[2023-10-04T21:09:56.812+0300] {processor.py:826} INFO - Processing file /home/paulet/anaconda3/lib/python3.10/site-packages/airflow/example_dags/example_short_circuit_decorator.py for tasks to queue
[2023-10-04T21:09:56.813+0300] {logging_mixin.py:149} INFO - [2023-10-04T21:09:56.813+0300] {dagbag.py:541} INFO - Filling up the DagBag from /home/paulet/anaconda3/lib/python3.10/site-packages/airflow/example_dags/example_short_circuit_decorator.py
[2023-10-04T21:09:56.828+0300] {processor.py:836} INFO - DAG(s) dict_keys(['example_short_circuit_decorator']) retrieved from /home/paulet/anaconda3/lib/python3.10/site-packages/airflow/example_dags/example_short_circuit_decorator.py
[2023-10-04T21:09:56.858+0300] {logging_mixin.py:149} INFO - [2023-10-04T21:09:56.858+0300] {dag.py:2726} INFO - Sync 1 DAGs
[2023-10-04T21:09:56.884+0300] {logging_mixin.py:149} INFO - [2023-10-04T21:09:56.884+0300] {dag.py:3486} INFO - Setting next_dagrun for example_short_circuit_decorator to 2023-10-03T18:09:56.884086+00:00, run_after=2023-10-04T18:09:56.884086+00:00
[2023-10-04T21:09:57.016+0300] {processor.py:179} INFO - Processing /home/paulet/anaconda3/lib/python3.10/site-packages/airflow/example_dags/example_short_circuit_decorator.py took 0.237 seconds
[2023-10-04T21:10:45.936+0300] {processor.py:157} INFO - Started process (PID=23263) to work on /home/paulet/anaconda3/lib/python3.10/site-packages/airflow/example_dags/example_short_circuit_decorator.py
[2023-10-04T21:10:45.937+0300] {processor.py:826} INFO - Processing file /home/paulet/anaconda3/lib/python3.10/site-packages/airflow/example_dags/example_short_circuit_decorator.py for tasks to queue
[2023-10-04T21:10:45.938+0300] {logging_mixin.py:149} INFO - [2023-10-04T21:10:45.938+0300] {dagbag.py:541} INFO - Filling up the DagBag from /home/paulet/anaconda3/lib/python3.10/site-packages/airflow/example_dags/example_short_circuit_decorator.py
[2023-10-04T21:10:45.952+0300] {processor.py:836} INFO - DAG(s) dict_keys(['example_short_circuit_decorator']) retrieved from /home/paulet/anaconda3/lib/python3.10/site-packages/airflow/example_dags/example_short_circuit_decorator.py
[2023-10-04T21:10:45.978+0300] {logging_mixin.py:149} INFO - [2023-10-04T21:10:45.978+0300] {dag.py:2726} INFO - Sync 1 DAGs
[2023-10-04T21:10:46.008+0300] {logging_mixin.py:149} INFO - [2023-10-04T21:10:46.008+0300] {dag.py:3486} INFO - Setting next_dagrun for example_short_circuit_decorator to 2023-10-03T18:10:46.007576+00:00, run_after=2023-10-04T18:10:46.007576+00:00
[2023-10-04T21:10:46.153+0300] {processor.py:179} INFO - Processing /home/paulet/anaconda3/lib/python3.10/site-packages/airflow/example_dags/example_short_circuit_decorator.py took 0.222 seconds
[2023-10-04T21:51:58.252+0300] {processor.py:157} INFO - Started process (PID=26940) to work on /home/paulet/anaconda3/lib/python3.10/site-packages/airflow/example_dags/example_short_circuit_decorator.py
[2023-10-04T21:51:58.269+0300] {processor.py:826} INFO - Processing file /home/paulet/anaconda3/lib/python3.10/site-packages/airflow/example_dags/example_short_circuit_decorator.py for tasks to queue
[2023-10-04T21:51:58.271+0300] {logging_mixin.py:149} INFO - [2023-10-04T21:51:58.270+0300] {dagbag.py:541} INFO - Filling up the DagBag from /home/paulet/anaconda3/lib/python3.10/site-packages/airflow/example_dags/example_short_circuit_decorator.py
[2023-10-04T21:51:58.288+0300] {processor.py:836} INFO - DAG(s) dict_keys(['example_short_circuit_decorator']) retrieved from /home/paulet/anaconda3/lib/python3.10/site-packages/airflow/example_dags/example_short_circuit_decorator.py
[2023-10-04T21:51:58.328+0300] {logging_mixin.py:149} INFO - [2023-10-04T21:51:58.327+0300] {dag.py:2726} INFO - Sync 1 DAGs
[2023-10-04T21:51:58.365+0300] {logging_mixin.py:149} INFO - [2023-10-04T21:51:58.365+0300] {dag.py:3486} INFO - Setting next_dagrun for example_short_circuit_decorator to 2023-10-03T18:51:58.364907+00:00, run_after=2023-10-04T18:51:58.364907+00:00
[2023-10-04T21:51:58.841+0300] {processor.py:179} INFO - Processing /home/paulet/anaconda3/lib/python3.10/site-packages/airflow/example_dags/example_short_circuit_decorator.py took 0.594 seconds
[2023-10-04T21:52:58.324+0300] {processor.py:157} INFO - Started process (PID=27038) to work on /home/paulet/anaconda3/lib/python3.10/site-packages/airflow/example_dags/example_short_circuit_decorator.py
[2023-10-04T21:52:58.338+0300] {processor.py:826} INFO - Processing file /home/paulet/anaconda3/lib/python3.10/site-packages/airflow/example_dags/example_short_circuit_decorator.py for tasks to queue
[2023-10-04T21:52:58.340+0300] {logging_mixin.py:149} INFO - [2023-10-04T21:52:58.339+0300] {dagbag.py:541} INFO - Filling up the DagBag from /home/paulet/anaconda3/lib/python3.10/site-packages/airflow/example_dags/example_short_circuit_decorator.py
[2023-10-04T21:52:58.354+0300] {processor.py:836} INFO - DAG(s) dict_keys(['example_short_circuit_decorator']) retrieved from /home/paulet/anaconda3/lib/python3.10/site-packages/airflow/example_dags/example_short_circuit_decorator.py
[2023-10-04T21:52:58.382+0300] {logging_mixin.py:149} INFO - [2023-10-04T21:52:58.382+0300] {dag.py:2726} INFO - Sync 1 DAGs
[2023-10-04T21:52:58.406+0300] {logging_mixin.py:149} INFO - [2023-10-04T21:52:58.405+0300] {dag.py:3486} INFO - Setting next_dagrun for example_short_circuit_decorator to 2023-10-03T18:52:58.405516+00:00, run_after=2023-10-04T18:52:58.405516+00:00
[2023-10-04T21:52:58.562+0300] {processor.py:179} INFO - Processing /home/paulet/anaconda3/lib/python3.10/site-packages/airflow/example_dags/example_short_circuit_decorator.py took 0.242 seconds
[2023-10-04T21:54:00.052+0300] {processor.py:157} INFO - Started process (PID=27107) to work on /home/paulet/anaconda3/lib/python3.10/site-packages/airflow/example_dags/example_short_circuit_decorator.py
[2023-10-04T21:54:00.054+0300] {processor.py:826} INFO - Processing file /home/paulet/anaconda3/lib/python3.10/site-packages/airflow/example_dags/example_short_circuit_decorator.py for tasks to queue
[2023-10-04T21:54:00.055+0300] {logging_mixin.py:149} INFO - [2023-10-04T21:54:00.055+0300] {dagbag.py:541} INFO - Filling up the DagBag from /home/paulet/anaconda3/lib/python3.10/site-packages/airflow/example_dags/example_short_circuit_decorator.py
[2023-10-04T21:54:00.076+0300] {processor.py:836} INFO - DAG(s) dict_keys(['example_short_circuit_decorator']) retrieved from /home/paulet/anaconda3/lib/python3.10/site-packages/airflow/example_dags/example_short_circuit_decorator.py
[2023-10-04T21:54:00.123+0300] {logging_mixin.py:149} INFO - [2023-10-04T21:54:00.122+0300] {dag.py:2726} INFO - Sync 1 DAGs
[2023-10-04T21:54:00.164+0300] {logging_mixin.py:149} INFO - [2023-10-04T21:54:00.164+0300] {dag.py:3486} INFO - Setting next_dagrun for example_short_circuit_decorator to 2023-10-03T18:54:00.163854+00:00, run_after=2023-10-04T18:54:00.163854+00:00
[2023-10-04T21:54:00.334+0300] {processor.py:179} INFO - Processing /home/paulet/anaconda3/lib/python3.10/site-packages/airflow/example_dags/example_short_circuit_decorator.py took 0.287 seconds
[2023-10-04T21:54:59.005+0300] {processor.py:157} INFO - Started process (PID=27190) to work on /home/paulet/anaconda3/lib/python3.10/site-packages/airflow/example_dags/example_short_circuit_decorator.py
[2023-10-04T21:54:59.030+0300] {processor.py:826} INFO - Processing file /home/paulet/anaconda3/lib/python3.10/site-packages/airflow/example_dags/example_short_circuit_decorator.py for tasks to queue
[2023-10-04T21:54:59.031+0300] {logging_mixin.py:149} INFO - [2023-10-04T21:54:59.031+0300] {dagbag.py:541} INFO - Filling up the DagBag from /home/paulet/anaconda3/lib/python3.10/site-packages/airflow/example_dags/example_short_circuit_decorator.py
[2023-10-04T21:54:59.045+0300] {processor.py:836} INFO - DAG(s) dict_keys(['example_short_circuit_decorator']) retrieved from /home/paulet/anaconda3/lib/python3.10/site-packages/airflow/example_dags/example_short_circuit_decorator.py
[2023-10-04T21:54:59.075+0300] {logging_mixin.py:149} INFO - [2023-10-04T21:54:59.075+0300] {dag.py:2726} INFO - Sync 1 DAGs
[2023-10-04T21:54:59.100+0300] {logging_mixin.py:149} INFO - [2023-10-04T21:54:59.099+0300] {dag.py:3486} INFO - Setting next_dagrun for example_short_circuit_decorator to 2023-10-03T18:54:59.099551+00:00, run_after=2023-10-04T18:54:59.099551+00:00
[2023-10-04T21:54:59.300+0300] {processor.py:179} INFO - Processing /home/paulet/anaconda3/lib/python3.10/site-packages/airflow/example_dags/example_short_circuit_decorator.py took 0.300 seconds
[2023-10-04T21:56:01.124+0300] {processor.py:157} INFO - Started process (PID=27371) to work on /home/paulet/anaconda3/lib/python3.10/site-packages/airflow/example_dags/example_short_circuit_decorator.py
[2023-10-04T21:56:01.177+0300] {processor.py:826} INFO - Processing file /home/paulet/anaconda3/lib/python3.10/site-packages/airflow/example_dags/example_short_circuit_decorator.py for tasks to queue
[2023-10-04T21:56:01.178+0300] {logging_mixin.py:149} INFO - [2023-10-04T21:56:01.178+0300] {dagbag.py:541} INFO - Filling up the DagBag from /home/paulet/anaconda3/lib/python3.10/site-packages/airflow/example_dags/example_short_circuit_decorator.py
[2023-10-04T21:56:01.191+0300] {processor.py:836} INFO - DAG(s) dict_keys(['example_short_circuit_decorator']) retrieved from /home/paulet/anaconda3/lib/python3.10/site-packages/airflow/example_dags/example_short_circuit_decorator.py
[2023-10-04T21:56:01.223+0300] {logging_mixin.py:149} INFO - [2023-10-04T21:56:01.222+0300] {dag.py:2726} INFO - Sync 1 DAGs
[2023-10-04T21:56:01.248+0300] {logging_mixin.py:149} INFO - [2023-10-04T21:56:01.248+0300] {dag.py:3486} INFO - Setting next_dagrun for example_short_circuit_decorator to 2023-10-03T18:56:01.248417+00:00, run_after=2023-10-04T18:56:01.248417+00:00
[2023-10-04T21:56:01.725+0300] {processor.py:179} INFO - Processing /home/paulet/anaconda3/lib/python3.10/site-packages/airflow/example_dags/example_short_circuit_decorator.py took 0.605 seconds
