[2023-10-04T18:10:05.110+0300] {processor.py:157} INFO - Started process (PID=14306) to work on /home/paulet/anaconda3/lib/python3.10/site-packages/airflow/example_dags/example_branch_python_dop_operator_3.py
[2023-10-04T18:10:05.111+0300] {processor.py:826} INFO - Processing file /home/paulet/anaconda3/lib/python3.10/site-packages/airflow/example_dags/example_branch_python_dop_operator_3.py for tasks to queue
[2023-10-04T18:10:05.112+0300] {logging_mixin.py:149} INFO - [2023-10-04T18:10:05.112+0300] {dagbag.py:541} INFO - Filling up the DagBag from /home/paulet/anaconda3/lib/python3.10/site-packages/airflow/example_dags/example_branch_python_dop_operator_3.py
[2023-10-04T18:10:05.123+0300] {processor.py:836} INFO - DAG(s) dict_keys(['example_branch_dop_operator_v3']) retrieved from /home/paulet/anaconda3/lib/python3.10/site-packages/airflow/example_dags/example_branch_python_dop_operator_3.py
[2023-10-04T18:10:05.489+0300] {logging_mixin.py:149} INFO - [2023-10-04T18:10:05.488+0300] {manager.py:504} INFO - Created Permission View: can edit on DAG:example_branch_dop_operator_v3
[2023-10-04T18:10:05.621+0300] {logging_mixin.py:149} INFO - [2023-10-04T18:10:05.620+0300] {manager.py:504} INFO - Created Permission View: can read on DAG:example_branch_dop_operator_v3
[2023-10-04T18:10:05.754+0300] {logging_mixin.py:149} INFO - [2023-10-04T18:10:05.753+0300] {manager.py:504} INFO - Created Permission View: can delete on DAG:example_branch_dop_operator_v3
[2023-10-04T18:10:05.755+0300] {logging_mixin.py:149} INFO - [2023-10-04T18:10:05.755+0300] {dag.py:2726} INFO - Sync 1 DAGs
[2023-10-04T18:10:05.793+0300] {logging_mixin.py:149} INFO - [2023-10-04T18:10:05.793+0300] {dag.py:2747} INFO - Creating ORM DAG for example_branch_dop_operator_v3
[2023-10-04T18:10:05.833+0300] {logging_mixin.py:149} INFO - [2023-10-04T18:10:05.833+0300] {dag.py:3486} INFO - Setting next_dagrun for example_branch_dop_operator_v3 to 2023-10-04T15:09:00+00:00, run_after=2023-10-04T15:10:00+00:00
[2023-10-04T18:10:06.049+0300] {processor.py:179} INFO - Processing /home/paulet/anaconda3/lib/python3.10/site-packages/airflow/example_dags/example_branch_python_dop_operator_3.py took 0.943 seconds
[2023-10-04T18:12:26.813+0300] {processor.py:157} INFO - Started process (PID=15148) to work on /home/paulet/anaconda3/lib/python3.10/site-packages/airflow/example_dags/example_branch_python_dop_operator_3.py
[2023-10-04T18:12:26.815+0300] {processor.py:826} INFO - Processing file /home/paulet/anaconda3/lib/python3.10/site-packages/airflow/example_dags/example_branch_python_dop_operator_3.py for tasks to queue
[2023-10-04T18:12:26.815+0300] {logging_mixin.py:149} INFO - [2023-10-04T18:12:26.815+0300] {dagbag.py:541} INFO - Filling up the DagBag from /home/paulet/anaconda3/lib/python3.10/site-packages/airflow/example_dags/example_branch_python_dop_operator_3.py
[2023-10-04T18:12:26.827+0300] {processor.py:836} INFO - DAG(s) dict_keys(['example_branch_dop_operator_v3']) retrieved from /home/paulet/anaconda3/lib/python3.10/site-packages/airflow/example_dags/example_branch_python_dop_operator_3.py
[2023-10-04T18:12:26.854+0300] {logging_mixin.py:149} INFO - [2023-10-04T18:12:26.854+0300] {dag.py:2726} INFO - Sync 1 DAGs
[2023-10-04T18:12:26.888+0300] {logging_mixin.py:149} INFO - [2023-10-04T18:12:26.888+0300] {dag.py:3486} INFO - Setting next_dagrun for example_branch_dop_operator_v3 to 2023-10-04T15:11:00+00:00, run_after=2023-10-04T15:12:00+00:00
[2023-10-04T18:12:27.074+0300] {processor.py:179} INFO - Processing /home/paulet/anaconda3/lib/python3.10/site-packages/airflow/example_dags/example_branch_python_dop_operator_3.py took 0.265 seconds
[2023-10-04T18:14:49.504+0300] {processor.py:157} INFO - Started process (PID=16061) to work on /home/paulet/anaconda3/lib/python3.10/site-packages/airflow/example_dags/example_branch_python_dop_operator_3.py
[2023-10-04T18:14:49.520+0300] {processor.py:826} INFO - Processing file /home/paulet/anaconda3/lib/python3.10/site-packages/airflow/example_dags/example_branch_python_dop_operator_3.py for tasks to queue
[2023-10-04T18:14:49.521+0300] {logging_mixin.py:149} INFO - [2023-10-04T18:14:49.521+0300] {dagbag.py:541} INFO - Filling up the DagBag from /home/paulet/anaconda3/lib/python3.10/site-packages/airflow/example_dags/example_branch_python_dop_operator_3.py
[2023-10-04T18:14:49.534+0300] {processor.py:836} INFO - DAG(s) dict_keys(['example_branch_dop_operator_v3']) retrieved from /home/paulet/anaconda3/lib/python3.10/site-packages/airflow/example_dags/example_branch_python_dop_operator_3.py
[2023-10-04T18:14:49.561+0300] {logging_mixin.py:149} INFO - [2023-10-04T18:14:49.560+0300] {dag.py:2726} INFO - Sync 1 DAGs
[2023-10-04T18:14:49.593+0300] {logging_mixin.py:149} INFO - [2023-10-04T18:14:49.593+0300] {dag.py:3486} INFO - Setting next_dagrun for example_branch_dop_operator_v3 to 2023-10-04T15:13:00+00:00, run_after=2023-10-04T15:14:00+00:00
[2023-10-04T18:14:49.730+0300] {processor.py:179} INFO - Processing /home/paulet/anaconda3/lib/python3.10/site-packages/airflow/example_dags/example_branch_python_dop_operator_3.py took 0.230 seconds
[2023-10-04T18:15:45.568+0300] {processor.py:157} INFO - Started process (PID=16121) to work on /home/paulet/anaconda3/lib/python3.10/site-packages/airflow/example_dags/example_branch_python_dop_operator_3.py
[2023-10-04T18:15:45.569+0300] {processor.py:826} INFO - Processing file /home/paulet/anaconda3/lib/python3.10/site-packages/airflow/example_dags/example_branch_python_dop_operator_3.py for tasks to queue
[2023-10-04T18:15:45.571+0300] {logging_mixin.py:149} INFO - [2023-10-04T18:15:45.570+0300] {dagbag.py:541} INFO - Filling up the DagBag from /home/paulet/anaconda3/lib/python3.10/site-packages/airflow/example_dags/example_branch_python_dop_operator_3.py
[2023-10-04T18:15:45.582+0300] {processor.py:836} INFO - DAG(s) dict_keys(['example_branch_dop_operator_v3']) retrieved from /home/paulet/anaconda3/lib/python3.10/site-packages/airflow/example_dags/example_branch_python_dop_operator_3.py
[2023-10-04T18:15:45.608+0300] {logging_mixin.py:149} INFO - [2023-10-04T18:15:45.608+0300] {dag.py:2726} INFO - Sync 1 DAGs
[2023-10-04T18:15:45.644+0300] {logging_mixin.py:149} INFO - [2023-10-04T18:15:45.644+0300] {dag.py:3486} INFO - Setting next_dagrun for example_branch_dop_operator_v3 to 2023-10-04T15:14:00+00:00, run_after=2023-10-04T15:15:00+00:00
[2023-10-04T18:15:45.790+0300] {processor.py:179} INFO - Processing /home/paulet/anaconda3/lib/python3.10/site-packages/airflow/example_dags/example_branch_python_dop_operator_3.py took 0.226 seconds
[2023-10-04T18:16:58.920+0300] {processor.py:157} INFO - Started process (PID=16189) to work on /home/paulet/anaconda3/lib/python3.10/site-packages/airflow/example_dags/example_branch_python_dop_operator_3.py
[2023-10-04T18:16:58.969+0300] {processor.py:826} INFO - Processing file /home/paulet/anaconda3/lib/python3.10/site-packages/airflow/example_dags/example_branch_python_dop_operator_3.py for tasks to queue
[2023-10-04T18:16:58.970+0300] {logging_mixin.py:149} INFO - [2023-10-04T18:16:58.969+0300] {dagbag.py:541} INFO - Filling up the DagBag from /home/paulet/anaconda3/lib/python3.10/site-packages/airflow/example_dags/example_branch_python_dop_operator_3.py
[2023-10-04T18:16:58.985+0300] {processor.py:836} INFO - DAG(s) dict_keys(['example_branch_dop_operator_v3']) retrieved from /home/paulet/anaconda3/lib/python3.10/site-packages/airflow/example_dags/example_branch_python_dop_operator_3.py
[2023-10-04T18:16:59.015+0300] {logging_mixin.py:149} INFO - [2023-10-04T18:16:59.015+0300] {dag.py:2726} INFO - Sync 1 DAGs
[2023-10-04T18:16:59.053+0300] {logging_mixin.py:149} INFO - [2023-10-04T18:16:59.053+0300] {dag.py:3486} INFO - Setting next_dagrun for example_branch_dop_operator_v3 to 2023-10-04T15:15:00+00:00, run_after=2023-10-04T15:16:00+00:00
[2023-10-04T18:16:59.532+0300] {processor.py:179} INFO - Processing /home/paulet/anaconda3/lib/python3.10/site-packages/airflow/example_dags/example_branch_python_dop_operator_3.py took 0.617 seconds
[2023-10-04T21:00:58.420+0300] {processor.py:157} INFO - Started process (PID=22450) to work on /home/paulet/anaconda3/lib/python3.10/site-packages/airflow/example_dags/example_branch_python_dop_operator_3.py
[2023-10-04T21:00:58.422+0300] {processor.py:826} INFO - Processing file /home/paulet/anaconda3/lib/python3.10/site-packages/airflow/example_dags/example_branch_python_dop_operator_3.py for tasks to queue
[2023-10-04T21:00:58.423+0300] {logging_mixin.py:149} INFO - [2023-10-04T21:00:58.422+0300] {dagbag.py:541} INFO - Filling up the DagBag from /home/paulet/anaconda3/lib/python3.10/site-packages/airflow/example_dags/example_branch_python_dop_operator_3.py
[2023-10-04T21:00:58.435+0300] {processor.py:836} INFO - DAG(s) dict_keys(['example_branch_dop_operator_v3']) retrieved from /home/paulet/anaconda3/lib/python3.10/site-packages/airflow/example_dags/example_branch_python_dop_operator_3.py
[2023-10-04T21:00:58.463+0300] {logging_mixin.py:149} INFO - [2023-10-04T21:00:58.462+0300] {dag.py:2726} INFO - Sync 1 DAGs
[2023-10-04T21:00:58.492+0300] {logging_mixin.py:149} INFO - [2023-10-04T21:00:58.491+0300] {dag.py:3486} INFO - Setting next_dagrun for example_branch_dop_operator_v3 to 2023-10-04T17:59:00+00:00, run_after=2023-10-04T18:00:00+00:00
[2023-10-04T21:00:58.636+0300] {processor.py:179} INFO - Processing /home/paulet/anaconda3/lib/python3.10/site-packages/airflow/example_dags/example_branch_python_dop_operator_3.py took 0.220 seconds
[2023-10-04T21:02:12.612+0300] {processor.py:157} INFO - Started process (PID=22644) to work on /home/paulet/anaconda3/lib/python3.10/site-packages/airflow/example_dags/example_branch_python_dop_operator_3.py
[2023-10-04T21:02:12.613+0300] {processor.py:826} INFO - Processing file /home/paulet/anaconda3/lib/python3.10/site-packages/airflow/example_dags/example_branch_python_dop_operator_3.py for tasks to queue
[2023-10-04T21:02:12.614+0300] {logging_mixin.py:149} INFO - [2023-10-04T21:02:12.614+0300] {dagbag.py:541} INFO - Filling up the DagBag from /home/paulet/anaconda3/lib/python3.10/site-packages/airflow/example_dags/example_branch_python_dop_operator_3.py
[2023-10-04T21:02:12.627+0300] {processor.py:836} INFO - DAG(s) dict_keys(['example_branch_dop_operator_v3']) retrieved from /home/paulet/anaconda3/lib/python3.10/site-packages/airflow/example_dags/example_branch_python_dop_operator_3.py
[2023-10-04T21:02:12.652+0300] {logging_mixin.py:149} INFO - [2023-10-04T21:02:12.651+0300] {dag.py:2726} INFO - Sync 1 DAGs
[2023-10-04T21:02:12.682+0300] {logging_mixin.py:149} INFO - [2023-10-04T21:02:12.682+0300] {dag.py:3486} INFO - Setting next_dagrun for example_branch_dop_operator_v3 to 2023-10-04T18:01:00+00:00, run_after=2023-10-04T18:02:00+00:00
[2023-10-04T21:02:12.816+0300] {processor.py:179} INFO - Processing /home/paulet/anaconda3/lib/python3.10/site-packages/airflow/example_dags/example_branch_python_dop_operator_3.py took 0.208 seconds
[2023-10-04T21:03:08.117+0300] {processor.py:157} INFO - Started process (PID=22695) to work on /home/paulet/anaconda3/lib/python3.10/site-packages/airflow/example_dags/example_branch_python_dop_operator_3.py
[2023-10-04T21:03:08.118+0300] {processor.py:826} INFO - Processing file /home/paulet/anaconda3/lib/python3.10/site-packages/airflow/example_dags/example_branch_python_dop_operator_3.py for tasks to queue
[2023-10-04T21:03:08.119+0300] {logging_mixin.py:149} INFO - [2023-10-04T21:03:08.119+0300] {dagbag.py:541} INFO - Filling up the DagBag from /home/paulet/anaconda3/lib/python3.10/site-packages/airflow/example_dags/example_branch_python_dop_operator_3.py
[2023-10-04T21:03:08.131+0300] {processor.py:836} INFO - DAG(s) dict_keys(['example_branch_dop_operator_v3']) retrieved from /home/paulet/anaconda3/lib/python3.10/site-packages/airflow/example_dags/example_branch_python_dop_operator_3.py
[2023-10-04T21:03:08.156+0300] {logging_mixin.py:149} INFO - [2023-10-04T21:03:08.156+0300] {dag.py:2726} INFO - Sync 1 DAGs
[2023-10-04T21:03:08.186+0300] {logging_mixin.py:149} INFO - [2023-10-04T21:03:08.186+0300] {dag.py:3486} INFO - Setting next_dagrun for example_branch_dop_operator_v3 to 2023-10-04T18:02:00+00:00, run_after=2023-10-04T18:03:00+00:00
[2023-10-04T21:03:08.348+0300] {processor.py:179} INFO - Processing /home/paulet/anaconda3/lib/python3.10/site-packages/airflow/example_dags/example_branch_python_dop_operator_3.py took 0.236 seconds
[2023-10-04T21:04:06.248+0300] {processor.py:157} INFO - Started process (PID=22752) to work on /home/paulet/anaconda3/lib/python3.10/site-packages/airflow/example_dags/example_branch_python_dop_operator_3.py
[2023-10-04T21:04:06.250+0300] {processor.py:826} INFO - Processing file /home/paulet/anaconda3/lib/python3.10/site-packages/airflow/example_dags/example_branch_python_dop_operator_3.py for tasks to queue
[2023-10-04T21:04:06.251+0300] {logging_mixin.py:149} INFO - [2023-10-04T21:04:06.251+0300] {dagbag.py:541} INFO - Filling up the DagBag from /home/paulet/anaconda3/lib/python3.10/site-packages/airflow/example_dags/example_branch_python_dop_operator_3.py
[2023-10-04T21:04:06.263+0300] {processor.py:836} INFO - DAG(s) dict_keys(['example_branch_dop_operator_v3']) retrieved from /home/paulet/anaconda3/lib/python3.10/site-packages/airflow/example_dags/example_branch_python_dop_operator_3.py
[2023-10-04T21:04:06.288+0300] {logging_mixin.py:149} INFO - [2023-10-04T21:04:06.288+0300] {dag.py:2726} INFO - Sync 1 DAGs
[2023-10-04T21:04:06.318+0300] {logging_mixin.py:149} INFO - [2023-10-04T21:04:06.318+0300] {dag.py:3486} INFO - Setting next_dagrun for example_branch_dop_operator_v3 to 2023-10-04T18:03:00+00:00, run_after=2023-10-04T18:04:00+00:00
[2023-10-04T21:04:06.471+0300] {processor.py:179} INFO - Processing /home/paulet/anaconda3/lib/python3.10/site-packages/airflow/example_dags/example_branch_python_dop_operator_3.py took 0.227 seconds
[2023-10-04T21:05:03.520+0300] {processor.py:157} INFO - Started process (PID=22823) to work on /home/paulet/anaconda3/lib/python3.10/site-packages/airflow/example_dags/example_branch_python_dop_operator_3.py
[2023-10-04T21:05:03.533+0300] {processor.py:826} INFO - Processing file /home/paulet/anaconda3/lib/python3.10/site-packages/airflow/example_dags/example_branch_python_dop_operator_3.py for tasks to queue
[2023-10-04T21:05:03.534+0300] {logging_mixin.py:149} INFO - [2023-10-04T21:05:03.534+0300] {dagbag.py:541} INFO - Filling up the DagBag from /home/paulet/anaconda3/lib/python3.10/site-packages/airflow/example_dags/example_branch_python_dop_operator_3.py
[2023-10-04T21:05:03.546+0300] {processor.py:836} INFO - DAG(s) dict_keys(['example_branch_dop_operator_v3']) retrieved from /home/paulet/anaconda3/lib/python3.10/site-packages/airflow/example_dags/example_branch_python_dop_operator_3.py
[2023-10-04T21:05:03.573+0300] {logging_mixin.py:149} INFO - [2023-10-04T21:05:03.573+0300] {dag.py:2726} INFO - Sync 1 DAGs
[2023-10-04T21:05:03.604+0300] {logging_mixin.py:149} INFO - [2023-10-04T21:05:03.604+0300] {dag.py:3486} INFO - Setting next_dagrun for example_branch_dop_operator_v3 to 2023-10-04T18:04:00+00:00, run_after=2023-10-04T18:05:00+00:00
[2023-10-04T21:05:03.739+0300] {processor.py:179} INFO - Processing /home/paulet/anaconda3/lib/python3.10/site-packages/airflow/example_dags/example_branch_python_dop_operator_3.py took 0.223 seconds
[2023-10-04T21:06:00.169+0300] {processor.py:157} INFO - Started process (PID=22897) to work on /home/paulet/anaconda3/lib/python3.10/site-packages/airflow/example_dags/example_branch_python_dop_operator_3.py
[2023-10-04T21:06:00.178+0300] {processor.py:826} INFO - Processing file /home/paulet/anaconda3/lib/python3.10/site-packages/airflow/example_dags/example_branch_python_dop_operator_3.py for tasks to queue
[2023-10-04T21:06:00.179+0300] {logging_mixin.py:149} INFO - [2023-10-04T21:06:00.179+0300] {dagbag.py:541} INFO - Filling up the DagBag from /home/paulet/anaconda3/lib/python3.10/site-packages/airflow/example_dags/example_branch_python_dop_operator_3.py
[2023-10-04T21:06:00.192+0300] {processor.py:836} INFO - DAG(s) dict_keys(['example_branch_dop_operator_v3']) retrieved from /home/paulet/anaconda3/lib/python3.10/site-packages/airflow/example_dags/example_branch_python_dop_operator_3.py
[2023-10-04T21:06:00.218+0300] {logging_mixin.py:149} INFO - [2023-10-04T21:06:00.218+0300] {dag.py:2726} INFO - Sync 1 DAGs
[2023-10-04T21:06:00.251+0300] {logging_mixin.py:149} INFO - [2023-10-04T21:06:00.250+0300] {dag.py:3486} INFO - Setting next_dagrun for example_branch_dop_operator_v3 to 2023-10-04T18:05:00+00:00, run_after=2023-10-04T18:06:00+00:00
[2023-10-04T21:06:00.659+0300] {processor.py:179} INFO - Processing /home/paulet/anaconda3/lib/python3.10/site-packages/airflow/example_dags/example_branch_python_dop_operator_3.py took 0.495 seconds
[2023-10-04T21:06:57.480+0300] {processor.py:157} INFO - Started process (PID=22949) to work on /home/paulet/anaconda3/lib/python3.10/site-packages/airflow/example_dags/example_branch_python_dop_operator_3.py
[2023-10-04T21:06:57.481+0300] {processor.py:826} INFO - Processing file /home/paulet/anaconda3/lib/python3.10/site-packages/airflow/example_dags/example_branch_python_dop_operator_3.py for tasks to queue
[2023-10-04T21:06:57.482+0300] {logging_mixin.py:149} INFO - [2023-10-04T21:06:57.482+0300] {dagbag.py:541} INFO - Filling up the DagBag from /home/paulet/anaconda3/lib/python3.10/site-packages/airflow/example_dags/example_branch_python_dop_operator_3.py
[2023-10-04T21:06:57.494+0300] {processor.py:836} INFO - DAG(s) dict_keys(['example_branch_dop_operator_v3']) retrieved from /home/paulet/anaconda3/lib/python3.10/site-packages/airflow/example_dags/example_branch_python_dop_operator_3.py
[2023-10-04T21:06:57.517+0300] {logging_mixin.py:149} INFO - [2023-10-04T21:06:57.517+0300] {dag.py:2726} INFO - Sync 1 DAGs
[2023-10-04T21:06:57.547+0300] {logging_mixin.py:149} INFO - [2023-10-04T21:06:57.547+0300] {dag.py:3486} INFO - Setting next_dagrun for example_branch_dop_operator_v3 to 2023-10-04T18:05:00+00:00, run_after=2023-10-04T18:06:00+00:00
[2023-10-04T21:06:57.671+0300] {processor.py:179} INFO - Processing /home/paulet/anaconda3/lib/python3.10/site-packages/airflow/example_dags/example_branch_python_dop_operator_3.py took 0.196 seconds
[2023-10-04T21:08:09.800+0300] {processor.py:157} INFO - Started process (PID=23019) to work on /home/paulet/anaconda3/lib/python3.10/site-packages/airflow/example_dags/example_branch_python_dop_operator_3.py
[2023-10-04T21:08:09.802+0300] {processor.py:826} INFO - Processing file /home/paulet/anaconda3/lib/python3.10/site-packages/airflow/example_dags/example_branch_python_dop_operator_3.py for tasks to queue
[2023-10-04T21:08:09.803+0300] {logging_mixin.py:149} INFO - [2023-10-04T21:08:09.803+0300] {dagbag.py:541} INFO - Filling up the DagBag from /home/paulet/anaconda3/lib/python3.10/site-packages/airflow/example_dags/example_branch_python_dop_operator_3.py
[2023-10-04T21:08:09.815+0300] {processor.py:836} INFO - DAG(s) dict_keys(['example_branch_dop_operator_v3']) retrieved from /home/paulet/anaconda3/lib/python3.10/site-packages/airflow/example_dags/example_branch_python_dop_operator_3.py
[2023-10-04T21:08:09.838+0300] {logging_mixin.py:149} INFO - [2023-10-04T21:08:09.838+0300] {dag.py:2726} INFO - Sync 1 DAGs
[2023-10-04T21:08:09.869+0300] {logging_mixin.py:149} INFO - [2023-10-04T21:08:09.869+0300] {dag.py:3486} INFO - Setting next_dagrun for example_branch_dop_operator_v3 to 2023-10-04T18:07:00+00:00, run_after=2023-10-04T18:08:00+00:00
[2023-10-04T21:08:10.008+0300] {processor.py:179} INFO - Processing /home/paulet/anaconda3/lib/python3.10/site-packages/airflow/example_dags/example_branch_python_dop_operator_3.py took 0.212 seconds
[2023-10-04T21:09:23.424+0300] {processor.py:157} INFO - Started process (PID=23132) to work on /home/paulet/anaconda3/lib/python3.10/site-packages/airflow/example_dags/example_branch_python_dop_operator_3.py
[2023-10-04T21:09:23.437+0300] {processor.py:826} INFO - Processing file /home/paulet/anaconda3/lib/python3.10/site-packages/airflow/example_dags/example_branch_python_dop_operator_3.py for tasks to queue
[2023-10-04T21:09:23.438+0300] {logging_mixin.py:149} INFO - [2023-10-04T21:09:23.438+0300] {dagbag.py:541} INFO - Filling up the DagBag from /home/paulet/anaconda3/lib/python3.10/site-packages/airflow/example_dags/example_branch_python_dop_operator_3.py
[2023-10-04T21:09:23.448+0300] {processor.py:836} INFO - DAG(s) dict_keys(['example_branch_dop_operator_v3']) retrieved from /home/paulet/anaconda3/lib/python3.10/site-packages/airflow/example_dags/example_branch_python_dop_operator_3.py
[2023-10-04T21:09:23.472+0300] {logging_mixin.py:149} INFO - [2023-10-04T21:09:23.472+0300] {dag.py:2726} INFO - Sync 1 DAGs
[2023-10-04T21:09:23.507+0300] {logging_mixin.py:149} INFO - [2023-10-04T21:09:23.506+0300] {dag.py:3486} INFO - Setting next_dagrun for example_branch_dop_operator_v3 to 2023-10-04T18:08:00+00:00, run_after=2023-10-04T18:09:00+00:00
[2023-10-04T21:09:23.670+0300] {processor.py:179} INFO - Processing /home/paulet/anaconda3/lib/python3.10/site-packages/airflow/example_dags/example_branch_python_dop_operator_3.py took 0.250 seconds
[2023-10-04T21:10:37.860+0300] {processor.py:157} INFO - Started process (PID=23253) to work on /home/paulet/anaconda3/lib/python3.10/site-packages/airflow/example_dags/example_branch_python_dop_operator_3.py
[2023-10-04T21:10:37.872+0300] {processor.py:826} INFO - Processing file /home/paulet/anaconda3/lib/python3.10/site-packages/airflow/example_dags/example_branch_python_dop_operator_3.py for tasks to queue
[2023-10-04T21:10:37.873+0300] {logging_mixin.py:149} INFO - [2023-10-04T21:10:37.873+0300] {dagbag.py:541} INFO - Filling up the DagBag from /home/paulet/anaconda3/lib/python3.10/site-packages/airflow/example_dags/example_branch_python_dop_operator_3.py
[2023-10-04T21:10:37.885+0300] {processor.py:836} INFO - DAG(s) dict_keys(['example_branch_dop_operator_v3']) retrieved from /home/paulet/anaconda3/lib/python3.10/site-packages/airflow/example_dags/example_branch_python_dop_operator_3.py
[2023-10-04T21:10:37.909+0300] {logging_mixin.py:149} INFO - [2023-10-04T21:10:37.909+0300] {dag.py:2726} INFO - Sync 1 DAGs
[2023-10-04T21:10:37.944+0300] {logging_mixin.py:149} INFO - [2023-10-04T21:10:37.943+0300] {dag.py:3486} INFO - Setting next_dagrun for example_branch_dop_operator_v3 to 2023-10-04T18:09:00+00:00, run_after=2023-10-04T18:10:00+00:00
[2023-10-04T21:10:38.137+0300] {processor.py:179} INFO - Processing /home/paulet/anaconda3/lib/python3.10/site-packages/airflow/example_dags/example_branch_python_dop_operator_3.py took 0.280 seconds
[2023-10-04T21:52:24.508+0300] {processor.py:157} INFO - Started process (PID=26974) to work on /home/paulet/anaconda3/lib/python3.10/site-packages/airflow/example_dags/example_branch_python_dop_operator_3.py
[2023-10-04T21:52:24.529+0300] {processor.py:826} INFO - Processing file /home/paulet/anaconda3/lib/python3.10/site-packages/airflow/example_dags/example_branch_python_dop_operator_3.py for tasks to queue
[2023-10-04T21:52:24.530+0300] {logging_mixin.py:149} INFO - [2023-10-04T21:52:24.530+0300] {dagbag.py:541} INFO - Filling up the DagBag from /home/paulet/anaconda3/lib/python3.10/site-packages/airflow/example_dags/example_branch_python_dop_operator_3.py
[2023-10-04T21:52:24.543+0300] {processor.py:836} INFO - DAG(s) dict_keys(['example_branch_dop_operator_v3']) retrieved from /home/paulet/anaconda3/lib/python3.10/site-packages/airflow/example_dags/example_branch_python_dop_operator_3.py
[2023-10-04T21:52:24.574+0300] {logging_mixin.py:149} INFO - [2023-10-04T21:52:24.574+0300] {dag.py:2726} INFO - Sync 1 DAGs
[2023-10-04T21:52:24.604+0300] {logging_mixin.py:149} INFO - [2023-10-04T21:52:24.604+0300] {dag.py:3486} INFO - Setting next_dagrun for example_branch_dop_operator_v3 to 2023-10-04T18:51:00+00:00, run_after=2023-10-04T18:52:00+00:00
[2023-10-04T21:52:24.761+0300] {processor.py:179} INFO - Processing /home/paulet/anaconda3/lib/python3.10/site-packages/airflow/example_dags/example_branch_python_dop_operator_3.py took 0.258 seconds
[2023-10-04T21:53:21.544+0300] {processor.py:157} INFO - Started process (PID=27057) to work on /home/paulet/anaconda3/lib/python3.10/site-packages/airflow/example_dags/example_branch_python_dop_operator_3.py
[2023-10-04T21:53:21.545+0300] {processor.py:826} INFO - Processing file /home/paulet/anaconda3/lib/python3.10/site-packages/airflow/example_dags/example_branch_python_dop_operator_3.py for tasks to queue
[2023-10-04T21:53:21.546+0300] {logging_mixin.py:149} INFO - [2023-10-04T21:53:21.546+0300] {dagbag.py:541} INFO - Filling up the DagBag from /home/paulet/anaconda3/lib/python3.10/site-packages/airflow/example_dags/example_branch_python_dop_operator_3.py
[2023-10-04T21:53:21.556+0300] {processor.py:836} INFO - DAG(s) dict_keys(['example_branch_dop_operator_v3']) retrieved from /home/paulet/anaconda3/lib/python3.10/site-packages/airflow/example_dags/example_branch_python_dop_operator_3.py
[2023-10-04T21:53:21.578+0300] {logging_mixin.py:149} INFO - [2023-10-04T21:53:21.578+0300] {dag.py:2726} INFO - Sync 1 DAGs
[2023-10-04T21:53:21.611+0300] {logging_mixin.py:149} INFO - [2023-10-04T21:53:21.611+0300] {dag.py:3486} INFO - Setting next_dagrun for example_branch_dop_operator_v3 to 2023-10-04T18:52:00+00:00, run_after=2023-10-04T18:53:00+00:00
[2023-10-04T21:53:21.762+0300] {processor.py:179} INFO - Processing /home/paulet/anaconda3/lib/python3.10/site-packages/airflow/example_dags/example_branch_python_dop_operator_3.py took 0.221 seconds
[2023-10-04T21:54:26.047+0300] {processor.py:157} INFO - Started process (PID=27154) to work on /home/paulet/anaconda3/lib/python3.10/site-packages/airflow/example_dags/example_branch_python_dop_operator_3.py
[2023-10-04T21:54:26.048+0300] {processor.py:826} INFO - Processing file /home/paulet/anaconda3/lib/python3.10/site-packages/airflow/example_dags/example_branch_python_dop_operator_3.py for tasks to queue
[2023-10-04T21:54:26.049+0300] {logging_mixin.py:149} INFO - [2023-10-04T21:54:26.049+0300] {dagbag.py:541} INFO - Filling up the DagBag from /home/paulet/anaconda3/lib/python3.10/site-packages/airflow/example_dags/example_branch_python_dop_operator_3.py
[2023-10-04T21:54:26.062+0300] {processor.py:836} INFO - DAG(s) dict_keys(['example_branch_dop_operator_v3']) retrieved from /home/paulet/anaconda3/lib/python3.10/site-packages/airflow/example_dags/example_branch_python_dop_operator_3.py
[2023-10-04T21:54:26.089+0300] {logging_mixin.py:149} INFO - [2023-10-04T21:54:26.088+0300] {dag.py:2726} INFO - Sync 1 DAGs
[2023-10-04T21:54:26.124+0300] {logging_mixin.py:149} INFO - [2023-10-04T21:54:26.124+0300] {dag.py:3486} INFO - Setting next_dagrun for example_branch_dop_operator_v3 to 2023-10-04T18:53:00+00:00, run_after=2023-10-04T18:54:00+00:00
[2023-10-04T21:54:26.267+0300] {processor.py:179} INFO - Processing /home/paulet/anaconda3/lib/python3.10/site-packages/airflow/example_dags/example_branch_python_dop_operator_3.py took 0.224 seconds
[2023-10-04T21:55:21.264+0300] {processor.py:157} INFO - Started process (PID=27213) to work on /home/paulet/anaconda3/lib/python3.10/site-packages/airflow/example_dags/example_branch_python_dop_operator_3.py
[2023-10-04T21:55:21.277+0300] {processor.py:826} INFO - Processing file /home/paulet/anaconda3/lib/python3.10/site-packages/airflow/example_dags/example_branch_python_dop_operator_3.py for tasks to queue
[2023-10-04T21:55:21.279+0300] {logging_mixin.py:149} INFO - [2023-10-04T21:55:21.278+0300] {dagbag.py:541} INFO - Filling up the DagBag from /home/paulet/anaconda3/lib/python3.10/site-packages/airflow/example_dags/example_branch_python_dop_operator_3.py
[2023-10-04T21:55:21.292+0300] {processor.py:836} INFO - DAG(s) dict_keys(['example_branch_dop_operator_v3']) retrieved from /home/paulet/anaconda3/lib/python3.10/site-packages/airflow/example_dags/example_branch_python_dop_operator_3.py
[2023-10-04T21:55:21.319+0300] {logging_mixin.py:149} INFO - [2023-10-04T21:55:21.319+0300] {dag.py:2726} INFO - Sync 1 DAGs
[2023-10-04T21:55:21.352+0300] {logging_mixin.py:149} INFO - [2023-10-04T21:55:21.352+0300] {dag.py:3486} INFO - Setting next_dagrun for example_branch_dop_operator_v3 to 2023-10-04T18:54:00+00:00, run_after=2023-10-04T18:55:00+00:00
[2023-10-04T21:55:21.513+0300] {processor.py:179} INFO - Processing /home/paulet/anaconda3/lib/python3.10/site-packages/airflow/example_dags/example_branch_python_dop_operator_3.py took 0.253 seconds
