[2023-10-04T18:10:09.196+0300] {processor.py:157} INFO - Started process (PID=14309) to work on /home/paulet/anaconda3/lib/python3.10/site-packages/airflow/example_dags/example_datasets.py
[2023-10-04T18:10:09.197+0300] {processor.py:826} INFO - Processing file /home/paulet/anaconda3/lib/python3.10/site-packages/airflow/example_dags/example_datasets.py for tasks to queue
[2023-10-04T18:10:09.198+0300] {logging_mixin.py:149} INFO - [2023-10-04T18:10:09.198+0300] {dagbag.py:541} INFO - Filling up the DagBag from /home/paulet/anaconda3/lib/python3.10/site-packages/airflow/example_dags/example_datasets.py
[2023-10-04T18:10:09.214+0300] {processor.py:836} INFO - DAG(s) dict_keys(['dataset_consumes_1', 'dataset_produces_1', 'dataset_produces_2', 'dataset_consumes_1_and_2', 'dataset_consumes_1_never_scheduled', 'dataset_consumes_unknown_never_scheduled']) retrieved from /home/paulet/anaconda3/lib/python3.10/site-packages/airflow/example_dags/example_datasets.py
[2023-10-04T18:10:09.580+0300] {logging_mixin.py:149} INFO - [2023-10-04T18:10:09.579+0300] {manager.py:504} INFO - Created Permission View: can edit on DAG:dataset_consumes_1
[2023-10-04T18:10:09.722+0300] {logging_mixin.py:149} INFO - [2023-10-04T18:10:09.722+0300] {manager.py:504} INFO - Created Permission View: can read on DAG:dataset_consumes_1
[2023-10-04T18:10:09.849+0300] {logging_mixin.py:149} INFO - [2023-10-04T18:10:09.849+0300] {manager.py:504} INFO - Created Permission View: can delete on DAG:dataset_consumes_1
[2023-10-04T18:10:10.148+0300] {logging_mixin.py:149} INFO - [2023-10-04T18:10:10.148+0300] {manager.py:504} INFO - Created Permission View: can edit on DAG:dataset_produces_1
[2023-10-04T18:10:10.281+0300] {logging_mixin.py:149} INFO - [2023-10-04T18:10:10.281+0300] {manager.py:504} INFO - Created Permission View: can read on DAG:dataset_produces_1
[2023-10-04T18:10:10.410+0300] {logging_mixin.py:149} INFO - [2023-10-04T18:10:10.409+0300] {manager.py:504} INFO - Created Permission View: can delete on DAG:dataset_produces_1
[2023-10-04T18:10:10.697+0300] {logging_mixin.py:149} INFO - [2023-10-04T18:10:10.697+0300] {manager.py:504} INFO - Created Permission View: can edit on DAG:dataset_produces_2
[2023-10-04T18:10:10.818+0300] {logging_mixin.py:149} INFO - [2023-10-04T18:10:10.818+0300] {manager.py:504} INFO - Created Permission View: can read on DAG:dataset_produces_2
[2023-10-04T18:10:10.934+0300] {logging_mixin.py:149} INFO - [2023-10-04T18:10:10.933+0300] {manager.py:504} INFO - Created Permission View: can delete on DAG:dataset_produces_2
[2023-10-04T18:10:11.210+0300] {logging_mixin.py:149} INFO - [2023-10-04T18:10:11.210+0300] {manager.py:504} INFO - Created Permission View: can edit on DAG:dataset_consumes_1_and_2
[2023-10-04T18:10:11.317+0300] {logging_mixin.py:149} INFO - [2023-10-04T18:10:11.317+0300] {manager.py:504} INFO - Created Permission View: can read on DAG:dataset_consumes_1_and_2
[2023-10-04T18:10:11.461+0300] {logging_mixin.py:149} INFO - [2023-10-04T18:10:11.461+0300] {manager.py:504} INFO - Created Permission View: can delete on DAG:dataset_consumes_1_and_2
[2023-10-04T18:10:11.770+0300] {logging_mixin.py:149} INFO - [2023-10-04T18:10:11.770+0300] {manager.py:504} INFO - Created Permission View: can edit on DAG:dataset_consumes_1_never_scheduled
[2023-10-04T18:10:12.026+0300] {logging_mixin.py:149} INFO - [2023-10-04T18:10:12.025+0300] {manager.py:504} INFO - Created Permission View: can read on DAG:dataset_consumes_1_never_scheduled
[2023-10-04T18:10:12.214+0300] {logging_mixin.py:149} INFO - [2023-10-04T18:10:12.214+0300] {manager.py:504} INFO - Created Permission View: can delete on DAG:dataset_consumes_1_never_scheduled
[2023-10-04T18:10:12.502+0300] {logging_mixin.py:149} INFO - [2023-10-04T18:10:12.501+0300] {manager.py:504} INFO - Created Permission View: can edit on DAG:dataset_consumes_unknown_never_scheduled
[2023-10-04T18:10:12.635+0300] {logging_mixin.py:149} INFO - [2023-10-04T18:10:12.634+0300] {manager.py:504} INFO - Created Permission View: can read on DAG:dataset_consumes_unknown_never_scheduled
[2023-10-04T18:10:12.783+0300] {logging_mixin.py:149} INFO - [2023-10-04T18:10:12.782+0300] {manager.py:504} INFO - Created Permission View: can delete on DAG:dataset_consumes_unknown_never_scheduled
[2023-10-04T18:10:12.783+0300] {logging_mixin.py:149} INFO - [2023-10-04T18:10:12.783+0300] {dag.py:2726} INFO - Sync 6 DAGs
[2023-10-04T18:10:12.808+0300] {logging_mixin.py:149} INFO - [2023-10-04T18:10:12.808+0300] {dag.py:2747} INFO - Creating ORM DAG for dataset_produces_2
[2023-10-04T18:10:12.809+0300] {logging_mixin.py:149} INFO - [2023-10-04T18:10:12.809+0300] {dag.py:2747} INFO - Creating ORM DAG for dataset_consumes_1_and_2
[2023-10-04T18:10:12.811+0300] {logging_mixin.py:149} INFO - [2023-10-04T18:10:12.810+0300] {dag.py:2747} INFO - Creating ORM DAG for dataset_consumes_1_never_scheduled
[2023-10-04T18:10:12.812+0300] {logging_mixin.py:149} INFO - [2023-10-04T18:10:12.812+0300] {dag.py:2747} INFO - Creating ORM DAG for dataset_produces_1
[2023-10-04T18:10:12.814+0300] {logging_mixin.py:149} INFO - [2023-10-04T18:10:12.813+0300] {dag.py:2747} INFO - Creating ORM DAG for dataset_consumes_unknown_never_scheduled
[2023-10-04T18:10:12.815+0300] {logging_mixin.py:149} INFO - [2023-10-04T18:10:12.815+0300] {dag.py:2747} INFO - Creating ORM DAG for dataset_consumes_1
[2023-10-04T18:10:12.832+0300] {logging_mixin.py:149} INFO - [2023-10-04T18:10:12.832+0300] {dag.py:3486} INFO - Setting next_dagrun for dataset_consumes_1 to None, run_after=None
[2023-10-04T18:10:12.833+0300] {logging_mixin.py:149} INFO - [2023-10-04T18:10:12.833+0300] {dag.py:3486} INFO - Setting next_dagrun for dataset_consumes_1_and_2 to None, run_after=None
[2023-10-04T18:10:12.834+0300] {logging_mixin.py:149} INFO - [2023-10-04T18:10:12.834+0300] {dag.py:3486} INFO - Setting next_dagrun for dataset_consumes_1_never_scheduled to None, run_after=None
[2023-10-04T18:10:12.835+0300] {logging_mixin.py:149} INFO - [2023-10-04T18:10:12.835+0300] {dag.py:3486} INFO - Setting next_dagrun for dataset_consumes_unknown_never_scheduled to None, run_after=None
[2023-10-04T18:10:12.838+0300] {logging_mixin.py:149} INFO - [2023-10-04T18:10:12.838+0300] {dag.py:3486} INFO - Setting next_dagrun for dataset_produces_1 to 2023-10-03T00:00:00+00:00, run_after=2023-10-04T00:00:00+00:00
[2023-10-04T18:10:12.839+0300] {logging_mixin.py:149} INFO - [2023-10-04T18:10:12.839+0300] {dag.py:3486} INFO - Setting next_dagrun for dataset_produces_2 to None, run_after=None
[2023-10-04T18:10:13.099+0300] {processor.py:179} INFO - Processing /home/paulet/anaconda3/lib/python3.10/site-packages/airflow/example_dags/example_datasets.py took 3.908 seconds
[2023-10-04T18:12:28.920+0300] {processor.py:157} INFO - Started process (PID=15150) to work on /home/paulet/anaconda3/lib/python3.10/site-packages/airflow/example_dags/example_datasets.py
[2023-10-04T18:12:28.951+0300] {processor.py:826} INFO - Processing file /home/paulet/anaconda3/lib/python3.10/site-packages/airflow/example_dags/example_datasets.py for tasks to queue
[2023-10-04T18:12:28.952+0300] {logging_mixin.py:149} INFO - [2023-10-04T18:12:28.952+0300] {dagbag.py:541} INFO - Filling up the DagBag from /home/paulet/anaconda3/lib/python3.10/site-packages/airflow/example_dags/example_datasets.py
[2023-10-04T18:12:28.967+0300] {processor.py:836} INFO - DAG(s) dict_keys(['dataset_consumes_1', 'dataset_consumes_1_never_scheduled', 'dataset_produces_2', 'dataset_consumes_unknown_never_scheduled', 'dataset_consumes_1_and_2', 'dataset_produces_1']) retrieved from /home/paulet/anaconda3/lib/python3.10/site-packages/airflow/example_dags/example_datasets.py
[2023-10-04T18:12:29.008+0300] {logging_mixin.py:149} INFO - [2023-10-04T18:12:29.008+0300] {dag.py:2726} INFO - Sync 6 DAGs
[2023-10-04T18:12:29.032+0300] {logging_mixin.py:149} INFO - [2023-10-04T18:12:29.031+0300] {dag.py:3486} INFO - Setting next_dagrun for dataset_consumes_1 to None, run_after=None
[2023-10-04T18:12:29.035+0300] {logging_mixin.py:149} INFO - [2023-10-04T18:12:29.035+0300] {dag.py:3486} INFO - Setting next_dagrun for dataset_consumes_1_and_2 to None, run_after=None
[2023-10-04T18:12:29.036+0300] {logging_mixin.py:149} INFO - [2023-10-04T18:12:29.036+0300] {dag.py:3486} INFO - Setting next_dagrun for dataset_consumes_1_never_scheduled to None, run_after=None
[2023-10-04T18:12:29.037+0300] {logging_mixin.py:149} INFO - [2023-10-04T18:12:29.037+0300] {dag.py:3486} INFO - Setting next_dagrun for dataset_consumes_unknown_never_scheduled to None, run_after=None
[2023-10-04T18:12:29.040+0300] {logging_mixin.py:149} INFO - [2023-10-04T18:12:29.040+0300] {dag.py:3486} INFO - Setting next_dagrun for dataset_produces_1 to 2023-10-03T00:00:00+00:00, run_after=2023-10-04T00:00:00+00:00
[2023-10-04T18:12:29.041+0300] {logging_mixin.py:149} INFO - [2023-10-04T18:12:29.041+0300] {dag.py:3486} INFO - Setting next_dagrun for dataset_produces_2 to None, run_after=None
[2023-10-04T18:12:29.187+0300] {processor.py:179} INFO - Processing /home/paulet/anaconda3/lib/python3.10/site-packages/airflow/example_dags/example_datasets.py took 0.271 seconds
[2023-10-04T18:14:52.428+0300] {processor.py:157} INFO - Started process (PID=16063) to work on /home/paulet/anaconda3/lib/python3.10/site-packages/airflow/example_dags/example_datasets.py
[2023-10-04T18:14:52.440+0300] {processor.py:826} INFO - Processing file /home/paulet/anaconda3/lib/python3.10/site-packages/airflow/example_dags/example_datasets.py for tasks to queue
[2023-10-04T18:14:52.441+0300] {logging_mixin.py:149} INFO - [2023-10-04T18:14:52.441+0300] {dagbag.py:541} INFO - Filling up the DagBag from /home/paulet/anaconda3/lib/python3.10/site-packages/airflow/example_dags/example_datasets.py
[2023-10-04T18:14:52.456+0300] {processor.py:836} INFO - DAG(s) dict_keys(['dataset_consumes_1_and_2', 'dataset_consumes_1', 'dataset_consumes_1_never_scheduled', 'dataset_produces_1', 'dataset_produces_2', 'dataset_consumes_unknown_never_scheduled']) retrieved from /home/paulet/anaconda3/lib/python3.10/site-packages/airflow/example_dags/example_datasets.py
[2023-10-04T18:14:52.497+0300] {logging_mixin.py:149} INFO - [2023-10-04T18:14:52.497+0300] {dag.py:2726} INFO - Sync 6 DAGs
[2023-10-04T18:14:52.525+0300] {logging_mixin.py:149} INFO - [2023-10-04T18:14:52.524+0300] {dag.py:3486} INFO - Setting next_dagrun for dataset_consumes_1 to None, run_after=None
[2023-10-04T18:14:52.529+0300] {logging_mixin.py:149} INFO - [2023-10-04T18:14:52.529+0300] {dag.py:3486} INFO - Setting next_dagrun for dataset_consumes_1_and_2 to None, run_after=None
[2023-10-04T18:14:52.530+0300] {logging_mixin.py:149} INFO - [2023-10-04T18:14:52.530+0300] {dag.py:3486} INFO - Setting next_dagrun for dataset_consumes_1_never_scheduled to None, run_after=None
[2023-10-04T18:14:52.531+0300] {logging_mixin.py:149} INFO - [2023-10-04T18:14:52.531+0300] {dag.py:3486} INFO - Setting next_dagrun for dataset_consumes_unknown_never_scheduled to None, run_after=None
[2023-10-04T18:14:52.534+0300] {logging_mixin.py:149} INFO - [2023-10-04T18:14:52.534+0300] {dag.py:3486} INFO - Setting next_dagrun for dataset_produces_1 to 2023-10-03T00:00:00+00:00, run_after=2023-10-04T00:00:00+00:00
[2023-10-04T18:14:52.535+0300] {logging_mixin.py:149} INFO - [2023-10-04T18:14:52.535+0300] {dag.py:3486} INFO - Setting next_dagrun for dataset_produces_2 to None, run_after=None
[2023-10-04T18:14:52.676+0300] {processor.py:179} INFO - Processing /home/paulet/anaconda3/lib/python3.10/site-packages/airflow/example_dags/example_datasets.py took 0.253 seconds
[2023-10-04T18:15:48.049+0300] {processor.py:157} INFO - Started process (PID=16123) to work on /home/paulet/anaconda3/lib/python3.10/site-packages/airflow/example_dags/example_datasets.py
[2023-10-04T18:15:48.078+0300] {processor.py:826} INFO - Processing file /home/paulet/anaconda3/lib/python3.10/site-packages/airflow/example_dags/example_datasets.py for tasks to queue
[2023-10-04T18:15:48.079+0300] {logging_mixin.py:149} INFO - [2023-10-04T18:15:48.079+0300] {dagbag.py:541} INFO - Filling up the DagBag from /home/paulet/anaconda3/lib/python3.10/site-packages/airflow/example_dags/example_datasets.py
[2023-10-04T18:15:48.097+0300] {processor.py:836} INFO - DAG(s) dict_keys(['dataset_produces_1', 'dataset_produces_2', 'dataset_consumes_unknown_never_scheduled', 'dataset_consumes_1', 'dataset_consumes_1_never_scheduled', 'dataset_consumes_1_and_2']) retrieved from /home/paulet/anaconda3/lib/python3.10/site-packages/airflow/example_dags/example_datasets.py
[2023-10-04T18:15:48.141+0300] {logging_mixin.py:149} INFO - [2023-10-04T18:15:48.141+0300] {dag.py:2726} INFO - Sync 6 DAGs
[2023-10-04T18:15:48.168+0300] {logging_mixin.py:149} INFO - [2023-10-04T18:15:48.167+0300] {dag.py:3486} INFO - Setting next_dagrun for dataset_consumes_1 to None, run_after=None
[2023-10-04T18:15:48.172+0300] {logging_mixin.py:149} INFO - [2023-10-04T18:15:48.172+0300] {dag.py:3486} INFO - Setting next_dagrun for dataset_consumes_1_and_2 to None, run_after=None
[2023-10-04T18:15:48.173+0300] {logging_mixin.py:149} INFO - [2023-10-04T18:15:48.173+0300] {dag.py:3486} INFO - Setting next_dagrun for dataset_consumes_1_never_scheduled to None, run_after=None
[2023-10-04T18:15:48.174+0300] {logging_mixin.py:149} INFO - [2023-10-04T18:15:48.174+0300] {dag.py:3486} INFO - Setting next_dagrun for dataset_consumes_unknown_never_scheduled to None, run_after=None
[2023-10-04T18:15:48.177+0300] {logging_mixin.py:149} INFO - [2023-10-04T18:15:48.177+0300] {dag.py:3486} INFO - Setting next_dagrun for dataset_produces_1 to 2023-10-03T00:00:00+00:00, run_after=2023-10-04T00:00:00+00:00
[2023-10-04T18:15:48.178+0300] {logging_mixin.py:149} INFO - [2023-10-04T18:15:48.178+0300] {dag.py:3486} INFO - Setting next_dagrun for dataset_produces_2 to None, run_after=None
[2023-10-04T18:15:48.330+0300] {processor.py:179} INFO - Processing /home/paulet/anaconda3/lib/python3.10/site-packages/airflow/example_dags/example_datasets.py took 0.285 seconds
[2023-10-04T18:17:02.268+0300] {processor.py:157} INFO - Started process (PID=16198) to work on /home/paulet/anaconda3/lib/python3.10/site-packages/airflow/example_dags/example_datasets.py
[2023-10-04T18:17:02.315+0300] {processor.py:826} INFO - Processing file /home/paulet/anaconda3/lib/python3.10/site-packages/airflow/example_dags/example_datasets.py for tasks to queue
[2023-10-04T18:17:02.316+0300] {logging_mixin.py:149} INFO - [2023-10-04T18:17:02.316+0300] {dagbag.py:541} INFO - Filling up the DagBag from /home/paulet/anaconda3/lib/python3.10/site-packages/airflow/example_dags/example_datasets.py
[2023-10-04T18:17:02.331+0300] {processor.py:836} INFO - DAG(s) dict_keys(['dataset_consumes_1', 'dataset_produces_1', 'dataset_consumes_unknown_never_scheduled', 'dataset_produces_2', 'dataset_consumes_1_and_2', 'dataset_consumes_1_never_scheduled']) retrieved from /home/paulet/anaconda3/lib/python3.10/site-packages/airflow/example_dags/example_datasets.py
[2023-10-04T18:17:02.373+0300] {logging_mixin.py:149} INFO - [2023-10-04T18:17:02.372+0300] {dag.py:2726} INFO - Sync 6 DAGs
[2023-10-04T18:17:02.398+0300] {logging_mixin.py:149} INFO - [2023-10-04T18:17:02.397+0300] {dag.py:3486} INFO - Setting next_dagrun for dataset_consumes_1 to None, run_after=None
[2023-10-04T18:17:02.401+0300] {logging_mixin.py:149} INFO - [2023-10-04T18:17:02.401+0300] {dag.py:3486} INFO - Setting next_dagrun for dataset_consumes_1_and_2 to None, run_after=None
[2023-10-04T18:17:02.402+0300] {logging_mixin.py:149} INFO - [2023-10-04T18:17:02.402+0300] {dag.py:3486} INFO - Setting next_dagrun for dataset_consumes_1_never_scheduled to None, run_after=None
[2023-10-04T18:17:02.403+0300] {logging_mixin.py:149} INFO - [2023-10-04T18:17:02.403+0300] {dag.py:3486} INFO - Setting next_dagrun for dataset_consumes_unknown_never_scheduled to None, run_after=None
[2023-10-04T18:17:02.406+0300] {logging_mixin.py:149} INFO - [2023-10-04T18:17:02.406+0300] {dag.py:3486} INFO - Setting next_dagrun for dataset_produces_1 to 2023-10-03T00:00:00+00:00, run_after=2023-10-04T00:00:00+00:00
[2023-10-04T18:17:02.407+0300] {logging_mixin.py:149} INFO - [2023-10-04T18:17:02.407+0300] {dag.py:3486} INFO - Setting next_dagrun for dataset_produces_2 to None, run_after=None
[2023-10-04T18:17:02.724+0300] {processor.py:179} INFO - Processing /home/paulet/anaconda3/lib/python3.10/site-packages/airflow/example_dags/example_datasets.py took 0.460 seconds
[2023-10-04T21:01:01.381+0300] {processor.py:157} INFO - Started process (PID=22452) to work on /home/paulet/anaconda3/lib/python3.10/site-packages/airflow/example_dags/example_datasets.py
[2023-10-04T21:01:01.382+0300] {processor.py:826} INFO - Processing file /home/paulet/anaconda3/lib/python3.10/site-packages/airflow/example_dags/example_datasets.py for tasks to queue
[2023-10-04T21:01:01.383+0300] {logging_mixin.py:149} INFO - [2023-10-04T21:01:01.383+0300] {dagbag.py:541} INFO - Filling up the DagBag from /home/paulet/anaconda3/lib/python3.10/site-packages/airflow/example_dags/example_datasets.py
[2023-10-04T21:01:01.400+0300] {processor.py:836} INFO - DAG(s) dict_keys(['dataset_consumes_1_and_2', 'dataset_produces_2', 'dataset_consumes_unknown_never_scheduled', 'dataset_consumes_1_never_scheduled', 'dataset_consumes_1', 'dataset_produces_1']) retrieved from /home/paulet/anaconda3/lib/python3.10/site-packages/airflow/example_dags/example_datasets.py
[2023-10-04T21:01:01.470+0300] {logging_mixin.py:149} INFO - [2023-10-04T21:01:01.470+0300] {dag.py:2726} INFO - Sync 6 DAGs
[2023-10-04T21:01:01.493+0300] {logging_mixin.py:149} INFO - [2023-10-04T21:01:01.492+0300] {dag.py:3486} INFO - Setting next_dagrun for dataset_consumes_1 to None, run_after=None
[2023-10-04T21:01:01.496+0300] {logging_mixin.py:149} INFO - [2023-10-04T21:01:01.495+0300] {dag.py:3486} INFO - Setting next_dagrun for dataset_consumes_1_and_2 to None, run_after=None
[2023-10-04T21:01:01.496+0300] {logging_mixin.py:149} INFO - [2023-10-04T21:01:01.496+0300] {dag.py:3486} INFO - Setting next_dagrun for dataset_consumes_1_never_scheduled to None, run_after=None
[2023-10-04T21:01:01.497+0300] {logging_mixin.py:149} INFO - [2023-10-04T21:01:01.497+0300] {dag.py:3486} INFO - Setting next_dagrun for dataset_consumes_unknown_never_scheduled to None, run_after=None
[2023-10-04T21:01:01.500+0300] {logging_mixin.py:149} INFO - [2023-10-04T21:01:01.500+0300] {dag.py:3486} INFO - Setting next_dagrun for dataset_produces_1 to 2023-10-03T00:00:00+00:00, run_after=2023-10-04T00:00:00+00:00
[2023-10-04T21:01:01.501+0300] {logging_mixin.py:149} INFO - [2023-10-04T21:01:01.501+0300] {dag.py:3486} INFO - Setting next_dagrun for dataset_produces_2 to None, run_after=None
[2023-10-04T21:01:01.670+0300] {processor.py:179} INFO - Processing /home/paulet/anaconda3/lib/python3.10/site-packages/airflow/example_dags/example_datasets.py took 0.294 seconds
[2023-10-04T21:02:15.545+0300] {processor.py:157} INFO - Started process (PID=22646) to work on /home/paulet/anaconda3/lib/python3.10/site-packages/airflow/example_dags/example_datasets.py
[2023-10-04T21:02:15.547+0300] {processor.py:826} INFO - Processing file /home/paulet/anaconda3/lib/python3.10/site-packages/airflow/example_dags/example_datasets.py for tasks to queue
[2023-10-04T21:02:15.548+0300] {logging_mixin.py:149} INFO - [2023-10-04T21:02:15.548+0300] {dagbag.py:541} INFO - Filling up the DagBag from /home/paulet/anaconda3/lib/python3.10/site-packages/airflow/example_dags/example_datasets.py
[2023-10-04T21:02:15.563+0300] {processor.py:836} INFO - DAG(s) dict_keys(['dataset_produces_2', 'dataset_consumes_1_and_2', 'dataset_consumes_1', 'dataset_produces_1', 'dataset_consumes_1_never_scheduled', 'dataset_consumes_unknown_never_scheduled']) retrieved from /home/paulet/anaconda3/lib/python3.10/site-packages/airflow/example_dags/example_datasets.py
[2023-10-04T21:02:15.599+0300] {logging_mixin.py:149} INFO - [2023-10-04T21:02:15.599+0300] {dag.py:2726} INFO - Sync 6 DAGs
[2023-10-04T21:02:15.623+0300] {logging_mixin.py:149} INFO - [2023-10-04T21:02:15.623+0300] {dag.py:3486} INFO - Setting next_dagrun for dataset_consumes_1 to None, run_after=None
[2023-10-04T21:02:15.627+0300] {logging_mixin.py:149} INFO - [2023-10-04T21:02:15.627+0300] {dag.py:3486} INFO - Setting next_dagrun for dataset_consumes_1_and_2 to None, run_after=None
[2023-10-04T21:02:15.628+0300] {logging_mixin.py:149} INFO - [2023-10-04T21:02:15.628+0300] {dag.py:3486} INFO - Setting next_dagrun for dataset_consumes_1_never_scheduled to None, run_after=None
[2023-10-04T21:02:15.629+0300] {logging_mixin.py:149} INFO - [2023-10-04T21:02:15.629+0300] {dag.py:3486} INFO - Setting next_dagrun for dataset_consumes_unknown_never_scheduled to None, run_after=None
[2023-10-04T21:02:15.632+0300] {logging_mixin.py:149} INFO - [2023-10-04T21:02:15.632+0300] {dag.py:3486} INFO - Setting next_dagrun for dataset_produces_1 to 2023-10-03T00:00:00+00:00, run_after=2023-10-04T00:00:00+00:00
[2023-10-04T21:02:15.633+0300] {logging_mixin.py:149} INFO - [2023-10-04T21:02:15.633+0300] {dag.py:3486} INFO - Setting next_dagrun for dataset_produces_2 to None, run_after=None
[2023-10-04T21:02:15.832+0300] {processor.py:179} INFO - Processing /home/paulet/anaconda3/lib/python3.10/site-packages/airflow/example_dags/example_datasets.py took 0.291 seconds
[2023-10-04T21:03:10.251+0300] {processor.py:157} INFO - Started process (PID=22697) to work on /home/paulet/anaconda3/lib/python3.10/site-packages/airflow/example_dags/example_datasets.py
[2023-10-04T21:03:10.252+0300] {processor.py:826} INFO - Processing file /home/paulet/anaconda3/lib/python3.10/site-packages/airflow/example_dags/example_datasets.py for tasks to queue
[2023-10-04T21:03:10.253+0300] {logging_mixin.py:149} INFO - [2023-10-04T21:03:10.253+0300] {dagbag.py:541} INFO - Filling up the DagBag from /home/paulet/anaconda3/lib/python3.10/site-packages/airflow/example_dags/example_datasets.py
[2023-10-04T21:03:10.269+0300] {processor.py:836} INFO - DAG(s) dict_keys(['dataset_consumes_1_never_scheduled', 'dataset_produces_2', 'dataset_produces_1', 'dataset_consumes_unknown_never_scheduled', 'dataset_consumes_1_and_2', 'dataset_consumes_1']) retrieved from /home/paulet/anaconda3/lib/python3.10/site-packages/airflow/example_dags/example_datasets.py
[2023-10-04T21:03:10.304+0300] {logging_mixin.py:149} INFO - [2023-10-04T21:03:10.304+0300] {dag.py:2726} INFO - Sync 6 DAGs
[2023-10-04T21:03:10.328+0300] {logging_mixin.py:149} INFO - [2023-10-04T21:03:10.328+0300] {dag.py:3486} INFO - Setting next_dagrun for dataset_consumes_1 to None, run_after=None
[2023-10-04T21:03:10.332+0300] {logging_mixin.py:149} INFO - [2023-10-04T21:03:10.332+0300] {dag.py:3486} INFO - Setting next_dagrun for dataset_consumes_1_and_2 to None, run_after=None
[2023-10-04T21:03:10.333+0300] {logging_mixin.py:149} INFO - [2023-10-04T21:03:10.333+0300] {dag.py:3486} INFO - Setting next_dagrun for dataset_consumes_1_never_scheduled to None, run_after=None
[2023-10-04T21:03:10.334+0300] {logging_mixin.py:149} INFO - [2023-10-04T21:03:10.334+0300] {dag.py:3486} INFO - Setting next_dagrun for dataset_consumes_unknown_never_scheduled to None, run_after=None
[2023-10-04T21:03:10.337+0300] {logging_mixin.py:149} INFO - [2023-10-04T21:03:10.336+0300] {dag.py:3486} INFO - Setting next_dagrun for dataset_produces_1 to 2023-10-03T00:00:00+00:00, run_after=2023-10-04T00:00:00+00:00
[2023-10-04T21:03:10.339+0300] {logging_mixin.py:149} INFO - [2023-10-04T21:03:10.339+0300] {dag.py:3486} INFO - Setting next_dagrun for dataset_produces_2 to None, run_after=None
[2023-10-04T21:03:10.504+0300] {processor.py:179} INFO - Processing /home/paulet/anaconda3/lib/python3.10/site-packages/airflow/example_dags/example_datasets.py took 0.258 seconds
[2023-10-04T21:04:09.200+0300] {processor.py:157} INFO - Started process (PID=22754) to work on /home/paulet/anaconda3/lib/python3.10/site-packages/airflow/example_dags/example_datasets.py
[2023-10-04T21:04:09.231+0300] {processor.py:826} INFO - Processing file /home/paulet/anaconda3/lib/python3.10/site-packages/airflow/example_dags/example_datasets.py for tasks to queue
[2023-10-04T21:04:09.232+0300] {logging_mixin.py:149} INFO - [2023-10-04T21:04:09.232+0300] {dagbag.py:541} INFO - Filling up the DagBag from /home/paulet/anaconda3/lib/python3.10/site-packages/airflow/example_dags/example_datasets.py
[2023-10-04T21:04:09.248+0300] {processor.py:836} INFO - DAG(s) dict_keys(['dataset_consumes_1_and_2', 'dataset_consumes_1', 'dataset_produces_1', 'dataset_produces_2', 'dataset_consumes_unknown_never_scheduled', 'dataset_consumes_1_never_scheduled']) retrieved from /home/paulet/anaconda3/lib/python3.10/site-packages/airflow/example_dags/example_datasets.py
[2023-10-04T21:04:09.289+0300] {logging_mixin.py:149} INFO - [2023-10-04T21:04:09.289+0300] {dag.py:2726} INFO - Sync 6 DAGs
[2023-10-04T21:04:09.314+0300] {logging_mixin.py:149} INFO - [2023-10-04T21:04:09.314+0300] {dag.py:3486} INFO - Setting next_dagrun for dataset_consumes_1 to None, run_after=None
[2023-10-04T21:04:09.317+0300] {logging_mixin.py:149} INFO - [2023-10-04T21:04:09.317+0300] {dag.py:3486} INFO - Setting next_dagrun for dataset_consumes_1_and_2 to None, run_after=None
[2023-10-04T21:04:09.318+0300] {logging_mixin.py:149} INFO - [2023-10-04T21:04:09.318+0300] {dag.py:3486} INFO - Setting next_dagrun for dataset_consumes_1_never_scheduled to None, run_after=None
[2023-10-04T21:04:09.319+0300] {logging_mixin.py:149} INFO - [2023-10-04T21:04:09.319+0300] {dag.py:3486} INFO - Setting next_dagrun for dataset_consumes_unknown_never_scheduled to None, run_after=None
[2023-10-04T21:04:09.322+0300] {logging_mixin.py:149} INFO - [2023-10-04T21:04:09.322+0300] {dag.py:3486} INFO - Setting next_dagrun for dataset_produces_1 to 2023-10-03T00:00:00+00:00, run_after=2023-10-04T00:00:00+00:00
[2023-10-04T21:04:09.323+0300] {logging_mixin.py:149} INFO - [2023-10-04T21:04:09.322+0300] {dag.py:3486} INFO - Setting next_dagrun for dataset_produces_2 to None, run_after=None
[2023-10-04T21:04:09.463+0300] {processor.py:179} INFO - Processing /home/paulet/anaconda3/lib/python3.10/site-packages/airflow/example_dags/example_datasets.py took 0.267 seconds
[2023-10-04T21:05:25.965+0300] {processor.py:157} INFO - Started process (PID=22870) to work on /home/paulet/anaconda3/lib/python3.10/site-packages/airflow/example_dags/example_datasets.py
[2023-10-04T21:05:25.967+0300] {processor.py:826} INFO - Processing file /home/paulet/anaconda3/lib/python3.10/site-packages/airflow/example_dags/example_datasets.py for tasks to queue
[2023-10-04T21:05:25.968+0300] {logging_mixin.py:149} INFO - [2023-10-04T21:05:25.968+0300] {dagbag.py:541} INFO - Filling up the DagBag from /home/paulet/anaconda3/lib/python3.10/site-packages/airflow/example_dags/example_datasets.py
[2023-10-04T21:05:25.984+0300] {processor.py:836} INFO - DAG(s) dict_keys(['dataset_consumes_1_never_scheduled', 'dataset_produces_1', 'dataset_produces_2', 'dataset_consumes_1_and_2', 'dataset_consumes_unknown_never_scheduled', 'dataset_consumes_1']) retrieved from /home/paulet/anaconda3/lib/python3.10/site-packages/airflow/example_dags/example_datasets.py
[2023-10-04T21:05:26.021+0300] {logging_mixin.py:149} INFO - [2023-10-04T21:05:26.021+0300] {dag.py:2726} INFO - Sync 6 DAGs
[2023-10-04T21:05:26.045+0300] {logging_mixin.py:149} INFO - [2023-10-04T21:05:26.044+0300] {dag.py:3486} INFO - Setting next_dagrun for dataset_consumes_1 to None, run_after=None
[2023-10-04T21:05:26.048+0300] {logging_mixin.py:149} INFO - [2023-10-04T21:05:26.048+0300] {dag.py:3486} INFO - Setting next_dagrun for dataset_consumes_1_and_2 to None, run_after=None
[2023-10-04T21:05:26.049+0300] {logging_mixin.py:149} INFO - [2023-10-04T21:05:26.049+0300] {dag.py:3486} INFO - Setting next_dagrun for dataset_consumes_1_never_scheduled to None, run_after=None
[2023-10-04T21:05:26.050+0300] {logging_mixin.py:149} INFO - [2023-10-04T21:05:26.050+0300] {dag.py:3486} INFO - Setting next_dagrun for dataset_consumes_unknown_never_scheduled to None, run_after=None
[2023-10-04T21:05:26.053+0300] {logging_mixin.py:149} INFO - [2023-10-04T21:05:26.053+0300] {dag.py:3486} INFO - Setting next_dagrun for dataset_produces_1 to 2023-10-03T00:00:00+00:00, run_after=2023-10-04T00:00:00+00:00
[2023-10-04T21:05:26.054+0300] {logging_mixin.py:149} INFO - [2023-10-04T21:05:26.054+0300] {dag.py:3486} INFO - Setting next_dagrun for dataset_produces_2 to None, run_after=None
[2023-10-04T21:05:26.201+0300] {processor.py:179} INFO - Processing /home/paulet/anaconda3/lib/python3.10/site-packages/airflow/example_dags/example_datasets.py took 0.241 seconds
[2023-10-04T21:06:25.639+0300] {processor.py:157} INFO - Started process (PID=22923) to work on /home/paulet/anaconda3/lib/python3.10/site-packages/airflow/example_dags/example_datasets.py
[2023-10-04T21:06:25.640+0300] {processor.py:826} INFO - Processing file /home/paulet/anaconda3/lib/python3.10/site-packages/airflow/example_dags/example_datasets.py for tasks to queue
[2023-10-04T21:06:25.641+0300] {logging_mixin.py:149} INFO - [2023-10-04T21:06:25.641+0300] {dagbag.py:541} INFO - Filling up the DagBag from /home/paulet/anaconda3/lib/python3.10/site-packages/airflow/example_dags/example_datasets.py
[2023-10-04T21:06:25.653+0300] {processor.py:836} INFO - DAG(s) dict_keys(['dataset_consumes_1', 'dataset_consumes_unknown_never_scheduled', 'dataset_produces_2', 'dataset_consumes_1_and_2', 'dataset_consumes_1_never_scheduled', 'dataset_produces_1']) retrieved from /home/paulet/anaconda3/lib/python3.10/site-packages/airflow/example_dags/example_datasets.py
[2023-10-04T21:06:25.689+0300] {logging_mixin.py:149} INFO - [2023-10-04T21:06:25.689+0300] {dag.py:2726} INFO - Sync 6 DAGs
[2023-10-04T21:06:25.714+0300] {logging_mixin.py:149} INFO - [2023-10-04T21:06:25.714+0300] {dag.py:3486} INFO - Setting next_dagrun for dataset_consumes_1 to None, run_after=None
[2023-10-04T21:06:25.718+0300] {logging_mixin.py:149} INFO - [2023-10-04T21:06:25.717+0300] {dag.py:3486} INFO - Setting next_dagrun for dataset_consumes_1_and_2 to None, run_after=None
[2023-10-04T21:06:25.718+0300] {logging_mixin.py:149} INFO - [2023-10-04T21:06:25.718+0300] {dag.py:3486} INFO - Setting next_dagrun for dataset_consumes_1_never_scheduled to None, run_after=None
[2023-10-04T21:06:25.719+0300] {logging_mixin.py:149} INFO - [2023-10-04T21:06:25.719+0300] {dag.py:3486} INFO - Setting next_dagrun for dataset_consumes_unknown_never_scheduled to None, run_after=None
[2023-10-04T21:06:25.722+0300] {logging_mixin.py:149} INFO - [2023-10-04T21:06:25.722+0300] {dag.py:3486} INFO - Setting next_dagrun for dataset_produces_1 to 2023-10-03T00:00:00+00:00, run_after=2023-10-04T00:00:00+00:00
[2023-10-04T21:06:25.723+0300] {logging_mixin.py:149} INFO - [2023-10-04T21:06:25.723+0300] {dag.py:3486} INFO - Setting next_dagrun for dataset_produces_2 to None, run_after=None
[2023-10-04T21:06:25.900+0300] {processor.py:179} INFO - Processing /home/paulet/anaconda3/lib/python3.10/site-packages/airflow/example_dags/example_datasets.py took 0.265 seconds
[2023-10-04T21:07:20.951+0300] {processor.py:157} INFO - Started process (PID=22974) to work on /home/paulet/anaconda3/lib/python3.10/site-packages/airflow/example_dags/example_datasets.py
[2023-10-04T21:07:20.984+0300] {processor.py:826} INFO - Processing file /home/paulet/anaconda3/lib/python3.10/site-packages/airflow/example_dags/example_datasets.py for tasks to queue
[2023-10-04T21:07:20.985+0300] {logging_mixin.py:149} INFO - [2023-10-04T21:07:20.984+0300] {dagbag.py:541} INFO - Filling up the DagBag from /home/paulet/anaconda3/lib/python3.10/site-packages/airflow/example_dags/example_datasets.py
[2023-10-04T21:07:21.000+0300] {processor.py:836} INFO - DAG(s) dict_keys(['dataset_produces_2', 'dataset_consumes_1', 'dataset_consumes_unknown_never_scheduled', 'dataset_produces_1', 'dataset_consumes_1_never_scheduled', 'dataset_consumes_1_and_2']) retrieved from /home/paulet/anaconda3/lib/python3.10/site-packages/airflow/example_dags/example_datasets.py
[2023-10-04T21:07:21.036+0300] {logging_mixin.py:149} INFO - [2023-10-04T21:07:21.036+0300] {dag.py:2726} INFO - Sync 6 DAGs
[2023-10-04T21:07:21.060+0300] {logging_mixin.py:149} INFO - [2023-10-04T21:07:21.060+0300] {dag.py:3486} INFO - Setting next_dagrun for dataset_consumes_1 to None, run_after=None
[2023-10-04T21:07:21.063+0300] {logging_mixin.py:149} INFO - [2023-10-04T21:07:21.063+0300] {dag.py:3486} INFO - Setting next_dagrun for dataset_consumes_1_and_2 to None, run_after=None
[2023-10-04T21:07:21.064+0300] {logging_mixin.py:149} INFO - [2023-10-04T21:07:21.064+0300] {dag.py:3486} INFO - Setting next_dagrun for dataset_consumes_1_never_scheduled to None, run_after=None
[2023-10-04T21:07:21.065+0300] {logging_mixin.py:149} INFO - [2023-10-04T21:07:21.065+0300] {dag.py:3486} INFO - Setting next_dagrun for dataset_consumes_unknown_never_scheduled to None, run_after=None
[2023-10-04T21:07:21.068+0300] {logging_mixin.py:149} INFO - [2023-10-04T21:07:21.068+0300] {dag.py:3486} INFO - Setting next_dagrun for dataset_produces_1 to 2023-10-03T00:00:00+00:00, run_after=2023-10-04T00:00:00+00:00
[2023-10-04T21:07:21.069+0300] {logging_mixin.py:149} INFO - [2023-10-04T21:07:21.069+0300] {dag.py:3486} INFO - Setting next_dagrun for dataset_produces_2 to None, run_after=None
[2023-10-04T21:07:21.228+0300] {processor.py:179} INFO - Processing /home/paulet/anaconda3/lib/python3.10/site-packages/airflow/example_dags/example_datasets.py took 0.281 seconds
[2023-10-04T21:08:30.829+0300] {processor.py:157} INFO - Started process (PID=23057) to work on /home/paulet/anaconda3/lib/python3.10/site-packages/airflow/example_dags/example_datasets.py
[2023-10-04T21:08:30.893+0300] {processor.py:826} INFO - Processing file /home/paulet/anaconda3/lib/python3.10/site-packages/airflow/example_dags/example_datasets.py for tasks to queue
[2023-10-04T21:08:30.895+0300] {logging_mixin.py:149} INFO - [2023-10-04T21:08:30.894+0300] {dagbag.py:541} INFO - Filling up the DagBag from /home/paulet/anaconda3/lib/python3.10/site-packages/airflow/example_dags/example_datasets.py
[2023-10-04T21:08:30.910+0300] {processor.py:836} INFO - DAG(s) dict_keys(['dataset_produces_2', 'dataset_consumes_unknown_never_scheduled', 'dataset_consumes_1_and_2', 'dataset_consumes_1', 'dataset_consumes_1_never_scheduled', 'dataset_produces_1']) retrieved from /home/paulet/anaconda3/lib/python3.10/site-packages/airflow/example_dags/example_datasets.py
[2023-10-04T21:08:30.955+0300] {logging_mixin.py:149} INFO - [2023-10-04T21:08:30.955+0300] {dag.py:2726} INFO - Sync 6 DAGs
[2023-10-04T21:08:30.980+0300] {logging_mixin.py:149} INFO - [2023-10-04T21:08:30.980+0300] {dag.py:3486} INFO - Setting next_dagrun for dataset_consumes_1 to None, run_after=None
[2023-10-04T21:08:30.984+0300] {logging_mixin.py:149} INFO - [2023-10-04T21:08:30.984+0300] {dag.py:3486} INFO - Setting next_dagrun for dataset_consumes_1_and_2 to None, run_after=None
[2023-10-04T21:08:30.985+0300] {logging_mixin.py:149} INFO - [2023-10-04T21:08:30.985+0300] {dag.py:3486} INFO - Setting next_dagrun for dataset_consumes_1_never_scheduled to None, run_after=None
[2023-10-04T21:08:30.985+0300] {logging_mixin.py:149} INFO - [2023-10-04T21:08:30.985+0300] {dag.py:3486} INFO - Setting next_dagrun for dataset_consumes_unknown_never_scheduled to None, run_after=None
[2023-10-04T21:08:30.988+0300] {logging_mixin.py:149} INFO - [2023-10-04T21:08:30.988+0300] {dag.py:3486} INFO - Setting next_dagrun for dataset_produces_1 to 2023-10-03T00:00:00+00:00, run_after=2023-10-04T00:00:00+00:00
[2023-10-04T21:08:30.989+0300] {logging_mixin.py:149} INFO - [2023-10-04T21:08:30.989+0300] {dag.py:3486} INFO - Setting next_dagrun for dataset_produces_2 to None, run_after=None
[2023-10-04T21:08:31.185+0300] {processor.py:179} INFO - Processing /home/paulet/anaconda3/lib/python3.10/site-packages/airflow/example_dags/example_datasets.py took 0.360 seconds
[2023-10-04T21:09:47.405+0300] {processor.py:157} INFO - Started process (PID=23169) to work on /home/paulet/anaconda3/lib/python3.10/site-packages/airflow/example_dags/example_datasets.py
[2023-10-04T21:09:47.420+0300] {processor.py:826} INFO - Processing file /home/paulet/anaconda3/lib/python3.10/site-packages/airflow/example_dags/example_datasets.py for tasks to queue
[2023-10-04T21:09:47.422+0300] {logging_mixin.py:149} INFO - [2023-10-04T21:09:47.421+0300] {dagbag.py:541} INFO - Filling up the DagBag from /home/paulet/anaconda3/lib/python3.10/site-packages/airflow/example_dags/example_datasets.py
[2023-10-04T21:09:47.438+0300] {processor.py:836} INFO - DAG(s) dict_keys(['dataset_consumes_1_and_2', 'dataset_produces_1', 'dataset_produces_2', 'dataset_consumes_1_never_scheduled', 'dataset_consumes_1', 'dataset_consumes_unknown_never_scheduled']) retrieved from /home/paulet/anaconda3/lib/python3.10/site-packages/airflow/example_dags/example_datasets.py
[2023-10-04T21:09:47.480+0300] {logging_mixin.py:149} INFO - [2023-10-04T21:09:47.480+0300] {dag.py:2726} INFO - Sync 6 DAGs
[2023-10-04T21:09:47.505+0300] {logging_mixin.py:149} INFO - [2023-10-04T21:09:47.505+0300] {dag.py:3486} INFO - Setting next_dagrun for dataset_consumes_1 to None, run_after=None
[2023-10-04T21:09:47.509+0300] {logging_mixin.py:149} INFO - [2023-10-04T21:09:47.509+0300] {dag.py:3486} INFO - Setting next_dagrun for dataset_consumes_1_and_2 to None, run_after=None
[2023-10-04T21:09:47.510+0300] {logging_mixin.py:149} INFO - [2023-10-04T21:09:47.510+0300] {dag.py:3486} INFO - Setting next_dagrun for dataset_consumes_1_never_scheduled to None, run_after=None
[2023-10-04T21:09:47.510+0300] {logging_mixin.py:149} INFO - [2023-10-04T21:09:47.510+0300] {dag.py:3486} INFO - Setting next_dagrun for dataset_consumes_unknown_never_scheduled to None, run_after=None
[2023-10-04T21:09:47.513+0300] {logging_mixin.py:149} INFO - [2023-10-04T21:09:47.513+0300] {dag.py:3486} INFO - Setting next_dagrun for dataset_produces_1 to 2023-10-03T00:00:00+00:00, run_after=2023-10-04T00:00:00+00:00
[2023-10-04T21:09:47.514+0300] {logging_mixin.py:149} INFO - [2023-10-04T21:09:47.514+0300] {dag.py:3486} INFO - Setting next_dagrun for dataset_produces_2 to None, run_after=None
[2023-10-04T21:09:47.652+0300] {processor.py:179} INFO - Processing /home/paulet/anaconda3/lib/python3.10/site-packages/airflow/example_dags/example_datasets.py took 0.252 seconds
[2023-10-04T21:10:40.444+0300] {processor.py:157} INFO - Started process (PID=23255) to work on /home/paulet/anaconda3/lib/python3.10/site-packages/airflow/example_dags/example_datasets.py
[2023-10-04T21:10:40.477+0300] {processor.py:826} INFO - Processing file /home/paulet/anaconda3/lib/python3.10/site-packages/airflow/example_dags/example_datasets.py for tasks to queue
[2023-10-04T21:10:40.477+0300] {logging_mixin.py:149} INFO - [2023-10-04T21:10:40.477+0300] {dagbag.py:541} INFO - Filling up the DagBag from /home/paulet/anaconda3/lib/python3.10/site-packages/airflow/example_dags/example_datasets.py
[2023-10-04T21:10:40.491+0300] {processor.py:836} INFO - DAG(s) dict_keys(['dataset_produces_1', 'dataset_produces_2', 'dataset_consumes_1', 'dataset_consumes_1_and_2', 'dataset_consumes_unknown_never_scheduled', 'dataset_consumes_1_never_scheduled']) retrieved from /home/paulet/anaconda3/lib/python3.10/site-packages/airflow/example_dags/example_datasets.py
[2023-10-04T21:10:40.531+0300] {logging_mixin.py:149} INFO - [2023-10-04T21:10:40.531+0300] {dag.py:2726} INFO - Sync 6 DAGs
[2023-10-04T21:10:40.560+0300] {logging_mixin.py:149} INFO - [2023-10-04T21:10:40.560+0300] {dag.py:3486} INFO - Setting next_dagrun for dataset_consumes_1 to None, run_after=None
[2023-10-04T21:10:40.564+0300] {logging_mixin.py:149} INFO - [2023-10-04T21:10:40.564+0300] {dag.py:3486} INFO - Setting next_dagrun for dataset_consumes_1_and_2 to None, run_after=None
[2023-10-04T21:10:40.565+0300] {logging_mixin.py:149} INFO - [2023-10-04T21:10:40.565+0300] {dag.py:3486} INFO - Setting next_dagrun for dataset_consumes_1_never_scheduled to None, run_after=None
[2023-10-04T21:10:40.566+0300] {logging_mixin.py:149} INFO - [2023-10-04T21:10:40.566+0300] {dag.py:3486} INFO - Setting next_dagrun for dataset_consumes_unknown_never_scheduled to None, run_after=None
[2023-10-04T21:10:40.569+0300] {logging_mixin.py:149} INFO - [2023-10-04T21:10:40.569+0300] {dag.py:3486} INFO - Setting next_dagrun for dataset_produces_1 to 2023-10-03T00:00:00+00:00, run_after=2023-10-04T00:00:00+00:00
[2023-10-04T21:10:40.571+0300] {logging_mixin.py:149} INFO - [2023-10-04T21:10:40.570+0300] {dag.py:3486} INFO - Setting next_dagrun for dataset_produces_2 to None, run_after=None
[2023-10-04T21:10:40.711+0300] {processor.py:179} INFO - Processing /home/paulet/anaconda3/lib/python3.10/site-packages/airflow/example_dags/example_datasets.py took 0.272 seconds
[2023-10-04T21:52:27.305+0300] {processor.py:157} INFO - Started process (PID=26985) to work on /home/paulet/anaconda3/lib/python3.10/site-packages/airflow/example_dags/example_datasets.py
[2023-10-04T21:52:27.322+0300] {processor.py:826} INFO - Processing file /home/paulet/anaconda3/lib/python3.10/site-packages/airflow/example_dags/example_datasets.py for tasks to queue
[2023-10-04T21:52:27.323+0300] {logging_mixin.py:149} INFO - [2023-10-04T21:52:27.323+0300] {dagbag.py:541} INFO - Filling up the DagBag from /home/paulet/anaconda3/lib/python3.10/site-packages/airflow/example_dags/example_datasets.py
[2023-10-04T21:52:27.340+0300] {processor.py:836} INFO - DAG(s) dict_keys(['dataset_produces_1', 'dataset_consumes_unknown_never_scheduled', 'dataset_consumes_1', 'dataset_consumes_1_never_scheduled', 'dataset_produces_2', 'dataset_consumes_1_and_2']) retrieved from /home/paulet/anaconda3/lib/python3.10/site-packages/airflow/example_dags/example_datasets.py
[2023-10-04T21:52:27.411+0300] {logging_mixin.py:149} INFO - [2023-10-04T21:52:27.411+0300] {dag.py:2726} INFO - Sync 6 DAGs
[2023-10-04T21:52:27.434+0300] {logging_mixin.py:149} INFO - [2023-10-04T21:52:27.434+0300] {dag.py:3486} INFO - Setting next_dagrun for dataset_consumes_1 to None, run_after=None
[2023-10-04T21:52:27.437+0300] {logging_mixin.py:149} INFO - [2023-10-04T21:52:27.437+0300] {dag.py:3486} INFO - Setting next_dagrun for dataset_consumes_1_and_2 to None, run_after=None
[2023-10-04T21:52:27.438+0300] {logging_mixin.py:149} INFO - [2023-10-04T21:52:27.438+0300] {dag.py:3486} INFO - Setting next_dagrun for dataset_consumes_1_never_scheduled to None, run_after=None
[2023-10-04T21:52:27.439+0300] {logging_mixin.py:149} INFO - [2023-10-04T21:52:27.439+0300] {dag.py:3486} INFO - Setting next_dagrun for dataset_consumes_unknown_never_scheduled to None, run_after=None
[2023-10-04T21:52:27.442+0300] {logging_mixin.py:149} INFO - [2023-10-04T21:52:27.442+0300] {dag.py:3486} INFO - Setting next_dagrun for dataset_produces_1 to 2023-10-03T00:00:00+00:00, run_after=2023-10-04T00:00:00+00:00
[2023-10-04T21:52:27.443+0300] {logging_mixin.py:149} INFO - [2023-10-04T21:52:27.442+0300] {dag.py:3486} INFO - Setting next_dagrun for dataset_produces_2 to None, run_after=None
[2023-10-04T21:52:27.592+0300] {processor.py:179} INFO - Processing /home/paulet/anaconda3/lib/python3.10/site-packages/airflow/example_dags/example_datasets.py took 0.292 seconds
[2023-10-04T21:53:23.713+0300] {processor.py:157} INFO - Started process (PID=27059) to work on /home/paulet/anaconda3/lib/python3.10/site-packages/airflow/example_dags/example_datasets.py
[2023-10-04T21:53:23.726+0300] {processor.py:826} INFO - Processing file /home/paulet/anaconda3/lib/python3.10/site-packages/airflow/example_dags/example_datasets.py for tasks to queue
[2023-10-04T21:53:23.727+0300] {logging_mixin.py:149} INFO - [2023-10-04T21:53:23.727+0300] {dagbag.py:541} INFO - Filling up the DagBag from /home/paulet/anaconda3/lib/python3.10/site-packages/airflow/example_dags/example_datasets.py
[2023-10-04T21:53:23.742+0300] {processor.py:836} INFO - DAG(s) dict_keys(['dataset_produces_2', 'dataset_produces_1', 'dataset_consumes_1_and_2', 'dataset_consumes_1_never_scheduled', 'dataset_consumes_1', 'dataset_consumes_unknown_never_scheduled']) retrieved from /home/paulet/anaconda3/lib/python3.10/site-packages/airflow/example_dags/example_datasets.py
[2023-10-04T21:53:23.782+0300] {logging_mixin.py:149} INFO - [2023-10-04T21:53:23.782+0300] {dag.py:2726} INFO - Sync 6 DAGs
[2023-10-04T21:53:23.807+0300] {logging_mixin.py:149} INFO - [2023-10-04T21:53:23.807+0300] {dag.py:3486} INFO - Setting next_dagrun for dataset_consumes_1 to None, run_after=None
[2023-10-04T21:53:23.811+0300] {logging_mixin.py:149} INFO - [2023-10-04T21:53:23.810+0300] {dag.py:3486} INFO - Setting next_dagrun for dataset_consumes_1_and_2 to None, run_after=None
[2023-10-04T21:53:23.812+0300] {logging_mixin.py:149} INFO - [2023-10-04T21:53:23.812+0300] {dag.py:3486} INFO - Setting next_dagrun for dataset_consumes_1_never_scheduled to None, run_after=None
[2023-10-04T21:53:23.813+0300] {logging_mixin.py:149} INFO - [2023-10-04T21:53:23.813+0300] {dag.py:3486} INFO - Setting next_dagrun for dataset_consumes_unknown_never_scheduled to None, run_after=None
[2023-10-04T21:53:23.816+0300] {logging_mixin.py:149} INFO - [2023-10-04T21:53:23.815+0300] {dag.py:3486} INFO - Setting next_dagrun for dataset_produces_1 to 2023-10-03T00:00:00+00:00, run_after=2023-10-04T00:00:00+00:00
[2023-10-04T21:53:23.817+0300] {logging_mixin.py:149} INFO - [2023-10-04T21:53:23.816+0300] {dag.py:3486} INFO - Setting next_dagrun for dataset_produces_2 to None, run_after=None
[2023-10-04T21:53:23.971+0300] {processor.py:179} INFO - Processing /home/paulet/anaconda3/lib/python3.10/site-packages/airflow/example_dags/example_datasets.py took 0.262 seconds
[2023-10-04T21:54:28.253+0300] {processor.py:157} INFO - Started process (PID=27156) to work on /home/paulet/anaconda3/lib/python3.10/site-packages/airflow/example_dags/example_datasets.py
[2023-10-04T21:54:28.255+0300] {processor.py:826} INFO - Processing file /home/paulet/anaconda3/lib/python3.10/site-packages/airflow/example_dags/example_datasets.py for tasks to queue
[2023-10-04T21:54:28.256+0300] {logging_mixin.py:149} INFO - [2023-10-04T21:54:28.255+0300] {dagbag.py:541} INFO - Filling up the DagBag from /home/paulet/anaconda3/lib/python3.10/site-packages/airflow/example_dags/example_datasets.py
[2023-10-04T21:54:28.270+0300] {processor.py:836} INFO - DAG(s) dict_keys(['dataset_produces_1', 'dataset_consumes_unknown_never_scheduled', 'dataset_consumes_1_and_2', 'dataset_consumes_1_never_scheduled', 'dataset_consumes_1', 'dataset_produces_2']) retrieved from /home/paulet/anaconda3/lib/python3.10/site-packages/airflow/example_dags/example_datasets.py
[2023-10-04T21:54:28.303+0300] {logging_mixin.py:149} INFO - [2023-10-04T21:54:28.303+0300] {dag.py:2726} INFO - Sync 6 DAGs
[2023-10-04T21:54:28.327+0300] {logging_mixin.py:149} INFO - [2023-10-04T21:54:28.327+0300] {dag.py:3486} INFO - Setting next_dagrun for dataset_consumes_1 to None, run_after=None
[2023-10-04T21:54:28.331+0300] {logging_mixin.py:149} INFO - [2023-10-04T21:54:28.331+0300] {dag.py:3486} INFO - Setting next_dagrun for dataset_consumes_1_and_2 to None, run_after=None
[2023-10-04T21:54:28.332+0300] {logging_mixin.py:149} INFO - [2023-10-04T21:54:28.332+0300] {dag.py:3486} INFO - Setting next_dagrun for dataset_consumes_1_never_scheduled to None, run_after=None
[2023-10-04T21:54:28.333+0300] {logging_mixin.py:149} INFO - [2023-10-04T21:54:28.332+0300] {dag.py:3486} INFO - Setting next_dagrun for dataset_consumes_unknown_never_scheduled to None, run_after=None
[2023-10-04T21:54:28.336+0300] {logging_mixin.py:149} INFO - [2023-10-04T21:54:28.335+0300] {dag.py:3486} INFO - Setting next_dagrun for dataset_produces_1 to 2023-10-03T00:00:00+00:00, run_after=2023-10-04T00:00:00+00:00
[2023-10-04T21:54:28.338+0300] {logging_mixin.py:149} INFO - [2023-10-04T21:54:28.338+0300] {dag.py:3486} INFO - Setting next_dagrun for dataset_produces_2 to None, run_after=None
[2023-10-04T21:54:28.488+0300] {processor.py:179} INFO - Processing /home/paulet/anaconda3/lib/python3.10/site-packages/airflow/example_dags/example_datasets.py took 0.239 seconds
[2023-10-04T21:55:23.123+0300] {processor.py:157} INFO - Started process (PID=27215) to work on /home/paulet/anaconda3/lib/python3.10/site-packages/airflow/example_dags/example_datasets.py
[2023-10-04T21:55:23.153+0300] {processor.py:826} INFO - Processing file /home/paulet/anaconda3/lib/python3.10/site-packages/airflow/example_dags/example_datasets.py for tasks to queue
[2023-10-04T21:55:23.155+0300] {logging_mixin.py:149} INFO - [2023-10-04T21:55:23.154+0300] {dagbag.py:541} INFO - Filling up the DagBag from /home/paulet/anaconda3/lib/python3.10/site-packages/airflow/example_dags/example_datasets.py
[2023-10-04T21:55:23.170+0300] {processor.py:836} INFO - DAG(s) dict_keys(['dataset_consumes_1_never_scheduled', 'dataset_produces_2', 'dataset_produces_1', 'dataset_consumes_1_and_2', 'dataset_consumes_1', 'dataset_consumes_unknown_never_scheduled']) retrieved from /home/paulet/anaconda3/lib/python3.10/site-packages/airflow/example_dags/example_datasets.py
[2023-10-04T21:55:23.222+0300] {logging_mixin.py:149} INFO - [2023-10-04T21:55:23.222+0300] {dag.py:2726} INFO - Sync 6 DAGs
[2023-10-04T21:55:23.248+0300] {logging_mixin.py:149} INFO - [2023-10-04T21:55:23.248+0300] {dag.py:3486} INFO - Setting next_dagrun for dataset_consumes_1 to None, run_after=None
[2023-10-04T21:55:23.252+0300] {logging_mixin.py:149} INFO - [2023-10-04T21:55:23.252+0300] {dag.py:3486} INFO - Setting next_dagrun for dataset_consumes_1_and_2 to None, run_after=None
[2023-10-04T21:55:23.253+0300] {logging_mixin.py:149} INFO - [2023-10-04T21:55:23.253+0300] {dag.py:3486} INFO - Setting next_dagrun for dataset_consumes_1_never_scheduled to None, run_after=None
[2023-10-04T21:55:23.254+0300] {logging_mixin.py:149} INFO - [2023-10-04T21:55:23.253+0300] {dag.py:3486} INFO - Setting next_dagrun for dataset_consumes_unknown_never_scheduled to None, run_after=None
[2023-10-04T21:55:23.257+0300] {logging_mixin.py:149} INFO - [2023-10-04T21:55:23.257+0300] {dag.py:3486} INFO - Setting next_dagrun for dataset_produces_1 to 2023-10-03T00:00:00+00:00, run_after=2023-10-04T00:00:00+00:00
[2023-10-04T21:55:23.258+0300] {logging_mixin.py:149} INFO - [2023-10-04T21:55:23.258+0300] {dag.py:3486} INFO - Setting next_dagrun for dataset_produces_2 to None, run_after=None
[2023-10-04T21:55:23.411+0300] {processor.py:179} INFO - Processing /home/paulet/anaconda3/lib/python3.10/site-packages/airflow/example_dags/example_datasets.py took 0.292 seconds
