[2023-10-04T18:10:29.837+0300] {processor.py:157} INFO - Started process (PID=14434) to work on /home/paulet/anaconda3/lib/python3.10/site-packages/airflow/example_dags/example_branch_operator.py
[2023-10-04T18:10:29.838+0300] {processor.py:826} INFO - Processing file /home/paulet/anaconda3/lib/python3.10/site-packages/airflow/example_dags/example_branch_operator.py for tasks to queue
[2023-10-04T18:10:29.839+0300] {logging_mixin.py:149} INFO - [2023-10-04T18:10:29.838+0300] {dagbag.py:541} INFO - Filling up the DagBag from /home/paulet/anaconda3/lib/python3.10/site-packages/airflow/example_dags/example_branch_operator.py
[2023-10-04T18:10:29.851+0300] {processor.py:836} INFO - DAG(s) dict_keys(['example_branch_operator']) retrieved from /home/paulet/anaconda3/lib/python3.10/site-packages/airflow/example_dags/example_branch_operator.py
[2023-10-04T18:10:30.270+0300] {logging_mixin.py:149} INFO - [2023-10-04T18:10:30.269+0300] {manager.py:504} INFO - Created Permission View: can edit on DAG:example_branch_operator
[2023-10-04T18:10:30.402+0300] {logging_mixin.py:149} INFO - [2023-10-04T18:10:30.401+0300] {manager.py:504} INFO - Created Permission View: can read on DAG:example_branch_operator
[2023-10-04T18:10:30.527+0300] {logging_mixin.py:149} INFO - [2023-10-04T18:10:30.527+0300] {manager.py:504} INFO - Created Permission View: can delete on DAG:example_branch_operator
[2023-10-04T18:10:30.528+0300] {logging_mixin.py:149} INFO - [2023-10-04T18:10:30.528+0300] {dag.py:2726} INFO - Sync 1 DAGs
[2023-10-04T18:10:30.542+0300] {logging_mixin.py:149} INFO - [2023-10-04T18:10:30.542+0300] {dag.py:2747} INFO - Creating ORM DAG for example_branch_operator
[2023-10-04T18:10:30.556+0300] {logging_mixin.py:149} INFO - [2023-10-04T18:10:30.556+0300] {dag.py:3486} INFO - Setting next_dagrun for example_branch_operator to 2023-10-03T00:00:00+00:00, run_after=2023-10-04T00:00:00+00:00
[2023-10-04T18:10:30.771+0300] {processor.py:179} INFO - Processing /home/paulet/anaconda3/lib/python3.10/site-packages/airflow/example_dags/example_branch_operator.py took 0.938 seconds
[2023-10-04T18:12:35.728+0300] {processor.py:157} INFO - Started process (PID=15156) to work on /home/paulet/anaconda3/lib/python3.10/site-packages/airflow/example_dags/example_branch_operator.py
[2023-10-04T18:12:35.730+0300] {processor.py:826} INFO - Processing file /home/paulet/anaconda3/lib/python3.10/site-packages/airflow/example_dags/example_branch_operator.py for tasks to queue
[2023-10-04T18:12:35.731+0300] {logging_mixin.py:149} INFO - [2023-10-04T18:12:35.731+0300] {dagbag.py:541} INFO - Filling up the DagBag from /home/paulet/anaconda3/lib/python3.10/site-packages/airflow/example_dags/example_branch_operator.py
[2023-10-04T18:12:35.744+0300] {processor.py:836} INFO - DAG(s) dict_keys(['example_branch_operator']) retrieved from /home/paulet/anaconda3/lib/python3.10/site-packages/airflow/example_dags/example_branch_operator.py
[2023-10-04T18:12:35.772+0300] {logging_mixin.py:149} INFO - [2023-10-04T18:12:35.771+0300] {dag.py:2726} INFO - Sync 1 DAGs
[2023-10-04T18:12:35.796+0300] {logging_mixin.py:149} INFO - [2023-10-04T18:12:35.796+0300] {dag.py:3486} INFO - Setting next_dagrun for example_branch_operator to 2023-10-03T00:00:00+00:00, run_after=2023-10-04T00:00:00+00:00
[2023-10-04T18:12:35.902+0300] {processor.py:179} INFO - Processing /home/paulet/anaconda3/lib/python3.10/site-packages/airflow/example_dags/example_branch_operator.py took 0.178 seconds
[2023-10-04T18:15:00.443+0300] {processor.py:157} INFO - Started process (PID=16069) to work on /home/paulet/anaconda3/lib/python3.10/site-packages/airflow/example_dags/example_branch_operator.py
[2023-10-04T18:15:00.445+0300] {processor.py:826} INFO - Processing file /home/paulet/anaconda3/lib/python3.10/site-packages/airflow/example_dags/example_branch_operator.py for tasks to queue
[2023-10-04T18:15:00.446+0300] {logging_mixin.py:149} INFO - [2023-10-04T18:15:00.445+0300] {dagbag.py:541} INFO - Filling up the DagBag from /home/paulet/anaconda3/lib/python3.10/site-packages/airflow/example_dags/example_branch_operator.py
[2023-10-04T18:15:00.458+0300] {processor.py:836} INFO - DAG(s) dict_keys(['example_branch_operator']) retrieved from /home/paulet/anaconda3/lib/python3.10/site-packages/airflow/example_dags/example_branch_operator.py
[2023-10-04T18:15:00.486+0300] {logging_mixin.py:149} INFO - [2023-10-04T18:15:00.485+0300] {dag.py:2726} INFO - Sync 1 DAGs
[2023-10-04T18:15:00.513+0300] {logging_mixin.py:149} INFO - [2023-10-04T18:15:00.513+0300] {dag.py:3486} INFO - Setting next_dagrun for example_branch_operator to 2023-10-03T00:00:00+00:00, run_after=2023-10-04T00:00:00+00:00
[2023-10-04T18:15:00.634+0300] {processor.py:179} INFO - Processing /home/paulet/anaconda3/lib/python3.10/site-packages/airflow/example_dags/example_branch_operator.py took 0.195 seconds
[2023-10-04T18:16:20.851+0300] {processor.py:157} INFO - Started process (PID=16157) to work on /home/paulet/anaconda3/lib/python3.10/site-packages/airflow/example_dags/example_branch_operator.py
[2023-10-04T18:16:20.943+0300] {processor.py:826} INFO - Processing file /home/paulet/anaconda3/lib/python3.10/site-packages/airflow/example_dags/example_branch_operator.py for tasks to queue
[2023-10-04T18:16:20.944+0300] {logging_mixin.py:149} INFO - [2023-10-04T18:16:20.944+0300] {dagbag.py:541} INFO - Filling up the DagBag from /home/paulet/anaconda3/lib/python3.10/site-packages/airflow/example_dags/example_branch_operator.py
[2023-10-04T18:16:20.959+0300] {processor.py:836} INFO - DAG(s) dict_keys(['example_branch_operator']) retrieved from /home/paulet/anaconda3/lib/python3.10/site-packages/airflow/example_dags/example_branch_operator.py
[2023-10-04T18:16:20.999+0300] {logging_mixin.py:149} INFO - [2023-10-04T18:16:20.998+0300] {dag.py:2726} INFO - Sync 1 DAGs
[2023-10-04T18:16:21.032+0300] {logging_mixin.py:149} INFO - [2023-10-04T18:16:21.032+0300] {dag.py:3486} INFO - Setting next_dagrun for example_branch_operator to 2023-10-03T00:00:00+00:00, run_after=2023-10-04T00:00:00+00:00
[2023-10-04T18:16:21.543+0300] {processor.py:179} INFO - Processing /home/paulet/anaconda3/lib/python3.10/site-packages/airflow/example_dags/example_branch_operator.py took 0.696 seconds
[2023-10-04T18:17:46.354+0300] {processor.py:157} INFO - Started process (PID=16267) to work on /home/paulet/anaconda3/lib/python3.10/site-packages/airflow/example_dags/example_branch_operator.py
[2023-10-04T18:17:46.359+0300] {processor.py:826} INFO - Processing file /home/paulet/anaconda3/lib/python3.10/site-packages/airflow/example_dags/example_branch_operator.py for tasks to queue
[2023-10-04T18:17:46.360+0300] {logging_mixin.py:149} INFO - [2023-10-04T18:17:46.360+0300] {dagbag.py:541} INFO - Filling up the DagBag from /home/paulet/anaconda3/lib/python3.10/site-packages/airflow/example_dags/example_branch_operator.py
[2023-10-04T18:17:46.372+0300] {processor.py:836} INFO - DAG(s) dict_keys(['example_branch_operator']) retrieved from /home/paulet/anaconda3/lib/python3.10/site-packages/airflow/example_dags/example_branch_operator.py
[2023-10-04T18:17:46.399+0300] {logging_mixin.py:149} INFO - [2023-10-04T18:17:46.399+0300] {dag.py:2726} INFO - Sync 1 DAGs
[2023-10-04T18:17:46.426+0300] {logging_mixin.py:149} INFO - [2023-10-04T18:17:46.426+0300] {dag.py:3486} INFO - Setting next_dagrun for example_branch_operator to 2023-10-03T00:00:00+00:00, run_after=2023-10-04T00:00:00+00:00
[2023-10-04T18:17:46.531+0300] {processor.py:179} INFO - Processing /home/paulet/anaconda3/lib/python3.10/site-packages/airflow/example_dags/example_branch_operator.py took 0.180 seconds
[2023-10-04T21:01:08.540+0300] {processor.py:157} INFO - Started process (PID=22459) to work on /home/paulet/anaconda3/lib/python3.10/site-packages/airflow/example_dags/example_branch_operator.py
[2023-10-04T21:01:08.569+0300] {processor.py:826} INFO - Processing file /home/paulet/anaconda3/lib/python3.10/site-packages/airflow/example_dags/example_branch_operator.py for tasks to queue
[2023-10-04T21:01:08.570+0300] {logging_mixin.py:149} INFO - [2023-10-04T21:01:08.570+0300] {dagbag.py:541} INFO - Filling up the DagBag from /home/paulet/anaconda3/lib/python3.10/site-packages/airflow/example_dags/example_branch_operator.py
[2023-10-04T21:01:08.585+0300] {processor.py:836} INFO - DAG(s) dict_keys(['example_branch_operator']) retrieved from /home/paulet/anaconda3/lib/python3.10/site-packages/airflow/example_dags/example_branch_operator.py
[2023-10-04T21:01:08.609+0300] {logging_mixin.py:149} INFO - [2023-10-04T21:01:08.609+0300] {dag.py:2726} INFO - Sync 1 DAGs
[2023-10-04T21:01:08.635+0300] {logging_mixin.py:149} INFO - [2023-10-04T21:01:08.634+0300] {dag.py:3486} INFO - Setting next_dagrun for example_branch_operator to 2023-10-03T00:00:00+00:00, run_after=2023-10-04T00:00:00+00:00
[2023-10-04T21:01:08.763+0300] {processor.py:179} INFO - Processing /home/paulet/anaconda3/lib/python3.10/site-packages/airflow/example_dags/example_branch_operator.py took 0.227 seconds
[2023-10-04T21:02:22.604+0300] {processor.py:157} INFO - Started process (PID=22653) to work on /home/paulet/anaconda3/lib/python3.10/site-packages/airflow/example_dags/example_branch_operator.py
[2023-10-04T21:02:22.637+0300] {processor.py:826} INFO - Processing file /home/paulet/anaconda3/lib/python3.10/site-packages/airflow/example_dags/example_branch_operator.py for tasks to queue
[2023-10-04T21:02:22.638+0300] {logging_mixin.py:149} INFO - [2023-10-04T21:02:22.638+0300] {dagbag.py:541} INFO - Filling up the DagBag from /home/paulet/anaconda3/lib/python3.10/site-packages/airflow/example_dags/example_branch_operator.py
[2023-10-04T21:02:22.653+0300] {processor.py:836} INFO - DAG(s) dict_keys(['example_branch_operator']) retrieved from /home/paulet/anaconda3/lib/python3.10/site-packages/airflow/example_dags/example_branch_operator.py
[2023-10-04T21:02:22.685+0300] {logging_mixin.py:149} INFO - [2023-10-04T21:02:22.685+0300] {dag.py:2726} INFO - Sync 1 DAGs
[2023-10-04T21:02:22.712+0300] {logging_mixin.py:149} INFO - [2023-10-04T21:02:22.712+0300] {dag.py:3486} INFO - Setting next_dagrun for example_branch_operator to 2023-10-03T00:00:00+00:00, run_after=2023-10-04T00:00:00+00:00
[2023-10-04T21:02:22.832+0300] {processor.py:179} INFO - Processing /home/paulet/anaconda3/lib/python3.10/site-packages/airflow/example_dags/example_branch_operator.py took 0.232 seconds
[2023-10-04T21:03:40.138+0300] {processor.py:157} INFO - Started process (PID=22726) to work on /home/paulet/anaconda3/lib/python3.10/site-packages/airflow/example_dags/example_branch_operator.py
[2023-10-04T21:03:40.171+0300] {processor.py:826} INFO - Processing file /home/paulet/anaconda3/lib/python3.10/site-packages/airflow/example_dags/example_branch_operator.py for tasks to queue
[2023-10-04T21:03:40.172+0300] {logging_mixin.py:149} INFO - [2023-10-04T21:03:40.172+0300] {dagbag.py:541} INFO - Filling up the DagBag from /home/paulet/anaconda3/lib/python3.10/site-packages/airflow/example_dags/example_branch_operator.py
[2023-10-04T21:03:40.186+0300] {processor.py:836} INFO - DAG(s) dict_keys(['example_branch_operator']) retrieved from /home/paulet/anaconda3/lib/python3.10/site-packages/airflow/example_dags/example_branch_operator.py
[2023-10-04T21:03:40.216+0300] {logging_mixin.py:149} INFO - [2023-10-04T21:03:40.216+0300] {dag.py:2726} INFO - Sync 1 DAGs
[2023-10-04T21:03:40.243+0300] {logging_mixin.py:149} INFO - [2023-10-04T21:03:40.243+0300] {dag.py:3486} INFO - Setting next_dagrun for example_branch_operator to 2023-10-03T00:00:00+00:00, run_after=2023-10-04T00:00:00+00:00
[2023-10-04T21:03:40.355+0300] {processor.py:179} INFO - Processing /home/paulet/anaconda3/lib/python3.10/site-packages/airflow/example_dags/example_branch_operator.py took 0.221 seconds
[2023-10-04T21:04:37.159+0300] {processor.py:157} INFO - Started process (PID=22800) to work on /home/paulet/anaconda3/lib/python3.10/site-packages/airflow/example_dags/example_branch_operator.py
[2023-10-04T21:04:37.193+0300] {processor.py:826} INFO - Processing file /home/paulet/anaconda3/lib/python3.10/site-packages/airflow/example_dags/example_branch_operator.py for tasks to queue
[2023-10-04T21:04:37.194+0300] {logging_mixin.py:149} INFO - [2023-10-04T21:04:37.194+0300] {dagbag.py:541} INFO - Filling up the DagBag from /home/paulet/anaconda3/lib/python3.10/site-packages/airflow/example_dags/example_branch_operator.py
[2023-10-04T21:04:37.208+0300] {processor.py:836} INFO - DAG(s) dict_keys(['example_branch_operator']) retrieved from /home/paulet/anaconda3/lib/python3.10/site-packages/airflow/example_dags/example_branch_operator.py
[2023-10-04T21:04:37.239+0300] {logging_mixin.py:149} INFO - [2023-10-04T21:04:37.239+0300] {dag.py:2726} INFO - Sync 1 DAGs
[2023-10-04T21:04:37.266+0300] {logging_mixin.py:149} INFO - [2023-10-04T21:04:37.265+0300] {dag.py:3486} INFO - Setting next_dagrun for example_branch_operator to 2023-10-03T00:00:00+00:00, run_after=2023-10-04T00:00:00+00:00
[2023-10-04T21:04:37.381+0300] {processor.py:179} INFO - Processing /home/paulet/anaconda3/lib/python3.10/site-packages/airflow/example_dags/example_branch_operator.py took 0.226 seconds
[2023-10-04T21:06:01.925+0300] {processor.py:157} INFO - Started process (PID=22898) to work on /home/paulet/anaconda3/lib/python3.10/site-packages/airflow/example_dags/example_branch_operator.py
[2023-10-04T21:06:01.954+0300] {processor.py:826} INFO - Processing file /home/paulet/anaconda3/lib/python3.10/site-packages/airflow/example_dags/example_branch_operator.py for tasks to queue
[2023-10-04T21:06:01.955+0300] {logging_mixin.py:149} INFO - [2023-10-04T21:06:01.955+0300] {dagbag.py:541} INFO - Filling up the DagBag from /home/paulet/anaconda3/lib/python3.10/site-packages/airflow/example_dags/example_branch_operator.py
[2023-10-04T21:06:01.969+0300] {processor.py:836} INFO - DAG(s) dict_keys(['example_branch_operator']) retrieved from /home/paulet/anaconda3/lib/python3.10/site-packages/airflow/example_dags/example_branch_operator.py
[2023-10-04T21:06:02.000+0300] {logging_mixin.py:149} INFO - [2023-10-04T21:06:02.000+0300] {dag.py:2726} INFO - Sync 1 DAGs
[2023-10-04T21:06:02.026+0300] {logging_mixin.py:149} INFO - [2023-10-04T21:06:02.026+0300] {dag.py:3486} INFO - Setting next_dagrun for example_branch_operator to 2023-10-03T00:00:00+00:00, run_after=2023-10-04T00:00:00+00:00
[2023-10-04T21:06:02.147+0300] {processor.py:179} INFO - Processing /home/paulet/anaconda3/lib/python3.10/site-packages/airflow/example_dags/example_branch_operator.py took 0.227 seconds
[2023-10-04T21:06:58.785+0300] {processor.py:157} INFO - Started process (PID=22950) to work on /home/paulet/anaconda3/lib/python3.10/site-packages/airflow/example_dags/example_branch_operator.py
[2023-10-04T21:06:58.810+0300] {processor.py:826} INFO - Processing file /home/paulet/anaconda3/lib/python3.10/site-packages/airflow/example_dags/example_branch_operator.py for tasks to queue
[2023-10-04T21:06:58.811+0300] {logging_mixin.py:149} INFO - [2023-10-04T21:06:58.811+0300] {dagbag.py:541} INFO - Filling up the DagBag from /home/paulet/anaconda3/lib/python3.10/site-packages/airflow/example_dags/example_branch_operator.py
[2023-10-04T21:06:58.825+0300] {processor.py:836} INFO - DAG(s) dict_keys(['example_branch_operator']) retrieved from /home/paulet/anaconda3/lib/python3.10/site-packages/airflow/example_dags/example_branch_operator.py
[2023-10-04T21:06:58.855+0300] {logging_mixin.py:149} INFO - [2023-10-04T21:06:58.855+0300] {dag.py:2726} INFO - Sync 1 DAGs
[2023-10-04T21:06:58.881+0300] {logging_mixin.py:149} INFO - [2023-10-04T21:06:58.881+0300] {dag.py:3486} INFO - Setting next_dagrun for example_branch_operator to 2023-10-03T00:00:00+00:00, run_after=2023-10-04T00:00:00+00:00
[2023-10-04T21:06:58.986+0300] {processor.py:179} INFO - Processing /home/paulet/anaconda3/lib/python3.10/site-packages/airflow/example_dags/example_branch_operator.py took 0.206 seconds
[2023-10-04T21:08:10.596+0300] {processor.py:157} INFO - Started process (PID=23020) to work on /home/paulet/anaconda3/lib/python3.10/site-packages/airflow/example_dags/example_branch_operator.py
[2023-10-04T21:08:10.621+0300] {processor.py:826} INFO - Processing file /home/paulet/anaconda3/lib/python3.10/site-packages/airflow/example_dags/example_branch_operator.py for tasks to queue
[2023-10-04T21:08:10.622+0300] {logging_mixin.py:149} INFO - [2023-10-04T21:08:10.622+0300] {dagbag.py:541} INFO - Filling up the DagBag from /home/paulet/anaconda3/lib/python3.10/site-packages/airflow/example_dags/example_branch_operator.py
[2023-10-04T21:08:10.635+0300] {processor.py:836} INFO - DAG(s) dict_keys(['example_branch_operator']) retrieved from /home/paulet/anaconda3/lib/python3.10/site-packages/airflow/example_dags/example_branch_operator.py
[2023-10-04T21:08:10.663+0300] {logging_mixin.py:149} INFO - [2023-10-04T21:08:10.663+0300] {dag.py:2726} INFO - Sync 1 DAGs
[2023-10-04T21:08:10.689+0300] {logging_mixin.py:149} INFO - [2023-10-04T21:08:10.689+0300] {dag.py:3486} INFO - Setting next_dagrun for example_branch_operator to 2023-10-03T00:00:00+00:00, run_after=2023-10-04T00:00:00+00:00
[2023-10-04T21:08:10.792+0300] {processor.py:179} INFO - Processing /home/paulet/anaconda3/lib/python3.10/site-packages/airflow/example_dags/example_branch_operator.py took 0.200 seconds
[2023-10-04T21:09:25.852+0300] {processor.py:157} INFO - Started process (PID=23134) to work on /home/paulet/anaconda3/lib/python3.10/site-packages/airflow/example_dags/example_branch_operator.py
[2023-10-04T21:09:25.853+0300] {processor.py:826} INFO - Processing file /home/paulet/anaconda3/lib/python3.10/site-packages/airflow/example_dags/example_branch_operator.py for tasks to queue
[2023-10-04T21:09:25.854+0300] {logging_mixin.py:149} INFO - [2023-10-04T21:09:25.854+0300] {dagbag.py:541} INFO - Filling up the DagBag from /home/paulet/anaconda3/lib/python3.10/site-packages/airflow/example_dags/example_branch_operator.py
[2023-10-04T21:09:25.868+0300] {processor.py:836} INFO - DAG(s) dict_keys(['example_branch_operator']) retrieved from /home/paulet/anaconda3/lib/python3.10/site-packages/airflow/example_dags/example_branch_operator.py
[2023-10-04T21:09:25.897+0300] {logging_mixin.py:149} INFO - [2023-10-04T21:09:25.896+0300] {dag.py:2726} INFO - Sync 1 DAGs
[2023-10-04T21:09:25.923+0300] {logging_mixin.py:149} INFO - [2023-10-04T21:09:25.922+0300] {dag.py:3486} INFO - Setting next_dagrun for example_branch_operator to 2023-10-03T00:00:00+00:00, run_after=2023-10-04T00:00:00+00:00
[2023-10-04T21:09:26.036+0300] {processor.py:179} INFO - Processing /home/paulet/anaconda3/lib/python3.10/site-packages/airflow/example_dags/example_branch_operator.py took 0.188 seconds
[2023-10-04T21:10:41.923+0300] {processor.py:157} INFO - Started process (PID=23256) to work on /home/paulet/anaconda3/lib/python3.10/site-packages/airflow/example_dags/example_branch_operator.py
[2023-10-04T21:10:41.951+0300] {processor.py:826} INFO - Processing file /home/paulet/anaconda3/lib/python3.10/site-packages/airflow/example_dags/example_branch_operator.py for tasks to queue
[2023-10-04T21:10:41.952+0300] {logging_mixin.py:149} INFO - [2023-10-04T21:10:41.952+0300] {dagbag.py:541} INFO - Filling up the DagBag from /home/paulet/anaconda3/lib/python3.10/site-packages/airflow/example_dags/example_branch_operator.py
[2023-10-04T21:10:41.964+0300] {processor.py:836} INFO - DAG(s) dict_keys(['example_branch_operator']) retrieved from /home/paulet/anaconda3/lib/python3.10/site-packages/airflow/example_dags/example_branch_operator.py
[2023-10-04T21:10:41.993+0300] {logging_mixin.py:149} INFO - [2023-10-04T21:10:41.992+0300] {dag.py:2726} INFO - Sync 1 DAGs
[2023-10-04T21:10:42.022+0300] {logging_mixin.py:149} INFO - [2023-10-04T21:10:42.022+0300] {dag.py:3486} INFO - Setting next_dagrun for example_branch_operator to 2023-10-03T00:00:00+00:00, run_after=2023-10-04T00:00:00+00:00
[2023-10-04T21:10:42.129+0300] {processor.py:179} INFO - Processing /home/paulet/anaconda3/lib/python3.10/site-packages/airflow/example_dags/example_branch_operator.py took 0.209 seconds
[2023-10-04T21:52:34.034+0300] {processor.py:157} INFO - Started process (PID=27012) to work on /home/paulet/anaconda3/lib/python3.10/site-packages/airflow/example_dags/example_branch_operator.py
[2023-10-04T21:52:34.035+0300] {processor.py:826} INFO - Processing file /home/paulet/anaconda3/lib/python3.10/site-packages/airflow/example_dags/example_branch_operator.py for tasks to queue
[2023-10-04T21:52:34.036+0300] {logging_mixin.py:149} INFO - [2023-10-04T21:52:34.036+0300] {dagbag.py:541} INFO - Filling up the DagBag from /home/paulet/anaconda3/lib/python3.10/site-packages/airflow/example_dags/example_branch_operator.py
[2023-10-04T21:52:34.047+0300] {processor.py:836} INFO - DAG(s) dict_keys(['example_branch_operator']) retrieved from /home/paulet/anaconda3/lib/python3.10/site-packages/airflow/example_dags/example_branch_operator.py
[2023-10-04T21:52:34.072+0300] {logging_mixin.py:149} INFO - [2023-10-04T21:52:34.071+0300] {dag.py:2726} INFO - Sync 1 DAGs
[2023-10-04T21:52:34.097+0300] {logging_mixin.py:149} INFO - [2023-10-04T21:52:34.097+0300] {dag.py:3486} INFO - Setting next_dagrun for example_branch_operator to 2023-10-03T00:00:00+00:00, run_after=2023-10-04T00:00:00+00:00
[2023-10-04T21:52:34.303+0300] {processor.py:179} INFO - Processing /home/paulet/anaconda3/lib/python3.10/site-packages/airflow/example_dags/example_branch_operator.py took 0.273 seconds
[2023-10-04T21:53:31.928+0300] {processor.py:157} INFO - Started process (PID=27065) to work on /home/paulet/anaconda3/lib/python3.10/site-packages/airflow/example_dags/example_branch_operator.py
[2023-10-04T21:53:31.929+0300] {processor.py:826} INFO - Processing file /home/paulet/anaconda3/lib/python3.10/site-packages/airflow/example_dags/example_branch_operator.py for tasks to queue
[2023-10-04T21:53:31.930+0300] {logging_mixin.py:149} INFO - [2023-10-04T21:53:31.930+0300] {dagbag.py:541} INFO - Filling up the DagBag from /home/paulet/anaconda3/lib/python3.10/site-packages/airflow/example_dags/example_branch_operator.py
[2023-10-04T21:53:31.944+0300] {processor.py:836} INFO - DAG(s) dict_keys(['example_branch_operator']) retrieved from /home/paulet/anaconda3/lib/python3.10/site-packages/airflow/example_dags/example_branch_operator.py
[2023-10-04T21:53:31.971+0300] {logging_mixin.py:149} INFO - [2023-10-04T21:53:31.970+0300] {dag.py:2726} INFO - Sync 1 DAGs
[2023-10-04T21:53:31.996+0300] {logging_mixin.py:149} INFO - [2023-10-04T21:53:31.995+0300] {dag.py:3486} INFO - Setting next_dagrun for example_branch_operator to 2023-10-03T00:00:00+00:00, run_after=2023-10-04T00:00:00+00:00
[2023-10-04T21:53:32.137+0300] {processor.py:179} INFO - Processing /home/paulet/anaconda3/lib/python3.10/site-packages/airflow/example_dags/example_branch_operator.py took 0.214 seconds
[2023-10-04T21:54:35.828+0300] {processor.py:157} INFO - Started process (PID=27162) to work on /home/paulet/anaconda3/lib/python3.10/site-packages/airflow/example_dags/example_branch_operator.py
[2023-10-04T21:54:35.859+0300] {processor.py:826} INFO - Processing file /home/paulet/anaconda3/lib/python3.10/site-packages/airflow/example_dags/example_branch_operator.py for tasks to queue
[2023-10-04T21:54:35.860+0300] {logging_mixin.py:149} INFO - [2023-10-04T21:54:35.860+0300] {dagbag.py:541} INFO - Filling up the DagBag from /home/paulet/anaconda3/lib/python3.10/site-packages/airflow/example_dags/example_branch_operator.py
[2023-10-04T21:54:35.874+0300] {processor.py:836} INFO - DAG(s) dict_keys(['example_branch_operator']) retrieved from /home/paulet/anaconda3/lib/python3.10/site-packages/airflow/example_dags/example_branch_operator.py
[2023-10-04T21:54:35.906+0300] {logging_mixin.py:149} INFO - [2023-10-04T21:54:35.905+0300] {dag.py:2726} INFO - Sync 1 DAGs
[2023-10-04T21:54:35.932+0300] {logging_mixin.py:149} INFO - [2023-10-04T21:54:35.932+0300] {dag.py:3486} INFO - Setting next_dagrun for example_branch_operator to 2023-10-03T00:00:00+00:00, run_after=2023-10-04T00:00:00+00:00
[2023-10-04T21:54:36.059+0300] {processor.py:179} INFO - Processing /home/paulet/anaconda3/lib/python3.10/site-packages/airflow/example_dags/example_branch_operator.py took 0.235 seconds
[2023-10-04T21:56:05.081+0300] {processor.py:157} INFO - Started process (PID=27380) to work on /home/paulet/anaconda3/lib/python3.10/site-packages/airflow/example_dags/example_branch_operator.py
[2023-10-04T21:56:05.105+0300] {processor.py:826} INFO - Processing file /home/paulet/anaconda3/lib/python3.10/site-packages/airflow/example_dags/example_branch_operator.py for tasks to queue
[2023-10-04T21:56:05.106+0300] {logging_mixin.py:149} INFO - [2023-10-04T21:56:05.106+0300] {dagbag.py:541} INFO - Filling up the DagBag from /home/paulet/anaconda3/lib/python3.10/site-packages/airflow/example_dags/example_branch_operator.py
[2023-10-04T21:56:05.120+0300] {processor.py:836} INFO - DAG(s) dict_keys(['example_branch_operator']) retrieved from /home/paulet/anaconda3/lib/python3.10/site-packages/airflow/example_dags/example_branch_operator.py
[2023-10-04T21:56:05.152+0300] {logging_mixin.py:149} INFO - [2023-10-04T21:56:05.151+0300] {dag.py:2726} INFO - Sync 1 DAGs
[2023-10-04T21:56:05.178+0300] {logging_mixin.py:149} INFO - [2023-10-04T21:56:05.178+0300] {dag.py:3486} INFO - Setting next_dagrun for example_branch_operator to 2023-10-03T00:00:00+00:00, run_after=2023-10-04T00:00:00+00:00
[2023-10-04T21:56:05.445+0300] {processor.py:179} INFO - Processing /home/paulet/anaconda3/lib/python3.10/site-packages/airflow/example_dags/example_branch_operator.py took 0.368 seconds
