[2023-10-04T18:09:19.915+0300] {processor.py:157} INFO - Started process (PID=14086) to work on /home/paulet/anaconda3/lib/python3.10/site-packages/airflow/example_dags/example_sensors.py
[2023-10-04T18:09:19.917+0300] {processor.py:826} INFO - Processing file /home/paulet/anaconda3/lib/python3.10/site-packages/airflow/example_dags/example_sensors.py for tasks to queue
[2023-10-04T18:09:19.918+0300] {logging_mixin.py:149} INFO - [2023-10-04T18:09:19.917+0300] {dagbag.py:541} INFO - Filling up the DagBag from /home/paulet/anaconda3/lib/python3.10/site-packages/airflow/example_dags/example_sensors.py
[2023-10-04T18:09:19.934+0300] {processor.py:836} INFO - DAG(s) dict_keys(['example_sensors']) retrieved from /home/paulet/anaconda3/lib/python3.10/site-packages/airflow/example_dags/example_sensors.py
[2023-10-04T18:09:20.410+0300] {logging_mixin.py:149} INFO - [2023-10-04T18:09:20.410+0300] {manager.py:504} INFO - Created Permission View: can edit on DAG:example_sensors
[2023-10-04T18:09:20.628+0300] {logging_mixin.py:149} INFO - [2023-10-04T18:09:20.627+0300] {manager.py:504} INFO - Created Permission View: can read on DAG:example_sensors
[2023-10-04T18:09:20.749+0300] {logging_mixin.py:149} INFO - [2023-10-04T18:09:20.749+0300] {manager.py:504} INFO - Created Permission View: can delete on DAG:example_sensors
[2023-10-04T18:09:20.750+0300] {logging_mixin.py:149} INFO - [2023-10-04T18:09:20.750+0300] {dag.py:2726} INFO - Sync 1 DAGs
[2023-10-04T18:09:20.782+0300] {logging_mixin.py:149} INFO - [2023-10-04T18:09:20.782+0300] {dag.py:2747} INFO - Creating ORM DAG for example_sensors
[2023-10-04T18:09:20.800+0300] {logging_mixin.py:149} INFO - [2023-10-04T18:09:20.800+0300] {dag.py:3486} INFO - Setting next_dagrun for example_sensors to None, run_after=None
[2023-10-04T18:09:20.989+0300] {processor.py:179} INFO - Processing /home/paulet/anaconda3/lib/python3.10/site-packages/airflow/example_dags/example_sensors.py took 1.078 seconds
[2023-10-04T18:10:56.467+0300] {processor.py:157} INFO - Started process (PID=14562) to work on /home/paulet/anaconda3/lib/python3.10/site-packages/airflow/example_dags/example_sensors.py
[2023-10-04T18:10:56.510+0300] {processor.py:826} INFO - Processing file /home/paulet/anaconda3/lib/python3.10/site-packages/airflow/example_dags/example_sensors.py for tasks to queue
[2023-10-04T18:10:56.511+0300] {logging_mixin.py:149} INFO - [2023-10-04T18:10:56.511+0300] {dagbag.py:541} INFO - Filling up the DagBag from /home/paulet/anaconda3/lib/python3.10/site-packages/airflow/example_dags/example_sensors.py
[2023-10-04T18:10:56.526+0300] {processor.py:836} INFO - DAG(s) dict_keys(['example_sensors']) retrieved from /home/paulet/anaconda3/lib/python3.10/site-packages/airflow/example_dags/example_sensors.py
[2023-10-04T18:10:56.802+0300] {logging_mixin.py:149} INFO - [2023-10-04T18:10:56.801+0300] {dag.py:2726} INFO - Sync 1 DAGs
[2023-10-04T18:10:57.038+0300] {logging_mixin.py:149} INFO - [2023-10-04T18:10:57.037+0300] {dag.py:3486} INFO - Setting next_dagrun for example_sensors to None, run_after=None
[2023-10-04T18:10:58.729+0300] {processor.py:179} INFO - Processing /home/paulet/anaconda3/lib/python3.10/site-packages/airflow/example_dags/example_sensors.py took 2.266 seconds
[2023-10-04T18:12:19.944+0300] {processor.py:157} INFO - Started process (PID=15083) to work on /home/paulet/anaconda3/lib/python3.10/site-packages/airflow/example_dags/example_sensors.py
[2023-10-04T18:12:19.988+0300] {processor.py:826} INFO - Processing file /home/paulet/anaconda3/lib/python3.10/site-packages/airflow/example_dags/example_sensors.py for tasks to queue
[2023-10-04T18:12:19.989+0300] {logging_mixin.py:149} INFO - [2023-10-04T18:12:19.989+0300] {dagbag.py:541} INFO - Filling up the DagBag from /home/paulet/anaconda3/lib/python3.10/site-packages/airflow/example_dags/example_sensors.py
[2023-10-04T18:12:20.002+0300] {processor.py:836} INFO - DAG(s) dict_keys(['example_sensors']) retrieved from /home/paulet/anaconda3/lib/python3.10/site-packages/airflow/example_dags/example_sensors.py
[2023-10-04T18:12:20.231+0300] {logging_mixin.py:149} INFO - [2023-10-04T18:12:20.230+0300] {dag.py:2726} INFO - Sync 1 DAGs
[2023-10-04T18:12:20.279+0300] {logging_mixin.py:149} INFO - [2023-10-04T18:12:20.279+0300] {dag.py:3486} INFO - Setting next_dagrun for example_sensors to None, run_after=None
[2023-10-04T18:12:20.489+0300] {processor.py:179} INFO - Processing /home/paulet/anaconda3/lib/python3.10/site-packages/airflow/example_dags/example_sensors.py took 0.550 seconds
[2023-10-04T18:14:37.042+0300] {processor.py:157} INFO - Started process (PID=16047) to work on /home/paulet/anaconda3/lib/python3.10/site-packages/airflow/example_dags/example_sensors.py
[2023-10-04T18:14:37.049+0300] {processor.py:826} INFO - Processing file /home/paulet/anaconda3/lib/python3.10/site-packages/airflow/example_dags/example_sensors.py for tasks to queue
[2023-10-04T18:14:37.051+0300] {logging_mixin.py:149} INFO - [2023-10-04T18:14:37.050+0300] {dagbag.py:541} INFO - Filling up the DagBag from /home/paulet/anaconda3/lib/python3.10/site-packages/airflow/example_dags/example_sensors.py
[2023-10-04T18:14:37.066+0300] {processor.py:836} INFO - DAG(s) dict_keys(['example_sensors']) retrieved from /home/paulet/anaconda3/lib/python3.10/site-packages/airflow/example_dags/example_sensors.py
[2023-10-04T18:14:37.098+0300] {logging_mixin.py:149} INFO - [2023-10-04T18:14:37.098+0300] {dag.py:2726} INFO - Sync 1 DAGs
[2023-10-04T18:14:37.125+0300] {logging_mixin.py:149} INFO - [2023-10-04T18:14:37.124+0300] {dag.py:3486} INFO - Setting next_dagrun for example_sensors to None, run_after=None
[2023-10-04T18:14:37.234+0300] {processor.py:179} INFO - Processing /home/paulet/anaconda3/lib/python3.10/site-packages/airflow/example_dags/example_sensors.py took 0.198 seconds
[2023-10-04T18:15:32.559+0300] {processor.py:157} INFO - Started process (PID=16107) to work on /home/paulet/anaconda3/lib/python3.10/site-packages/airflow/example_dags/example_sensors.py
[2023-10-04T18:15:32.560+0300] {processor.py:826} INFO - Processing file /home/paulet/anaconda3/lib/python3.10/site-packages/airflow/example_dags/example_sensors.py for tasks to queue
[2023-10-04T18:15:32.561+0300] {logging_mixin.py:149} INFO - [2023-10-04T18:15:32.561+0300] {dagbag.py:541} INFO - Filling up the DagBag from /home/paulet/anaconda3/lib/python3.10/site-packages/airflow/example_dags/example_sensors.py
[2023-10-04T18:15:32.573+0300] {processor.py:836} INFO - DAG(s) dict_keys(['example_sensors']) retrieved from /home/paulet/anaconda3/lib/python3.10/site-packages/airflow/example_dags/example_sensors.py
[2023-10-04T18:15:32.604+0300] {logging_mixin.py:149} INFO - [2023-10-04T18:15:32.603+0300] {dag.py:2726} INFO - Sync 1 DAGs
[2023-10-04T18:15:32.630+0300] {logging_mixin.py:149} INFO - [2023-10-04T18:15:32.629+0300] {dag.py:3486} INFO - Setting next_dagrun for example_sensors to None, run_after=None
[2023-10-04T18:15:32.777+0300] {processor.py:179} INFO - Processing /home/paulet/anaconda3/lib/python3.10/site-packages/airflow/example_dags/example_sensors.py took 0.222 seconds
[2023-10-04T18:16:29.945+0300] {processor.py:157} INFO - Started process (PID=16166) to work on /home/paulet/anaconda3/lib/python3.10/site-packages/airflow/example_dags/example_sensors.py
[2023-10-04T18:16:30.052+0300] {processor.py:826} INFO - Processing file /home/paulet/anaconda3/lib/python3.10/site-packages/airflow/example_dags/example_sensors.py for tasks to queue
[2023-10-04T18:16:30.053+0300] {logging_mixin.py:149} INFO - [2023-10-04T18:16:30.053+0300] {dagbag.py:541} INFO - Filling up the DagBag from /home/paulet/anaconda3/lib/python3.10/site-packages/airflow/example_dags/example_sensors.py
[2023-10-04T18:16:30.068+0300] {processor.py:836} INFO - DAG(s) dict_keys(['example_sensors']) retrieved from /home/paulet/anaconda3/lib/python3.10/site-packages/airflow/example_dags/example_sensors.py
[2023-10-04T18:16:30.102+0300] {logging_mixin.py:149} INFO - [2023-10-04T18:16:30.102+0300] {dag.py:2726} INFO - Sync 1 DAGs
[2023-10-04T18:16:30.128+0300] {logging_mixin.py:149} INFO - [2023-10-04T18:16:30.127+0300] {dag.py:3486} INFO - Setting next_dagrun for example_sensors to None, run_after=None
[2023-10-04T18:16:30.406+0300] {processor.py:179} INFO - Processing /home/paulet/anaconda3/lib/python3.10/site-packages/airflow/example_dags/example_sensors.py took 0.466 seconds
[2023-10-04T18:17:29.832+0300] {processor.py:157} INFO - Started process (PID=16237) to work on /home/paulet/anaconda3/lib/python3.10/site-packages/airflow/example_dags/example_sensors.py
[2023-10-04T18:17:29.858+0300] {processor.py:826} INFO - Processing file /home/paulet/anaconda3/lib/python3.10/site-packages/airflow/example_dags/example_sensors.py for tasks to queue
[2023-10-04T18:17:29.859+0300] {logging_mixin.py:149} INFO - [2023-10-04T18:17:29.859+0300] {dagbag.py:541} INFO - Filling up the DagBag from /home/paulet/anaconda3/lib/python3.10/site-packages/airflow/example_dags/example_sensors.py
[2023-10-04T18:17:29.873+0300] {processor.py:836} INFO - DAG(s) dict_keys(['example_sensors']) retrieved from /home/paulet/anaconda3/lib/python3.10/site-packages/airflow/example_dags/example_sensors.py
[2023-10-04T18:17:29.907+0300] {logging_mixin.py:149} INFO - [2023-10-04T18:17:29.907+0300] {dag.py:2726} INFO - Sync 1 DAGs
[2023-10-04T18:17:29.945+0300] {logging_mixin.py:149} INFO - [2023-10-04T18:17:29.944+0300] {dag.py:3486} INFO - Setting next_dagrun for example_sensors to None, run_after=None
[2023-10-04T18:17:30.293+0300] {processor.py:179} INFO - Processing /home/paulet/anaconda3/lib/python3.10/site-packages/airflow/example_dags/example_sensors.py took 0.465 seconds
[2023-10-04T21:00:33.552+0300] {processor.py:157} INFO - Started process (PID=22430) to work on /home/paulet/anaconda3/lib/python3.10/site-packages/airflow/example_dags/example_sensors.py
[2023-10-04T21:00:33.554+0300] {processor.py:826} INFO - Processing file /home/paulet/anaconda3/lib/python3.10/site-packages/airflow/example_dags/example_sensors.py for tasks to queue
[2023-10-04T21:00:33.555+0300] {logging_mixin.py:149} INFO - [2023-10-04T21:00:33.555+0300] {dagbag.py:541} INFO - Filling up the DagBag from /home/paulet/anaconda3/lib/python3.10/site-packages/airflow/example_dags/example_sensors.py
[2023-10-04T21:00:33.572+0300] {processor.py:836} INFO - DAG(s) dict_keys(['example_sensors']) retrieved from /home/paulet/anaconda3/lib/python3.10/site-packages/airflow/example_dags/example_sensors.py
[2023-10-04T21:00:33.604+0300] {logging_mixin.py:149} INFO - [2023-10-04T21:00:33.603+0300] {dag.py:2726} INFO - Sync 1 DAGs
[2023-10-04T21:00:33.626+0300] {logging_mixin.py:149} INFO - [2023-10-04T21:00:33.626+0300] {dag.py:3486} INFO - Setting next_dagrun for example_sensors to None, run_after=None
[2023-10-04T21:00:33.776+0300] {processor.py:179} INFO - Processing /home/paulet/anaconda3/lib/python3.10/site-packages/airflow/example_dags/example_sensors.py took 0.228 seconds
[2023-10-04T21:01:41.541+0300] {processor.py:157} INFO - Started process (PID=22611) to work on /home/paulet/anaconda3/lib/python3.10/site-packages/airflow/example_dags/example_sensors.py
[2023-10-04T21:01:41.542+0300] {processor.py:826} INFO - Processing file /home/paulet/anaconda3/lib/python3.10/site-packages/airflow/example_dags/example_sensors.py for tasks to queue
[2023-10-04T21:01:41.543+0300] {logging_mixin.py:149} INFO - [2023-10-04T21:01:41.543+0300] {dagbag.py:541} INFO - Filling up the DagBag from /home/paulet/anaconda3/lib/python3.10/site-packages/airflow/example_dags/example_sensors.py
[2023-10-04T21:01:41.558+0300] {processor.py:836} INFO - DAG(s) dict_keys(['example_sensors']) retrieved from /home/paulet/anaconda3/lib/python3.10/site-packages/airflow/example_dags/example_sensors.py
[2023-10-04T21:01:41.587+0300] {logging_mixin.py:149} INFO - [2023-10-04T21:01:41.587+0300] {dag.py:2726} INFO - Sync 1 DAGs
[2023-10-04T21:01:41.610+0300] {logging_mixin.py:149} INFO - [2023-10-04T21:01:41.610+0300] {dag.py:3486} INFO - Setting next_dagrun for example_sensors to None, run_after=None
[2023-10-04T21:01:41.745+0300] {processor.py:179} INFO - Processing /home/paulet/anaconda3/lib/python3.10/site-packages/airflow/example_dags/example_sensors.py took 0.209 seconds
[2023-10-04T21:02:43.756+0300] {processor.py:157} INFO - Started process (PID=22676) to work on /home/paulet/anaconda3/lib/python3.10/site-packages/airflow/example_dags/example_sensors.py
[2023-10-04T21:02:43.787+0300] {processor.py:826} INFO - Processing file /home/paulet/anaconda3/lib/python3.10/site-packages/airflow/example_dags/example_sensors.py for tasks to queue
[2023-10-04T21:02:43.788+0300] {logging_mixin.py:149} INFO - [2023-10-04T21:02:43.788+0300] {dagbag.py:541} INFO - Filling up the DagBag from /home/paulet/anaconda3/lib/python3.10/site-packages/airflow/example_dags/example_sensors.py
[2023-10-04T21:02:43.803+0300] {processor.py:836} INFO - DAG(s) dict_keys(['example_sensors']) retrieved from /home/paulet/anaconda3/lib/python3.10/site-packages/airflow/example_dags/example_sensors.py
[2023-10-04T21:02:43.836+0300] {logging_mixin.py:149} INFO - [2023-10-04T21:02:43.836+0300] {dag.py:2726} INFO - Sync 1 DAGs
[2023-10-04T21:02:43.860+0300] {logging_mixin.py:149} INFO - [2023-10-04T21:02:43.860+0300] {dag.py:3486} INFO - Setting next_dagrun for example_sensors to None, run_after=None
[2023-10-04T21:02:44.017+0300] {processor.py:179} INFO - Processing /home/paulet/anaconda3/lib/python3.10/site-packages/airflow/example_dags/example_sensors.py took 0.265 seconds
[2023-10-04T21:03:41.549+0300] {processor.py:157} INFO - Started process (PID=22727) to work on /home/paulet/anaconda3/lib/python3.10/site-packages/airflow/example_dags/example_sensors.py
[2023-10-04T21:03:41.551+0300] {processor.py:826} INFO - Processing file /home/paulet/anaconda3/lib/python3.10/site-packages/airflow/example_dags/example_sensors.py for tasks to queue
[2023-10-04T21:03:41.552+0300] {logging_mixin.py:149} INFO - [2023-10-04T21:03:41.551+0300] {dagbag.py:541} INFO - Filling up the DagBag from /home/paulet/anaconda3/lib/python3.10/site-packages/airflow/example_dags/example_sensors.py
[2023-10-04T21:03:41.566+0300] {processor.py:836} INFO - DAG(s) dict_keys(['example_sensors']) retrieved from /home/paulet/anaconda3/lib/python3.10/site-packages/airflow/example_dags/example_sensors.py
[2023-10-04T21:03:41.595+0300] {logging_mixin.py:149} INFO - [2023-10-04T21:03:41.595+0300] {dag.py:2726} INFO - Sync 1 DAGs
[2023-10-04T21:03:41.619+0300] {logging_mixin.py:149} INFO - [2023-10-04T21:03:41.619+0300] {dag.py:3486} INFO - Setting next_dagrun for example_sensors to None, run_after=None
[2023-10-04T21:03:41.732+0300] {processor.py:179} INFO - Processing /home/paulet/anaconda3/lib/python3.10/site-packages/airflow/example_dags/example_sensors.py took 0.188 seconds
[2023-10-04T21:04:38.477+0300] {processor.py:157} INFO - Started process (PID=22801) to work on /home/paulet/anaconda3/lib/python3.10/site-packages/airflow/example_dags/example_sensors.py
[2023-10-04T21:04:38.479+0300] {processor.py:826} INFO - Processing file /home/paulet/anaconda3/lib/python3.10/site-packages/airflow/example_dags/example_sensors.py for tasks to queue
[2023-10-04T21:04:38.480+0300] {logging_mixin.py:149} INFO - [2023-10-04T21:04:38.480+0300] {dagbag.py:541} INFO - Filling up the DagBag from /home/paulet/anaconda3/lib/python3.10/site-packages/airflow/example_dags/example_sensors.py
[2023-10-04T21:04:38.494+0300] {processor.py:836} INFO - DAG(s) dict_keys(['example_sensors']) retrieved from /home/paulet/anaconda3/lib/python3.10/site-packages/airflow/example_dags/example_sensors.py
[2023-10-04T21:04:38.523+0300] {logging_mixin.py:149} INFO - [2023-10-04T21:04:38.523+0300] {dag.py:2726} INFO - Sync 1 DAGs
[2023-10-04T21:04:38.546+0300] {logging_mixin.py:149} INFO - [2023-10-04T21:04:38.546+0300] {dag.py:3486} INFO - Setting next_dagrun for example_sensors to None, run_after=None
[2023-10-04T21:04:38.687+0300] {processor.py:179} INFO - Processing /home/paulet/anaconda3/lib/python3.10/site-packages/airflow/example_dags/example_sensors.py took 0.214 seconds
[2023-10-04T21:05:34.353+0300] {processor.py:157} INFO - Started process (PID=22876) to work on /home/paulet/anaconda3/lib/python3.10/site-packages/airflow/example_dags/example_sensors.py
[2023-10-04T21:05:34.354+0300] {processor.py:826} INFO - Processing file /home/paulet/anaconda3/lib/python3.10/site-packages/airflow/example_dags/example_sensors.py for tasks to queue
[2023-10-04T21:05:34.355+0300] {logging_mixin.py:149} INFO - [2023-10-04T21:05:34.355+0300] {dagbag.py:541} INFO - Filling up the DagBag from /home/paulet/anaconda3/lib/python3.10/site-packages/airflow/example_dags/example_sensors.py
[2023-10-04T21:05:34.366+0300] {processor.py:836} INFO - DAG(s) dict_keys(['example_sensors']) retrieved from /home/paulet/anaconda3/lib/python3.10/site-packages/airflow/example_dags/example_sensors.py
[2023-10-04T21:05:34.393+0300] {logging_mixin.py:149} INFO - [2023-10-04T21:05:34.393+0300] {dag.py:2726} INFO - Sync 1 DAGs
[2023-10-04T21:05:34.416+0300] {logging_mixin.py:149} INFO - [2023-10-04T21:05:34.415+0300] {dag.py:3486} INFO - Setting next_dagrun for example_sensors to None, run_after=None
[2023-10-04T21:05:34.554+0300] {processor.py:179} INFO - Processing /home/paulet/anaconda3/lib/python3.10/site-packages/airflow/example_dags/example_sensors.py took 0.205 seconds
[2023-10-04T21:06:32.820+0300] {processor.py:157} INFO - Started process (PID=22929) to work on /home/paulet/anaconda3/lib/python3.10/site-packages/airflow/example_dags/example_sensors.py
[2023-10-04T21:06:32.822+0300] {processor.py:826} INFO - Processing file /home/paulet/anaconda3/lib/python3.10/site-packages/airflow/example_dags/example_sensors.py for tasks to queue
[2023-10-04T21:06:32.823+0300] {logging_mixin.py:149} INFO - [2023-10-04T21:06:32.822+0300] {dagbag.py:541} INFO - Filling up the DagBag from /home/paulet/anaconda3/lib/python3.10/site-packages/airflow/example_dags/example_sensors.py
[2023-10-04T21:06:32.838+0300] {processor.py:836} INFO - DAG(s) dict_keys(['example_sensors']) retrieved from /home/paulet/anaconda3/lib/python3.10/site-packages/airflow/example_dags/example_sensors.py
[2023-10-04T21:06:32.867+0300] {logging_mixin.py:149} INFO - [2023-10-04T21:06:32.866+0300] {dag.py:2726} INFO - Sync 1 DAGs
[2023-10-04T21:06:32.890+0300] {logging_mixin.py:149} INFO - [2023-10-04T21:06:32.890+0300] {dag.py:3486} INFO - Setting next_dagrun for example_sensors to None, run_after=None
[2023-10-04T21:06:33.028+0300] {processor.py:179} INFO - Processing /home/paulet/anaconda3/lib/python3.10/site-packages/airflow/example_dags/example_sensors.py took 0.212 seconds
[2023-10-04T21:07:25.605+0300] {processor.py:157} INFO - Started process (PID=22978) to work on /home/paulet/anaconda3/lib/python3.10/site-packages/airflow/example_dags/example_sensors.py
[2023-10-04T21:07:25.607+0300] {processor.py:826} INFO - Processing file /home/paulet/anaconda3/lib/python3.10/site-packages/airflow/example_dags/example_sensors.py for tasks to queue
[2023-10-04T21:07:25.608+0300] {logging_mixin.py:149} INFO - [2023-10-04T21:07:25.608+0300] {dagbag.py:541} INFO - Filling up the DagBag from /home/paulet/anaconda3/lib/python3.10/site-packages/airflow/example_dags/example_sensors.py
[2023-10-04T21:07:25.623+0300] {processor.py:836} INFO - DAG(s) dict_keys(['example_sensors']) retrieved from /home/paulet/anaconda3/lib/python3.10/site-packages/airflow/example_dags/example_sensors.py
[2023-10-04T21:07:25.652+0300] {logging_mixin.py:149} INFO - [2023-10-04T21:07:25.652+0300] {dag.py:2726} INFO - Sync 1 DAGs
[2023-10-04T21:07:25.674+0300] {logging_mixin.py:149} INFO - [2023-10-04T21:07:25.674+0300] {dag.py:3486} INFO - Setting next_dagrun for example_sensors to None, run_after=None
[2023-10-04T21:07:25.789+0300] {processor.py:179} INFO - Processing /home/paulet/anaconda3/lib/python3.10/site-packages/airflow/example_dags/example_sensors.py took 0.188 seconds
[2023-10-04T21:08:13.333+0300] {processor.py:157} INFO - Started process (PID=23022) to work on /home/paulet/anaconda3/lib/python3.10/site-packages/airflow/example_dags/example_sensors.py
[2023-10-04T21:08:13.345+0300] {processor.py:826} INFO - Processing file /home/paulet/anaconda3/lib/python3.10/site-packages/airflow/example_dags/example_sensors.py for tasks to queue
[2023-10-04T21:08:13.346+0300] {logging_mixin.py:149} INFO - [2023-10-04T21:08:13.346+0300] {dagbag.py:541} INFO - Filling up the DagBag from /home/paulet/anaconda3/lib/python3.10/site-packages/airflow/example_dags/example_sensors.py
[2023-10-04T21:08:13.361+0300] {processor.py:836} INFO - DAG(s) dict_keys(['example_sensors']) retrieved from /home/paulet/anaconda3/lib/python3.10/site-packages/airflow/example_dags/example_sensors.py
[2023-10-04T21:08:13.391+0300] {logging_mixin.py:149} INFO - [2023-10-04T21:08:13.391+0300] {dag.py:2726} INFO - Sync 1 DAGs
[2023-10-04T21:08:13.414+0300] {logging_mixin.py:149} INFO - [2023-10-04T21:08:13.414+0300] {dag.py:3486} INFO - Setting next_dagrun for example_sensors to None, run_after=None
[2023-10-04T21:08:13.536+0300] {processor.py:179} INFO - Processing /home/paulet/anaconda3/lib/python3.10/site-packages/airflow/example_dags/example_sensors.py took 0.207 seconds
[2023-10-04T21:09:03.592+0300] {processor.py:157} INFO - Started process (PID=23088) to work on /home/paulet/anaconda3/lib/python3.10/site-packages/airflow/example_dags/example_sensors.py
[2023-10-04T21:09:03.593+0300] {processor.py:826} INFO - Processing file /home/paulet/anaconda3/lib/python3.10/site-packages/airflow/example_dags/example_sensors.py for tasks to queue
[2023-10-04T21:09:03.594+0300] {logging_mixin.py:149} INFO - [2023-10-04T21:09:03.594+0300] {dagbag.py:541} INFO - Filling up the DagBag from /home/paulet/anaconda3/lib/python3.10/site-packages/airflow/example_dags/example_sensors.py
[2023-10-04T21:09:03.609+0300] {processor.py:836} INFO - DAG(s) dict_keys(['example_sensors']) retrieved from /home/paulet/anaconda3/lib/python3.10/site-packages/airflow/example_dags/example_sensors.py
[2023-10-04T21:09:03.637+0300] {logging_mixin.py:149} INFO - [2023-10-04T21:09:03.637+0300] {dag.py:2726} INFO - Sync 1 DAGs
[2023-10-04T21:09:03.660+0300] {logging_mixin.py:149} INFO - [2023-10-04T21:09:03.659+0300] {dag.py:3486} INFO - Setting next_dagrun for example_sensors to None, run_after=None
[2023-10-04T21:09:03.768+0300] {processor.py:179} INFO - Processing /home/paulet/anaconda3/lib/python3.10/site-packages/airflow/example_dags/example_sensors.py took 0.181 seconds
[2023-10-04T21:09:55.401+0300] {processor.py:157} INFO - Started process (PID=23176) to work on /home/paulet/anaconda3/lib/python3.10/site-packages/airflow/example_dags/example_sensors.py
[2023-10-04T21:09:55.402+0300] {processor.py:826} INFO - Processing file /home/paulet/anaconda3/lib/python3.10/site-packages/airflow/example_dags/example_sensors.py for tasks to queue
[2023-10-04T21:09:55.403+0300] {logging_mixin.py:149} INFO - [2023-10-04T21:09:55.402+0300] {dagbag.py:541} INFO - Filling up the DagBag from /home/paulet/anaconda3/lib/python3.10/site-packages/airflow/example_dags/example_sensors.py
[2023-10-04T21:09:55.417+0300] {processor.py:836} INFO - DAG(s) dict_keys(['example_sensors']) retrieved from /home/paulet/anaconda3/lib/python3.10/site-packages/airflow/example_dags/example_sensors.py
[2023-10-04T21:09:55.446+0300] {logging_mixin.py:149} INFO - [2023-10-04T21:09:55.446+0300] {dag.py:2726} INFO - Sync 1 DAGs
[2023-10-04T21:09:55.472+0300] {logging_mixin.py:149} INFO - [2023-10-04T21:09:55.472+0300] {dag.py:3486} INFO - Setting next_dagrun for example_sensors to None, run_after=None
[2023-10-04T21:09:55.621+0300] {processor.py:179} INFO - Processing /home/paulet/anaconda3/lib/python3.10/site-packages/airflow/example_dags/example_sensors.py took 0.225 seconds
[2023-10-04T21:10:45.525+0300] {processor.py:157} INFO - Started process (PID=23262) to work on /home/paulet/anaconda3/lib/python3.10/site-packages/airflow/example_dags/example_sensors.py
[2023-10-04T21:10:45.527+0300] {processor.py:826} INFO - Processing file /home/paulet/anaconda3/lib/python3.10/site-packages/airflow/example_dags/example_sensors.py for tasks to queue
[2023-10-04T21:10:45.528+0300] {logging_mixin.py:149} INFO - [2023-10-04T21:10:45.528+0300] {dagbag.py:541} INFO - Filling up the DagBag from /home/paulet/anaconda3/lib/python3.10/site-packages/airflow/example_dags/example_sensors.py
[2023-10-04T21:10:45.540+0300] {processor.py:836} INFO - DAG(s) dict_keys(['example_sensors']) retrieved from /home/paulet/anaconda3/lib/python3.10/site-packages/airflow/example_dags/example_sensors.py
[2023-10-04T21:10:45.569+0300] {logging_mixin.py:149} INFO - [2023-10-04T21:10:45.568+0300] {dag.py:2726} INFO - Sync 1 DAGs
[2023-10-04T21:10:45.594+0300] {logging_mixin.py:149} INFO - [2023-10-04T21:10:45.594+0300] {dag.py:3486} INFO - Setting next_dagrun for example_sensors to None, run_after=None
[2023-10-04T21:10:45.710+0300] {processor.py:179} INFO - Processing /home/paulet/anaconda3/lib/python3.10/site-packages/airflow/example_dags/example_sensors.py took 0.189 seconds
[2023-10-04T21:51:57.365+0300] {processor.py:157} INFO - Started process (PID=26939) to work on /home/paulet/anaconda3/lib/python3.10/site-packages/airflow/example_dags/example_sensors.py
[2023-10-04T21:51:57.366+0300] {processor.py:826} INFO - Processing file /home/paulet/anaconda3/lib/python3.10/site-packages/airflow/example_dags/example_sensors.py for tasks to queue
[2023-10-04T21:51:57.368+0300] {logging_mixin.py:149} INFO - [2023-10-04T21:51:57.367+0300] {dagbag.py:541} INFO - Filling up the DagBag from /home/paulet/anaconda3/lib/python3.10/site-packages/airflow/example_dags/example_sensors.py
[2023-10-04T21:51:57.387+0300] {processor.py:836} INFO - DAG(s) dict_keys(['example_sensors']) retrieved from /home/paulet/anaconda3/lib/python3.10/site-packages/airflow/example_dags/example_sensors.py
[2023-10-04T21:51:57.427+0300] {logging_mixin.py:149} INFO - [2023-10-04T21:51:57.427+0300] {dag.py:2726} INFO - Sync 1 DAGs
[2023-10-04T21:51:57.459+0300] {logging_mixin.py:149} INFO - [2023-10-04T21:51:57.459+0300] {dag.py:3486} INFO - Setting next_dagrun for example_sensors to None, run_after=None
[2023-10-04T21:51:57.737+0300] {processor.py:179} INFO - Processing /home/paulet/anaconda3/lib/python3.10/site-packages/airflow/example_dags/example_sensors.py took 0.376 seconds
[2023-10-04T21:52:56.960+0300] {processor.py:157} INFO - Started process (PID=27037) to work on /home/paulet/anaconda3/lib/python3.10/site-packages/airflow/example_dags/example_sensors.py
[2023-10-04T21:52:56.983+0300] {processor.py:826} INFO - Processing file /home/paulet/anaconda3/lib/python3.10/site-packages/airflow/example_dags/example_sensors.py for tasks to queue
[2023-10-04T21:52:56.984+0300] {logging_mixin.py:149} INFO - [2023-10-04T21:52:56.984+0300] {dagbag.py:541} INFO - Filling up the DagBag from /home/paulet/anaconda3/lib/python3.10/site-packages/airflow/example_dags/example_sensors.py
[2023-10-04T21:52:56.996+0300] {processor.py:836} INFO - DAG(s) dict_keys(['example_sensors']) retrieved from /home/paulet/anaconda3/lib/python3.10/site-packages/airflow/example_dags/example_sensors.py
[2023-10-04T21:52:57.024+0300] {logging_mixin.py:149} INFO - [2023-10-04T21:52:57.023+0300] {dag.py:2726} INFO - Sync 1 DAGs
[2023-10-04T21:52:57.048+0300] {logging_mixin.py:149} INFO - [2023-10-04T21:52:57.048+0300] {dag.py:3486} INFO - Setting next_dagrun for example_sensors to None, run_after=None
[2023-10-04T21:52:57.202+0300] {processor.py:179} INFO - Processing /home/paulet/anaconda3/lib/python3.10/site-packages/airflow/example_dags/example_sensors.py took 0.246 seconds
[2023-10-04T21:53:58.598+0300] {processor.py:157} INFO - Started process (PID=27105) to work on /home/paulet/anaconda3/lib/python3.10/site-packages/airflow/example_dags/example_sensors.py
[2023-10-04T21:53:58.599+0300] {processor.py:826} INFO - Processing file /home/paulet/anaconda3/lib/python3.10/site-packages/airflow/example_dags/example_sensors.py for tasks to queue
[2023-10-04T21:53:58.601+0300] {logging_mixin.py:149} INFO - [2023-10-04T21:53:58.600+0300] {dagbag.py:541} INFO - Filling up the DagBag from /home/paulet/anaconda3/lib/python3.10/site-packages/airflow/example_dags/example_sensors.py
[2023-10-04T21:53:58.618+0300] {processor.py:836} INFO - DAG(s) dict_keys(['example_sensors']) retrieved from /home/paulet/anaconda3/lib/python3.10/site-packages/airflow/example_dags/example_sensors.py
[2023-10-04T21:53:58.664+0300] {logging_mixin.py:149} INFO - [2023-10-04T21:53:58.664+0300] {dag.py:2726} INFO - Sync 1 DAGs
[2023-10-04T21:53:58.706+0300] {logging_mixin.py:149} INFO - [2023-10-04T21:53:58.706+0300] {dag.py:3486} INFO - Setting next_dagrun for example_sensors to None, run_after=None
[2023-10-04T21:53:58.927+0300] {processor.py:179} INFO - Processing /home/paulet/anaconda3/lib/python3.10/site-packages/airflow/example_dags/example_sensors.py took 0.334 seconds
[2023-10-04T21:54:57.512+0300] {processor.py:157} INFO - Started process (PID=27189) to work on /home/paulet/anaconda3/lib/python3.10/site-packages/airflow/example_dags/example_sensors.py
[2023-10-04T21:54:57.546+0300] {processor.py:826} INFO - Processing file /home/paulet/anaconda3/lib/python3.10/site-packages/airflow/example_dags/example_sensors.py for tasks to queue
[2023-10-04T21:54:57.547+0300] {logging_mixin.py:149} INFO - [2023-10-04T21:54:57.547+0300] {dagbag.py:541} INFO - Filling up the DagBag from /home/paulet/anaconda3/lib/python3.10/site-packages/airflow/example_dags/example_sensors.py
[2023-10-04T21:54:57.563+0300] {processor.py:836} INFO - DAG(s) dict_keys(['example_sensors']) retrieved from /home/paulet/anaconda3/lib/python3.10/site-packages/airflow/example_dags/example_sensors.py
[2023-10-04T21:54:57.599+0300] {logging_mixin.py:149} INFO - [2023-10-04T21:54:57.598+0300] {dag.py:2726} INFO - Sync 1 DAGs
[2023-10-04T21:54:57.625+0300] {logging_mixin.py:149} INFO - [2023-10-04T21:54:57.625+0300] {dag.py:3486} INFO - Setting next_dagrun for example_sensors to None, run_after=None
[2023-10-04T21:54:57.785+0300] {processor.py:179} INFO - Processing /home/paulet/anaconda3/lib/python3.10/site-packages/airflow/example_dags/example_sensors.py took 0.277 seconds
[2023-10-04T21:55:59.608+0300] {processor.py:157} INFO - Started process (PID=27370) to work on /home/paulet/anaconda3/lib/python3.10/site-packages/airflow/example_dags/example_sensors.py
[2023-10-04T21:55:59.715+0300] {processor.py:826} INFO - Processing file /home/paulet/anaconda3/lib/python3.10/site-packages/airflow/example_dags/example_sensors.py for tasks to queue
[2023-10-04T21:55:59.717+0300] {logging_mixin.py:149} INFO - [2023-10-04T21:55:59.716+0300] {dagbag.py:541} INFO - Filling up the DagBag from /home/paulet/anaconda3/lib/python3.10/site-packages/airflow/example_dags/example_sensors.py
[2023-10-04T21:55:59.739+0300] {processor.py:836} INFO - DAG(s) dict_keys(['example_sensors']) retrieved from /home/paulet/anaconda3/lib/python3.10/site-packages/airflow/example_dags/example_sensors.py
[2023-10-04T21:55:59.774+0300] {logging_mixin.py:149} INFO - [2023-10-04T21:55:59.774+0300] {dag.py:2726} INFO - Sync 1 DAGs
[2023-10-04T21:55:59.799+0300] {logging_mixin.py:149} INFO - [2023-10-04T21:55:59.799+0300] {dag.py:3486} INFO - Setting next_dagrun for example_sensors to None, run_after=None
[2023-10-04T21:56:00.506+0300] {processor.py:179} INFO - Processing /home/paulet/anaconda3/lib/python3.10/site-packages/airflow/example_dags/example_sensors.py took 0.901 seconds
