[2023-10-04T18:09:25.793+0300] {processor.py:157} INFO - Started process (PID=14108) to work on /home/paulet/anaconda3/lib/python3.10/site-packages/airflow/example_dags/example_sensor_decorator.py
[2023-10-04T18:09:25.794+0300] {processor.py:826} INFO - Processing file /home/paulet/anaconda3/lib/python3.10/site-packages/airflow/example_dags/example_sensor_decorator.py for tasks to queue
[2023-10-04T18:09:25.795+0300] {logging_mixin.py:149} INFO - [2023-10-04T18:09:25.794+0300] {dagbag.py:541} INFO - Filling up the DagBag from /home/paulet/anaconda3/lib/python3.10/site-packages/airflow/example_dags/example_sensor_decorator.py
[2023-10-04T18:09:25.806+0300] {processor.py:836} INFO - DAG(s) dict_keys(['example_sensor_decorator']) retrieved from /home/paulet/anaconda3/lib/python3.10/site-packages/airflow/example_dags/example_sensor_decorator.py
[2023-10-04T18:09:26.256+0300] {logging_mixin.py:149} INFO - [2023-10-04T18:09:26.256+0300] {manager.py:504} INFO - Created Permission View: can edit on DAG:example_sensor_decorator
[2023-10-04T18:09:26.396+0300] {logging_mixin.py:149} INFO - [2023-10-04T18:09:26.395+0300] {manager.py:504} INFO - Created Permission View: can read on DAG:example_sensor_decorator
[2023-10-04T18:09:26.550+0300] {logging_mixin.py:149} INFO - [2023-10-04T18:09:26.549+0300] {manager.py:504} INFO - Created Permission View: can delete on DAG:example_sensor_decorator
[2023-10-04T18:09:26.550+0300] {logging_mixin.py:149} INFO - [2023-10-04T18:09:26.550+0300] {dag.py:2726} INFO - Sync 1 DAGs
[2023-10-04T18:09:26.675+0300] {logging_mixin.py:149} INFO - [2023-10-04T18:09:26.675+0300] {dag.py:2747} INFO - Creating ORM DAG for example_sensor_decorator
[2023-10-04T18:09:27.032+0300] {logging_mixin.py:149} INFO - [2023-10-04T18:09:27.032+0300] {dag.py:3486} INFO - Setting next_dagrun for example_sensor_decorator to None, run_after=None
[2023-10-04T18:09:27.254+0300] {processor.py:179} INFO - Processing /home/paulet/anaconda3/lib/python3.10/site-packages/airflow/example_dags/example_sensor_decorator.py took 1.466 seconds
[2023-10-04T18:11:05.300+0300] {processor.py:157} INFO - Started process (PID=14625) to work on /home/paulet/anaconda3/lib/python3.10/site-packages/airflow/example_dags/example_sensor_decorator.py
[2023-10-04T18:11:05.362+0300] {processor.py:826} INFO - Processing file /home/paulet/anaconda3/lib/python3.10/site-packages/airflow/example_dags/example_sensor_decorator.py for tasks to queue
[2023-10-04T18:11:05.363+0300] {logging_mixin.py:149} INFO - [2023-10-04T18:11:05.363+0300] {dagbag.py:541} INFO - Filling up the DagBag from /home/paulet/anaconda3/lib/python3.10/site-packages/airflow/example_dags/example_sensor_decorator.py
[2023-10-04T18:11:05.374+0300] {processor.py:836} INFO - DAG(s) dict_keys(['example_sensor_decorator']) retrieved from /home/paulet/anaconda3/lib/python3.10/site-packages/airflow/example_dags/example_sensor_decorator.py
[2023-10-04T18:11:05.401+0300] {logging_mixin.py:149} INFO - [2023-10-04T18:11:05.401+0300] {dag.py:2726} INFO - Sync 1 DAGs
[2023-10-04T18:11:05.428+0300] {logging_mixin.py:149} INFO - [2023-10-04T18:11:05.428+0300] {dag.py:3486} INFO - Setting next_dagrun for example_sensor_decorator to None, run_after=None
[2023-10-04T18:11:05.641+0300] {processor.py:179} INFO - Processing /home/paulet/anaconda3/lib/python3.10/site-packages/airflow/example_dags/example_sensor_decorator.py took 0.345 seconds
[2023-10-04T18:12:53.732+0300] {processor.py:157} INFO - Started process (PID=15176) to work on /home/paulet/anaconda3/lib/python3.10/site-packages/airflow/example_dags/example_sensor_decorator.py
[2023-10-04T18:12:53.756+0300] {processor.py:826} INFO - Processing file /home/paulet/anaconda3/lib/python3.10/site-packages/airflow/example_dags/example_sensor_decorator.py for tasks to queue
[2023-10-04T18:12:53.757+0300] {logging_mixin.py:149} INFO - [2023-10-04T18:12:53.757+0300] {dagbag.py:541} INFO - Filling up the DagBag from /home/paulet/anaconda3/lib/python3.10/site-packages/airflow/example_dags/example_sensor_decorator.py
[2023-10-04T18:12:53.767+0300] {processor.py:836} INFO - DAG(s) dict_keys(['example_sensor_decorator']) retrieved from /home/paulet/anaconda3/lib/python3.10/site-packages/airflow/example_dags/example_sensor_decorator.py
[2023-10-04T18:12:53.792+0300] {logging_mixin.py:149} INFO - [2023-10-04T18:12:53.792+0300] {dag.py:2726} INFO - Sync 1 DAGs
[2023-10-04T18:12:53.816+0300] {logging_mixin.py:149} INFO - [2023-10-04T18:12:53.816+0300] {dag.py:3486} INFO - Setting next_dagrun for example_sensor_decorator to None, run_after=None
[2023-10-04T18:12:54.007+0300] {processor.py:179} INFO - Processing /home/paulet/anaconda3/lib/python3.10/site-packages/airflow/example_dags/example_sensor_decorator.py took 0.279 seconds
[2023-10-04T18:14:41.345+0300] {processor.py:157} INFO - Started process (PID=16053) to work on /home/paulet/anaconda3/lib/python3.10/site-packages/airflow/example_dags/example_sensor_decorator.py
[2023-10-04T18:14:41.346+0300] {processor.py:826} INFO - Processing file /home/paulet/anaconda3/lib/python3.10/site-packages/airflow/example_dags/example_sensor_decorator.py for tasks to queue
[2023-10-04T18:14:41.347+0300] {logging_mixin.py:149} INFO - [2023-10-04T18:14:41.347+0300] {dagbag.py:541} INFO - Filling up the DagBag from /home/paulet/anaconda3/lib/python3.10/site-packages/airflow/example_dags/example_sensor_decorator.py
[2023-10-04T18:14:41.357+0300] {processor.py:836} INFO - DAG(s) dict_keys(['example_sensor_decorator']) retrieved from /home/paulet/anaconda3/lib/python3.10/site-packages/airflow/example_dags/example_sensor_decorator.py
[2023-10-04T18:14:41.381+0300] {logging_mixin.py:149} INFO - [2023-10-04T18:14:41.381+0300] {dag.py:2726} INFO - Sync 1 DAGs
[2023-10-04T18:14:41.409+0300] {logging_mixin.py:149} INFO - [2023-10-04T18:14:41.408+0300] {dag.py:3486} INFO - Setting next_dagrun for example_sensor_decorator to None, run_after=None
[2023-10-04T18:14:41.542+0300] {processor.py:179} INFO - Processing /home/paulet/anaconda3/lib/python3.10/site-packages/airflow/example_dags/example_sensor_decorator.py took 0.201 seconds
[2023-10-04T18:15:36.563+0300] {processor.py:157} INFO - Started process (PID=16110) to work on /home/paulet/anaconda3/lib/python3.10/site-packages/airflow/example_dags/example_sensor_decorator.py
[2023-10-04T18:15:36.584+0300] {processor.py:826} INFO - Processing file /home/paulet/anaconda3/lib/python3.10/site-packages/airflow/example_dags/example_sensor_decorator.py for tasks to queue
[2023-10-04T18:15:36.585+0300] {logging_mixin.py:149} INFO - [2023-10-04T18:15:36.585+0300] {dagbag.py:541} INFO - Filling up the DagBag from /home/paulet/anaconda3/lib/python3.10/site-packages/airflow/example_dags/example_sensor_decorator.py
[2023-10-04T18:15:36.597+0300] {processor.py:836} INFO - DAG(s) dict_keys(['example_sensor_decorator']) retrieved from /home/paulet/anaconda3/lib/python3.10/site-packages/airflow/example_dags/example_sensor_decorator.py
[2023-10-04T18:15:36.622+0300] {logging_mixin.py:149} INFO - [2023-10-04T18:15:36.622+0300] {dag.py:2726} INFO - Sync 1 DAGs
[2023-10-04T18:15:36.648+0300] {logging_mixin.py:149} INFO - [2023-10-04T18:15:36.648+0300] {dag.py:3486} INFO - Setting next_dagrun for example_sensor_decorator to None, run_after=None
[2023-10-04T18:15:36.758+0300] {processor.py:179} INFO - Processing /home/paulet/anaconda3/lib/python3.10/site-packages/airflow/example_dags/example_sensor_decorator.py took 0.199 seconds
[2023-10-04T18:16:34.855+0300] {processor.py:157} INFO - Started process (PID=16169) to work on /home/paulet/anaconda3/lib/python3.10/site-packages/airflow/example_dags/example_sensor_decorator.py
[2023-10-04T18:16:35.255+0300] {processor.py:826} INFO - Processing file /home/paulet/anaconda3/lib/python3.10/site-packages/airflow/example_dags/example_sensor_decorator.py for tasks to queue
[2023-10-04T18:16:35.257+0300] {logging_mixin.py:149} INFO - [2023-10-04T18:16:35.256+0300] {dagbag.py:541} INFO - Filling up the DagBag from /home/paulet/anaconda3/lib/python3.10/site-packages/airflow/example_dags/example_sensor_decorator.py
[2023-10-04T18:16:35.268+0300] {processor.py:836} INFO - DAG(s) dict_keys(['example_sensor_decorator']) retrieved from /home/paulet/anaconda3/lib/python3.10/site-packages/airflow/example_dags/example_sensor_decorator.py
[2023-10-04T18:16:35.303+0300] {logging_mixin.py:149} INFO - [2023-10-04T18:16:35.303+0300] {dag.py:2726} INFO - Sync 1 DAGs
[2023-10-04T18:16:35.340+0300] {logging_mixin.py:149} INFO - [2023-10-04T18:16:35.339+0300] {dag.py:3486} INFO - Setting next_dagrun for example_sensor_decorator to None, run_after=None
[2023-10-04T18:16:35.611+0300] {processor.py:179} INFO - Processing /home/paulet/anaconda3/lib/python3.10/site-packages/airflow/example_dags/example_sensor_decorator.py took 0.760 seconds
[2023-10-04T18:17:34.340+0300] {processor.py:157} INFO - Started process (PID=16241) to work on /home/paulet/anaconda3/lib/python3.10/site-packages/airflow/example_dags/example_sensor_decorator.py
[2023-10-04T18:17:34.364+0300] {processor.py:826} INFO - Processing file /home/paulet/anaconda3/lib/python3.10/site-packages/airflow/example_dags/example_sensor_decorator.py for tasks to queue
[2023-10-04T18:17:34.365+0300] {logging_mixin.py:149} INFO - [2023-10-04T18:17:34.365+0300] {dagbag.py:541} INFO - Filling up the DagBag from /home/paulet/anaconda3/lib/python3.10/site-packages/airflow/example_dags/example_sensor_decorator.py
[2023-10-04T18:17:34.376+0300] {processor.py:836} INFO - DAG(s) dict_keys(['example_sensor_decorator']) retrieved from /home/paulet/anaconda3/lib/python3.10/site-packages/airflow/example_dags/example_sensor_decorator.py
[2023-10-04T18:17:34.402+0300] {logging_mixin.py:149} INFO - [2023-10-04T18:17:34.402+0300] {dag.py:2726} INFO - Sync 1 DAGs
[2023-10-04T18:17:34.427+0300] {logging_mixin.py:149} INFO - [2023-10-04T18:17:34.427+0300] {dag.py:3486} INFO - Setting next_dagrun for example_sensor_decorator to None, run_after=None
[2023-10-04T18:17:34.664+0300] {processor.py:179} INFO - Processing /home/paulet/anaconda3/lib/python3.10/site-packages/airflow/example_dags/example_sensor_decorator.py took 0.328 seconds
[2023-10-04T21:00:37.361+0300] {processor.py:157} INFO - Started process (PID=22433) to work on /home/paulet/anaconda3/lib/python3.10/site-packages/airflow/example_dags/example_sensor_decorator.py
[2023-10-04T21:00:37.390+0300] {processor.py:826} INFO - Processing file /home/paulet/anaconda3/lib/python3.10/site-packages/airflow/example_dags/example_sensor_decorator.py for tasks to queue
[2023-10-04T21:00:37.391+0300] {logging_mixin.py:149} INFO - [2023-10-04T21:00:37.391+0300] {dagbag.py:541} INFO - Filling up the DagBag from /home/paulet/anaconda3/lib/python3.10/site-packages/airflow/example_dags/example_sensor_decorator.py
[2023-10-04T21:00:37.404+0300] {processor.py:836} INFO - DAG(s) dict_keys(['example_sensor_decorator']) retrieved from /home/paulet/anaconda3/lib/python3.10/site-packages/airflow/example_dags/example_sensor_decorator.py
[2023-10-04T21:00:37.433+0300] {logging_mixin.py:149} INFO - [2023-10-04T21:00:37.433+0300] {dag.py:2726} INFO - Sync 1 DAGs
[2023-10-04T21:00:37.457+0300] {logging_mixin.py:149} INFO - [2023-10-04T21:00:37.456+0300] {dag.py:3486} INFO - Setting next_dagrun for example_sensor_decorator to None, run_after=None
[2023-10-04T21:00:37.619+0300] {processor.py:179} INFO - Processing /home/paulet/anaconda3/lib/python3.10/site-packages/airflow/example_dags/example_sensor_decorator.py took 0.263 seconds
[2023-10-04T21:01:45.419+0300] {processor.py:157} INFO - Started process (PID=22614) to work on /home/paulet/anaconda3/lib/python3.10/site-packages/airflow/example_dags/example_sensor_decorator.py
[2023-10-04T21:01:45.420+0300] {processor.py:826} INFO - Processing file /home/paulet/anaconda3/lib/python3.10/site-packages/airflow/example_dags/example_sensor_decorator.py for tasks to queue
[2023-10-04T21:01:45.421+0300] {logging_mixin.py:149} INFO - [2023-10-04T21:01:45.421+0300] {dagbag.py:541} INFO - Filling up the DagBag from /home/paulet/anaconda3/lib/python3.10/site-packages/airflow/example_dags/example_sensor_decorator.py
[2023-10-04T21:01:45.432+0300] {processor.py:836} INFO - DAG(s) dict_keys(['example_sensor_decorator']) retrieved from /home/paulet/anaconda3/lib/python3.10/site-packages/airflow/example_dags/example_sensor_decorator.py
[2023-10-04T21:01:45.456+0300] {logging_mixin.py:149} INFO - [2023-10-04T21:01:45.456+0300] {dag.py:2726} INFO - Sync 1 DAGs
[2023-10-04T21:01:45.479+0300] {logging_mixin.py:149} INFO - [2023-10-04T21:01:45.479+0300] {dag.py:3486} INFO - Setting next_dagrun for example_sensor_decorator to None, run_after=None
[2023-10-04T21:01:45.618+0300] {processor.py:179} INFO - Processing /home/paulet/anaconda3/lib/python3.10/site-packages/airflow/example_dags/example_sensor_decorator.py took 0.204 seconds
[2023-10-04T21:02:48.048+0300] {processor.py:157} INFO - Started process (PID=22679) to work on /home/paulet/anaconda3/lib/python3.10/site-packages/airflow/example_dags/example_sensor_decorator.py
[2023-10-04T21:02:48.050+0300] {processor.py:826} INFO - Processing file /home/paulet/anaconda3/lib/python3.10/site-packages/airflow/example_dags/example_sensor_decorator.py for tasks to queue
[2023-10-04T21:02:48.051+0300] {logging_mixin.py:149} INFO - [2023-10-04T21:02:48.051+0300] {dagbag.py:541} INFO - Filling up the DagBag from /home/paulet/anaconda3/lib/python3.10/site-packages/airflow/example_dags/example_sensor_decorator.py
[2023-10-04T21:02:48.062+0300] {processor.py:836} INFO - DAG(s) dict_keys(['example_sensor_decorator']) retrieved from /home/paulet/anaconda3/lib/python3.10/site-packages/airflow/example_dags/example_sensor_decorator.py
[2023-10-04T21:02:48.085+0300] {logging_mixin.py:149} INFO - [2023-10-04T21:02:48.085+0300] {dag.py:2726} INFO - Sync 1 DAGs
[2023-10-04T21:02:48.108+0300] {logging_mixin.py:149} INFO - [2023-10-04T21:02:48.108+0300] {dag.py:3486} INFO - Setting next_dagrun for example_sensor_decorator to None, run_after=None
[2023-10-04T21:02:48.252+0300] {processor.py:179} INFO - Processing /home/paulet/anaconda3/lib/python3.10/site-packages/airflow/example_dags/example_sensor_decorator.py took 0.208 seconds
[2023-10-04T21:03:45.676+0300] {processor.py:157} INFO - Started process (PID=22730) to work on /home/paulet/anaconda3/lib/python3.10/site-packages/airflow/example_dags/example_sensor_decorator.py
[2023-10-04T21:03:45.678+0300] {processor.py:826} INFO - Processing file /home/paulet/anaconda3/lib/python3.10/site-packages/airflow/example_dags/example_sensor_decorator.py for tasks to queue
[2023-10-04T21:03:45.679+0300] {logging_mixin.py:149} INFO - [2023-10-04T21:03:45.678+0300] {dagbag.py:541} INFO - Filling up the DagBag from /home/paulet/anaconda3/lib/python3.10/site-packages/airflow/example_dags/example_sensor_decorator.py
[2023-10-04T21:03:45.689+0300] {processor.py:836} INFO - DAG(s) dict_keys(['example_sensor_decorator']) retrieved from /home/paulet/anaconda3/lib/python3.10/site-packages/airflow/example_dags/example_sensor_decorator.py
[2023-10-04T21:03:45.712+0300] {logging_mixin.py:149} INFO - [2023-10-04T21:03:45.712+0300] {dag.py:2726} INFO - Sync 1 DAGs
[2023-10-04T21:03:45.735+0300] {logging_mixin.py:149} INFO - [2023-10-04T21:03:45.735+0300] {dag.py:3486} INFO - Setting next_dagrun for example_sensor_decorator to None, run_after=None
[2023-10-04T21:03:45.879+0300] {processor.py:179} INFO - Processing /home/paulet/anaconda3/lib/python3.10/site-packages/airflow/example_dags/example_sensor_decorator.py took 0.208 seconds
[2023-10-04T21:04:42.604+0300] {processor.py:157} INFO - Started process (PID=22804) to work on /home/paulet/anaconda3/lib/python3.10/site-packages/airflow/example_dags/example_sensor_decorator.py
[2023-10-04T21:04:42.606+0300] {processor.py:826} INFO - Processing file /home/paulet/anaconda3/lib/python3.10/site-packages/airflow/example_dags/example_sensor_decorator.py for tasks to queue
[2023-10-04T21:04:42.606+0300] {logging_mixin.py:149} INFO - [2023-10-04T21:04:42.606+0300] {dagbag.py:541} INFO - Filling up the DagBag from /home/paulet/anaconda3/lib/python3.10/site-packages/airflow/example_dags/example_sensor_decorator.py
[2023-10-04T21:04:42.614+0300] {processor.py:836} INFO - DAG(s) dict_keys(['example_sensor_decorator']) retrieved from /home/paulet/anaconda3/lib/python3.10/site-packages/airflow/example_dags/example_sensor_decorator.py
[2023-10-04T21:04:42.637+0300] {logging_mixin.py:149} INFO - [2023-10-04T21:04:42.637+0300] {dag.py:2726} INFO - Sync 1 DAGs
[2023-10-04T21:04:42.660+0300] {logging_mixin.py:149} INFO - [2023-10-04T21:04:42.660+0300] {dag.py:3486} INFO - Setting next_dagrun for example_sensor_decorator to None, run_after=None
[2023-10-04T21:04:42.870+0300] {processor.py:179} INFO - Processing /home/paulet/anaconda3/lib/python3.10/site-packages/airflow/example_dags/example_sensor_decorator.py took 0.269 seconds
[2023-10-04T21:05:38.349+0300] {processor.py:157} INFO - Started process (PID=22881) to work on /home/paulet/anaconda3/lib/python3.10/site-packages/airflow/example_dags/example_sensor_decorator.py
[2023-10-04T21:05:38.350+0300] {processor.py:826} INFO - Processing file /home/paulet/anaconda3/lib/python3.10/site-packages/airflow/example_dags/example_sensor_decorator.py for tasks to queue
[2023-10-04T21:05:38.351+0300] {logging_mixin.py:149} INFO - [2023-10-04T21:05:38.351+0300] {dagbag.py:541} INFO - Filling up the DagBag from /home/paulet/anaconda3/lib/python3.10/site-packages/airflow/example_dags/example_sensor_decorator.py
[2023-10-04T21:05:38.360+0300] {processor.py:836} INFO - DAG(s) dict_keys(['example_sensor_decorator']) retrieved from /home/paulet/anaconda3/lib/python3.10/site-packages/airflow/example_dags/example_sensor_decorator.py
[2023-10-04T21:05:38.382+0300] {logging_mixin.py:149} INFO - [2023-10-04T21:05:38.381+0300] {dag.py:2726} INFO - Sync 1 DAGs
[2023-10-04T21:05:38.404+0300] {logging_mixin.py:149} INFO - [2023-10-04T21:05:38.404+0300] {dag.py:3486} INFO - Setting next_dagrun for example_sensor_decorator to None, run_after=None
[2023-10-04T21:05:38.543+0300] {processor.py:179} INFO - Processing /home/paulet/anaconda3/lib/python3.10/site-packages/airflow/example_dags/example_sensor_decorator.py took 0.199 seconds
[2023-10-04T21:06:37.072+0300] {processor.py:157} INFO - Started process (PID=22932) to work on /home/paulet/anaconda3/lib/python3.10/site-packages/airflow/example_dags/example_sensor_decorator.py
[2023-10-04T21:06:37.073+0300] {processor.py:826} INFO - Processing file /home/paulet/anaconda3/lib/python3.10/site-packages/airflow/example_dags/example_sensor_decorator.py for tasks to queue
[2023-10-04T21:06:37.074+0300] {logging_mixin.py:149} INFO - [2023-10-04T21:06:37.074+0300] {dagbag.py:541} INFO - Filling up the DagBag from /home/paulet/anaconda3/lib/python3.10/site-packages/airflow/example_dags/example_sensor_decorator.py
[2023-10-04T21:06:37.084+0300] {processor.py:836} INFO - DAG(s) dict_keys(['example_sensor_decorator']) retrieved from /home/paulet/anaconda3/lib/python3.10/site-packages/airflow/example_dags/example_sensor_decorator.py
[2023-10-04T21:06:37.107+0300] {logging_mixin.py:149} INFO - [2023-10-04T21:06:37.107+0300] {dag.py:2726} INFO - Sync 1 DAGs
[2023-10-04T21:06:37.129+0300] {logging_mixin.py:149} INFO - [2023-10-04T21:06:37.129+0300] {dag.py:3486} INFO - Setting next_dagrun for example_sensor_decorator to None, run_after=None
[2023-10-04T21:06:37.259+0300] {processor.py:179} INFO - Processing /home/paulet/anaconda3/lib/python3.10/site-packages/airflow/example_dags/example_sensor_decorator.py took 0.192 seconds
[2023-10-04T21:07:29.396+0300] {processor.py:157} INFO - Started process (PID=22981) to work on /home/paulet/anaconda3/lib/python3.10/site-packages/airflow/example_dags/example_sensor_decorator.py
[2023-10-04T21:07:29.398+0300] {processor.py:826} INFO - Processing file /home/paulet/anaconda3/lib/python3.10/site-packages/airflow/example_dags/example_sensor_decorator.py for tasks to queue
[2023-10-04T21:07:29.399+0300] {logging_mixin.py:149} INFO - [2023-10-04T21:07:29.399+0300] {dagbag.py:541} INFO - Filling up the DagBag from /home/paulet/anaconda3/lib/python3.10/site-packages/airflow/example_dags/example_sensor_decorator.py
[2023-10-04T21:07:29.409+0300] {processor.py:836} INFO - DAG(s) dict_keys(['example_sensor_decorator']) retrieved from /home/paulet/anaconda3/lib/python3.10/site-packages/airflow/example_dags/example_sensor_decorator.py
[2023-10-04T21:07:29.433+0300] {logging_mixin.py:149} INFO - [2023-10-04T21:07:29.432+0300] {dag.py:2726} INFO - Sync 1 DAGs
[2023-10-04T21:07:29.458+0300] {logging_mixin.py:149} INFO - [2023-10-04T21:07:29.458+0300] {dag.py:3486} INFO - Setting next_dagrun for example_sensor_decorator to None, run_after=None
[2023-10-04T21:07:29.582+0300] {processor.py:179} INFO - Processing /home/paulet/anaconda3/lib/python3.10/site-packages/airflow/example_dags/example_sensor_decorator.py took 0.190 seconds
[2023-10-04T21:08:16.129+0300] {processor.py:157} INFO - Started process (PID=23026) to work on /home/paulet/anaconda3/lib/python3.10/site-packages/airflow/example_dags/example_sensor_decorator.py
[2023-10-04T21:08:16.158+0300] {processor.py:826} INFO - Processing file /home/paulet/anaconda3/lib/python3.10/site-packages/airflow/example_dags/example_sensor_decorator.py for tasks to queue
[2023-10-04T21:08:16.159+0300] {logging_mixin.py:149} INFO - [2023-10-04T21:08:16.159+0300] {dagbag.py:541} INFO - Filling up the DagBag from /home/paulet/anaconda3/lib/python3.10/site-packages/airflow/example_dags/example_sensor_decorator.py
[2023-10-04T21:08:16.170+0300] {processor.py:836} INFO - DAG(s) dict_keys(['example_sensor_decorator']) retrieved from /home/paulet/anaconda3/lib/python3.10/site-packages/airflow/example_dags/example_sensor_decorator.py
[2023-10-04T21:08:16.195+0300] {logging_mixin.py:149} INFO - [2023-10-04T21:08:16.195+0300] {dag.py:2726} INFO - Sync 1 DAGs
[2023-10-04T21:08:16.221+0300] {logging_mixin.py:149} INFO - [2023-10-04T21:08:16.221+0300] {dag.py:3486} INFO - Setting next_dagrun for example_sensor_decorator to None, run_after=None
[2023-10-04T21:08:16.371+0300] {processor.py:179} INFO - Processing /home/paulet/anaconda3/lib/python3.10/site-packages/airflow/example_dags/example_sensor_decorator.py took 0.246 seconds
[2023-10-04T21:09:07.751+0300] {processor.py:157} INFO - Started process (PID=23091) to work on /home/paulet/anaconda3/lib/python3.10/site-packages/airflow/example_dags/example_sensor_decorator.py
[2023-10-04T21:09:07.752+0300] {processor.py:826} INFO - Processing file /home/paulet/anaconda3/lib/python3.10/site-packages/airflow/example_dags/example_sensor_decorator.py for tasks to queue
[2023-10-04T21:09:07.753+0300] {logging_mixin.py:149} INFO - [2023-10-04T21:09:07.753+0300] {dagbag.py:541} INFO - Filling up the DagBag from /home/paulet/anaconda3/lib/python3.10/site-packages/airflow/example_dags/example_sensor_decorator.py
[2023-10-04T21:09:07.761+0300] {processor.py:836} INFO - DAG(s) dict_keys(['example_sensor_decorator']) retrieved from /home/paulet/anaconda3/lib/python3.10/site-packages/airflow/example_dags/example_sensor_decorator.py
[2023-10-04T21:09:07.783+0300] {logging_mixin.py:149} INFO - [2023-10-04T21:09:07.782+0300] {dag.py:2726} INFO - Sync 1 DAGs
[2023-10-04T21:09:07.805+0300] {logging_mixin.py:149} INFO - [2023-10-04T21:09:07.805+0300] {dag.py:3486} INFO - Setting next_dagrun for example_sensor_decorator to None, run_after=None
[2023-10-04T21:09:07.942+0300] {processor.py:179} INFO - Processing /home/paulet/anaconda3/lib/python3.10/site-packages/airflow/example_dags/example_sensor_decorator.py took 0.194 seconds
[2023-10-04T21:09:59.707+0300] {processor.py:157} INFO - Started process (PID=23179) to work on /home/paulet/anaconda3/lib/python3.10/site-packages/airflow/example_dags/example_sensor_decorator.py
[2023-10-04T21:09:59.709+0300] {processor.py:826} INFO - Processing file /home/paulet/anaconda3/lib/python3.10/site-packages/airflow/example_dags/example_sensor_decorator.py for tasks to queue
[2023-10-04T21:09:59.710+0300] {logging_mixin.py:149} INFO - [2023-10-04T21:09:59.710+0300] {dagbag.py:541} INFO - Filling up the DagBag from /home/paulet/anaconda3/lib/python3.10/site-packages/airflow/example_dags/example_sensor_decorator.py
[2023-10-04T21:09:59.721+0300] {processor.py:836} INFO - DAG(s) dict_keys(['example_sensor_decorator']) retrieved from /home/paulet/anaconda3/lib/python3.10/site-packages/airflow/example_dags/example_sensor_decorator.py
[2023-10-04T21:09:59.745+0300] {logging_mixin.py:149} INFO - [2023-10-04T21:09:59.744+0300] {dag.py:2726} INFO - Sync 1 DAGs
[2023-10-04T21:09:59.767+0300] {logging_mixin.py:149} INFO - [2023-10-04T21:09:59.767+0300] {dag.py:3486} INFO - Setting next_dagrun for example_sensor_decorator to None, run_after=None
[2023-10-04T21:09:59.883+0300] {processor.py:179} INFO - Processing /home/paulet/anaconda3/lib/python3.10/site-packages/airflow/example_dags/example_sensor_decorator.py took 0.180 seconds
[2023-10-04T21:10:48.786+0300] {processor.py:157} INFO - Started process (PID=23265) to work on /home/paulet/anaconda3/lib/python3.10/site-packages/airflow/example_dags/example_sensor_decorator.py
[2023-10-04T21:10:48.816+0300] {processor.py:826} INFO - Processing file /home/paulet/anaconda3/lib/python3.10/site-packages/airflow/example_dags/example_sensor_decorator.py for tasks to queue
[2023-10-04T21:10:48.817+0300] {logging_mixin.py:149} INFO - [2023-10-04T21:10:48.817+0300] {dagbag.py:541} INFO - Filling up the DagBag from /home/paulet/anaconda3/lib/python3.10/site-packages/airflow/example_dags/example_sensor_decorator.py
[2023-10-04T21:10:48.826+0300] {processor.py:836} INFO - DAG(s) dict_keys(['example_sensor_decorator']) retrieved from /home/paulet/anaconda3/lib/python3.10/site-packages/airflow/example_dags/example_sensor_decorator.py
[2023-10-04T21:10:48.851+0300] {logging_mixin.py:149} INFO - [2023-10-04T21:10:48.851+0300] {dag.py:2726} INFO - Sync 1 DAGs
[2023-10-04T21:10:48.877+0300] {logging_mixin.py:149} INFO - [2023-10-04T21:10:48.877+0300] {dag.py:3486} INFO - Setting next_dagrun for example_sensor_decorator to None, run_after=None
[2023-10-04T21:10:49.082+0300] {processor.py:179} INFO - Processing /home/paulet/anaconda3/lib/python3.10/site-packages/airflow/example_dags/example_sensor_decorator.py took 0.300 seconds
[2023-10-04T21:52:02.441+0300] {processor.py:157} INFO - Started process (PID=26942) to work on /home/paulet/anaconda3/lib/python3.10/site-packages/airflow/example_dags/example_sensor_decorator.py
[2023-10-04T21:52:02.443+0300] {processor.py:826} INFO - Processing file /home/paulet/anaconda3/lib/python3.10/site-packages/airflow/example_dags/example_sensor_decorator.py for tasks to queue
[2023-10-04T21:52:02.444+0300] {logging_mixin.py:149} INFO - [2023-10-04T21:52:02.444+0300] {dagbag.py:541} INFO - Filling up the DagBag from /home/paulet/anaconda3/lib/python3.10/site-packages/airflow/example_dags/example_sensor_decorator.py
[2023-10-04T21:52:02.457+0300] {processor.py:836} INFO - DAG(s) dict_keys(['example_sensor_decorator']) retrieved from /home/paulet/anaconda3/lib/python3.10/site-packages/airflow/example_dags/example_sensor_decorator.py
[2023-10-04T21:52:02.491+0300] {logging_mixin.py:149} INFO - [2023-10-04T21:52:02.491+0300] {dag.py:2726} INFO - Sync 1 DAGs
[2023-10-04T21:52:02.516+0300] {logging_mixin.py:149} INFO - [2023-10-04T21:52:02.516+0300] {dag.py:3486} INFO - Setting next_dagrun for example_sensor_decorator to None, run_after=None
[2023-10-04T21:52:02.636+0300] {processor.py:179} INFO - Processing /home/paulet/anaconda3/lib/python3.10/site-packages/airflow/example_dags/example_sensor_decorator.py took 0.200 seconds
[2023-10-04T21:53:00.868+0300] {processor.py:157} INFO - Started process (PID=27040) to work on /home/paulet/anaconda3/lib/python3.10/site-packages/airflow/example_dags/example_sensor_decorator.py
[2023-10-04T21:53:00.869+0300] {processor.py:826} INFO - Processing file /home/paulet/anaconda3/lib/python3.10/site-packages/airflow/example_dags/example_sensor_decorator.py for tasks to queue
[2023-10-04T21:53:00.870+0300] {logging_mixin.py:149} INFO - [2023-10-04T21:53:00.870+0300] {dagbag.py:541} INFO - Filling up the DagBag from /home/paulet/anaconda3/lib/python3.10/site-packages/airflow/example_dags/example_sensor_decorator.py
[2023-10-04T21:53:00.880+0300] {processor.py:836} INFO - DAG(s) dict_keys(['example_sensor_decorator']) retrieved from /home/paulet/anaconda3/lib/python3.10/site-packages/airflow/example_dags/example_sensor_decorator.py
[2023-10-04T21:53:00.904+0300] {logging_mixin.py:149} INFO - [2023-10-04T21:53:00.904+0300] {dag.py:2726} INFO - Sync 1 DAGs
[2023-10-04T21:53:00.928+0300] {logging_mixin.py:149} INFO - [2023-10-04T21:53:00.928+0300] {dag.py:3486} INFO - Setting next_dagrun for example_sensor_decorator to None, run_after=None
[2023-10-04T21:53:01.050+0300] {processor.py:179} INFO - Processing /home/paulet/anaconda3/lib/python3.10/site-packages/airflow/example_dags/example_sensor_decorator.py took 0.187 seconds
[2023-10-04T21:54:02.593+0300] {processor.py:157} INFO - Started process (PID=27119) to work on /home/paulet/anaconda3/lib/python3.10/site-packages/airflow/example_dags/example_sensor_decorator.py
[2023-10-04T21:54:02.594+0300] {processor.py:826} INFO - Processing file /home/paulet/anaconda3/lib/python3.10/site-packages/airflow/example_dags/example_sensor_decorator.py for tasks to queue
[2023-10-04T21:54:02.595+0300] {logging_mixin.py:149} INFO - [2023-10-04T21:54:02.594+0300] {dagbag.py:541} INFO - Filling up the DagBag from /home/paulet/anaconda3/lib/python3.10/site-packages/airflow/example_dags/example_sensor_decorator.py
[2023-10-04T21:54:02.604+0300] {processor.py:836} INFO - DAG(s) dict_keys(['example_sensor_decorator']) retrieved from /home/paulet/anaconda3/lib/python3.10/site-packages/airflow/example_dags/example_sensor_decorator.py
[2023-10-04T21:54:02.627+0300] {logging_mixin.py:149} INFO - [2023-10-04T21:54:02.627+0300] {dag.py:2726} INFO - Sync 1 DAGs
[2023-10-04T21:54:02.651+0300] {logging_mixin.py:149} INFO - [2023-10-04T21:54:02.651+0300] {dag.py:3486} INFO - Setting next_dagrun for example_sensor_decorator to None, run_after=None
[2023-10-04T21:54:02.788+0300] {processor.py:179} INFO - Processing /home/paulet/anaconda3/lib/python3.10/site-packages/airflow/example_dags/example_sensor_decorator.py took 0.199 seconds
[2023-10-04T21:55:01.909+0300] {processor.py:157} INFO - Started process (PID=27195) to work on /home/paulet/anaconda3/lib/python3.10/site-packages/airflow/example_dags/example_sensor_decorator.py
[2023-10-04T21:55:01.911+0300] {processor.py:826} INFO - Processing file /home/paulet/anaconda3/lib/python3.10/site-packages/airflow/example_dags/example_sensor_decorator.py for tasks to queue
[2023-10-04T21:55:01.912+0300] {logging_mixin.py:149} INFO - [2023-10-04T21:55:01.912+0300] {dagbag.py:541} INFO - Filling up the DagBag from /home/paulet/anaconda3/lib/python3.10/site-packages/airflow/example_dags/example_sensor_decorator.py
[2023-10-04T21:55:01.922+0300] {processor.py:836} INFO - DAG(s) dict_keys(['example_sensor_decorator']) retrieved from /home/paulet/anaconda3/lib/python3.10/site-packages/airflow/example_dags/example_sensor_decorator.py
[2023-10-04T21:55:01.945+0300] {logging_mixin.py:149} INFO - [2023-10-04T21:55:01.945+0300] {dag.py:2726} INFO - Sync 1 DAGs
[2023-10-04T21:55:01.973+0300] {logging_mixin.py:149} INFO - [2023-10-04T21:55:01.973+0300] {dag.py:3486} INFO - Setting next_dagrun for example_sensor_decorator to None, run_after=None
[2023-10-04T21:55:02.114+0300] {processor.py:179} INFO - Processing /home/paulet/anaconda3/lib/python3.10/site-packages/airflow/example_dags/example_sensor_decorator.py took 0.209 seconds
