[2023-10-04T18:08:52.368+0300] {processor.py:157} INFO - Started process (PID=14008) to work on /home/paulet/anaconda3/lib/python3.10/site-packages/airflow/example_dags/example_xcomargs.py
[2023-10-04T18:08:52.369+0300] {processor.py:826} INFO - Processing file /home/paulet/anaconda3/lib/python3.10/site-packages/airflow/example_dags/example_xcomargs.py for tasks to queue
[2023-10-04T18:08:52.370+0300] {logging_mixin.py:149} INFO - [2023-10-04T18:08:52.370+0300] {dagbag.py:541} INFO - Filling up the DagBag from /home/paulet/anaconda3/lib/python3.10/site-packages/airflow/example_dags/example_xcomargs.py
[2023-10-04T18:08:52.386+0300] {processor.py:836} INFO - DAG(s) dict_keys(['example_xcom_args', 'example_xcom_args_with_operators']) retrieved from /home/paulet/anaconda3/lib/python3.10/site-packages/airflow/example_dags/example_xcomargs.py
[2023-10-04T18:08:52.419+0300] {logging_mixin.py:149} INFO - [2023-10-04T18:08:52.418+0300] {dag.py:2726} INFO - Sync 2 DAGs
[2023-10-04T18:08:52.445+0300] {logging_mixin.py:149} INFO - [2023-10-04T18:08:52.445+0300] {dag.py:3486} INFO - Setting next_dagrun for example_xcom_args to None, run_after=None
[2023-10-04T18:08:52.449+0300] {logging_mixin.py:149} INFO - [2023-10-04T18:08:52.449+0300] {dag.py:3486} INFO - Setting next_dagrun for example_xcom_args_with_operators to None, run_after=None
[2023-10-04T18:08:52.715+0300] {processor.py:179} INFO - Processing /home/paulet/anaconda3/lib/python3.10/site-packages/airflow/example_dags/example_xcomargs.py took 0.351 seconds
[2023-10-04T18:10:37.471+0300] {processor.py:157} INFO - Started process (PID=14454) to work on /home/paulet/anaconda3/lib/python3.10/site-packages/airflow/example_dags/example_xcomargs.py
[2023-10-04T18:10:37.473+0300] {processor.py:826} INFO - Processing file /home/paulet/anaconda3/lib/python3.10/site-packages/airflow/example_dags/example_xcomargs.py for tasks to queue
[2023-10-04T18:10:37.474+0300] {logging_mixin.py:149} INFO - [2023-10-04T18:10:37.474+0300] {dagbag.py:541} INFO - Filling up the DagBag from /home/paulet/anaconda3/lib/python3.10/site-packages/airflow/example_dags/example_xcomargs.py
[2023-10-04T18:10:37.494+0300] {processor.py:836} INFO - DAG(s) dict_keys(['example_xcom_args_with_operators', 'example_xcom_args']) retrieved from /home/paulet/anaconda3/lib/python3.10/site-packages/airflow/example_dags/example_xcomargs.py
[2023-10-04T18:10:37.525+0300] {logging_mixin.py:149} INFO - [2023-10-04T18:10:37.525+0300] {dag.py:2726} INFO - Sync 2 DAGs
[2023-10-04T18:10:37.554+0300] {logging_mixin.py:149} INFO - [2023-10-04T18:10:37.553+0300] {dag.py:3486} INFO - Setting next_dagrun for example_xcom_args to None, run_after=None
[2023-10-04T18:10:37.558+0300] {logging_mixin.py:149} INFO - [2023-10-04T18:10:37.558+0300] {dag.py:3486} INFO - Setting next_dagrun for example_xcom_args_with_operators to None, run_after=None
[2023-10-04T18:10:37.670+0300] {processor.py:179} INFO - Processing /home/paulet/anaconda3/lib/python3.10/site-packages/airflow/example_dags/example_xcomargs.py took 0.203 seconds
[2023-10-04T18:11:45.519+0300] {processor.py:157} INFO - Started process (PID=14870) to work on /home/paulet/anaconda3/lib/python3.10/site-packages/airflow/example_dags/example_xcomargs.py
[2023-10-04T18:11:45.521+0300] {processor.py:826} INFO - Processing file /home/paulet/anaconda3/lib/python3.10/site-packages/airflow/example_dags/example_xcomargs.py for tasks to queue
[2023-10-04T18:11:45.522+0300] {logging_mixin.py:149} INFO - [2023-10-04T18:11:45.522+0300] {dagbag.py:541} INFO - Filling up the DagBag from /home/paulet/anaconda3/lib/python3.10/site-packages/airflow/example_dags/example_xcomargs.py
[2023-10-04T18:11:45.542+0300] {processor.py:836} INFO - DAG(s) dict_keys(['example_xcom_args_with_operators', 'example_xcom_args']) retrieved from /home/paulet/anaconda3/lib/python3.10/site-packages/airflow/example_dags/example_xcomargs.py
[2023-10-04T18:11:45.765+0300] {logging_mixin.py:149} INFO - [2023-10-04T18:11:45.764+0300] {dag.py:2726} INFO - Sync 2 DAGs
[2023-10-04T18:11:45.801+0300] {logging_mixin.py:149} INFO - [2023-10-04T18:11:45.801+0300] {dag.py:3486} INFO - Setting next_dagrun for example_xcom_args to None, run_after=None
[2023-10-04T18:11:45.806+0300] {logging_mixin.py:149} INFO - [2023-10-04T18:11:45.806+0300] {dag.py:3486} INFO - Setting next_dagrun for example_xcom_args_with_operators to None, run_after=None
[2023-10-04T18:11:45.954+0300] {processor.py:179} INFO - Processing /home/paulet/anaconda3/lib/python3.10/site-packages/airflow/example_dags/example_xcomargs.py took 0.440 seconds
[2023-10-04T18:12:41.791+0300] {processor.py:157} INFO - Started process (PID=15161) to work on /home/paulet/anaconda3/lib/python3.10/site-packages/airflow/example_dags/example_xcomargs.py
[2023-10-04T18:12:41.828+0300] {processor.py:826} INFO - Processing file /home/paulet/anaconda3/lib/python3.10/site-packages/airflow/example_dags/example_xcomargs.py for tasks to queue
[2023-10-04T18:12:41.829+0300] {logging_mixin.py:149} INFO - [2023-10-04T18:12:41.829+0300] {dagbag.py:541} INFO - Filling up the DagBag from /home/paulet/anaconda3/lib/python3.10/site-packages/airflow/example_dags/example_xcomargs.py
[2023-10-04T18:12:41.844+0300] {processor.py:836} INFO - DAG(s) dict_keys(['example_xcom_args_with_operators', 'example_xcom_args']) retrieved from /home/paulet/anaconda3/lib/python3.10/site-packages/airflow/example_dags/example_xcomargs.py
[2023-10-04T18:12:41.876+0300] {logging_mixin.py:149} INFO - [2023-10-04T18:12:41.875+0300] {dag.py:2726} INFO - Sync 2 DAGs
[2023-10-04T18:12:41.900+0300] {logging_mixin.py:149} INFO - [2023-10-04T18:12:41.900+0300] {dag.py:3486} INFO - Setting next_dagrun for example_xcom_args to None, run_after=None
[2023-10-04T18:12:41.903+0300] {logging_mixin.py:149} INFO - [2023-10-04T18:12:41.903+0300] {dag.py:3486} INFO - Setting next_dagrun for example_xcom_args_with_operators to None, run_after=None
[2023-10-04T18:12:42.115+0300] {processor.py:179} INFO - Processing /home/paulet/anaconda3/lib/python3.10/site-packages/airflow/example_dags/example_xcomargs.py took 0.328 seconds
[2023-10-04T18:14:20.311+0300] {processor.py:157} INFO - Started process (PID=16030) to work on /home/paulet/anaconda3/lib/python3.10/site-packages/airflow/example_dags/example_xcomargs.py
[2023-10-04T18:14:20.340+0300] {processor.py:826} INFO - Processing file /home/paulet/anaconda3/lib/python3.10/site-packages/airflow/example_dags/example_xcomargs.py for tasks to queue
[2023-10-04T18:14:20.341+0300] {logging_mixin.py:149} INFO - [2023-10-04T18:14:20.341+0300] {dagbag.py:541} INFO - Filling up the DagBag from /home/paulet/anaconda3/lib/python3.10/site-packages/airflow/example_dags/example_xcomargs.py
[2023-10-04T18:14:20.353+0300] {processor.py:836} INFO - DAG(s) dict_keys(['example_xcom_args_with_operators', 'example_xcom_args']) retrieved from /home/paulet/anaconda3/lib/python3.10/site-packages/airflow/example_dags/example_xcomargs.py
[2023-10-04T18:14:20.380+0300] {logging_mixin.py:149} INFO - [2023-10-04T18:14:20.380+0300] {dag.py:2726} INFO - Sync 2 DAGs
[2023-10-04T18:14:20.405+0300] {logging_mixin.py:149} INFO - [2023-10-04T18:14:20.405+0300] {dag.py:3486} INFO - Setting next_dagrun for example_xcom_args to None, run_after=None
[2023-10-04T18:14:20.411+0300] {logging_mixin.py:149} INFO - [2023-10-04T18:14:20.411+0300] {dag.py:3486} INFO - Setting next_dagrun for example_xcom_args_with_operators to None, run_after=None
[2023-10-04T18:14:20.532+0300] {processor.py:179} INFO - Processing /home/paulet/anaconda3/lib/python3.10/site-packages/airflow/example_dags/example_xcomargs.py took 0.225 seconds
[2023-10-04T18:15:05.564+0300] {processor.py:157} INFO - Started process (PID=16077) to work on /home/paulet/anaconda3/lib/python3.10/site-packages/airflow/example_dags/example_xcomargs.py
[2023-10-04T18:15:05.594+0300] {processor.py:826} INFO - Processing file /home/paulet/anaconda3/lib/python3.10/site-packages/airflow/example_dags/example_xcomargs.py for tasks to queue
[2023-10-04T18:15:05.595+0300] {logging_mixin.py:149} INFO - [2023-10-04T18:15:05.595+0300] {dagbag.py:541} INFO - Filling up the DagBag from /home/paulet/anaconda3/lib/python3.10/site-packages/airflow/example_dags/example_xcomargs.py
[2023-10-04T18:15:05.609+0300] {processor.py:836} INFO - DAG(s) dict_keys(['example_xcom_args_with_operators', 'example_xcom_args']) retrieved from /home/paulet/anaconda3/lib/python3.10/site-packages/airflow/example_dags/example_xcomargs.py
[2023-10-04T18:15:05.641+0300] {logging_mixin.py:149} INFO - [2023-10-04T18:15:05.641+0300] {dag.py:2726} INFO - Sync 2 DAGs
[2023-10-04T18:15:05.668+0300] {logging_mixin.py:149} INFO - [2023-10-04T18:15:05.668+0300] {dag.py:3486} INFO - Setting next_dagrun for example_xcom_args to None, run_after=None
[2023-10-04T18:15:05.673+0300] {logging_mixin.py:149} INFO - [2023-10-04T18:15:05.673+0300] {dag.py:3486} INFO - Setting next_dagrun for example_xcom_args_with_operators to None, run_after=None
[2023-10-04T18:15:05.784+0300] {processor.py:179} INFO - Processing /home/paulet/anaconda3/lib/python3.10/site-packages/airflow/example_dags/example_xcomargs.py took 0.224 seconds
[2023-10-04T18:15:58.838+0300] {processor.py:157} INFO - Started process (PID=16131) to work on /home/paulet/anaconda3/lib/python3.10/site-packages/airflow/example_dags/example_xcomargs.py
[2023-10-04T18:15:58.840+0300] {processor.py:826} INFO - Processing file /home/paulet/anaconda3/lib/python3.10/site-packages/airflow/example_dags/example_xcomargs.py for tasks to queue
[2023-10-04T18:15:58.841+0300] {logging_mixin.py:149} INFO - [2023-10-04T18:15:58.841+0300] {dagbag.py:541} INFO - Filling up the DagBag from /home/paulet/anaconda3/lib/python3.10/site-packages/airflow/example_dags/example_xcomargs.py
[2023-10-04T18:15:58.855+0300] {processor.py:836} INFO - DAG(s) dict_keys(['example_xcom_args', 'example_xcom_args_with_operators']) retrieved from /home/paulet/anaconda3/lib/python3.10/site-packages/airflow/example_dags/example_xcomargs.py
[2023-10-04T18:15:58.884+0300] {logging_mixin.py:149} INFO - [2023-10-04T18:15:58.884+0300] {dag.py:2726} INFO - Sync 2 DAGs
[2023-10-04T18:15:58.912+0300] {logging_mixin.py:149} INFO - [2023-10-04T18:15:58.912+0300] {dag.py:3486} INFO - Setting next_dagrun for example_xcom_args to None, run_after=None
[2023-10-04T18:15:58.917+0300] {logging_mixin.py:149} INFO - [2023-10-04T18:15:58.917+0300] {dag.py:3486} INFO - Setting next_dagrun for example_xcom_args_with_operators to None, run_after=None
[2023-10-04T18:15:59.033+0300] {processor.py:179} INFO - Processing /home/paulet/anaconda3/lib/python3.10/site-packages/airflow/example_dags/example_xcomargs.py took 0.199 seconds
[2023-10-04T18:17:13.909+0300] {processor.py:157} INFO - Started process (PID=16211) to work on /home/paulet/anaconda3/lib/python3.10/site-packages/airflow/example_dags/example_xcomargs.py
[2023-10-04T18:17:13.910+0300] {processor.py:826} INFO - Processing file /home/paulet/anaconda3/lib/python3.10/site-packages/airflow/example_dags/example_xcomargs.py for tasks to queue
[2023-10-04T18:17:13.911+0300] {logging_mixin.py:149} INFO - [2023-10-04T18:17:13.911+0300] {dagbag.py:541} INFO - Filling up the DagBag from /home/paulet/anaconda3/lib/python3.10/site-packages/airflow/example_dags/example_xcomargs.py
[2023-10-04T18:17:13.925+0300] {processor.py:836} INFO - DAG(s) dict_keys(['example_xcom_args_with_operators', 'example_xcom_args']) retrieved from /home/paulet/anaconda3/lib/python3.10/site-packages/airflow/example_dags/example_xcomargs.py
[2023-10-04T18:17:13.952+0300] {logging_mixin.py:149} INFO - [2023-10-04T18:17:13.952+0300] {dag.py:2726} INFO - Sync 2 DAGs
[2023-10-04T18:17:13.975+0300] {logging_mixin.py:149} INFO - [2023-10-04T18:17:13.975+0300] {dag.py:3486} INFO - Setting next_dagrun for example_xcom_args to None, run_after=None
[2023-10-04T18:17:13.979+0300] {logging_mixin.py:149} INFO - [2023-10-04T18:17:13.978+0300] {dag.py:3486} INFO - Setting next_dagrun for example_xcom_args_with_operators to None, run_after=None
[2023-10-04T18:17:14.088+0300] {processor.py:179} INFO - Processing /home/paulet/anaconda3/lib/python3.10/site-packages/airflow/example_dags/example_xcomargs.py took 0.184 seconds
[2023-10-04T18:17:53.136+0300] {processor.py:157} INFO - Started process (PID=16281) to work on /home/paulet/anaconda3/lib/python3.10/site-packages/airflow/example_dags/example_xcomargs.py
[2023-10-04T18:17:53.189+0300] {processor.py:826} INFO - Processing file /home/paulet/anaconda3/lib/python3.10/site-packages/airflow/example_dags/example_xcomargs.py for tasks to queue
[2023-10-04T18:17:53.190+0300] {logging_mixin.py:149} INFO - [2023-10-04T18:17:53.190+0300] {dagbag.py:541} INFO - Filling up the DagBag from /home/paulet/anaconda3/lib/python3.10/site-packages/airflow/example_dags/example_xcomargs.py
[2023-10-04T18:17:53.202+0300] {processor.py:836} INFO - DAG(s) dict_keys(['example_xcom_args', 'example_xcom_args_with_operators']) retrieved from /home/paulet/anaconda3/lib/python3.10/site-packages/airflow/example_dags/example_xcomargs.py
[2023-10-04T18:17:53.229+0300] {logging_mixin.py:149} INFO - [2023-10-04T18:17:53.228+0300] {dag.py:2726} INFO - Sync 2 DAGs
[2023-10-04T18:17:53.255+0300] {logging_mixin.py:149} INFO - [2023-10-04T18:17:53.254+0300] {dag.py:3486} INFO - Setting next_dagrun for example_xcom_args to None, run_after=None
[2023-10-04T18:17:53.258+0300] {logging_mixin.py:149} INFO - [2023-10-04T18:17:53.258+0300] {dag.py:3486} INFO - Setting next_dagrun for example_xcom_args_with_operators to None, run_after=None
[2023-10-04T18:17:53.488+0300] {processor.py:179} INFO - Processing /home/paulet/anaconda3/lib/python3.10/site-packages/airflow/example_dags/example_xcomargs.py took 0.357 seconds
[2023-10-04T21:00:11.325+0300] {processor.py:157} INFO - Started process (PID=22388) to work on /home/paulet/anaconda3/lib/python3.10/site-packages/airflow/example_dags/example_xcomargs.py
[2023-10-04T21:00:11.326+0300] {processor.py:826} INFO - Processing file /home/paulet/anaconda3/lib/python3.10/site-packages/airflow/example_dags/example_xcomargs.py for tasks to queue
[2023-10-04T21:00:11.327+0300] {logging_mixin.py:149} INFO - [2023-10-04T21:00:11.327+0300] {dagbag.py:541} INFO - Filling up the DagBag from /home/paulet/anaconda3/lib/python3.10/site-packages/airflow/example_dags/example_xcomargs.py
[2023-10-04T21:00:11.344+0300] {processor.py:836} INFO - DAG(s) dict_keys(['example_xcom_args_with_operators', 'example_xcom_args']) retrieved from /home/paulet/anaconda3/lib/python3.10/site-packages/airflow/example_dags/example_xcomargs.py
[2023-10-04T21:00:11.377+0300] {logging_mixin.py:149} INFO - [2023-10-04T21:00:11.377+0300] {dag.py:2726} INFO - Sync 2 DAGs
[2023-10-04T21:00:11.401+0300] {logging_mixin.py:149} INFO - [2023-10-04T21:00:11.400+0300] {dag.py:3486} INFO - Setting next_dagrun for example_xcom_args to None, run_after=None
[2023-10-04T21:00:11.404+0300] {logging_mixin.py:149} INFO - [2023-10-04T21:00:11.404+0300] {dag.py:3486} INFO - Setting next_dagrun for example_xcom_args_with_operators to None, run_after=None
[2023-10-04T21:00:11.533+0300] {processor.py:179} INFO - Processing /home/paulet/anaconda3/lib/python3.10/site-packages/airflow/example_dags/example_xcomargs.py took 0.213 seconds
[2023-10-04T21:01:14.457+0300] {processor.py:157} INFO - Started process (PID=22464) to work on /home/paulet/anaconda3/lib/python3.10/site-packages/airflow/example_dags/example_xcomargs.py
[2023-10-04T21:01:14.458+0300] {processor.py:826} INFO - Processing file /home/paulet/anaconda3/lib/python3.10/site-packages/airflow/example_dags/example_xcomargs.py for tasks to queue
[2023-10-04T21:01:14.459+0300] {logging_mixin.py:149} INFO - [2023-10-04T21:01:14.459+0300] {dagbag.py:541} INFO - Filling up the DagBag from /home/paulet/anaconda3/lib/python3.10/site-packages/airflow/example_dags/example_xcomargs.py
[2023-10-04T21:01:14.470+0300] {processor.py:836} INFO - DAG(s) dict_keys(['example_xcom_args', 'example_xcom_args_with_operators']) retrieved from /home/paulet/anaconda3/lib/python3.10/site-packages/airflow/example_dags/example_xcomargs.py
[2023-10-04T21:01:14.494+0300] {logging_mixin.py:149} INFO - [2023-10-04T21:01:14.494+0300] {dag.py:2726} INFO - Sync 2 DAGs
[2023-10-04T21:01:14.516+0300] {logging_mixin.py:149} INFO - [2023-10-04T21:01:14.516+0300] {dag.py:3486} INFO - Setting next_dagrun for example_xcom_args to None, run_after=None
[2023-10-04T21:01:14.519+0300] {logging_mixin.py:149} INFO - [2023-10-04T21:01:14.519+0300] {dag.py:3486} INFO - Setting next_dagrun for example_xcom_args_with_operators to None, run_after=None
[2023-10-04T21:01:14.667+0300] {processor.py:179} INFO - Processing /home/paulet/anaconda3/lib/python3.10/site-packages/airflow/example_dags/example_xcomargs.py took 0.213 seconds
[2023-10-04T21:01:51.618+0300] {processor.py:157} INFO - Started process (PID=22619) to work on /home/paulet/anaconda3/lib/python3.10/site-packages/airflow/example_dags/example_xcomargs.py
[2023-10-04T21:01:51.640+0300] {processor.py:826} INFO - Processing file /home/paulet/anaconda3/lib/python3.10/site-packages/airflow/example_dags/example_xcomargs.py for tasks to queue
[2023-10-04T21:01:51.641+0300] {logging_mixin.py:149} INFO - [2023-10-04T21:01:51.641+0300] {dagbag.py:541} INFO - Filling up the DagBag from /home/paulet/anaconda3/lib/python3.10/site-packages/airflow/example_dags/example_xcomargs.py
[2023-10-04T21:01:51.655+0300] {processor.py:836} INFO - DAG(s) dict_keys(['example_xcom_args_with_operators', 'example_xcom_args']) retrieved from /home/paulet/anaconda3/lib/python3.10/site-packages/airflow/example_dags/example_xcomargs.py
[2023-10-04T21:01:51.693+0300] {logging_mixin.py:149} INFO - [2023-10-04T21:01:51.693+0300] {dag.py:2726} INFO - Sync 2 DAGs
[2023-10-04T21:01:51.735+0300] {logging_mixin.py:149} INFO - [2023-10-04T21:01:51.734+0300] {dag.py:3486} INFO - Setting next_dagrun for example_xcom_args to None, run_after=None
[2023-10-04T21:01:51.742+0300] {logging_mixin.py:149} INFO - [2023-10-04T21:01:51.742+0300] {dag.py:3486} INFO - Setting next_dagrun for example_xcom_args_with_operators to None, run_after=None
[2023-10-04T21:01:51.932+0300] {processor.py:179} INFO - Processing /home/paulet/anaconda3/lib/python3.10/site-packages/airflow/example_dags/example_xcomargs.py took 0.318 seconds
[2023-10-04T21:02:28.352+0300] {processor.py:157} INFO - Started process (PID=22659) to work on /home/paulet/anaconda3/lib/python3.10/site-packages/airflow/example_dags/example_xcomargs.py
[2023-10-04T21:02:28.360+0300] {processor.py:826} INFO - Processing file /home/paulet/anaconda3/lib/python3.10/site-packages/airflow/example_dags/example_xcomargs.py for tasks to queue
[2023-10-04T21:02:28.361+0300] {logging_mixin.py:149} INFO - [2023-10-04T21:02:28.361+0300] {dagbag.py:541} INFO - Filling up the DagBag from /home/paulet/anaconda3/lib/python3.10/site-packages/airflow/example_dags/example_xcomargs.py
[2023-10-04T21:02:28.375+0300] {processor.py:836} INFO - DAG(s) dict_keys(['example_xcom_args', 'example_xcom_args_with_operators']) retrieved from /home/paulet/anaconda3/lib/python3.10/site-packages/airflow/example_dags/example_xcomargs.py
[2023-10-04T21:02:28.403+0300] {logging_mixin.py:149} INFO - [2023-10-04T21:02:28.403+0300] {dag.py:2726} INFO - Sync 2 DAGs
[2023-10-04T21:02:28.426+0300] {logging_mixin.py:149} INFO - [2023-10-04T21:02:28.426+0300] {dag.py:3486} INFO - Setting next_dagrun for example_xcom_args to None, run_after=None
[2023-10-04T21:02:28.430+0300] {logging_mixin.py:149} INFO - [2023-10-04T21:02:28.430+0300] {dag.py:3486} INFO - Setting next_dagrun for example_xcom_args_with_operators to None, run_after=None
[2023-10-04T21:02:28.549+0300] {processor.py:179} INFO - Processing /home/paulet/anaconda3/lib/python3.10/site-packages/airflow/example_dags/example_xcomargs.py took 0.201 seconds
[2023-10-04T21:03:19.161+0300] {processor.py:157} INFO - Started process (PID=22706) to work on /home/paulet/anaconda3/lib/python3.10/site-packages/airflow/example_dags/example_xcomargs.py
[2023-10-04T21:03:19.193+0300] {processor.py:826} INFO - Processing file /home/paulet/anaconda3/lib/python3.10/site-packages/airflow/example_dags/example_xcomargs.py for tasks to queue
[2023-10-04T21:03:19.194+0300] {logging_mixin.py:149} INFO - [2023-10-04T21:03:19.194+0300] {dagbag.py:541} INFO - Filling up the DagBag from /home/paulet/anaconda3/lib/python3.10/site-packages/airflow/example_dags/example_xcomargs.py
[2023-10-04T21:03:19.208+0300] {processor.py:836} INFO - DAG(s) dict_keys(['example_xcom_args_with_operators', 'example_xcom_args']) retrieved from /home/paulet/anaconda3/lib/python3.10/site-packages/airflow/example_dags/example_xcomargs.py
[2023-10-04T21:03:19.238+0300] {logging_mixin.py:149} INFO - [2023-10-04T21:03:19.238+0300] {dag.py:2726} INFO - Sync 2 DAGs
[2023-10-04T21:03:19.262+0300] {logging_mixin.py:149} INFO - [2023-10-04T21:03:19.262+0300] {dag.py:3486} INFO - Setting next_dagrun for example_xcom_args to None, run_after=None
[2023-10-04T21:03:19.266+0300] {logging_mixin.py:149} INFO - [2023-10-04T21:03:19.265+0300] {dag.py:3486} INFO - Setting next_dagrun for example_xcom_args_with_operators to None, run_after=None
[2023-10-04T21:03:19.389+0300] {processor.py:179} INFO - Processing /home/paulet/anaconda3/lib/python3.10/site-packages/airflow/example_dags/example_xcomargs.py took 0.233 seconds
[2023-10-04T21:04:15.636+0300] {processor.py:157} INFO - Started process (PID=22759) to work on /home/paulet/anaconda3/lib/python3.10/site-packages/airflow/example_dags/example_xcomargs.py
[2023-10-04T21:04:15.638+0300] {processor.py:826} INFO - Processing file /home/paulet/anaconda3/lib/python3.10/site-packages/airflow/example_dags/example_xcomargs.py for tasks to queue
[2023-10-04T21:04:15.639+0300] {logging_mixin.py:149} INFO - [2023-10-04T21:04:15.639+0300] {dagbag.py:541} INFO - Filling up the DagBag from /home/paulet/anaconda3/lib/python3.10/site-packages/airflow/example_dags/example_xcomargs.py
[2023-10-04T21:04:15.652+0300] {processor.py:836} INFO - DAG(s) dict_keys(['example_xcom_args_with_operators', 'example_xcom_args']) retrieved from /home/paulet/anaconda3/lib/python3.10/site-packages/airflow/example_dags/example_xcomargs.py
[2023-10-04T21:04:15.680+0300] {logging_mixin.py:149} INFO - [2023-10-04T21:04:15.679+0300] {dag.py:2726} INFO - Sync 2 DAGs
[2023-10-04T21:04:15.702+0300] {logging_mixin.py:149} INFO - [2023-10-04T21:04:15.702+0300] {dag.py:3486} INFO - Setting next_dagrun for example_xcom_args to None, run_after=None
[2023-10-04T21:04:15.706+0300] {logging_mixin.py:149} INFO - [2023-10-04T21:04:15.706+0300] {dag.py:3486} INFO - Setting next_dagrun for example_xcom_args_with_operators to None, run_after=None
[2023-10-04T21:04:15.863+0300] {processor.py:179} INFO - Processing /home/paulet/anaconda3/lib/python3.10/site-packages/airflow/example_dags/example_xcomargs.py took 0.231 seconds
[2023-10-04T21:05:10.585+0300] {processor.py:157} INFO - Started process (PID=22852) to work on /home/paulet/anaconda3/lib/python3.10/site-packages/airflow/example_dags/example_xcomargs.py
[2023-10-04T21:05:10.587+0300] {processor.py:826} INFO - Processing file /home/paulet/anaconda3/lib/python3.10/site-packages/airflow/example_dags/example_xcomargs.py for tasks to queue
[2023-10-04T21:05:10.588+0300] {logging_mixin.py:149} INFO - [2023-10-04T21:05:10.588+0300] {dagbag.py:541} INFO - Filling up the DagBag from /home/paulet/anaconda3/lib/python3.10/site-packages/airflow/example_dags/example_xcomargs.py
[2023-10-04T21:05:10.602+0300] {processor.py:836} INFO - DAG(s) dict_keys(['example_xcom_args_with_operators', 'example_xcom_args']) retrieved from /home/paulet/anaconda3/lib/python3.10/site-packages/airflow/example_dags/example_xcomargs.py
[2023-10-04T21:05:10.628+0300] {logging_mixin.py:149} INFO - [2023-10-04T21:05:10.628+0300] {dag.py:2726} INFO - Sync 2 DAGs
[2023-10-04T21:05:10.652+0300] {logging_mixin.py:149} INFO - [2023-10-04T21:05:10.651+0300] {dag.py:3486} INFO - Setting next_dagrun for example_xcom_args to None, run_after=None
[2023-10-04T21:05:10.655+0300] {logging_mixin.py:149} INFO - [2023-10-04T21:05:10.655+0300] {dag.py:3486} INFO - Setting next_dagrun for example_xcom_args_with_operators to None, run_after=None
[2023-10-04T21:05:10.789+0300] {processor.py:179} INFO - Processing /home/paulet/anaconda3/lib/python3.10/site-packages/airflow/example_dags/example_xcomargs.py took 0.208 seconds
[2023-10-04T21:06:07.177+0300] {processor.py:157} INFO - Started process (PID=22903) to work on /home/paulet/anaconda3/lib/python3.10/site-packages/airflow/example_dags/example_xcomargs.py
[2023-10-04T21:06:07.209+0300] {processor.py:826} INFO - Processing file /home/paulet/anaconda3/lib/python3.10/site-packages/airflow/example_dags/example_xcomargs.py for tasks to queue
[2023-10-04T21:06:07.210+0300] {logging_mixin.py:149} INFO - [2023-10-04T21:06:07.209+0300] {dagbag.py:541} INFO - Filling up the DagBag from /home/paulet/anaconda3/lib/python3.10/site-packages/airflow/example_dags/example_xcomargs.py
[2023-10-04T21:06:07.224+0300] {processor.py:836} INFO - DAG(s) dict_keys(['example_xcom_args', 'example_xcom_args_with_operators']) retrieved from /home/paulet/anaconda3/lib/python3.10/site-packages/airflow/example_dags/example_xcomargs.py
[2023-10-04T21:06:07.254+0300] {logging_mixin.py:149} INFO - [2023-10-04T21:06:07.254+0300] {dag.py:2726} INFO - Sync 2 DAGs
[2023-10-04T21:06:07.279+0300] {logging_mixin.py:149} INFO - [2023-10-04T21:06:07.278+0300] {dag.py:3486} INFO - Setting next_dagrun for example_xcom_args to None, run_after=None
[2023-10-04T21:06:07.282+0300] {logging_mixin.py:149} INFO - [2023-10-04T21:06:07.282+0300] {dag.py:3486} INFO - Setting next_dagrun for example_xcom_args_with_operators to None, run_after=None
[2023-10-04T21:06:07.403+0300] {processor.py:179} INFO - Processing /home/paulet/anaconda3/lib/python3.10/site-packages/airflow/example_dags/example_xcomargs.py took 0.231 seconds
[2023-10-04T21:07:05.205+0300] {processor.py:157} INFO - Started process (PID=22955) to work on /home/paulet/anaconda3/lib/python3.10/site-packages/airflow/example_dags/example_xcomargs.py
[2023-10-04T21:07:05.222+0300] {processor.py:826} INFO - Processing file /home/paulet/anaconda3/lib/python3.10/site-packages/airflow/example_dags/example_xcomargs.py for tasks to queue
[2023-10-04T21:07:05.224+0300] {logging_mixin.py:149} INFO - [2023-10-04T21:07:05.223+0300] {dagbag.py:541} INFO - Filling up the DagBag from /home/paulet/anaconda3/lib/python3.10/site-packages/airflow/example_dags/example_xcomargs.py
[2023-10-04T21:07:05.237+0300] {processor.py:836} INFO - DAG(s) dict_keys(['example_xcom_args_with_operators', 'example_xcom_args']) retrieved from /home/paulet/anaconda3/lib/python3.10/site-packages/airflow/example_dags/example_xcomargs.py
[2023-10-04T21:07:05.269+0300] {logging_mixin.py:149} INFO - [2023-10-04T21:07:05.268+0300] {dag.py:2726} INFO - Sync 2 DAGs
[2023-10-04T21:07:05.292+0300] {logging_mixin.py:149} INFO - [2023-10-04T21:07:05.292+0300] {dag.py:3486} INFO - Setting next_dagrun for example_xcom_args to None, run_after=None
[2023-10-04T21:07:05.295+0300] {logging_mixin.py:149} INFO - [2023-10-04T21:07:05.295+0300] {dag.py:3486} INFO - Setting next_dagrun for example_xcom_args_with_operators to None, run_after=None
[2023-10-04T21:07:05.431+0300] {processor.py:179} INFO - Processing /home/paulet/anaconda3/lib/python3.10/site-packages/airflow/example_dags/example_xcomargs.py took 0.231 seconds
[2023-10-04T21:07:53.060+0300] {processor.py:157} INFO - Started process (PID=23001) to work on /home/paulet/anaconda3/lib/python3.10/site-packages/airflow/example_dags/example_xcomargs.py
[2023-10-04T21:07:53.062+0300] {processor.py:826} INFO - Processing file /home/paulet/anaconda3/lib/python3.10/site-packages/airflow/example_dags/example_xcomargs.py for tasks to queue
[2023-10-04T21:07:53.063+0300] {logging_mixin.py:149} INFO - [2023-10-04T21:07:53.062+0300] {dagbag.py:541} INFO - Filling up the DagBag from /home/paulet/anaconda3/lib/python3.10/site-packages/airflow/example_dags/example_xcomargs.py
[2023-10-04T21:07:53.076+0300] {processor.py:836} INFO - DAG(s) dict_keys(['example_xcom_args_with_operators', 'example_xcom_args']) retrieved from /home/paulet/anaconda3/lib/python3.10/site-packages/airflow/example_dags/example_xcomargs.py
[2023-10-04T21:07:53.103+0300] {logging_mixin.py:149} INFO - [2023-10-04T21:07:53.102+0300] {dag.py:2726} INFO - Sync 2 DAGs
[2023-10-04T21:07:53.125+0300] {logging_mixin.py:149} INFO - [2023-10-04T21:07:53.125+0300] {dag.py:3486} INFO - Setting next_dagrun for example_xcom_args to None, run_after=None
[2023-10-04T21:07:53.130+0300] {logging_mixin.py:149} INFO - [2023-10-04T21:07:53.129+0300] {dag.py:3486} INFO - Setting next_dagrun for example_xcom_args_with_operators to None, run_after=None
[2023-10-04T21:07:53.242+0300] {processor.py:179} INFO - Processing /home/paulet/anaconda3/lib/python3.10/site-packages/airflow/example_dags/example_xcomargs.py took 0.186 seconds
[2023-10-04T21:08:41.984+0300] {processor.py:157} INFO - Started process (PID=23065) to work on /home/paulet/anaconda3/lib/python3.10/site-packages/airflow/example_dags/example_xcomargs.py
[2023-10-04T21:08:42.010+0300] {processor.py:826} INFO - Processing file /home/paulet/anaconda3/lib/python3.10/site-packages/airflow/example_dags/example_xcomargs.py for tasks to queue
[2023-10-04T21:08:42.011+0300] {logging_mixin.py:149} INFO - [2023-10-04T21:08:42.011+0300] {dagbag.py:541} INFO - Filling up the DagBag from /home/paulet/anaconda3/lib/python3.10/site-packages/airflow/example_dags/example_xcomargs.py
[2023-10-04T21:08:42.026+0300] {processor.py:836} INFO - DAG(s) dict_keys(['example_xcom_args', 'example_xcom_args_with_operators']) retrieved from /home/paulet/anaconda3/lib/python3.10/site-packages/airflow/example_dags/example_xcomargs.py
[2023-10-04T21:08:42.057+0300] {logging_mixin.py:149} INFO - [2023-10-04T21:08:42.057+0300] {dag.py:2726} INFO - Sync 2 DAGs
[2023-10-04T21:08:42.081+0300] {logging_mixin.py:149} INFO - [2023-10-04T21:08:42.081+0300] {dag.py:3486} INFO - Setting next_dagrun for example_xcom_args to None, run_after=None
[2023-10-04T21:08:42.085+0300] {logging_mixin.py:149} INFO - [2023-10-04T21:08:42.084+0300] {dag.py:3486} INFO - Setting next_dagrun for example_xcom_args_with_operators to None, run_after=None
[2023-10-04T21:08:42.215+0300] {processor.py:179} INFO - Processing /home/paulet/anaconda3/lib/python3.10/site-packages/airflow/example_dags/example_xcomargs.py took 0.236 seconds
[2023-10-04T21:09:31.216+0300] {processor.py:157} INFO - Started process (PID=23142) to work on /home/paulet/anaconda3/lib/python3.10/site-packages/airflow/example_dags/example_xcomargs.py
[2023-10-04T21:09:31.250+0300] {processor.py:826} INFO - Processing file /home/paulet/anaconda3/lib/python3.10/site-packages/airflow/example_dags/example_xcomargs.py for tasks to queue
[2023-10-04T21:09:31.251+0300] {logging_mixin.py:149} INFO - [2023-10-04T21:09:31.251+0300] {dagbag.py:541} INFO - Filling up the DagBag from /home/paulet/anaconda3/lib/python3.10/site-packages/airflow/example_dags/example_xcomargs.py
[2023-10-04T21:09:31.264+0300] {processor.py:836} INFO - DAG(s) dict_keys(['example_xcom_args_with_operators', 'example_xcom_args']) retrieved from /home/paulet/anaconda3/lib/python3.10/site-packages/airflow/example_dags/example_xcomargs.py
[2023-10-04T21:09:31.294+0300] {logging_mixin.py:149} INFO - [2023-10-04T21:09:31.294+0300] {dag.py:2726} INFO - Sync 2 DAGs
[2023-10-04T21:09:31.318+0300] {logging_mixin.py:149} INFO - [2023-10-04T21:09:31.318+0300] {dag.py:3486} INFO - Setting next_dagrun for example_xcom_args to None, run_after=None
[2023-10-04T21:09:31.322+0300] {logging_mixin.py:149} INFO - [2023-10-04T21:09:31.322+0300] {dag.py:3486} INFO - Setting next_dagrun for example_xcom_args_with_operators to None, run_after=None
[2023-10-04T21:09:31.540+0300] {processor.py:179} INFO - Processing /home/paulet/anaconda3/lib/python3.10/site-packages/airflow/example_dags/example_xcomargs.py took 0.328 seconds
[2023-10-04T21:10:22.685+0300] {processor.py:157} INFO - Started process (PID=23236) to work on /home/paulet/anaconda3/lib/python3.10/site-packages/airflow/example_dags/example_xcomargs.py
[2023-10-04T21:10:22.687+0300] {processor.py:826} INFO - Processing file /home/paulet/anaconda3/lib/python3.10/site-packages/airflow/example_dags/example_xcomargs.py for tasks to queue
[2023-10-04T21:10:22.688+0300] {logging_mixin.py:149} INFO - [2023-10-04T21:10:22.688+0300] {dagbag.py:541} INFO - Filling up the DagBag from /home/paulet/anaconda3/lib/python3.10/site-packages/airflow/example_dags/example_xcomargs.py
[2023-10-04T21:10:22.700+0300] {processor.py:836} INFO - DAG(s) dict_keys(['example_xcom_args', 'example_xcom_args_with_operators']) retrieved from /home/paulet/anaconda3/lib/python3.10/site-packages/airflow/example_dags/example_xcomargs.py
[2023-10-04T21:10:22.729+0300] {logging_mixin.py:149} INFO - [2023-10-04T21:10:22.729+0300] {dag.py:2726} INFO - Sync 2 DAGs
[2023-10-04T21:10:22.757+0300] {logging_mixin.py:149} INFO - [2023-10-04T21:10:22.756+0300] {dag.py:3486} INFO - Setting next_dagrun for example_xcom_args to None, run_after=None
[2023-10-04T21:10:22.760+0300] {logging_mixin.py:149} INFO - [2023-10-04T21:10:22.760+0300] {dag.py:3486} INFO - Setting next_dagrun for example_xcom_args_with_operators to None, run_after=None
[2023-10-04T21:10:22.874+0300] {processor.py:179} INFO - Processing /home/paulet/anaconda3/lib/python3.10/site-packages/airflow/example_dags/example_xcomargs.py took 0.192 seconds
[2023-10-04T21:51:32.700+0300] {processor.py:157} INFO - Started process (PID=26889) to work on /home/paulet/anaconda3/lib/python3.10/site-packages/airflow/example_dags/example_xcomargs.py
[2023-10-04T21:51:32.702+0300] {processor.py:826} INFO - Processing file /home/paulet/anaconda3/lib/python3.10/site-packages/airflow/example_dags/example_xcomargs.py for tasks to queue
[2023-10-04T21:51:32.703+0300] {logging_mixin.py:149} INFO - [2023-10-04T21:51:32.702+0300] {dagbag.py:541} INFO - Filling up the DagBag from /home/paulet/anaconda3/lib/python3.10/site-packages/airflow/example_dags/example_xcomargs.py
[2023-10-04T21:51:32.719+0300] {processor.py:836} INFO - DAG(s) dict_keys(['example_xcom_args_with_operators', 'example_xcom_args']) retrieved from /home/paulet/anaconda3/lib/python3.10/site-packages/airflow/example_dags/example_xcomargs.py
[2023-10-04T21:51:32.752+0300] {logging_mixin.py:149} INFO - [2023-10-04T21:51:32.751+0300] {dag.py:2726} INFO - Sync 2 DAGs
[2023-10-04T21:51:32.776+0300] {logging_mixin.py:149} INFO - [2023-10-04T21:51:32.776+0300] {dag.py:3486} INFO - Setting next_dagrun for example_xcom_args to None, run_after=None
[2023-10-04T21:51:32.780+0300] {logging_mixin.py:149} INFO - [2023-10-04T21:51:32.780+0300] {dag.py:3486} INFO - Setting next_dagrun for example_xcom_args_with_operators to None, run_after=None
[2023-10-04T21:51:32.933+0300] {processor.py:179} INFO - Processing /home/paulet/anaconda3/lib/python3.10/site-packages/airflow/example_dags/example_xcomargs.py took 0.237 seconds
[2023-10-04T21:52:40.940+0300] {processor.py:157} INFO - Started process (PID=27017) to work on /home/paulet/anaconda3/lib/python3.10/site-packages/airflow/example_dags/example_xcomargs.py
[2023-10-04T21:52:40.942+0300] {processor.py:826} INFO - Processing file /home/paulet/anaconda3/lib/python3.10/site-packages/airflow/example_dags/example_xcomargs.py for tasks to queue
[2023-10-04T21:52:40.943+0300] {logging_mixin.py:149} INFO - [2023-10-04T21:52:40.942+0300] {dagbag.py:541} INFO - Filling up the DagBag from /home/paulet/anaconda3/lib/python3.10/site-packages/airflow/example_dags/example_xcomargs.py
[2023-10-04T21:52:40.956+0300] {processor.py:836} INFO - DAG(s) dict_keys(['example_xcom_args_with_operators', 'example_xcom_args']) retrieved from /home/paulet/anaconda3/lib/python3.10/site-packages/airflow/example_dags/example_xcomargs.py
[2023-10-04T21:52:40.984+0300] {logging_mixin.py:149} INFO - [2023-10-04T21:52:40.984+0300] {dag.py:2726} INFO - Sync 2 DAGs
[2023-10-04T21:52:41.007+0300] {logging_mixin.py:149} INFO - [2023-10-04T21:52:41.007+0300] {dag.py:3486} INFO - Setting next_dagrun for example_xcom_args to None, run_after=None
[2023-10-04T21:52:41.011+0300] {logging_mixin.py:149} INFO - [2023-10-04T21:52:41.011+0300] {dag.py:3486} INFO - Setting next_dagrun for example_xcom_args_with_operators to None, run_after=None
[2023-10-04T21:52:41.151+0300] {processor.py:179} INFO - Processing /home/paulet/anaconda3/lib/python3.10/site-packages/airflow/example_dags/example_xcomargs.py took 0.215 seconds
[2023-10-04T21:53:38.325+0300] {processor.py:157} INFO - Started process (PID=27088) to work on /home/paulet/anaconda3/lib/python3.10/site-packages/airflow/example_dags/example_xcomargs.py
[2023-10-04T21:53:38.327+0300] {processor.py:826} INFO - Processing file /home/paulet/anaconda3/lib/python3.10/site-packages/airflow/example_dags/example_xcomargs.py for tasks to queue
[2023-10-04T21:53:38.328+0300] {logging_mixin.py:149} INFO - [2023-10-04T21:53:38.327+0300] {dagbag.py:541} INFO - Filling up the DagBag from /home/paulet/anaconda3/lib/python3.10/site-packages/airflow/example_dags/example_xcomargs.py
[2023-10-04T21:53:38.340+0300] {processor.py:836} INFO - DAG(s) dict_keys(['example_xcom_args_with_operators', 'example_xcom_args']) retrieved from /home/paulet/anaconda3/lib/python3.10/site-packages/airflow/example_dags/example_xcomargs.py
[2023-10-04T21:53:38.369+0300] {logging_mixin.py:149} INFO - [2023-10-04T21:53:38.369+0300] {dag.py:2726} INFO - Sync 2 DAGs
[2023-10-04T21:53:38.394+0300] {logging_mixin.py:149} INFO - [2023-10-04T21:53:38.394+0300] {dag.py:3486} INFO - Setting next_dagrun for example_xcom_args to None, run_after=None
[2023-10-04T21:53:38.399+0300] {logging_mixin.py:149} INFO - [2023-10-04T21:53:38.399+0300] {dag.py:3486} INFO - Setting next_dagrun for example_xcom_args_with_operators to None, run_after=None
[2023-10-04T21:53:38.523+0300] {processor.py:179} INFO - Processing /home/paulet/anaconda3/lib/python3.10/site-packages/airflow/example_dags/example_xcomargs.py took 0.203 seconds
[2023-10-04T21:54:42.237+0300] {processor.py:157} INFO - Started process (PID=27167) to work on /home/paulet/anaconda3/lib/python3.10/site-packages/airflow/example_dags/example_xcomargs.py
[2023-10-04T21:54:42.238+0300] {processor.py:826} INFO - Processing file /home/paulet/anaconda3/lib/python3.10/site-packages/airflow/example_dags/example_xcomargs.py for tasks to queue
[2023-10-04T21:54:42.239+0300] {logging_mixin.py:149} INFO - [2023-10-04T21:54:42.239+0300] {dagbag.py:541} INFO - Filling up the DagBag from /home/paulet/anaconda3/lib/python3.10/site-packages/airflow/example_dags/example_xcomargs.py
[2023-10-04T21:54:42.252+0300] {processor.py:836} INFO - DAG(s) dict_keys(['example_xcom_args_with_operators', 'example_xcom_args']) retrieved from /home/paulet/anaconda3/lib/python3.10/site-packages/airflow/example_dags/example_xcomargs.py
[2023-10-04T21:54:42.278+0300] {logging_mixin.py:149} INFO - [2023-10-04T21:54:42.278+0300] {dag.py:2726} INFO - Sync 2 DAGs
[2023-10-04T21:54:42.300+0300] {logging_mixin.py:149} INFO - [2023-10-04T21:54:42.300+0300] {dag.py:3486} INFO - Setting next_dagrun for example_xcom_args to None, run_after=None
[2023-10-04T21:54:42.304+0300] {logging_mixin.py:149} INFO - [2023-10-04T21:54:42.304+0300] {dag.py:3486} INFO - Setting next_dagrun for example_xcom_args_with_operators to None, run_after=None
[2023-10-04T21:54:42.442+0300] {processor.py:179} INFO - Processing /home/paulet/anaconda3/lib/python3.10/site-packages/airflow/example_dags/example_xcomargs.py took 0.210 seconds
[2023-10-04T21:55:37.109+0300] {processor.py:157} INFO - Started process (PID=27328) to work on /home/paulet/anaconda3/lib/python3.10/site-packages/airflow/example_dags/example_xcomargs.py
[2023-10-04T21:55:37.110+0300] {processor.py:826} INFO - Processing file /home/paulet/anaconda3/lib/python3.10/site-packages/airflow/example_dags/example_xcomargs.py for tasks to queue
[2023-10-04T21:55:37.112+0300] {logging_mixin.py:149} INFO - [2023-10-04T21:55:37.111+0300] {dagbag.py:541} INFO - Filling up the DagBag from /home/paulet/anaconda3/lib/python3.10/site-packages/airflow/example_dags/example_xcomargs.py
[2023-10-04T21:55:37.123+0300] {processor.py:836} INFO - DAG(s) dict_keys(['example_xcom_args', 'example_xcom_args_with_operators']) retrieved from /home/paulet/anaconda3/lib/python3.10/site-packages/airflow/example_dags/example_xcomargs.py
[2023-10-04T21:55:37.158+0300] {logging_mixin.py:149} INFO - [2023-10-04T21:55:37.157+0300] {dag.py:2726} INFO - Sync 2 DAGs
[2023-10-04T21:55:37.185+0300] {logging_mixin.py:149} INFO - [2023-10-04T21:55:37.185+0300] {dag.py:3486} INFO - Setting next_dagrun for example_xcom_args to None, run_after=None
[2023-10-04T21:55:37.189+0300] {logging_mixin.py:149} INFO - [2023-10-04T21:55:37.189+0300] {dag.py:3486} INFO - Setting next_dagrun for example_xcom_args_with_operators to None, run_after=None
[2023-10-04T21:55:37.655+0300] {processor.py:179} INFO - Processing /home/paulet/anaconda3/lib/python3.10/site-packages/airflow/example_dags/example_xcomargs.py took 0.550 seconds
