[2023-10-04T18:09:36.901+0300] {processor.py:157} INFO - Started process (PID=14174) to work on /home/paulet/anaconda3/lib/python3.10/site-packages/airflow/example_dags/example_params_trigger_ui.py
[2023-10-04T18:09:36.902+0300] {processor.py:826} INFO - Processing file /home/paulet/anaconda3/lib/python3.10/site-packages/airflow/example_dags/example_params_trigger_ui.py for tasks to queue
[2023-10-04T18:09:36.903+0300] {logging_mixin.py:149} INFO - [2023-10-04T18:09:36.903+0300] {dagbag.py:541} INFO - Filling up the DagBag from /home/paulet/anaconda3/lib/python3.10/site-packages/airflow/example_dags/example_params_trigger_ui.py
[2023-10-04T18:09:36.935+0300] {processor.py:836} INFO - DAG(s) dict_keys(['example_params_trigger_ui']) retrieved from /home/paulet/anaconda3/lib/python3.10/site-packages/airflow/example_dags/example_params_trigger_ui.py
[2023-10-04T18:09:37.355+0300] {logging_mixin.py:149} INFO - [2023-10-04T18:09:37.354+0300] {manager.py:504} INFO - Created Permission View: can edit on DAG:example_params_trigger_ui
[2023-10-04T18:09:37.488+0300] {logging_mixin.py:149} INFO - [2023-10-04T18:09:37.487+0300] {manager.py:504} INFO - Created Permission View: can read on DAG:example_params_trigger_ui
[2023-10-04T18:09:37.620+0300] {logging_mixin.py:149} INFO - [2023-10-04T18:09:37.619+0300] {manager.py:504} INFO - Created Permission View: can delete on DAG:example_params_trigger_ui
[2023-10-04T18:09:37.620+0300] {logging_mixin.py:149} INFO - [2023-10-04T18:09:37.620+0300] {dag.py:2726} INFO - Sync 1 DAGs
[2023-10-04T18:09:37.651+0300] {logging_mixin.py:149} INFO - [2023-10-04T18:09:37.650+0300] {dag.py:2747} INFO - Creating ORM DAG for example_params_trigger_ui
[2023-10-04T18:09:37.672+0300] {logging_mixin.py:149} INFO - [2023-10-04T18:09:37.672+0300] {dag.py:3486} INFO - Setting next_dagrun for example_params_trigger_ui to None, run_after=None
[2023-10-04T18:09:37.885+0300] {processor.py:179} INFO - Processing /home/paulet/anaconda3/lib/python3.10/site-packages/airflow/example_dags/example_params_trigger_ui.py took 0.988 seconds
[2023-10-04T18:11:18.549+0300] {processor.py:157} INFO - Started process (PID=14722) to work on /home/paulet/anaconda3/lib/python3.10/site-packages/airflow/example_dags/example_params_trigger_ui.py
[2023-10-04T18:11:18.550+0300] {processor.py:826} INFO - Processing file /home/paulet/anaconda3/lib/python3.10/site-packages/airflow/example_dags/example_params_trigger_ui.py for tasks to queue
[2023-10-04T18:11:18.551+0300] {logging_mixin.py:149} INFO - [2023-10-04T18:11:18.551+0300] {dagbag.py:541} INFO - Filling up the DagBag from /home/paulet/anaconda3/lib/python3.10/site-packages/airflow/example_dags/example_params_trigger_ui.py
[2023-10-04T18:11:18.581+0300] {processor.py:836} INFO - DAG(s) dict_keys(['example_params_trigger_ui']) retrieved from /home/paulet/anaconda3/lib/python3.10/site-packages/airflow/example_dags/example_params_trigger_ui.py
[2023-10-04T18:11:18.675+0300] {logging_mixin.py:149} INFO - [2023-10-04T18:11:18.675+0300] {dag.py:2726} INFO - Sync 1 DAGs
[2023-10-04T18:11:18.700+0300] {logging_mixin.py:149} INFO - [2023-10-04T18:11:18.700+0300] {dag.py:3486} INFO - Setting next_dagrun for example_params_trigger_ui to None, run_after=None
[2023-10-04T18:11:18.827+0300] {processor.py:179} INFO - Processing /home/paulet/anaconda3/lib/python3.10/site-packages/airflow/example_dags/example_params_trigger_ui.py took 0.282 seconds
[2023-10-04T18:14:05.468+0300] {processor.py:157} INFO - Started process (PID=15976) to work on /home/paulet/anaconda3/lib/python3.10/site-packages/airflow/example_dags/example_params_trigger_ui.py
[2023-10-04T18:14:05.582+0300] {processor.py:826} INFO - Processing file /home/paulet/anaconda3/lib/python3.10/site-packages/airflow/example_dags/example_params_trigger_ui.py for tasks to queue
[2023-10-04T18:14:05.583+0300] {logging_mixin.py:149} INFO - [2023-10-04T18:14:05.583+0300] {dagbag.py:541} INFO - Filling up the DagBag from /home/paulet/anaconda3/lib/python3.10/site-packages/airflow/example_dags/example_params_trigger_ui.py
[2023-10-04T18:14:05.616+0300] {processor.py:836} INFO - DAG(s) dict_keys(['example_params_trigger_ui']) retrieved from /home/paulet/anaconda3/lib/python3.10/site-packages/airflow/example_dags/example_params_trigger_ui.py
[2023-10-04T18:14:05.713+0300] {logging_mixin.py:149} INFO - [2023-10-04T18:14:05.712+0300] {dag.py:2726} INFO - Sync 1 DAGs
[2023-10-04T18:14:05.735+0300] {logging_mixin.py:149} INFO - [2023-10-04T18:14:05.735+0300] {dag.py:3486} INFO - Setting next_dagrun for example_params_trigger_ui to None, run_after=None
[2023-10-04T18:14:06.091+0300] {processor.py:179} INFO - Processing /home/paulet/anaconda3/lib/python3.10/site-packages/airflow/example_dags/example_params_trigger_ui.py took 0.628 seconds
[2023-10-04T18:15:17.542+0300] {processor.py:157} INFO - Started process (PID=16095) to work on /home/paulet/anaconda3/lib/python3.10/site-packages/airflow/example_dags/example_params_trigger_ui.py
[2023-10-04T18:15:17.553+0300] {processor.py:826} INFO - Processing file /home/paulet/anaconda3/lib/python3.10/site-packages/airflow/example_dags/example_params_trigger_ui.py for tasks to queue
[2023-10-04T18:15:17.554+0300] {logging_mixin.py:149} INFO - [2023-10-04T18:15:17.554+0300] {dagbag.py:541} INFO - Filling up the DagBag from /home/paulet/anaconda3/lib/python3.10/site-packages/airflow/example_dags/example_params_trigger_ui.py
[2023-10-04T18:15:17.586+0300] {processor.py:836} INFO - DAG(s) dict_keys(['example_params_trigger_ui']) retrieved from /home/paulet/anaconda3/lib/python3.10/site-packages/airflow/example_dags/example_params_trigger_ui.py
[2023-10-04T18:15:17.679+0300] {logging_mixin.py:149} INFO - [2023-10-04T18:15:17.679+0300] {dag.py:2726} INFO - Sync 1 DAGs
[2023-10-04T18:15:17.706+0300] {logging_mixin.py:149} INFO - [2023-10-04T18:15:17.706+0300] {dag.py:3486} INFO - Setting next_dagrun for example_params_trigger_ui to None, run_after=None
[2023-10-04T18:15:17.819+0300] {processor.py:179} INFO - Processing /home/paulet/anaconda3/lib/python3.10/site-packages/airflow/example_dags/example_params_trigger_ui.py took 0.281 seconds
[2023-10-04T18:16:09.999+0300] {processor.py:157} INFO - Started process (PID=16146) to work on /home/paulet/anaconda3/lib/python3.10/site-packages/airflow/example_dags/example_params_trigger_ui.py
[2023-10-04T18:16:10.013+0300] {processor.py:826} INFO - Processing file /home/paulet/anaconda3/lib/python3.10/site-packages/airflow/example_dags/example_params_trigger_ui.py for tasks to queue
[2023-10-04T18:16:10.014+0300] {logging_mixin.py:149} INFO - [2023-10-04T18:16:10.014+0300] {dagbag.py:541} INFO - Filling up the DagBag from /home/paulet/anaconda3/lib/python3.10/site-packages/airflow/example_dags/example_params_trigger_ui.py
[2023-10-04T18:16:10.045+0300] {processor.py:836} INFO - DAG(s) dict_keys(['example_params_trigger_ui']) retrieved from /home/paulet/anaconda3/lib/python3.10/site-packages/airflow/example_dags/example_params_trigger_ui.py
[2023-10-04T18:16:10.147+0300] {logging_mixin.py:149} INFO - [2023-10-04T18:16:10.147+0300] {dag.py:2726} INFO - Sync 1 DAGs
[2023-10-04T18:16:10.174+0300] {logging_mixin.py:149} INFO - [2023-10-04T18:16:10.174+0300] {dag.py:3486} INFO - Setting next_dagrun for example_params_trigger_ui to None, run_after=None
[2023-10-04T18:16:10.293+0300] {processor.py:179} INFO - Processing /home/paulet/anaconda3/lib/python3.10/site-packages/airflow/example_dags/example_params_trigger_ui.py took 0.298 seconds
[2023-10-04T18:17:38.333+0300] {processor.py:157} INFO - Started process (PID=16257) to work on /home/paulet/anaconda3/lib/python3.10/site-packages/airflow/example_dags/example_params_trigger_ui.py
[2023-10-04T18:17:38.341+0300] {processor.py:826} INFO - Processing file /home/paulet/anaconda3/lib/python3.10/site-packages/airflow/example_dags/example_params_trigger_ui.py for tasks to queue
[2023-10-04T18:17:38.343+0300] {logging_mixin.py:149} INFO - [2023-10-04T18:17:38.342+0300] {dagbag.py:541} INFO - Filling up the DagBag from /home/paulet/anaconda3/lib/python3.10/site-packages/airflow/example_dags/example_params_trigger_ui.py
[2023-10-04T18:17:38.381+0300] {processor.py:836} INFO - DAG(s) dict_keys(['example_params_trigger_ui']) retrieved from /home/paulet/anaconda3/lib/python3.10/site-packages/airflow/example_dags/example_params_trigger_ui.py
[2023-10-04T18:17:38.476+0300] {logging_mixin.py:149} INFO - [2023-10-04T18:17:38.476+0300] {dag.py:2726} INFO - Sync 1 DAGs
[2023-10-04T18:17:38.500+0300] {logging_mixin.py:149} INFO - [2023-10-04T18:17:38.500+0300] {dag.py:3486} INFO - Setting next_dagrun for example_params_trigger_ui to None, run_after=None
[2023-10-04T18:17:38.617+0300] {processor.py:179} INFO - Processing /home/paulet/anaconda3/lib/python3.10/site-packages/airflow/example_dags/example_params_trigger_ui.py took 0.288 seconds
[2023-10-04T21:00:45.773+0300] {processor.py:157} INFO - Started process (PID=22439) to work on /home/paulet/anaconda3/lib/python3.10/site-packages/airflow/example_dags/example_params_trigger_ui.py
[2023-10-04T21:00:45.774+0300] {processor.py:826} INFO - Processing file /home/paulet/anaconda3/lib/python3.10/site-packages/airflow/example_dags/example_params_trigger_ui.py for tasks to queue
[2023-10-04T21:00:45.775+0300] {logging_mixin.py:149} INFO - [2023-10-04T21:00:45.775+0300] {dagbag.py:541} INFO - Filling up the DagBag from /home/paulet/anaconda3/lib/python3.10/site-packages/airflow/example_dags/example_params_trigger_ui.py
[2023-10-04T21:00:45.829+0300] {processor.py:836} INFO - DAG(s) dict_keys(['example_params_trigger_ui']) retrieved from /home/paulet/anaconda3/lib/python3.10/site-packages/airflow/example_dags/example_params_trigger_ui.py
[2023-10-04T21:00:45.918+0300] {logging_mixin.py:149} INFO - [2023-10-04T21:00:45.918+0300] {dag.py:2726} INFO - Sync 1 DAGs
[2023-10-04T21:00:45.942+0300] {logging_mixin.py:149} INFO - [2023-10-04T21:00:45.941+0300] {dag.py:3486} INFO - Setting next_dagrun for example_params_trigger_ui to None, run_after=None
[2023-10-04T21:00:46.083+0300] {processor.py:179} INFO - Processing /home/paulet/anaconda3/lib/python3.10/site-packages/airflow/example_dags/example_params_trigger_ui.py took 0.315 seconds
[2023-10-04T21:02:00.772+0300] {processor.py:157} INFO - Started process (PID=22634) to work on /home/paulet/anaconda3/lib/python3.10/site-packages/airflow/example_dags/example_params_trigger_ui.py
[2023-10-04T21:02:00.774+0300] {processor.py:826} INFO - Processing file /home/paulet/anaconda3/lib/python3.10/site-packages/airflow/example_dags/example_params_trigger_ui.py for tasks to queue
[2023-10-04T21:02:00.775+0300] {logging_mixin.py:149} INFO - [2023-10-04T21:02:00.774+0300] {dagbag.py:541} INFO - Filling up the DagBag from /home/paulet/anaconda3/lib/python3.10/site-packages/airflow/example_dags/example_params_trigger_ui.py
[2023-10-04T21:02:00.805+0300] {processor.py:836} INFO - DAG(s) dict_keys(['example_params_trigger_ui']) retrieved from /home/paulet/anaconda3/lib/python3.10/site-packages/airflow/example_dags/example_params_trigger_ui.py
[2023-10-04T21:02:00.896+0300] {logging_mixin.py:149} INFO - [2023-10-04T21:02:00.896+0300] {dag.py:2726} INFO - Sync 1 DAGs
[2023-10-04T21:02:00.919+0300] {logging_mixin.py:149} INFO - [2023-10-04T21:02:00.919+0300] {dag.py:3486} INFO - Setting next_dagrun for example_params_trigger_ui to None, run_after=None
[2023-10-04T21:02:01.037+0300] {processor.py:179} INFO - Processing /home/paulet/anaconda3/lib/python3.10/site-packages/airflow/example_dags/example_params_trigger_ui.py took 0.269 seconds
[2023-10-04T21:02:55.847+0300] {processor.py:157} INFO - Started process (PID=22685) to work on /home/paulet/anaconda3/lib/python3.10/site-packages/airflow/example_dags/example_params_trigger_ui.py
[2023-10-04T21:02:55.873+0300] {processor.py:826} INFO - Processing file /home/paulet/anaconda3/lib/python3.10/site-packages/airflow/example_dags/example_params_trigger_ui.py for tasks to queue
[2023-10-04T21:02:55.874+0300] {logging_mixin.py:149} INFO - [2023-10-04T21:02:55.874+0300] {dagbag.py:541} INFO - Filling up the DagBag from /home/paulet/anaconda3/lib/python3.10/site-packages/airflow/example_dags/example_params_trigger_ui.py
[2023-10-04T21:02:55.907+0300] {processor.py:836} INFO - DAG(s) dict_keys(['example_params_trigger_ui']) retrieved from /home/paulet/anaconda3/lib/python3.10/site-packages/airflow/example_dags/example_params_trigger_ui.py
[2023-10-04T21:02:55.997+0300] {logging_mixin.py:149} INFO - [2023-10-04T21:02:55.996+0300] {dag.py:2726} INFO - Sync 1 DAGs
[2023-10-04T21:02:56.020+0300] {logging_mixin.py:149} INFO - [2023-10-04T21:02:56.020+0300] {dag.py:3486} INFO - Setting next_dagrun for example_params_trigger_ui to None, run_after=None
[2023-10-04T21:02:56.159+0300] {processor.py:179} INFO - Processing /home/paulet/anaconda3/lib/python3.10/site-packages/airflow/example_dags/example_params_trigger_ui.py took 0.317 seconds
[2023-10-04T21:03:53.348+0300] {processor.py:157} INFO - Started process (PID=22736) to work on /home/paulet/anaconda3/lib/python3.10/site-packages/airflow/example_dags/example_params_trigger_ui.py
[2023-10-04T21:03:53.350+0300] {processor.py:826} INFO - Processing file /home/paulet/anaconda3/lib/python3.10/site-packages/airflow/example_dags/example_params_trigger_ui.py for tasks to queue
[2023-10-04T21:03:53.351+0300] {logging_mixin.py:149} INFO - [2023-10-04T21:03:53.351+0300] {dagbag.py:541} INFO - Filling up the DagBag from /home/paulet/anaconda3/lib/python3.10/site-packages/airflow/example_dags/example_params_trigger_ui.py
[2023-10-04T21:03:53.381+0300] {processor.py:836} INFO - DAG(s) dict_keys(['example_params_trigger_ui']) retrieved from /home/paulet/anaconda3/lib/python3.10/site-packages/airflow/example_dags/example_params_trigger_ui.py
[2023-10-04T21:03:53.470+0300] {logging_mixin.py:149} INFO - [2023-10-04T21:03:53.470+0300] {dag.py:2726} INFO - Sync 1 DAGs
[2023-10-04T21:03:53.493+0300] {logging_mixin.py:149} INFO - [2023-10-04T21:03:53.492+0300] {dag.py:3486} INFO - Setting next_dagrun for example_params_trigger_ui to None, run_after=None
[2023-10-04T21:03:53.643+0300] {processor.py:179} INFO - Processing /home/paulet/anaconda3/lib/python3.10/site-packages/airflow/example_dags/example_params_trigger_ui.py took 0.299 seconds
[2023-10-04T21:04:51.048+0300] {processor.py:157} INFO - Started process (PID=22810) to work on /home/paulet/anaconda3/lib/python3.10/site-packages/airflow/example_dags/example_params_trigger_ui.py
[2023-10-04T21:04:51.069+0300] {processor.py:826} INFO - Processing file /home/paulet/anaconda3/lib/python3.10/site-packages/airflow/example_dags/example_params_trigger_ui.py for tasks to queue
[2023-10-04T21:04:51.070+0300] {logging_mixin.py:149} INFO - [2023-10-04T21:04:51.070+0300] {dagbag.py:541} INFO - Filling up the DagBag from /home/paulet/anaconda3/lib/python3.10/site-packages/airflow/example_dags/example_params_trigger_ui.py
[2023-10-04T21:04:51.107+0300] {processor.py:836} INFO - DAG(s) dict_keys(['example_params_trigger_ui']) retrieved from /home/paulet/anaconda3/lib/python3.10/site-packages/airflow/example_dags/example_params_trigger_ui.py
[2023-10-04T21:04:51.199+0300] {logging_mixin.py:149} INFO - [2023-10-04T21:04:51.199+0300] {dag.py:2726} INFO - Sync 1 DAGs
[2023-10-04T21:04:51.222+0300] {logging_mixin.py:149} INFO - [2023-10-04T21:04:51.222+0300] {dag.py:3486} INFO - Setting next_dagrun for example_params_trigger_ui to None, run_after=None
[2023-10-04T21:04:51.351+0300] {processor.py:179} INFO - Processing /home/paulet/anaconda3/lib/python3.10/site-packages/airflow/example_dags/example_params_trigger_ui.py took 0.307 seconds
[2023-10-04T21:05:46.172+0300] {processor.py:157} INFO - Started process (PID=22887) to work on /home/paulet/anaconda3/lib/python3.10/site-packages/airflow/example_dags/example_params_trigger_ui.py
[2023-10-04T21:05:46.173+0300] {processor.py:826} INFO - Processing file /home/paulet/anaconda3/lib/python3.10/site-packages/airflow/example_dags/example_params_trigger_ui.py for tasks to queue
[2023-10-04T21:05:46.174+0300] {logging_mixin.py:149} INFO - [2023-10-04T21:05:46.174+0300] {dagbag.py:541} INFO - Filling up the DagBag from /home/paulet/anaconda3/lib/python3.10/site-packages/airflow/example_dags/example_params_trigger_ui.py
[2023-10-04T21:05:46.205+0300] {processor.py:836} INFO - DAG(s) dict_keys(['example_params_trigger_ui']) retrieved from /home/paulet/anaconda3/lib/python3.10/site-packages/airflow/example_dags/example_params_trigger_ui.py
[2023-10-04T21:05:46.292+0300] {logging_mixin.py:149} INFO - [2023-10-04T21:05:46.292+0300] {dag.py:2726} INFO - Sync 1 DAGs
[2023-10-04T21:05:46.316+0300] {logging_mixin.py:149} INFO - [2023-10-04T21:05:46.315+0300] {dag.py:3486} INFO - Setting next_dagrun for example_params_trigger_ui to None, run_after=None
[2023-10-04T21:05:46.469+0300] {processor.py:179} INFO - Processing /home/paulet/anaconda3/lib/python3.10/site-packages/airflow/example_dags/example_params_trigger_ui.py took 0.302 seconds
[2023-10-04T21:06:45.036+0300] {processor.py:157} INFO - Started process (PID=22938) to work on /home/paulet/anaconda3/lib/python3.10/site-packages/airflow/example_dags/example_params_trigger_ui.py
[2023-10-04T21:06:45.037+0300] {processor.py:826} INFO - Processing file /home/paulet/anaconda3/lib/python3.10/site-packages/airflow/example_dags/example_params_trigger_ui.py for tasks to queue
[2023-10-04T21:06:45.038+0300] {logging_mixin.py:149} INFO - [2023-10-04T21:06:45.038+0300] {dagbag.py:541} INFO - Filling up the DagBag from /home/paulet/anaconda3/lib/python3.10/site-packages/airflow/example_dags/example_params_trigger_ui.py
[2023-10-04T21:06:45.069+0300] {processor.py:836} INFO - DAG(s) dict_keys(['example_params_trigger_ui']) retrieved from /home/paulet/anaconda3/lib/python3.10/site-packages/airflow/example_dags/example_params_trigger_ui.py
[2023-10-04T21:06:45.160+0300] {logging_mixin.py:149} INFO - [2023-10-04T21:06:45.160+0300] {dag.py:2726} INFO - Sync 1 DAGs
[2023-10-04T21:06:45.183+0300] {logging_mixin.py:149} INFO - [2023-10-04T21:06:45.183+0300] {dag.py:3486} INFO - Setting next_dagrun for example_params_trigger_ui to None, run_after=None
[2023-10-04T21:06:45.318+0300] {processor.py:179} INFO - Processing /home/paulet/anaconda3/lib/python3.10/site-packages/airflow/example_dags/example_params_trigger_ui.py took 0.287 seconds
[2023-10-04T21:07:36.728+0300] {processor.py:157} INFO - Started process (PID=22987) to work on /home/paulet/anaconda3/lib/python3.10/site-packages/airflow/example_dags/example_params_trigger_ui.py
[2023-10-04T21:07:36.729+0300] {processor.py:826} INFO - Processing file /home/paulet/anaconda3/lib/python3.10/site-packages/airflow/example_dags/example_params_trigger_ui.py for tasks to queue
[2023-10-04T21:07:36.730+0300] {logging_mixin.py:149} INFO - [2023-10-04T21:07:36.730+0300] {dagbag.py:541} INFO - Filling up the DagBag from /home/paulet/anaconda3/lib/python3.10/site-packages/airflow/example_dags/example_params_trigger_ui.py
[2023-10-04T21:07:36.757+0300] {processor.py:836} INFO - DAG(s) dict_keys(['example_params_trigger_ui']) retrieved from /home/paulet/anaconda3/lib/python3.10/site-packages/airflow/example_dags/example_params_trigger_ui.py
[2023-10-04T21:07:36.844+0300] {logging_mixin.py:149} INFO - [2023-10-04T21:07:36.844+0300] {dag.py:2726} INFO - Sync 1 DAGs
[2023-10-04T21:07:36.867+0300] {logging_mixin.py:149} INFO - [2023-10-04T21:07:36.867+0300] {dag.py:3486} INFO - Setting next_dagrun for example_params_trigger_ui to None, run_after=None
[2023-10-04T21:07:37.041+0300] {processor.py:179} INFO - Processing /home/paulet/anaconda3/lib/python3.10/site-packages/airflow/example_dags/example_params_trigger_ui.py took 0.317 seconds
[2023-10-04T21:08:24.305+0300] {processor.py:157} INFO - Started process (PID=23032) to work on /home/paulet/anaconda3/lib/python3.10/site-packages/airflow/example_dags/example_params_trigger_ui.py
[2023-10-04T21:08:24.337+0300] {processor.py:826} INFO - Processing file /home/paulet/anaconda3/lib/python3.10/site-packages/airflow/example_dags/example_params_trigger_ui.py for tasks to queue
[2023-10-04T21:08:24.338+0300] {logging_mixin.py:149} INFO - [2023-10-04T21:08:24.338+0300] {dagbag.py:541} INFO - Filling up the DagBag from /home/paulet/anaconda3/lib/python3.10/site-packages/airflow/example_dags/example_params_trigger_ui.py
[2023-10-04T21:08:24.372+0300] {processor.py:836} INFO - DAG(s) dict_keys(['example_params_trigger_ui']) retrieved from /home/paulet/anaconda3/lib/python3.10/site-packages/airflow/example_dags/example_params_trigger_ui.py
[2023-10-04T21:08:24.465+0300] {logging_mixin.py:149} INFO - [2023-10-04T21:08:24.465+0300] {dag.py:2726} INFO - Sync 1 DAGs
[2023-10-04T21:08:24.487+0300] {logging_mixin.py:149} INFO - [2023-10-04T21:08:24.487+0300] {dag.py:3486} INFO - Setting next_dagrun for example_params_trigger_ui to None, run_after=None
[2023-10-04T21:08:24.612+0300] {processor.py:179} INFO - Processing /home/paulet/anaconda3/lib/python3.10/site-packages/airflow/example_dags/example_params_trigger_ui.py took 0.312 seconds
[2023-10-04T21:09:14.126+0300] {processor.py:157} INFO - Started process (PID=23097) to work on /home/paulet/anaconda3/lib/python3.10/site-packages/airflow/example_dags/example_params_trigger_ui.py
[2023-10-04T21:09:14.152+0300] {processor.py:826} INFO - Processing file /home/paulet/anaconda3/lib/python3.10/site-packages/airflow/example_dags/example_params_trigger_ui.py for tasks to queue
[2023-10-04T21:09:14.153+0300] {logging_mixin.py:149} INFO - [2023-10-04T21:09:14.153+0300] {dagbag.py:541} INFO - Filling up the DagBag from /home/paulet/anaconda3/lib/python3.10/site-packages/airflow/example_dags/example_params_trigger_ui.py
[2023-10-04T21:09:14.186+0300] {processor.py:836} INFO - DAG(s) dict_keys(['example_params_trigger_ui']) retrieved from /home/paulet/anaconda3/lib/python3.10/site-packages/airflow/example_dags/example_params_trigger_ui.py
[2023-10-04T21:09:14.275+0300] {logging_mixin.py:149} INFO - [2023-10-04T21:09:14.275+0300] {dag.py:2726} INFO - Sync 1 DAGs
[2023-10-04T21:09:14.301+0300] {logging_mixin.py:149} INFO - [2023-10-04T21:09:14.301+0300] {dag.py:3486} INFO - Setting next_dagrun for example_params_trigger_ui to None, run_after=None
[2023-10-04T21:09:14.405+0300] {processor.py:179} INFO - Processing /home/paulet/anaconda3/lib/python3.10/site-packages/airflow/example_dags/example_params_trigger_ui.py took 0.283 seconds
[2023-10-04T21:10:05.350+0300] {processor.py:157} INFO - Started process (PID=23185) to work on /home/paulet/anaconda3/lib/python3.10/site-packages/airflow/example_dags/example_params_trigger_ui.py
[2023-10-04T21:10:05.373+0300] {processor.py:826} INFO - Processing file /home/paulet/anaconda3/lib/python3.10/site-packages/airflow/example_dags/example_params_trigger_ui.py for tasks to queue
[2023-10-04T21:10:05.374+0300] {logging_mixin.py:149} INFO - [2023-10-04T21:10:05.374+0300] {dagbag.py:541} INFO - Filling up the DagBag from /home/paulet/anaconda3/lib/python3.10/site-packages/airflow/example_dags/example_params_trigger_ui.py
[2023-10-04T21:10:05.407+0300] {processor.py:836} INFO - DAG(s) dict_keys(['example_params_trigger_ui']) retrieved from /home/paulet/anaconda3/lib/python3.10/site-packages/airflow/example_dags/example_params_trigger_ui.py
[2023-10-04T21:10:05.502+0300] {logging_mixin.py:149} INFO - [2023-10-04T21:10:05.502+0300] {dag.py:2726} INFO - Sync 1 DAGs
[2023-10-04T21:10:05.528+0300] {logging_mixin.py:149} INFO - [2023-10-04T21:10:05.528+0300] {dag.py:3486} INFO - Setting next_dagrun for example_params_trigger_ui to None, run_after=None
[2023-10-04T21:10:05.636+0300] {processor.py:179} INFO - Processing /home/paulet/anaconda3/lib/python3.10/site-packages/airflow/example_dags/example_params_trigger_ui.py took 0.290 seconds
[2023-10-04T21:52:10.336+0300] {processor.py:157} INFO - Started process (PID=26948) to work on /home/paulet/anaconda3/lib/python3.10/site-packages/airflow/example_dags/example_params_trigger_ui.py
[2023-10-04T21:52:10.362+0300] {processor.py:826} INFO - Processing file /home/paulet/anaconda3/lib/python3.10/site-packages/airflow/example_dags/example_params_trigger_ui.py for tasks to queue
[2023-10-04T21:52:10.363+0300] {logging_mixin.py:149} INFO - [2023-10-04T21:52:10.363+0300] {dagbag.py:541} INFO - Filling up the DagBag from /home/paulet/anaconda3/lib/python3.10/site-packages/airflow/example_dags/example_params_trigger_ui.py
[2023-10-04T21:52:10.425+0300] {processor.py:836} INFO - DAG(s) dict_keys(['example_params_trigger_ui']) retrieved from /home/paulet/anaconda3/lib/python3.10/site-packages/airflow/example_dags/example_params_trigger_ui.py
[2023-10-04T21:52:10.530+0300] {logging_mixin.py:149} INFO - [2023-10-04T21:52:10.530+0300] {dag.py:2726} INFO - Sync 1 DAGs
[2023-10-04T21:52:10.556+0300] {logging_mixin.py:149} INFO - [2023-10-04T21:52:10.556+0300] {dag.py:3486} INFO - Setting next_dagrun for example_params_trigger_ui to None, run_after=None
[2023-10-04T21:52:10.692+0300] {processor.py:179} INFO - Processing /home/paulet/anaconda3/lib/python3.10/site-packages/airflow/example_dags/example_params_trigger_ui.py took 0.361 seconds
[2023-10-04T21:53:09.020+0300] {processor.py:157} INFO - Started process (PID=27046) to work on /home/paulet/anaconda3/lib/python3.10/site-packages/airflow/example_dags/example_params_trigger_ui.py
[2023-10-04T21:53:09.047+0300] {processor.py:826} INFO - Processing file /home/paulet/anaconda3/lib/python3.10/site-packages/airflow/example_dags/example_params_trigger_ui.py for tasks to queue
[2023-10-04T21:53:09.048+0300] {logging_mixin.py:149} INFO - [2023-10-04T21:53:09.048+0300] {dagbag.py:541} INFO - Filling up the DagBag from /home/paulet/anaconda3/lib/python3.10/site-packages/airflow/example_dags/example_params_trigger_ui.py
[2023-10-04T21:53:09.081+0300] {processor.py:836} INFO - DAG(s) dict_keys(['example_params_trigger_ui']) retrieved from /home/paulet/anaconda3/lib/python3.10/site-packages/airflow/example_dags/example_params_trigger_ui.py
[2023-10-04T21:53:09.172+0300] {logging_mixin.py:149} INFO - [2023-10-04T21:53:09.172+0300] {dag.py:2726} INFO - Sync 1 DAGs
[2023-10-04T21:53:09.195+0300] {logging_mixin.py:149} INFO - [2023-10-04T21:53:09.194+0300] {dag.py:3486} INFO - Setting next_dagrun for example_params_trigger_ui to None, run_after=None
[2023-10-04T21:53:09.332+0300] {processor.py:179} INFO - Processing /home/paulet/anaconda3/lib/python3.10/site-packages/airflow/example_dags/example_params_trigger_ui.py took 0.316 seconds
[2023-10-04T21:54:12.476+0300] {processor.py:157} INFO - Started process (PID=27127) to work on /home/paulet/anaconda3/lib/python3.10/site-packages/airflow/example_dags/example_params_trigger_ui.py
[2023-10-04T21:54:12.500+0300] {processor.py:826} INFO - Processing file /home/paulet/anaconda3/lib/python3.10/site-packages/airflow/example_dags/example_params_trigger_ui.py for tasks to queue
[2023-10-04T21:54:12.501+0300] {logging_mixin.py:149} INFO - [2023-10-04T21:54:12.501+0300] {dagbag.py:541} INFO - Filling up the DagBag from /home/paulet/anaconda3/lib/python3.10/site-packages/airflow/example_dags/example_params_trigger_ui.py
[2023-10-04T21:54:12.533+0300] {processor.py:836} INFO - DAG(s) dict_keys(['example_params_trigger_ui']) retrieved from /home/paulet/anaconda3/lib/python3.10/site-packages/airflow/example_dags/example_params_trigger_ui.py
[2023-10-04T21:54:12.629+0300] {logging_mixin.py:149} INFO - [2023-10-04T21:54:12.628+0300] {dag.py:2726} INFO - Sync 1 DAGs
[2023-10-04T21:54:12.653+0300] {logging_mixin.py:149} INFO - [2023-10-04T21:54:12.653+0300] {dag.py:3486} INFO - Setting next_dagrun for example_params_trigger_ui to None, run_after=None
[2023-10-04T21:54:12.808+0300] {processor.py:179} INFO - Processing /home/paulet/anaconda3/lib/python3.10/site-packages/airflow/example_dags/example_params_trigger_ui.py took 0.335 seconds
[2023-10-04T21:55:08.667+0300] {processor.py:157} INFO - Started process (PID=27202) to work on /home/paulet/anaconda3/lib/python3.10/site-packages/airflow/example_dags/example_params_trigger_ui.py
[2023-10-04T21:55:08.725+0300] {processor.py:826} INFO - Processing file /home/paulet/anaconda3/lib/python3.10/site-packages/airflow/example_dags/example_params_trigger_ui.py for tasks to queue
[2023-10-04T21:55:08.726+0300] {logging_mixin.py:149} INFO - [2023-10-04T21:55:08.726+0300] {dagbag.py:541} INFO - Filling up the DagBag from /home/paulet/anaconda3/lib/python3.10/site-packages/airflow/example_dags/example_params_trigger_ui.py
[2023-10-04T21:55:08.768+0300] {processor.py:836} INFO - DAG(s) dict_keys(['example_params_trigger_ui']) retrieved from /home/paulet/anaconda3/lib/python3.10/site-packages/airflow/example_dags/example_params_trigger_ui.py
[2023-10-04T21:55:08.866+0300] {logging_mixin.py:149} INFO - [2023-10-04T21:55:08.866+0300] {dag.py:2726} INFO - Sync 1 DAGs
[2023-10-04T21:55:08.891+0300] {logging_mixin.py:149} INFO - [2023-10-04T21:55:08.891+0300] {dag.py:3486} INFO - Setting next_dagrun for example_params_trigger_ui to None, run_after=None
[2023-10-04T21:55:09.037+0300] {processor.py:179} INFO - Processing /home/paulet/anaconda3/lib/python3.10/site-packages/airflow/example_dags/example_params_trigger_ui.py took 0.373 seconds
