[2023-10-04T18:09:15.729+0300] {processor.py:157} INFO - Started process (PID=14083) to work on /home/paulet/anaconda3/lib/python3.10/site-packages/airflow/example_dags/example_nested_branch_dag.py
[2023-10-04T18:09:15.730+0300] {processor.py:826} INFO - Processing file /home/paulet/anaconda3/lib/python3.10/site-packages/airflow/example_dags/example_nested_branch_dag.py for tasks to queue
[2023-10-04T18:09:15.731+0300] {logging_mixin.py:149} INFO - [2023-10-04T18:09:15.731+0300] {dagbag.py:541} INFO - Filling up the DagBag from /home/paulet/anaconda3/lib/python3.10/site-packages/airflow/example_dags/example_nested_branch_dag.py
[2023-10-04T18:09:15.797+0300] {processor.py:836} INFO - DAG(s) dict_keys(['example_nested_branch_dag']) retrieved from /home/paulet/anaconda3/lib/python3.10/site-packages/airflow/example_dags/example_nested_branch_dag.py
[2023-10-04T18:09:16.167+0300] {logging_mixin.py:149} INFO - [2023-10-04T18:09:16.166+0300] {manager.py:504} INFO - Created Permission View: can edit on DAG:example_nested_branch_dag
[2023-10-04T18:09:16.289+0300] {logging_mixin.py:149} INFO - [2023-10-04T18:09:16.288+0300] {manager.py:504} INFO - Created Permission View: can read on DAG:example_nested_branch_dag
[2023-10-04T18:09:16.421+0300] {logging_mixin.py:149} INFO - [2023-10-04T18:09:16.420+0300] {manager.py:504} INFO - Created Permission View: can delete on DAG:example_nested_branch_dag
[2023-10-04T18:09:16.422+0300] {logging_mixin.py:149} INFO - [2023-10-04T18:09:16.422+0300] {dag.py:2726} INFO - Sync 1 DAGs
[2023-10-04T18:09:16.466+0300] {logging_mixin.py:149} INFO - [2023-10-04T18:09:16.465+0300] {dag.py:2747} INFO - Creating ORM DAG for example_nested_branch_dag
[2023-10-04T18:09:16.487+0300] {logging_mixin.py:149} INFO - [2023-10-04T18:09:16.486+0300] {dag.py:3486} INFO - Setting next_dagrun for example_nested_branch_dag to 2023-10-03T00:00:00+00:00, run_after=2023-10-04T00:00:00+00:00
[2023-10-04T18:09:16.683+0300] {processor.py:179} INFO - Processing /home/paulet/anaconda3/lib/python3.10/site-packages/airflow/example_dags/example_nested_branch_dag.py took 0.958 seconds
[2023-10-04T18:10:52.846+0300] {processor.py:157} INFO - Started process (PID=14559) to work on /home/paulet/anaconda3/lib/python3.10/site-packages/airflow/example_dags/example_nested_branch_dag.py
[2023-10-04T18:10:52.863+0300] {processor.py:826} INFO - Processing file /home/paulet/anaconda3/lib/python3.10/site-packages/airflow/example_dags/example_nested_branch_dag.py for tasks to queue
[2023-10-04T18:10:52.865+0300] {logging_mixin.py:149} INFO - [2023-10-04T18:10:52.864+0300] {dagbag.py:541} INFO - Filling up the DagBag from /home/paulet/anaconda3/lib/python3.10/site-packages/airflow/example_dags/example_nested_branch_dag.py
[2023-10-04T18:10:52.878+0300] {processor.py:836} INFO - DAG(s) dict_keys(['example_nested_branch_dag']) retrieved from /home/paulet/anaconda3/lib/python3.10/site-packages/airflow/example_dags/example_nested_branch_dag.py
[2023-10-04T18:10:52.906+0300] {logging_mixin.py:149} INFO - [2023-10-04T18:10:52.905+0300] {dag.py:2726} INFO - Sync 1 DAGs
[2023-10-04T18:10:52.935+0300] {logging_mixin.py:149} INFO - [2023-10-04T18:10:52.934+0300] {dag.py:3486} INFO - Setting next_dagrun for example_nested_branch_dag to 2023-10-03T00:00:00+00:00, run_after=2023-10-04T00:00:00+00:00
[2023-10-04T18:10:53.178+0300] {processor.py:179} INFO - Processing /home/paulet/anaconda3/lib/python3.10/site-packages/airflow/example_dags/example_nested_branch_dag.py took 0.335 seconds
[2023-10-04T18:12:08.864+0300] {processor.py:157} INFO - Started process (PID=15020) to work on /home/paulet/anaconda3/lib/python3.10/site-packages/airflow/example_dags/example_nested_branch_dag.py
[2023-10-04T18:12:08.925+0300] {processor.py:826} INFO - Processing file /home/paulet/anaconda3/lib/python3.10/site-packages/airflow/example_dags/example_nested_branch_dag.py for tasks to queue
[2023-10-04T18:12:08.926+0300] {logging_mixin.py:149} INFO - [2023-10-04T18:12:08.926+0300] {dagbag.py:541} INFO - Filling up the DagBag from /home/paulet/anaconda3/lib/python3.10/site-packages/airflow/example_dags/example_nested_branch_dag.py
[2023-10-04T18:12:08.943+0300] {processor.py:836} INFO - DAG(s) dict_keys(['example_nested_branch_dag']) retrieved from /home/paulet/anaconda3/lib/python3.10/site-packages/airflow/example_dags/example_nested_branch_dag.py
[2023-10-04T18:12:09.206+0300] {logging_mixin.py:149} INFO - [2023-10-04T18:12:09.206+0300] {dag.py:2726} INFO - Sync 1 DAGs
[2023-10-04T18:12:10.838+0300] {logging_mixin.py:149} INFO - [2023-10-04T18:12:10.838+0300] {dag.py:3486} INFO - Setting next_dagrun for example_nested_branch_dag to 2023-10-03T00:00:00+00:00, run_after=2023-10-04T00:00:00+00:00
[2023-10-04T18:12:12.673+0300] {processor.py:179} INFO - Processing /home/paulet/anaconda3/lib/python3.10/site-packages/airflow/example_dags/example_nested_branch_dag.py took 3.812 seconds
[2023-10-04T18:14:33.152+0300] {processor.py:157} INFO - Started process (PID=16044) to work on /home/paulet/anaconda3/lib/python3.10/site-packages/airflow/example_dags/example_nested_branch_dag.py
[2023-10-04T18:14:33.177+0300] {processor.py:826} INFO - Processing file /home/paulet/anaconda3/lib/python3.10/site-packages/airflow/example_dags/example_nested_branch_dag.py for tasks to queue
[2023-10-04T18:14:33.178+0300] {logging_mixin.py:149} INFO - [2023-10-04T18:14:33.178+0300] {dagbag.py:541} INFO - Filling up the DagBag from /home/paulet/anaconda3/lib/python3.10/site-packages/airflow/example_dags/example_nested_branch_dag.py
[2023-10-04T18:14:33.193+0300] {processor.py:836} INFO - DAG(s) dict_keys(['example_nested_branch_dag']) retrieved from /home/paulet/anaconda3/lib/python3.10/site-packages/airflow/example_dags/example_nested_branch_dag.py
[2023-10-04T18:14:33.225+0300] {logging_mixin.py:149} INFO - [2023-10-04T18:14:33.225+0300] {dag.py:2726} INFO - Sync 1 DAGs
[2023-10-04T18:14:33.252+0300] {logging_mixin.py:149} INFO - [2023-10-04T18:14:33.252+0300] {dag.py:3486} INFO - Setting next_dagrun for example_nested_branch_dag to 2023-10-03T00:00:00+00:00, run_after=2023-10-04T00:00:00+00:00
[2023-10-04T18:14:33.373+0300] {processor.py:179} INFO - Processing /home/paulet/anaconda3/lib/python3.10/site-packages/airflow/example_dags/example_nested_branch_dag.py took 0.225 seconds
[2023-10-04T18:15:28.805+0300] {processor.py:157} INFO - Started process (PID=16104) to work on /home/paulet/anaconda3/lib/python3.10/site-packages/airflow/example_dags/example_nested_branch_dag.py
[2023-10-04T18:15:28.815+0300] {processor.py:826} INFO - Processing file /home/paulet/anaconda3/lib/python3.10/site-packages/airflow/example_dags/example_nested_branch_dag.py for tasks to queue
[2023-10-04T18:15:28.816+0300] {logging_mixin.py:149} INFO - [2023-10-04T18:15:28.816+0300] {dagbag.py:541} INFO - Filling up the DagBag from /home/paulet/anaconda3/lib/python3.10/site-packages/airflow/example_dags/example_nested_branch_dag.py
[2023-10-04T18:15:28.830+0300] {processor.py:836} INFO - DAG(s) dict_keys(['example_nested_branch_dag']) retrieved from /home/paulet/anaconda3/lib/python3.10/site-packages/airflow/example_dags/example_nested_branch_dag.py
[2023-10-04T18:15:28.859+0300] {logging_mixin.py:149} INFO - [2023-10-04T18:15:28.859+0300] {dag.py:2726} INFO - Sync 1 DAGs
[2023-10-04T18:15:28.886+0300] {logging_mixin.py:149} INFO - [2023-10-04T18:15:28.886+0300] {dag.py:3486} INFO - Setting next_dagrun for example_nested_branch_dag to 2023-10-03T00:00:00+00:00, run_after=2023-10-04T00:00:00+00:00
[2023-10-04T18:15:29.000+0300] {processor.py:179} INFO - Processing /home/paulet/anaconda3/lib/python3.10/site-packages/airflow/example_dags/example_nested_branch_dag.py took 0.199 seconds
[2023-10-04T18:16:24.220+0300] {processor.py:157} INFO - Started process (PID=16159) to work on /home/paulet/anaconda3/lib/python3.10/site-packages/airflow/example_dags/example_nested_branch_dag.py
[2023-10-04T18:16:25.537+0300] {processor.py:826} INFO - Processing file /home/paulet/anaconda3/lib/python3.10/site-packages/airflow/example_dags/example_nested_branch_dag.py for tasks to queue
[2023-10-04T18:16:25.539+0300] {logging_mixin.py:149} INFO - [2023-10-04T18:16:25.539+0300] {dagbag.py:541} INFO - Filling up the DagBag from /home/paulet/anaconda3/lib/python3.10/site-packages/airflow/example_dags/example_nested_branch_dag.py
[2023-10-04T18:16:25.554+0300] {processor.py:836} INFO - DAG(s) dict_keys(['example_nested_branch_dag']) retrieved from /home/paulet/anaconda3/lib/python3.10/site-packages/airflow/example_dags/example_nested_branch_dag.py
[2023-10-04T18:16:25.586+0300] {logging_mixin.py:149} INFO - [2023-10-04T18:16:25.585+0300] {dag.py:2726} INFO - Sync 1 DAGs
[2023-10-04T18:16:25.616+0300] {logging_mixin.py:149} INFO - [2023-10-04T18:16:25.616+0300] {dag.py:3486} INFO - Setting next_dagrun for example_nested_branch_dag to 2023-10-03T00:00:00+00:00, run_after=2023-10-04T00:00:00+00:00
[2023-10-04T18:16:25.982+0300] {processor.py:179} INFO - Processing /home/paulet/anaconda3/lib/python3.10/site-packages/airflow/example_dags/example_nested_branch_dag.py took 1.767 seconds
[2023-10-04T18:17:25.885+0300] {processor.py:157} INFO - Started process (PID=16225) to work on /home/paulet/anaconda3/lib/python3.10/site-packages/airflow/example_dags/example_nested_branch_dag.py
[2023-10-04T18:17:25.895+0300] {processor.py:826} INFO - Processing file /home/paulet/anaconda3/lib/python3.10/site-packages/airflow/example_dags/example_nested_branch_dag.py for tasks to queue
[2023-10-04T18:17:25.896+0300] {logging_mixin.py:149} INFO - [2023-10-04T18:17:25.896+0300] {dagbag.py:541} INFO - Filling up the DagBag from /home/paulet/anaconda3/lib/python3.10/site-packages/airflow/example_dags/example_nested_branch_dag.py
[2023-10-04T18:17:25.912+0300] {processor.py:836} INFO - DAG(s) dict_keys(['example_nested_branch_dag']) retrieved from /home/paulet/anaconda3/lib/python3.10/site-packages/airflow/example_dags/example_nested_branch_dag.py
[2023-10-04T18:17:25.943+0300] {logging_mixin.py:149} INFO - [2023-10-04T18:17:25.942+0300] {dag.py:2726} INFO - Sync 1 DAGs
[2023-10-04T18:17:25.970+0300] {logging_mixin.py:149} INFO - [2023-10-04T18:17:25.970+0300] {dag.py:3486} INFO - Setting next_dagrun for example_nested_branch_dag to 2023-10-03T00:00:00+00:00, run_after=2023-10-04T00:00:00+00:00
[2023-10-04T18:17:26.076+0300] {processor.py:179} INFO - Processing /home/paulet/anaconda3/lib/python3.10/site-packages/airflow/example_dags/example_nested_branch_dag.py took 0.196 seconds
[2023-10-04T21:00:29.565+0300] {processor.py:157} INFO - Started process (PID=22424) to work on /home/paulet/anaconda3/lib/python3.10/site-packages/airflow/example_dags/example_nested_branch_dag.py
[2023-10-04T21:00:29.574+0300] {processor.py:826} INFO - Processing file /home/paulet/anaconda3/lib/python3.10/site-packages/airflow/example_dags/example_nested_branch_dag.py for tasks to queue
[2023-10-04T21:00:29.575+0300] {logging_mixin.py:149} INFO - [2023-10-04T21:00:29.575+0300] {dagbag.py:541} INFO - Filling up the DagBag from /home/paulet/anaconda3/lib/python3.10/site-packages/airflow/example_dags/example_nested_branch_dag.py
[2023-10-04T21:00:29.608+0300] {processor.py:836} INFO - DAG(s) dict_keys(['example_nested_branch_dag']) retrieved from /home/paulet/anaconda3/lib/python3.10/site-packages/airflow/example_dags/example_nested_branch_dag.py
[2023-10-04T21:00:29.639+0300] {logging_mixin.py:149} INFO - [2023-10-04T21:00:29.639+0300] {dag.py:2726} INFO - Sync 1 DAGs
[2023-10-04T21:00:29.666+0300] {logging_mixin.py:149} INFO - [2023-10-04T21:00:29.665+0300] {dag.py:3486} INFO - Setting next_dagrun for example_nested_branch_dag to 2023-10-03T00:00:00+00:00, run_after=2023-10-04T00:00:00+00:00
[2023-10-04T21:00:29.811+0300] {processor.py:179} INFO - Processing /home/paulet/anaconda3/lib/python3.10/site-packages/airflow/example_dags/example_nested_branch_dag.py took 0.251 seconds
[2023-10-04T21:01:37.639+0300] {processor.py:157} INFO - Started process (PID=22608) to work on /home/paulet/anaconda3/lib/python3.10/site-packages/airflow/example_dags/example_nested_branch_dag.py
[2023-10-04T21:01:37.665+0300] {processor.py:826} INFO - Processing file /home/paulet/anaconda3/lib/python3.10/site-packages/airflow/example_dags/example_nested_branch_dag.py for tasks to queue
[2023-10-04T21:01:37.666+0300] {logging_mixin.py:149} INFO - [2023-10-04T21:01:37.666+0300] {dagbag.py:541} INFO - Filling up the DagBag from /home/paulet/anaconda3/lib/python3.10/site-packages/airflow/example_dags/example_nested_branch_dag.py
[2023-10-04T21:01:37.682+0300] {processor.py:836} INFO - DAG(s) dict_keys(['example_nested_branch_dag']) retrieved from /home/paulet/anaconda3/lib/python3.10/site-packages/airflow/example_dags/example_nested_branch_dag.py
[2023-10-04T21:01:37.711+0300] {logging_mixin.py:149} INFO - [2023-10-04T21:01:37.710+0300] {dag.py:2726} INFO - Sync 1 DAGs
[2023-10-04T21:01:37.736+0300] {logging_mixin.py:149} INFO - [2023-10-04T21:01:37.736+0300] {dag.py:3486} INFO - Setting next_dagrun for example_nested_branch_dag to 2023-10-03T00:00:00+00:00, run_after=2023-10-04T00:00:00+00:00
[2023-10-04T21:01:37.874+0300] {processor.py:179} INFO - Processing /home/paulet/anaconda3/lib/python3.10/site-packages/airflow/example_dags/example_nested_branch_dag.py took 0.239 seconds
[2023-10-04T21:02:39.885+0300] {processor.py:157} INFO - Started process (PID=22673) to work on /home/paulet/anaconda3/lib/python3.10/site-packages/airflow/example_dags/example_nested_branch_dag.py
[2023-10-04T21:02:39.910+0300] {processor.py:826} INFO - Processing file /home/paulet/anaconda3/lib/python3.10/site-packages/airflow/example_dags/example_nested_branch_dag.py for tasks to queue
[2023-10-04T21:02:39.911+0300] {logging_mixin.py:149} INFO - [2023-10-04T21:02:39.911+0300] {dagbag.py:541} INFO - Filling up the DagBag from /home/paulet/anaconda3/lib/python3.10/site-packages/airflow/example_dags/example_nested_branch_dag.py
[2023-10-04T21:02:39.925+0300] {processor.py:836} INFO - DAG(s) dict_keys(['example_nested_branch_dag']) retrieved from /home/paulet/anaconda3/lib/python3.10/site-packages/airflow/example_dags/example_nested_branch_dag.py
[2023-10-04T21:02:39.955+0300] {logging_mixin.py:149} INFO - [2023-10-04T21:02:39.955+0300] {dag.py:2726} INFO - Sync 1 DAGs
[2023-10-04T21:02:39.980+0300] {logging_mixin.py:149} INFO - [2023-10-04T21:02:39.980+0300] {dag.py:3486} INFO - Setting next_dagrun for example_nested_branch_dag to 2023-10-03T00:00:00+00:00, run_after=2023-10-04T00:00:00+00:00
[2023-10-04T21:02:40.163+0300] {processor.py:179} INFO - Processing /home/paulet/anaconda3/lib/python3.10/site-packages/airflow/example_dags/example_nested_branch_dag.py took 0.283 seconds
[2023-10-04T21:03:32.341+0300] {processor.py:157} INFO - Started process (PID=22720) to work on /home/paulet/anaconda3/lib/python3.10/site-packages/airflow/example_dags/example_nested_branch_dag.py
[2023-10-04T21:03:32.348+0300] {processor.py:826} INFO - Processing file /home/paulet/anaconda3/lib/python3.10/site-packages/airflow/example_dags/example_nested_branch_dag.py for tasks to queue
[2023-10-04T21:03:32.349+0300] {logging_mixin.py:149} INFO - [2023-10-04T21:03:32.349+0300] {dagbag.py:541} INFO - Filling up the DagBag from /home/paulet/anaconda3/lib/python3.10/site-packages/airflow/example_dags/example_nested_branch_dag.py
[2023-10-04T21:03:32.364+0300] {processor.py:836} INFO - DAG(s) dict_keys(['example_nested_branch_dag']) retrieved from /home/paulet/anaconda3/lib/python3.10/site-packages/airflow/example_dags/example_nested_branch_dag.py
[2023-10-04T21:03:32.391+0300] {logging_mixin.py:149} INFO - [2023-10-04T21:03:32.390+0300] {dag.py:2726} INFO - Sync 1 DAGs
[2023-10-04T21:03:32.415+0300] {logging_mixin.py:149} INFO - [2023-10-04T21:03:32.415+0300] {dag.py:3486} INFO - Setting next_dagrun for example_nested_branch_dag to 2023-10-03T00:00:00+00:00, run_after=2023-10-04T00:00:00+00:00
[2023-10-04T21:03:32.543+0300] {processor.py:179} INFO - Processing /home/paulet/anaconda3/lib/python3.10/site-packages/airflow/example_dags/example_nested_branch_dag.py took 0.206 seconds
[2023-10-04T21:04:27.383+0300] {processor.py:157} INFO - Started process (PID=22792) to work on /home/paulet/anaconda3/lib/python3.10/site-packages/airflow/example_dags/example_nested_branch_dag.py
[2023-10-04T21:04:27.410+0300] {processor.py:826} INFO - Processing file /home/paulet/anaconda3/lib/python3.10/site-packages/airflow/example_dags/example_nested_branch_dag.py for tasks to queue
[2023-10-04T21:04:27.411+0300] {logging_mixin.py:149} INFO - [2023-10-04T21:04:27.411+0300] {dagbag.py:541} INFO - Filling up the DagBag from /home/paulet/anaconda3/lib/python3.10/site-packages/airflow/example_dags/example_nested_branch_dag.py
[2023-10-04T21:04:27.423+0300] {processor.py:836} INFO - DAG(s) dict_keys(['example_nested_branch_dag']) retrieved from /home/paulet/anaconda3/lib/python3.10/site-packages/airflow/example_dags/example_nested_branch_dag.py
[2023-10-04T21:04:27.448+0300] {logging_mixin.py:149} INFO - [2023-10-04T21:04:27.448+0300] {dag.py:2726} INFO - Sync 1 DAGs
[2023-10-04T21:04:27.473+0300] {logging_mixin.py:149} INFO - [2023-10-04T21:04:27.473+0300] {dag.py:3486} INFO - Setting next_dagrun for example_nested_branch_dag to 2023-10-03T00:00:00+00:00, run_after=2023-10-04T00:00:00+00:00
[2023-10-04T21:04:27.610+0300] {processor.py:179} INFO - Processing /home/paulet/anaconda3/lib/python3.10/site-packages/airflow/example_dags/example_nested_branch_dag.py took 0.230 seconds
[2023-10-04T21:05:23.505+0300] {processor.py:157} INFO - Started process (PID=22867) to work on /home/paulet/anaconda3/lib/python3.10/site-packages/airflow/example_dags/example_nested_branch_dag.py
[2023-10-04T21:05:23.506+0300] {processor.py:826} INFO - Processing file /home/paulet/anaconda3/lib/python3.10/site-packages/airflow/example_dags/example_nested_branch_dag.py for tasks to queue
[2023-10-04T21:05:23.507+0300] {logging_mixin.py:149} INFO - [2023-10-04T21:05:23.507+0300] {dagbag.py:541} INFO - Filling up the DagBag from /home/paulet/anaconda3/lib/python3.10/site-packages/airflow/example_dags/example_nested_branch_dag.py
[2023-10-04T21:05:23.521+0300] {processor.py:836} INFO - DAG(s) dict_keys(['example_nested_branch_dag']) retrieved from /home/paulet/anaconda3/lib/python3.10/site-packages/airflow/example_dags/example_nested_branch_dag.py
[2023-10-04T21:05:23.547+0300] {logging_mixin.py:149} INFO - [2023-10-04T21:05:23.546+0300] {dag.py:2726} INFO - Sync 1 DAGs
[2023-10-04T21:05:23.572+0300] {logging_mixin.py:149} INFO - [2023-10-04T21:05:23.572+0300] {dag.py:3486} INFO - Setting next_dagrun for example_nested_branch_dag to 2023-10-03T00:00:00+00:00, run_after=2023-10-04T00:00:00+00:00
[2023-10-04T21:05:23.733+0300] {processor.py:179} INFO - Processing /home/paulet/anaconda3/lib/python3.10/site-packages/airflow/example_dags/example_nested_branch_dag.py took 0.233 seconds
[2023-10-04T21:06:20.777+0300] {processor.py:157} INFO - Started process (PID=22919) to work on /home/paulet/anaconda3/lib/python3.10/site-packages/airflow/example_dags/example_nested_branch_dag.py
[2023-10-04T21:06:20.779+0300] {processor.py:826} INFO - Processing file /home/paulet/anaconda3/lib/python3.10/site-packages/airflow/example_dags/example_nested_branch_dag.py for tasks to queue
[2023-10-04T21:06:20.780+0300] {logging_mixin.py:149} INFO - [2023-10-04T21:06:20.779+0300] {dagbag.py:541} INFO - Filling up the DagBag from /home/paulet/anaconda3/lib/python3.10/site-packages/airflow/example_dags/example_nested_branch_dag.py
[2023-10-04T21:06:20.794+0300] {processor.py:836} INFO - DAG(s) dict_keys(['example_nested_branch_dag']) retrieved from /home/paulet/anaconda3/lib/python3.10/site-packages/airflow/example_dags/example_nested_branch_dag.py
[2023-10-04T21:06:20.819+0300] {logging_mixin.py:149} INFO - [2023-10-04T21:06:20.819+0300] {dag.py:2726} INFO - Sync 1 DAGs
[2023-10-04T21:06:20.847+0300] {logging_mixin.py:149} INFO - [2023-10-04T21:06:20.847+0300] {dag.py:3486} INFO - Setting next_dagrun for example_nested_branch_dag to 2023-10-03T00:00:00+00:00, run_after=2023-10-04T00:00:00+00:00
[2023-10-04T21:06:20.962+0300] {processor.py:179} INFO - Processing /home/paulet/anaconda3/lib/python3.10/site-packages/airflow/example_dags/example_nested_branch_dag.py took 0.189 seconds
[2023-10-04T21:07:16.106+0300] {processor.py:157} INFO - Started process (PID=22970) to work on /home/paulet/anaconda3/lib/python3.10/site-packages/airflow/example_dags/example_nested_branch_dag.py
[2023-10-04T21:07:16.107+0300] {processor.py:826} INFO - Processing file /home/paulet/anaconda3/lib/python3.10/site-packages/airflow/example_dags/example_nested_branch_dag.py for tasks to queue
[2023-10-04T21:07:16.108+0300] {logging_mixin.py:149} INFO - [2023-10-04T21:07:16.108+0300] {dagbag.py:541} INFO - Filling up the DagBag from /home/paulet/anaconda3/lib/python3.10/site-packages/airflow/example_dags/example_nested_branch_dag.py
[2023-10-04T21:07:16.119+0300] {processor.py:836} INFO - DAG(s) dict_keys(['example_nested_branch_dag']) retrieved from /home/paulet/anaconda3/lib/python3.10/site-packages/airflow/example_dags/example_nested_branch_dag.py
[2023-10-04T21:07:16.144+0300] {logging_mixin.py:149} INFO - [2023-10-04T21:07:16.144+0300] {dag.py:2726} INFO - Sync 1 DAGs
[2023-10-04T21:07:16.169+0300] {logging_mixin.py:149} INFO - [2023-10-04T21:07:16.169+0300] {dag.py:3486} INFO - Setting next_dagrun for example_nested_branch_dag to 2023-10-03T00:00:00+00:00, run_after=2023-10-04T00:00:00+00:00
[2023-10-04T21:07:16.293+0300] {processor.py:179} INFO - Processing /home/paulet/anaconda3/lib/python3.10/site-packages/airflow/example_dags/example_nested_branch_dag.py took 0.191 seconds
[2023-10-04T21:08:05.086+0300] {processor.py:157} INFO - Started process (PID=23015) to work on /home/paulet/anaconda3/lib/python3.10/site-packages/airflow/example_dags/example_nested_branch_dag.py
[2023-10-04T21:08:05.096+0300] {processor.py:826} INFO - Processing file /home/paulet/anaconda3/lib/python3.10/site-packages/airflow/example_dags/example_nested_branch_dag.py for tasks to queue
[2023-10-04T21:08:05.097+0300] {logging_mixin.py:149} INFO - [2023-10-04T21:08:05.097+0300] {dagbag.py:541} INFO - Filling up the DagBag from /home/paulet/anaconda3/lib/python3.10/site-packages/airflow/example_dags/example_nested_branch_dag.py
[2023-10-04T21:08:05.112+0300] {processor.py:836} INFO - DAG(s) dict_keys(['example_nested_branch_dag']) retrieved from /home/paulet/anaconda3/lib/python3.10/site-packages/airflow/example_dags/example_nested_branch_dag.py
[2023-10-04T21:08:05.139+0300] {logging_mixin.py:149} INFO - [2023-10-04T21:08:05.139+0300] {dag.py:2726} INFO - Sync 1 DAGs
[2023-10-04T21:08:05.164+0300] {logging_mixin.py:149} INFO - [2023-10-04T21:08:05.163+0300] {dag.py:3486} INFO - Setting next_dagrun for example_nested_branch_dag to 2023-10-03T00:00:00+00:00, run_after=2023-10-04T00:00:00+00:00
[2023-10-04T21:08:05.284+0300] {processor.py:179} INFO - Processing /home/paulet/anaconda3/lib/python3.10/site-packages/airflow/example_dags/example_nested_branch_dag.py took 0.202 seconds
[2023-10-04T21:08:53.968+0300] {processor.py:157} INFO - Started process (PID=23080) to work on /home/paulet/anaconda3/lib/python3.10/site-packages/airflow/example_dags/example_nested_branch_dag.py
[2023-10-04T21:08:53.981+0300] {processor.py:826} INFO - Processing file /home/paulet/anaconda3/lib/python3.10/site-packages/airflow/example_dags/example_nested_branch_dag.py for tasks to queue
[2023-10-04T21:08:53.982+0300] {logging_mixin.py:149} INFO - [2023-10-04T21:08:53.982+0300] {dagbag.py:541} INFO - Filling up the DagBag from /home/paulet/anaconda3/lib/python3.10/site-packages/airflow/example_dags/example_nested_branch_dag.py
[2023-10-04T21:08:53.997+0300] {processor.py:836} INFO - DAG(s) dict_keys(['example_nested_branch_dag']) retrieved from /home/paulet/anaconda3/lib/python3.10/site-packages/airflow/example_dags/example_nested_branch_dag.py
[2023-10-04T21:08:54.025+0300] {logging_mixin.py:149} INFO - [2023-10-04T21:08:54.025+0300] {dag.py:2726} INFO - Sync 1 DAGs
[2023-10-04T21:08:54.050+0300] {logging_mixin.py:149} INFO - [2023-10-04T21:08:54.050+0300] {dag.py:3486} INFO - Setting next_dagrun for example_nested_branch_dag to 2023-10-03T00:00:00+00:00, run_after=2023-10-04T00:00:00+00:00
[2023-10-04T21:08:54.182+0300] {processor.py:179} INFO - Processing /home/paulet/anaconda3/lib/python3.10/site-packages/airflow/example_dags/example_nested_branch_dag.py took 0.219 seconds
[2023-10-04T21:09:43.481+0300] {processor.py:157} INFO - Started process (PID=23157) to work on /home/paulet/anaconda3/lib/python3.10/site-packages/airflow/example_dags/example_nested_branch_dag.py
[2023-10-04T21:09:43.486+0300] {processor.py:826} INFO - Processing file /home/paulet/anaconda3/lib/python3.10/site-packages/airflow/example_dags/example_nested_branch_dag.py for tasks to queue
[2023-10-04T21:09:43.487+0300] {logging_mixin.py:149} INFO - [2023-10-04T21:09:43.487+0300] {dagbag.py:541} INFO - Filling up the DagBag from /home/paulet/anaconda3/lib/python3.10/site-packages/airflow/example_dags/example_nested_branch_dag.py
[2023-10-04T21:09:43.501+0300] {processor.py:836} INFO - DAG(s) dict_keys(['example_nested_branch_dag']) retrieved from /home/paulet/anaconda3/lib/python3.10/site-packages/airflow/example_dags/example_nested_branch_dag.py
[2023-10-04T21:09:43.527+0300] {logging_mixin.py:149} INFO - [2023-10-04T21:09:43.527+0300] {dag.py:2726} INFO - Sync 1 DAGs
[2023-10-04T21:09:43.556+0300] {logging_mixin.py:149} INFO - [2023-10-04T21:09:43.556+0300] {dag.py:3486} INFO - Setting next_dagrun for example_nested_branch_dag to 2023-10-03T00:00:00+00:00, run_after=2023-10-04T00:00:00+00:00
[2023-10-04T21:09:43.691+0300] {processor.py:179} INFO - Processing /home/paulet/anaconda3/lib/python3.10/site-packages/airflow/example_dags/example_nested_branch_dag.py took 0.214 seconds
[2023-10-04T21:10:34.165+0300] {processor.py:157} INFO - Started process (PID=23250) to work on /home/paulet/anaconda3/lib/python3.10/site-packages/airflow/example_dags/example_nested_branch_dag.py
[2023-10-04T21:10:34.169+0300] {processor.py:826} INFO - Processing file /home/paulet/anaconda3/lib/python3.10/site-packages/airflow/example_dags/example_nested_branch_dag.py for tasks to queue
[2023-10-04T21:10:34.171+0300] {logging_mixin.py:149} INFO - [2023-10-04T21:10:34.170+0300] {dagbag.py:541} INFO - Filling up the DagBag from /home/paulet/anaconda3/lib/python3.10/site-packages/airflow/example_dags/example_nested_branch_dag.py
[2023-10-04T21:10:34.185+0300] {processor.py:836} INFO - DAG(s) dict_keys(['example_nested_branch_dag']) retrieved from /home/paulet/anaconda3/lib/python3.10/site-packages/airflow/example_dags/example_nested_branch_dag.py
[2023-10-04T21:10:34.211+0300] {logging_mixin.py:149} INFO - [2023-10-04T21:10:34.211+0300] {dag.py:2726} INFO - Sync 1 DAGs
[2023-10-04T21:10:34.240+0300] {logging_mixin.py:149} INFO - [2023-10-04T21:10:34.240+0300] {dag.py:3486} INFO - Setting next_dagrun for example_nested_branch_dag to 2023-10-03T00:00:00+00:00, run_after=2023-10-04T00:00:00+00:00
[2023-10-04T21:10:34.353+0300] {processor.py:179} INFO - Processing /home/paulet/anaconda3/lib/python3.10/site-packages/airflow/example_dags/example_nested_branch_dag.py took 0.192 seconds
[2023-10-04T21:51:49.248+0300] {processor.py:157} INFO - Started process (PID=26935) to work on /home/paulet/anaconda3/lib/python3.10/site-packages/airflow/example_dags/example_nested_branch_dag.py
[2023-10-04T21:51:49.266+0300] {processor.py:826} INFO - Processing file /home/paulet/anaconda3/lib/python3.10/site-packages/airflow/example_dags/example_nested_branch_dag.py for tasks to queue
[2023-10-04T21:51:49.267+0300] {logging_mixin.py:149} INFO - [2023-10-04T21:51:49.266+0300] {dagbag.py:541} INFO - Filling up the DagBag from /home/paulet/anaconda3/lib/python3.10/site-packages/airflow/example_dags/example_nested_branch_dag.py
[2023-10-04T21:51:49.308+0300] {processor.py:836} INFO - DAG(s) dict_keys(['example_nested_branch_dag']) retrieved from /home/paulet/anaconda3/lib/python3.10/site-packages/airflow/example_dags/example_nested_branch_dag.py
[2023-10-04T21:51:49.344+0300] {logging_mixin.py:149} INFO - [2023-10-04T21:51:49.344+0300] {dag.py:2726} INFO - Sync 1 DAGs
[2023-10-04T21:51:49.388+0300] {logging_mixin.py:149} INFO - [2023-10-04T21:51:49.388+0300] {dag.py:3486} INFO - Setting next_dagrun for example_nested_branch_dag to 2023-10-03T00:00:00+00:00, run_after=2023-10-04T00:00:00+00:00
[2023-10-04T21:51:49.552+0300] {processor.py:179} INFO - Processing /home/paulet/anaconda3/lib/python3.10/site-packages/airflow/example_dags/example_nested_branch_dag.py took 0.309 seconds
[2023-10-04T21:52:53.077+0300] {processor.py:157} INFO - Started process (PID=27033) to work on /home/paulet/anaconda3/lib/python3.10/site-packages/airflow/example_dags/example_nested_branch_dag.py
[2023-10-04T21:52:53.078+0300] {processor.py:826} INFO - Processing file /home/paulet/anaconda3/lib/python3.10/site-packages/airflow/example_dags/example_nested_branch_dag.py for tasks to queue
[2023-10-04T21:52:53.079+0300] {logging_mixin.py:149} INFO - [2023-10-04T21:52:53.079+0300] {dagbag.py:541} INFO - Filling up the DagBag from /home/paulet/anaconda3/lib/python3.10/site-packages/airflow/example_dags/example_nested_branch_dag.py
[2023-10-04T21:52:53.093+0300] {processor.py:836} INFO - DAG(s) dict_keys(['example_nested_branch_dag']) retrieved from /home/paulet/anaconda3/lib/python3.10/site-packages/airflow/example_dags/example_nested_branch_dag.py
[2023-10-04T21:52:53.119+0300] {logging_mixin.py:149} INFO - [2023-10-04T21:52:53.118+0300] {dag.py:2726} INFO - Sync 1 DAGs
[2023-10-04T21:52:53.144+0300] {logging_mixin.py:149} INFO - [2023-10-04T21:52:53.144+0300] {dag.py:3486} INFO - Setting next_dagrun for example_nested_branch_dag to 2023-10-03T00:00:00+00:00, run_after=2023-10-04T00:00:00+00:00
[2023-10-04T21:52:53.282+0300] {processor.py:179} INFO - Processing /home/paulet/anaconda3/lib/python3.10/site-packages/airflow/example_dags/example_nested_branch_dag.py took 0.209 seconds
[2023-10-04T21:53:49.568+0300] {processor.py:157} INFO - Started process (PID=27102) to work on /home/paulet/anaconda3/lib/python3.10/site-packages/airflow/example_dags/example_nested_branch_dag.py
[2023-10-04T21:53:49.570+0300] {processor.py:826} INFO - Processing file /home/paulet/anaconda3/lib/python3.10/site-packages/airflow/example_dags/example_nested_branch_dag.py for tasks to queue
[2023-10-04T21:53:49.571+0300] {logging_mixin.py:149} INFO - [2023-10-04T21:53:49.570+0300] {dagbag.py:541} INFO - Filling up the DagBag from /home/paulet/anaconda3/lib/python3.10/site-packages/airflow/example_dags/example_nested_branch_dag.py
[2023-10-04T21:53:49.585+0300] {processor.py:836} INFO - DAG(s) dict_keys(['example_nested_branch_dag']) retrieved from /home/paulet/anaconda3/lib/python3.10/site-packages/airflow/example_dags/example_nested_branch_dag.py
[2023-10-04T21:53:49.613+0300] {logging_mixin.py:149} INFO - [2023-10-04T21:53:49.613+0300] {dag.py:2726} INFO - Sync 1 DAGs
[2023-10-04T21:53:49.639+0300] {logging_mixin.py:149} INFO - [2023-10-04T21:53:49.639+0300] {dag.py:3486} INFO - Setting next_dagrun for example_nested_branch_dag to 2023-10-03T00:00:00+00:00, run_after=2023-10-04T00:00:00+00:00
[2023-10-04T21:53:49.786+0300] {processor.py:179} INFO - Processing /home/paulet/anaconda3/lib/python3.10/site-packages/airflow/example_dags/example_nested_branch_dag.py took 0.222 seconds
[2023-10-04T21:54:54.720+0300] {processor.py:157} INFO - Started process (PID=27184) to work on /home/paulet/anaconda3/lib/python3.10/site-packages/airflow/example_dags/example_nested_branch_dag.py
[2023-10-04T21:54:54.722+0300] {processor.py:826} INFO - Processing file /home/paulet/anaconda3/lib/python3.10/site-packages/airflow/example_dags/example_nested_branch_dag.py for tasks to queue
[2023-10-04T21:54:54.723+0300] {logging_mixin.py:149} INFO - [2023-10-04T21:54:54.723+0300] {dagbag.py:541} INFO - Filling up the DagBag from /home/paulet/anaconda3/lib/python3.10/site-packages/airflow/example_dags/example_nested_branch_dag.py
[2023-10-04T21:54:54.737+0300] {processor.py:836} INFO - DAG(s) dict_keys(['example_nested_branch_dag']) retrieved from /home/paulet/anaconda3/lib/python3.10/site-packages/airflow/example_dags/example_nested_branch_dag.py
[2023-10-04T21:54:54.762+0300] {logging_mixin.py:149} INFO - [2023-10-04T21:54:54.762+0300] {dag.py:2726} INFO - Sync 1 DAGs
[2023-10-04T21:54:54.788+0300] {logging_mixin.py:149} INFO - [2023-10-04T21:54:54.788+0300] {dag.py:3486} INFO - Setting next_dagrun for example_nested_branch_dag to 2023-10-03T00:00:00+00:00, run_after=2023-10-04T00:00:00+00:00
[2023-10-04T21:54:54.905+0300] {processor.py:179} INFO - Processing /home/paulet/anaconda3/lib/python3.10/site-packages/airflow/example_dags/example_nested_branch_dag.py took 0.189 seconds
[2023-10-04T21:55:55.285+0300] {processor.py:157} INFO - Started process (PID=27366) to work on /home/paulet/anaconda3/lib/python3.10/site-packages/airflow/example_dags/example_nested_branch_dag.py
[2023-10-04T21:55:55.334+0300] {processor.py:826} INFO - Processing file /home/paulet/anaconda3/lib/python3.10/site-packages/airflow/example_dags/example_nested_branch_dag.py for tasks to queue
[2023-10-04T21:55:55.335+0300] {logging_mixin.py:149} INFO - [2023-10-04T21:55:55.335+0300] {dagbag.py:541} INFO - Filling up the DagBag from /home/paulet/anaconda3/lib/python3.10/site-packages/airflow/example_dags/example_nested_branch_dag.py
[2023-10-04T21:55:55.350+0300] {processor.py:836} INFO - DAG(s) dict_keys(['example_nested_branch_dag']) retrieved from /home/paulet/anaconda3/lib/python3.10/site-packages/airflow/example_dags/example_nested_branch_dag.py
[2023-10-04T21:55:55.382+0300] {logging_mixin.py:149} INFO - [2023-10-04T21:55:55.381+0300] {dag.py:2726} INFO - Sync 1 DAGs
[2023-10-04T21:55:55.409+0300] {logging_mixin.py:149} INFO - [2023-10-04T21:55:55.409+0300] {dag.py:3486} INFO - Setting next_dagrun for example_nested_branch_dag to 2023-10-03T00:00:00+00:00, run_after=2023-10-04T00:00:00+00:00
[2023-10-04T21:55:55.693+0300] {processor.py:179} INFO - Processing /home/paulet/anaconda3/lib/python3.10/site-packages/airflow/example_dags/example_nested_branch_dag.py took 0.412 seconds
