[2023-10-04T18:09:32.605+0300] {processor.py:157} INFO - Started process (PID=14142) to work on /home/paulet/anaconda3/lib/python3.10/site-packages/airflow/example_dags/example_sla_dag.py
[2023-10-04T18:09:32.606+0300] {processor.py:826} INFO - Processing file /home/paulet/anaconda3/lib/python3.10/site-packages/airflow/example_dags/example_sla_dag.py for tasks to queue
[2023-10-04T18:09:32.607+0300] {logging_mixin.py:149} INFO - [2023-10-04T18:09:32.607+0300] {dagbag.py:541} INFO - Filling up the DagBag from /home/paulet/anaconda3/lib/python3.10/site-packages/airflow/example_dags/example_sla_dag.py
[2023-10-04T18:09:32.621+0300] {processor.py:836} INFO - DAG(s) dict_keys(['example_sla_dag']) retrieved from /home/paulet/anaconda3/lib/python3.10/site-packages/airflow/example_dags/example_sla_dag.py
[2023-10-04T18:09:32.994+0300] {logging_mixin.py:149} INFO - [2023-10-04T18:09:32.993+0300] {manager.py:504} INFO - Created Permission View: can edit on DAG:example_sla_dag
[2023-10-04T18:09:33.126+0300] {logging_mixin.py:149} INFO - [2023-10-04T18:09:33.125+0300] {manager.py:504} INFO - Created Permission View: can read on DAG:example_sla_dag
[2023-10-04T18:09:33.248+0300] {logging_mixin.py:149} INFO - [2023-10-04T18:09:33.247+0300] {manager.py:504} INFO - Created Permission View: can delete on DAG:example_sla_dag
[2023-10-04T18:09:33.249+0300] {logging_mixin.py:149} INFO - [2023-10-04T18:09:33.249+0300] {dag.py:2726} INFO - Sync 1 DAGs
[2023-10-04T18:09:33.287+0300] {logging_mixin.py:149} INFO - [2023-10-04T18:09:33.287+0300] {dag.py:2747} INFO - Creating ORM DAG for example_sla_dag
[2023-10-04T18:09:33.320+0300] {logging_mixin.py:149} INFO - [2023-10-04T18:09:33.319+0300] {dag.py:3486} INFO - Setting next_dagrun for example_sla_dag to 2023-10-04T15:06:00+00:00, run_after=2023-10-04T15:08:00+00:00
[2023-10-04T18:09:33.510+0300] {processor.py:179} INFO - Processing /home/paulet/anaconda3/lib/python3.10/site-packages/airflow/example_dags/example_sla_dag.py took 0.910 seconds
[2023-10-04T18:11:10.090+0300] {processor.py:157} INFO - Started process (PID=14660) to work on /home/paulet/anaconda3/lib/python3.10/site-packages/airflow/example_dags/example_sla_dag.py
[2023-10-04T18:11:10.092+0300] {processor.py:826} INFO - Processing file /home/paulet/anaconda3/lib/python3.10/site-packages/airflow/example_dags/example_sla_dag.py for tasks to queue
[2023-10-04T18:11:10.093+0300] {logging_mixin.py:149} INFO - [2023-10-04T18:11:10.093+0300] {dagbag.py:541} INFO - Filling up the DagBag from /home/paulet/anaconda3/lib/python3.10/site-packages/airflow/example_dags/example_sla_dag.py
[2023-10-04T18:11:10.107+0300] {processor.py:836} INFO - DAG(s) dict_keys(['example_sla_dag']) retrieved from /home/paulet/anaconda3/lib/python3.10/site-packages/airflow/example_dags/example_sla_dag.py
[2023-10-04T18:11:10.132+0300] {logging_mixin.py:149} INFO - [2023-10-04T18:11:10.132+0300] {dag.py:2726} INFO - Sync 1 DAGs
[2023-10-04T18:11:10.308+0300] {logging_mixin.py:149} INFO - [2023-10-04T18:11:10.307+0300] {dag.py:3486} INFO - Setting next_dagrun for example_sla_dag to 2023-10-04T15:08:00+00:00, run_after=2023-10-04T15:10:00+00:00
[2023-10-04T18:11:10.887+0300] {processor.py:179} INFO - Processing /home/paulet/anaconda3/lib/python3.10/site-packages/airflow/example_dags/example_sla_dag.py took 0.801 seconds
[2023-10-04T18:13:18.703+0300] {processor.py:157} INFO - Started process (PID=15448) to work on /home/paulet/anaconda3/lib/python3.10/site-packages/airflow/example_dags/example_sla_dag.py
[2023-10-04T18:13:18.711+0300] {processor.py:826} INFO - Processing file /home/paulet/anaconda3/lib/python3.10/site-packages/airflow/example_dags/example_sla_dag.py for tasks to queue
[2023-10-04T18:13:18.712+0300] {logging_mixin.py:149} INFO - [2023-10-04T18:13:18.712+0300] {dagbag.py:541} INFO - Filling up the DagBag from /home/paulet/anaconda3/lib/python3.10/site-packages/airflow/example_dags/example_sla_dag.py
[2023-10-04T18:13:18.722+0300] {processor.py:836} INFO - DAG(s) dict_keys(['example_sla_dag']) retrieved from /home/paulet/anaconda3/lib/python3.10/site-packages/airflow/example_dags/example_sla_dag.py
[2023-10-04T18:13:18.749+0300] {logging_mixin.py:149} INFO - [2023-10-04T18:13:18.749+0300] {dag.py:2726} INFO - Sync 1 DAGs
[2023-10-04T18:13:18.787+0300] {logging_mixin.py:149} INFO - [2023-10-04T18:13:18.787+0300] {dag.py:3486} INFO - Setting next_dagrun for example_sla_dag to 2023-10-04T15:10:00+00:00, run_after=2023-10-04T15:12:00+00:00
[2023-10-04T18:13:18.972+0300] {processor.py:179} INFO - Processing /home/paulet/anaconda3/lib/python3.10/site-packages/airflow/example_dags/example_sla_dag.py took 0.272 seconds
[2023-10-04T18:14:45.494+0300] {processor.py:157} INFO - Started process (PID=16058) to work on /home/paulet/anaconda3/lib/python3.10/site-packages/airflow/example_dags/example_sla_dag.py
[2023-10-04T18:14:45.496+0300] {processor.py:826} INFO - Processing file /home/paulet/anaconda3/lib/python3.10/site-packages/airflow/example_dags/example_sla_dag.py for tasks to queue
[2023-10-04T18:14:45.497+0300] {logging_mixin.py:149} INFO - [2023-10-04T18:14:45.496+0300] {dagbag.py:541} INFO - Filling up the DagBag from /home/paulet/anaconda3/lib/python3.10/site-packages/airflow/example_dags/example_sla_dag.py
[2023-10-04T18:14:45.508+0300] {processor.py:836} INFO - DAG(s) dict_keys(['example_sla_dag']) retrieved from /home/paulet/anaconda3/lib/python3.10/site-packages/airflow/example_dags/example_sla_dag.py
[2023-10-04T18:14:45.533+0300] {logging_mixin.py:149} INFO - [2023-10-04T18:14:45.533+0300] {dag.py:2726} INFO - Sync 1 DAGs
[2023-10-04T18:14:45.564+0300] {logging_mixin.py:149} INFO - [2023-10-04T18:14:45.564+0300] {dag.py:3486} INFO - Setting next_dagrun for example_sla_dag to 2023-10-04T15:12:00+00:00, run_after=2023-10-04T15:14:00+00:00
[2023-10-04T18:14:45.710+0300] {processor.py:179} INFO - Processing /home/paulet/anaconda3/lib/python3.10/site-packages/airflow/example_dags/example_sla_dag.py took 0.220 seconds
[2023-10-04T18:15:42.032+0300] {processor.py:157} INFO - Started process (PID=16117) to work on /home/paulet/anaconda3/lib/python3.10/site-packages/airflow/example_dags/example_sla_dag.py
[2023-10-04T18:15:42.048+0300] {processor.py:826} INFO - Processing file /home/paulet/anaconda3/lib/python3.10/site-packages/airflow/example_dags/example_sla_dag.py for tasks to queue
[2023-10-04T18:15:42.049+0300] {logging_mixin.py:149} INFO - [2023-10-04T18:15:42.049+0300] {dagbag.py:541} INFO - Filling up the DagBag from /home/paulet/anaconda3/lib/python3.10/site-packages/airflow/example_dags/example_sla_dag.py
[2023-10-04T18:15:42.063+0300] {processor.py:836} INFO - DAG(s) dict_keys(['example_sla_dag']) retrieved from /home/paulet/anaconda3/lib/python3.10/site-packages/airflow/example_dags/example_sla_dag.py
[2023-10-04T18:15:42.090+0300] {logging_mixin.py:149} INFO - [2023-10-04T18:15:42.090+0300] {dag.py:2726} INFO - Sync 1 DAGs
[2023-10-04T18:15:42.124+0300] {logging_mixin.py:149} INFO - [2023-10-04T18:15:42.124+0300] {dag.py:3486} INFO - Setting next_dagrun for example_sla_dag to 2023-10-04T15:12:00+00:00, run_after=2023-10-04T15:14:00+00:00
[2023-10-04T18:15:42.237+0300] {processor.py:179} INFO - Processing /home/paulet/anaconda3/lib/python3.10/site-packages/airflow/example_dags/example_sla_dag.py took 0.210 seconds
[2023-10-04T18:16:43.016+0300] {processor.py:157} INFO - Started process (PID=16174) to work on /home/paulet/anaconda3/lib/python3.10/site-packages/airflow/example_dags/example_sla_dag.py
[2023-10-04T18:16:45.048+0300] {processor.py:826} INFO - Processing file /home/paulet/anaconda3/lib/python3.10/site-packages/airflow/example_dags/example_sla_dag.py for tasks to queue
[2023-10-04T18:16:45.049+0300] {logging_mixin.py:149} INFO - [2023-10-04T18:16:45.049+0300] {dagbag.py:541} INFO - Filling up the DagBag from /home/paulet/anaconda3/lib/python3.10/site-packages/airflow/example_dags/example_sla_dag.py
[2023-10-04T18:16:45.062+0300] {processor.py:836} INFO - DAG(s) dict_keys(['example_sla_dag']) retrieved from /home/paulet/anaconda3/lib/python3.10/site-packages/airflow/example_dags/example_sla_dag.py
[2023-10-04T18:16:45.090+0300] {logging_mixin.py:149} INFO - [2023-10-04T18:16:45.090+0300] {dag.py:2726} INFO - Sync 1 DAGs
[2023-10-04T18:16:45.123+0300] {logging_mixin.py:149} INFO - [2023-10-04T18:16:45.122+0300] {dag.py:3486} INFO - Setting next_dagrun for example_sla_dag to 2023-10-04T15:14:00+00:00, run_after=2023-10-04T15:16:00+00:00
[2023-10-04T18:16:45.459+0300] {processor.py:179} INFO - Processing /home/paulet/anaconda3/lib/python3.10/site-packages/airflow/example_dags/example_sla_dag.py took 2.447 seconds
[2023-10-04T18:18:02.433+0300] {processor.py:157} INFO - Started process (PID=16297) to work on /home/paulet/anaconda3/lib/python3.10/site-packages/airflow/example_dags/example_sla_dag.py
[2023-10-04T18:18:02.782+0300] {processor.py:826} INFO - Processing file /home/paulet/anaconda3/lib/python3.10/site-packages/airflow/example_dags/example_sla_dag.py for tasks to queue
[2023-10-04T18:18:02.784+0300] {logging_mixin.py:149} INFO - [2023-10-04T18:18:02.783+0300] {dagbag.py:541} INFO - Filling up the DagBag from /home/paulet/anaconda3/lib/python3.10/site-packages/airflow/example_dags/example_sla_dag.py
[2023-10-04T18:18:02.795+0300] {processor.py:836} INFO - DAG(s) dict_keys(['example_sla_dag']) retrieved from /home/paulet/anaconda3/lib/python3.10/site-packages/airflow/example_dags/example_sla_dag.py
[2023-10-04T18:18:02.818+0300] {logging_mixin.py:149} INFO - [2023-10-04T18:18:02.818+0300] {dag.py:2726} INFO - Sync 1 DAGs
[2023-10-04T18:18:02.849+0300] {logging_mixin.py:149} INFO - [2023-10-04T18:18:02.848+0300] {dag.py:3486} INFO - Setting next_dagrun for example_sla_dag to 2023-10-04T15:16:00+00:00, run_after=2023-10-04T15:18:00+00:00
[2023-10-04T18:18:03.658+0300] {processor.py:179} INFO - Processing /home/paulet/anaconda3/lib/python3.10/site-packages/airflow/example_dags/example_sla_dag.py took 1.230 seconds
[2023-10-04T21:00:42.848+0300] {processor.py:157} INFO - Started process (PID=22437) to work on /home/paulet/anaconda3/lib/python3.10/site-packages/airflow/example_dags/example_sla_dag.py
[2023-10-04T21:00:42.849+0300] {processor.py:826} INFO - Processing file /home/paulet/anaconda3/lib/python3.10/site-packages/airflow/example_dags/example_sla_dag.py for tasks to queue
[2023-10-04T21:00:42.850+0300] {logging_mixin.py:149} INFO - [2023-10-04T21:00:42.850+0300] {dagbag.py:541} INFO - Filling up the DagBag from /home/paulet/anaconda3/lib/python3.10/site-packages/airflow/example_dags/example_sla_dag.py
[2023-10-04T21:00:42.865+0300] {processor.py:836} INFO - DAG(s) dict_keys(['example_sla_dag']) retrieved from /home/paulet/anaconda3/lib/python3.10/site-packages/airflow/example_dags/example_sla_dag.py
[2023-10-04T21:00:42.891+0300] {logging_mixin.py:149} INFO - [2023-10-04T21:00:42.891+0300] {dag.py:2726} INFO - Sync 1 DAGs
[2023-10-04T21:00:42.918+0300] {logging_mixin.py:149} INFO - [2023-10-04T21:00:42.918+0300] {dag.py:3486} INFO - Setting next_dagrun for example_sla_dag to 2023-10-04T17:58:00+00:00, run_after=2023-10-04T18:00:00+00:00
[2023-10-04T21:00:43.102+0300] {processor.py:179} INFO - Processing /home/paulet/anaconda3/lib/python3.10/site-packages/airflow/example_dags/example_sla_dag.py took 0.259 seconds
[2023-10-04T21:01:57.993+0300] {processor.py:157} INFO - Started process (PID=22632) to work on /home/paulet/anaconda3/lib/python3.10/site-packages/airflow/example_dags/example_sla_dag.py
[2023-10-04T21:01:58.025+0300] {processor.py:826} INFO - Processing file /home/paulet/anaconda3/lib/python3.10/site-packages/airflow/example_dags/example_sla_dag.py for tasks to queue
[2023-10-04T21:01:58.026+0300] {logging_mixin.py:149} INFO - [2023-10-04T21:01:58.026+0300] {dagbag.py:541} INFO - Filling up the DagBag from /home/paulet/anaconda3/lib/python3.10/site-packages/airflow/example_dags/example_sla_dag.py
[2023-10-04T21:01:58.039+0300] {processor.py:836} INFO - DAG(s) dict_keys(['example_sla_dag']) retrieved from /home/paulet/anaconda3/lib/python3.10/site-packages/airflow/example_dags/example_sla_dag.py
[2023-10-04T21:01:58.065+0300] {logging_mixin.py:149} INFO - [2023-10-04T21:01:58.065+0300] {dag.py:2726} INFO - Sync 1 DAGs
[2023-10-04T21:01:58.093+0300] {logging_mixin.py:149} INFO - [2023-10-04T21:01:58.093+0300] {dag.py:3486} INFO - Setting next_dagrun for example_sla_dag to 2023-10-04T17:58:00+00:00, run_after=2023-10-04T18:00:00+00:00
[2023-10-04T21:01:58.253+0300] {processor.py:179} INFO - Processing /home/paulet/anaconda3/lib/python3.10/site-packages/airflow/example_dags/example_sla_dag.py took 0.263 seconds
[2023-10-04T21:02:53.060+0300] {processor.py:157} INFO - Started process (PID=22683) to work on /home/paulet/anaconda3/lib/python3.10/site-packages/airflow/example_dags/example_sla_dag.py
[2023-10-04T21:02:53.092+0300] {processor.py:826} INFO - Processing file /home/paulet/anaconda3/lib/python3.10/site-packages/airflow/example_dags/example_sla_dag.py for tasks to queue
[2023-10-04T21:02:53.094+0300] {logging_mixin.py:149} INFO - [2023-10-04T21:02:53.093+0300] {dagbag.py:541} INFO - Filling up the DagBag from /home/paulet/anaconda3/lib/python3.10/site-packages/airflow/example_dags/example_sla_dag.py
[2023-10-04T21:02:53.106+0300] {processor.py:836} INFO - DAG(s) dict_keys(['example_sla_dag']) retrieved from /home/paulet/anaconda3/lib/python3.10/site-packages/airflow/example_dags/example_sla_dag.py
[2023-10-04T21:02:53.133+0300] {logging_mixin.py:149} INFO - [2023-10-04T21:02:53.133+0300] {dag.py:2726} INFO - Sync 1 DAGs
[2023-10-04T21:02:53.163+0300] {logging_mixin.py:149} INFO - [2023-10-04T21:02:53.163+0300] {dag.py:3486} INFO - Setting next_dagrun for example_sla_dag to 2023-10-04T18:00:00+00:00, run_after=2023-10-04T18:02:00+00:00
[2023-10-04T21:02:53.311+0300] {processor.py:179} INFO - Processing /home/paulet/anaconda3/lib/python3.10/site-packages/airflow/example_dags/example_sla_dag.py took 0.255 seconds
[2023-10-04T21:03:50.544+0300] {processor.py:157} INFO - Started process (PID=22734) to work on /home/paulet/anaconda3/lib/python3.10/site-packages/airflow/example_dags/example_sla_dag.py
[2023-10-04T21:03:50.545+0300] {processor.py:826} INFO - Processing file /home/paulet/anaconda3/lib/python3.10/site-packages/airflow/example_dags/example_sla_dag.py for tasks to queue
[2023-10-04T21:03:50.546+0300] {logging_mixin.py:149} INFO - [2023-10-04T21:03:50.546+0300] {dagbag.py:541} INFO - Filling up the DagBag from /home/paulet/anaconda3/lib/python3.10/site-packages/airflow/example_dags/example_sla_dag.py
[2023-10-04T21:03:50.559+0300] {processor.py:836} INFO - DAG(s) dict_keys(['example_sla_dag']) retrieved from /home/paulet/anaconda3/lib/python3.10/site-packages/airflow/example_dags/example_sla_dag.py
[2023-10-04T21:03:50.583+0300] {logging_mixin.py:149} INFO - [2023-10-04T21:03:50.582+0300] {dag.py:2726} INFO - Sync 1 DAGs
[2023-10-04T21:03:50.611+0300] {logging_mixin.py:149} INFO - [2023-10-04T21:03:50.610+0300] {dag.py:3486} INFO - Setting next_dagrun for example_sla_dag to 2023-10-04T18:00:00+00:00, run_after=2023-10-04T18:02:00+00:00
[2023-10-04T21:03:50.764+0300] {processor.py:179} INFO - Processing /home/paulet/anaconda3/lib/python3.10/site-packages/airflow/example_dags/example_sla_dag.py took 0.224 seconds
[2023-10-04T21:04:48.087+0300] {processor.py:157} INFO - Started process (PID=22808) to work on /home/paulet/anaconda3/lib/python3.10/site-packages/airflow/example_dags/example_sla_dag.py
[2023-10-04T21:04:48.088+0300] {processor.py:826} INFO - Processing file /home/paulet/anaconda3/lib/python3.10/site-packages/airflow/example_dags/example_sla_dag.py for tasks to queue
[2023-10-04T21:04:48.089+0300] {logging_mixin.py:149} INFO - [2023-10-04T21:04:48.089+0300] {dagbag.py:541} INFO - Filling up the DagBag from /home/paulet/anaconda3/lib/python3.10/site-packages/airflow/example_dags/example_sla_dag.py
[2023-10-04T21:04:48.099+0300] {processor.py:836} INFO - DAG(s) dict_keys(['example_sla_dag']) retrieved from /home/paulet/anaconda3/lib/python3.10/site-packages/airflow/example_dags/example_sla_dag.py
[2023-10-04T21:04:48.120+0300] {logging_mixin.py:149} INFO - [2023-10-04T21:04:48.120+0300] {dag.py:2726} INFO - Sync 1 DAGs
[2023-10-04T21:04:48.147+0300] {logging_mixin.py:149} INFO - [2023-10-04T21:04:48.147+0300] {dag.py:3486} INFO - Setting next_dagrun for example_sla_dag to 2023-10-04T18:02:00+00:00, run_after=2023-10-04T18:04:00+00:00
[2023-10-04T21:04:48.322+0300] {processor.py:179} INFO - Processing /home/paulet/anaconda3/lib/python3.10/site-packages/airflow/example_dags/example_sla_dag.py took 0.239 seconds
[2023-10-04T21:05:43.885+0300] {processor.py:157} INFO - Started process (PID=22885) to work on /home/paulet/anaconda3/lib/python3.10/site-packages/airflow/example_dags/example_sla_dag.py
[2023-10-04T21:05:43.886+0300] {processor.py:826} INFO - Processing file /home/paulet/anaconda3/lib/python3.10/site-packages/airflow/example_dags/example_sla_dag.py for tasks to queue
[2023-10-04T21:05:43.887+0300] {logging_mixin.py:149} INFO - [2023-10-04T21:05:43.887+0300] {dagbag.py:541} INFO - Filling up the DagBag from /home/paulet/anaconda3/lib/python3.10/site-packages/airflow/example_dags/example_sla_dag.py
[2023-10-04T21:05:43.900+0300] {processor.py:836} INFO - DAG(s) dict_keys(['example_sla_dag']) retrieved from /home/paulet/anaconda3/lib/python3.10/site-packages/airflow/example_dags/example_sla_dag.py
[2023-10-04T21:05:43.924+0300] {logging_mixin.py:149} INFO - [2023-10-04T21:05:43.923+0300] {dag.py:2726} INFO - Sync 1 DAGs
[2023-10-04T21:05:43.951+0300] {logging_mixin.py:149} INFO - [2023-10-04T21:05:43.951+0300] {dag.py:3486} INFO - Setting next_dagrun for example_sla_dag to 2023-10-04T18:02:00+00:00, run_after=2023-10-04T18:04:00+00:00
[2023-10-04T21:05:44.116+0300] {processor.py:179} INFO - Processing /home/paulet/anaconda3/lib/python3.10/site-packages/airflow/example_dags/example_sla_dag.py took 0.236 seconds
[2023-10-04T21:06:42.077+0300] {processor.py:157} INFO - Started process (PID=22936) to work on /home/paulet/anaconda3/lib/python3.10/site-packages/airflow/example_dags/example_sla_dag.py
[2023-10-04T21:06:42.079+0300] {processor.py:826} INFO - Processing file /home/paulet/anaconda3/lib/python3.10/site-packages/airflow/example_dags/example_sla_dag.py for tasks to queue
[2023-10-04T21:06:42.080+0300] {logging_mixin.py:149} INFO - [2023-10-04T21:06:42.080+0300] {dagbag.py:541} INFO - Filling up the DagBag from /home/paulet/anaconda3/lib/python3.10/site-packages/airflow/example_dags/example_sla_dag.py
[2023-10-04T21:06:42.093+0300] {processor.py:836} INFO - DAG(s) dict_keys(['example_sla_dag']) retrieved from /home/paulet/anaconda3/lib/python3.10/site-packages/airflow/example_dags/example_sla_dag.py
[2023-10-04T21:06:42.116+0300] {logging_mixin.py:149} INFO - [2023-10-04T21:06:42.115+0300] {dag.py:2726} INFO - Sync 1 DAGs
[2023-10-04T21:06:42.144+0300] {logging_mixin.py:149} INFO - [2023-10-04T21:06:42.144+0300] {dag.py:3486} INFO - Setting next_dagrun for example_sla_dag to 2023-10-04T18:04:00+00:00, run_after=2023-10-04T18:06:00+00:00
[2023-10-04T21:06:42.277+0300] {processor.py:179} INFO - Processing /home/paulet/anaconda3/lib/python3.10/site-packages/airflow/example_dags/example_sla_dag.py took 0.204 seconds
[2023-10-04T21:07:33.960+0300] {processor.py:157} INFO - Started process (PID=22985) to work on /home/paulet/anaconda3/lib/python3.10/site-packages/airflow/example_dags/example_sla_dag.py
[2023-10-04T21:07:33.990+0300] {processor.py:826} INFO - Processing file /home/paulet/anaconda3/lib/python3.10/site-packages/airflow/example_dags/example_sla_dag.py for tasks to queue
[2023-10-04T21:07:33.991+0300] {logging_mixin.py:149} INFO - [2023-10-04T21:07:33.991+0300] {dagbag.py:541} INFO - Filling up the DagBag from /home/paulet/anaconda3/lib/python3.10/site-packages/airflow/example_dags/example_sla_dag.py
[2023-10-04T21:07:34.005+0300] {processor.py:836} INFO - DAG(s) dict_keys(['example_sla_dag']) retrieved from /home/paulet/anaconda3/lib/python3.10/site-packages/airflow/example_dags/example_sla_dag.py
[2023-10-04T21:07:34.032+0300] {logging_mixin.py:149} INFO - [2023-10-04T21:07:34.032+0300] {dag.py:2726} INFO - Sync 1 DAGs
[2023-10-04T21:07:34.062+0300] {logging_mixin.py:149} INFO - [2023-10-04T21:07:34.061+0300] {dag.py:3486} INFO - Setting next_dagrun for example_sla_dag to 2023-10-04T18:04:00+00:00, run_after=2023-10-04T18:06:00+00:00
[2023-10-04T21:07:34.208+0300] {processor.py:179} INFO - Processing /home/paulet/anaconda3/lib/python3.10/site-packages/airflow/example_dags/example_sla_dag.py took 0.253 seconds
[2023-10-04T21:08:21.417+0300] {processor.py:157} INFO - Started process (PID=23030) to work on /home/paulet/anaconda3/lib/python3.10/site-packages/airflow/example_dags/example_sla_dag.py
[2023-10-04T21:08:21.439+0300] {processor.py:826} INFO - Processing file /home/paulet/anaconda3/lib/python3.10/site-packages/airflow/example_dags/example_sla_dag.py for tasks to queue
[2023-10-04T21:08:21.440+0300] {logging_mixin.py:149} INFO - [2023-10-04T21:08:21.440+0300] {dagbag.py:541} INFO - Filling up the DagBag from /home/paulet/anaconda3/lib/python3.10/site-packages/airflow/example_dags/example_sla_dag.py
[2023-10-04T21:08:21.453+0300] {processor.py:836} INFO - DAG(s) dict_keys(['example_sla_dag']) retrieved from /home/paulet/anaconda3/lib/python3.10/site-packages/airflow/example_dags/example_sla_dag.py
[2023-10-04T21:08:21.478+0300] {logging_mixin.py:149} INFO - [2023-10-04T21:08:21.478+0300] {dag.py:2726} INFO - Sync 1 DAGs
[2023-10-04T21:08:21.508+0300] {logging_mixin.py:149} INFO - [2023-10-04T21:08:21.507+0300] {dag.py:3486} INFO - Setting next_dagrun for example_sla_dag to 2023-10-04T18:06:00+00:00, run_after=2023-10-04T18:08:00+00:00
[2023-10-04T21:08:21.681+0300] {processor.py:179} INFO - Processing /home/paulet/anaconda3/lib/python3.10/site-packages/airflow/example_dags/example_sla_dag.py took 0.269 seconds
[2023-10-04T21:09:11.373+0300] {processor.py:157} INFO - Started process (PID=23095) to work on /home/paulet/anaconda3/lib/python3.10/site-packages/airflow/example_dags/example_sla_dag.py
[2023-10-04T21:09:11.374+0300] {processor.py:826} INFO - Processing file /home/paulet/anaconda3/lib/python3.10/site-packages/airflow/example_dags/example_sla_dag.py for tasks to queue
[2023-10-04T21:09:11.375+0300] {logging_mixin.py:149} INFO - [2023-10-04T21:09:11.375+0300] {dagbag.py:541} INFO - Filling up the DagBag from /home/paulet/anaconda3/lib/python3.10/site-packages/airflow/example_dags/example_sla_dag.py
[2023-10-04T21:09:11.388+0300] {processor.py:836} INFO - DAG(s) dict_keys(['example_sla_dag']) retrieved from /home/paulet/anaconda3/lib/python3.10/site-packages/airflow/example_dags/example_sla_dag.py
[2023-10-04T21:09:11.411+0300] {logging_mixin.py:149} INFO - [2023-10-04T21:09:11.410+0300] {dag.py:2726} INFO - Sync 1 DAGs
[2023-10-04T21:09:11.438+0300] {logging_mixin.py:149} INFO - [2023-10-04T21:09:11.438+0300] {dag.py:3486} INFO - Setting next_dagrun for example_sla_dag to 2023-10-04T18:06:00+00:00, run_after=2023-10-04T18:08:00+00:00
[2023-10-04T21:09:11.587+0300] {processor.py:179} INFO - Processing /home/paulet/anaconda3/lib/python3.10/site-packages/airflow/example_dags/example_sla_dag.py took 0.219 seconds
[2023-10-04T21:10:03.324+0300] {processor.py:157} INFO - Started process (PID=23183) to work on /home/paulet/anaconda3/lib/python3.10/site-packages/airflow/example_dags/example_sla_dag.py
[2023-10-04T21:10:03.326+0300] {processor.py:826} INFO - Processing file /home/paulet/anaconda3/lib/python3.10/site-packages/airflow/example_dags/example_sla_dag.py for tasks to queue
[2023-10-04T21:10:03.327+0300] {logging_mixin.py:149} INFO - [2023-10-04T21:10:03.327+0300] {dagbag.py:541} INFO - Filling up the DagBag from /home/paulet/anaconda3/lib/python3.10/site-packages/airflow/example_dags/example_sla_dag.py
[2023-10-04T21:10:03.338+0300] {processor.py:836} INFO - DAG(s) dict_keys(['example_sla_dag']) retrieved from /home/paulet/anaconda3/lib/python3.10/site-packages/airflow/example_dags/example_sla_dag.py
[2023-10-04T21:10:03.363+0300] {logging_mixin.py:149} INFO - [2023-10-04T21:10:03.362+0300] {dag.py:2726} INFO - Sync 1 DAGs
[2023-10-04T21:10:03.391+0300] {logging_mixin.py:149} INFO - [2023-10-04T21:10:03.391+0300] {dag.py:3486} INFO - Setting next_dagrun for example_sla_dag to 2023-10-04T18:08:00+00:00, run_after=2023-10-04T18:10:00+00:00
[2023-10-04T21:10:03.546+0300] {processor.py:179} INFO - Processing /home/paulet/anaconda3/lib/python3.10/site-packages/airflow/example_dags/example_sla_dag.py took 0.226 seconds
[2023-10-04T21:52:07.940+0300] {processor.py:157} INFO - Started process (PID=26946) to work on /home/paulet/anaconda3/lib/python3.10/site-packages/airflow/example_dags/example_sla_dag.py
[2023-10-04T21:52:07.961+0300] {processor.py:826} INFO - Processing file /home/paulet/anaconda3/lib/python3.10/site-packages/airflow/example_dags/example_sla_dag.py for tasks to queue
[2023-10-04T21:52:07.962+0300] {logging_mixin.py:149} INFO - [2023-10-04T21:52:07.962+0300] {dagbag.py:541} INFO - Filling up the DagBag from /home/paulet/anaconda3/lib/python3.10/site-packages/airflow/example_dags/example_sla_dag.py
[2023-10-04T21:52:07.977+0300] {processor.py:836} INFO - DAG(s) dict_keys(['example_sla_dag']) retrieved from /home/paulet/anaconda3/lib/python3.10/site-packages/airflow/example_dags/example_sla_dag.py
[2023-10-04T21:52:08.007+0300] {logging_mixin.py:149} INFO - [2023-10-04T21:52:08.007+0300] {dag.py:2726} INFO - Sync 1 DAGs
[2023-10-04T21:52:08.038+0300] {logging_mixin.py:149} INFO - [2023-10-04T21:52:08.038+0300] {dag.py:3486} INFO - Setting next_dagrun for example_sla_dag to 2023-10-04T18:50:00+00:00, run_after=2023-10-04T18:52:00+00:00
[2023-10-04T21:52:08.195+0300] {processor.py:179} INFO - Processing /home/paulet/anaconda3/lib/python3.10/site-packages/airflow/example_dags/example_sla_dag.py took 0.259 seconds
[2023-10-04T21:53:06.161+0300] {processor.py:157} INFO - Started process (PID=27044) to work on /home/paulet/anaconda3/lib/python3.10/site-packages/airflow/example_dags/example_sla_dag.py
[2023-10-04T21:53:06.189+0300] {processor.py:826} INFO - Processing file /home/paulet/anaconda3/lib/python3.10/site-packages/airflow/example_dags/example_sla_dag.py for tasks to queue
[2023-10-04T21:53:06.191+0300] {logging_mixin.py:149} INFO - [2023-10-04T21:53:06.190+0300] {dagbag.py:541} INFO - Filling up the DagBag from /home/paulet/anaconda3/lib/python3.10/site-packages/airflow/example_dags/example_sla_dag.py
[2023-10-04T21:53:06.204+0300] {processor.py:836} INFO - DAG(s) dict_keys(['example_sla_dag']) retrieved from /home/paulet/anaconda3/lib/python3.10/site-packages/airflow/example_dags/example_sla_dag.py
[2023-10-04T21:53:06.231+0300] {logging_mixin.py:149} INFO - [2023-10-04T21:53:06.230+0300] {dag.py:2726} INFO - Sync 1 DAGs
[2023-10-04T21:53:06.271+0300] {logging_mixin.py:149} INFO - [2023-10-04T21:53:06.270+0300] {dag.py:3486} INFO - Setting next_dagrun for example_sla_dag to 2023-10-04T18:50:00+00:00, run_after=2023-10-04T18:52:00+00:00
[2023-10-04T21:53:06.390+0300] {processor.py:179} INFO - Processing /home/paulet/anaconda3/lib/python3.10/site-packages/airflow/example_dags/example_sla_dag.py took 0.233 seconds
[2023-10-04T21:54:09.721+0300] {processor.py:157} INFO - Started process (PID=27125) to work on /home/paulet/anaconda3/lib/python3.10/site-packages/airflow/example_dags/example_sla_dag.py
[2023-10-04T21:54:09.742+0300] {processor.py:826} INFO - Processing file /home/paulet/anaconda3/lib/python3.10/site-packages/airflow/example_dags/example_sla_dag.py for tasks to queue
[2023-10-04T21:54:09.743+0300] {logging_mixin.py:149} INFO - [2023-10-04T21:54:09.743+0300] {dagbag.py:541} INFO - Filling up the DagBag from /home/paulet/anaconda3/lib/python3.10/site-packages/airflow/example_dags/example_sla_dag.py
[2023-10-04T21:54:09.758+0300] {processor.py:836} INFO - DAG(s) dict_keys(['example_sla_dag']) retrieved from /home/paulet/anaconda3/lib/python3.10/site-packages/airflow/example_dags/example_sla_dag.py
[2023-10-04T21:54:09.783+0300] {logging_mixin.py:149} INFO - [2023-10-04T21:54:09.783+0300] {dag.py:2726} INFO - Sync 1 DAGs
[2023-10-04T21:54:09.813+0300] {logging_mixin.py:149} INFO - [2023-10-04T21:54:09.813+0300] {dag.py:3486} INFO - Setting next_dagrun for example_sla_dag to 2023-10-04T18:52:00+00:00, run_after=2023-10-04T18:54:00+00:00
[2023-10-04T21:54:09.982+0300] {processor.py:179} INFO - Processing /home/paulet/anaconda3/lib/python3.10/site-packages/airflow/example_dags/example_sla_dag.py took 0.265 seconds
[2023-10-04T21:55:06.380+0300] {processor.py:157} INFO - Started process (PID=27199) to work on /home/paulet/anaconda3/lib/python3.10/site-packages/airflow/example_dags/example_sla_dag.py
[2023-10-04T21:55:06.387+0300] {processor.py:826} INFO - Processing file /home/paulet/anaconda3/lib/python3.10/site-packages/airflow/example_dags/example_sla_dag.py for tasks to queue
[2023-10-04T21:55:06.389+0300] {logging_mixin.py:149} INFO - [2023-10-04T21:55:06.388+0300] {dagbag.py:541} INFO - Filling up the DagBag from /home/paulet/anaconda3/lib/python3.10/site-packages/airflow/example_dags/example_sla_dag.py
[2023-10-04T21:55:06.401+0300] {processor.py:836} INFO - DAG(s) dict_keys(['example_sla_dag']) retrieved from /home/paulet/anaconda3/lib/python3.10/site-packages/airflow/example_dags/example_sla_dag.py
[2023-10-04T21:55:06.426+0300] {logging_mixin.py:149} INFO - [2023-10-04T21:55:06.426+0300] {dag.py:2726} INFO - Sync 1 DAGs
[2023-10-04T21:55:06.455+0300] {logging_mixin.py:149} INFO - [2023-10-04T21:55:06.455+0300] {dag.py:3486} INFO - Setting next_dagrun for example_sla_dag to 2023-10-04T18:52:00+00:00, run_after=2023-10-04T18:54:00+00:00
[2023-10-04T21:55:06.601+0300] {processor.py:179} INFO - Processing /home/paulet/anaconda3/lib/python3.10/site-packages/airflow/example_dags/example_sla_dag.py took 0.226 seconds
