[2023-10-04T18:09:28.366+0300] {processor.py:157} INFO - Started process (PID=14124) to work on /home/paulet/anaconda3/lib/python3.10/site-packages/airflow/example_dags/example_python_operator.py
[2023-10-04T18:09:28.367+0300] {processor.py:826} INFO - Processing file /home/paulet/anaconda3/lib/python3.10/site-packages/airflow/example_dags/example_python_operator.py for tasks to queue
[2023-10-04T18:09:28.368+0300] {logging_mixin.py:149} INFO - [2023-10-04T18:09:28.368+0300] {dagbag.py:541} INFO - Filling up the DagBag from /home/paulet/anaconda3/lib/python3.10/site-packages/airflow/example_dags/example_python_operator.py
[2023-10-04T18:09:28.379+0300] {logging_mixin.py:149} INFO - [2023-10-04T18:09:28.378+0300] {taskmixin.py:211} WARNING - Dependency <Task(_PythonDecoratedOperator): print_the_context>, log_sql_query already registered for DAG: example_python_operator
[2023-10-04T18:09:28.379+0300] {logging_mixin.py:149} INFO - [2023-10-04T18:09:28.379+0300] {taskmixin.py:211} WARNING - Dependency <Task(_PythonDecoratedOperator): log_sql_query>, print_the_context already registered for DAG: example_python_operator
[2023-10-04T18:09:28.380+0300] {logging_mixin.py:149} INFO - [2023-10-04T18:09:28.380+0300] {taskmixin.py:211} WARNING - Dependency <Task(_PythonDecoratedOperator): print_the_context>, log_sql_query already registered for DAG: example_python_operator
[2023-10-04T18:09:28.380+0300] {logging_mixin.py:149} INFO - [2023-10-04T18:09:28.380+0300] {taskmixin.py:211} WARNING - Dependency <Task(_PythonDecoratedOperator): log_sql_query>, print_the_context already registered for DAG: example_python_operator
[2023-10-04T18:09:28.381+0300] {logging_mixin.py:149} INFO - [2023-10-04T18:09:28.381+0300] {taskmixin.py:211} WARNING - Dependency <Task(_PythonDecoratedOperator): print_the_context>, log_sql_query already registered for DAG: example_python_operator
[2023-10-04T18:09:28.381+0300] {logging_mixin.py:149} INFO - [2023-10-04T18:09:28.381+0300] {taskmixin.py:211} WARNING - Dependency <Task(_PythonDecoratedOperator): log_sql_query>, print_the_context already registered for DAG: example_python_operator
[2023-10-04T18:09:28.382+0300] {logging_mixin.py:149} INFO - [2023-10-04T18:09:28.382+0300] {taskmixin.py:211} WARNING - Dependency <Task(_PythonDecoratedOperator): print_the_context>, log_sql_query already registered for DAG: example_python_operator
[2023-10-04T18:09:28.382+0300] {logging_mixin.py:149} INFO - [2023-10-04T18:09:28.382+0300] {taskmixin.py:211} WARNING - Dependency <Task(_PythonDecoratedOperator): log_sql_query>, print_the_context already registered for DAG: example_python_operator
[2023-10-04T18:09:28.383+0300] {logging_mixin.py:149} INFO - [2023-10-04T18:09:28.383+0300] {example_python_operator.py:90} WARNING - The virtalenv_python example task requires virtualenv, please install it.
[2023-10-04T18:09:28.386+0300] {processor.py:836} INFO - DAG(s) dict_keys(['example_python_operator']) retrieved from /home/paulet/anaconda3/lib/python3.10/site-packages/airflow/example_dags/example_python_operator.py
[2023-10-04T18:09:28.753+0300] {logging_mixin.py:149} INFO - [2023-10-04T18:09:28.752+0300] {manager.py:504} INFO - Created Permission View: can edit on DAG:example_python_operator
[2023-10-04T18:09:28.897+0300] {logging_mixin.py:149} INFO - [2023-10-04T18:09:28.897+0300] {manager.py:504} INFO - Created Permission View: can read on DAG:example_python_operator
[2023-10-04T18:09:29.064+0300] {logging_mixin.py:149} INFO - [2023-10-04T18:09:29.063+0300] {manager.py:504} INFO - Created Permission View: can delete on DAG:example_python_operator
[2023-10-04T18:09:29.065+0300] {logging_mixin.py:149} INFO - [2023-10-04T18:09:29.064+0300] {dag.py:2726} INFO - Sync 1 DAGs
[2023-10-04T18:09:29.104+0300] {logging_mixin.py:149} INFO - [2023-10-04T18:09:29.103+0300] {dag.py:2747} INFO - Creating ORM DAG for example_python_operator
[2023-10-04T18:09:29.127+0300] {logging_mixin.py:149} INFO - [2023-10-04T18:09:29.127+0300] {dag.py:3486} INFO - Setting next_dagrun for example_python_operator to None, run_after=None
[2023-10-04T18:09:29.355+0300] {processor.py:179} INFO - Processing /home/paulet/anaconda3/lib/python3.10/site-packages/airflow/example_dags/example_python_operator.py took 0.992 seconds
[2023-10-04T18:11:06.068+0300] {processor.py:157} INFO - Started process (PID=14626) to work on /home/paulet/anaconda3/lib/python3.10/site-packages/airflow/example_dags/example_python_operator.py
[2023-10-04T18:11:06.081+0300] {processor.py:826} INFO - Processing file /home/paulet/anaconda3/lib/python3.10/site-packages/airflow/example_dags/example_python_operator.py for tasks to queue
[2023-10-04T18:11:06.082+0300] {logging_mixin.py:149} INFO - [2023-10-04T18:11:06.082+0300] {dagbag.py:541} INFO - Filling up the DagBag from /home/paulet/anaconda3/lib/python3.10/site-packages/airflow/example_dags/example_python_operator.py
[2023-10-04T18:11:06.094+0300] {logging_mixin.py:149} INFO - [2023-10-04T18:11:06.093+0300] {taskmixin.py:211} WARNING - Dependency <Task(_PythonDecoratedOperator): print_the_context>, log_sql_query already registered for DAG: example_python_operator
[2023-10-04T18:11:06.094+0300] {logging_mixin.py:149} INFO - [2023-10-04T18:11:06.094+0300] {taskmixin.py:211} WARNING - Dependency <Task(_PythonDecoratedOperator): log_sql_query>, print_the_context already registered for DAG: example_python_operator
[2023-10-04T18:11:06.095+0300] {logging_mixin.py:149} INFO - [2023-10-04T18:11:06.095+0300] {taskmixin.py:211} WARNING - Dependency <Task(_PythonDecoratedOperator): print_the_context>, log_sql_query already registered for DAG: example_python_operator
[2023-10-04T18:11:06.095+0300] {logging_mixin.py:149} INFO - [2023-10-04T18:11:06.095+0300] {taskmixin.py:211} WARNING - Dependency <Task(_PythonDecoratedOperator): log_sql_query>, print_the_context already registered for DAG: example_python_operator
[2023-10-04T18:11:06.096+0300] {logging_mixin.py:149} INFO - [2023-10-04T18:11:06.096+0300] {taskmixin.py:211} WARNING - Dependency <Task(_PythonDecoratedOperator): print_the_context>, log_sql_query already registered for DAG: example_python_operator
[2023-10-04T18:11:06.096+0300] {logging_mixin.py:149} INFO - [2023-10-04T18:11:06.096+0300] {taskmixin.py:211} WARNING - Dependency <Task(_PythonDecoratedOperator): log_sql_query>, print_the_context already registered for DAG: example_python_operator
[2023-10-04T18:11:06.097+0300] {logging_mixin.py:149} INFO - [2023-10-04T18:11:06.097+0300] {taskmixin.py:211} WARNING - Dependency <Task(_PythonDecoratedOperator): print_the_context>, log_sql_query already registered for DAG: example_python_operator
[2023-10-04T18:11:06.098+0300] {logging_mixin.py:149} INFO - [2023-10-04T18:11:06.097+0300] {taskmixin.py:211} WARNING - Dependency <Task(_PythonDecoratedOperator): log_sql_query>, print_the_context already registered for DAG: example_python_operator
[2023-10-04T18:11:06.110+0300] {logging_mixin.py:149} INFO - [2023-10-04T18:11:06.110+0300] {example_python_operator.py:90} WARNING - The virtalenv_python example task requires virtualenv, please install it.
[2023-10-04T18:11:06.112+0300] {processor.py:836} INFO - DAG(s) dict_keys(['example_python_operator']) retrieved from /home/paulet/anaconda3/lib/python3.10/site-packages/airflow/example_dags/example_python_operator.py
[2023-10-04T18:11:06.140+0300] {logging_mixin.py:149} INFO - [2023-10-04T18:11:06.140+0300] {dag.py:2726} INFO - Sync 1 DAGs
[2023-10-04T18:11:06.166+0300] {logging_mixin.py:149} INFO - [2023-10-04T18:11:06.166+0300] {dag.py:3486} INFO - Setting next_dagrun for example_python_operator to None, run_after=None
[2023-10-04T18:11:06.287+0300] {processor.py:179} INFO - Processing /home/paulet/anaconda3/lib/python3.10/site-packages/airflow/example_dags/example_python_operator.py took 0.223 seconds
[2023-10-04T18:12:55.105+0300] {processor.py:157} INFO - Started process (PID=15177) to work on /home/paulet/anaconda3/lib/python3.10/site-packages/airflow/example_dags/example_python_operator.py
[2023-10-04T18:12:55.121+0300] {processor.py:826} INFO - Processing file /home/paulet/anaconda3/lib/python3.10/site-packages/airflow/example_dags/example_python_operator.py for tasks to queue
[2023-10-04T18:12:55.122+0300] {logging_mixin.py:149} INFO - [2023-10-04T18:12:55.122+0300] {dagbag.py:541} INFO - Filling up the DagBag from /home/paulet/anaconda3/lib/python3.10/site-packages/airflow/example_dags/example_python_operator.py
[2023-10-04T18:12:55.134+0300] {logging_mixin.py:149} INFO - [2023-10-04T18:12:55.133+0300] {taskmixin.py:211} WARNING - Dependency <Task(_PythonDecoratedOperator): print_the_context>, log_sql_query already registered for DAG: example_python_operator
[2023-10-04T18:12:55.134+0300] {logging_mixin.py:149} INFO - [2023-10-04T18:12:55.134+0300] {taskmixin.py:211} WARNING - Dependency <Task(_PythonDecoratedOperator): log_sql_query>, print_the_context already registered for DAG: example_python_operator
[2023-10-04T18:12:55.135+0300] {logging_mixin.py:149} INFO - [2023-10-04T18:12:55.135+0300] {taskmixin.py:211} WARNING - Dependency <Task(_PythonDecoratedOperator): print_the_context>, log_sql_query already registered for DAG: example_python_operator
[2023-10-04T18:12:55.135+0300] {logging_mixin.py:149} INFO - [2023-10-04T18:12:55.135+0300] {taskmixin.py:211} WARNING - Dependency <Task(_PythonDecoratedOperator): log_sql_query>, print_the_context already registered for DAG: example_python_operator
[2023-10-04T18:12:55.136+0300] {logging_mixin.py:149} INFO - [2023-10-04T18:12:55.136+0300] {taskmixin.py:211} WARNING - Dependency <Task(_PythonDecoratedOperator): print_the_context>, log_sql_query already registered for DAG: example_python_operator
[2023-10-04T18:12:55.137+0300] {logging_mixin.py:149} INFO - [2023-10-04T18:12:55.136+0300] {taskmixin.py:211} WARNING - Dependency <Task(_PythonDecoratedOperator): log_sql_query>, print_the_context already registered for DAG: example_python_operator
[2023-10-04T18:12:55.138+0300] {logging_mixin.py:149} INFO - [2023-10-04T18:12:55.137+0300] {taskmixin.py:211} WARNING - Dependency <Task(_PythonDecoratedOperator): print_the_context>, log_sql_query already registered for DAG: example_python_operator
[2023-10-04T18:12:55.138+0300] {logging_mixin.py:149} INFO - [2023-10-04T18:12:55.138+0300] {taskmixin.py:211} WARNING - Dependency <Task(_PythonDecoratedOperator): log_sql_query>, print_the_context already registered for DAG: example_python_operator
[2023-10-04T18:12:55.138+0300] {logging_mixin.py:149} INFO - [2023-10-04T18:12:55.138+0300] {example_python_operator.py:90} WARNING - The virtalenv_python example task requires virtualenv, please install it.
[2023-10-04T18:12:55.139+0300] {processor.py:836} INFO - DAG(s) dict_keys(['example_python_operator']) retrieved from /home/paulet/anaconda3/lib/python3.10/site-packages/airflow/example_dags/example_python_operator.py
[2023-10-04T18:12:55.165+0300] {logging_mixin.py:149} INFO - [2023-10-04T18:12:55.164+0300] {dag.py:2726} INFO - Sync 1 DAGs
[2023-10-04T18:12:55.188+0300] {logging_mixin.py:149} INFO - [2023-10-04T18:12:55.187+0300] {dag.py:3486} INFO - Setting next_dagrun for example_python_operator to None, run_after=None
[2023-10-04T18:12:55.436+0300] {processor.py:179} INFO - Processing /home/paulet/anaconda3/lib/python3.10/site-packages/airflow/example_dags/example_python_operator.py took 0.336 seconds
[2023-10-04T18:14:42.148+0300] {processor.py:157} INFO - Started process (PID=16054) to work on /home/paulet/anaconda3/lib/python3.10/site-packages/airflow/example_dags/example_python_operator.py
[2023-10-04T18:14:42.165+0300] {processor.py:826} INFO - Processing file /home/paulet/anaconda3/lib/python3.10/site-packages/airflow/example_dags/example_python_operator.py for tasks to queue
[2023-10-04T18:14:42.166+0300] {logging_mixin.py:149} INFO - [2023-10-04T18:14:42.166+0300] {dagbag.py:541} INFO - Filling up the DagBag from /home/paulet/anaconda3/lib/python3.10/site-packages/airflow/example_dags/example_python_operator.py
[2023-10-04T18:14:42.178+0300] {logging_mixin.py:149} INFO - [2023-10-04T18:14:42.178+0300] {taskmixin.py:211} WARNING - Dependency <Task(_PythonDecoratedOperator): print_the_context>, log_sql_query already registered for DAG: example_python_operator
[2023-10-04T18:14:42.178+0300] {logging_mixin.py:149} INFO - [2023-10-04T18:14:42.178+0300] {taskmixin.py:211} WARNING - Dependency <Task(_PythonDecoratedOperator): log_sql_query>, print_the_context already registered for DAG: example_python_operator
[2023-10-04T18:14:42.179+0300] {logging_mixin.py:149} INFO - [2023-10-04T18:14:42.179+0300] {taskmixin.py:211} WARNING - Dependency <Task(_PythonDecoratedOperator): print_the_context>, log_sql_query already registered for DAG: example_python_operator
[2023-10-04T18:14:42.180+0300] {logging_mixin.py:149} INFO - [2023-10-04T18:14:42.179+0300] {taskmixin.py:211} WARNING - Dependency <Task(_PythonDecoratedOperator): log_sql_query>, print_the_context already registered for DAG: example_python_operator
[2023-10-04T18:14:42.181+0300] {logging_mixin.py:149} INFO - [2023-10-04T18:14:42.180+0300] {taskmixin.py:211} WARNING - Dependency <Task(_PythonDecoratedOperator): print_the_context>, log_sql_query already registered for DAG: example_python_operator
[2023-10-04T18:14:42.181+0300] {logging_mixin.py:149} INFO - [2023-10-04T18:14:42.181+0300] {taskmixin.py:211} WARNING - Dependency <Task(_PythonDecoratedOperator): log_sql_query>, print_the_context already registered for DAG: example_python_operator
[2023-10-04T18:14:42.182+0300] {logging_mixin.py:149} INFO - [2023-10-04T18:14:42.181+0300] {taskmixin.py:211} WARNING - Dependency <Task(_PythonDecoratedOperator): print_the_context>, log_sql_query already registered for DAG: example_python_operator
[2023-10-04T18:14:42.182+0300] {logging_mixin.py:149} INFO - [2023-10-04T18:14:42.182+0300] {taskmixin.py:211} WARNING - Dependency <Task(_PythonDecoratedOperator): log_sql_query>, print_the_context already registered for DAG: example_python_operator
[2023-10-04T18:14:42.182+0300] {logging_mixin.py:149} INFO - [2023-10-04T18:14:42.182+0300] {example_python_operator.py:90} WARNING - The virtalenv_python example task requires virtualenv, please install it.
[2023-10-04T18:14:42.183+0300] {processor.py:836} INFO - DAG(s) dict_keys(['example_python_operator']) retrieved from /home/paulet/anaconda3/lib/python3.10/site-packages/airflow/example_dags/example_python_operator.py
[2023-10-04T18:14:42.209+0300] {logging_mixin.py:149} INFO - [2023-10-04T18:14:42.209+0300] {dag.py:2726} INFO - Sync 1 DAGs
[2023-10-04T18:14:42.234+0300] {logging_mixin.py:149} INFO - [2023-10-04T18:14:42.234+0300] {dag.py:3486} INFO - Setting next_dagrun for example_python_operator to None, run_after=None
[2023-10-04T18:14:42.341+0300] {processor.py:179} INFO - Processing /home/paulet/anaconda3/lib/python3.10/site-packages/airflow/example_dags/example_python_operator.py took 0.197 seconds
[2023-10-04T18:15:37.983+0300] {processor.py:157} INFO - Started process (PID=16113) to work on /home/paulet/anaconda3/lib/python3.10/site-packages/airflow/example_dags/example_python_operator.py
[2023-10-04T18:15:38.015+0300] {processor.py:826} INFO - Processing file /home/paulet/anaconda3/lib/python3.10/site-packages/airflow/example_dags/example_python_operator.py for tasks to queue
[2023-10-04T18:15:38.016+0300] {logging_mixin.py:149} INFO - [2023-10-04T18:15:38.016+0300] {dagbag.py:541} INFO - Filling up the DagBag from /home/paulet/anaconda3/lib/python3.10/site-packages/airflow/example_dags/example_python_operator.py
[2023-10-04T18:15:38.028+0300] {logging_mixin.py:149} INFO - [2023-10-04T18:15:38.028+0300] {taskmixin.py:211} WARNING - Dependency <Task(_PythonDecoratedOperator): print_the_context>, log_sql_query already registered for DAG: example_python_operator
[2023-10-04T18:15:38.028+0300] {logging_mixin.py:149} INFO - [2023-10-04T18:15:38.028+0300] {taskmixin.py:211} WARNING - Dependency <Task(_PythonDecoratedOperator): log_sql_query>, print_the_context already registered for DAG: example_python_operator
[2023-10-04T18:15:38.030+0300] {logging_mixin.py:149} INFO - [2023-10-04T18:15:38.029+0300] {taskmixin.py:211} WARNING - Dependency <Task(_PythonDecoratedOperator): print_the_context>, log_sql_query already registered for DAG: example_python_operator
[2023-10-04T18:15:38.030+0300] {logging_mixin.py:149} INFO - [2023-10-04T18:15:38.030+0300] {taskmixin.py:211} WARNING - Dependency <Task(_PythonDecoratedOperator): log_sql_query>, print_the_context already registered for DAG: example_python_operator
[2023-10-04T18:15:38.031+0300] {logging_mixin.py:149} INFO - [2023-10-04T18:15:38.031+0300] {taskmixin.py:211} WARNING - Dependency <Task(_PythonDecoratedOperator): print_the_context>, log_sql_query already registered for DAG: example_python_operator
[2023-10-04T18:15:38.031+0300] {logging_mixin.py:149} INFO - [2023-10-04T18:15:38.031+0300] {taskmixin.py:211} WARNING - Dependency <Task(_PythonDecoratedOperator): log_sql_query>, print_the_context already registered for DAG: example_python_operator
[2023-10-04T18:15:38.032+0300] {logging_mixin.py:149} INFO - [2023-10-04T18:15:38.032+0300] {taskmixin.py:211} WARNING - Dependency <Task(_PythonDecoratedOperator): print_the_context>, log_sql_query already registered for DAG: example_python_operator
[2023-10-04T18:15:38.033+0300] {logging_mixin.py:149} INFO - [2023-10-04T18:15:38.032+0300] {taskmixin.py:211} WARNING - Dependency <Task(_PythonDecoratedOperator): log_sql_query>, print_the_context already registered for DAG: example_python_operator
[2023-10-04T18:15:38.033+0300] {logging_mixin.py:149} INFO - [2023-10-04T18:15:38.033+0300] {example_python_operator.py:90} WARNING - The virtalenv_python example task requires virtualenv, please install it.
[2023-10-04T18:15:38.034+0300] {processor.py:836} INFO - DAG(s) dict_keys(['example_python_operator']) retrieved from /home/paulet/anaconda3/lib/python3.10/site-packages/airflow/example_dags/example_python_operator.py
[2023-10-04T18:15:38.063+0300] {logging_mixin.py:149} INFO - [2023-10-04T18:15:38.063+0300] {dag.py:2726} INFO - Sync 1 DAGs
[2023-10-04T18:15:38.089+0300] {logging_mixin.py:149} INFO - [2023-10-04T18:15:38.088+0300] {dag.py:3486} INFO - Setting next_dagrun for example_python_operator to None, run_after=None
[2023-10-04T18:15:38.200+0300] {processor.py:179} INFO - Processing /home/paulet/anaconda3/lib/python3.10/site-packages/airflow/example_dags/example_python_operator.py took 0.221 seconds
[2023-10-04T18:16:36.140+0300] {processor.py:157} INFO - Started process (PID=16170) to work on /home/paulet/anaconda3/lib/python3.10/site-packages/airflow/example_dags/example_python_operator.py
[2023-10-04T18:16:36.266+0300] {processor.py:826} INFO - Processing file /home/paulet/anaconda3/lib/python3.10/site-packages/airflow/example_dags/example_python_operator.py for tasks to queue
[2023-10-04T18:16:36.268+0300] {logging_mixin.py:149} INFO - [2023-10-04T18:16:36.267+0300] {dagbag.py:541} INFO - Filling up the DagBag from /home/paulet/anaconda3/lib/python3.10/site-packages/airflow/example_dags/example_python_operator.py
[2023-10-04T18:16:36.279+0300] {logging_mixin.py:149} INFO - [2023-10-04T18:16:36.279+0300] {taskmixin.py:211} WARNING - Dependency <Task(_PythonDecoratedOperator): print_the_context>, log_sql_query already registered for DAG: example_python_operator
[2023-10-04T18:16:36.280+0300] {logging_mixin.py:149} INFO - [2023-10-04T18:16:36.279+0300] {taskmixin.py:211} WARNING - Dependency <Task(_PythonDecoratedOperator): log_sql_query>, print_the_context already registered for DAG: example_python_operator
[2023-10-04T18:16:36.281+0300] {logging_mixin.py:149} INFO - [2023-10-04T18:16:36.281+0300] {taskmixin.py:211} WARNING - Dependency <Task(_PythonDecoratedOperator): print_the_context>, log_sql_query already registered for DAG: example_python_operator
[2023-10-04T18:16:36.281+0300] {logging_mixin.py:149} INFO - [2023-10-04T18:16:36.281+0300] {taskmixin.py:211} WARNING - Dependency <Task(_PythonDecoratedOperator): log_sql_query>, print_the_context already registered for DAG: example_python_operator
[2023-10-04T18:16:36.282+0300] {logging_mixin.py:149} INFO - [2023-10-04T18:16:36.282+0300] {taskmixin.py:211} WARNING - Dependency <Task(_PythonDecoratedOperator): print_the_context>, log_sql_query already registered for DAG: example_python_operator
[2023-10-04T18:16:36.282+0300] {logging_mixin.py:149} INFO - [2023-10-04T18:16:36.282+0300] {taskmixin.py:211} WARNING - Dependency <Task(_PythonDecoratedOperator): log_sql_query>, print_the_context already registered for DAG: example_python_operator
[2023-10-04T18:16:36.283+0300] {logging_mixin.py:149} INFO - [2023-10-04T18:16:36.283+0300] {taskmixin.py:211} WARNING - Dependency <Task(_PythonDecoratedOperator): print_the_context>, log_sql_query already registered for DAG: example_python_operator
[2023-10-04T18:16:36.284+0300] {logging_mixin.py:149} INFO - [2023-10-04T18:16:36.284+0300] {taskmixin.py:211} WARNING - Dependency <Task(_PythonDecoratedOperator): log_sql_query>, print_the_context already registered for DAG: example_python_operator
[2023-10-04T18:16:36.284+0300] {logging_mixin.py:149} INFO - [2023-10-04T18:16:36.284+0300] {example_python_operator.py:90} WARNING - The virtalenv_python example task requires virtualenv, please install it.
[2023-10-04T18:16:36.285+0300] {processor.py:836} INFO - DAG(s) dict_keys(['example_python_operator']) retrieved from /home/paulet/anaconda3/lib/python3.10/site-packages/airflow/example_dags/example_python_operator.py
[2023-10-04T18:16:36.315+0300] {logging_mixin.py:149} INFO - [2023-10-04T18:16:36.315+0300] {dag.py:2726} INFO - Sync 1 DAGs
[2023-10-04T18:16:36.341+0300] {logging_mixin.py:149} INFO - [2023-10-04T18:16:36.341+0300] {dag.py:3486} INFO - Setting next_dagrun for example_python_operator to None, run_after=None
[2023-10-04T18:16:36.654+0300] {processor.py:179} INFO - Processing /home/paulet/anaconda3/lib/python3.10/site-packages/airflow/example_dags/example_python_operator.py took 0.517 seconds
[2023-10-04T18:17:35.809+0300] {processor.py:157} INFO - Started process (PID=16245) to work on /home/paulet/anaconda3/lib/python3.10/site-packages/airflow/example_dags/example_python_operator.py
[2023-10-04T18:17:35.847+0300] {processor.py:826} INFO - Processing file /home/paulet/anaconda3/lib/python3.10/site-packages/airflow/example_dags/example_python_operator.py for tasks to queue
[2023-10-04T18:17:35.848+0300] {logging_mixin.py:149} INFO - [2023-10-04T18:17:35.848+0300] {dagbag.py:541} INFO - Filling up the DagBag from /home/paulet/anaconda3/lib/python3.10/site-packages/airflow/example_dags/example_python_operator.py
[2023-10-04T18:17:35.860+0300] {logging_mixin.py:149} INFO - [2023-10-04T18:17:35.860+0300] {taskmixin.py:211} WARNING - Dependency <Task(_PythonDecoratedOperator): print_the_context>, log_sql_query already registered for DAG: example_python_operator
[2023-10-04T18:17:35.860+0300] {logging_mixin.py:149} INFO - [2023-10-04T18:17:35.860+0300] {taskmixin.py:211} WARNING - Dependency <Task(_PythonDecoratedOperator): log_sql_query>, print_the_context already registered for DAG: example_python_operator
[2023-10-04T18:17:35.861+0300] {logging_mixin.py:149} INFO - [2023-10-04T18:17:35.861+0300] {taskmixin.py:211} WARNING - Dependency <Task(_PythonDecoratedOperator): print_the_context>, log_sql_query already registered for DAG: example_python_operator
[2023-10-04T18:17:35.862+0300] {logging_mixin.py:149} INFO - [2023-10-04T18:17:35.861+0300] {taskmixin.py:211} WARNING - Dependency <Task(_PythonDecoratedOperator): log_sql_query>, print_the_context already registered for DAG: example_python_operator
[2023-10-04T18:17:35.863+0300] {logging_mixin.py:149} INFO - [2023-10-04T18:17:35.862+0300] {taskmixin.py:211} WARNING - Dependency <Task(_PythonDecoratedOperator): print_the_context>, log_sql_query already registered for DAG: example_python_operator
[2023-10-04T18:17:35.863+0300] {logging_mixin.py:149} INFO - [2023-10-04T18:17:35.863+0300] {taskmixin.py:211} WARNING - Dependency <Task(_PythonDecoratedOperator): log_sql_query>, print_the_context already registered for DAG: example_python_operator
[2023-10-04T18:17:35.864+0300] {logging_mixin.py:149} INFO - [2023-10-04T18:17:35.864+0300] {taskmixin.py:211} WARNING - Dependency <Task(_PythonDecoratedOperator): print_the_context>, log_sql_query already registered for DAG: example_python_operator
[2023-10-04T18:17:35.864+0300] {logging_mixin.py:149} INFO - [2023-10-04T18:17:35.864+0300] {taskmixin.py:211} WARNING - Dependency <Task(_PythonDecoratedOperator): log_sql_query>, print_the_context already registered for DAG: example_python_operator
[2023-10-04T18:17:35.865+0300] {logging_mixin.py:149} INFO - [2023-10-04T18:17:35.865+0300] {example_python_operator.py:90} WARNING - The virtalenv_python example task requires virtualenv, please install it.
[2023-10-04T18:17:35.865+0300] {processor.py:836} INFO - DAG(s) dict_keys(['example_python_operator']) retrieved from /home/paulet/anaconda3/lib/python3.10/site-packages/airflow/example_dags/example_python_operator.py
[2023-10-04T18:17:35.892+0300] {logging_mixin.py:149} INFO - [2023-10-04T18:17:35.892+0300] {dag.py:2726} INFO - Sync 1 DAGs
[2023-10-04T18:17:35.915+0300] {logging_mixin.py:149} INFO - [2023-10-04T18:17:35.915+0300] {dag.py:3486} INFO - Setting next_dagrun for example_python_operator to None, run_after=None
[2023-10-04T18:17:36.381+0300] {processor.py:179} INFO - Processing /home/paulet/anaconda3/lib/python3.10/site-packages/airflow/example_dags/example_python_operator.py took 0.577 seconds
[2023-10-04T21:00:38.877+0300] {processor.py:157} INFO - Started process (PID=22434) to work on /home/paulet/anaconda3/lib/python3.10/site-packages/airflow/example_dags/example_python_operator.py
[2023-10-04T21:00:38.937+0300] {processor.py:826} INFO - Processing file /home/paulet/anaconda3/lib/python3.10/site-packages/airflow/example_dags/example_python_operator.py for tasks to queue
[2023-10-04T21:00:38.938+0300] {logging_mixin.py:149} INFO - [2023-10-04T21:00:38.938+0300] {dagbag.py:541} INFO - Filling up the DagBag from /home/paulet/anaconda3/lib/python3.10/site-packages/airflow/example_dags/example_python_operator.py
[2023-10-04T21:00:38.951+0300] {logging_mixin.py:149} INFO - [2023-10-04T21:00:38.951+0300] {taskmixin.py:211} WARNING - Dependency <Task(_PythonDecoratedOperator): print_the_context>, log_sql_query already registered for DAG: example_python_operator
[2023-10-04T21:00:38.952+0300] {logging_mixin.py:149} INFO - [2023-10-04T21:00:38.951+0300] {taskmixin.py:211} WARNING - Dependency <Task(_PythonDecoratedOperator): log_sql_query>, print_the_context already registered for DAG: example_python_operator
[2023-10-04T21:00:38.953+0300] {logging_mixin.py:149} INFO - [2023-10-04T21:00:38.953+0300] {taskmixin.py:211} WARNING - Dependency <Task(_PythonDecoratedOperator): print_the_context>, log_sql_query already registered for DAG: example_python_operator
[2023-10-04T21:00:38.953+0300] {logging_mixin.py:149} INFO - [2023-10-04T21:00:38.953+0300] {taskmixin.py:211} WARNING - Dependency <Task(_PythonDecoratedOperator): log_sql_query>, print_the_context already registered for DAG: example_python_operator
[2023-10-04T21:00:38.954+0300] {logging_mixin.py:149} INFO - [2023-10-04T21:00:38.954+0300] {taskmixin.py:211} WARNING - Dependency <Task(_PythonDecoratedOperator): print_the_context>, log_sql_query already registered for DAG: example_python_operator
[2023-10-04T21:00:38.955+0300] {logging_mixin.py:149} INFO - [2023-10-04T21:00:38.954+0300] {taskmixin.py:211} WARNING - Dependency <Task(_PythonDecoratedOperator): log_sql_query>, print_the_context already registered for DAG: example_python_operator
[2023-10-04T21:00:38.956+0300] {logging_mixin.py:149} INFO - [2023-10-04T21:00:38.956+0300] {taskmixin.py:211} WARNING - Dependency <Task(_PythonDecoratedOperator): print_the_context>, log_sql_query already registered for DAG: example_python_operator
[2023-10-04T21:00:38.956+0300] {logging_mixin.py:149} INFO - [2023-10-04T21:00:38.956+0300] {taskmixin.py:211} WARNING - Dependency <Task(_PythonDecoratedOperator): log_sql_query>, print_the_context already registered for DAG: example_python_operator
[2023-10-04T21:00:38.957+0300] {logging_mixin.py:149} INFO - [2023-10-04T21:00:38.957+0300] {example_python_operator.py:90} WARNING - The virtalenv_python example task requires virtualenv, please install it.
[2023-10-04T21:00:38.961+0300] {processor.py:836} INFO - DAG(s) dict_keys(['example_python_operator']) retrieved from /home/paulet/anaconda3/lib/python3.10/site-packages/airflow/example_dags/example_python_operator.py
[2023-10-04T21:00:38.994+0300] {logging_mixin.py:149} INFO - [2023-10-04T21:00:38.994+0300] {dag.py:2726} INFO - Sync 1 DAGs
[2023-10-04T21:00:39.019+0300] {logging_mixin.py:149} INFO - [2023-10-04T21:00:39.018+0300] {dag.py:3486} INFO - Setting next_dagrun for example_python_operator to None, run_after=None
[2023-10-04T21:00:39.158+0300] {processor.py:179} INFO - Processing /home/paulet/anaconda3/lib/python3.10/site-packages/airflow/example_dags/example_python_operator.py took 0.285 seconds
[2023-10-04T21:01:54.481+0300] {processor.py:157} INFO - Started process (PID=22627) to work on /home/paulet/anaconda3/lib/python3.10/site-packages/airflow/example_dags/example_python_operator.py
[2023-10-04T21:01:54.490+0300] {processor.py:826} INFO - Processing file /home/paulet/anaconda3/lib/python3.10/site-packages/airflow/example_dags/example_python_operator.py for tasks to queue
[2023-10-04T21:01:54.491+0300] {logging_mixin.py:149} INFO - [2023-10-04T21:01:54.491+0300] {dagbag.py:541} INFO - Filling up the DagBag from /home/paulet/anaconda3/lib/python3.10/site-packages/airflow/example_dags/example_python_operator.py
[2023-10-04T21:01:54.502+0300] {logging_mixin.py:149} INFO - [2023-10-04T21:01:54.502+0300] {taskmixin.py:211} WARNING - Dependency <Task(_PythonDecoratedOperator): print_the_context>, log_sql_query already registered for DAG: example_python_operator
[2023-10-04T21:01:54.502+0300] {logging_mixin.py:149} INFO - [2023-10-04T21:01:54.502+0300] {taskmixin.py:211} WARNING - Dependency <Task(_PythonDecoratedOperator): log_sql_query>, print_the_context already registered for DAG: example_python_operator
[2023-10-04T21:01:54.503+0300] {logging_mixin.py:149} INFO - [2023-10-04T21:01:54.503+0300] {taskmixin.py:211} WARNING - Dependency <Task(_PythonDecoratedOperator): print_the_context>, log_sql_query already registered for DAG: example_python_operator
[2023-10-04T21:01:54.504+0300] {logging_mixin.py:149} INFO - [2023-10-04T21:01:54.503+0300] {taskmixin.py:211} WARNING - Dependency <Task(_PythonDecoratedOperator): log_sql_query>, print_the_context already registered for DAG: example_python_operator
[2023-10-04T21:01:54.505+0300] {logging_mixin.py:149} INFO - [2023-10-04T21:01:54.504+0300] {taskmixin.py:211} WARNING - Dependency <Task(_PythonDecoratedOperator): print_the_context>, log_sql_query already registered for DAG: example_python_operator
[2023-10-04T21:01:54.505+0300] {logging_mixin.py:149} INFO - [2023-10-04T21:01:54.505+0300] {taskmixin.py:211} WARNING - Dependency <Task(_PythonDecoratedOperator): log_sql_query>, print_the_context already registered for DAG: example_python_operator
[2023-10-04T21:01:54.506+0300] {logging_mixin.py:149} INFO - [2023-10-04T21:01:54.506+0300] {taskmixin.py:211} WARNING - Dependency <Task(_PythonDecoratedOperator): print_the_context>, log_sql_query already registered for DAG: example_python_operator
[2023-10-04T21:01:54.506+0300] {logging_mixin.py:149} INFO - [2023-10-04T21:01:54.506+0300] {taskmixin.py:211} WARNING - Dependency <Task(_PythonDecoratedOperator): log_sql_query>, print_the_context already registered for DAG: example_python_operator
[2023-10-04T21:01:54.507+0300] {logging_mixin.py:149} INFO - [2023-10-04T21:01:54.506+0300] {example_python_operator.py:90} WARNING - The virtalenv_python example task requires virtualenv, please install it.
[2023-10-04T21:01:54.507+0300] {processor.py:836} INFO - DAG(s) dict_keys(['example_python_operator']) retrieved from /home/paulet/anaconda3/lib/python3.10/site-packages/airflow/example_dags/example_python_operator.py
[2023-10-04T21:01:54.532+0300] {logging_mixin.py:149} INFO - [2023-10-04T21:01:54.531+0300] {dag.py:2726} INFO - Sync 1 DAGs
[2023-10-04T21:01:54.557+0300] {logging_mixin.py:149} INFO - [2023-10-04T21:01:54.556+0300] {dag.py:3486} INFO - Setting next_dagrun for example_python_operator to None, run_after=None
[2023-10-04T21:01:54.674+0300] {processor.py:179} INFO - Processing /home/paulet/anaconda3/lib/python3.10/site-packages/airflow/example_dags/example_python_operator.py took 0.198 seconds
[2023-10-04T21:02:49.443+0300] {processor.py:157} INFO - Started process (PID=22680) to work on /home/paulet/anaconda3/lib/python3.10/site-packages/airflow/example_dags/example_python_operator.py
[2023-10-04T21:02:49.475+0300] {processor.py:826} INFO - Processing file /home/paulet/anaconda3/lib/python3.10/site-packages/airflow/example_dags/example_python_operator.py for tasks to queue
[2023-10-04T21:02:49.476+0300] {logging_mixin.py:149} INFO - [2023-10-04T21:02:49.476+0300] {dagbag.py:541} INFO - Filling up the DagBag from /home/paulet/anaconda3/lib/python3.10/site-packages/airflow/example_dags/example_python_operator.py
[2023-10-04T21:02:49.487+0300] {logging_mixin.py:149} INFO - [2023-10-04T21:02:49.487+0300] {taskmixin.py:211} WARNING - Dependency <Task(_PythonDecoratedOperator): print_the_context>, log_sql_query already registered for DAG: example_python_operator
[2023-10-04T21:02:49.487+0300] {logging_mixin.py:149} INFO - [2023-10-04T21:02:49.487+0300] {taskmixin.py:211} WARNING - Dependency <Task(_PythonDecoratedOperator): log_sql_query>, print_the_context already registered for DAG: example_python_operator
[2023-10-04T21:02:49.489+0300] {logging_mixin.py:149} INFO - [2023-10-04T21:02:49.488+0300] {taskmixin.py:211} WARNING - Dependency <Task(_PythonDecoratedOperator): print_the_context>, log_sql_query already registered for DAG: example_python_operator
[2023-10-04T21:02:49.489+0300] {logging_mixin.py:149} INFO - [2023-10-04T21:02:49.489+0300] {taskmixin.py:211} WARNING - Dependency <Task(_PythonDecoratedOperator): log_sql_query>, print_the_context already registered for DAG: example_python_operator
[2023-10-04T21:02:49.490+0300] {logging_mixin.py:149} INFO - [2023-10-04T21:02:49.490+0300] {taskmixin.py:211} WARNING - Dependency <Task(_PythonDecoratedOperator): print_the_context>, log_sql_query already registered for DAG: example_python_operator
[2023-10-04T21:02:49.490+0300] {logging_mixin.py:149} INFO - [2023-10-04T21:02:49.490+0300] {taskmixin.py:211} WARNING - Dependency <Task(_PythonDecoratedOperator): log_sql_query>, print_the_context already registered for DAG: example_python_operator
[2023-10-04T21:02:49.491+0300] {logging_mixin.py:149} INFO - [2023-10-04T21:02:49.491+0300] {taskmixin.py:211} WARNING - Dependency <Task(_PythonDecoratedOperator): print_the_context>, log_sql_query already registered for DAG: example_python_operator
[2023-10-04T21:02:49.492+0300] {logging_mixin.py:149} INFO - [2023-10-04T21:02:49.491+0300] {taskmixin.py:211} WARNING - Dependency <Task(_PythonDecoratedOperator): log_sql_query>, print_the_context already registered for DAG: example_python_operator
[2023-10-04T21:02:49.492+0300] {logging_mixin.py:149} INFO - [2023-10-04T21:02:49.492+0300] {example_python_operator.py:90} WARNING - The virtalenv_python example task requires virtualenv, please install it.
[2023-10-04T21:02:49.493+0300] {processor.py:836} INFO - DAG(s) dict_keys(['example_python_operator']) retrieved from /home/paulet/anaconda3/lib/python3.10/site-packages/airflow/example_dags/example_python_operator.py
[2023-10-04T21:02:49.521+0300] {logging_mixin.py:149} INFO - [2023-10-04T21:02:49.521+0300] {dag.py:2726} INFO - Sync 1 DAGs
[2023-10-04T21:02:49.546+0300] {logging_mixin.py:149} INFO - [2023-10-04T21:02:49.545+0300] {dag.py:3486} INFO - Setting next_dagrun for example_python_operator to None, run_after=None
[2023-10-04T21:02:49.670+0300] {processor.py:179} INFO - Processing /home/paulet/anaconda3/lib/python3.10/site-packages/airflow/example_dags/example_python_operator.py took 0.231 seconds
[2023-10-04T21:03:47.068+0300] {processor.py:157} INFO - Started process (PID=22731) to work on /home/paulet/anaconda3/lib/python3.10/site-packages/airflow/example_dags/example_python_operator.py
[2023-10-04T21:03:47.082+0300] {processor.py:826} INFO - Processing file /home/paulet/anaconda3/lib/python3.10/site-packages/airflow/example_dags/example_python_operator.py for tasks to queue
[2023-10-04T21:03:47.084+0300] {logging_mixin.py:149} INFO - [2023-10-04T21:03:47.083+0300] {dagbag.py:541} INFO - Filling up the DagBag from /home/paulet/anaconda3/lib/python3.10/site-packages/airflow/example_dags/example_python_operator.py
[2023-10-04T21:03:47.095+0300] {logging_mixin.py:149} INFO - [2023-10-04T21:03:47.094+0300] {taskmixin.py:211} WARNING - Dependency <Task(_PythonDecoratedOperator): print_the_context>, log_sql_query already registered for DAG: example_python_operator
[2023-10-04T21:03:47.095+0300] {logging_mixin.py:149} INFO - [2023-10-04T21:03:47.095+0300] {taskmixin.py:211} WARNING - Dependency <Task(_PythonDecoratedOperator): log_sql_query>, print_the_context already registered for DAG: example_python_operator
[2023-10-04T21:03:47.096+0300] {logging_mixin.py:149} INFO - [2023-10-04T21:03:47.096+0300] {taskmixin.py:211} WARNING - Dependency <Task(_PythonDecoratedOperator): print_the_context>, log_sql_query already registered for DAG: example_python_operator
[2023-10-04T21:03:47.096+0300] {logging_mixin.py:149} INFO - [2023-10-04T21:03:47.096+0300] {taskmixin.py:211} WARNING - Dependency <Task(_PythonDecoratedOperator): log_sql_query>, print_the_context already registered for DAG: example_python_operator
[2023-10-04T21:03:47.097+0300] {logging_mixin.py:149} INFO - [2023-10-04T21:03:47.097+0300] {taskmixin.py:211} WARNING - Dependency <Task(_PythonDecoratedOperator): print_the_context>, log_sql_query already registered for DAG: example_python_operator
[2023-10-04T21:03:47.098+0300] {logging_mixin.py:149} INFO - [2023-10-04T21:03:47.098+0300] {taskmixin.py:211} WARNING - Dependency <Task(_PythonDecoratedOperator): log_sql_query>, print_the_context already registered for DAG: example_python_operator
[2023-10-04T21:03:47.099+0300] {logging_mixin.py:149} INFO - [2023-10-04T21:03:47.098+0300] {taskmixin.py:211} WARNING - Dependency <Task(_PythonDecoratedOperator): print_the_context>, log_sql_query already registered for DAG: example_python_operator
[2023-10-04T21:03:47.099+0300] {logging_mixin.py:149} INFO - [2023-10-04T21:03:47.099+0300] {taskmixin.py:211} WARNING - Dependency <Task(_PythonDecoratedOperator): log_sql_query>, print_the_context already registered for DAG: example_python_operator
[2023-10-04T21:03:47.100+0300] {logging_mixin.py:149} INFO - [2023-10-04T21:03:47.099+0300] {example_python_operator.py:90} WARNING - The virtalenv_python example task requires virtualenv, please install it.
[2023-10-04T21:03:47.100+0300] {processor.py:836} INFO - DAG(s) dict_keys(['example_python_operator']) retrieved from /home/paulet/anaconda3/lib/python3.10/site-packages/airflow/example_dags/example_python_operator.py
[2023-10-04T21:03:47.126+0300] {logging_mixin.py:149} INFO - [2023-10-04T21:03:47.126+0300] {dag.py:2726} INFO - Sync 1 DAGs
[2023-10-04T21:03:47.150+0300] {logging_mixin.py:149} INFO - [2023-10-04T21:03:47.150+0300] {dag.py:3486} INFO - Setting next_dagrun for example_python_operator to None, run_after=None
[2023-10-04T21:03:47.277+0300] {processor.py:179} INFO - Processing /home/paulet/anaconda3/lib/python3.10/site-packages/airflow/example_dags/example_python_operator.py took 0.214 seconds
[2023-10-04T21:04:44.009+0300] {processor.py:157} INFO - Started process (PID=22805) to work on /home/paulet/anaconda3/lib/python3.10/site-packages/airflow/example_dags/example_python_operator.py
[2023-10-04T21:04:44.011+0300] {processor.py:826} INFO - Processing file /home/paulet/anaconda3/lib/python3.10/site-packages/airflow/example_dags/example_python_operator.py for tasks to queue
[2023-10-04T21:04:44.012+0300] {logging_mixin.py:149} INFO - [2023-10-04T21:04:44.012+0300] {dagbag.py:541} INFO - Filling up the DagBag from /home/paulet/anaconda3/lib/python3.10/site-packages/airflow/example_dags/example_python_operator.py
[2023-10-04T21:04:44.023+0300] {logging_mixin.py:149} INFO - [2023-10-04T21:04:44.023+0300] {taskmixin.py:211} WARNING - Dependency <Task(_PythonDecoratedOperator): print_the_context>, log_sql_query already registered for DAG: example_python_operator
[2023-10-04T21:04:44.023+0300] {logging_mixin.py:149} INFO - [2023-10-04T21:04:44.023+0300] {taskmixin.py:211} WARNING - Dependency <Task(_PythonDecoratedOperator): log_sql_query>, print_the_context already registered for DAG: example_python_operator
[2023-10-04T21:04:44.024+0300] {logging_mixin.py:149} INFO - [2023-10-04T21:04:44.024+0300] {taskmixin.py:211} WARNING - Dependency <Task(_PythonDecoratedOperator): print_the_context>, log_sql_query already registered for DAG: example_python_operator
[2023-10-04T21:04:44.025+0300] {logging_mixin.py:149} INFO - [2023-10-04T21:04:44.025+0300] {taskmixin.py:211} WARNING - Dependency <Task(_PythonDecoratedOperator): log_sql_query>, print_the_context already registered for DAG: example_python_operator
[2023-10-04T21:04:44.026+0300] {logging_mixin.py:149} INFO - [2023-10-04T21:04:44.026+0300] {taskmixin.py:211} WARNING - Dependency <Task(_PythonDecoratedOperator): print_the_context>, log_sql_query already registered for DAG: example_python_operator
[2023-10-04T21:04:44.026+0300] {logging_mixin.py:149} INFO - [2023-10-04T21:04:44.026+0300] {taskmixin.py:211} WARNING - Dependency <Task(_PythonDecoratedOperator): log_sql_query>, print_the_context already registered for DAG: example_python_operator
[2023-10-04T21:04:44.027+0300] {logging_mixin.py:149} INFO - [2023-10-04T21:04:44.027+0300] {taskmixin.py:211} WARNING - Dependency <Task(_PythonDecoratedOperator): print_the_context>, log_sql_query already registered for DAG: example_python_operator
[2023-10-04T21:04:44.027+0300] {logging_mixin.py:149} INFO - [2023-10-04T21:04:44.027+0300] {taskmixin.py:211} WARNING - Dependency <Task(_PythonDecoratedOperator): log_sql_query>, print_the_context already registered for DAG: example_python_operator
[2023-10-04T21:04:44.028+0300] {logging_mixin.py:149} INFO - [2023-10-04T21:04:44.028+0300] {example_python_operator.py:90} WARNING - The virtalenv_python example task requires virtualenv, please install it.
[2023-10-04T21:04:44.028+0300] {processor.py:836} INFO - DAG(s) dict_keys(['example_python_operator']) retrieved from /home/paulet/anaconda3/lib/python3.10/site-packages/airflow/example_dags/example_python_operator.py
[2023-10-04T21:04:44.052+0300] {logging_mixin.py:149} INFO - [2023-10-04T21:04:44.052+0300] {dag.py:2726} INFO - Sync 1 DAGs
[2023-10-04T21:04:44.075+0300] {logging_mixin.py:149} INFO - [2023-10-04T21:04:44.075+0300] {dag.py:3486} INFO - Setting next_dagrun for example_python_operator to None, run_after=None
[2023-10-04T21:04:44.199+0300] {processor.py:179} INFO - Processing /home/paulet/anaconda3/lib/python3.10/site-packages/airflow/example_dags/example_python_operator.py took 0.195 seconds
[2023-10-04T21:05:39.888+0300] {processor.py:157} INFO - Started process (PID=22882) to work on /home/paulet/anaconda3/lib/python3.10/site-packages/airflow/example_dags/example_python_operator.py
[2023-10-04T21:05:39.890+0300] {processor.py:826} INFO - Processing file /home/paulet/anaconda3/lib/python3.10/site-packages/airflow/example_dags/example_python_operator.py for tasks to queue
[2023-10-04T21:05:39.891+0300] {logging_mixin.py:149} INFO - [2023-10-04T21:05:39.890+0300] {dagbag.py:541} INFO - Filling up the DagBag from /home/paulet/anaconda3/lib/python3.10/site-packages/airflow/example_dags/example_python_operator.py
[2023-10-04T21:05:39.902+0300] {logging_mixin.py:149} INFO - [2023-10-04T21:05:39.902+0300] {taskmixin.py:211} WARNING - Dependency <Task(_PythonDecoratedOperator): print_the_context>, log_sql_query already registered for DAG: example_python_operator
[2023-10-04T21:05:39.903+0300] {logging_mixin.py:149} INFO - [2023-10-04T21:05:39.902+0300] {taskmixin.py:211} WARNING - Dependency <Task(_PythonDecoratedOperator): log_sql_query>, print_the_context already registered for DAG: example_python_operator
[2023-10-04T21:05:39.904+0300] {logging_mixin.py:149} INFO - [2023-10-04T21:05:39.903+0300] {taskmixin.py:211} WARNING - Dependency <Task(_PythonDecoratedOperator): print_the_context>, log_sql_query already registered for DAG: example_python_operator
[2023-10-04T21:05:39.904+0300] {logging_mixin.py:149} INFO - [2023-10-04T21:05:39.904+0300] {taskmixin.py:211} WARNING - Dependency <Task(_PythonDecoratedOperator): log_sql_query>, print_the_context already registered for DAG: example_python_operator
[2023-10-04T21:05:39.905+0300] {logging_mixin.py:149} INFO - [2023-10-04T21:05:39.905+0300] {taskmixin.py:211} WARNING - Dependency <Task(_PythonDecoratedOperator): print_the_context>, log_sql_query already registered for DAG: example_python_operator
[2023-10-04T21:05:39.905+0300] {logging_mixin.py:149} INFO - [2023-10-04T21:05:39.905+0300] {taskmixin.py:211} WARNING - Dependency <Task(_PythonDecoratedOperator): log_sql_query>, print_the_context already registered for DAG: example_python_operator
[2023-10-04T21:05:39.906+0300] {logging_mixin.py:149} INFO - [2023-10-04T21:05:39.906+0300] {taskmixin.py:211} WARNING - Dependency <Task(_PythonDecoratedOperator): print_the_context>, log_sql_query already registered for DAG: example_python_operator
[2023-10-04T21:05:39.906+0300] {logging_mixin.py:149} INFO - [2023-10-04T21:05:39.906+0300] {taskmixin.py:211} WARNING - Dependency <Task(_PythonDecoratedOperator): log_sql_query>, print_the_context already registered for DAG: example_python_operator
[2023-10-04T21:05:39.907+0300] {logging_mixin.py:149} INFO - [2023-10-04T21:05:39.907+0300] {example_python_operator.py:90} WARNING - The virtalenv_python example task requires virtualenv, please install it.
[2023-10-04T21:05:39.908+0300] {processor.py:836} INFO - DAG(s) dict_keys(['example_python_operator']) retrieved from /home/paulet/anaconda3/lib/python3.10/site-packages/airflow/example_dags/example_python_operator.py
[2023-10-04T21:05:39.932+0300] {logging_mixin.py:149} INFO - [2023-10-04T21:05:39.932+0300] {dag.py:2726} INFO - Sync 1 DAGs
[2023-10-04T21:05:39.955+0300] {logging_mixin.py:149} INFO - [2023-10-04T21:05:39.955+0300] {dag.py:3486} INFO - Setting next_dagrun for example_python_operator to None, run_after=None
[2023-10-04T21:05:40.081+0300] {processor.py:179} INFO - Processing /home/paulet/anaconda3/lib/python3.10/site-packages/airflow/example_dags/example_python_operator.py took 0.198 seconds
[2023-10-04T21:06:38.317+0300] {processor.py:157} INFO - Started process (PID=22933) to work on /home/paulet/anaconda3/lib/python3.10/site-packages/airflow/example_dags/example_python_operator.py
[2023-10-04T21:06:38.319+0300] {processor.py:826} INFO - Processing file /home/paulet/anaconda3/lib/python3.10/site-packages/airflow/example_dags/example_python_operator.py for tasks to queue
[2023-10-04T21:06:38.320+0300] {logging_mixin.py:149} INFO - [2023-10-04T21:06:38.320+0300] {dagbag.py:541} INFO - Filling up the DagBag from /home/paulet/anaconda3/lib/python3.10/site-packages/airflow/example_dags/example_python_operator.py
[2023-10-04T21:06:38.331+0300] {logging_mixin.py:149} INFO - [2023-10-04T21:06:38.331+0300] {taskmixin.py:211} WARNING - Dependency <Task(_PythonDecoratedOperator): print_the_context>, log_sql_query already registered for DAG: example_python_operator
[2023-10-04T21:06:38.331+0300] {logging_mixin.py:149} INFO - [2023-10-04T21:06:38.331+0300] {taskmixin.py:211} WARNING - Dependency <Task(_PythonDecoratedOperator): log_sql_query>, print_the_context already registered for DAG: example_python_operator
[2023-10-04T21:06:38.332+0300] {logging_mixin.py:149} INFO - [2023-10-04T21:06:38.332+0300] {taskmixin.py:211} WARNING - Dependency <Task(_PythonDecoratedOperator): print_the_context>, log_sql_query already registered for DAG: example_python_operator
[2023-10-04T21:06:38.332+0300] {logging_mixin.py:149} INFO - [2023-10-04T21:06:38.332+0300] {taskmixin.py:211} WARNING - Dependency <Task(_PythonDecoratedOperator): log_sql_query>, print_the_context already registered for DAG: example_python_operator
[2023-10-04T21:06:38.333+0300] {logging_mixin.py:149} INFO - [2023-10-04T21:06:38.333+0300] {taskmixin.py:211} WARNING - Dependency <Task(_PythonDecoratedOperator): print_the_context>, log_sql_query already registered for DAG: example_python_operator
[2023-10-04T21:06:38.334+0300] {logging_mixin.py:149} INFO - [2023-10-04T21:06:38.334+0300] {taskmixin.py:211} WARNING - Dependency <Task(_PythonDecoratedOperator): log_sql_query>, print_the_context already registered for DAG: example_python_operator
[2023-10-04T21:06:38.335+0300] {logging_mixin.py:149} INFO - [2023-10-04T21:06:38.334+0300] {taskmixin.py:211} WARNING - Dependency <Task(_PythonDecoratedOperator): print_the_context>, log_sql_query already registered for DAG: example_python_operator
[2023-10-04T21:06:38.335+0300] {logging_mixin.py:149} INFO - [2023-10-04T21:06:38.335+0300] {taskmixin.py:211} WARNING - Dependency <Task(_PythonDecoratedOperator): log_sql_query>, print_the_context already registered for DAG: example_python_operator
[2023-10-04T21:06:38.335+0300] {logging_mixin.py:149} INFO - [2023-10-04T21:06:38.335+0300] {example_python_operator.py:90} WARNING - The virtalenv_python example task requires virtualenv, please install it.
[2023-10-04T21:06:38.336+0300] {processor.py:836} INFO - DAG(s) dict_keys(['example_python_operator']) retrieved from /home/paulet/anaconda3/lib/python3.10/site-packages/airflow/example_dags/example_python_operator.py
[2023-10-04T21:06:38.360+0300] {logging_mixin.py:149} INFO - [2023-10-04T21:06:38.360+0300] {dag.py:2726} INFO - Sync 1 DAGs
[2023-10-04T21:06:38.383+0300] {logging_mixin.py:149} INFO - [2023-10-04T21:06:38.383+0300] {dag.py:3486} INFO - Setting next_dagrun for example_python_operator to None, run_after=None
[2023-10-04T21:06:38.496+0300] {processor.py:179} INFO - Processing /home/paulet/anaconda3/lib/python3.10/site-packages/airflow/example_dags/example_python_operator.py took 0.184 seconds
[2023-10-04T21:07:30.661+0300] {processor.py:157} INFO - Started process (PID=22982) to work on /home/paulet/anaconda3/lib/python3.10/site-packages/airflow/example_dags/example_python_operator.py
[2023-10-04T21:07:30.673+0300] {processor.py:826} INFO - Processing file /home/paulet/anaconda3/lib/python3.10/site-packages/airflow/example_dags/example_python_operator.py for tasks to queue
[2023-10-04T21:07:30.674+0300] {logging_mixin.py:149} INFO - [2023-10-04T21:07:30.674+0300] {dagbag.py:541} INFO - Filling up the DagBag from /home/paulet/anaconda3/lib/python3.10/site-packages/airflow/example_dags/example_python_operator.py
[2023-10-04T21:07:30.685+0300] {logging_mixin.py:149} INFO - [2023-10-04T21:07:30.685+0300] {taskmixin.py:211} WARNING - Dependency <Task(_PythonDecoratedOperator): print_the_context>, log_sql_query already registered for DAG: example_python_operator
[2023-10-04T21:07:30.686+0300] {logging_mixin.py:149} INFO - [2023-10-04T21:07:30.685+0300] {taskmixin.py:211} WARNING - Dependency <Task(_PythonDecoratedOperator): log_sql_query>, print_the_context already registered for DAG: example_python_operator
[2023-10-04T21:07:30.687+0300] {logging_mixin.py:149} INFO - [2023-10-04T21:07:30.686+0300] {taskmixin.py:211} WARNING - Dependency <Task(_PythonDecoratedOperator): print_the_context>, log_sql_query already registered for DAG: example_python_operator
[2023-10-04T21:07:30.687+0300] {logging_mixin.py:149} INFO - [2023-10-04T21:07:30.687+0300] {taskmixin.py:211} WARNING - Dependency <Task(_PythonDecoratedOperator): log_sql_query>, print_the_context already registered for DAG: example_python_operator
[2023-10-04T21:07:30.688+0300] {logging_mixin.py:149} INFO - [2023-10-04T21:07:30.688+0300] {taskmixin.py:211} WARNING - Dependency <Task(_PythonDecoratedOperator): print_the_context>, log_sql_query already registered for DAG: example_python_operator
[2023-10-04T21:07:30.688+0300] {logging_mixin.py:149} INFO - [2023-10-04T21:07:30.688+0300] {taskmixin.py:211} WARNING - Dependency <Task(_PythonDecoratedOperator): log_sql_query>, print_the_context already registered for DAG: example_python_operator
[2023-10-04T21:07:30.689+0300] {logging_mixin.py:149} INFO - [2023-10-04T21:07:30.689+0300] {taskmixin.py:211} WARNING - Dependency <Task(_PythonDecoratedOperator): print_the_context>, log_sql_query already registered for DAG: example_python_operator
[2023-10-04T21:07:30.689+0300] {logging_mixin.py:149} INFO - [2023-10-04T21:07:30.689+0300] {taskmixin.py:211} WARNING - Dependency <Task(_PythonDecoratedOperator): log_sql_query>, print_the_context already registered for DAG: example_python_operator
[2023-10-04T21:07:30.690+0300] {logging_mixin.py:149} INFO - [2023-10-04T21:07:30.690+0300] {example_python_operator.py:90} WARNING - The virtalenv_python example task requires virtualenv, please install it.
[2023-10-04T21:07:30.691+0300] {processor.py:836} INFO - DAG(s) dict_keys(['example_python_operator']) retrieved from /home/paulet/anaconda3/lib/python3.10/site-packages/airflow/example_dags/example_python_operator.py
[2023-10-04T21:07:30.716+0300] {logging_mixin.py:149} INFO - [2023-10-04T21:07:30.716+0300] {dag.py:2726} INFO - Sync 1 DAGs
[2023-10-04T21:07:30.738+0300] {logging_mixin.py:149} INFO - [2023-10-04T21:07:30.738+0300] {dag.py:3486} INFO - Setting next_dagrun for example_python_operator to None, run_after=None
[2023-10-04T21:07:30.871+0300] {processor.py:179} INFO - Processing /home/paulet/anaconda3/lib/python3.10/site-packages/airflow/example_dags/example_python_operator.py took 0.214 seconds
[2023-10-04T21:08:17.613+0300] {processor.py:157} INFO - Started process (PID=23027) to work on /home/paulet/anaconda3/lib/python3.10/site-packages/airflow/example_dags/example_python_operator.py
[2023-10-04T21:08:17.614+0300] {processor.py:826} INFO - Processing file /home/paulet/anaconda3/lib/python3.10/site-packages/airflow/example_dags/example_python_operator.py for tasks to queue
[2023-10-04T21:08:17.615+0300] {logging_mixin.py:149} INFO - [2023-10-04T21:08:17.615+0300] {dagbag.py:541} INFO - Filling up the DagBag from /home/paulet/anaconda3/lib/python3.10/site-packages/airflow/example_dags/example_python_operator.py
[2023-10-04T21:08:17.626+0300] {logging_mixin.py:149} INFO - [2023-10-04T21:08:17.626+0300] {taskmixin.py:211} WARNING - Dependency <Task(_PythonDecoratedOperator): print_the_context>, log_sql_query already registered for DAG: example_python_operator
[2023-10-04T21:08:17.627+0300] {logging_mixin.py:149} INFO - [2023-10-04T21:08:17.627+0300] {taskmixin.py:211} WARNING - Dependency <Task(_PythonDecoratedOperator): log_sql_query>, print_the_context already registered for DAG: example_python_operator
[2023-10-04T21:08:17.628+0300] {logging_mixin.py:149} INFO - [2023-10-04T21:08:17.627+0300] {taskmixin.py:211} WARNING - Dependency <Task(_PythonDecoratedOperator): print_the_context>, log_sql_query already registered for DAG: example_python_operator
[2023-10-04T21:08:17.628+0300] {logging_mixin.py:149} INFO - [2023-10-04T21:08:17.628+0300] {taskmixin.py:211} WARNING - Dependency <Task(_PythonDecoratedOperator): log_sql_query>, print_the_context already registered for DAG: example_python_operator
[2023-10-04T21:08:17.629+0300] {logging_mixin.py:149} INFO - [2023-10-04T21:08:17.629+0300] {taskmixin.py:211} WARNING - Dependency <Task(_PythonDecoratedOperator): print_the_context>, log_sql_query already registered for DAG: example_python_operator
[2023-10-04T21:08:17.629+0300] {logging_mixin.py:149} INFO - [2023-10-04T21:08:17.629+0300] {taskmixin.py:211} WARNING - Dependency <Task(_PythonDecoratedOperator): log_sql_query>, print_the_context already registered for DAG: example_python_operator
[2023-10-04T21:08:17.630+0300] {logging_mixin.py:149} INFO - [2023-10-04T21:08:17.630+0300] {taskmixin.py:211} WARNING - Dependency <Task(_PythonDecoratedOperator): print_the_context>, log_sql_query already registered for DAG: example_python_operator
[2023-10-04T21:08:17.630+0300] {logging_mixin.py:149} INFO - [2023-10-04T21:08:17.630+0300] {taskmixin.py:211} WARNING - Dependency <Task(_PythonDecoratedOperator): log_sql_query>, print_the_context already registered for DAG: example_python_operator
[2023-10-04T21:08:17.631+0300] {logging_mixin.py:149} INFO - [2023-10-04T21:08:17.631+0300] {example_python_operator.py:90} WARNING - The virtalenv_python example task requires virtualenv, please install it.
[2023-10-04T21:08:17.631+0300] {processor.py:836} INFO - DAG(s) dict_keys(['example_python_operator']) retrieved from /home/paulet/anaconda3/lib/python3.10/site-packages/airflow/example_dags/example_python_operator.py
[2023-10-04T21:08:17.655+0300] {logging_mixin.py:149} INFO - [2023-10-04T21:08:17.655+0300] {dag.py:2726} INFO - Sync 1 DAGs
[2023-10-04T21:08:17.679+0300] {logging_mixin.py:149} INFO - [2023-10-04T21:08:17.678+0300] {dag.py:3486} INFO - Setting next_dagrun for example_python_operator to None, run_after=None
[2023-10-04T21:08:17.824+0300] {processor.py:179} INFO - Processing /home/paulet/anaconda3/lib/python3.10/site-packages/airflow/example_dags/example_python_operator.py took 0.215 seconds
[2023-10-04T21:09:08.192+0300] {processor.py:157} INFO - Started process (PID=23092) to work on /home/paulet/anaconda3/lib/python3.10/site-packages/airflow/example_dags/example_python_operator.py
[2023-10-04T21:09:08.193+0300] {processor.py:826} INFO - Processing file /home/paulet/anaconda3/lib/python3.10/site-packages/airflow/example_dags/example_python_operator.py for tasks to queue
[2023-10-04T21:09:08.194+0300] {logging_mixin.py:149} INFO - [2023-10-04T21:09:08.194+0300] {dagbag.py:541} INFO - Filling up the DagBag from /home/paulet/anaconda3/lib/python3.10/site-packages/airflow/example_dags/example_python_operator.py
[2023-10-04T21:09:08.206+0300] {logging_mixin.py:149} INFO - [2023-10-04T21:09:08.205+0300] {taskmixin.py:211} WARNING - Dependency <Task(_PythonDecoratedOperator): print_the_context>, log_sql_query already registered for DAG: example_python_operator
[2023-10-04T21:09:08.206+0300] {logging_mixin.py:149} INFO - [2023-10-04T21:09:08.206+0300] {taskmixin.py:211} WARNING - Dependency <Task(_PythonDecoratedOperator): log_sql_query>, print_the_context already registered for DAG: example_python_operator
[2023-10-04T21:09:08.207+0300] {logging_mixin.py:149} INFO - [2023-10-04T21:09:08.207+0300] {taskmixin.py:211} WARNING - Dependency <Task(_PythonDecoratedOperator): print_the_context>, log_sql_query already registered for DAG: example_python_operator
[2023-10-04T21:09:08.207+0300] {logging_mixin.py:149} INFO - [2023-10-04T21:09:08.207+0300] {taskmixin.py:211} WARNING - Dependency <Task(_PythonDecoratedOperator): log_sql_query>, print_the_context already registered for DAG: example_python_operator
[2023-10-04T21:09:08.208+0300] {logging_mixin.py:149} INFO - [2023-10-04T21:09:08.208+0300] {taskmixin.py:211} WARNING - Dependency <Task(_PythonDecoratedOperator): print_the_context>, log_sql_query already registered for DAG: example_python_operator
[2023-10-04T21:09:08.208+0300] {logging_mixin.py:149} INFO - [2023-10-04T21:09:08.208+0300] {taskmixin.py:211} WARNING - Dependency <Task(_PythonDecoratedOperator): log_sql_query>, print_the_context already registered for DAG: example_python_operator
[2023-10-04T21:09:08.209+0300] {logging_mixin.py:149} INFO - [2023-10-04T21:09:08.209+0300] {taskmixin.py:211} WARNING - Dependency <Task(_PythonDecoratedOperator): print_the_context>, log_sql_query already registered for DAG: example_python_operator
[2023-10-04T21:09:08.210+0300] {logging_mixin.py:149} INFO - [2023-10-04T21:09:08.209+0300] {taskmixin.py:211} WARNING - Dependency <Task(_PythonDecoratedOperator): log_sql_query>, print_the_context already registered for DAG: example_python_operator
[2023-10-04T21:09:08.210+0300] {logging_mixin.py:149} INFO - [2023-10-04T21:09:08.210+0300] {example_python_operator.py:90} WARNING - The virtalenv_python example task requires virtualenv, please install it.
[2023-10-04T21:09:08.211+0300] {processor.py:836} INFO - DAG(s) dict_keys(['example_python_operator']) retrieved from /home/paulet/anaconda3/lib/python3.10/site-packages/airflow/example_dags/example_python_operator.py
[2023-10-04T21:09:08.236+0300] {logging_mixin.py:149} INFO - [2023-10-04T21:09:08.236+0300] {dag.py:2726} INFO - Sync 1 DAGs
[2023-10-04T21:09:08.260+0300] {logging_mixin.py:149} INFO - [2023-10-04T21:09:08.260+0300] {dag.py:3486} INFO - Setting next_dagrun for example_python_operator to None, run_after=None
[2023-10-04T21:09:08.372+0300] {processor.py:179} INFO - Processing /home/paulet/anaconda3/lib/python3.10/site-packages/airflow/example_dags/example_python_operator.py took 0.185 seconds
[2023-10-04T21:10:00.975+0300] {processor.py:157} INFO - Started process (PID=23180) to work on /home/paulet/anaconda3/lib/python3.10/site-packages/airflow/example_dags/example_python_operator.py
[2023-10-04T21:10:00.978+0300] {processor.py:826} INFO - Processing file /home/paulet/anaconda3/lib/python3.10/site-packages/airflow/example_dags/example_python_operator.py for tasks to queue
[2023-10-04T21:10:00.980+0300] {logging_mixin.py:149} INFO - [2023-10-04T21:10:00.979+0300] {dagbag.py:541} INFO - Filling up the DagBag from /home/paulet/anaconda3/lib/python3.10/site-packages/airflow/example_dags/example_python_operator.py
[2023-10-04T21:10:00.991+0300] {logging_mixin.py:149} INFO - [2023-10-04T21:10:00.990+0300] {taskmixin.py:211} WARNING - Dependency <Task(_PythonDecoratedOperator): print_the_context>, log_sql_query already registered for DAG: example_python_operator
[2023-10-04T21:10:00.991+0300] {logging_mixin.py:149} INFO - [2023-10-04T21:10:00.991+0300] {taskmixin.py:211} WARNING - Dependency <Task(_PythonDecoratedOperator): log_sql_query>, print_the_context already registered for DAG: example_python_operator
[2023-10-04T21:10:00.992+0300] {logging_mixin.py:149} INFO - [2023-10-04T21:10:00.992+0300] {taskmixin.py:211} WARNING - Dependency <Task(_PythonDecoratedOperator): print_the_context>, log_sql_query already registered for DAG: example_python_operator
[2023-10-04T21:10:00.992+0300] {logging_mixin.py:149} INFO - [2023-10-04T21:10:00.992+0300] {taskmixin.py:211} WARNING - Dependency <Task(_PythonDecoratedOperator): log_sql_query>, print_the_context already registered for DAG: example_python_operator
[2023-10-04T21:10:00.993+0300] {logging_mixin.py:149} INFO - [2023-10-04T21:10:00.993+0300] {taskmixin.py:211} WARNING - Dependency <Task(_PythonDecoratedOperator): print_the_context>, log_sql_query already registered for DAG: example_python_operator
[2023-10-04T21:10:00.994+0300] {logging_mixin.py:149} INFO - [2023-10-04T21:10:00.994+0300] {taskmixin.py:211} WARNING - Dependency <Task(_PythonDecoratedOperator): log_sql_query>, print_the_context already registered for DAG: example_python_operator
[2023-10-04T21:10:00.995+0300] {logging_mixin.py:149} INFO - [2023-10-04T21:10:00.995+0300] {taskmixin.py:211} WARNING - Dependency <Task(_PythonDecoratedOperator): print_the_context>, log_sql_query already registered for DAG: example_python_operator
[2023-10-04T21:10:00.996+0300] {logging_mixin.py:149} INFO - [2023-10-04T21:10:00.996+0300] {taskmixin.py:211} WARNING - Dependency <Task(_PythonDecoratedOperator): log_sql_query>, print_the_context already registered for DAG: example_python_operator
[2023-10-04T21:10:00.997+0300] {logging_mixin.py:149} INFO - [2023-10-04T21:10:00.997+0300] {example_python_operator.py:90} WARNING - The virtalenv_python example task requires virtualenv, please install it.
[2023-10-04T21:10:00.998+0300] {processor.py:836} INFO - DAG(s) dict_keys(['example_python_operator']) retrieved from /home/paulet/anaconda3/lib/python3.10/site-packages/airflow/example_dags/example_python_operator.py
[2023-10-04T21:10:01.022+0300] {logging_mixin.py:149} INFO - [2023-10-04T21:10:01.022+0300] {dag.py:2726} INFO - Sync 1 DAGs
[2023-10-04T21:10:01.048+0300] {logging_mixin.py:149} INFO - [2023-10-04T21:10:01.047+0300] {dag.py:3486} INFO - Setting next_dagrun for example_python_operator to None, run_after=None
[2023-10-04T21:10:01.156+0300] {processor.py:179} INFO - Processing /home/paulet/anaconda3/lib/python3.10/site-packages/airflow/example_dags/example_python_operator.py took 0.186 seconds
[2023-10-04T21:52:03.844+0300] {processor.py:157} INFO - Started process (PID=26943) to work on /home/paulet/anaconda3/lib/python3.10/site-packages/airflow/example_dags/example_python_operator.py
[2023-10-04T21:52:03.896+0300] {processor.py:826} INFO - Processing file /home/paulet/anaconda3/lib/python3.10/site-packages/airflow/example_dags/example_python_operator.py for tasks to queue
[2023-10-04T21:52:03.896+0300] {logging_mixin.py:149} INFO - [2023-10-04T21:52:03.896+0300] {dagbag.py:541} INFO - Filling up the DagBag from /home/paulet/anaconda3/lib/python3.10/site-packages/airflow/example_dags/example_python_operator.py
[2023-10-04T21:52:03.907+0300] {logging_mixin.py:149} INFO - [2023-10-04T21:52:03.907+0300] {taskmixin.py:211} WARNING - Dependency <Task(_PythonDecoratedOperator): print_the_context>, log_sql_query already registered for DAG: example_python_operator
[2023-10-04T21:52:03.907+0300] {logging_mixin.py:149} INFO - [2023-10-04T21:52:03.907+0300] {taskmixin.py:211} WARNING - Dependency <Task(_PythonDecoratedOperator): log_sql_query>, print_the_context already registered for DAG: example_python_operator
[2023-10-04T21:52:03.908+0300] {logging_mixin.py:149} INFO - [2023-10-04T21:52:03.908+0300] {taskmixin.py:211} WARNING - Dependency <Task(_PythonDecoratedOperator): print_the_context>, log_sql_query already registered for DAG: example_python_operator
[2023-10-04T21:52:03.908+0300] {logging_mixin.py:149} INFO - [2023-10-04T21:52:03.908+0300] {taskmixin.py:211} WARNING - Dependency <Task(_PythonDecoratedOperator): log_sql_query>, print_the_context already registered for DAG: example_python_operator
[2023-10-04T21:52:03.909+0300] {logging_mixin.py:149} INFO - [2023-10-04T21:52:03.909+0300] {taskmixin.py:211} WARNING - Dependency <Task(_PythonDecoratedOperator): print_the_context>, log_sql_query already registered for DAG: example_python_operator
[2023-10-04T21:52:03.909+0300] {logging_mixin.py:149} INFO - [2023-10-04T21:52:03.909+0300] {taskmixin.py:211} WARNING - Dependency <Task(_PythonDecoratedOperator): log_sql_query>, print_the_context already registered for DAG: example_python_operator
[2023-10-04T21:52:03.910+0300] {logging_mixin.py:149} INFO - [2023-10-04T21:52:03.910+0300] {taskmixin.py:211} WARNING - Dependency <Task(_PythonDecoratedOperator): print_the_context>, log_sql_query already registered for DAG: example_python_operator
[2023-10-04T21:52:03.910+0300] {logging_mixin.py:149} INFO - [2023-10-04T21:52:03.910+0300] {taskmixin.py:211} WARNING - Dependency <Task(_PythonDecoratedOperator): log_sql_query>, print_the_context already registered for DAG: example_python_operator
[2023-10-04T21:52:03.911+0300] {logging_mixin.py:149} INFO - [2023-10-04T21:52:03.910+0300] {example_python_operator.py:90} WARNING - The virtalenv_python example task requires virtualenv, please install it.
[2023-10-04T21:52:03.913+0300] {processor.py:836} INFO - DAG(s) dict_keys(['example_python_operator']) retrieved from /home/paulet/anaconda3/lib/python3.10/site-packages/airflow/example_dags/example_python_operator.py
[2023-10-04T21:52:03.942+0300] {logging_mixin.py:149} INFO - [2023-10-04T21:52:03.941+0300] {dag.py:2726} INFO - Sync 1 DAGs
[2023-10-04T21:52:03.966+0300] {logging_mixin.py:149} INFO - [2023-10-04T21:52:03.966+0300] {dag.py:3486} INFO - Setting next_dagrun for example_python_operator to None, run_after=None
[2023-10-04T21:52:04.147+0300] {processor.py:179} INFO - Processing /home/paulet/anaconda3/lib/python3.10/site-packages/airflow/example_dags/example_python_operator.py took 0.307 seconds
[2023-10-04T21:53:02.262+0300] {processor.py:157} INFO - Started process (PID=27041) to work on /home/paulet/anaconda3/lib/python3.10/site-packages/airflow/example_dags/example_python_operator.py
[2023-10-04T21:53:02.272+0300] {processor.py:826} INFO - Processing file /home/paulet/anaconda3/lib/python3.10/site-packages/airflow/example_dags/example_python_operator.py for tasks to queue
[2023-10-04T21:53:02.273+0300] {logging_mixin.py:149} INFO - [2023-10-04T21:53:02.273+0300] {dagbag.py:541} INFO - Filling up the DagBag from /home/paulet/anaconda3/lib/python3.10/site-packages/airflow/example_dags/example_python_operator.py
[2023-10-04T21:53:02.282+0300] {logging_mixin.py:149} INFO - [2023-10-04T21:53:02.282+0300] {taskmixin.py:211} WARNING - Dependency <Task(_PythonDecoratedOperator): print_the_context>, log_sql_query already registered for DAG: example_python_operator
[2023-10-04T21:53:02.283+0300] {logging_mixin.py:149} INFO - [2023-10-04T21:53:02.282+0300] {taskmixin.py:211} WARNING - Dependency <Task(_PythonDecoratedOperator): log_sql_query>, print_the_context already registered for DAG: example_python_operator
[2023-10-04T21:53:02.283+0300] {logging_mixin.py:149} INFO - [2023-10-04T21:53:02.283+0300] {taskmixin.py:211} WARNING - Dependency <Task(_PythonDecoratedOperator): print_the_context>, log_sql_query already registered for DAG: example_python_operator
[2023-10-04T21:53:02.284+0300] {logging_mixin.py:149} INFO - [2023-10-04T21:53:02.283+0300] {taskmixin.py:211} WARNING - Dependency <Task(_PythonDecoratedOperator): log_sql_query>, print_the_context already registered for DAG: example_python_operator
[2023-10-04T21:53:02.284+0300] {logging_mixin.py:149} INFO - [2023-10-04T21:53:02.284+0300] {taskmixin.py:211} WARNING - Dependency <Task(_PythonDecoratedOperator): print_the_context>, log_sql_query already registered for DAG: example_python_operator
[2023-10-04T21:53:02.285+0300] {logging_mixin.py:149} INFO - [2023-10-04T21:53:02.285+0300] {taskmixin.py:211} WARNING - Dependency <Task(_PythonDecoratedOperator): log_sql_query>, print_the_context already registered for DAG: example_python_operator
[2023-10-04T21:53:02.285+0300] {logging_mixin.py:149} INFO - [2023-10-04T21:53:02.285+0300] {taskmixin.py:211} WARNING - Dependency <Task(_PythonDecoratedOperator): print_the_context>, log_sql_query already registered for DAG: example_python_operator
[2023-10-04T21:53:02.286+0300] {logging_mixin.py:149} INFO - [2023-10-04T21:53:02.285+0300] {taskmixin.py:211} WARNING - Dependency <Task(_PythonDecoratedOperator): log_sql_query>, print_the_context already registered for DAG: example_python_operator
[2023-10-04T21:53:02.286+0300] {logging_mixin.py:149} INFO - [2023-10-04T21:53:02.286+0300] {example_python_operator.py:90} WARNING - The virtalenv_python example task requires virtualenv, please install it.
[2023-10-04T21:53:02.287+0300] {processor.py:836} INFO - DAG(s) dict_keys(['example_python_operator']) retrieved from /home/paulet/anaconda3/lib/python3.10/site-packages/airflow/example_dags/example_python_operator.py
[2023-10-04T21:53:02.309+0300] {logging_mixin.py:149} INFO - [2023-10-04T21:53:02.309+0300] {dag.py:2726} INFO - Sync 1 DAGs
[2023-10-04T21:53:02.332+0300] {logging_mixin.py:149} INFO - [2023-10-04T21:53:02.332+0300] {dag.py:3486} INFO - Setting next_dagrun for example_python_operator to None, run_after=None
[2023-10-04T21:53:02.467+0300] {processor.py:179} INFO - Processing /home/paulet/anaconda3/lib/python3.10/site-packages/airflow/example_dags/example_python_operator.py took 0.209 seconds
[2023-10-04T21:54:04.153+0300] {processor.py:157} INFO - Started process (PID=27120) to work on /home/paulet/anaconda3/lib/python3.10/site-packages/airflow/example_dags/example_python_operator.py
[2023-10-04T21:54:04.165+0300] {processor.py:826} INFO - Processing file /home/paulet/anaconda3/lib/python3.10/site-packages/airflow/example_dags/example_python_operator.py for tasks to queue
[2023-10-04T21:54:04.166+0300] {logging_mixin.py:149} INFO - [2023-10-04T21:54:04.166+0300] {dagbag.py:541} INFO - Filling up the DagBag from /home/paulet/anaconda3/lib/python3.10/site-packages/airflow/example_dags/example_python_operator.py
[2023-10-04T21:54:04.181+0300] {logging_mixin.py:149} INFO - [2023-10-04T21:54:04.180+0300] {taskmixin.py:211} WARNING - Dependency <Task(_PythonDecoratedOperator): print_the_context>, log_sql_query already registered for DAG: example_python_operator
[2023-10-04T21:54:04.181+0300] {logging_mixin.py:149} INFO - [2023-10-04T21:54:04.181+0300] {taskmixin.py:211} WARNING - Dependency <Task(_PythonDecoratedOperator): log_sql_query>, print_the_context already registered for DAG: example_python_operator
[2023-10-04T21:54:04.183+0300] {logging_mixin.py:149} INFO - [2023-10-04T21:54:04.183+0300] {taskmixin.py:211} WARNING - Dependency <Task(_PythonDecoratedOperator): print_the_context>, log_sql_query already registered for DAG: example_python_operator
[2023-10-04T21:54:04.183+0300] {logging_mixin.py:149} INFO - [2023-10-04T21:54:04.183+0300] {taskmixin.py:211} WARNING - Dependency <Task(_PythonDecoratedOperator): log_sql_query>, print_the_context already registered for DAG: example_python_operator
[2023-10-04T21:54:04.185+0300] {logging_mixin.py:149} INFO - [2023-10-04T21:54:04.185+0300] {taskmixin.py:211} WARNING - Dependency <Task(_PythonDecoratedOperator): print_the_context>, log_sql_query already registered for DAG: example_python_operator
[2023-10-04T21:54:04.186+0300] {logging_mixin.py:149} INFO - [2023-10-04T21:54:04.185+0300] {taskmixin.py:211} WARNING - Dependency <Task(_PythonDecoratedOperator): log_sql_query>, print_the_context already registered for DAG: example_python_operator
[2023-10-04T21:54:04.187+0300] {logging_mixin.py:149} INFO - [2023-10-04T21:54:04.187+0300] {taskmixin.py:211} WARNING - Dependency <Task(_PythonDecoratedOperator): print_the_context>, log_sql_query already registered for DAG: example_python_operator
[2023-10-04T21:54:04.188+0300] {logging_mixin.py:149} INFO - [2023-10-04T21:54:04.188+0300] {taskmixin.py:211} WARNING - Dependency <Task(_PythonDecoratedOperator): log_sql_query>, print_the_context already registered for DAG: example_python_operator
[2023-10-04T21:54:04.189+0300] {logging_mixin.py:149} INFO - [2023-10-04T21:54:04.189+0300] {example_python_operator.py:90} WARNING - The virtalenv_python example task requires virtualenv, please install it.
[2023-10-04T21:54:04.190+0300] {processor.py:836} INFO - DAG(s) dict_keys(['example_python_operator']) retrieved from /home/paulet/anaconda3/lib/python3.10/site-packages/airflow/example_dags/example_python_operator.py
[2023-10-04T21:54:04.217+0300] {logging_mixin.py:149} INFO - [2023-10-04T21:54:04.217+0300] {dag.py:2726} INFO - Sync 1 DAGs
[2023-10-04T21:54:04.244+0300] {logging_mixin.py:149} INFO - [2023-10-04T21:54:04.244+0300] {dag.py:3486} INFO - Setting next_dagrun for example_python_operator to None, run_after=None
[2023-10-04T21:54:04.381+0300] {processor.py:179} INFO - Processing /home/paulet/anaconda3/lib/python3.10/site-packages/airflow/example_dags/example_python_operator.py took 0.232 seconds
[2023-10-04T21:55:02.993+0300] {processor.py:157} INFO - Started process (PID=27196) to work on /home/paulet/anaconda3/lib/python3.10/site-packages/airflow/example_dags/example_python_operator.py
[2023-10-04T21:55:03.008+0300] {processor.py:826} INFO - Processing file /home/paulet/anaconda3/lib/python3.10/site-packages/airflow/example_dags/example_python_operator.py for tasks to queue
[2023-10-04T21:55:03.009+0300] {logging_mixin.py:149} INFO - [2023-10-04T21:55:03.009+0300] {dagbag.py:541} INFO - Filling up the DagBag from /home/paulet/anaconda3/lib/python3.10/site-packages/airflow/example_dags/example_python_operator.py
[2023-10-04T21:55:03.023+0300] {logging_mixin.py:149} INFO - [2023-10-04T21:55:03.023+0300] {taskmixin.py:211} WARNING - Dependency <Task(_PythonDecoratedOperator): print_the_context>, log_sql_query already registered for DAG: example_python_operator
[2023-10-04T21:55:03.024+0300] {logging_mixin.py:149} INFO - [2023-10-04T21:55:03.023+0300] {taskmixin.py:211} WARNING - Dependency <Task(_PythonDecoratedOperator): log_sql_query>, print_the_context already registered for DAG: example_python_operator
[2023-10-04T21:55:03.025+0300] {logging_mixin.py:149} INFO - [2023-10-04T21:55:03.025+0300] {taskmixin.py:211} WARNING - Dependency <Task(_PythonDecoratedOperator): print_the_context>, log_sql_query already registered for DAG: example_python_operator
[2023-10-04T21:55:03.026+0300] {logging_mixin.py:149} INFO - [2023-10-04T21:55:03.026+0300] {taskmixin.py:211} WARNING - Dependency <Task(_PythonDecoratedOperator): log_sql_query>, print_the_context already registered for DAG: example_python_operator
[2023-10-04T21:55:03.028+0300] {logging_mixin.py:149} INFO - [2023-10-04T21:55:03.027+0300] {taskmixin.py:211} WARNING - Dependency <Task(_PythonDecoratedOperator): print_the_context>, log_sql_query already registered for DAG: example_python_operator
[2023-10-04T21:55:03.028+0300] {logging_mixin.py:149} INFO - [2023-10-04T21:55:03.028+0300] {taskmixin.py:211} WARNING - Dependency <Task(_PythonDecoratedOperator): log_sql_query>, print_the_context already registered for DAG: example_python_operator
[2023-10-04T21:55:03.029+0300] {logging_mixin.py:149} INFO - [2023-10-04T21:55:03.029+0300] {taskmixin.py:211} WARNING - Dependency <Task(_PythonDecoratedOperator): print_the_context>, log_sql_query already registered for DAG: example_python_operator
[2023-10-04T21:55:03.030+0300] {logging_mixin.py:149} INFO - [2023-10-04T21:55:03.030+0300] {taskmixin.py:211} WARNING - Dependency <Task(_PythonDecoratedOperator): log_sql_query>, print_the_context already registered for DAG: example_python_operator
[2023-10-04T21:55:03.030+0300] {logging_mixin.py:149} INFO - [2023-10-04T21:55:03.030+0300] {example_python_operator.py:90} WARNING - The virtalenv_python example task requires virtualenv, please install it.
[2023-10-04T21:55:03.031+0300] {processor.py:836} INFO - DAG(s) dict_keys(['example_python_operator']) retrieved from /home/paulet/anaconda3/lib/python3.10/site-packages/airflow/example_dags/example_python_operator.py
[2023-10-04T21:55:03.061+0300] {logging_mixin.py:149} INFO - [2023-10-04T21:55:03.061+0300] {dag.py:2726} INFO - Sync 1 DAGs
[2023-10-04T21:55:03.094+0300] {logging_mixin.py:149} INFO - [2023-10-04T21:55:03.094+0300] {dag.py:3486} INFO - Setting next_dagrun for example_python_operator to None, run_after=None
[2023-10-04T21:55:03.242+0300] {processor.py:179} INFO - Processing /home/paulet/anaconda3/lib/python3.10/site-packages/airflow/example_dags/example_python_operator.py took 0.254 seconds
