[2023-10-04T18:09:01.388+0300] {processor.py:157} INFO - Started process (PID=14043) to work on /home/paulet/anaconda3/lib/python3.10/site-packages/airflow/example_dags/example_trigger_controller_dag.py
[2023-10-04T18:09:01.389+0300] {processor.py:826} INFO - Processing file /home/paulet/anaconda3/lib/python3.10/site-packages/airflow/example_dags/example_trigger_controller_dag.py for tasks to queue
[2023-10-04T18:09:01.390+0300] {logging_mixin.py:149} INFO - [2023-10-04T18:09:01.390+0300] {dagbag.py:541} INFO - Filling up the DagBag from /home/paulet/anaconda3/lib/python3.10/site-packages/airflow/example_dags/example_trigger_controller_dag.py
[2023-10-04T18:09:01.399+0300] {processor.py:836} INFO - DAG(s) dict_keys(['example_trigger_controller_dag']) retrieved from /home/paulet/anaconda3/lib/python3.10/site-packages/airflow/example_dags/example_trigger_controller_dag.py
[2023-10-04T18:09:01.754+0300] {logging_mixin.py:149} INFO - [2023-10-04T18:09:01.753+0300] {manager.py:504} INFO - Created Permission View: can edit on DAG:example_trigger_controller_dag
[2023-10-04T18:09:01.886+0300] {logging_mixin.py:149} INFO - [2023-10-04T18:09:01.886+0300] {manager.py:504} INFO - Created Permission View: can read on DAG:example_trigger_controller_dag
[2023-10-04T18:09:02.007+0300] {logging_mixin.py:149} INFO - [2023-10-04T18:09:02.007+0300] {manager.py:504} INFO - Created Permission View: can delete on DAG:example_trigger_controller_dag
[2023-10-04T18:09:02.008+0300] {logging_mixin.py:149} INFO - [2023-10-04T18:09:02.008+0300] {dag.py:2726} INFO - Sync 1 DAGs
[2023-10-04T18:09:02.022+0300] {logging_mixin.py:149} INFO - [2023-10-04T18:09:02.022+0300] {dag.py:2747} INFO - Creating ORM DAG for example_trigger_controller_dag
[2023-10-04T18:09:02.033+0300] {logging_mixin.py:149} INFO - [2023-10-04T18:09:02.033+0300] {dag.py:3486} INFO - Setting next_dagrun for example_trigger_controller_dag to 2021-01-01T00:00:00+00:00, run_after=2021-01-01T00:00:00+00:00
[2023-10-04T18:09:02.237+0300] {processor.py:179} INFO - Processing /home/paulet/anaconda3/lib/python3.10/site-packages/airflow/example_dags/example_trigger_controller_dag.py took 0.853 seconds
[2023-10-04T18:10:47.612+0300] {processor.py:157} INFO - Started process (PID=14520) to work on /home/paulet/anaconda3/lib/python3.10/site-packages/airflow/example_dags/example_trigger_controller_dag.py
[2023-10-04T18:10:47.640+0300] {processor.py:826} INFO - Processing file /home/paulet/anaconda3/lib/python3.10/site-packages/airflow/example_dags/example_trigger_controller_dag.py for tasks to queue
[2023-10-04T18:10:47.641+0300] {logging_mixin.py:149} INFO - [2023-10-04T18:10:47.641+0300] {dagbag.py:541} INFO - Filling up the DagBag from /home/paulet/anaconda3/lib/python3.10/site-packages/airflow/example_dags/example_trigger_controller_dag.py
[2023-10-04T18:10:47.648+0300] {processor.py:836} INFO - DAG(s) dict_keys(['example_trigger_controller_dag']) retrieved from /home/paulet/anaconda3/lib/python3.10/site-packages/airflow/example_dags/example_trigger_controller_dag.py
[2023-10-04T18:10:47.677+0300] {logging_mixin.py:149} INFO - [2023-10-04T18:10:47.677+0300] {dag.py:2726} INFO - Sync 1 DAGs
[2023-10-04T18:10:47.704+0300] {logging_mixin.py:149} INFO - [2023-10-04T18:10:47.704+0300] {dag.py:3486} INFO - Setting next_dagrun for example_trigger_controller_dag to 2021-01-01T00:00:00+00:00, run_after=2021-01-01T00:00:00+00:00
[2023-10-04T18:10:47.833+0300] {processor.py:179} INFO - Processing /home/paulet/anaconda3/lib/python3.10/site-packages/airflow/example_dags/example_trigger_controller_dag.py took 0.225 seconds
[2023-10-04T18:11:57.426+0300] {processor.py:157} INFO - Started process (PID=14950) to work on /home/paulet/anaconda3/lib/python3.10/site-packages/airflow/example_dags/example_trigger_controller_dag.py
[2023-10-04T18:11:57.458+0300] {processor.py:826} INFO - Processing file /home/paulet/anaconda3/lib/python3.10/site-packages/airflow/example_dags/example_trigger_controller_dag.py for tasks to queue
[2023-10-04T18:11:57.459+0300] {logging_mixin.py:149} INFO - [2023-10-04T18:11:57.459+0300] {dagbag.py:541} INFO - Filling up the DagBag from /home/paulet/anaconda3/lib/python3.10/site-packages/airflow/example_dags/example_trigger_controller_dag.py
[2023-10-04T18:11:57.466+0300] {processor.py:836} INFO - DAG(s) dict_keys(['example_trigger_controller_dag']) retrieved from /home/paulet/anaconda3/lib/python3.10/site-packages/airflow/example_dags/example_trigger_controller_dag.py
[2023-10-04T18:11:57.494+0300] {logging_mixin.py:149} INFO - [2023-10-04T18:11:57.494+0300] {dag.py:2726} INFO - Sync 1 DAGs
[2023-10-04T18:11:57.521+0300] {logging_mixin.py:149} INFO - [2023-10-04T18:11:57.520+0300] {dag.py:3486} INFO - Setting next_dagrun for example_trigger_controller_dag to 2021-01-01T00:00:00+00:00, run_after=2021-01-01T00:00:00+00:00
[2023-10-04T18:11:57.668+0300] {processor.py:179} INFO - Processing /home/paulet/anaconda3/lib/python3.10/site-packages/airflow/example_dags/example_trigger_controller_dag.py took 0.245 seconds
[2023-10-04T18:12:48.120+0300] {processor.py:157} INFO - Started process (PID=15167) to work on /home/paulet/anaconda3/lib/python3.10/site-packages/airflow/example_dags/example_trigger_controller_dag.py
[2023-10-04T18:12:48.121+0300] {processor.py:826} INFO - Processing file /home/paulet/anaconda3/lib/python3.10/site-packages/airflow/example_dags/example_trigger_controller_dag.py for tasks to queue
[2023-10-04T18:12:48.122+0300] {logging_mixin.py:149} INFO - [2023-10-04T18:12:48.122+0300] {dagbag.py:541} INFO - Filling up the DagBag from /home/paulet/anaconda3/lib/python3.10/site-packages/airflow/example_dags/example_trigger_controller_dag.py
[2023-10-04T18:12:48.127+0300] {processor.py:836} INFO - DAG(s) dict_keys(['example_trigger_controller_dag']) retrieved from /home/paulet/anaconda3/lib/python3.10/site-packages/airflow/example_dags/example_trigger_controller_dag.py
[2023-10-04T18:12:48.152+0300] {logging_mixin.py:149} INFO - [2023-10-04T18:12:48.152+0300] {dag.py:2726} INFO - Sync 1 DAGs
[2023-10-04T18:12:48.175+0300] {logging_mixin.py:149} INFO - [2023-10-04T18:12:48.174+0300] {dag.py:3486} INFO - Setting next_dagrun for example_trigger_controller_dag to 2021-01-01T00:00:00+00:00, run_after=2021-01-01T00:00:00+00:00
[2023-10-04T18:12:48.297+0300] {processor.py:179} INFO - Processing /home/paulet/anaconda3/lib/python3.10/site-packages/airflow/example_dags/example_trigger_controller_dag.py took 0.180 seconds
[2023-10-04T18:14:26.902+0300] {processor.py:157} INFO - Started process (PID=16035) to work on /home/paulet/anaconda3/lib/python3.10/site-packages/airflow/example_dags/example_trigger_controller_dag.py
[2023-10-04T18:14:26.904+0300] {processor.py:826} INFO - Processing file /home/paulet/anaconda3/lib/python3.10/site-packages/airflow/example_dags/example_trigger_controller_dag.py for tasks to queue
[2023-10-04T18:14:26.905+0300] {logging_mixin.py:149} INFO - [2023-10-04T18:14:26.905+0300] {dagbag.py:541} INFO - Filling up the DagBag from /home/paulet/anaconda3/lib/python3.10/site-packages/airflow/example_dags/example_trigger_controller_dag.py
[2023-10-04T18:14:26.913+0300] {processor.py:836} INFO - DAG(s) dict_keys(['example_trigger_controller_dag']) retrieved from /home/paulet/anaconda3/lib/python3.10/site-packages/airflow/example_dags/example_trigger_controller_dag.py
[2023-10-04T18:14:26.940+0300] {logging_mixin.py:149} INFO - [2023-10-04T18:14:26.940+0300] {dag.py:2726} INFO - Sync 1 DAGs
[2023-10-04T18:14:26.967+0300] {logging_mixin.py:149} INFO - [2023-10-04T18:14:26.967+0300] {dag.py:3486} INFO - Setting next_dagrun for example_trigger_controller_dag to 2021-01-01T00:00:00+00:00, run_after=2021-01-01T00:00:00+00:00
[2023-10-04T18:14:27.076+0300] {processor.py:179} INFO - Processing /home/paulet/anaconda3/lib/python3.10/site-packages/airflow/example_dags/example_trigger_controller_dag.py took 0.178 seconds
[2023-10-04T18:15:12.649+0300] {processor.py:157} INFO - Started process (PID=16086) to work on /home/paulet/anaconda3/lib/python3.10/site-packages/airflow/example_dags/example_trigger_controller_dag.py
[2023-10-04T18:15:12.650+0300] {processor.py:826} INFO - Processing file /home/paulet/anaconda3/lib/python3.10/site-packages/airflow/example_dags/example_trigger_controller_dag.py for tasks to queue
[2023-10-04T18:15:12.651+0300] {logging_mixin.py:149} INFO - [2023-10-04T18:15:12.651+0300] {dagbag.py:541} INFO - Filling up the DagBag from /home/paulet/anaconda3/lib/python3.10/site-packages/airflow/example_dags/example_trigger_controller_dag.py
[2023-10-04T18:15:12.656+0300] {processor.py:836} INFO - DAG(s) dict_keys(['example_trigger_controller_dag']) retrieved from /home/paulet/anaconda3/lib/python3.10/site-packages/airflow/example_dags/example_trigger_controller_dag.py
[2023-10-04T18:15:12.682+0300] {logging_mixin.py:149} INFO - [2023-10-04T18:15:12.682+0300] {dag.py:2726} INFO - Sync 1 DAGs
[2023-10-04T18:15:12.708+0300] {logging_mixin.py:149} INFO - [2023-10-04T18:15:12.708+0300] {dag.py:3486} INFO - Setting next_dagrun for example_trigger_controller_dag to 2021-01-01T00:00:00+00:00, run_after=2021-01-01T00:00:00+00:00
[2023-10-04T18:15:12.848+0300] {processor.py:179} INFO - Processing /home/paulet/anaconda3/lib/python3.10/site-packages/airflow/example_dags/example_trigger_controller_dag.py took 0.203 seconds
[2023-10-04T18:16:04.694+0300] {processor.py:157} INFO - Started process (PID=16136) to work on /home/paulet/anaconda3/lib/python3.10/site-packages/airflow/example_dags/example_trigger_controller_dag.py
[2023-10-04T18:16:04.695+0300] {processor.py:826} INFO - Processing file /home/paulet/anaconda3/lib/python3.10/site-packages/airflow/example_dags/example_trigger_controller_dag.py for tasks to queue
[2023-10-04T18:16:04.696+0300] {logging_mixin.py:149} INFO - [2023-10-04T18:16:04.696+0300] {dagbag.py:541} INFO - Filling up the DagBag from /home/paulet/anaconda3/lib/python3.10/site-packages/airflow/example_dags/example_trigger_controller_dag.py
[2023-10-04T18:16:04.702+0300] {processor.py:836} INFO - DAG(s) dict_keys(['example_trigger_controller_dag']) retrieved from /home/paulet/anaconda3/lib/python3.10/site-packages/airflow/example_dags/example_trigger_controller_dag.py
[2023-10-04T18:16:04.728+0300] {logging_mixin.py:149} INFO - [2023-10-04T18:16:04.728+0300] {dag.py:2726} INFO - Sync 1 DAGs
[2023-10-04T18:16:04.752+0300] {logging_mixin.py:149} INFO - [2023-10-04T18:16:04.752+0300] {dag.py:3486} INFO - Setting next_dagrun for example_trigger_controller_dag to 2021-01-01T00:00:00+00:00, run_after=2021-01-01T00:00:00+00:00
[2023-10-04T18:16:04.868+0300] {processor.py:179} INFO - Processing /home/paulet/anaconda3/lib/python3.10/site-packages/airflow/example_dags/example_trigger_controller_dag.py took 0.179 seconds
[2023-10-04T18:17:20.115+0300] {processor.py:157} INFO - Started process (PID=16216) to work on /home/paulet/anaconda3/lib/python3.10/site-packages/airflow/example_dags/example_trigger_controller_dag.py
[2023-10-04T18:17:20.117+0300] {processor.py:826} INFO - Processing file /home/paulet/anaconda3/lib/python3.10/site-packages/airflow/example_dags/example_trigger_controller_dag.py for tasks to queue
[2023-10-04T18:17:20.118+0300] {logging_mixin.py:149} INFO - [2023-10-04T18:17:20.117+0300] {dagbag.py:541} INFO - Filling up the DagBag from /home/paulet/anaconda3/lib/python3.10/site-packages/airflow/example_dags/example_trigger_controller_dag.py
[2023-10-04T18:17:20.123+0300] {processor.py:836} INFO - DAG(s) dict_keys(['example_trigger_controller_dag']) retrieved from /home/paulet/anaconda3/lib/python3.10/site-packages/airflow/example_dags/example_trigger_controller_dag.py
[2023-10-04T18:17:20.149+0300] {logging_mixin.py:149} INFO - [2023-10-04T18:17:20.149+0300] {dag.py:2726} INFO - Sync 1 DAGs
[2023-10-04T18:17:20.173+0300] {logging_mixin.py:149} INFO - [2023-10-04T18:17:20.172+0300] {dag.py:3486} INFO - Setting next_dagrun for example_trigger_controller_dag to 2021-01-01T00:00:00+00:00, run_after=2021-01-01T00:00:00+00:00
[2023-10-04T18:17:20.286+0300] {processor.py:179} INFO - Processing /home/paulet/anaconda3/lib/python3.10/site-packages/airflow/example_dags/example_trigger_controller_dag.py took 0.176 seconds
[2023-10-04T21:00:18.112+0300] {processor.py:157} INFO - Started process (PID=22415) to work on /home/paulet/anaconda3/lib/python3.10/site-packages/airflow/example_dags/example_trigger_controller_dag.py
[2023-10-04T21:00:18.113+0300] {processor.py:826} INFO - Processing file /home/paulet/anaconda3/lib/python3.10/site-packages/airflow/example_dags/example_trigger_controller_dag.py for tasks to queue
[2023-10-04T21:00:18.114+0300] {logging_mixin.py:149} INFO - [2023-10-04T21:00:18.114+0300] {dagbag.py:541} INFO - Filling up the DagBag from /home/paulet/anaconda3/lib/python3.10/site-packages/airflow/example_dags/example_trigger_controller_dag.py
[2023-10-04T21:00:18.123+0300] {processor.py:836} INFO - DAG(s) dict_keys(['example_trigger_controller_dag']) retrieved from /home/paulet/anaconda3/lib/python3.10/site-packages/airflow/example_dags/example_trigger_controller_dag.py
[2023-10-04T21:00:18.150+0300] {logging_mixin.py:149} INFO - [2023-10-04T21:00:18.150+0300] {dag.py:2726} INFO - Sync 1 DAGs
[2023-10-04T21:00:18.175+0300] {logging_mixin.py:149} INFO - [2023-10-04T21:00:18.175+0300] {dag.py:3486} INFO - Setting next_dagrun for example_trigger_controller_dag to 2021-01-01T00:00:00+00:00, run_after=2021-01-01T00:00:00+00:00
[2023-10-04T21:00:18.311+0300] {processor.py:179} INFO - Processing /home/paulet/anaconda3/lib/python3.10/site-packages/airflow/example_dags/example_trigger_controller_dag.py took 0.204 seconds
[2023-10-04T21:01:24.726+0300] {processor.py:157} INFO - Started process (PID=22588) to work on /home/paulet/anaconda3/lib/python3.10/site-packages/airflow/example_dags/example_trigger_controller_dag.py
[2023-10-04T21:01:24.788+0300] {processor.py:826} INFO - Processing file /home/paulet/anaconda3/lib/python3.10/site-packages/airflow/example_dags/example_trigger_controller_dag.py for tasks to queue
[2023-10-04T21:01:24.790+0300] {logging_mixin.py:149} INFO - [2023-10-04T21:01:24.789+0300] {dagbag.py:541} INFO - Filling up the DagBag from /home/paulet/anaconda3/lib/python3.10/site-packages/airflow/example_dags/example_trigger_controller_dag.py
[2023-10-04T21:01:24.795+0300] {processor.py:836} INFO - DAG(s) dict_keys(['example_trigger_controller_dag']) retrieved from /home/paulet/anaconda3/lib/python3.10/site-packages/airflow/example_dags/example_trigger_controller_dag.py
[2023-10-04T21:01:24.886+0300] {logging_mixin.py:149} INFO - [2023-10-04T21:01:24.886+0300] {dag.py:2726} INFO - Sync 1 DAGs
[2023-10-04T21:01:24.928+0300] {logging_mixin.py:149} INFO - [2023-10-04T21:01:24.928+0300] {dag.py:3486} INFO - Setting next_dagrun for example_trigger_controller_dag to 2021-01-01T00:00:00+00:00, run_after=2021-01-01T00:00:00+00:00
[2023-10-04T21:01:25.482+0300] {processor.py:179} INFO - Processing /home/paulet/anaconda3/lib/python3.10/site-packages/airflow/example_dags/example_trigger_controller_dag.py took 0.760 seconds
[2023-10-04T21:02:34.381+0300] {processor.py:157} INFO - Started process (PID=22664) to work on /home/paulet/anaconda3/lib/python3.10/site-packages/airflow/example_dags/example_trigger_controller_dag.py
[2023-10-04T21:02:34.408+0300] {processor.py:826} INFO - Processing file /home/paulet/anaconda3/lib/python3.10/site-packages/airflow/example_dags/example_trigger_controller_dag.py for tasks to queue
[2023-10-04T21:02:34.409+0300] {logging_mixin.py:149} INFO - [2023-10-04T21:02:34.409+0300] {dagbag.py:541} INFO - Filling up the DagBag from /home/paulet/anaconda3/lib/python3.10/site-packages/airflow/example_dags/example_trigger_controller_dag.py
[2023-10-04T21:02:34.414+0300] {processor.py:836} INFO - DAG(s) dict_keys(['example_trigger_controller_dag']) retrieved from /home/paulet/anaconda3/lib/python3.10/site-packages/airflow/example_dags/example_trigger_controller_dag.py
[2023-10-04T21:02:34.443+0300] {logging_mixin.py:149} INFO - [2023-10-04T21:02:34.442+0300] {dag.py:2726} INFO - Sync 1 DAGs
[2023-10-04T21:02:34.468+0300] {logging_mixin.py:149} INFO - [2023-10-04T21:02:34.468+0300] {dag.py:3486} INFO - Setting next_dagrun for example_trigger_controller_dag to 2021-01-01T00:00:00+00:00, run_after=2021-01-01T00:00:00+00:00
[2023-10-04T21:02:34.592+0300] {processor.py:179} INFO - Processing /home/paulet/anaconda3/lib/python3.10/site-packages/airflow/example_dags/example_trigger_controller_dag.py took 0.215 seconds
[2023-10-04T21:03:25.993+0300] {processor.py:157} INFO - Started process (PID=22711) to work on /home/paulet/anaconda3/lib/python3.10/site-packages/airflow/example_dags/example_trigger_controller_dag.py
[2023-10-04T21:03:26.018+0300] {processor.py:826} INFO - Processing file /home/paulet/anaconda3/lib/python3.10/site-packages/airflow/example_dags/example_trigger_controller_dag.py for tasks to queue
[2023-10-04T21:03:26.019+0300] {logging_mixin.py:149} INFO - [2023-10-04T21:03:26.019+0300] {dagbag.py:541} INFO - Filling up the DagBag from /home/paulet/anaconda3/lib/python3.10/site-packages/airflow/example_dags/example_trigger_controller_dag.py
[2023-10-04T21:03:26.025+0300] {processor.py:836} INFO - DAG(s) dict_keys(['example_trigger_controller_dag']) retrieved from /home/paulet/anaconda3/lib/python3.10/site-packages/airflow/example_dags/example_trigger_controller_dag.py
[2023-10-04T21:03:26.054+0300] {logging_mixin.py:149} INFO - [2023-10-04T21:03:26.054+0300] {dag.py:2726} INFO - Sync 1 DAGs
[2023-10-04T21:03:26.079+0300] {logging_mixin.py:149} INFO - [2023-10-04T21:03:26.079+0300] {dag.py:3486} INFO - Setting next_dagrun for example_trigger_controller_dag to 2021-01-01T00:00:00+00:00, run_after=2021-01-01T00:00:00+00:00
[2023-10-04T21:03:26.213+0300] {processor.py:179} INFO - Processing /home/paulet/anaconda3/lib/python3.10/site-packages/airflow/example_dags/example_trigger_controller_dag.py took 0.225 seconds
[2023-10-04T21:04:21.796+0300] {processor.py:157} INFO - Started process (PID=22783) to work on /home/paulet/anaconda3/lib/python3.10/site-packages/airflow/example_dags/example_trigger_controller_dag.py
[2023-10-04T21:04:21.811+0300] {processor.py:826} INFO - Processing file /home/paulet/anaconda3/lib/python3.10/site-packages/airflow/example_dags/example_trigger_controller_dag.py for tasks to queue
[2023-10-04T21:04:21.812+0300] {logging_mixin.py:149} INFO - [2023-10-04T21:04:21.812+0300] {dagbag.py:541} INFO - Filling up the DagBag from /home/paulet/anaconda3/lib/python3.10/site-packages/airflow/example_dags/example_trigger_controller_dag.py
[2023-10-04T21:04:21.818+0300] {processor.py:836} INFO - DAG(s) dict_keys(['example_trigger_controller_dag']) retrieved from /home/paulet/anaconda3/lib/python3.10/site-packages/airflow/example_dags/example_trigger_controller_dag.py
[2023-10-04T21:04:21.846+0300] {logging_mixin.py:149} INFO - [2023-10-04T21:04:21.846+0300] {dag.py:2726} INFO - Sync 1 DAGs
[2023-10-04T21:04:21.870+0300] {logging_mixin.py:149} INFO - [2023-10-04T21:04:21.870+0300] {dag.py:3486} INFO - Setting next_dagrun for example_trigger_controller_dag to 2021-01-01T00:00:00+00:00, run_after=2021-01-01T00:00:00+00:00
[2023-10-04T21:04:22.006+0300] {processor.py:179} INFO - Processing /home/paulet/anaconda3/lib/python3.10/site-packages/airflow/example_dags/example_trigger_controller_dag.py took 0.215 seconds
[2023-10-04T21:05:16.628+0300] {processor.py:157} INFO - Started process (PID=22858) to work on /home/paulet/anaconda3/lib/python3.10/site-packages/airflow/example_dags/example_trigger_controller_dag.py
[2023-10-04T21:05:16.629+0300] {processor.py:826} INFO - Processing file /home/paulet/anaconda3/lib/python3.10/site-packages/airflow/example_dags/example_trigger_controller_dag.py for tasks to queue
[2023-10-04T21:05:16.630+0300] {logging_mixin.py:149} INFO - [2023-10-04T21:05:16.630+0300] {dagbag.py:541} INFO - Filling up the DagBag from /home/paulet/anaconda3/lib/python3.10/site-packages/airflow/example_dags/example_trigger_controller_dag.py
[2023-10-04T21:05:16.637+0300] {processor.py:836} INFO - DAG(s) dict_keys(['example_trigger_controller_dag']) retrieved from /home/paulet/anaconda3/lib/python3.10/site-packages/airflow/example_dags/example_trigger_controller_dag.py
[2023-10-04T21:05:16.663+0300] {logging_mixin.py:149} INFO - [2023-10-04T21:05:16.662+0300] {dag.py:2726} INFO - Sync 1 DAGs
[2023-10-04T21:05:16.686+0300] {logging_mixin.py:149} INFO - [2023-10-04T21:05:16.686+0300] {dag.py:3486} INFO - Setting next_dagrun for example_trigger_controller_dag to 2021-01-01T00:00:00+00:00, run_after=2021-01-01T00:00:00+00:00
[2023-10-04T21:05:16.836+0300] {processor.py:179} INFO - Processing /home/paulet/anaconda3/lib/python3.10/site-packages/airflow/example_dags/example_trigger_controller_dag.py took 0.212 seconds
[2023-10-04T21:06:14.072+0300] {processor.py:157} INFO - Started process (PID=22908) to work on /home/paulet/anaconda3/lib/python3.10/site-packages/airflow/example_dags/example_trigger_controller_dag.py
[2023-10-04T21:06:14.074+0300] {processor.py:826} INFO - Processing file /home/paulet/anaconda3/lib/python3.10/site-packages/airflow/example_dags/example_trigger_controller_dag.py for tasks to queue
[2023-10-04T21:06:14.075+0300] {logging_mixin.py:149} INFO - [2023-10-04T21:06:14.075+0300] {dagbag.py:541} INFO - Filling up the DagBag from /home/paulet/anaconda3/lib/python3.10/site-packages/airflow/example_dags/example_trigger_controller_dag.py
[2023-10-04T21:06:14.081+0300] {processor.py:836} INFO - DAG(s) dict_keys(['example_trigger_controller_dag']) retrieved from /home/paulet/anaconda3/lib/python3.10/site-packages/airflow/example_dags/example_trigger_controller_dag.py
[2023-10-04T21:06:14.107+0300] {logging_mixin.py:149} INFO - [2023-10-04T21:06:14.107+0300] {dag.py:2726} INFO - Sync 1 DAGs
[2023-10-04T21:06:14.130+0300] {logging_mixin.py:149} INFO - [2023-10-04T21:06:14.129+0300] {dag.py:3486} INFO - Setting next_dagrun for example_trigger_controller_dag to 2021-01-01T00:00:00+00:00, run_after=2021-01-01T00:00:00+00:00
[2023-10-04T21:06:14.281+0300] {processor.py:179} INFO - Processing /home/paulet/anaconda3/lib/python3.10/site-packages/airflow/example_dags/example_trigger_controller_dag.py took 0.214 seconds
[2023-10-04T21:07:10.702+0300] {processor.py:157} INFO - Started process (PID=22960) to work on /home/paulet/anaconda3/lib/python3.10/site-packages/airflow/example_dags/example_trigger_controller_dag.py
[2023-10-04T21:07:10.703+0300] {processor.py:826} INFO - Processing file /home/paulet/anaconda3/lib/python3.10/site-packages/airflow/example_dags/example_trigger_controller_dag.py for tasks to queue
[2023-10-04T21:07:10.704+0300] {logging_mixin.py:149} INFO - [2023-10-04T21:07:10.704+0300] {dagbag.py:541} INFO - Filling up the DagBag from /home/paulet/anaconda3/lib/python3.10/site-packages/airflow/example_dags/example_trigger_controller_dag.py
[2023-10-04T21:07:10.709+0300] {processor.py:836} INFO - DAG(s) dict_keys(['example_trigger_controller_dag']) retrieved from /home/paulet/anaconda3/lib/python3.10/site-packages/airflow/example_dags/example_trigger_controller_dag.py
[2023-10-04T21:07:10.731+0300] {logging_mixin.py:149} INFO - [2023-10-04T21:07:10.731+0300] {dag.py:2726} INFO - Sync 1 DAGs
[2023-10-04T21:07:10.754+0300] {logging_mixin.py:149} INFO - [2023-10-04T21:07:10.754+0300] {dag.py:3486} INFO - Setting next_dagrun for example_trigger_controller_dag to 2021-01-01T00:00:00+00:00, run_after=2021-01-01T00:00:00+00:00
[2023-10-04T21:07:10.869+0300] {processor.py:179} INFO - Processing /home/paulet/anaconda3/lib/python3.10/site-packages/airflow/example_dags/example_trigger_controller_dag.py took 0.170 seconds
[2023-10-04T21:07:58.723+0300] {processor.py:157} INFO - Started process (PID=23006) to work on /home/paulet/anaconda3/lib/python3.10/site-packages/airflow/example_dags/example_trigger_controller_dag.py
[2023-10-04T21:07:58.724+0300] {processor.py:826} INFO - Processing file /home/paulet/anaconda3/lib/python3.10/site-packages/airflow/example_dags/example_trigger_controller_dag.py for tasks to queue
[2023-10-04T21:07:58.725+0300] {logging_mixin.py:149} INFO - [2023-10-04T21:07:58.724+0300] {dagbag.py:541} INFO - Filling up the DagBag from /home/paulet/anaconda3/lib/python3.10/site-packages/airflow/example_dags/example_trigger_controller_dag.py
[2023-10-04T21:07:58.729+0300] {processor.py:836} INFO - DAG(s) dict_keys(['example_trigger_controller_dag']) retrieved from /home/paulet/anaconda3/lib/python3.10/site-packages/airflow/example_dags/example_trigger_controller_dag.py
[2023-10-04T21:07:58.752+0300] {logging_mixin.py:149} INFO - [2023-10-04T21:07:58.752+0300] {dag.py:2726} INFO - Sync 1 DAGs
[2023-10-04T21:07:58.774+0300] {logging_mixin.py:149} INFO - [2023-10-04T21:07:58.774+0300] {dag.py:3486} INFO - Setting next_dagrun for example_trigger_controller_dag to 2021-01-01T00:00:00+00:00, run_after=2021-01-01T00:00:00+00:00
[2023-10-04T21:07:58.886+0300] {processor.py:179} INFO - Processing /home/paulet/anaconda3/lib/python3.10/site-packages/airflow/example_dags/example_trigger_controller_dag.py took 0.166 seconds
[2023-10-04T21:08:48.544+0300] {processor.py:157} INFO - Started process (PID=23070) to work on /home/paulet/anaconda3/lib/python3.10/site-packages/airflow/example_dags/example_trigger_controller_dag.py
[2023-10-04T21:08:48.545+0300] {processor.py:826} INFO - Processing file /home/paulet/anaconda3/lib/python3.10/site-packages/airflow/example_dags/example_trigger_controller_dag.py for tasks to queue
[2023-10-04T21:08:48.546+0300] {logging_mixin.py:149} INFO - [2023-10-04T21:08:48.546+0300] {dagbag.py:541} INFO - Filling up the DagBag from /home/paulet/anaconda3/lib/python3.10/site-packages/airflow/example_dags/example_trigger_controller_dag.py
[2023-10-04T21:08:48.552+0300] {processor.py:836} INFO - DAG(s) dict_keys(['example_trigger_controller_dag']) retrieved from /home/paulet/anaconda3/lib/python3.10/site-packages/airflow/example_dags/example_trigger_controller_dag.py
[2023-10-04T21:08:48.578+0300] {logging_mixin.py:149} INFO - [2023-10-04T21:08:48.578+0300] {dag.py:2726} INFO - Sync 1 DAGs
[2023-10-04T21:08:48.603+0300] {logging_mixin.py:149} INFO - [2023-10-04T21:08:48.603+0300] {dag.py:3486} INFO - Setting next_dagrun for example_trigger_controller_dag to 2021-01-01T00:00:00+00:00, run_after=2021-01-01T00:00:00+00:00
[2023-10-04T21:08:48.726+0300] {processor.py:179} INFO - Processing /home/paulet/anaconda3/lib/python3.10/site-packages/airflow/example_dags/example_trigger_controller_dag.py took 0.186 seconds
[2023-10-04T21:09:38.172+0300] {processor.py:157} INFO - Started process (PID=23148) to work on /home/paulet/anaconda3/lib/python3.10/site-packages/airflow/example_dags/example_trigger_controller_dag.py
[2023-10-04T21:09:38.198+0300] {processor.py:826} INFO - Processing file /home/paulet/anaconda3/lib/python3.10/site-packages/airflow/example_dags/example_trigger_controller_dag.py for tasks to queue
[2023-10-04T21:09:38.200+0300] {logging_mixin.py:149} INFO - [2023-10-04T21:09:38.199+0300] {dagbag.py:541} INFO - Filling up the DagBag from /home/paulet/anaconda3/lib/python3.10/site-packages/airflow/example_dags/example_trigger_controller_dag.py
[2023-10-04T21:09:38.206+0300] {processor.py:836} INFO - DAG(s) dict_keys(['example_trigger_controller_dag']) retrieved from /home/paulet/anaconda3/lib/python3.10/site-packages/airflow/example_dags/example_trigger_controller_dag.py
[2023-10-04T21:09:38.235+0300] {logging_mixin.py:149} INFO - [2023-10-04T21:09:38.234+0300] {dag.py:2726} INFO - Sync 1 DAGs
[2023-10-04T21:09:38.260+0300] {logging_mixin.py:149} INFO - [2023-10-04T21:09:38.259+0300] {dag.py:3486} INFO - Setting next_dagrun for example_trigger_controller_dag to 2021-01-01T00:00:00+00:00, run_after=2021-01-01T00:00:00+00:00
[2023-10-04T21:09:38.408+0300] {processor.py:179} INFO - Processing /home/paulet/anaconda3/lib/python3.10/site-packages/airflow/example_dags/example_trigger_controller_dag.py took 0.241 seconds
[2023-10-04T21:10:28.300+0300] {processor.py:157} INFO - Started process (PID=23241) to work on /home/paulet/anaconda3/lib/python3.10/site-packages/airflow/example_dags/example_trigger_controller_dag.py
[2023-10-04T21:10:28.323+0300] {processor.py:826} INFO - Processing file /home/paulet/anaconda3/lib/python3.10/site-packages/airflow/example_dags/example_trigger_controller_dag.py for tasks to queue
[2023-10-04T21:10:28.324+0300] {logging_mixin.py:149} INFO - [2023-10-04T21:10:28.324+0300] {dagbag.py:541} INFO - Filling up the DagBag from /home/paulet/anaconda3/lib/python3.10/site-packages/airflow/example_dags/example_trigger_controller_dag.py
[2023-10-04T21:10:28.330+0300] {processor.py:836} INFO - DAG(s) dict_keys(['example_trigger_controller_dag']) retrieved from /home/paulet/anaconda3/lib/python3.10/site-packages/airflow/example_dags/example_trigger_controller_dag.py
[2023-10-04T21:10:28.357+0300] {logging_mixin.py:149} INFO - [2023-10-04T21:10:28.356+0300] {dag.py:2726} INFO - Sync 1 DAGs
[2023-10-04T21:10:28.382+0300] {logging_mixin.py:149} INFO - [2023-10-04T21:10:28.382+0300] {dag.py:3486} INFO - Setting next_dagrun for example_trigger_controller_dag to 2021-01-01T00:00:00+00:00, run_after=2021-01-01T00:00:00+00:00
[2023-10-04T21:10:28.500+0300] {processor.py:179} INFO - Processing /home/paulet/anaconda3/lib/python3.10/site-packages/airflow/example_dags/example_trigger_controller_dag.py took 0.204 seconds
[2023-10-04T21:51:38.117+0300] {processor.py:157} INFO - Started process (PID=26915) to work on /home/paulet/anaconda3/lib/python3.10/site-packages/airflow/example_dags/example_trigger_controller_dag.py
[2023-10-04T21:51:38.176+0300] {processor.py:826} INFO - Processing file /home/paulet/anaconda3/lib/python3.10/site-packages/airflow/example_dags/example_trigger_controller_dag.py for tasks to queue
[2023-10-04T21:51:38.177+0300] {logging_mixin.py:149} INFO - [2023-10-04T21:51:38.177+0300] {dagbag.py:541} INFO - Filling up the DagBag from /home/paulet/anaconda3/lib/python3.10/site-packages/airflow/example_dags/example_trigger_controller_dag.py
[2023-10-04T21:51:38.186+0300] {processor.py:836} INFO - DAG(s) dict_keys(['example_trigger_controller_dag']) retrieved from /home/paulet/anaconda3/lib/python3.10/site-packages/airflow/example_dags/example_trigger_controller_dag.py
[2023-10-04T21:51:38.217+0300] {logging_mixin.py:149} INFO - [2023-10-04T21:51:38.217+0300] {dag.py:2726} INFO - Sync 1 DAGs
[2023-10-04T21:51:38.248+0300] {logging_mixin.py:149} INFO - [2023-10-04T21:51:38.248+0300] {dag.py:3486} INFO - Setting next_dagrun for example_trigger_controller_dag to 2021-01-01T00:00:00+00:00, run_after=2021-01-01T00:00:00+00:00
[2023-10-04T21:51:38.533+0300] {processor.py:179} INFO - Processing /home/paulet/anaconda3/lib/python3.10/site-packages/airflow/example_dags/example_trigger_controller_dag.py took 0.420 seconds
[2023-10-04T21:52:47.774+0300] {processor.py:157} INFO - Started process (PID=27022) to work on /home/paulet/anaconda3/lib/python3.10/site-packages/airflow/example_dags/example_trigger_controller_dag.py
[2023-10-04T21:52:47.776+0300] {processor.py:826} INFO - Processing file /home/paulet/anaconda3/lib/python3.10/site-packages/airflow/example_dags/example_trigger_controller_dag.py for tasks to queue
[2023-10-04T21:52:47.777+0300] {logging_mixin.py:149} INFO - [2023-10-04T21:52:47.777+0300] {dagbag.py:541} INFO - Filling up the DagBag from /home/paulet/anaconda3/lib/python3.10/site-packages/airflow/example_dags/example_trigger_controller_dag.py
[2023-10-04T21:52:47.783+0300] {processor.py:836} INFO - DAG(s) dict_keys(['example_trigger_controller_dag']) retrieved from /home/paulet/anaconda3/lib/python3.10/site-packages/airflow/example_dags/example_trigger_controller_dag.py
[2023-10-04T21:52:47.807+0300] {logging_mixin.py:149} INFO - [2023-10-04T21:52:47.807+0300] {dag.py:2726} INFO - Sync 1 DAGs
[2023-10-04T21:52:47.831+0300] {logging_mixin.py:149} INFO - [2023-10-04T21:52:47.831+0300] {dag.py:3486} INFO - Setting next_dagrun for example_trigger_controller_dag to 2021-01-01T00:00:00+00:00, run_after=2021-01-01T00:00:00+00:00
[2023-10-04T21:52:47.988+0300] {processor.py:179} INFO - Processing /home/paulet/anaconda3/lib/python3.10/site-packages/airflow/example_dags/example_trigger_controller_dag.py took 0.218 seconds
[2023-10-04T21:53:43.721+0300] {processor.py:157} INFO - Started process (PID=27093) to work on /home/paulet/anaconda3/lib/python3.10/site-packages/airflow/example_dags/example_trigger_controller_dag.py
[2023-10-04T21:53:43.722+0300] {processor.py:826} INFO - Processing file /home/paulet/anaconda3/lib/python3.10/site-packages/airflow/example_dags/example_trigger_controller_dag.py for tasks to queue
[2023-10-04T21:53:43.723+0300] {logging_mixin.py:149} INFO - [2023-10-04T21:53:43.723+0300] {dagbag.py:541} INFO - Filling up the DagBag from /home/paulet/anaconda3/lib/python3.10/site-packages/airflow/example_dags/example_trigger_controller_dag.py
[2023-10-04T21:53:43.729+0300] {processor.py:836} INFO - DAG(s) dict_keys(['example_trigger_controller_dag']) retrieved from /home/paulet/anaconda3/lib/python3.10/site-packages/airflow/example_dags/example_trigger_controller_dag.py
[2023-10-04T21:53:43.756+0300] {logging_mixin.py:149} INFO - [2023-10-04T21:53:43.756+0300] {dag.py:2726} INFO - Sync 1 DAGs
[2023-10-04T21:53:43.782+0300] {logging_mixin.py:149} INFO - [2023-10-04T21:53:43.781+0300] {dag.py:3486} INFO - Setting next_dagrun for example_trigger_controller_dag to 2021-01-01T00:00:00+00:00, run_after=2021-01-01T00:00:00+00:00
[2023-10-04T21:53:43.915+0300] {processor.py:179} INFO - Processing /home/paulet/anaconda3/lib/python3.10/site-packages/airflow/example_dags/example_trigger_controller_dag.py took 0.199 seconds
[2023-10-04T21:54:48.925+0300] {processor.py:157} INFO - Started process (PID=27172) to work on /home/paulet/anaconda3/lib/python3.10/site-packages/airflow/example_dags/example_trigger_controller_dag.py
[2023-10-04T21:54:48.926+0300] {processor.py:826} INFO - Processing file /home/paulet/anaconda3/lib/python3.10/site-packages/airflow/example_dags/example_trigger_controller_dag.py for tasks to queue
[2023-10-04T21:54:48.927+0300] {logging_mixin.py:149} INFO - [2023-10-04T21:54:48.927+0300] {dagbag.py:541} INFO - Filling up the DagBag from /home/paulet/anaconda3/lib/python3.10/site-packages/airflow/example_dags/example_trigger_controller_dag.py
[2023-10-04T21:54:48.932+0300] {processor.py:836} INFO - DAG(s) dict_keys(['example_trigger_controller_dag']) retrieved from /home/paulet/anaconda3/lib/python3.10/site-packages/airflow/example_dags/example_trigger_controller_dag.py
[2023-10-04T21:54:48.958+0300] {logging_mixin.py:149} INFO - [2023-10-04T21:54:48.958+0300] {dag.py:2726} INFO - Sync 1 DAGs
[2023-10-04T21:54:48.981+0300] {logging_mixin.py:149} INFO - [2023-10-04T21:54:48.980+0300] {dag.py:3486} INFO - Setting next_dagrun for example_trigger_controller_dag to 2021-01-01T00:00:00+00:00, run_after=2021-01-01T00:00:00+00:00
[2023-10-04T21:54:49.119+0300] {processor.py:179} INFO - Processing /home/paulet/anaconda3/lib/python3.10/site-packages/airflow/example_dags/example_trigger_controller_dag.py took 0.198 seconds
[2023-10-04T21:55:45.790+0300] {processor.py:157} INFO - Started process (PID=27355) to work on /home/paulet/anaconda3/lib/python3.10/site-packages/airflow/example_dags/example_trigger_controller_dag.py
[2023-10-04T21:55:45.885+0300] {processor.py:826} INFO - Processing file /home/paulet/anaconda3/lib/python3.10/site-packages/airflow/example_dags/example_trigger_controller_dag.py for tasks to queue
[2023-10-04T21:55:45.886+0300] {logging_mixin.py:149} INFO - [2023-10-04T21:55:45.886+0300] {dagbag.py:541} INFO - Filling up the DagBag from /home/paulet/anaconda3/lib/python3.10/site-packages/airflow/example_dags/example_trigger_controller_dag.py
[2023-10-04T21:55:45.893+0300] {processor.py:836} INFO - DAG(s) dict_keys(['example_trigger_controller_dag']) retrieved from /home/paulet/anaconda3/lib/python3.10/site-packages/airflow/example_dags/example_trigger_controller_dag.py
[2023-10-04T21:55:45.922+0300] {logging_mixin.py:149} INFO - [2023-10-04T21:55:45.922+0300] {dag.py:2726} INFO - Sync 1 DAGs
[2023-10-04T21:55:45.949+0300] {logging_mixin.py:149} INFO - [2023-10-04T21:55:45.949+0300] {dag.py:3486} INFO - Setting next_dagrun for example_trigger_controller_dag to 2021-01-01T00:00:00+00:00, run_after=2021-01-01T00:00:00+00:00
[2023-10-04T21:55:47.278+0300] {processor.py:179} INFO - Processing /home/paulet/anaconda3/lib/python3.10/site-packages/airflow/example_dags/example_trigger_controller_dag.py took 1.492 seconds
