[2023-10-04T18:09:54.655+0300] {processor.py:157} INFO - Started process (PID=14271) to work on /home/paulet/anaconda3/lib/python3.10/site-packages/airflow/example_dags/example_params_ui_tutorial.py
[2023-10-04T18:09:54.656+0300] {processor.py:826} INFO - Processing file /home/paulet/anaconda3/lib/python3.10/site-packages/airflow/example_dags/example_params_ui_tutorial.py for tasks to queue
[2023-10-04T18:09:54.657+0300] {logging_mixin.py:149} INFO - [2023-10-04T18:09:54.657+0300] {dagbag.py:541} INFO - Filling up the DagBag from /home/paulet/anaconda3/lib/python3.10/site-packages/airflow/example_dags/example_params_ui_tutorial.py
[2023-10-04T18:09:54.705+0300] {processor.py:836} INFO - DAG(s) dict_keys(['example_params_ui_tutorial']) retrieved from /home/paulet/anaconda3/lib/python3.10/site-packages/airflow/example_dags/example_params_ui_tutorial.py
[2023-10-04T18:09:55.100+0300] {logging_mixin.py:149} INFO - [2023-10-04T18:09:55.099+0300] {manager.py:504} INFO - Created Permission View: can edit on DAG:example_params_ui_tutorial
[2023-10-04T18:09:55.226+0300] {logging_mixin.py:149} INFO - [2023-10-04T18:09:55.225+0300] {manager.py:504} INFO - Created Permission View: can read on DAG:example_params_ui_tutorial
[2023-10-04T18:09:55.359+0300] {logging_mixin.py:149} INFO - [2023-10-04T18:09:55.358+0300] {manager.py:504} INFO - Created Permission View: can delete on DAG:example_params_ui_tutorial
[2023-10-04T18:09:55.360+0300] {logging_mixin.py:149} INFO - [2023-10-04T18:09:55.360+0300] {dag.py:2726} INFO - Sync 1 DAGs
[2023-10-04T18:09:55.378+0300] {logging_mixin.py:149} INFO - [2023-10-04T18:09:55.377+0300] {dag.py:2747} INFO - Creating ORM DAG for example_params_ui_tutorial
[2023-10-04T18:09:55.388+0300] {logging_mixin.py:149} INFO - [2023-10-04T18:09:55.388+0300] {dag.py:3486} INFO - Setting next_dagrun for example_params_ui_tutorial to None, run_after=None
[2023-10-04T18:09:55.599+0300] {processor.py:179} INFO - Processing /home/paulet/anaconda3/lib/python3.10/site-packages/airflow/example_dags/example_params_ui_tutorial.py took 0.949 seconds
[2023-10-04T18:11:31.544+0300] {processor.py:157} INFO - Started process (PID=14787) to work on /home/paulet/anaconda3/lib/python3.10/site-packages/airflow/example_dags/example_params_ui_tutorial.py
[2023-10-04T18:11:31.546+0300] {processor.py:826} INFO - Processing file /home/paulet/anaconda3/lib/python3.10/site-packages/airflow/example_dags/example_params_ui_tutorial.py for tasks to queue
[2023-10-04T18:11:31.547+0300] {logging_mixin.py:149} INFO - [2023-10-04T18:11:31.546+0300] {dagbag.py:541} INFO - Filling up the DagBag from /home/paulet/anaconda3/lib/python3.10/site-packages/airflow/example_dags/example_params_ui_tutorial.py
[2023-10-04T18:11:31.594+0300] {processor.py:836} INFO - DAG(s) dict_keys(['example_params_ui_tutorial']) retrieved from /home/paulet/anaconda3/lib/python3.10/site-packages/airflow/example_dags/example_params_ui_tutorial.py
[2023-10-04T18:11:31.659+0300] {logging_mixin.py:149} INFO - [2023-10-04T18:11:31.659+0300] {dag.py:2726} INFO - Sync 1 DAGs
[2023-10-04T18:11:31.682+0300] {logging_mixin.py:149} INFO - [2023-10-04T18:11:31.682+0300] {dag.py:3486} INFO - Setting next_dagrun for example_params_ui_tutorial to None, run_after=None
[2023-10-04T18:11:31.799+0300] {processor.py:179} INFO - Processing /home/paulet/anaconda3/lib/python3.10/site-packages/airflow/example_dags/example_params_ui_tutorial.py took 0.259 seconds
[2023-10-04T18:14:12.132+0300] {processor.py:157} INFO - Started process (PID=16023) to work on /home/paulet/anaconda3/lib/python3.10/site-packages/airflow/example_dags/example_params_ui_tutorial.py
[2023-10-04T18:14:12.134+0300] {processor.py:826} INFO - Processing file /home/paulet/anaconda3/lib/python3.10/site-packages/airflow/example_dags/example_params_ui_tutorial.py for tasks to queue
[2023-10-04T18:14:12.135+0300] {logging_mixin.py:149} INFO - [2023-10-04T18:14:12.135+0300] {dagbag.py:541} INFO - Filling up the DagBag from /home/paulet/anaconda3/lib/python3.10/site-packages/airflow/example_dags/example_params_ui_tutorial.py
[2023-10-04T18:14:12.186+0300] {processor.py:836} INFO - DAG(s) dict_keys(['example_params_ui_tutorial']) retrieved from /home/paulet/anaconda3/lib/python3.10/site-packages/airflow/example_dags/example_params_ui_tutorial.py
[2023-10-04T18:14:12.256+0300] {logging_mixin.py:149} INFO - [2023-10-04T18:14:12.255+0300] {dag.py:2726} INFO - Sync 1 DAGs
[2023-10-04T18:14:12.280+0300] {logging_mixin.py:149} INFO - [2023-10-04T18:14:12.279+0300] {dag.py:3486} INFO - Setting next_dagrun for example_params_ui_tutorial to None, run_after=None
[2023-10-04T18:14:12.396+0300] {processor.py:179} INFO - Processing /home/paulet/anaconda3/lib/python3.10/site-packages/airflow/example_dags/example_params_ui_tutorial.py took 0.268 seconds
[2023-10-04T18:15:23.397+0300] {processor.py:157} INFO - Started process (PID=16100) to work on /home/paulet/anaconda3/lib/python3.10/site-packages/airflow/example_dags/example_params_ui_tutorial.py
[2023-10-04T18:15:23.410+0300] {processor.py:826} INFO - Processing file /home/paulet/anaconda3/lib/python3.10/site-packages/airflow/example_dags/example_params_ui_tutorial.py for tasks to queue
[2023-10-04T18:15:23.411+0300] {logging_mixin.py:149} INFO - [2023-10-04T18:15:23.411+0300] {dagbag.py:541} INFO - Filling up the DagBag from /home/paulet/anaconda3/lib/python3.10/site-packages/airflow/example_dags/example_params_ui_tutorial.py
[2023-10-04T18:15:23.463+0300] {processor.py:836} INFO - DAG(s) dict_keys(['example_params_ui_tutorial']) retrieved from /home/paulet/anaconda3/lib/python3.10/site-packages/airflow/example_dags/example_params_ui_tutorial.py
[2023-10-04T18:15:23.531+0300] {logging_mixin.py:149} INFO - [2023-10-04T18:15:23.531+0300] {dag.py:2726} INFO - Sync 1 DAGs
[2023-10-04T18:15:23.557+0300] {logging_mixin.py:149} INFO - [2023-10-04T18:15:23.557+0300] {dag.py:3486} INFO - Setting next_dagrun for example_params_ui_tutorial to None, run_after=None
[2023-10-04T18:15:23.683+0300] {processor.py:179} INFO - Processing /home/paulet/anaconda3/lib/python3.10/site-packages/airflow/example_dags/example_params_ui_tutorial.py took 0.291 seconds
[2023-10-04T18:16:46.621+0300] {processor.py:157} INFO - Started process (PID=16175) to work on /home/paulet/anaconda3/lib/python3.10/site-packages/airflow/example_dags/example_params_ui_tutorial.py
[2023-10-04T18:16:48.583+0300] {processor.py:826} INFO - Processing file /home/paulet/anaconda3/lib/python3.10/site-packages/airflow/example_dags/example_params_ui_tutorial.py for tasks to queue
[2023-10-04T18:16:48.584+0300] {logging_mixin.py:149} INFO - [2023-10-04T18:16:48.584+0300] {dagbag.py:541} INFO - Filling up the DagBag from /home/paulet/anaconda3/lib/python3.10/site-packages/airflow/example_dags/example_params_ui_tutorial.py
[2023-10-04T18:16:48.636+0300] {processor.py:836} INFO - DAG(s) dict_keys(['example_params_ui_tutorial']) retrieved from /home/paulet/anaconda3/lib/python3.10/site-packages/airflow/example_dags/example_params_ui_tutorial.py
[2023-10-04T18:16:48.717+0300] {logging_mixin.py:149} INFO - [2023-10-04T18:16:48.717+0300] {dag.py:2726} INFO - Sync 1 DAGs
[2023-10-04T18:16:48.739+0300] {logging_mixin.py:149} INFO - [2023-10-04T18:16:48.739+0300] {dag.py:3486} INFO - Setting next_dagrun for example_params_ui_tutorial to None, run_after=None
[2023-10-04T18:16:49.017+0300] {processor.py:179} INFO - Processing /home/paulet/anaconda3/lib/python3.10/site-packages/airflow/example_dags/example_params_ui_tutorial.py took 2.401 seconds
[2023-10-04T21:00:51.769+0300] {processor.py:157} INFO - Started process (PID=22445) to work on /home/paulet/anaconda3/lib/python3.10/site-packages/airflow/example_dags/example_params_ui_tutorial.py
[2023-10-04T21:00:51.785+0300] {processor.py:826} INFO - Processing file /home/paulet/anaconda3/lib/python3.10/site-packages/airflow/example_dags/example_params_ui_tutorial.py for tasks to queue
[2023-10-04T21:00:51.786+0300] {logging_mixin.py:149} INFO - [2023-10-04T21:00:51.786+0300] {dagbag.py:541} INFO - Filling up the DagBag from /home/paulet/anaconda3/lib/python3.10/site-packages/airflow/example_dags/example_params_ui_tutorial.py
[2023-10-04T21:00:51.840+0300] {processor.py:836} INFO - DAG(s) dict_keys(['example_params_ui_tutorial']) retrieved from /home/paulet/anaconda3/lib/python3.10/site-packages/airflow/example_dags/example_params_ui_tutorial.py
[2023-10-04T21:00:51.910+0300] {logging_mixin.py:149} INFO - [2023-10-04T21:00:51.910+0300] {dag.py:2726} INFO - Sync 1 DAGs
[2023-10-04T21:00:51.934+0300] {logging_mixin.py:149} INFO - [2023-10-04T21:00:51.934+0300] {dag.py:3486} INFO - Setting next_dagrun for example_params_ui_tutorial to None, run_after=None
[2023-10-04T21:00:52.075+0300] {processor.py:179} INFO - Processing /home/paulet/anaconda3/lib/python3.10/site-packages/airflow/example_dags/example_params_ui_tutorial.py took 0.311 seconds
[2023-10-04T21:02:06.097+0300] {processor.py:157} INFO - Started process (PID=22639) to work on /home/paulet/anaconda3/lib/python3.10/site-packages/airflow/example_dags/example_params_ui_tutorial.py
[2023-10-04T21:02:06.099+0300] {processor.py:826} INFO - Processing file /home/paulet/anaconda3/lib/python3.10/site-packages/airflow/example_dags/example_params_ui_tutorial.py for tasks to queue
[2023-10-04T21:02:06.100+0300] {logging_mixin.py:149} INFO - [2023-10-04T21:02:06.100+0300] {dagbag.py:541} INFO - Filling up the DagBag from /home/paulet/anaconda3/lib/python3.10/site-packages/airflow/example_dags/example_params_ui_tutorial.py
[2023-10-04T21:02:06.148+0300] {processor.py:836} INFO - DAG(s) dict_keys(['example_params_ui_tutorial']) retrieved from /home/paulet/anaconda3/lib/python3.10/site-packages/airflow/example_dags/example_params_ui_tutorial.py
[2023-10-04T21:02:06.214+0300] {logging_mixin.py:149} INFO - [2023-10-04T21:02:06.213+0300] {dag.py:2726} INFO - Sync 1 DAGs
[2023-10-04T21:02:06.236+0300] {logging_mixin.py:149} INFO - [2023-10-04T21:02:06.236+0300] {dag.py:3486} INFO - Setting next_dagrun for example_params_ui_tutorial to None, run_after=None
[2023-10-04T21:02:06.390+0300] {processor.py:179} INFO - Processing /home/paulet/anaconda3/lib/python3.10/site-packages/airflow/example_dags/example_params_ui_tutorial.py took 0.298 seconds
[2023-10-04T21:03:02.560+0300] {processor.py:157} INFO - Started process (PID=22690) to work on /home/paulet/anaconda3/lib/python3.10/site-packages/airflow/example_dags/example_params_ui_tutorial.py
[2023-10-04T21:03:02.561+0300] {processor.py:826} INFO - Processing file /home/paulet/anaconda3/lib/python3.10/site-packages/airflow/example_dags/example_params_ui_tutorial.py for tasks to queue
[2023-10-04T21:03:02.562+0300] {logging_mixin.py:149} INFO - [2023-10-04T21:03:02.562+0300] {dagbag.py:541} INFO - Filling up the DagBag from /home/paulet/anaconda3/lib/python3.10/site-packages/airflow/example_dags/example_params_ui_tutorial.py
[2023-10-04T21:03:02.605+0300] {processor.py:836} INFO - DAG(s) dict_keys(['example_params_ui_tutorial']) retrieved from /home/paulet/anaconda3/lib/python3.10/site-packages/airflow/example_dags/example_params_ui_tutorial.py
[2023-10-04T21:03:02.670+0300] {logging_mixin.py:149} INFO - [2023-10-04T21:03:02.670+0300] {dag.py:2726} INFO - Sync 1 DAGs
[2023-10-04T21:03:02.695+0300] {logging_mixin.py:149} INFO - [2023-10-04T21:03:02.695+0300] {dag.py:3486} INFO - Setting next_dagrun for example_params_ui_tutorial to None, run_after=None
[2023-10-04T21:03:02.898+0300] {processor.py:179} INFO - Processing /home/paulet/anaconda3/lib/python3.10/site-packages/airflow/example_dags/example_params_ui_tutorial.py took 0.343 seconds
[2023-10-04T21:03:59.348+0300] {processor.py:157} INFO - Started process (PID=22741) to work on /home/paulet/anaconda3/lib/python3.10/site-packages/airflow/example_dags/example_params_ui_tutorial.py
[2023-10-04T21:03:59.350+0300] {processor.py:826} INFO - Processing file /home/paulet/anaconda3/lib/python3.10/site-packages/airflow/example_dags/example_params_ui_tutorial.py for tasks to queue
[2023-10-04T21:03:59.351+0300] {logging_mixin.py:149} INFO - [2023-10-04T21:03:59.351+0300] {dagbag.py:541} INFO - Filling up the DagBag from /home/paulet/anaconda3/lib/python3.10/site-packages/airflow/example_dags/example_params_ui_tutorial.py
[2023-10-04T21:03:59.399+0300] {processor.py:836} INFO - DAG(s) dict_keys(['example_params_ui_tutorial']) retrieved from /home/paulet/anaconda3/lib/python3.10/site-packages/airflow/example_dags/example_params_ui_tutorial.py
[2023-10-04T21:03:59.464+0300] {logging_mixin.py:149} INFO - [2023-10-04T21:03:59.464+0300] {dag.py:2726} INFO - Sync 1 DAGs
[2023-10-04T21:03:59.487+0300] {logging_mixin.py:149} INFO - [2023-10-04T21:03:59.487+0300] {dag.py:3486} INFO - Setting next_dagrun for example_params_ui_tutorial to None, run_after=None
[2023-10-04T21:03:59.622+0300] {processor.py:179} INFO - Processing /home/paulet/anaconda3/lib/python3.10/site-packages/airflow/example_dags/example_params_ui_tutorial.py took 0.278 seconds
[2023-10-04T21:04:56.589+0300] {processor.py:157} INFO - Started process (PID=22815) to work on /home/paulet/anaconda3/lib/python3.10/site-packages/airflow/example_dags/example_params_ui_tutorial.py
[2023-10-04T21:04:56.617+0300] {processor.py:826} INFO - Processing file /home/paulet/anaconda3/lib/python3.10/site-packages/airflow/example_dags/example_params_ui_tutorial.py for tasks to queue
[2023-10-04T21:04:56.618+0300] {logging_mixin.py:149} INFO - [2023-10-04T21:04:56.618+0300] {dagbag.py:541} INFO - Filling up the DagBag from /home/paulet/anaconda3/lib/python3.10/site-packages/airflow/example_dags/example_params_ui_tutorial.py
[2023-10-04T21:04:56.670+0300] {processor.py:836} INFO - DAG(s) dict_keys(['example_params_ui_tutorial']) retrieved from /home/paulet/anaconda3/lib/python3.10/site-packages/airflow/example_dags/example_params_ui_tutorial.py
[2023-10-04T21:04:56.738+0300] {logging_mixin.py:149} INFO - [2023-10-04T21:04:56.738+0300] {dag.py:2726} INFO - Sync 1 DAGs
[2023-10-04T21:04:56.762+0300] {logging_mixin.py:149} INFO - [2023-10-04T21:04:56.762+0300] {dag.py:3486} INFO - Setting next_dagrun for example_params_ui_tutorial to None, run_after=None
[2023-10-04T21:04:56.873+0300] {processor.py:179} INFO - Processing /home/paulet/anaconda3/lib/python3.10/site-packages/airflow/example_dags/example_params_ui_tutorial.py took 0.288 seconds
[2023-10-04T21:05:53.244+0300] {processor.py:157} INFO - Started process (PID=22892) to work on /home/paulet/anaconda3/lib/python3.10/site-packages/airflow/example_dags/example_params_ui_tutorial.py
[2023-10-04T21:05:53.246+0300] {processor.py:826} INFO - Processing file /home/paulet/anaconda3/lib/python3.10/site-packages/airflow/example_dags/example_params_ui_tutorial.py for tasks to queue
[2023-10-04T21:05:53.247+0300] {logging_mixin.py:149} INFO - [2023-10-04T21:05:53.247+0300] {dagbag.py:541} INFO - Filling up the DagBag from /home/paulet/anaconda3/lib/python3.10/site-packages/airflow/example_dags/example_params_ui_tutorial.py
[2023-10-04T21:05:53.295+0300] {processor.py:836} INFO - DAG(s) dict_keys(['example_params_ui_tutorial']) retrieved from /home/paulet/anaconda3/lib/python3.10/site-packages/airflow/example_dags/example_params_ui_tutorial.py
[2023-10-04T21:05:53.360+0300] {logging_mixin.py:149} INFO - [2023-10-04T21:05:53.359+0300] {dag.py:2726} INFO - Sync 1 DAGs
[2023-10-04T21:05:53.383+0300] {logging_mixin.py:149} INFO - [2023-10-04T21:05:53.383+0300] {dag.py:3486} INFO - Setting next_dagrun for example_params_ui_tutorial to None, run_after=None
[2023-10-04T21:05:53.505+0300] {processor.py:179} INFO - Processing /home/paulet/anaconda3/lib/python3.10/site-packages/airflow/example_dags/example_params_ui_tutorial.py took 0.265 seconds
[2023-10-04T21:06:51.593+0300] {processor.py:157} INFO - Started process (PID=22944) to work on /home/paulet/anaconda3/lib/python3.10/site-packages/airflow/example_dags/example_params_ui_tutorial.py
[2023-10-04T21:06:51.634+0300] {processor.py:826} INFO - Processing file /home/paulet/anaconda3/lib/python3.10/site-packages/airflow/example_dags/example_params_ui_tutorial.py for tasks to queue
[2023-10-04T21:06:51.635+0300] {logging_mixin.py:149} INFO - [2023-10-04T21:06:51.635+0300] {dagbag.py:541} INFO - Filling up the DagBag from /home/paulet/anaconda3/lib/python3.10/site-packages/airflow/example_dags/example_params_ui_tutorial.py
[2023-10-04T21:06:51.691+0300] {processor.py:836} INFO - DAG(s) dict_keys(['example_params_ui_tutorial']) retrieved from /home/paulet/anaconda3/lib/python3.10/site-packages/airflow/example_dags/example_params_ui_tutorial.py
[2023-10-04T21:06:51.758+0300] {logging_mixin.py:149} INFO - [2023-10-04T21:06:51.757+0300] {dag.py:2726} INFO - Sync 1 DAGs
[2023-10-04T21:06:51.780+0300] {logging_mixin.py:149} INFO - [2023-10-04T21:06:51.779+0300] {dag.py:3486} INFO - Setting next_dagrun for example_params_ui_tutorial to None, run_after=None
[2023-10-04T21:06:51.917+0300] {processor.py:179} INFO - Processing /home/paulet/anaconda3/lib/python3.10/site-packages/airflow/example_dags/example_params_ui_tutorial.py took 0.328 seconds
[2023-10-04T21:07:41.976+0300] {processor.py:157} INFO - Started process (PID=22992) to work on /home/paulet/anaconda3/lib/python3.10/site-packages/airflow/example_dags/example_params_ui_tutorial.py
[2023-10-04T21:07:41.978+0300] {processor.py:826} INFO - Processing file /home/paulet/anaconda3/lib/python3.10/site-packages/airflow/example_dags/example_params_ui_tutorial.py for tasks to queue
[2023-10-04T21:07:41.979+0300] {logging_mixin.py:149} INFO - [2023-10-04T21:07:41.978+0300] {dagbag.py:541} INFO - Filling up the DagBag from /home/paulet/anaconda3/lib/python3.10/site-packages/airflow/example_dags/example_params_ui_tutorial.py
[2023-10-04T21:07:42.027+0300] {processor.py:836} INFO - DAG(s) dict_keys(['example_params_ui_tutorial']) retrieved from /home/paulet/anaconda3/lib/python3.10/site-packages/airflow/example_dags/example_params_ui_tutorial.py
[2023-10-04T21:07:42.095+0300] {logging_mixin.py:149} INFO - [2023-10-04T21:07:42.095+0300] {dag.py:2726} INFO - Sync 1 DAGs
[2023-10-04T21:07:42.118+0300] {logging_mixin.py:149} INFO - [2023-10-04T21:07:42.118+0300] {dag.py:3486} INFO - Setting next_dagrun for example_params_ui_tutorial to None, run_after=None
[2023-10-04T21:07:42.250+0300] {processor.py:179} INFO - Processing /home/paulet/anaconda3/lib/python3.10/site-packages/airflow/example_dags/example_params_ui_tutorial.py took 0.279 seconds
[2023-10-04T21:08:55.484+0300] {processor.py:157} INFO - Started process (PID=23081) to work on /home/paulet/anaconda3/lib/python3.10/site-packages/airflow/example_dags/example_params_ui_tutorial.py
[2023-10-04T21:08:55.485+0300] {processor.py:826} INFO - Processing file /home/paulet/anaconda3/lib/python3.10/site-packages/airflow/example_dags/example_params_ui_tutorial.py for tasks to queue
[2023-10-04T21:08:55.486+0300] {logging_mixin.py:149} INFO - [2023-10-04T21:08:55.486+0300] {dagbag.py:541} INFO - Filling up the DagBag from /home/paulet/anaconda3/lib/python3.10/site-packages/airflow/example_dags/example_params_ui_tutorial.py
[2023-10-04T21:08:55.535+0300] {processor.py:836} INFO - DAG(s) dict_keys(['example_params_ui_tutorial']) retrieved from /home/paulet/anaconda3/lib/python3.10/site-packages/airflow/example_dags/example_params_ui_tutorial.py
[2023-10-04T21:08:55.600+0300] {logging_mixin.py:149} INFO - [2023-10-04T21:08:55.600+0300] {dag.py:2726} INFO - Sync 1 DAGs
[2023-10-04T21:08:55.623+0300] {logging_mixin.py:149} INFO - [2023-10-04T21:08:55.622+0300] {dag.py:3486} INFO - Setting next_dagrun for example_params_ui_tutorial to None, run_after=None
[2023-10-04T21:08:55.745+0300] {processor.py:179} INFO - Processing /home/paulet/anaconda3/lib/python3.10/site-packages/airflow/example_dags/example_params_ui_tutorial.py took 0.266 seconds
[2023-10-04T21:09:44.850+0300] {processor.py:157} INFO - Started process (PID=23167) to work on /home/paulet/anaconda3/lib/python3.10/site-packages/airflow/example_dags/example_params_ui_tutorial.py
[2023-10-04T21:09:44.874+0300] {processor.py:826} INFO - Processing file /home/paulet/anaconda3/lib/python3.10/site-packages/airflow/example_dags/example_params_ui_tutorial.py for tasks to queue
[2023-10-04T21:09:44.876+0300] {logging_mixin.py:149} INFO - [2023-10-04T21:09:44.876+0300] {dagbag.py:541} INFO - Filling up the DagBag from /home/paulet/anaconda3/lib/python3.10/site-packages/airflow/example_dags/example_params_ui_tutorial.py
[2023-10-04T21:09:44.931+0300] {processor.py:836} INFO - DAG(s) dict_keys(['example_params_ui_tutorial']) retrieved from /home/paulet/anaconda3/lib/python3.10/site-packages/airflow/example_dags/example_params_ui_tutorial.py
[2023-10-04T21:09:45.002+0300] {logging_mixin.py:149} INFO - [2023-10-04T21:09:45.002+0300] {dag.py:2726} INFO - Sync 1 DAGs
[2023-10-04T21:09:45.029+0300] {logging_mixin.py:149} INFO - [2023-10-04T21:09:45.029+0300] {dag.py:3486} INFO - Setting next_dagrun for example_params_ui_tutorial to None, run_after=None
[2023-10-04T21:09:45.160+0300] {processor.py:179} INFO - Processing /home/paulet/anaconda3/lib/python3.10/site-packages/airflow/example_dags/example_params_ui_tutorial.py took 0.314 seconds
[2023-10-04T21:10:34.988+0300] {processor.py:157} INFO - Started process (PID=23251) to work on /home/paulet/anaconda3/lib/python3.10/site-packages/airflow/example_dags/example_params_ui_tutorial.py
[2023-10-04T21:10:35.000+0300] {processor.py:826} INFO - Processing file /home/paulet/anaconda3/lib/python3.10/site-packages/airflow/example_dags/example_params_ui_tutorial.py for tasks to queue
[2023-10-04T21:10:35.001+0300] {logging_mixin.py:149} INFO - [2023-10-04T21:10:35.000+0300] {dagbag.py:541} INFO - Filling up the DagBag from /home/paulet/anaconda3/lib/python3.10/site-packages/airflow/example_dags/example_params_ui_tutorial.py
[2023-10-04T21:10:35.047+0300] {processor.py:836} INFO - DAG(s) dict_keys(['example_params_ui_tutorial']) retrieved from /home/paulet/anaconda3/lib/python3.10/site-packages/airflow/example_dags/example_params_ui_tutorial.py
[2023-10-04T21:10:35.118+0300] {logging_mixin.py:149} INFO - [2023-10-04T21:10:35.118+0300] {dag.py:2726} INFO - Sync 1 DAGs
[2023-10-04T21:10:35.141+0300] {logging_mixin.py:149} INFO - [2023-10-04T21:10:35.141+0300] {dag.py:3486} INFO - Setting next_dagrun for example_params_ui_tutorial to None, run_after=None
[2023-10-04T21:10:35.252+0300] {processor.py:179} INFO - Processing /home/paulet/anaconda3/lib/python3.10/site-packages/airflow/example_dags/example_params_ui_tutorial.py took 0.268 seconds
[2023-10-04T21:52:17.268+0300] {processor.py:157} INFO - Started process (PID=26956) to work on /home/paulet/anaconda3/lib/python3.10/site-packages/airflow/example_dags/example_params_ui_tutorial.py
[2023-10-04T21:52:17.295+0300] {processor.py:826} INFO - Processing file /home/paulet/anaconda3/lib/python3.10/site-packages/airflow/example_dags/example_params_ui_tutorial.py for tasks to queue
[2023-10-04T21:52:17.296+0300] {logging_mixin.py:149} INFO - [2023-10-04T21:52:17.296+0300] {dagbag.py:541} INFO - Filling up the DagBag from /home/paulet/anaconda3/lib/python3.10/site-packages/airflow/example_dags/example_params_ui_tutorial.py
[2023-10-04T21:52:17.351+0300] {processor.py:836} INFO - DAG(s) dict_keys(['example_params_ui_tutorial']) retrieved from /home/paulet/anaconda3/lib/python3.10/site-packages/airflow/example_dags/example_params_ui_tutorial.py
[2023-10-04T21:52:17.422+0300] {logging_mixin.py:149} INFO - [2023-10-04T21:52:17.422+0300] {dag.py:2726} INFO - Sync 1 DAGs
[2023-10-04T21:52:17.447+0300] {logging_mixin.py:149} INFO - [2023-10-04T21:52:17.447+0300] {dag.py:3486} INFO - Setting next_dagrun for example_params_ui_tutorial to None, run_after=None
[2023-10-04T21:52:17.665+0300] {processor.py:179} INFO - Processing /home/paulet/anaconda3/lib/python3.10/site-packages/airflow/example_dags/example_params_ui_tutorial.py took 0.402 seconds
[2023-10-04T21:53:15.336+0300] {processor.py:157} INFO - Started process (PID=27051) to work on /home/paulet/anaconda3/lib/python3.10/site-packages/airflow/example_dags/example_params_ui_tutorial.py
[2023-10-04T21:53:15.357+0300] {processor.py:826} INFO - Processing file /home/paulet/anaconda3/lib/python3.10/site-packages/airflow/example_dags/example_params_ui_tutorial.py for tasks to queue
[2023-10-04T21:53:15.359+0300] {logging_mixin.py:149} INFO - [2023-10-04T21:53:15.358+0300] {dagbag.py:541} INFO - Filling up the DagBag from /home/paulet/anaconda3/lib/python3.10/site-packages/airflow/example_dags/example_params_ui_tutorial.py
[2023-10-04T21:53:15.412+0300] {processor.py:836} INFO - DAG(s) dict_keys(['example_params_ui_tutorial']) retrieved from /home/paulet/anaconda3/lib/python3.10/site-packages/airflow/example_dags/example_params_ui_tutorial.py
[2023-10-04T21:53:15.478+0300] {logging_mixin.py:149} INFO - [2023-10-04T21:53:15.478+0300] {dag.py:2726} INFO - Sync 1 DAGs
[2023-10-04T21:53:15.500+0300] {logging_mixin.py:149} INFO - [2023-10-04T21:53:15.500+0300] {dag.py:3486} INFO - Setting next_dagrun for example_params_ui_tutorial to None, run_after=None
[2023-10-04T21:53:15.624+0300] {processor.py:179} INFO - Processing /home/paulet/anaconda3/lib/python3.10/site-packages/airflow/example_dags/example_params_ui_tutorial.py took 0.293 seconds
[2023-10-04T21:54:19.177+0300] {processor.py:157} INFO - Started process (PID=27149) to work on /home/paulet/anaconda3/lib/python3.10/site-packages/airflow/example_dags/example_params_ui_tutorial.py
[2023-10-04T21:54:19.192+0300] {processor.py:826} INFO - Processing file /home/paulet/anaconda3/lib/python3.10/site-packages/airflow/example_dags/example_params_ui_tutorial.py for tasks to queue
[2023-10-04T21:54:19.193+0300] {logging_mixin.py:149} INFO - [2023-10-04T21:54:19.193+0300] {dagbag.py:541} INFO - Filling up the DagBag from /home/paulet/anaconda3/lib/python3.10/site-packages/airflow/example_dags/example_params_ui_tutorial.py
[2023-10-04T21:54:19.244+0300] {processor.py:836} INFO - DAG(s) dict_keys(['example_params_ui_tutorial']) retrieved from /home/paulet/anaconda3/lib/python3.10/site-packages/airflow/example_dags/example_params_ui_tutorial.py
[2023-10-04T21:54:19.318+0300] {logging_mixin.py:149} INFO - [2023-10-04T21:54:19.318+0300] {dag.py:2726} INFO - Sync 1 DAGs
[2023-10-04T21:54:19.345+0300] {logging_mixin.py:149} INFO - [2023-10-04T21:54:19.344+0300] {dag.py:3486} INFO - Setting next_dagrun for example_params_ui_tutorial to None, run_after=None
[2023-10-04T21:54:19.482+0300] {processor.py:179} INFO - Processing /home/paulet/anaconda3/lib/python3.10/site-packages/airflow/example_dags/example_params_ui_tutorial.py took 0.309 seconds
[2023-10-04T21:55:14.278+0300] {processor.py:157} INFO - Started process (PID=27207) to work on /home/paulet/anaconda3/lib/python3.10/site-packages/airflow/example_dags/example_params_ui_tutorial.py
[2023-10-04T21:55:14.287+0300] {processor.py:826} INFO - Processing file /home/paulet/anaconda3/lib/python3.10/site-packages/airflow/example_dags/example_params_ui_tutorial.py for tasks to queue
[2023-10-04T21:55:14.288+0300] {logging_mixin.py:149} INFO - [2023-10-04T21:55:14.288+0300] {dagbag.py:541} INFO - Filling up the DagBag from /home/paulet/anaconda3/lib/python3.10/site-packages/airflow/example_dags/example_params_ui_tutorial.py
[2023-10-04T21:55:14.339+0300] {processor.py:836} INFO - DAG(s) dict_keys(['example_params_ui_tutorial']) retrieved from /home/paulet/anaconda3/lib/python3.10/site-packages/airflow/example_dags/example_params_ui_tutorial.py
[2023-10-04T21:55:14.418+0300] {logging_mixin.py:149} INFO - [2023-10-04T21:55:14.418+0300] {dag.py:2726} INFO - Sync 1 DAGs
[2023-10-04T21:55:14.442+0300] {logging_mixin.py:149} INFO - [2023-10-04T21:55:14.442+0300] {dag.py:3486} INFO - Setting next_dagrun for example_params_ui_tutorial to None, run_after=None
[2023-10-04T21:55:14.557+0300] {processor.py:179} INFO - Processing /home/paulet/anaconda3/lib/python3.10/site-packages/airflow/example_dags/example_params_ui_tutorial.py took 0.282 seconds
