[2023-10-04T18:09:58.197+0300] {processor.py:157} INFO - Started process (PID=14288) to work on /home/paulet/anaconda3/lib/python3.10/site-packages/airflow/example_dags/example_branch_operator_decorator.py
[2023-10-04T18:09:58.198+0300] {processor.py:826} INFO - Processing file /home/paulet/anaconda3/lib/python3.10/site-packages/airflow/example_dags/example_branch_operator_decorator.py for tasks to queue
[2023-10-04T18:09:58.199+0300] {logging_mixin.py:149} INFO - [2023-10-04T18:09:58.198+0300] {dagbag.py:541} INFO - Filling up the DagBag from /home/paulet/anaconda3/lib/python3.10/site-packages/airflow/example_dags/example_branch_operator_decorator.py
[2023-10-04T18:09:58.216+0300] {processor.py:836} INFO - DAG(s) dict_keys(['example_branch_python_operator_decorator']) retrieved from /home/paulet/anaconda3/lib/python3.10/site-packages/airflow/example_dags/example_branch_operator_decorator.py
[2023-10-04T18:09:58.598+0300] {logging_mixin.py:149} INFO - [2023-10-04T18:09:58.597+0300] {manager.py:504} INFO - Created Permission View: can edit on DAG:example_branch_python_operator_decorator
[2023-10-04T18:09:58.752+0300] {logging_mixin.py:149} INFO - [2023-10-04T18:09:58.752+0300] {manager.py:504} INFO - Created Permission View: can read on DAG:example_branch_python_operator_decorator
[2023-10-04T18:09:58.879+0300] {logging_mixin.py:149} INFO - [2023-10-04T18:09:58.878+0300] {manager.py:504} INFO - Created Permission View: can delete on DAG:example_branch_python_operator_decorator
[2023-10-04T18:09:58.879+0300] {logging_mixin.py:149} INFO - [2023-10-04T18:09:58.879+0300] {dag.py:2726} INFO - Sync 1 DAGs
[2023-10-04T18:09:58.904+0300] {logging_mixin.py:149} INFO - [2023-10-04T18:09:58.904+0300] {dag.py:2747} INFO - Creating ORM DAG for example_branch_python_operator_decorator
[2023-10-04T18:09:58.928+0300] {logging_mixin.py:149} INFO - [2023-10-04T18:09:58.927+0300] {dag.py:3486} INFO - Setting next_dagrun for example_branch_python_operator_decorator to 2023-10-03T00:00:00+00:00, run_after=2023-10-04T00:00:00+00:00
[2023-10-04T18:09:59.134+0300] {processor.py:179} INFO - Processing /home/paulet/anaconda3/lib/python3.10/site-packages/airflow/example_dags/example_branch_operator_decorator.py took 0.942 seconds
[2023-10-04T18:11:34.337+0300] {processor.py:157} INFO - Started process (PID=14819) to work on /home/paulet/anaconda3/lib/python3.10/site-packages/airflow/example_dags/example_branch_operator_decorator.py
[2023-10-04T18:11:34.358+0300] {processor.py:826} INFO - Processing file /home/paulet/anaconda3/lib/python3.10/site-packages/airflow/example_dags/example_branch_operator_decorator.py for tasks to queue
[2023-10-04T18:11:34.359+0300] {logging_mixin.py:149} INFO - [2023-10-04T18:11:34.359+0300] {dagbag.py:541} INFO - Filling up the DagBag from /home/paulet/anaconda3/lib/python3.10/site-packages/airflow/example_dags/example_branch_operator_decorator.py
[2023-10-04T18:11:34.374+0300] {processor.py:836} INFO - DAG(s) dict_keys(['example_branch_python_operator_decorator']) retrieved from /home/paulet/anaconda3/lib/python3.10/site-packages/airflow/example_dags/example_branch_operator_decorator.py
[2023-10-04T18:11:34.404+0300] {logging_mixin.py:149} INFO - [2023-10-04T18:11:34.403+0300] {dag.py:2726} INFO - Sync 1 DAGs
[2023-10-04T18:11:34.434+0300] {logging_mixin.py:149} INFO - [2023-10-04T18:11:34.433+0300] {dag.py:3486} INFO - Setting next_dagrun for example_branch_python_operator_decorator to 2023-10-03T00:00:00+00:00, run_after=2023-10-04T00:00:00+00:00
[2023-10-04T18:11:34.754+0300] {processor.py:179} INFO - Processing /home/paulet/anaconda3/lib/python3.10/site-packages/airflow/example_dags/example_branch_operator_decorator.py took 0.421 seconds
[2023-10-04T18:14:14.913+0300] {processor.py:157} INFO - Started process (PID=16025) to work on /home/paulet/anaconda3/lib/python3.10/site-packages/airflow/example_dags/example_branch_operator_decorator.py
[2023-10-04T18:14:14.940+0300] {processor.py:826} INFO - Processing file /home/paulet/anaconda3/lib/python3.10/site-packages/airflow/example_dags/example_branch_operator_decorator.py for tasks to queue
[2023-10-04T18:14:14.941+0300] {logging_mixin.py:149} INFO - [2023-10-04T18:14:14.941+0300] {dagbag.py:541} INFO - Filling up the DagBag from /home/paulet/anaconda3/lib/python3.10/site-packages/airflow/example_dags/example_branch_operator_decorator.py
[2023-10-04T18:14:14.958+0300] {processor.py:836} INFO - DAG(s) dict_keys(['example_branch_python_operator_decorator']) retrieved from /home/paulet/anaconda3/lib/python3.10/site-packages/airflow/example_dags/example_branch_operator_decorator.py
[2023-10-04T18:14:14.990+0300] {logging_mixin.py:149} INFO - [2023-10-04T18:14:14.990+0300] {dag.py:2726} INFO - Sync 1 DAGs
[2023-10-04T18:14:15.016+0300] {logging_mixin.py:149} INFO - [2023-10-04T18:14:15.016+0300] {dag.py:3486} INFO - Setting next_dagrun for example_branch_python_operator_decorator to 2023-10-03T00:00:00+00:00, run_after=2023-10-04T00:00:00+00:00
[2023-10-04T18:14:15.132+0300] {processor.py:179} INFO - Processing /home/paulet/anaconda3/lib/python3.10/site-packages/airflow/example_dags/example_branch_operator_decorator.py took 0.224 seconds
[2023-10-04T18:15:26.146+0300] {processor.py:157} INFO - Started process (PID=16102) to work on /home/paulet/anaconda3/lib/python3.10/site-packages/airflow/example_dags/example_branch_operator_decorator.py
[2023-10-04T18:15:26.169+0300] {processor.py:826} INFO - Processing file /home/paulet/anaconda3/lib/python3.10/site-packages/airflow/example_dags/example_branch_operator_decorator.py for tasks to queue
[2023-10-04T18:15:26.170+0300] {logging_mixin.py:149} INFO - [2023-10-04T18:15:26.170+0300] {dagbag.py:541} INFO - Filling up the DagBag from /home/paulet/anaconda3/lib/python3.10/site-packages/airflow/example_dags/example_branch_operator_decorator.py
[2023-10-04T18:15:26.185+0300] {processor.py:836} INFO - DAG(s) dict_keys(['example_branch_python_operator_decorator']) retrieved from /home/paulet/anaconda3/lib/python3.10/site-packages/airflow/example_dags/example_branch_operator_decorator.py
[2023-10-04T18:15:26.217+0300] {logging_mixin.py:149} INFO - [2023-10-04T18:15:26.217+0300] {dag.py:2726} INFO - Sync 1 DAGs
[2023-10-04T18:15:26.246+0300] {logging_mixin.py:149} INFO - [2023-10-04T18:15:26.246+0300] {dag.py:3486} INFO - Setting next_dagrun for example_branch_python_operator_decorator to 2023-10-03T00:00:00+00:00, run_after=2023-10-04T00:00:00+00:00
[2023-10-04T18:15:26.370+0300] {processor.py:179} INFO - Processing /home/paulet/anaconda3/lib/python3.10/site-packages/airflow/example_dags/example_branch_operator_decorator.py took 0.228 seconds
[2023-10-04T18:16:51.999+0300] {processor.py:157} INFO - Started process (PID=16178) to work on /home/paulet/anaconda3/lib/python3.10/site-packages/airflow/example_dags/example_branch_operator_decorator.py
[2023-10-04T18:16:52.736+0300] {processor.py:826} INFO - Processing file /home/paulet/anaconda3/lib/python3.10/site-packages/airflow/example_dags/example_branch_operator_decorator.py for tasks to queue
[2023-10-04T18:16:52.737+0300] {logging_mixin.py:149} INFO - [2023-10-04T18:16:52.737+0300] {dagbag.py:541} INFO - Filling up the DagBag from /home/paulet/anaconda3/lib/python3.10/site-packages/airflow/example_dags/example_branch_operator_decorator.py
[2023-10-04T18:16:52.756+0300] {processor.py:836} INFO - DAG(s) dict_keys(['example_branch_python_operator_decorator']) retrieved from /home/paulet/anaconda3/lib/python3.10/site-packages/airflow/example_dags/example_branch_operator_decorator.py
[2023-10-04T18:16:52.798+0300] {logging_mixin.py:149} INFO - [2023-10-04T18:16:52.797+0300] {dag.py:2726} INFO - Sync 1 DAGs
[2023-10-04T18:16:52.829+0300] {logging_mixin.py:149} INFO - [2023-10-04T18:16:52.828+0300] {dag.py:3486} INFO - Setting next_dagrun for example_branch_python_operator_decorator to 2023-10-03T00:00:00+00:00, run_after=2023-10-04T00:00:00+00:00
[2023-10-04T18:16:53.160+0300] {processor.py:179} INFO - Processing /home/paulet/anaconda3/lib/python3.10/site-packages/airflow/example_dags/example_branch_operator_decorator.py took 1.166 seconds
[2023-10-04T21:00:54.777+0300] {processor.py:157} INFO - Started process (PID=22447) to work on /home/paulet/anaconda3/lib/python3.10/site-packages/airflow/example_dags/example_branch_operator_decorator.py
[2023-10-04T21:00:54.787+0300] {processor.py:826} INFO - Processing file /home/paulet/anaconda3/lib/python3.10/site-packages/airflow/example_dags/example_branch_operator_decorator.py for tasks to queue
[2023-10-04T21:00:54.788+0300] {logging_mixin.py:149} INFO - [2023-10-04T21:00:54.788+0300] {dagbag.py:541} INFO - Filling up the DagBag from /home/paulet/anaconda3/lib/python3.10/site-packages/airflow/example_dags/example_branch_operator_decorator.py
[2023-10-04T21:00:54.803+0300] {processor.py:836} INFO - DAG(s) dict_keys(['example_branch_python_operator_decorator']) retrieved from /home/paulet/anaconda3/lib/python3.10/site-packages/airflow/example_dags/example_branch_operator_decorator.py
[2023-10-04T21:00:54.834+0300] {logging_mixin.py:149} INFO - [2023-10-04T21:00:54.834+0300] {dag.py:2726} INFO - Sync 1 DAGs
[2023-10-04T21:00:54.858+0300] {logging_mixin.py:149} INFO - [2023-10-04T21:00:54.858+0300] {dag.py:3486} INFO - Setting next_dagrun for example_branch_python_operator_decorator to 2023-10-03T00:00:00+00:00, run_after=2023-10-04T00:00:00+00:00
[2023-10-04T21:00:55.005+0300] {processor.py:179} INFO - Processing /home/paulet/anaconda3/lib/python3.10/site-packages/airflow/example_dags/example_branch_operator_decorator.py took 0.233 seconds
[2023-10-04T21:02:08.612+0300] {processor.py:157} INFO - Started process (PID=22641) to work on /home/paulet/anaconda3/lib/python3.10/site-packages/airflow/example_dags/example_branch_operator_decorator.py
[2023-10-04T21:02:08.644+0300] {processor.py:826} INFO - Processing file /home/paulet/anaconda3/lib/python3.10/site-packages/airflow/example_dags/example_branch_operator_decorator.py for tasks to queue
[2023-10-04T21:02:08.646+0300] {logging_mixin.py:149} INFO - [2023-10-04T21:02:08.646+0300] {dagbag.py:541} INFO - Filling up the DagBag from /home/paulet/anaconda3/lib/python3.10/site-packages/airflow/example_dags/example_branch_operator_decorator.py
[2023-10-04T21:02:08.662+0300] {processor.py:836} INFO - DAG(s) dict_keys(['example_branch_python_operator_decorator']) retrieved from /home/paulet/anaconda3/lib/python3.10/site-packages/airflow/example_dags/example_branch_operator_decorator.py
[2023-10-04T21:02:08.692+0300] {logging_mixin.py:149} INFO - [2023-10-04T21:02:08.692+0300] {dag.py:2726} INFO - Sync 1 DAGs
[2023-10-04T21:02:08.719+0300] {logging_mixin.py:149} INFO - [2023-10-04T21:02:08.719+0300] {dag.py:3486} INFO - Setting next_dagrun for example_branch_python_operator_decorator to 2023-10-03T00:00:00+00:00, run_after=2023-10-04T00:00:00+00:00
[2023-10-04T21:02:08.845+0300] {processor.py:179} INFO - Processing /home/paulet/anaconda3/lib/python3.10/site-packages/airflow/example_dags/example_branch_operator_decorator.py took 0.238 seconds
[2023-10-04T21:03:05.452+0300] {processor.py:157} INFO - Started process (PID=22692) to work on /home/paulet/anaconda3/lib/python3.10/site-packages/airflow/example_dags/example_branch_operator_decorator.py
[2023-10-04T21:03:05.454+0300] {processor.py:826} INFO - Processing file /home/paulet/anaconda3/lib/python3.10/site-packages/airflow/example_dags/example_branch_operator_decorator.py for tasks to queue
[2023-10-04T21:03:05.455+0300] {logging_mixin.py:149} INFO - [2023-10-04T21:03:05.455+0300] {dagbag.py:541} INFO - Filling up the DagBag from /home/paulet/anaconda3/lib/python3.10/site-packages/airflow/example_dags/example_branch_operator_decorator.py
[2023-10-04T21:03:05.469+0300] {processor.py:836} INFO - DAG(s) dict_keys(['example_branch_python_operator_decorator']) retrieved from /home/paulet/anaconda3/lib/python3.10/site-packages/airflow/example_dags/example_branch_operator_decorator.py
[2023-10-04T21:03:05.496+0300] {logging_mixin.py:149} INFO - [2023-10-04T21:03:05.495+0300] {dag.py:2726} INFO - Sync 1 DAGs
[2023-10-04T21:03:05.520+0300] {logging_mixin.py:149} INFO - [2023-10-04T21:03:05.520+0300] {dag.py:3486} INFO - Setting next_dagrun for example_branch_python_operator_decorator to 2023-10-03T00:00:00+00:00, run_after=2023-10-04T00:00:00+00:00
[2023-10-04T21:03:05.667+0300] {processor.py:179} INFO - Processing /home/paulet/anaconda3/lib/python3.10/site-packages/airflow/example_dags/example_branch_operator_decorator.py took 0.219 seconds
[2023-10-04T21:04:02.258+0300] {processor.py:157} INFO - Started process (PID=22749) to work on /home/paulet/anaconda3/lib/python3.10/site-packages/airflow/example_dags/example_branch_operator_decorator.py
[2023-10-04T21:04:02.268+0300] {processor.py:826} INFO - Processing file /home/paulet/anaconda3/lib/python3.10/site-packages/airflow/example_dags/example_branch_operator_decorator.py for tasks to queue
[2023-10-04T21:04:02.269+0300] {logging_mixin.py:149} INFO - [2023-10-04T21:04:02.269+0300] {dagbag.py:541} INFO - Filling up the DagBag from /home/paulet/anaconda3/lib/python3.10/site-packages/airflow/example_dags/example_branch_operator_decorator.py
[2023-10-04T21:04:02.284+0300] {processor.py:836} INFO - DAG(s) dict_keys(['example_branch_python_operator_decorator']) retrieved from /home/paulet/anaconda3/lib/python3.10/site-packages/airflow/example_dags/example_branch_operator_decorator.py
[2023-10-04T21:04:02.313+0300] {logging_mixin.py:149} INFO - [2023-10-04T21:04:02.313+0300] {dag.py:2726} INFO - Sync 1 DAGs
[2023-10-04T21:04:02.338+0300] {logging_mixin.py:149} INFO - [2023-10-04T21:04:02.338+0300] {dag.py:3486} INFO - Setting next_dagrun for example_branch_python_operator_decorator to 2023-10-03T00:00:00+00:00, run_after=2023-10-04T00:00:00+00:00
[2023-10-04T21:04:02.453+0300] {processor.py:179} INFO - Processing /home/paulet/anaconda3/lib/python3.10/site-packages/airflow/example_dags/example_branch_operator_decorator.py took 0.200 seconds
[2023-10-04T21:04:59.349+0300] {processor.py:157} INFO - Started process (PID=22817) to work on /home/paulet/anaconda3/lib/python3.10/site-packages/airflow/example_dags/example_branch_operator_decorator.py
[2023-10-04T21:04:59.377+0300] {processor.py:826} INFO - Processing file /home/paulet/anaconda3/lib/python3.10/site-packages/airflow/example_dags/example_branch_operator_decorator.py for tasks to queue
[2023-10-04T21:04:59.378+0300] {logging_mixin.py:149} INFO - [2023-10-04T21:04:59.378+0300] {dagbag.py:541} INFO - Filling up the DagBag from /home/paulet/anaconda3/lib/python3.10/site-packages/airflow/example_dags/example_branch_operator_decorator.py
[2023-10-04T21:04:59.393+0300] {processor.py:836} INFO - DAG(s) dict_keys(['example_branch_python_operator_decorator']) retrieved from /home/paulet/anaconda3/lib/python3.10/site-packages/airflow/example_dags/example_branch_operator_decorator.py
[2023-10-04T21:04:59.424+0300] {logging_mixin.py:149} INFO - [2023-10-04T21:04:59.424+0300] {dag.py:2726} INFO - Sync 1 DAGs
[2023-10-04T21:04:59.451+0300] {logging_mixin.py:149} INFO - [2023-10-04T21:04:59.451+0300] {dag.py:3486} INFO - Setting next_dagrun for example_branch_python_operator_decorator to 2023-10-03T00:00:00+00:00, run_after=2023-10-04T00:00:00+00:00
[2023-10-04T21:04:59.591+0300] {processor.py:179} INFO - Processing /home/paulet/anaconda3/lib/python3.10/site-packages/airflow/example_dags/example_branch_operator_decorator.py took 0.246 seconds
[2023-10-04T21:05:56.177+0300] {processor.py:157} INFO - Started process (PID=22894) to work on /home/paulet/anaconda3/lib/python3.10/site-packages/airflow/example_dags/example_branch_operator_decorator.py
[2023-10-04T21:05:56.189+0300] {processor.py:826} INFO - Processing file /home/paulet/anaconda3/lib/python3.10/site-packages/airflow/example_dags/example_branch_operator_decorator.py for tasks to queue
[2023-10-04T21:05:56.190+0300] {logging_mixin.py:149} INFO - [2023-10-04T21:05:56.190+0300] {dagbag.py:541} INFO - Filling up the DagBag from /home/paulet/anaconda3/lib/python3.10/site-packages/airflow/example_dags/example_branch_operator_decorator.py
[2023-10-04T21:05:56.206+0300] {processor.py:836} INFO - DAG(s) dict_keys(['example_branch_python_operator_decorator']) retrieved from /home/paulet/anaconda3/lib/python3.10/site-packages/airflow/example_dags/example_branch_operator_decorator.py
[2023-10-04T21:05:56.235+0300] {logging_mixin.py:149} INFO - [2023-10-04T21:05:56.235+0300] {dag.py:2726} INFO - Sync 1 DAGs
[2023-10-04T21:05:56.260+0300] {logging_mixin.py:149} INFO - [2023-10-04T21:05:56.260+0300] {dag.py:3486} INFO - Setting next_dagrun for example_branch_python_operator_decorator to 2023-10-03T00:00:00+00:00, run_after=2023-10-04T00:00:00+00:00
[2023-10-04T21:05:56.388+0300] {processor.py:179} INFO - Processing /home/paulet/anaconda3/lib/python3.10/site-packages/airflow/example_dags/example_branch_operator_decorator.py took 0.215 seconds
[2023-10-04T21:06:54.196+0300] {processor.py:157} INFO - Started process (PID=22946) to work on /home/paulet/anaconda3/lib/python3.10/site-packages/airflow/example_dags/example_branch_operator_decorator.py
[2023-10-04T21:06:54.218+0300] {processor.py:826} INFO - Processing file /home/paulet/anaconda3/lib/python3.10/site-packages/airflow/example_dags/example_branch_operator_decorator.py for tasks to queue
[2023-10-04T21:06:54.219+0300] {logging_mixin.py:149} INFO - [2023-10-04T21:06:54.219+0300] {dagbag.py:541} INFO - Filling up the DagBag from /home/paulet/anaconda3/lib/python3.10/site-packages/airflow/example_dags/example_branch_operator_decorator.py
[2023-10-04T21:06:54.230+0300] {processor.py:836} INFO - DAG(s) dict_keys(['example_branch_python_operator_decorator']) retrieved from /home/paulet/anaconda3/lib/python3.10/site-packages/airflow/example_dags/example_branch_operator_decorator.py
[2023-10-04T21:06:54.255+0300] {logging_mixin.py:149} INFO - [2023-10-04T21:06:54.255+0300] {dag.py:2726} INFO - Sync 1 DAGs
[2023-10-04T21:06:54.280+0300] {logging_mixin.py:149} INFO - [2023-10-04T21:06:54.280+0300] {dag.py:3486} INFO - Setting next_dagrun for example_branch_python_operator_decorator to 2023-10-03T00:00:00+00:00, run_after=2023-10-04T00:00:00+00:00
[2023-10-04T21:06:54.405+0300] {processor.py:179} INFO - Processing /home/paulet/anaconda3/lib/python3.10/site-packages/airflow/example_dags/example_branch_operator_decorator.py took 0.213 seconds
[2023-10-04T21:07:44.728+0300] {processor.py:157} INFO - Started process (PID=22994) to work on /home/paulet/anaconda3/lib/python3.10/site-packages/airflow/example_dags/example_branch_operator_decorator.py
[2023-10-04T21:07:44.730+0300] {processor.py:826} INFO - Processing file /home/paulet/anaconda3/lib/python3.10/site-packages/airflow/example_dags/example_branch_operator_decorator.py for tasks to queue
[2023-10-04T21:07:44.731+0300] {logging_mixin.py:149} INFO - [2023-10-04T21:07:44.731+0300] {dagbag.py:541} INFO - Filling up the DagBag from /home/paulet/anaconda3/lib/python3.10/site-packages/airflow/example_dags/example_branch_operator_decorator.py
[2023-10-04T21:07:44.746+0300] {processor.py:836} INFO - DAG(s) dict_keys(['example_branch_python_operator_decorator']) retrieved from /home/paulet/anaconda3/lib/python3.10/site-packages/airflow/example_dags/example_branch_operator_decorator.py
[2023-10-04T21:07:44.772+0300] {logging_mixin.py:149} INFO - [2023-10-04T21:07:44.772+0300] {dag.py:2726} INFO - Sync 1 DAGs
[2023-10-04T21:07:44.797+0300] {logging_mixin.py:149} INFO - [2023-10-04T21:07:44.797+0300] {dag.py:3486} INFO - Setting next_dagrun for example_branch_python_operator_decorator to 2023-10-03T00:00:00+00:00, run_after=2023-10-04T00:00:00+00:00
[2023-10-04T21:07:44.904+0300] {processor.py:179} INFO - Processing /home/paulet/anaconda3/lib/python3.10/site-packages/airflow/example_dags/example_branch_operator_decorator.py took 0.180 seconds
[2023-10-04T21:08:58.259+0300] {processor.py:157} INFO - Started process (PID=23083) to work on /home/paulet/anaconda3/lib/python3.10/site-packages/airflow/example_dags/example_branch_operator_decorator.py
[2023-10-04T21:08:58.290+0300] {processor.py:826} INFO - Processing file /home/paulet/anaconda3/lib/python3.10/site-packages/airflow/example_dags/example_branch_operator_decorator.py for tasks to queue
[2023-10-04T21:08:58.291+0300] {logging_mixin.py:149} INFO - [2023-10-04T21:08:58.291+0300] {dagbag.py:541} INFO - Filling up the DagBag from /home/paulet/anaconda3/lib/python3.10/site-packages/airflow/example_dags/example_branch_operator_decorator.py
[2023-10-04T21:08:58.306+0300] {processor.py:836} INFO - DAG(s) dict_keys(['example_branch_python_operator_decorator']) retrieved from /home/paulet/anaconda3/lib/python3.10/site-packages/airflow/example_dags/example_branch_operator_decorator.py
[2023-10-04T21:08:58.334+0300] {logging_mixin.py:149} INFO - [2023-10-04T21:08:58.333+0300] {dag.py:2726} INFO - Sync 1 DAGs
[2023-10-04T21:08:58.359+0300] {logging_mixin.py:149} INFO - [2023-10-04T21:08:58.358+0300] {dag.py:3486} INFO - Setting next_dagrun for example_branch_python_operator_decorator to 2023-10-03T00:00:00+00:00, run_after=2023-10-04T00:00:00+00:00
[2023-10-04T21:08:58.546+0300] {processor.py:179} INFO - Processing /home/paulet/anaconda3/lib/python3.10/site-packages/airflow/example_dags/example_branch_operator_decorator.py took 0.291 seconds
[2023-10-04T21:10:11.528+0300] {processor.py:157} INFO - Started process (PID=23211) to work on /home/paulet/anaconda3/lib/python3.10/site-packages/airflow/example_dags/example_branch_operator_decorator.py
[2023-10-04T21:10:11.546+0300] {processor.py:826} INFO - Processing file /home/paulet/anaconda3/lib/python3.10/site-packages/airflow/example_dags/example_branch_operator_decorator.py for tasks to queue
[2023-10-04T21:10:11.547+0300] {logging_mixin.py:149} INFO - [2023-10-04T21:10:11.546+0300] {dagbag.py:541} INFO - Filling up the DagBag from /home/paulet/anaconda3/lib/python3.10/site-packages/airflow/example_dags/example_branch_operator_decorator.py
[2023-10-04T21:10:11.563+0300] {processor.py:836} INFO - DAG(s) dict_keys(['example_branch_python_operator_decorator']) retrieved from /home/paulet/anaconda3/lib/python3.10/site-packages/airflow/example_dags/example_branch_operator_decorator.py
[2023-10-04T21:10:11.593+0300] {logging_mixin.py:149} INFO - [2023-10-04T21:10:11.593+0300] {dag.py:2726} INFO - Sync 1 DAGs
[2023-10-04T21:10:11.620+0300] {logging_mixin.py:149} INFO - [2023-10-04T21:10:11.620+0300] {dag.py:3486} INFO - Setting next_dagrun for example_branch_python_operator_decorator to 2023-10-03T00:00:00+00:00, run_after=2023-10-04T00:00:00+00:00
[2023-10-04T21:10:11.753+0300] {processor.py:179} INFO - Processing /home/paulet/anaconda3/lib/python3.10/site-packages/airflow/example_dags/example_branch_operator_decorator.py took 0.229 seconds
[2023-10-04T21:52:20.393+0300] {processor.py:157} INFO - Started process (PID=26959) to work on /home/paulet/anaconda3/lib/python3.10/site-packages/airflow/example_dags/example_branch_operator_decorator.py
[2023-10-04T21:52:20.409+0300] {processor.py:826} INFO - Processing file /home/paulet/anaconda3/lib/python3.10/site-packages/airflow/example_dags/example_branch_operator_decorator.py for tasks to queue
[2023-10-04T21:52:20.410+0300] {logging_mixin.py:149} INFO - [2023-10-04T21:52:20.410+0300] {dagbag.py:541} INFO - Filling up the DagBag from /home/paulet/anaconda3/lib/python3.10/site-packages/airflow/example_dags/example_branch_operator_decorator.py
[2023-10-04T21:52:20.425+0300] {processor.py:836} INFO - DAG(s) dict_keys(['example_branch_python_operator_decorator']) retrieved from /home/paulet/anaconda3/lib/python3.10/site-packages/airflow/example_dags/example_branch_operator_decorator.py
[2023-10-04T21:52:20.456+0300] {logging_mixin.py:149} INFO - [2023-10-04T21:52:20.456+0300] {dag.py:2726} INFO - Sync 1 DAGs
[2023-10-04T21:52:20.482+0300] {logging_mixin.py:149} INFO - [2023-10-04T21:52:20.482+0300] {dag.py:3486} INFO - Setting next_dagrun for example_branch_python_operator_decorator to 2023-10-03T00:00:00+00:00, run_after=2023-10-04T00:00:00+00:00
[2023-10-04T21:52:20.606+0300] {processor.py:179} INFO - Processing /home/paulet/anaconda3/lib/python3.10/site-packages/airflow/example_dags/example_branch_operator_decorator.py took 0.218 seconds
[2023-10-04T21:53:18.187+0300] {processor.py:157} INFO - Started process (PID=27054) to work on /home/paulet/anaconda3/lib/python3.10/site-packages/airflow/example_dags/example_branch_operator_decorator.py
[2023-10-04T21:53:18.217+0300] {processor.py:826} INFO - Processing file /home/paulet/anaconda3/lib/python3.10/site-packages/airflow/example_dags/example_branch_operator_decorator.py for tasks to queue
[2023-10-04T21:53:18.218+0300] {logging_mixin.py:149} INFO - [2023-10-04T21:53:18.218+0300] {dagbag.py:541} INFO - Filling up the DagBag from /home/paulet/anaconda3/lib/python3.10/site-packages/airflow/example_dags/example_branch_operator_decorator.py
[2023-10-04T21:53:18.233+0300] {processor.py:836} INFO - DAG(s) dict_keys(['example_branch_python_operator_decorator']) retrieved from /home/paulet/anaconda3/lib/python3.10/site-packages/airflow/example_dags/example_branch_operator_decorator.py
[2023-10-04T21:53:18.264+0300] {logging_mixin.py:149} INFO - [2023-10-04T21:53:18.264+0300] {dag.py:2726} INFO - Sync 1 DAGs
[2023-10-04T21:53:18.291+0300] {logging_mixin.py:149} INFO - [2023-10-04T21:53:18.291+0300] {dag.py:3486} INFO - Setting next_dagrun for example_branch_python_operator_decorator to 2023-10-03T00:00:00+00:00, run_after=2023-10-04T00:00:00+00:00
[2023-10-04T21:53:18.423+0300] {processor.py:179} INFO - Processing /home/paulet/anaconda3/lib/python3.10/site-packages/airflow/example_dags/example_branch_operator_decorator.py took 0.240 seconds
[2023-10-04T21:54:21.829+0300] {processor.py:157} INFO - Started process (PID=27151) to work on /home/paulet/anaconda3/lib/python3.10/site-packages/airflow/example_dags/example_branch_operator_decorator.py
[2023-10-04T21:54:21.831+0300] {processor.py:826} INFO - Processing file /home/paulet/anaconda3/lib/python3.10/site-packages/airflow/example_dags/example_branch_operator_decorator.py for tasks to queue
[2023-10-04T21:54:21.832+0300] {logging_mixin.py:149} INFO - [2023-10-04T21:54:21.831+0300] {dagbag.py:541} INFO - Filling up the DagBag from /home/paulet/anaconda3/lib/python3.10/site-packages/airflow/example_dags/example_branch_operator_decorator.py
[2023-10-04T21:54:21.847+0300] {processor.py:836} INFO - DAG(s) dict_keys(['example_branch_python_operator_decorator']) retrieved from /home/paulet/anaconda3/lib/python3.10/site-packages/airflow/example_dags/example_branch_operator_decorator.py
[2023-10-04T21:54:21.874+0300] {logging_mixin.py:149} INFO - [2023-10-04T21:54:21.874+0300] {dag.py:2726} INFO - Sync 1 DAGs
[2023-10-04T21:54:21.899+0300] {logging_mixin.py:149} INFO - [2023-10-04T21:54:21.899+0300] {dag.py:3486} INFO - Setting next_dagrun for example_branch_python_operator_decorator to 2023-10-03T00:00:00+00:00, run_after=2023-10-04T00:00:00+00:00
[2023-10-04T21:54:22.035+0300] {processor.py:179} INFO - Processing /home/paulet/anaconda3/lib/python3.10/site-packages/airflow/example_dags/example_branch_operator_decorator.py took 0.210 seconds
[2023-10-04T21:55:17.135+0300] {processor.py:157} INFO - Started process (PID=27209) to work on /home/paulet/anaconda3/lib/python3.10/site-packages/airflow/example_dags/example_branch_operator_decorator.py
[2023-10-04T21:55:17.136+0300] {processor.py:826} INFO - Processing file /home/paulet/anaconda3/lib/python3.10/site-packages/airflow/example_dags/example_branch_operator_decorator.py for tasks to queue
[2023-10-04T21:55:17.137+0300] {logging_mixin.py:149} INFO - [2023-10-04T21:55:17.137+0300] {dagbag.py:541} INFO - Filling up the DagBag from /home/paulet/anaconda3/lib/python3.10/site-packages/airflow/example_dags/example_branch_operator_decorator.py
[2023-10-04T21:55:17.152+0300] {processor.py:836} INFO - DAG(s) dict_keys(['example_branch_python_operator_decorator']) retrieved from /home/paulet/anaconda3/lib/python3.10/site-packages/airflow/example_dags/example_branch_operator_decorator.py
[2023-10-04T21:55:17.179+0300] {logging_mixin.py:149} INFO - [2023-10-04T21:55:17.179+0300] {dag.py:2726} INFO - Sync 1 DAGs
[2023-10-04T21:55:17.207+0300] {logging_mixin.py:149} INFO - [2023-10-04T21:55:17.206+0300] {dag.py:3486} INFO - Setting next_dagrun for example_branch_python_operator_decorator to 2023-10-03T00:00:00+00:00, run_after=2023-10-04T00:00:00+00:00
[2023-10-04T21:55:17.348+0300] {processor.py:179} INFO - Processing /home/paulet/anaconda3/lib/python3.10/site-packages/airflow/example_dags/example_branch_operator_decorator.py took 0.218 seconds
