[2023-10-04T18:10:20.830+0300] {processor.py:157} INFO - Started process (PID=14373) to work on /home/paulet/anaconda3/lib/python3.10/site-packages/airflow/example_dags/example_dynamic_task_mapping.py
[2023-10-04T18:10:20.831+0300] {processor.py:826} INFO - Processing file /home/paulet/anaconda3/lib/python3.10/site-packages/airflow/example_dags/example_dynamic_task_mapping.py for tasks to queue
[2023-10-04T18:10:20.832+0300] {logging_mixin.py:149} INFO - [2023-10-04T18:10:20.832+0300] {dagbag.py:541} INFO - Filling up the DagBag from /home/paulet/anaconda3/lib/python3.10/site-packages/airflow/example_dags/example_dynamic_task_mapping.py
[2023-10-04T18:10:20.848+0300] {processor.py:836} INFO - DAG(s) dict_keys(['example_dynamic_task_mapping']) retrieved from /home/paulet/anaconda3/lib/python3.10/site-packages/airflow/example_dags/example_dynamic_task_mapping.py
[2023-10-04T18:10:21.306+0300] {logging_mixin.py:149} INFO - [2023-10-04T18:10:21.306+0300] {manager.py:504} INFO - Created Permission View: can edit on DAG:example_dynamic_task_mapping
[2023-10-04T18:10:21.472+0300] {logging_mixin.py:149} INFO - [2023-10-04T18:10:21.472+0300] {manager.py:504} INFO - Created Permission View: can read on DAG:example_dynamic_task_mapping
[2023-10-04T18:10:21.622+0300] {logging_mixin.py:149} INFO - [2023-10-04T18:10:21.622+0300] {manager.py:504} INFO - Created Permission View: can delete on DAG:example_dynamic_task_mapping
[2023-10-04T18:10:21.623+0300] {logging_mixin.py:149} INFO - [2023-10-04T18:10:21.623+0300] {dag.py:2726} INFO - Sync 1 DAGs
[2023-10-04T18:10:21.655+0300] {logging_mixin.py:149} INFO - [2023-10-04T18:10:21.655+0300] {dag.py:2747} INFO - Creating ORM DAG for example_dynamic_task_mapping
[2023-10-04T18:10:22.105+0300] {logging_mixin.py:149} INFO - [2023-10-04T18:10:22.105+0300] {dag.py:3486} INFO - Setting next_dagrun for example_dynamic_task_mapping to 2022-03-04T00:00:00+00:00, run_after=2022-03-05T00:00:00+00:00
[2023-10-04T18:10:22.342+0300] {processor.py:179} INFO - Processing /home/paulet/anaconda3/lib/python3.10/site-packages/airflow/example_dags/example_dynamic_task_mapping.py took 1.517 seconds
[2023-10-04T18:12:30.854+0300] {processor.py:157} INFO - Started process (PID=15152) to work on /home/paulet/anaconda3/lib/python3.10/site-packages/airflow/example_dags/example_dynamic_task_mapping.py
[2023-10-04T18:12:30.856+0300] {processor.py:826} INFO - Processing file /home/paulet/anaconda3/lib/python3.10/site-packages/airflow/example_dags/example_dynamic_task_mapping.py for tasks to queue
[2023-10-04T18:12:30.857+0300] {logging_mixin.py:149} INFO - [2023-10-04T18:12:30.857+0300] {dagbag.py:541} INFO - Filling up the DagBag from /home/paulet/anaconda3/lib/python3.10/site-packages/airflow/example_dags/example_dynamic_task_mapping.py
[2023-10-04T18:12:30.867+0300] {processor.py:836} INFO - DAG(s) dict_keys(['example_dynamic_task_mapping']) retrieved from /home/paulet/anaconda3/lib/python3.10/site-packages/airflow/example_dags/example_dynamic_task_mapping.py
[2023-10-04T18:12:30.891+0300] {logging_mixin.py:149} INFO - [2023-10-04T18:12:30.891+0300] {dag.py:2726} INFO - Sync 1 DAGs
[2023-10-04T18:12:30.915+0300] {logging_mixin.py:149} INFO - [2023-10-04T18:12:30.915+0300] {dag.py:3486} INFO - Setting next_dagrun for example_dynamic_task_mapping to 2022-03-04T00:00:00+00:00, run_after=2022-03-05T00:00:00+00:00
[2023-10-04T18:12:31.170+0300] {processor.py:179} INFO - Processing /home/paulet/anaconda3/lib/python3.10/site-packages/airflow/example_dags/example_dynamic_task_mapping.py took 0.320 seconds
[2023-10-04T18:14:55.044+0300] {processor.py:157} INFO - Started process (PID=16065) to work on /home/paulet/anaconda3/lib/python3.10/site-packages/airflow/example_dags/example_dynamic_task_mapping.py
[2023-10-04T18:14:55.045+0300] {processor.py:826} INFO - Processing file /home/paulet/anaconda3/lib/python3.10/site-packages/airflow/example_dags/example_dynamic_task_mapping.py for tasks to queue
[2023-10-04T18:14:55.046+0300] {logging_mixin.py:149} INFO - [2023-10-04T18:14:55.046+0300] {dagbag.py:541} INFO - Filling up the DagBag from /home/paulet/anaconda3/lib/python3.10/site-packages/airflow/example_dags/example_dynamic_task_mapping.py
[2023-10-04T18:14:55.057+0300] {processor.py:836} INFO - DAG(s) dict_keys(['example_dynamic_task_mapping']) retrieved from /home/paulet/anaconda3/lib/python3.10/site-packages/airflow/example_dags/example_dynamic_task_mapping.py
[2023-10-04T18:14:55.082+0300] {logging_mixin.py:149} INFO - [2023-10-04T18:14:55.082+0300] {dag.py:2726} INFO - Sync 1 DAGs
[2023-10-04T18:14:55.109+0300] {logging_mixin.py:149} INFO - [2023-10-04T18:14:55.109+0300] {dag.py:3486} INFO - Setting next_dagrun for example_dynamic_task_mapping to 2022-03-04T00:00:00+00:00, run_after=2022-03-05T00:00:00+00:00
[2023-10-04T18:14:55.212+0300] {processor.py:179} INFO - Processing /home/paulet/anaconda3/lib/python3.10/site-packages/airflow/example_dags/example_dynamic_task_mapping.py took 0.173 seconds
[2023-10-04T18:15:50.544+0300] {processor.py:157} INFO - Started process (PID=16125) to work on /home/paulet/anaconda3/lib/python3.10/site-packages/airflow/example_dags/example_dynamic_task_mapping.py
[2023-10-04T18:15:50.545+0300] {processor.py:826} INFO - Processing file /home/paulet/anaconda3/lib/python3.10/site-packages/airflow/example_dags/example_dynamic_task_mapping.py for tasks to queue
[2023-10-04T18:15:50.546+0300] {logging_mixin.py:149} INFO - [2023-10-04T18:15:50.546+0300] {dagbag.py:541} INFO - Filling up the DagBag from /home/paulet/anaconda3/lib/python3.10/site-packages/airflow/example_dags/example_dynamic_task_mapping.py
[2023-10-04T18:15:50.556+0300] {processor.py:836} INFO - DAG(s) dict_keys(['example_dynamic_task_mapping']) retrieved from /home/paulet/anaconda3/lib/python3.10/site-packages/airflow/example_dags/example_dynamic_task_mapping.py
[2023-10-04T18:15:50.579+0300] {logging_mixin.py:149} INFO - [2023-10-04T18:15:50.578+0300] {dag.py:2726} INFO - Sync 1 DAGs
[2023-10-04T18:15:50.604+0300] {logging_mixin.py:149} INFO - [2023-10-04T18:15:50.604+0300] {dag.py:3486} INFO - Setting next_dagrun for example_dynamic_task_mapping to 2022-03-04T00:00:00+00:00, run_after=2022-03-05T00:00:00+00:00
[2023-10-04T18:15:50.708+0300] {processor.py:179} INFO - Processing /home/paulet/anaconda3/lib/python3.10/site-packages/airflow/example_dags/example_dynamic_task_mapping.py took 0.168 seconds
[2023-10-04T18:17:05.648+0300] {processor.py:157} INFO - Started process (PID=16204) to work on /home/paulet/anaconda3/lib/python3.10/site-packages/airflow/example_dags/example_dynamic_task_mapping.py
[2023-10-04T18:17:05.854+0300] {processor.py:826} INFO - Processing file /home/paulet/anaconda3/lib/python3.10/site-packages/airflow/example_dags/example_dynamic_task_mapping.py for tasks to queue
[2023-10-04T18:17:05.855+0300] {logging_mixin.py:149} INFO - [2023-10-04T18:17:05.855+0300] {dagbag.py:541} INFO - Filling up the DagBag from /home/paulet/anaconda3/lib/python3.10/site-packages/airflow/example_dags/example_dynamic_task_mapping.py
[2023-10-04T18:17:05.866+0300] {processor.py:836} INFO - DAG(s) dict_keys(['example_dynamic_task_mapping']) retrieved from /home/paulet/anaconda3/lib/python3.10/site-packages/airflow/example_dags/example_dynamic_task_mapping.py
[2023-10-04T18:17:05.893+0300] {logging_mixin.py:149} INFO - [2023-10-04T18:17:05.892+0300] {dag.py:2726} INFO - Sync 1 DAGs
[2023-10-04T18:17:05.922+0300] {logging_mixin.py:149} INFO - [2023-10-04T18:17:05.922+0300] {dag.py:3486} INFO - Setting next_dagrun for example_dynamic_task_mapping to 2022-03-04T00:00:00+00:00, run_after=2022-03-05T00:00:00+00:00
[2023-10-04T18:17:06.154+0300] {processor.py:179} INFO - Processing /home/paulet/anaconda3/lib/python3.10/site-packages/airflow/example_dags/example_dynamic_task_mapping.py took 0.509 seconds
[2023-10-04T21:01:03.977+0300] {processor.py:157} INFO - Started process (PID=22455) to work on /home/paulet/anaconda3/lib/python3.10/site-packages/airflow/example_dags/example_dynamic_task_mapping.py
[2023-10-04T21:01:03.979+0300] {processor.py:826} INFO - Processing file /home/paulet/anaconda3/lib/python3.10/site-packages/airflow/example_dags/example_dynamic_task_mapping.py for tasks to queue
[2023-10-04T21:01:03.980+0300] {logging_mixin.py:149} INFO - [2023-10-04T21:01:03.980+0300] {dagbag.py:541} INFO - Filling up the DagBag from /home/paulet/anaconda3/lib/python3.10/site-packages/airflow/example_dags/example_dynamic_task_mapping.py
[2023-10-04T21:01:03.992+0300] {processor.py:836} INFO - DAG(s) dict_keys(['example_dynamic_task_mapping']) retrieved from /home/paulet/anaconda3/lib/python3.10/site-packages/airflow/example_dags/example_dynamic_task_mapping.py
[2023-10-04T21:01:04.016+0300] {logging_mixin.py:149} INFO - [2023-10-04T21:01:04.016+0300] {dag.py:2726} INFO - Sync 1 DAGs
[2023-10-04T21:01:04.039+0300] {logging_mixin.py:149} INFO - [2023-10-04T21:01:04.038+0300] {dag.py:3486} INFO - Setting next_dagrun for example_dynamic_task_mapping to 2022-03-04T00:00:00+00:00, run_after=2022-03-05T00:00:00+00:00
[2023-10-04T21:01:04.159+0300] {processor.py:179} INFO - Processing /home/paulet/anaconda3/lib/python3.10/site-packages/airflow/example_dags/example_dynamic_task_mapping.py took 0.187 seconds
[2023-10-04T21:02:17.986+0300] {processor.py:157} INFO - Started process (PID=22649) to work on /home/paulet/anaconda3/lib/python3.10/site-packages/airflow/example_dags/example_dynamic_task_mapping.py
[2023-10-04T21:02:18.011+0300] {processor.py:826} INFO - Processing file /home/paulet/anaconda3/lib/python3.10/site-packages/airflow/example_dags/example_dynamic_task_mapping.py for tasks to queue
[2023-10-04T21:02:18.012+0300] {logging_mixin.py:149} INFO - [2023-10-04T21:02:18.012+0300] {dagbag.py:541} INFO - Filling up the DagBag from /home/paulet/anaconda3/lib/python3.10/site-packages/airflow/example_dags/example_dynamic_task_mapping.py
[2023-10-04T21:02:18.023+0300] {processor.py:836} INFO - DAG(s) dict_keys(['example_dynamic_task_mapping']) retrieved from /home/paulet/anaconda3/lib/python3.10/site-packages/airflow/example_dags/example_dynamic_task_mapping.py
[2023-10-04T21:02:18.049+0300] {logging_mixin.py:149} INFO - [2023-10-04T21:02:18.049+0300] {dag.py:2726} INFO - Sync 1 DAGs
[2023-10-04T21:02:18.074+0300] {logging_mixin.py:149} INFO - [2023-10-04T21:02:18.074+0300] {dag.py:3486} INFO - Setting next_dagrun for example_dynamic_task_mapping to 2022-03-04T00:00:00+00:00, run_after=2022-03-05T00:00:00+00:00
[2023-10-04T21:02:18.204+0300] {processor.py:179} INFO - Processing /home/paulet/anaconda3/lib/python3.10/site-packages/airflow/example_dags/example_dynamic_task_mapping.py took 0.223 seconds
[2023-10-04T21:03:12.113+0300] {processor.py:157} INFO - Started process (PID=22699) to work on /home/paulet/anaconda3/lib/python3.10/site-packages/airflow/example_dags/example_dynamic_task_mapping.py
[2023-10-04T21:03:12.115+0300] {processor.py:826} INFO - Processing file /home/paulet/anaconda3/lib/python3.10/site-packages/airflow/example_dags/example_dynamic_task_mapping.py for tasks to queue
[2023-10-04T21:03:12.116+0300] {logging_mixin.py:149} INFO - [2023-10-04T21:03:12.116+0300] {dagbag.py:541} INFO - Filling up the DagBag from /home/paulet/anaconda3/lib/python3.10/site-packages/airflow/example_dags/example_dynamic_task_mapping.py
[2023-10-04T21:03:12.126+0300] {processor.py:836} INFO - DAG(s) dict_keys(['example_dynamic_task_mapping']) retrieved from /home/paulet/anaconda3/lib/python3.10/site-packages/airflow/example_dags/example_dynamic_task_mapping.py
[2023-10-04T21:03:12.149+0300] {logging_mixin.py:149} INFO - [2023-10-04T21:03:12.149+0300] {dag.py:2726} INFO - Sync 1 DAGs
[2023-10-04T21:03:12.172+0300] {logging_mixin.py:149} INFO - [2023-10-04T21:03:12.172+0300] {dag.py:3486} INFO - Setting next_dagrun for example_dynamic_task_mapping to 2022-03-04T00:00:00+00:00, run_after=2022-03-05T00:00:00+00:00
[2023-10-04T21:03:12.307+0300] {processor.py:179} INFO - Processing /home/paulet/anaconda3/lib/python3.10/site-packages/airflow/example_dags/example_dynamic_task_mapping.py took 0.198 seconds
[2023-10-04T21:04:32.201+0300] {processor.py:157} INFO - Started process (PID=22796) to work on /home/paulet/anaconda3/lib/python3.10/site-packages/airflow/example_dags/example_dynamic_task_mapping.py
[2023-10-04T21:04:32.235+0300] {processor.py:826} INFO - Processing file /home/paulet/anaconda3/lib/python3.10/site-packages/airflow/example_dags/example_dynamic_task_mapping.py for tasks to queue
[2023-10-04T21:04:32.236+0300] {logging_mixin.py:149} INFO - [2023-10-04T21:04:32.236+0300] {dagbag.py:541} INFO - Filling up the DagBag from /home/paulet/anaconda3/lib/python3.10/site-packages/airflow/example_dags/example_dynamic_task_mapping.py
[2023-10-04T21:04:32.247+0300] {processor.py:836} INFO - DAG(s) dict_keys(['example_dynamic_task_mapping']) retrieved from /home/paulet/anaconda3/lib/python3.10/site-packages/airflow/example_dags/example_dynamic_task_mapping.py
[2023-10-04T21:04:32.272+0300] {logging_mixin.py:149} INFO - [2023-10-04T21:04:32.272+0300] {dag.py:2726} INFO - Sync 1 DAGs
[2023-10-04T21:04:32.298+0300] {logging_mixin.py:149} INFO - [2023-10-04T21:04:32.298+0300] {dag.py:3486} INFO - Setting next_dagrun for example_dynamic_task_mapping to 2022-03-04T00:00:00+00:00, run_after=2022-03-05T00:00:00+00:00
[2023-10-04T21:04:32.425+0300] {processor.py:179} INFO - Processing /home/paulet/anaconda3/lib/python3.10/site-packages/airflow/example_dags/example_dynamic_task_mapping.py took 0.229 seconds
[2023-10-04T21:05:28.916+0300] {processor.py:157} INFO - Started process (PID=22872) to work on /home/paulet/anaconda3/lib/python3.10/site-packages/airflow/example_dags/example_dynamic_task_mapping.py
[2023-10-04T21:05:28.917+0300] {processor.py:826} INFO - Processing file /home/paulet/anaconda3/lib/python3.10/site-packages/airflow/example_dags/example_dynamic_task_mapping.py for tasks to queue
[2023-10-04T21:05:28.919+0300] {logging_mixin.py:149} INFO - [2023-10-04T21:05:28.918+0300] {dagbag.py:541} INFO - Filling up the DagBag from /home/paulet/anaconda3/lib/python3.10/site-packages/airflow/example_dags/example_dynamic_task_mapping.py
[2023-10-04T21:05:28.929+0300] {processor.py:836} INFO - DAG(s) dict_keys(['example_dynamic_task_mapping']) retrieved from /home/paulet/anaconda3/lib/python3.10/site-packages/airflow/example_dags/example_dynamic_task_mapping.py
[2023-10-04T21:05:28.952+0300] {logging_mixin.py:149} INFO - [2023-10-04T21:05:28.952+0300] {dag.py:2726} INFO - Sync 1 DAGs
[2023-10-04T21:05:28.976+0300] {logging_mixin.py:149} INFO - [2023-10-04T21:05:28.975+0300] {dag.py:3486} INFO - Setting next_dagrun for example_dynamic_task_mapping to 2022-03-04T00:00:00+00:00, run_after=2022-03-05T00:00:00+00:00
[2023-10-04T21:05:29.109+0300] {processor.py:179} INFO - Processing /home/paulet/anaconda3/lib/python3.10/site-packages/airflow/example_dags/example_dynamic_task_mapping.py took 0.197 seconds
[2023-10-04T21:06:27.300+0300] {processor.py:157} INFO - Started process (PID=22925) to work on /home/paulet/anaconda3/lib/python3.10/site-packages/airflow/example_dags/example_dynamic_task_mapping.py
[2023-10-04T21:06:27.302+0300] {processor.py:826} INFO - Processing file /home/paulet/anaconda3/lib/python3.10/site-packages/airflow/example_dags/example_dynamic_task_mapping.py for tasks to queue
[2023-10-04T21:06:27.303+0300] {logging_mixin.py:149} INFO - [2023-10-04T21:06:27.302+0300] {dagbag.py:541} INFO - Filling up the DagBag from /home/paulet/anaconda3/lib/python3.10/site-packages/airflow/example_dags/example_dynamic_task_mapping.py
[2023-10-04T21:06:27.313+0300] {processor.py:836} INFO - DAG(s) dict_keys(['example_dynamic_task_mapping']) retrieved from /home/paulet/anaconda3/lib/python3.10/site-packages/airflow/example_dags/example_dynamic_task_mapping.py
[2023-10-04T21:06:27.336+0300] {logging_mixin.py:149} INFO - [2023-10-04T21:06:27.336+0300] {dag.py:2726} INFO - Sync 1 DAGs
[2023-10-04T21:06:27.359+0300] {logging_mixin.py:149} INFO - [2023-10-04T21:06:27.359+0300] {dag.py:3486} INFO - Setting next_dagrun for example_dynamic_task_mapping to 2022-03-04T00:00:00+00:00, run_after=2022-03-05T00:00:00+00:00
[2023-10-04T21:06:27.506+0300] {processor.py:179} INFO - Processing /home/paulet/anaconda3/lib/python3.10/site-packages/airflow/example_dags/example_dynamic_task_mapping.py took 0.211 seconds
[2023-10-04T21:07:22.929+0300] {processor.py:157} INFO - Started process (PID=22976) to work on /home/paulet/anaconda3/lib/python3.10/site-packages/airflow/example_dags/example_dynamic_task_mapping.py
[2023-10-04T21:07:22.930+0300] {processor.py:826} INFO - Processing file /home/paulet/anaconda3/lib/python3.10/site-packages/airflow/example_dags/example_dynamic_task_mapping.py for tasks to queue
[2023-10-04T21:07:22.931+0300] {logging_mixin.py:149} INFO - [2023-10-04T21:07:22.931+0300] {dagbag.py:541} INFO - Filling up the DagBag from /home/paulet/anaconda3/lib/python3.10/site-packages/airflow/example_dags/example_dynamic_task_mapping.py
[2023-10-04T21:07:22.942+0300] {processor.py:836} INFO - DAG(s) dict_keys(['example_dynamic_task_mapping']) retrieved from /home/paulet/anaconda3/lib/python3.10/site-packages/airflow/example_dags/example_dynamic_task_mapping.py
[2023-10-04T21:07:22.965+0300] {logging_mixin.py:149} INFO - [2023-10-04T21:07:22.965+0300] {dag.py:2726} INFO - Sync 1 DAGs
[2023-10-04T21:07:22.988+0300] {logging_mixin.py:149} INFO - [2023-10-04T21:07:22.988+0300] {dag.py:3486} INFO - Setting next_dagrun for example_dynamic_task_mapping to 2022-03-04T00:00:00+00:00, run_after=2022-03-05T00:00:00+00:00
[2023-10-04T21:07:23.115+0300] {processor.py:179} INFO - Processing /home/paulet/anaconda3/lib/python3.10/site-packages/airflow/example_dags/example_dynamic_task_mapping.py took 0.191 seconds
[2023-10-04T21:08:33.840+0300] {processor.py:157} INFO - Started process (PID=23059) to work on /home/paulet/anaconda3/lib/python3.10/site-packages/airflow/example_dags/example_dynamic_task_mapping.py
[2023-10-04T21:08:33.849+0300] {processor.py:826} INFO - Processing file /home/paulet/anaconda3/lib/python3.10/site-packages/airflow/example_dags/example_dynamic_task_mapping.py for tasks to queue
[2023-10-04T21:08:33.850+0300] {logging_mixin.py:149} INFO - [2023-10-04T21:08:33.850+0300] {dagbag.py:541} INFO - Filling up the DagBag from /home/paulet/anaconda3/lib/python3.10/site-packages/airflow/example_dags/example_dynamic_task_mapping.py
[2023-10-04T21:08:33.861+0300] {processor.py:836} INFO - DAG(s) dict_keys(['example_dynamic_task_mapping']) retrieved from /home/paulet/anaconda3/lib/python3.10/site-packages/airflow/example_dags/example_dynamic_task_mapping.py
[2023-10-04T21:08:33.885+0300] {logging_mixin.py:149} INFO - [2023-10-04T21:08:33.885+0300] {dag.py:2726} INFO - Sync 1 DAGs
[2023-10-04T21:08:33.909+0300] {logging_mixin.py:149} INFO - [2023-10-04T21:08:33.908+0300] {dag.py:3486} INFO - Setting next_dagrun for example_dynamic_task_mapping to 2022-03-04T00:00:00+00:00, run_after=2022-03-05T00:00:00+00:00
[2023-10-04T21:08:34.010+0300] {processor.py:179} INFO - Processing /home/paulet/anaconda3/lib/python3.10/site-packages/airflow/example_dags/example_dynamic_task_mapping.py took 0.175 seconds
[2023-10-04T21:09:50.238+0300] {processor.py:157} INFO - Started process (PID=23172) to work on /home/paulet/anaconda3/lib/python3.10/site-packages/airflow/example_dags/example_dynamic_task_mapping.py
[2023-10-04T21:09:50.240+0300] {processor.py:826} INFO - Processing file /home/paulet/anaconda3/lib/python3.10/site-packages/airflow/example_dags/example_dynamic_task_mapping.py for tasks to queue
[2023-10-04T21:09:50.241+0300] {logging_mixin.py:149} INFO - [2023-10-04T21:09:50.241+0300] {dagbag.py:541} INFO - Filling up the DagBag from /home/paulet/anaconda3/lib/python3.10/site-packages/airflow/example_dags/example_dynamic_task_mapping.py
[2023-10-04T21:09:50.250+0300] {processor.py:836} INFO - DAG(s) dict_keys(['example_dynamic_task_mapping']) retrieved from /home/paulet/anaconda3/lib/python3.10/site-packages/airflow/example_dags/example_dynamic_task_mapping.py
[2023-10-04T21:09:50.274+0300] {logging_mixin.py:149} INFO - [2023-10-04T21:09:50.274+0300] {dag.py:2726} INFO - Sync 1 DAGs
[2023-10-04T21:09:50.301+0300] {logging_mixin.py:149} INFO - [2023-10-04T21:09:50.301+0300] {dag.py:3486} INFO - Setting next_dagrun for example_dynamic_task_mapping to 2022-03-04T00:00:00+00:00, run_after=2022-03-05T00:00:00+00:00
[2023-10-04T21:09:50.415+0300] {processor.py:179} INFO - Processing /home/paulet/anaconda3/lib/python3.10/site-packages/airflow/example_dags/example_dynamic_task_mapping.py took 0.181 seconds
[2023-10-04T21:52:29.392+0300] {processor.py:157} INFO - Started process (PID=26999) to work on /home/paulet/anaconda3/lib/python3.10/site-packages/airflow/example_dags/example_dynamic_task_mapping.py
[2023-10-04T21:52:29.394+0300] {processor.py:826} INFO - Processing file /home/paulet/anaconda3/lib/python3.10/site-packages/airflow/example_dags/example_dynamic_task_mapping.py for tasks to queue
[2023-10-04T21:52:29.395+0300] {logging_mixin.py:149} INFO - [2023-10-04T21:52:29.395+0300] {dagbag.py:541} INFO - Filling up the DagBag from /home/paulet/anaconda3/lib/python3.10/site-packages/airflow/example_dags/example_dynamic_task_mapping.py
[2023-10-04T21:52:29.407+0300] {processor.py:836} INFO - DAG(s) dict_keys(['example_dynamic_task_mapping']) retrieved from /home/paulet/anaconda3/lib/python3.10/site-packages/airflow/example_dags/example_dynamic_task_mapping.py
[2023-10-04T21:52:29.433+0300] {logging_mixin.py:149} INFO - [2023-10-04T21:52:29.432+0300] {dag.py:2726} INFO - Sync 1 DAGs
[2023-10-04T21:52:29.455+0300] {logging_mixin.py:149} INFO - [2023-10-04T21:52:29.455+0300] {dag.py:3486} INFO - Setting next_dagrun for example_dynamic_task_mapping to 2022-03-04T00:00:00+00:00, run_after=2022-03-05T00:00:00+00:00
[2023-10-04T21:52:29.554+0300] {processor.py:179} INFO - Processing /home/paulet/anaconda3/lib/python3.10/site-packages/airflow/example_dags/example_dynamic_task_mapping.py took 0.166 seconds
[2023-10-04T21:53:26.513+0300] {processor.py:157} INFO - Started process (PID=27061) to work on /home/paulet/anaconda3/lib/python3.10/site-packages/airflow/example_dags/example_dynamic_task_mapping.py
[2023-10-04T21:53:26.514+0300] {processor.py:826} INFO - Processing file /home/paulet/anaconda3/lib/python3.10/site-packages/airflow/example_dags/example_dynamic_task_mapping.py for tasks to queue
[2023-10-04T21:53:26.515+0300] {logging_mixin.py:149} INFO - [2023-10-04T21:53:26.514+0300] {dagbag.py:541} INFO - Filling up the DagBag from /home/paulet/anaconda3/lib/python3.10/site-packages/airflow/example_dags/example_dynamic_task_mapping.py
[2023-10-04T21:53:26.523+0300] {processor.py:836} INFO - DAG(s) dict_keys(['example_dynamic_task_mapping']) retrieved from /home/paulet/anaconda3/lib/python3.10/site-packages/airflow/example_dags/example_dynamic_task_mapping.py
[2023-10-04T21:53:26.544+0300] {logging_mixin.py:149} INFO - [2023-10-04T21:53:26.544+0300] {dag.py:2726} INFO - Sync 1 DAGs
[2023-10-04T21:53:26.567+0300] {logging_mixin.py:149} INFO - [2023-10-04T21:53:26.567+0300] {dag.py:3486} INFO - Setting next_dagrun for example_dynamic_task_mapping to 2022-03-04T00:00:00+00:00, run_after=2022-03-05T00:00:00+00:00
[2023-10-04T21:53:26.715+0300] {processor.py:179} INFO - Processing /home/paulet/anaconda3/lib/python3.10/site-packages/airflow/example_dags/example_dynamic_task_mapping.py took 0.207 seconds
[2023-10-04T21:54:31.164+0300] {processor.py:157} INFO - Started process (PID=27158) to work on /home/paulet/anaconda3/lib/python3.10/site-packages/airflow/example_dags/example_dynamic_task_mapping.py
[2023-10-04T21:54:31.166+0300] {processor.py:826} INFO - Processing file /home/paulet/anaconda3/lib/python3.10/site-packages/airflow/example_dags/example_dynamic_task_mapping.py for tasks to queue
[2023-10-04T21:54:31.167+0300] {logging_mixin.py:149} INFO - [2023-10-04T21:54:31.167+0300] {dagbag.py:541} INFO - Filling up the DagBag from /home/paulet/anaconda3/lib/python3.10/site-packages/airflow/example_dags/example_dynamic_task_mapping.py
[2023-10-04T21:54:31.177+0300] {processor.py:836} INFO - DAG(s) dict_keys(['example_dynamic_task_mapping']) retrieved from /home/paulet/anaconda3/lib/python3.10/site-packages/airflow/example_dags/example_dynamic_task_mapping.py
[2023-10-04T21:54:31.202+0300] {logging_mixin.py:149} INFO - [2023-10-04T21:54:31.201+0300] {dag.py:2726} INFO - Sync 1 DAGs
[2023-10-04T21:54:31.227+0300] {logging_mixin.py:149} INFO - [2023-10-04T21:54:31.227+0300] {dag.py:3486} INFO - Setting next_dagrun for example_dynamic_task_mapping to 2022-03-04T00:00:00+00:00, run_after=2022-03-05T00:00:00+00:00
[2023-10-04T21:54:31.375+0300] {processor.py:179} INFO - Processing /home/paulet/anaconda3/lib/python3.10/site-packages/airflow/example_dags/example_dynamic_task_mapping.py took 0.215 seconds
[2023-10-04T21:55:25.246+0300] {processor.py:157} INFO - Started process (PID=27217) to work on /home/paulet/anaconda3/lib/python3.10/site-packages/airflow/example_dags/example_dynamic_task_mapping.py
[2023-10-04T21:55:25.280+0300] {processor.py:826} INFO - Processing file /home/paulet/anaconda3/lib/python3.10/site-packages/airflow/example_dags/example_dynamic_task_mapping.py for tasks to queue
[2023-10-04T21:55:25.281+0300] {logging_mixin.py:149} INFO - [2023-10-04T21:55:25.281+0300] {dagbag.py:541} INFO - Filling up the DagBag from /home/paulet/anaconda3/lib/python3.10/site-packages/airflow/example_dags/example_dynamic_task_mapping.py
[2023-10-04T21:55:25.290+0300] {processor.py:836} INFO - DAG(s) dict_keys(['example_dynamic_task_mapping']) retrieved from /home/paulet/anaconda3/lib/python3.10/site-packages/airflow/example_dags/example_dynamic_task_mapping.py
[2023-10-04T21:55:25.312+0300] {logging_mixin.py:149} INFO - [2023-10-04T21:55:25.312+0300] {dag.py:2726} INFO - Sync 1 DAGs
[2023-10-04T21:55:25.335+0300] {logging_mixin.py:149} INFO - [2023-10-04T21:55:25.335+0300] {dag.py:3486} INFO - Setting next_dagrun for example_dynamic_task_mapping to 2022-03-04T00:00:00+00:00, run_after=2022-03-05T00:00:00+00:00
[2023-10-04T21:55:25.963+0300] {processor.py:179} INFO - Processing /home/paulet/anaconda3/lib/python3.10/site-packages/airflow/example_dags/example_dynamic_task_mapping.py took 0.722 seconds
