[2023-10-04T18:10:00.411+0300] {processor.py:157} INFO - Started process (PID=14304) to work on /home/paulet/anaconda3/lib/python3.10/site-packages/airflow/example_dags/example_branch_datetime_operator.py
[2023-10-04T18:10:00.412+0300] {processor.py:826} INFO - Processing file /home/paulet/anaconda3/lib/python3.10/site-packages/airflow/example_dags/example_branch_datetime_operator.py for tasks to queue
[2023-10-04T18:10:00.413+0300] {logging_mixin.py:149} INFO - [2023-10-04T18:10:00.413+0300] {dagbag.py:541} INFO - Filling up the DagBag from /home/paulet/anaconda3/lib/python3.10/site-packages/airflow/example_dags/example_branch_datetime_operator.py
[2023-10-04T18:10:00.425+0300] {processor.py:836} INFO - DAG(s) dict_keys(['example_branch_datetime_operator', 'example_branch_datetime_operator_2', 'example_branch_datetime_operator_3']) retrieved from /home/paulet/anaconda3/lib/python3.10/site-packages/airflow/example_dags/example_branch_datetime_operator.py
[2023-10-04T18:10:00.769+0300] {logging_mixin.py:149} INFO - [2023-10-04T18:10:00.768+0300] {manager.py:504} INFO - Created Permission View: can edit on DAG:example_branch_datetime_operator
[2023-10-04T18:10:00.912+0300] {logging_mixin.py:149} INFO - [2023-10-04T18:10:00.911+0300] {manager.py:504} INFO - Created Permission View: can read on DAG:example_branch_datetime_operator
[2023-10-04T18:10:01.038+0300] {logging_mixin.py:149} INFO - [2023-10-04T18:10:01.037+0300] {manager.py:504} INFO - Created Permission View: can delete on DAG:example_branch_datetime_operator
[2023-10-04T18:10:01.355+0300] {logging_mixin.py:149} INFO - [2023-10-04T18:10:01.354+0300] {manager.py:504} INFO - Created Permission View: can edit on DAG:example_branch_datetime_operator_2
[2023-10-04T18:10:01.488+0300] {logging_mixin.py:149} INFO - [2023-10-04T18:10:01.487+0300] {manager.py:504} INFO - Created Permission View: can read on DAG:example_branch_datetime_operator_2
[2023-10-04T18:10:01.620+0300] {logging_mixin.py:149} INFO - [2023-10-04T18:10:01.620+0300] {manager.py:504} INFO - Created Permission View: can delete on DAG:example_branch_datetime_operator_2
[2023-10-04T18:10:02.240+0300] {logging_mixin.py:149} INFO - [2023-10-04T18:10:02.240+0300] {manager.py:504} INFO - Created Permission View: can edit on DAG:example_branch_datetime_operator_3
[2023-10-04T18:10:02.378+0300] {logging_mixin.py:149} INFO - [2023-10-04T18:10:02.377+0300] {manager.py:504} INFO - Created Permission View: can read on DAG:example_branch_datetime_operator_3
[2023-10-04T18:10:02.533+0300] {logging_mixin.py:149} INFO - [2023-10-04T18:10:02.532+0300] {manager.py:504} INFO - Created Permission View: can delete on DAG:example_branch_datetime_operator_3
[2023-10-04T18:10:02.534+0300] {logging_mixin.py:149} INFO - [2023-10-04T18:10:02.533+0300] {dag.py:2726} INFO - Sync 3 DAGs
[2023-10-04T18:10:02.573+0300] {logging_mixin.py:149} INFO - [2023-10-04T18:10:02.572+0300] {dag.py:2747} INFO - Creating ORM DAG for example_branch_datetime_operator
[2023-10-04T18:10:02.575+0300] {logging_mixin.py:149} INFO - [2023-10-04T18:10:02.574+0300] {dag.py:2747} INFO - Creating ORM DAG for example_branch_datetime_operator_3
[2023-10-04T18:10:02.576+0300] {logging_mixin.py:149} INFO - [2023-10-04T18:10:02.576+0300] {dag.py:2747} INFO - Creating ORM DAG for example_branch_datetime_operator_2
[2023-10-04T18:10:02.605+0300] {logging_mixin.py:149} INFO - [2023-10-04T18:10:02.604+0300] {dag.py:3486} INFO - Setting next_dagrun for example_branch_datetime_operator to 2023-10-03T00:00:00+00:00, run_after=2023-10-04T00:00:00+00:00
[2023-10-04T18:10:02.609+0300] {logging_mixin.py:149} INFO - [2023-10-04T18:10:02.609+0300] {dag.py:3486} INFO - Setting next_dagrun for example_branch_datetime_operator_2 to 2023-10-03T00:00:00+00:00, run_after=2023-10-04T00:00:00+00:00
[2023-10-04T18:10:02.612+0300] {logging_mixin.py:149} INFO - [2023-10-04T18:10:02.612+0300] {dag.py:3486} INFO - Setting next_dagrun for example_branch_datetime_operator_3 to 2023-10-03T00:00:00+00:00, run_after=2023-10-04T00:00:00+00:00
[2023-10-04T18:10:02.804+0300] {processor.py:179} INFO - Processing /home/paulet/anaconda3/lib/python3.10/site-packages/airflow/example_dags/example_branch_datetime_operator.py took 2.396 seconds
[2023-10-04T18:12:23.925+0300] {processor.py:157} INFO - Started process (PID=15116) to work on /home/paulet/anaconda3/lib/python3.10/site-packages/airflow/example_dags/example_branch_datetime_operator.py
[2023-10-04T18:12:23.940+0300] {processor.py:826} INFO - Processing file /home/paulet/anaconda3/lib/python3.10/site-packages/airflow/example_dags/example_branch_datetime_operator.py for tasks to queue
[2023-10-04T18:12:23.941+0300] {logging_mixin.py:149} INFO - [2023-10-04T18:12:23.941+0300] {dagbag.py:541} INFO - Filling up the DagBag from /home/paulet/anaconda3/lib/python3.10/site-packages/airflow/example_dags/example_branch_datetime_operator.py
[2023-10-04T18:12:23.953+0300] {processor.py:836} INFO - DAG(s) dict_keys(['example_branch_datetime_operator', 'example_branch_datetime_operator_3', 'example_branch_datetime_operator_2']) retrieved from /home/paulet/anaconda3/lib/python3.10/site-packages/airflow/example_dags/example_branch_datetime_operator.py
[2023-10-04T18:12:23.981+0300] {logging_mixin.py:149} INFO - [2023-10-04T18:12:23.981+0300] {dag.py:2726} INFO - Sync 3 DAGs
[2023-10-04T18:12:24.006+0300] {logging_mixin.py:149} INFO - [2023-10-04T18:12:24.006+0300] {dag.py:3486} INFO - Setting next_dagrun for example_branch_datetime_operator to 2023-10-03T00:00:00+00:00, run_after=2023-10-04T00:00:00+00:00
[2023-10-04T18:12:24.012+0300] {logging_mixin.py:149} INFO - [2023-10-04T18:12:24.011+0300] {dag.py:3486} INFO - Setting next_dagrun for example_branch_datetime_operator_2 to 2023-10-03T00:00:00+00:00, run_after=2023-10-04T00:00:00+00:00
[2023-10-04T18:12:24.014+0300] {logging_mixin.py:149} INFO - [2023-10-04T18:12:24.014+0300] {dag.py:3486} INFO - Setting next_dagrun for example_branch_datetime_operator_3 to 2023-10-03T00:00:00+00:00, run_after=2023-10-04T00:00:00+00:00
[2023-10-04T18:12:24.166+0300] {processor.py:179} INFO - Processing /home/paulet/anaconda3/lib/python3.10/site-packages/airflow/example_dags/example_branch_datetime_operator.py took 0.245 seconds
[2023-10-04T18:14:46.875+0300] {processor.py:157} INFO - Started process (PID=16059) to work on /home/paulet/anaconda3/lib/python3.10/site-packages/airflow/example_dags/example_branch_datetime_operator.py
[2023-10-04T18:14:46.910+0300] {processor.py:826} INFO - Processing file /home/paulet/anaconda3/lib/python3.10/site-packages/airflow/example_dags/example_branch_datetime_operator.py for tasks to queue
[2023-10-04T18:14:46.911+0300] {logging_mixin.py:149} INFO - [2023-10-04T18:14:46.911+0300] {dagbag.py:541} INFO - Filling up the DagBag from /home/paulet/anaconda3/lib/python3.10/site-packages/airflow/example_dags/example_branch_datetime_operator.py
[2023-10-04T18:14:46.927+0300] {processor.py:836} INFO - DAG(s) dict_keys(['example_branch_datetime_operator_3', 'example_branch_datetime_operator', 'example_branch_datetime_operator_2']) retrieved from /home/paulet/anaconda3/lib/python3.10/site-packages/airflow/example_dags/example_branch_datetime_operator.py
[2023-10-04T18:14:46.966+0300] {logging_mixin.py:149} INFO - [2023-10-04T18:14:46.966+0300] {dag.py:2726} INFO - Sync 3 DAGs
[2023-10-04T18:14:46.997+0300] {logging_mixin.py:149} INFO - [2023-10-04T18:14:46.997+0300] {dag.py:3486} INFO - Setting next_dagrun for example_branch_datetime_operator to 2023-10-03T00:00:00+00:00, run_after=2023-10-04T00:00:00+00:00
[2023-10-04T18:14:47.003+0300] {logging_mixin.py:149} INFO - [2023-10-04T18:14:47.003+0300] {dag.py:3486} INFO - Setting next_dagrun for example_branch_datetime_operator_2 to 2023-10-03T00:00:00+00:00, run_after=2023-10-04T00:00:00+00:00
[2023-10-04T18:14:47.006+0300] {logging_mixin.py:149} INFO - [2023-10-04T18:14:47.006+0300] {dag.py:3486} INFO - Setting next_dagrun for example_branch_datetime_operator_3 to 2023-10-03T00:00:00+00:00, run_after=2023-10-04T00:00:00+00:00
[2023-10-04T18:14:47.112+0300] {processor.py:179} INFO - Processing /home/paulet/anaconda3/lib/python3.10/site-packages/airflow/example_dags/example_branch_datetime_operator.py took 0.240 seconds
[2023-10-04T18:15:43.400+0300] {processor.py:157} INFO - Started process (PID=16119) to work on /home/paulet/anaconda3/lib/python3.10/site-packages/airflow/example_dags/example_branch_datetime_operator.py
[2023-10-04T18:15:43.428+0300] {processor.py:826} INFO - Processing file /home/paulet/anaconda3/lib/python3.10/site-packages/airflow/example_dags/example_branch_datetime_operator.py for tasks to queue
[2023-10-04T18:15:43.429+0300] {logging_mixin.py:149} INFO - [2023-10-04T18:15:43.429+0300] {dagbag.py:541} INFO - Filling up the DagBag from /home/paulet/anaconda3/lib/python3.10/site-packages/airflow/example_dags/example_branch_datetime_operator.py
[2023-10-04T18:15:43.443+0300] {processor.py:836} INFO - DAG(s) dict_keys(['example_branch_datetime_operator_2', 'example_branch_datetime_operator_3', 'example_branch_datetime_operator']) retrieved from /home/paulet/anaconda3/lib/python3.10/site-packages/airflow/example_dags/example_branch_datetime_operator.py
[2023-10-04T18:15:43.477+0300] {logging_mixin.py:149} INFO - [2023-10-04T18:15:43.477+0300] {dag.py:2726} INFO - Sync 3 DAGs
[2023-10-04T18:15:43.507+0300] {logging_mixin.py:149} INFO - [2023-10-04T18:15:43.506+0300] {dag.py:3486} INFO - Setting next_dagrun for example_branch_datetime_operator to 2023-10-03T00:00:00+00:00, run_after=2023-10-04T00:00:00+00:00
[2023-10-04T18:15:43.513+0300] {logging_mixin.py:149} INFO - [2023-10-04T18:15:43.513+0300] {dag.py:3486} INFO - Setting next_dagrun for example_branch_datetime_operator_2 to 2023-10-03T00:00:00+00:00, run_after=2023-10-04T00:00:00+00:00
[2023-10-04T18:15:43.516+0300] {logging_mixin.py:149} INFO - [2023-10-04T18:15:43.516+0300] {dag.py:3486} INFO - Setting next_dagrun for example_branch_datetime_operator_3 to 2023-10-03T00:00:00+00:00, run_after=2023-10-04T00:00:00+00:00
[2023-10-04T18:15:43.709+0300] {processor.py:179} INFO - Processing /home/paulet/anaconda3/lib/python3.10/site-packages/airflow/example_dags/example_branch_datetime_operator.py took 0.313 seconds
[2023-10-04T18:16:54.289+0300] {processor.py:157} INFO - Started process (PID=16180) to work on /home/paulet/anaconda3/lib/python3.10/site-packages/airflow/example_dags/example_branch_datetime_operator.py
[2023-10-04T18:16:54.376+0300] {processor.py:826} INFO - Processing file /home/paulet/anaconda3/lib/python3.10/site-packages/airflow/example_dags/example_branch_datetime_operator.py for tasks to queue
[2023-10-04T18:16:54.377+0300] {logging_mixin.py:149} INFO - [2023-10-04T18:16:54.377+0300] {dagbag.py:541} INFO - Filling up the DagBag from /home/paulet/anaconda3/lib/python3.10/site-packages/airflow/example_dags/example_branch_datetime_operator.py
[2023-10-04T18:16:54.391+0300] {processor.py:836} INFO - DAG(s) dict_keys(['example_branch_datetime_operator_3', 'example_branch_datetime_operator_2', 'example_branch_datetime_operator']) retrieved from /home/paulet/anaconda3/lib/python3.10/site-packages/airflow/example_dags/example_branch_datetime_operator.py
[2023-10-04T18:16:54.429+0300] {logging_mixin.py:149} INFO - [2023-10-04T18:16:54.429+0300] {dag.py:2726} INFO - Sync 3 DAGs
[2023-10-04T18:16:54.460+0300] {logging_mixin.py:149} INFO - [2023-10-04T18:16:54.460+0300] {dag.py:3486} INFO - Setting next_dagrun for example_branch_datetime_operator to 2023-10-03T00:00:00+00:00, run_after=2023-10-04T00:00:00+00:00
[2023-10-04T18:16:54.466+0300] {logging_mixin.py:149} INFO - [2023-10-04T18:16:54.466+0300] {dag.py:3486} INFO - Setting next_dagrun for example_branch_datetime_operator_2 to 2023-10-03T00:00:00+00:00, run_after=2023-10-04T00:00:00+00:00
[2023-10-04T18:16:54.470+0300] {logging_mixin.py:149} INFO - [2023-10-04T18:16:54.470+0300] {dag.py:3486} INFO - Setting next_dagrun for example_branch_datetime_operator_3 to 2023-10-03T00:00:00+00:00, run_after=2023-10-04T00:00:00+00:00
[2023-10-04T18:16:54.975+0300] {processor.py:179} INFO - Processing /home/paulet/anaconda3/lib/python3.10/site-packages/airflow/example_dags/example_branch_datetime_operator.py took 0.689 seconds
[2023-10-04T21:00:56.177+0300] {processor.py:157} INFO - Started process (PID=22448) to work on /home/paulet/anaconda3/lib/python3.10/site-packages/airflow/example_dags/example_branch_datetime_operator.py
[2023-10-04T21:00:56.194+0300] {processor.py:826} INFO - Processing file /home/paulet/anaconda3/lib/python3.10/site-packages/airflow/example_dags/example_branch_datetime_operator.py for tasks to queue
[2023-10-04T21:00:56.195+0300] {logging_mixin.py:149} INFO - [2023-10-04T21:00:56.195+0300] {dagbag.py:541} INFO - Filling up the DagBag from /home/paulet/anaconda3/lib/python3.10/site-packages/airflow/example_dags/example_branch_datetime_operator.py
[2023-10-04T21:00:56.211+0300] {processor.py:836} INFO - DAG(s) dict_keys(['example_branch_datetime_operator_2', 'example_branch_datetime_operator_3', 'example_branch_datetime_operator']) retrieved from /home/paulet/anaconda3/lib/python3.10/site-packages/airflow/example_dags/example_branch_datetime_operator.py
[2023-10-04T21:00:56.247+0300] {logging_mixin.py:149} INFO - [2023-10-04T21:00:56.247+0300] {dag.py:2726} INFO - Sync 3 DAGs
[2023-10-04T21:00:56.272+0300] {logging_mixin.py:149} INFO - [2023-10-04T21:00:56.272+0300] {dag.py:3486} INFO - Setting next_dagrun for example_branch_datetime_operator to 2023-10-03T00:00:00+00:00, run_after=2023-10-04T00:00:00+00:00
[2023-10-04T21:00:56.277+0300] {logging_mixin.py:149} INFO - [2023-10-04T21:00:56.277+0300] {dag.py:3486} INFO - Setting next_dagrun for example_branch_datetime_operator_2 to 2023-10-03T00:00:00+00:00, run_after=2023-10-04T00:00:00+00:00
[2023-10-04T21:00:56.280+0300] {logging_mixin.py:149} INFO - [2023-10-04T21:00:56.280+0300] {dag.py:3486} INFO - Setting next_dagrun for example_branch_datetime_operator_3 to 2023-10-03T00:00:00+00:00, run_after=2023-10-04T00:00:00+00:00
[2023-10-04T21:00:56.447+0300] {processor.py:179} INFO - Processing /home/paulet/anaconda3/lib/python3.10/site-packages/airflow/example_dags/example_branch_datetime_operator.py took 0.274 seconds
[2023-10-04T21:02:10.038+0300] {processor.py:157} INFO - Started process (PID=22642) to work on /home/paulet/anaconda3/lib/python3.10/site-packages/airflow/example_dags/example_branch_datetime_operator.py
[2023-10-04T21:02:10.039+0300] {processor.py:826} INFO - Processing file /home/paulet/anaconda3/lib/python3.10/site-packages/airflow/example_dags/example_branch_datetime_operator.py for tasks to queue
[2023-10-04T21:02:10.040+0300] {logging_mixin.py:149} INFO - [2023-10-04T21:02:10.040+0300] {dagbag.py:541} INFO - Filling up the DagBag from /home/paulet/anaconda3/lib/python3.10/site-packages/airflow/example_dags/example_branch_datetime_operator.py
[2023-10-04T21:02:10.052+0300] {processor.py:836} INFO - DAG(s) dict_keys(['example_branch_datetime_operator', 'example_branch_datetime_operator_3', 'example_branch_datetime_operator_2']) retrieved from /home/paulet/anaconda3/lib/python3.10/site-packages/airflow/example_dags/example_branch_datetime_operator.py
[2023-10-04T21:02:10.081+0300] {logging_mixin.py:149} INFO - [2023-10-04T21:02:10.081+0300] {dag.py:2726} INFO - Sync 3 DAGs
[2023-10-04T21:02:10.107+0300] {logging_mixin.py:149} INFO - [2023-10-04T21:02:10.106+0300] {dag.py:3486} INFO - Setting next_dagrun for example_branch_datetime_operator to 2023-10-03T00:00:00+00:00, run_after=2023-10-04T00:00:00+00:00
[2023-10-04T21:02:10.112+0300] {logging_mixin.py:149} INFO - [2023-10-04T21:02:10.112+0300] {dag.py:3486} INFO - Setting next_dagrun for example_branch_datetime_operator_2 to 2023-10-03T00:00:00+00:00, run_after=2023-10-04T00:00:00+00:00
[2023-10-04T21:02:10.115+0300] {logging_mixin.py:149} INFO - [2023-10-04T21:02:10.115+0300] {dag.py:3486} INFO - Setting next_dagrun for example_branch_datetime_operator_3 to 2023-10-03T00:00:00+00:00, run_after=2023-10-04T00:00:00+00:00
[2023-10-04T21:02:10.270+0300] {processor.py:179} INFO - Processing /home/paulet/anaconda3/lib/python3.10/site-packages/airflow/example_dags/example_branch_datetime_operator.py took 0.235 seconds
[2023-10-04T21:03:05.880+0300] {processor.py:157} INFO - Started process (PID=22693) to work on /home/paulet/anaconda3/lib/python3.10/site-packages/airflow/example_dags/example_branch_datetime_operator.py
[2023-10-04T21:03:05.881+0300] {processor.py:826} INFO - Processing file /home/paulet/anaconda3/lib/python3.10/site-packages/airflow/example_dags/example_branch_datetime_operator.py for tasks to queue
[2023-10-04T21:03:05.882+0300] {logging_mixin.py:149} INFO - [2023-10-04T21:03:05.882+0300] {dagbag.py:541} INFO - Filling up the DagBag from /home/paulet/anaconda3/lib/python3.10/site-packages/airflow/example_dags/example_branch_datetime_operator.py
[2023-10-04T21:03:05.897+0300] {processor.py:836} INFO - DAG(s) dict_keys(['example_branch_datetime_operator', 'example_branch_datetime_operator_3', 'example_branch_datetime_operator_2']) retrieved from /home/paulet/anaconda3/lib/python3.10/site-packages/airflow/example_dags/example_branch_datetime_operator.py
[2023-10-04T21:03:05.928+0300] {logging_mixin.py:149} INFO - [2023-10-04T21:03:05.928+0300] {dag.py:2726} INFO - Sync 3 DAGs
[2023-10-04T21:03:05.954+0300] {logging_mixin.py:149} INFO - [2023-10-04T21:03:05.953+0300] {dag.py:3486} INFO - Setting next_dagrun for example_branch_datetime_operator to 2023-10-03T00:00:00+00:00, run_after=2023-10-04T00:00:00+00:00
[2023-10-04T21:03:05.959+0300] {logging_mixin.py:149} INFO - [2023-10-04T21:03:05.959+0300] {dag.py:3486} INFO - Setting next_dagrun for example_branch_datetime_operator_2 to 2023-10-03T00:00:00+00:00, run_after=2023-10-04T00:00:00+00:00
[2023-10-04T21:03:05.964+0300] {logging_mixin.py:149} INFO - [2023-10-04T21:03:05.964+0300] {dag.py:3486} INFO - Setting next_dagrun for example_branch_datetime_operator_3 to 2023-10-03T00:00:00+00:00, run_after=2023-10-04T00:00:00+00:00
[2023-10-04T21:03:06.123+0300] {processor.py:179} INFO - Processing /home/paulet/anaconda3/lib/python3.10/site-packages/airflow/example_dags/example_branch_datetime_operator.py took 0.248 seconds
[2023-10-04T21:04:03.641+0300] {processor.py:157} INFO - Started process (PID=22750) to work on /home/paulet/anaconda3/lib/python3.10/site-packages/airflow/example_dags/example_branch_datetime_operator.py
[2023-10-04T21:04:03.642+0300] {processor.py:826} INFO - Processing file /home/paulet/anaconda3/lib/python3.10/site-packages/airflow/example_dags/example_branch_datetime_operator.py for tasks to queue
[2023-10-04T21:04:03.644+0300] {logging_mixin.py:149} INFO - [2023-10-04T21:04:03.643+0300] {dagbag.py:541} INFO - Filling up the DagBag from /home/paulet/anaconda3/lib/python3.10/site-packages/airflow/example_dags/example_branch_datetime_operator.py
[2023-10-04T21:04:03.658+0300] {processor.py:836} INFO - DAG(s) dict_keys(['example_branch_datetime_operator_3', 'example_branch_datetime_operator', 'example_branch_datetime_operator_2']) retrieved from /home/paulet/anaconda3/lib/python3.10/site-packages/airflow/example_dags/example_branch_datetime_operator.py
[2023-10-04T21:04:03.689+0300] {logging_mixin.py:149} INFO - [2023-10-04T21:04:03.689+0300] {dag.py:2726} INFO - Sync 3 DAGs
[2023-10-04T21:04:03.715+0300] {logging_mixin.py:149} INFO - [2023-10-04T21:04:03.714+0300] {dag.py:3486} INFO - Setting next_dagrun for example_branch_datetime_operator to 2023-10-03T00:00:00+00:00, run_after=2023-10-04T00:00:00+00:00
[2023-10-04T21:04:03.720+0300] {logging_mixin.py:149} INFO - [2023-10-04T21:04:03.720+0300] {dag.py:3486} INFO - Setting next_dagrun for example_branch_datetime_operator_2 to 2023-10-03T00:00:00+00:00, run_after=2023-10-04T00:00:00+00:00
[2023-10-04T21:04:03.723+0300] {logging_mixin.py:149} INFO - [2023-10-04T21:04:03.723+0300] {dag.py:3486} INFO - Setting next_dagrun for example_branch_datetime_operator_3 to 2023-10-03T00:00:00+00:00, run_after=2023-10-04T00:00:00+00:00
[2023-10-04T21:04:03.859+0300] {processor.py:179} INFO - Processing /home/paulet/anaconda3/lib/python3.10/site-packages/airflow/example_dags/example_branch_datetime_operator.py took 0.222 seconds
[2023-10-04T21:05:00.580+0300] {processor.py:157} INFO - Started process (PID=22818) to work on /home/paulet/anaconda3/lib/python3.10/site-packages/airflow/example_dags/example_branch_datetime_operator.py
[2023-10-04T21:05:00.582+0300] {processor.py:826} INFO - Processing file /home/paulet/anaconda3/lib/python3.10/site-packages/airflow/example_dags/example_branch_datetime_operator.py for tasks to queue
[2023-10-04T21:05:00.583+0300] {logging_mixin.py:149} INFO - [2023-10-04T21:05:00.583+0300] {dagbag.py:541} INFO - Filling up the DagBag from /home/paulet/anaconda3/lib/python3.10/site-packages/airflow/example_dags/example_branch_datetime_operator.py
[2023-10-04T21:05:00.598+0300] {processor.py:836} INFO - DAG(s) dict_keys(['example_branch_datetime_operator', 'example_branch_datetime_operator_3', 'example_branch_datetime_operator_2']) retrieved from /home/paulet/anaconda3/lib/python3.10/site-packages/airflow/example_dags/example_branch_datetime_operator.py
[2023-10-04T21:05:00.630+0300] {logging_mixin.py:149} INFO - [2023-10-04T21:05:00.630+0300] {dag.py:2726} INFO - Sync 3 DAGs
[2023-10-04T21:05:00.655+0300] {logging_mixin.py:149} INFO - [2023-10-04T21:05:00.654+0300] {dag.py:3486} INFO - Setting next_dagrun for example_branch_datetime_operator to 2023-10-03T00:00:00+00:00, run_after=2023-10-04T00:00:00+00:00
[2023-10-04T21:05:00.662+0300] {logging_mixin.py:149} INFO - [2023-10-04T21:05:00.661+0300] {dag.py:3486} INFO - Setting next_dagrun for example_branch_datetime_operator_2 to 2023-10-03T00:00:00+00:00, run_after=2023-10-04T00:00:00+00:00
[2023-10-04T21:05:00.664+0300] {logging_mixin.py:149} INFO - [2023-10-04T21:05:00.664+0300] {dag.py:3486} INFO - Setting next_dagrun for example_branch_datetime_operator_3 to 2023-10-03T00:00:00+00:00, run_after=2023-10-04T00:00:00+00:00
[2023-10-04T21:05:00.797+0300] {processor.py:179} INFO - Processing /home/paulet/anaconda3/lib/python3.10/site-packages/airflow/example_dags/example_branch_datetime_operator.py took 0.221 seconds
[2023-10-04T21:05:57.584+0300] {processor.py:157} INFO - Started process (PID=22895) to work on /home/paulet/anaconda3/lib/python3.10/site-packages/airflow/example_dags/example_branch_datetime_operator.py
[2023-10-04T21:05:57.586+0300] {processor.py:826} INFO - Processing file /home/paulet/anaconda3/lib/python3.10/site-packages/airflow/example_dags/example_branch_datetime_operator.py for tasks to queue
[2023-10-04T21:05:57.587+0300] {logging_mixin.py:149} INFO - [2023-10-04T21:05:57.587+0300] {dagbag.py:541} INFO - Filling up the DagBag from /home/paulet/anaconda3/lib/python3.10/site-packages/airflow/example_dags/example_branch_datetime_operator.py
[2023-10-04T21:05:57.601+0300] {processor.py:836} INFO - DAG(s) dict_keys(['example_branch_datetime_operator_3', 'example_branch_datetime_operator', 'example_branch_datetime_operator_2']) retrieved from /home/paulet/anaconda3/lib/python3.10/site-packages/airflow/example_dags/example_branch_datetime_operator.py
[2023-10-04T21:05:57.634+0300] {logging_mixin.py:149} INFO - [2023-10-04T21:05:57.634+0300] {dag.py:2726} INFO - Sync 3 DAGs
[2023-10-04T21:05:57.659+0300] {logging_mixin.py:149} INFO - [2023-10-04T21:05:57.659+0300] {dag.py:3486} INFO - Setting next_dagrun for example_branch_datetime_operator to 2023-10-03T00:00:00+00:00, run_after=2023-10-04T00:00:00+00:00
[2023-10-04T21:05:57.665+0300] {logging_mixin.py:149} INFO - [2023-10-04T21:05:57.665+0300] {dag.py:3486} INFO - Setting next_dagrun for example_branch_datetime_operator_2 to 2023-10-03T00:00:00+00:00, run_after=2023-10-04T00:00:00+00:00
[2023-10-04T21:05:57.668+0300] {logging_mixin.py:149} INFO - [2023-10-04T21:05:57.668+0300] {dag.py:3486} INFO - Setting next_dagrun for example_branch_datetime_operator_3 to 2023-10-03T00:00:00+00:00, run_after=2023-10-04T00:00:00+00:00
[2023-10-04T21:05:57.804+0300] {processor.py:179} INFO - Processing /home/paulet/anaconda3/lib/python3.10/site-packages/airflow/example_dags/example_branch_datetime_operator.py took 0.224 seconds
[2023-10-04T21:06:55.693+0300] {processor.py:157} INFO - Started process (PID=22947) to work on /home/paulet/anaconda3/lib/python3.10/site-packages/airflow/example_dags/example_branch_datetime_operator.py
[2023-10-04T21:06:55.695+0300] {processor.py:826} INFO - Processing file /home/paulet/anaconda3/lib/python3.10/site-packages/airflow/example_dags/example_branch_datetime_operator.py for tasks to queue
[2023-10-04T21:06:55.696+0300] {logging_mixin.py:149} INFO - [2023-10-04T21:06:55.696+0300] {dagbag.py:541} INFO - Filling up the DagBag from /home/paulet/anaconda3/lib/python3.10/site-packages/airflow/example_dags/example_branch_datetime_operator.py
[2023-10-04T21:06:55.708+0300] {processor.py:836} INFO - DAG(s) dict_keys(['example_branch_datetime_operator_3', 'example_branch_datetime_operator', 'example_branch_datetime_operator_2']) retrieved from /home/paulet/anaconda3/lib/python3.10/site-packages/airflow/example_dags/example_branch_datetime_operator.py
[2023-10-04T21:06:55.738+0300] {logging_mixin.py:149} INFO - [2023-10-04T21:06:55.738+0300] {dag.py:2726} INFO - Sync 3 DAGs
[2023-10-04T21:06:55.763+0300] {logging_mixin.py:149} INFO - [2023-10-04T21:06:55.763+0300] {dag.py:3486} INFO - Setting next_dagrun for example_branch_datetime_operator to 2023-10-03T00:00:00+00:00, run_after=2023-10-04T00:00:00+00:00
[2023-10-04T21:06:55.769+0300] {logging_mixin.py:149} INFO - [2023-10-04T21:06:55.768+0300] {dag.py:3486} INFO - Setting next_dagrun for example_branch_datetime_operator_2 to 2023-10-03T00:00:00+00:00, run_after=2023-10-04T00:00:00+00:00
[2023-10-04T21:06:55.771+0300] {logging_mixin.py:149} INFO - [2023-10-04T21:06:55.771+0300] {dag.py:3486} INFO - Setting next_dagrun for example_branch_datetime_operator_3 to 2023-10-03T00:00:00+00:00, run_after=2023-10-04T00:00:00+00:00
[2023-10-04T21:06:55.877+0300] {processor.py:179} INFO - Processing /home/paulet/anaconda3/lib/python3.10/site-packages/airflow/example_dags/example_branch_datetime_operator.py took 0.188 seconds
[2023-10-04T21:08:07.792+0300] {processor.py:157} INFO - Started process (PID=23017) to work on /home/paulet/anaconda3/lib/python3.10/site-packages/airflow/example_dags/example_branch_datetime_operator.py
[2023-10-04T21:08:07.794+0300] {processor.py:826} INFO - Processing file /home/paulet/anaconda3/lib/python3.10/site-packages/airflow/example_dags/example_branch_datetime_operator.py for tasks to queue
[2023-10-04T21:08:07.795+0300] {logging_mixin.py:149} INFO - [2023-10-04T21:08:07.794+0300] {dagbag.py:541} INFO - Filling up the DagBag from /home/paulet/anaconda3/lib/python3.10/site-packages/airflow/example_dags/example_branch_datetime_operator.py
[2023-10-04T21:08:07.809+0300] {processor.py:836} INFO - DAG(s) dict_keys(['example_branch_datetime_operator_3', 'example_branch_datetime_operator', 'example_branch_datetime_operator_2']) retrieved from /home/paulet/anaconda3/lib/python3.10/site-packages/airflow/example_dags/example_branch_datetime_operator.py
[2023-10-04T21:08:07.840+0300] {logging_mixin.py:149} INFO - [2023-10-04T21:08:07.840+0300] {dag.py:2726} INFO - Sync 3 DAGs
[2023-10-04T21:08:07.865+0300] {logging_mixin.py:149} INFO - [2023-10-04T21:08:07.865+0300] {dag.py:3486} INFO - Setting next_dagrun for example_branch_datetime_operator to 2023-10-03T00:00:00+00:00, run_after=2023-10-04T00:00:00+00:00
[2023-10-04T21:08:07.871+0300] {logging_mixin.py:149} INFO - [2023-10-04T21:08:07.871+0300] {dag.py:3486} INFO - Setting next_dagrun for example_branch_datetime_operator_2 to 2023-10-03T00:00:00+00:00, run_after=2023-10-04T00:00:00+00:00
[2023-10-04T21:08:07.874+0300] {logging_mixin.py:149} INFO - [2023-10-04T21:08:07.874+0300] {dag.py:3486} INFO - Setting next_dagrun for example_branch_datetime_operator_3 to 2023-10-03T00:00:00+00:00, run_after=2023-10-04T00:00:00+00:00
[2023-10-04T21:08:08.010+0300] {processor.py:179} INFO - Processing /home/paulet/anaconda3/lib/python3.10/site-packages/airflow/example_dags/example_branch_datetime_operator.py took 0.223 seconds
[2023-10-04T21:09:20.376+0300] {processor.py:157} INFO - Started process (PID=23105) to work on /home/paulet/anaconda3/lib/python3.10/site-packages/airflow/example_dags/example_branch_datetime_operator.py
[2023-10-04T21:09:20.399+0300] {processor.py:826} INFO - Processing file /home/paulet/anaconda3/lib/python3.10/site-packages/airflow/example_dags/example_branch_datetime_operator.py for tasks to queue
[2023-10-04T21:09:20.400+0300] {logging_mixin.py:149} INFO - [2023-10-04T21:09:20.400+0300] {dagbag.py:541} INFO - Filling up the DagBag from /home/paulet/anaconda3/lib/python3.10/site-packages/airflow/example_dags/example_branch_datetime_operator.py
[2023-10-04T21:09:20.416+0300] {processor.py:836} INFO - DAG(s) dict_keys(['example_branch_datetime_operator_3', 'example_branch_datetime_operator', 'example_branch_datetime_operator_2']) retrieved from /home/paulet/anaconda3/lib/python3.10/site-packages/airflow/example_dags/example_branch_datetime_operator.py
[2023-10-04T21:09:20.453+0300] {logging_mixin.py:149} INFO - [2023-10-04T21:09:20.453+0300] {dag.py:2726} INFO - Sync 3 DAGs
[2023-10-04T21:09:20.479+0300] {logging_mixin.py:149} INFO - [2023-10-04T21:09:20.479+0300] {dag.py:3486} INFO - Setting next_dagrun for example_branch_datetime_operator to 2023-10-03T00:00:00+00:00, run_after=2023-10-04T00:00:00+00:00
[2023-10-04T21:09:20.485+0300] {logging_mixin.py:149} INFO - [2023-10-04T21:09:20.485+0300] {dag.py:3486} INFO - Setting next_dagrun for example_branch_datetime_operator_2 to 2023-10-03T00:00:00+00:00, run_after=2023-10-04T00:00:00+00:00
[2023-10-04T21:09:20.488+0300] {logging_mixin.py:149} INFO - [2023-10-04T21:09:20.488+0300] {dag.py:3486} INFO - Setting next_dagrun for example_branch_datetime_operator_3 to 2023-10-03T00:00:00+00:00, run_after=2023-10-04T00:00:00+00:00
[2023-10-04T21:09:20.633+0300] {processor.py:179} INFO - Processing /home/paulet/anaconda3/lib/python3.10/site-packages/airflow/example_dags/example_branch_datetime_operator.py took 0.261 seconds
[2023-10-04T21:10:12.330+0300] {processor.py:157} INFO - Started process (PID=23212) to work on /home/paulet/anaconda3/lib/python3.10/site-packages/airflow/example_dags/example_branch_datetime_operator.py
[2023-10-04T21:10:12.332+0300] {processor.py:826} INFO - Processing file /home/paulet/anaconda3/lib/python3.10/site-packages/airflow/example_dags/example_branch_datetime_operator.py for tasks to queue
[2023-10-04T21:10:12.333+0300] {logging_mixin.py:149} INFO - [2023-10-04T21:10:12.333+0300] {dagbag.py:541} INFO - Filling up the DagBag from /home/paulet/anaconda3/lib/python3.10/site-packages/airflow/example_dags/example_branch_datetime_operator.py
[2023-10-04T21:10:12.348+0300] {processor.py:836} INFO - DAG(s) dict_keys(['example_branch_datetime_operator_2', 'example_branch_datetime_operator', 'example_branch_datetime_operator_3']) retrieved from /home/paulet/anaconda3/lib/python3.10/site-packages/airflow/example_dags/example_branch_datetime_operator.py
[2023-10-04T21:10:12.383+0300] {logging_mixin.py:149} INFO - [2023-10-04T21:10:12.382+0300] {dag.py:2726} INFO - Sync 3 DAGs
[2023-10-04T21:10:12.413+0300] {logging_mixin.py:149} INFO - [2023-10-04T21:10:12.413+0300] {dag.py:3486} INFO - Setting next_dagrun for example_branch_datetime_operator to 2023-10-03T00:00:00+00:00, run_after=2023-10-04T00:00:00+00:00
[2023-10-04T21:10:12.421+0300] {logging_mixin.py:149} INFO - [2023-10-04T21:10:12.421+0300] {dag.py:3486} INFO - Setting next_dagrun for example_branch_datetime_operator_2 to 2023-10-03T00:00:00+00:00, run_after=2023-10-04T00:00:00+00:00
[2023-10-04T21:10:12.424+0300] {logging_mixin.py:149} INFO - [2023-10-04T21:10:12.424+0300] {dag.py:3486} INFO - Setting next_dagrun for example_branch_datetime_operator_3 to 2023-10-03T00:00:00+00:00, run_after=2023-10-04T00:00:00+00:00
[2023-10-04T21:10:12.575+0300] {processor.py:179} INFO - Processing /home/paulet/anaconda3/lib/python3.10/site-packages/airflow/example_dags/example_branch_datetime_operator.py took 0.249 seconds
[2023-10-04T21:52:21.808+0300] {processor.py:157} INFO - Started process (PID=26960) to work on /home/paulet/anaconda3/lib/python3.10/site-packages/airflow/example_dags/example_branch_datetime_operator.py
[2023-10-04T21:52:21.817+0300] {processor.py:826} INFO - Processing file /home/paulet/anaconda3/lib/python3.10/site-packages/airflow/example_dags/example_branch_datetime_operator.py for tasks to queue
[2023-10-04T21:52:21.818+0300] {logging_mixin.py:149} INFO - [2023-10-04T21:52:21.818+0300] {dagbag.py:541} INFO - Filling up the DagBag from /home/paulet/anaconda3/lib/python3.10/site-packages/airflow/example_dags/example_branch_datetime_operator.py
[2023-10-04T21:52:21.833+0300] {processor.py:836} INFO - DAG(s) dict_keys(['example_branch_datetime_operator_3', 'example_branch_datetime_operator_2', 'example_branch_datetime_operator']) retrieved from /home/paulet/anaconda3/lib/python3.10/site-packages/airflow/example_dags/example_branch_datetime_operator.py
[2023-10-04T21:52:21.876+0300] {logging_mixin.py:149} INFO - [2023-10-04T21:52:21.876+0300] {dag.py:2726} INFO - Sync 3 DAGs
[2023-10-04T21:52:21.915+0300] {logging_mixin.py:149} INFO - [2023-10-04T21:52:21.915+0300] {dag.py:3486} INFO - Setting next_dagrun for example_branch_datetime_operator to 2023-10-03T00:00:00+00:00, run_after=2023-10-04T00:00:00+00:00
[2023-10-04T21:52:21.921+0300] {logging_mixin.py:149} INFO - [2023-10-04T21:52:21.921+0300] {dag.py:3486} INFO - Setting next_dagrun for example_branch_datetime_operator_2 to 2023-10-03T00:00:00+00:00, run_after=2023-10-04T00:00:00+00:00
[2023-10-04T21:52:21.924+0300] {logging_mixin.py:149} INFO - [2023-10-04T21:52:21.923+0300] {dag.py:3486} INFO - Setting next_dagrun for example_branch_datetime_operator_3 to 2023-10-03T00:00:00+00:00, run_after=2023-10-04T00:00:00+00:00
[2023-10-04T21:52:22.066+0300] {processor.py:179} INFO - Processing /home/paulet/anaconda3/lib/python3.10/site-packages/airflow/example_dags/example_branch_datetime_operator.py took 0.263 seconds
[2023-10-04T21:53:18.755+0300] {processor.py:157} INFO - Started process (PID=27055) to work on /home/paulet/anaconda3/lib/python3.10/site-packages/airflow/example_dags/example_branch_datetime_operator.py
[2023-10-04T21:53:18.789+0300] {processor.py:826} INFO - Processing file /home/paulet/anaconda3/lib/python3.10/site-packages/airflow/example_dags/example_branch_datetime_operator.py for tasks to queue
[2023-10-04T21:53:18.790+0300] {logging_mixin.py:149} INFO - [2023-10-04T21:53:18.790+0300] {dagbag.py:541} INFO - Filling up the DagBag from /home/paulet/anaconda3/lib/python3.10/site-packages/airflow/example_dags/example_branch_datetime_operator.py
[2023-10-04T21:53:18.805+0300] {processor.py:836} INFO - DAG(s) dict_keys(['example_branch_datetime_operator', 'example_branch_datetime_operator_2', 'example_branch_datetime_operator_3']) retrieved from /home/paulet/anaconda3/lib/python3.10/site-packages/airflow/example_dags/example_branch_datetime_operator.py
[2023-10-04T21:53:18.841+0300] {logging_mixin.py:149} INFO - [2023-10-04T21:53:18.840+0300] {dag.py:2726} INFO - Sync 3 DAGs
[2023-10-04T21:53:18.867+0300] {logging_mixin.py:149} INFO - [2023-10-04T21:53:18.867+0300] {dag.py:3486} INFO - Setting next_dagrun for example_branch_datetime_operator to 2023-10-03T00:00:00+00:00, run_after=2023-10-04T00:00:00+00:00
[2023-10-04T21:53:18.872+0300] {logging_mixin.py:149} INFO - [2023-10-04T21:53:18.872+0300] {dag.py:3486} INFO - Setting next_dagrun for example_branch_datetime_operator_2 to 2023-10-03T00:00:00+00:00, run_after=2023-10-04T00:00:00+00:00
[2023-10-04T21:53:18.875+0300] {logging_mixin.py:149} INFO - [2023-10-04T21:53:18.875+0300] {dag.py:3486} INFO - Setting next_dagrun for example_branch_datetime_operator_3 to 2023-10-03T00:00:00+00:00, run_after=2023-10-04T00:00:00+00:00
[2023-10-04T21:53:19.009+0300] {processor.py:179} INFO - Processing /home/paulet/anaconda3/lib/python3.10/site-packages/airflow/example_dags/example_branch_datetime_operator.py took 0.257 seconds
[2023-10-04T21:54:23.231+0300] {processor.py:157} INFO - Started process (PID=27152) to work on /home/paulet/anaconda3/lib/python3.10/site-packages/airflow/example_dags/example_branch_datetime_operator.py
[2023-10-04T21:54:23.238+0300] {processor.py:826} INFO - Processing file /home/paulet/anaconda3/lib/python3.10/site-packages/airflow/example_dags/example_branch_datetime_operator.py for tasks to queue
[2023-10-04T21:54:23.239+0300] {logging_mixin.py:149} INFO - [2023-10-04T21:54:23.239+0300] {dagbag.py:541} INFO - Filling up the DagBag from /home/paulet/anaconda3/lib/python3.10/site-packages/airflow/example_dags/example_branch_datetime_operator.py
[2023-10-04T21:54:23.252+0300] {processor.py:836} INFO - DAG(s) dict_keys(['example_branch_datetime_operator', 'example_branch_datetime_operator_3', 'example_branch_datetime_operator_2']) retrieved from /home/paulet/anaconda3/lib/python3.10/site-packages/airflow/example_dags/example_branch_datetime_operator.py
[2023-10-04T21:54:23.283+0300] {logging_mixin.py:149} INFO - [2023-10-04T21:54:23.282+0300] {dag.py:2726} INFO - Sync 3 DAGs
[2023-10-04T21:54:23.308+0300] {logging_mixin.py:149} INFO - [2023-10-04T21:54:23.308+0300] {dag.py:3486} INFO - Setting next_dagrun for example_branch_datetime_operator to 2023-10-03T00:00:00+00:00, run_after=2023-10-04T00:00:00+00:00
[2023-10-04T21:54:23.313+0300] {logging_mixin.py:149} INFO - [2023-10-04T21:54:23.313+0300] {dag.py:3486} INFO - Setting next_dagrun for example_branch_datetime_operator_2 to 2023-10-03T00:00:00+00:00, run_after=2023-10-04T00:00:00+00:00
[2023-10-04T21:54:23.316+0300] {logging_mixin.py:149} INFO - [2023-10-04T21:54:23.316+0300] {dag.py:3486} INFO - Setting next_dagrun for example_branch_datetime_operator_3 to 2023-10-03T00:00:00+00:00, run_after=2023-10-04T00:00:00+00:00
[2023-10-04T21:54:23.423+0300] {processor.py:179} INFO - Processing /home/paulet/anaconda3/lib/python3.10/site-packages/airflow/example_dags/example_branch_datetime_operator.py took 0.196 seconds
[2023-10-04T21:55:18.503+0300] {processor.py:157} INFO - Started process (PID=27211) to work on /home/paulet/anaconda3/lib/python3.10/site-packages/airflow/example_dags/example_branch_datetime_operator.py
[2023-10-04T21:55:18.533+0300] {processor.py:826} INFO - Processing file /home/paulet/anaconda3/lib/python3.10/site-packages/airflow/example_dags/example_branch_datetime_operator.py for tasks to queue
[2023-10-04T21:55:18.534+0300] {logging_mixin.py:149} INFO - [2023-10-04T21:55:18.534+0300] {dagbag.py:541} INFO - Filling up the DagBag from /home/paulet/anaconda3/lib/python3.10/site-packages/airflow/example_dags/example_branch_datetime_operator.py
[2023-10-04T21:55:18.549+0300] {processor.py:836} INFO - DAG(s) dict_keys(['example_branch_datetime_operator', 'example_branch_datetime_operator_2', 'example_branch_datetime_operator_3']) retrieved from /home/paulet/anaconda3/lib/python3.10/site-packages/airflow/example_dags/example_branch_datetime_operator.py
[2023-10-04T21:55:18.586+0300] {logging_mixin.py:149} INFO - [2023-10-04T21:55:18.586+0300] {dag.py:2726} INFO - Sync 3 DAGs
[2023-10-04T21:55:18.614+0300] {logging_mixin.py:149} INFO - [2023-10-04T21:55:18.614+0300] {dag.py:3486} INFO - Setting next_dagrun for example_branch_datetime_operator to 2023-10-03T00:00:00+00:00, run_after=2023-10-04T00:00:00+00:00
[2023-10-04T21:55:18.619+0300] {logging_mixin.py:149} INFO - [2023-10-04T21:55:18.619+0300] {dag.py:3486} INFO - Setting next_dagrun for example_branch_datetime_operator_2 to 2023-10-03T00:00:00+00:00, run_after=2023-10-04T00:00:00+00:00
[2023-10-04T21:55:18.622+0300] {logging_mixin.py:149} INFO - [2023-10-04T21:55:18.622+0300] {dag.py:3486} INFO - Setting next_dagrun for example_branch_datetime_operator_3 to 2023-10-03T00:00:00+00:00, run_after=2023-10-04T00:00:00+00:00
[2023-10-04T21:55:18.753+0300] {processor.py:179} INFO - Processing /home/paulet/anaconda3/lib/python3.10/site-packages/airflow/example_dags/example_branch_datetime_operator.py took 0.254 seconds
