[2023-10-04T18:09:29.775+0300] {processor.py:157} INFO - Started process (PID=14140) to work on /home/paulet/anaconda3/lib/python3.10/site-packages/airflow/example_dags/example_setup_teardown.py
[2023-10-04T18:09:29.777+0300] {processor.py:826} INFO - Processing file /home/paulet/anaconda3/lib/python3.10/site-packages/airflow/example_dags/example_setup_teardown.py for tasks to queue
[2023-10-04T18:09:29.778+0300] {logging_mixin.py:149} INFO - [2023-10-04T18:09:29.777+0300] {dagbag.py:541} INFO - Filling up the DagBag from /home/paulet/anaconda3/lib/python3.10/site-packages/airflow/example_dags/example_setup_teardown.py
[2023-10-04T18:09:29.780+0300] {processor.py:838} WARNING - No viable dags retrieved from /home/paulet/anaconda3/lib/python3.10/site-packages/airflow/example_dags/example_setup_teardown.py
[2023-10-04T18:09:29.793+0300] {processor.py:179} INFO - Processing /home/paulet/anaconda3/lib/python3.10/site-packages/airflow/example_dags/example_setup_teardown.py took 0.022 seconds
[2023-10-04T18:11:07.576+0300] {processor.py:157} INFO - Started process (PID=14643) to work on /home/paulet/anaconda3/lib/python3.10/site-packages/airflow/example_dags/example_setup_teardown.py
[2023-10-04T18:11:07.577+0300] {processor.py:826} INFO - Processing file /home/paulet/anaconda3/lib/python3.10/site-packages/airflow/example_dags/example_setup_teardown.py for tasks to queue
[2023-10-04T18:11:07.578+0300] {logging_mixin.py:149} INFO - [2023-10-04T18:11:07.578+0300] {dagbag.py:541} INFO - Filling up the DagBag from /home/paulet/anaconda3/lib/python3.10/site-packages/airflow/example_dags/example_setup_teardown.py
[2023-10-04T18:11:07.581+0300] {processor.py:838} WARNING - No viable dags retrieved from /home/paulet/anaconda3/lib/python3.10/site-packages/airflow/example_dags/example_setup_teardown.py
[2023-10-04T18:11:07.593+0300] {processor.py:179} INFO - Processing /home/paulet/anaconda3/lib/python3.10/site-packages/airflow/example_dags/example_setup_teardown.py took 0.021 seconds
[2023-10-04T18:12:56.581+0300] {processor.py:157} INFO - Started process (PID=15178) to work on /home/paulet/anaconda3/lib/python3.10/site-packages/airflow/example_dags/example_setup_teardown.py
[2023-10-04T18:12:56.582+0300] {processor.py:826} INFO - Processing file /home/paulet/anaconda3/lib/python3.10/site-packages/airflow/example_dags/example_setup_teardown.py for tasks to queue
[2023-10-04T18:12:56.583+0300] {logging_mixin.py:149} INFO - [2023-10-04T18:12:56.583+0300] {dagbag.py:541} INFO - Filling up the DagBag from /home/paulet/anaconda3/lib/python3.10/site-packages/airflow/example_dags/example_setup_teardown.py
[2023-10-04T18:12:56.587+0300] {processor.py:838} WARNING - No viable dags retrieved from /home/paulet/anaconda3/lib/python3.10/site-packages/airflow/example_dags/example_setup_teardown.py
[2023-10-04T18:12:56.603+0300] {processor.py:179} INFO - Processing /home/paulet/anaconda3/lib/python3.10/site-packages/airflow/example_dags/example_setup_teardown.py took 0.026 seconds
[2023-10-04T18:14:43.442+0300] {processor.py:157} INFO - Started process (PID=16056) to work on /home/paulet/anaconda3/lib/python3.10/site-packages/airflow/example_dags/example_setup_teardown.py
[2023-10-04T18:14:43.452+0300] {processor.py:826} INFO - Processing file /home/paulet/anaconda3/lib/python3.10/site-packages/airflow/example_dags/example_setup_teardown.py for tasks to queue
[2023-10-04T18:14:43.453+0300] {logging_mixin.py:149} INFO - [2023-10-04T18:14:43.452+0300] {dagbag.py:541} INFO - Filling up the DagBag from /home/paulet/anaconda3/lib/python3.10/site-packages/airflow/example_dags/example_setup_teardown.py
[2023-10-04T18:14:43.454+0300] {processor.py:838} WARNING - No viable dags retrieved from /home/paulet/anaconda3/lib/python3.10/site-packages/airflow/example_dags/example_setup_teardown.py
[2023-10-04T18:14:43.466+0300] {processor.py:179} INFO - Processing /home/paulet/anaconda3/lib/python3.10/site-packages/airflow/example_dags/example_setup_teardown.py took 0.027 seconds
[2023-10-04T18:15:39.481+0300] {processor.py:157} INFO - Started process (PID=16115) to work on /home/paulet/anaconda3/lib/python3.10/site-packages/airflow/example_dags/example_setup_teardown.py
[2023-10-04T18:15:39.488+0300] {processor.py:826} INFO - Processing file /home/paulet/anaconda3/lib/python3.10/site-packages/airflow/example_dags/example_setup_teardown.py for tasks to queue
[2023-10-04T18:15:39.490+0300] {logging_mixin.py:149} INFO - [2023-10-04T18:15:39.489+0300] {dagbag.py:541} INFO - Filling up the DagBag from /home/paulet/anaconda3/lib/python3.10/site-packages/airflow/example_dags/example_setup_teardown.py
[2023-10-04T18:15:39.492+0300] {processor.py:838} WARNING - No viable dags retrieved from /home/paulet/anaconda3/lib/python3.10/site-packages/airflow/example_dags/example_setup_teardown.py
[2023-10-04T18:15:39.507+0300] {processor.py:179} INFO - Processing /home/paulet/anaconda3/lib/python3.10/site-packages/airflow/example_dags/example_setup_teardown.py took 0.030 seconds
[2023-10-04T18:16:37.842+0300] {processor.py:157} INFO - Started process (PID=16171) to work on /home/paulet/anaconda3/lib/python3.10/site-packages/airflow/example_dags/example_setup_teardown.py
[2023-10-04T18:16:37.960+0300] {processor.py:826} INFO - Processing file /home/paulet/anaconda3/lib/python3.10/site-packages/airflow/example_dags/example_setup_teardown.py for tasks to queue
[2023-10-04T18:16:37.961+0300] {logging_mixin.py:149} INFO - [2023-10-04T18:16:37.961+0300] {dagbag.py:541} INFO - Filling up the DagBag from /home/paulet/anaconda3/lib/python3.10/site-packages/airflow/example_dags/example_setup_teardown.py
[2023-10-04T18:16:37.964+0300] {processor.py:838} WARNING - No viable dags retrieved from /home/paulet/anaconda3/lib/python3.10/site-packages/airflow/example_dags/example_setup_teardown.py
[2023-10-04T18:16:37.980+0300] {processor.py:179} INFO - Processing /home/paulet/anaconda3/lib/python3.10/site-packages/airflow/example_dags/example_setup_teardown.py took 0.142 seconds
[2023-10-04T18:17:36.608+0300] {processor.py:157} INFO - Started process (PID=16247) to work on /home/paulet/anaconda3/lib/python3.10/site-packages/airflow/example_dags/example_setup_teardown.py
[2023-10-04T18:17:36.642+0300] {processor.py:826} INFO - Processing file /home/paulet/anaconda3/lib/python3.10/site-packages/airflow/example_dags/example_setup_teardown.py for tasks to queue
[2023-10-04T18:17:36.643+0300] {logging_mixin.py:149} INFO - [2023-10-04T18:17:36.643+0300] {dagbag.py:541} INFO - Filling up the DagBag from /home/paulet/anaconda3/lib/python3.10/site-packages/airflow/example_dags/example_setup_teardown.py
[2023-10-04T18:17:36.646+0300] {processor.py:838} WARNING - No viable dags retrieved from /home/paulet/anaconda3/lib/python3.10/site-packages/airflow/example_dags/example_setup_teardown.py
[2023-10-04T18:17:36.661+0300] {processor.py:179} INFO - Processing /home/paulet/anaconda3/lib/python3.10/site-packages/airflow/example_dags/example_setup_teardown.py took 0.058 seconds
[2023-10-04T21:00:40.252+0300] {processor.py:157} INFO - Started process (PID=22435) to work on /home/paulet/anaconda3/lib/python3.10/site-packages/airflow/example_dags/example_setup_teardown.py
[2023-10-04T21:00:40.266+0300] {processor.py:826} INFO - Processing file /home/paulet/anaconda3/lib/python3.10/site-packages/airflow/example_dags/example_setup_teardown.py for tasks to queue
[2023-10-04T21:00:40.267+0300] {logging_mixin.py:149} INFO - [2023-10-04T21:00:40.267+0300] {dagbag.py:541} INFO - Filling up the DagBag from /home/paulet/anaconda3/lib/python3.10/site-packages/airflow/example_dags/example_setup_teardown.py
[2023-10-04T21:00:40.269+0300] {processor.py:838} WARNING - No viable dags retrieved from /home/paulet/anaconda3/lib/python3.10/site-packages/airflow/example_dags/example_setup_teardown.py
[2023-10-04T21:00:40.283+0300] {processor.py:179} INFO - Processing /home/paulet/anaconda3/lib/python3.10/site-packages/airflow/example_dags/example_setup_teardown.py took 0.035 seconds
[2023-10-04T21:01:55.881+0300] {processor.py:157} INFO - Started process (PID=22628) to work on /home/paulet/anaconda3/lib/python3.10/site-packages/airflow/example_dags/example_setup_teardown.py
[2023-10-04T21:01:55.896+0300] {processor.py:826} INFO - Processing file /home/paulet/anaconda3/lib/python3.10/site-packages/airflow/example_dags/example_setup_teardown.py for tasks to queue
[2023-10-04T21:01:55.897+0300] {logging_mixin.py:149} INFO - [2023-10-04T21:01:55.897+0300] {dagbag.py:541} INFO - Filling up the DagBag from /home/paulet/anaconda3/lib/python3.10/site-packages/airflow/example_dags/example_setup_teardown.py
[2023-10-04T21:01:55.900+0300] {processor.py:838} WARNING - No viable dags retrieved from /home/paulet/anaconda3/lib/python3.10/site-packages/airflow/example_dags/example_setup_teardown.py
[2023-10-04T21:01:55.913+0300] {processor.py:179} INFO - Processing /home/paulet/anaconda3/lib/python3.10/site-packages/airflow/example_dags/example_setup_teardown.py took 0.037 seconds
[2023-10-04T21:02:50.648+0300] {processor.py:157} INFO - Started process (PID=22681) to work on /home/paulet/anaconda3/lib/python3.10/site-packages/airflow/example_dags/example_setup_teardown.py
[2023-10-04T21:02:50.650+0300] {processor.py:826} INFO - Processing file /home/paulet/anaconda3/lib/python3.10/site-packages/airflow/example_dags/example_setup_teardown.py for tasks to queue
[2023-10-04T21:02:50.651+0300] {logging_mixin.py:149} INFO - [2023-10-04T21:02:50.651+0300] {dagbag.py:541} INFO - Filling up the DagBag from /home/paulet/anaconda3/lib/python3.10/site-packages/airflow/example_dags/example_setup_teardown.py
[2023-10-04T21:02:50.653+0300] {processor.py:838} WARNING - No viable dags retrieved from /home/paulet/anaconda3/lib/python3.10/site-packages/airflow/example_dags/example_setup_teardown.py
[2023-10-04T21:02:50.667+0300] {processor.py:179} INFO - Processing /home/paulet/anaconda3/lib/python3.10/site-packages/airflow/example_dags/example_setup_teardown.py took 0.023 seconds
[2023-10-04T21:03:48.465+0300] {processor.py:157} INFO - Started process (PID=22732) to work on /home/paulet/anaconda3/lib/python3.10/site-packages/airflow/example_dags/example_setup_teardown.py
[2023-10-04T21:03:48.466+0300] {processor.py:826} INFO - Processing file /home/paulet/anaconda3/lib/python3.10/site-packages/airflow/example_dags/example_setup_teardown.py for tasks to queue
[2023-10-04T21:03:48.468+0300] {logging_mixin.py:149} INFO - [2023-10-04T21:03:48.467+0300] {dagbag.py:541} INFO - Filling up the DagBag from /home/paulet/anaconda3/lib/python3.10/site-packages/airflow/example_dags/example_setup_teardown.py
[2023-10-04T21:03:48.470+0300] {processor.py:838} WARNING - No viable dags retrieved from /home/paulet/anaconda3/lib/python3.10/site-packages/airflow/example_dags/example_setup_teardown.py
[2023-10-04T21:03:48.484+0300] {processor.py:179} INFO - Processing /home/paulet/anaconda3/lib/python3.10/site-packages/airflow/example_dags/example_setup_teardown.py took 0.023 seconds
[2023-10-04T21:04:45.485+0300] {processor.py:157} INFO - Started process (PID=22806) to work on /home/paulet/anaconda3/lib/python3.10/site-packages/airflow/example_dags/example_setup_teardown.py
[2023-10-04T21:04:45.487+0300] {processor.py:826} INFO - Processing file /home/paulet/anaconda3/lib/python3.10/site-packages/airflow/example_dags/example_setup_teardown.py for tasks to queue
[2023-10-04T21:04:45.488+0300] {logging_mixin.py:149} INFO - [2023-10-04T21:04:45.488+0300] {dagbag.py:541} INFO - Filling up the DagBag from /home/paulet/anaconda3/lib/python3.10/site-packages/airflow/example_dags/example_setup_teardown.py
[2023-10-04T21:04:45.490+0300] {processor.py:838} WARNING - No viable dags retrieved from /home/paulet/anaconda3/lib/python3.10/site-packages/airflow/example_dags/example_setup_teardown.py
[2023-10-04T21:04:45.504+0300] {processor.py:179} INFO - Processing /home/paulet/anaconda3/lib/python3.10/site-packages/airflow/example_dags/example_setup_teardown.py took 0.023 seconds
[2023-10-04T21:05:41.288+0300] {processor.py:157} INFO - Started process (PID=22883) to work on /home/paulet/anaconda3/lib/python3.10/site-packages/airflow/example_dags/example_setup_teardown.py
[2023-10-04T21:05:41.312+0300] {processor.py:826} INFO - Processing file /home/paulet/anaconda3/lib/python3.10/site-packages/airflow/example_dags/example_setup_teardown.py for tasks to queue
[2023-10-04T21:05:41.313+0300] {logging_mixin.py:149} INFO - [2023-10-04T21:05:41.313+0300] {dagbag.py:541} INFO - Filling up the DagBag from /home/paulet/anaconda3/lib/python3.10/site-packages/airflow/example_dags/example_setup_teardown.py
[2023-10-04T21:05:41.316+0300] {processor.py:838} WARNING - No viable dags retrieved from /home/paulet/anaconda3/lib/python3.10/site-packages/airflow/example_dags/example_setup_teardown.py
[2023-10-04T21:05:41.330+0300] {processor.py:179} INFO - Processing /home/paulet/anaconda3/lib/python3.10/site-packages/airflow/example_dags/example_setup_teardown.py took 0.046 seconds
[2023-10-04T21:06:39.740+0300] {processor.py:157} INFO - Started process (PID=22934) to work on /home/paulet/anaconda3/lib/python3.10/site-packages/airflow/example_dags/example_setup_teardown.py
[2023-10-04T21:06:39.742+0300] {processor.py:826} INFO - Processing file /home/paulet/anaconda3/lib/python3.10/site-packages/airflow/example_dags/example_setup_teardown.py for tasks to queue
[2023-10-04T21:06:39.743+0300] {logging_mixin.py:149} INFO - [2023-10-04T21:06:39.743+0300] {dagbag.py:541} INFO - Filling up the DagBag from /home/paulet/anaconda3/lib/python3.10/site-packages/airflow/example_dags/example_setup_teardown.py
[2023-10-04T21:06:39.745+0300] {processor.py:838} WARNING - No viable dags retrieved from /home/paulet/anaconda3/lib/python3.10/site-packages/airflow/example_dags/example_setup_teardown.py
[2023-10-04T21:06:39.759+0300] {processor.py:179} INFO - Processing /home/paulet/anaconda3/lib/python3.10/site-packages/airflow/example_dags/example_setup_teardown.py took 0.023 seconds
[2023-10-04T21:07:32.040+0300] {processor.py:157} INFO - Started process (PID=22983) to work on /home/paulet/anaconda3/lib/python3.10/site-packages/airflow/example_dags/example_setup_teardown.py
[2023-10-04T21:07:32.065+0300] {processor.py:826} INFO - Processing file /home/paulet/anaconda3/lib/python3.10/site-packages/airflow/example_dags/example_setup_teardown.py for tasks to queue
[2023-10-04T21:07:32.066+0300] {logging_mixin.py:149} INFO - [2023-10-04T21:07:32.066+0300] {dagbag.py:541} INFO - Filling up the DagBag from /home/paulet/anaconda3/lib/python3.10/site-packages/airflow/example_dags/example_setup_teardown.py
[2023-10-04T21:07:32.068+0300] {processor.py:838} WARNING - No viable dags retrieved from /home/paulet/anaconda3/lib/python3.10/site-packages/airflow/example_dags/example_setup_teardown.py
[2023-10-04T21:07:32.082+0300] {processor.py:179} INFO - Processing /home/paulet/anaconda3/lib/python3.10/site-packages/airflow/example_dags/example_setup_teardown.py took 0.047 seconds
[2023-10-04T21:08:18.788+0300] {processor.py:157} INFO - Started process (PID=23028) to work on /home/paulet/anaconda3/lib/python3.10/site-packages/airflow/example_dags/example_setup_teardown.py
[2023-10-04T21:08:18.813+0300] {processor.py:826} INFO - Processing file /home/paulet/anaconda3/lib/python3.10/site-packages/airflow/example_dags/example_setup_teardown.py for tasks to queue
[2023-10-04T21:08:18.814+0300] {logging_mixin.py:149} INFO - [2023-10-04T21:08:18.814+0300] {dagbag.py:541} INFO - Filling up the DagBag from /home/paulet/anaconda3/lib/python3.10/site-packages/airflow/example_dags/example_setup_teardown.py
[2023-10-04T21:08:18.817+0300] {processor.py:838} WARNING - No viable dags retrieved from /home/paulet/anaconda3/lib/python3.10/site-packages/airflow/example_dags/example_setup_teardown.py
[2023-10-04T21:08:18.831+0300] {processor.py:179} INFO - Processing /home/paulet/anaconda3/lib/python3.10/site-packages/airflow/example_dags/example_setup_teardown.py took 0.048 seconds
[2023-10-04T21:09:09.485+0300] {processor.py:157} INFO - Started process (PID=23093) to work on /home/paulet/anaconda3/lib/python3.10/site-packages/airflow/example_dags/example_setup_teardown.py
[2023-10-04T21:09:09.486+0300] {processor.py:826} INFO - Processing file /home/paulet/anaconda3/lib/python3.10/site-packages/airflow/example_dags/example_setup_teardown.py for tasks to queue
[2023-10-04T21:09:09.487+0300] {logging_mixin.py:149} INFO - [2023-10-04T21:09:09.487+0300] {dagbag.py:541} INFO - Filling up the DagBag from /home/paulet/anaconda3/lib/python3.10/site-packages/airflow/example_dags/example_setup_teardown.py
[2023-10-04T21:09:09.490+0300] {processor.py:838} WARNING - No viable dags retrieved from /home/paulet/anaconda3/lib/python3.10/site-packages/airflow/example_dags/example_setup_teardown.py
[2023-10-04T21:09:09.504+0300] {processor.py:179} INFO - Processing /home/paulet/anaconda3/lib/python3.10/site-packages/airflow/example_dags/example_setup_teardown.py took 0.023 seconds
[2023-10-04T21:10:01.402+0300] {processor.py:157} INFO - Started process (PID=23181) to work on /home/paulet/anaconda3/lib/python3.10/site-packages/airflow/example_dags/example_setup_teardown.py
[2023-10-04T21:10:01.404+0300] {processor.py:826} INFO - Processing file /home/paulet/anaconda3/lib/python3.10/site-packages/airflow/example_dags/example_setup_teardown.py for tasks to queue
[2023-10-04T21:10:01.404+0300] {logging_mixin.py:149} INFO - [2023-10-04T21:10:01.404+0300] {dagbag.py:541} INFO - Filling up the DagBag from /home/paulet/anaconda3/lib/python3.10/site-packages/airflow/example_dags/example_setup_teardown.py
[2023-10-04T21:10:01.407+0300] {processor.py:838} WARNING - No viable dags retrieved from /home/paulet/anaconda3/lib/python3.10/site-packages/airflow/example_dags/example_setup_teardown.py
[2023-10-04T21:10:01.420+0300] {processor.py:179} INFO - Processing /home/paulet/anaconda3/lib/python3.10/site-packages/airflow/example_dags/example_setup_teardown.py took 0.023 seconds
[2023-10-04T21:52:05.335+0300] {processor.py:157} INFO - Started process (PID=26944) to work on /home/paulet/anaconda3/lib/python3.10/site-packages/airflow/example_dags/example_setup_teardown.py
[2023-10-04T21:52:05.366+0300] {processor.py:826} INFO - Processing file /home/paulet/anaconda3/lib/python3.10/site-packages/airflow/example_dags/example_setup_teardown.py for tasks to queue
[2023-10-04T21:52:05.367+0300] {logging_mixin.py:149} INFO - [2023-10-04T21:52:05.367+0300] {dagbag.py:541} INFO - Filling up the DagBag from /home/paulet/anaconda3/lib/python3.10/site-packages/airflow/example_dags/example_setup_teardown.py
[2023-10-04T21:52:05.370+0300] {processor.py:838} WARNING - No viable dags retrieved from /home/paulet/anaconda3/lib/python3.10/site-packages/airflow/example_dags/example_setup_teardown.py
[2023-10-04T21:52:05.384+0300] {processor.py:179} INFO - Processing /home/paulet/anaconda3/lib/python3.10/site-packages/airflow/example_dags/example_setup_teardown.py took 0.053 seconds
[2023-10-04T21:53:03.603+0300] {processor.py:157} INFO - Started process (PID=27042) to work on /home/paulet/anaconda3/lib/python3.10/site-packages/airflow/example_dags/example_setup_teardown.py
[2023-10-04T21:53:03.627+0300] {processor.py:826} INFO - Processing file /home/paulet/anaconda3/lib/python3.10/site-packages/airflow/example_dags/example_setup_teardown.py for tasks to queue
[2023-10-04T21:53:03.628+0300] {logging_mixin.py:149} INFO - [2023-10-04T21:53:03.628+0300] {dagbag.py:541} INFO - Filling up the DagBag from /home/paulet/anaconda3/lib/python3.10/site-packages/airflow/example_dags/example_setup_teardown.py
[2023-10-04T21:53:03.631+0300] {processor.py:838} WARNING - No viable dags retrieved from /home/paulet/anaconda3/lib/python3.10/site-packages/airflow/example_dags/example_setup_teardown.py
[2023-10-04T21:53:03.644+0300] {processor.py:179} INFO - Processing /home/paulet/anaconda3/lib/python3.10/site-packages/airflow/example_dags/example_setup_teardown.py took 0.045 seconds
[2023-10-04T21:54:07.588+0300] {processor.py:157} INFO - Started process (PID=27123) to work on /home/paulet/anaconda3/lib/python3.10/site-packages/airflow/example_dags/example_setup_teardown.py
[2023-10-04T21:54:07.600+0300] {processor.py:826} INFO - Processing file /home/paulet/anaconda3/lib/python3.10/site-packages/airflow/example_dags/example_setup_teardown.py for tasks to queue
[2023-10-04T21:54:07.601+0300] {logging_mixin.py:149} INFO - [2023-10-04T21:54:07.601+0300] {dagbag.py:541} INFO - Filling up the DagBag from /home/paulet/anaconda3/lib/python3.10/site-packages/airflow/example_dags/example_setup_teardown.py
[2023-10-04T21:54:07.604+0300] {processor.py:838} WARNING - No viable dags retrieved from /home/paulet/anaconda3/lib/python3.10/site-packages/airflow/example_dags/example_setup_teardown.py
[2023-10-04T21:54:07.617+0300] {processor.py:179} INFO - Processing /home/paulet/anaconda3/lib/python3.10/site-packages/airflow/example_dags/example_setup_teardown.py took 0.033 seconds
[2023-10-04T21:55:04.672+0300] {processor.py:157} INFO - Started process (PID=27197) to work on /home/paulet/anaconda3/lib/python3.10/site-packages/airflow/example_dags/example_setup_teardown.py
[2023-10-04T21:55:04.684+0300] {processor.py:826} INFO - Processing file /home/paulet/anaconda3/lib/python3.10/site-packages/airflow/example_dags/example_setup_teardown.py for tasks to queue
[2023-10-04T21:55:04.685+0300] {logging_mixin.py:149} INFO - [2023-10-04T21:55:04.685+0300] {dagbag.py:541} INFO - Filling up the DagBag from /home/paulet/anaconda3/lib/python3.10/site-packages/airflow/example_dags/example_setup_teardown.py
[2023-10-04T21:55:04.687+0300] {processor.py:838} WARNING - No viable dags retrieved from /home/paulet/anaconda3/lib/python3.10/site-packages/airflow/example_dags/example_setup_teardown.py
[2023-10-04T21:55:04.702+0300] {processor.py:179} INFO - Processing /home/paulet/anaconda3/lib/python3.10/site-packages/airflow/example_dags/example_setup_teardown.py took 0.035 seconds
