[2023-10-04T18:10:07.221+0300] {processor.py:157} INFO - Started process (PID=14307) to work on /home/paulet/anaconda3/lib/python3.10/site-packages/airflow/example_dags/example_dag_decorator.py
[2023-10-04T18:10:07.222+0300] {processor.py:826} INFO - Processing file /home/paulet/anaconda3/lib/python3.10/site-packages/airflow/example_dags/example_dag_decorator.py for tasks to queue
[2023-10-04T18:10:07.223+0300] {logging_mixin.py:149} INFO - [2023-10-04T18:10:07.223+0300] {dagbag.py:541} INFO - Filling up the DagBag from /home/paulet/anaconda3/lib/python3.10/site-packages/airflow/example_dags/example_dag_decorator.py
[2023-10-04T18:10:07.235+0300] {logging_mixin.py:149} INFO - [2023-10-04T18:10:07.235+0300] {taskmixin.py:211} WARNING - Dependency <Task(_PythonDecoratedOperator): prepare_email>, send_email already registered for DAG: example_dag_decorator
[2023-10-04T18:10:07.235+0300] {logging_mixin.py:149} INFO - [2023-10-04T18:10:07.235+0300] {taskmixin.py:211} WARNING - Dependency <Task(EmailOperator): send_email>, prepare_email already registered for DAG: example_dag_decorator
[2023-10-04T18:10:07.245+0300] {processor.py:836} INFO - DAG(s) dict_keys(['example_dag_decorator']) retrieved from /home/paulet/anaconda3/lib/python3.10/site-packages/airflow/example_dags/example_dag_decorator.py
[2023-10-04T18:10:07.587+0300] {logging_mixin.py:149} INFO - [2023-10-04T18:10:07.587+0300] {manager.py:504} INFO - Created Permission View: can edit on DAG:example_dag_decorator
[2023-10-04T18:10:07.720+0300] {logging_mixin.py:149} INFO - [2023-10-04T18:10:07.719+0300] {manager.py:504} INFO - Created Permission View: can read on DAG:example_dag_decorator
[2023-10-04T18:10:07.842+0300] {logging_mixin.py:149} INFO - [2023-10-04T18:10:07.841+0300] {manager.py:504} INFO - Created Permission View: can delete on DAG:example_dag_decorator
[2023-10-04T18:10:07.843+0300] {logging_mixin.py:149} INFO - [2023-10-04T18:10:07.842+0300] {dag.py:2726} INFO - Sync 1 DAGs
[2023-10-04T18:10:07.880+0300] {logging_mixin.py:149} INFO - [2023-10-04T18:10:07.880+0300] {dag.py:2747} INFO - Creating ORM DAG for example_dag_decorator
[2023-10-04T18:10:07.902+0300] {logging_mixin.py:149} INFO - [2023-10-04T18:10:07.902+0300] {dag.py:3486} INFO - Setting next_dagrun for example_dag_decorator to None, run_after=None
[2023-10-04T18:10:08.099+0300] {processor.py:179} INFO - Processing /home/paulet/anaconda3/lib/python3.10/site-packages/airflow/example_dags/example_dag_decorator.py took 0.882 seconds
[2023-10-04T18:12:28.209+0300] {processor.py:157} INFO - Started process (PID=15149) to work on /home/paulet/anaconda3/lib/python3.10/site-packages/airflow/example_dags/example_dag_decorator.py
[2023-10-04T18:12:28.211+0300] {processor.py:826} INFO - Processing file /home/paulet/anaconda3/lib/python3.10/site-packages/airflow/example_dags/example_dag_decorator.py for tasks to queue
[2023-10-04T18:12:28.213+0300] {logging_mixin.py:149} INFO - [2023-10-04T18:12:28.212+0300] {dagbag.py:541} INFO - Filling up the DagBag from /home/paulet/anaconda3/lib/python3.10/site-packages/airflow/example_dags/example_dag_decorator.py
[2023-10-04T18:12:28.229+0300] {logging_mixin.py:149} INFO - [2023-10-04T18:12:28.228+0300] {taskmixin.py:211} WARNING - Dependency <Task(_PythonDecoratedOperator): prepare_email>, send_email already registered for DAG: example_dag_decorator
[2023-10-04T18:12:28.229+0300] {logging_mixin.py:149} INFO - [2023-10-04T18:12:28.229+0300] {taskmixin.py:211} WARNING - Dependency <Task(EmailOperator): send_email>, prepare_email already registered for DAG: example_dag_decorator
[2023-10-04T18:12:28.244+0300] {processor.py:836} INFO - DAG(s) dict_keys(['example_dag_decorator']) retrieved from /home/paulet/anaconda3/lib/python3.10/site-packages/airflow/example_dags/example_dag_decorator.py
[2023-10-04T18:12:28.301+0300] {logging_mixin.py:149} INFO - [2023-10-04T18:12:28.300+0300] {dag.py:2726} INFO - Sync 1 DAGs
[2023-10-04T18:12:28.321+0300] {logging_mixin.py:149} INFO - [2023-10-04T18:12:28.321+0300] {dag.py:3486} INFO - Setting next_dagrun for example_dag_decorator to None, run_after=None
[2023-10-04T18:12:28.450+0300] {processor.py:179} INFO - Processing /home/paulet/anaconda3/lib/python3.10/site-packages/airflow/example_dags/example_dag_decorator.py took 0.246 seconds
[2023-10-04T18:14:51.053+0300] {processor.py:157} INFO - Started process (PID=16062) to work on /home/paulet/anaconda3/lib/python3.10/site-packages/airflow/example_dags/example_dag_decorator.py
[2023-10-04T18:14:51.065+0300] {processor.py:826} INFO - Processing file /home/paulet/anaconda3/lib/python3.10/site-packages/airflow/example_dags/example_dag_decorator.py for tasks to queue
[2023-10-04T18:14:51.066+0300] {logging_mixin.py:149} INFO - [2023-10-04T18:14:51.065+0300] {dagbag.py:541} INFO - Filling up the DagBag from /home/paulet/anaconda3/lib/python3.10/site-packages/airflow/example_dags/example_dag_decorator.py
[2023-10-04T18:14:51.076+0300] {logging_mixin.py:149} INFO - [2023-10-04T18:14:51.076+0300] {taskmixin.py:211} WARNING - Dependency <Task(_PythonDecoratedOperator): prepare_email>, send_email already registered for DAG: example_dag_decorator
[2023-10-04T18:14:51.077+0300] {logging_mixin.py:149} INFO - [2023-10-04T18:14:51.076+0300] {taskmixin.py:211} WARNING - Dependency <Task(EmailOperator): send_email>, prepare_email already registered for DAG: example_dag_decorator
[2023-10-04T18:14:51.087+0300] {processor.py:836} INFO - DAG(s) dict_keys(['example_dag_decorator']) retrieved from /home/paulet/anaconda3/lib/python3.10/site-packages/airflow/example_dags/example_dag_decorator.py
[2023-10-04T18:14:51.149+0300] {logging_mixin.py:149} INFO - [2023-10-04T18:14:51.149+0300] {dag.py:2726} INFO - Sync 1 DAGs
[2023-10-04T18:14:51.171+0300] {logging_mixin.py:149} INFO - [2023-10-04T18:14:51.171+0300] {dag.py:3486} INFO - Setting next_dagrun for example_dag_decorator to None, run_after=None
[2023-10-04T18:14:51.296+0300] {processor.py:179} INFO - Processing /home/paulet/anaconda3/lib/python3.10/site-packages/airflow/example_dags/example_dag_decorator.py took 0.248 seconds
[2023-10-04T18:15:46.946+0300] {processor.py:157} INFO - Started process (PID=16122) to work on /home/paulet/anaconda3/lib/python3.10/site-packages/airflow/example_dags/example_dag_decorator.py
[2023-10-04T18:15:46.968+0300] {processor.py:826} INFO - Processing file /home/paulet/anaconda3/lib/python3.10/site-packages/airflow/example_dags/example_dag_decorator.py for tasks to queue
[2023-10-04T18:15:46.969+0300] {logging_mixin.py:149} INFO - [2023-10-04T18:15:46.969+0300] {dagbag.py:541} INFO - Filling up the DagBag from /home/paulet/anaconda3/lib/python3.10/site-packages/airflow/example_dags/example_dag_decorator.py
[2023-10-04T18:15:46.979+0300] {logging_mixin.py:149} INFO - [2023-10-04T18:15:46.979+0300] {taskmixin.py:211} WARNING - Dependency <Task(_PythonDecoratedOperator): prepare_email>, send_email already registered for DAG: example_dag_decorator
[2023-10-04T18:15:46.979+0300] {logging_mixin.py:149} INFO - [2023-10-04T18:15:46.979+0300] {taskmixin.py:211} WARNING - Dependency <Task(EmailOperator): send_email>, prepare_email already registered for DAG: example_dag_decorator
[2023-10-04T18:15:46.989+0300] {processor.py:836} INFO - DAG(s) dict_keys(['example_dag_decorator']) retrieved from /home/paulet/anaconda3/lib/python3.10/site-packages/airflow/example_dags/example_dag_decorator.py
[2023-10-04T18:15:47.059+0300] {logging_mixin.py:149} INFO - [2023-10-04T18:15:47.059+0300] {dag.py:2726} INFO - Sync 1 DAGs
[2023-10-04T18:15:47.083+0300] {logging_mixin.py:149} INFO - [2023-10-04T18:15:47.082+0300] {dag.py:3486} INFO - Setting next_dagrun for example_dag_decorator to None, run_after=None
[2023-10-04T18:15:47.204+0300] {processor.py:179} INFO - Processing /home/paulet/anaconda3/lib/python3.10/site-packages/airflow/example_dags/example_dag_decorator.py took 0.261 seconds
[2023-10-04T18:17:00.445+0300] {processor.py:157} INFO - Started process (PID=16191) to work on /home/paulet/anaconda3/lib/python3.10/site-packages/airflow/example_dags/example_dag_decorator.py
[2023-10-04T18:17:00.517+0300] {processor.py:826} INFO - Processing file /home/paulet/anaconda3/lib/python3.10/site-packages/airflow/example_dags/example_dag_decorator.py for tasks to queue
[2023-10-04T18:17:00.518+0300] {logging_mixin.py:149} INFO - [2023-10-04T18:17:00.518+0300] {dagbag.py:541} INFO - Filling up the DagBag from /home/paulet/anaconda3/lib/python3.10/site-packages/airflow/example_dags/example_dag_decorator.py
[2023-10-04T18:17:00.528+0300] {logging_mixin.py:149} INFO - [2023-10-04T18:17:00.528+0300] {taskmixin.py:211} WARNING - Dependency <Task(_PythonDecoratedOperator): prepare_email>, send_email already registered for DAG: example_dag_decorator
[2023-10-04T18:17:00.528+0300] {logging_mixin.py:149} INFO - [2023-10-04T18:17:00.528+0300] {taskmixin.py:211} WARNING - Dependency <Task(EmailOperator): send_email>, prepare_email already registered for DAG: example_dag_decorator
[2023-10-04T18:17:00.538+0300] {processor.py:836} INFO - DAG(s) dict_keys(['example_dag_decorator']) retrieved from /home/paulet/anaconda3/lib/python3.10/site-packages/airflow/example_dags/example_dag_decorator.py
[2023-10-04T18:17:00.609+0300] {logging_mixin.py:149} INFO - [2023-10-04T18:17:00.608+0300] {dag.py:2726} INFO - Sync 1 DAGs
[2023-10-04T18:17:00.632+0300] {logging_mixin.py:149} INFO - [2023-10-04T18:17:00.632+0300] {dag.py:3486} INFO - Setting next_dagrun for example_dag_decorator to None, run_after=None
[2023-10-04T18:17:00.925+0300] {processor.py:179} INFO - Processing /home/paulet/anaconda3/lib/python3.10/site-packages/airflow/example_dags/example_dag_decorator.py took 0.485 seconds
[2023-10-04T21:00:59.981+0300] {processor.py:157} INFO - Started process (PID=22451) to work on /home/paulet/anaconda3/lib/python3.10/site-packages/airflow/example_dags/example_dag_decorator.py
[2023-10-04T21:00:59.983+0300] {processor.py:826} INFO - Processing file /home/paulet/anaconda3/lib/python3.10/site-packages/airflow/example_dags/example_dag_decorator.py for tasks to queue
[2023-10-04T21:00:59.984+0300] {logging_mixin.py:149} INFO - [2023-10-04T21:00:59.983+0300] {dagbag.py:541} INFO - Filling up the DagBag from /home/paulet/anaconda3/lib/python3.10/site-packages/airflow/example_dags/example_dag_decorator.py
[2023-10-04T21:00:59.995+0300] {logging_mixin.py:149} INFO - [2023-10-04T21:00:59.995+0300] {taskmixin.py:211} WARNING - Dependency <Task(_PythonDecoratedOperator): prepare_email>, send_email already registered for DAG: example_dag_decorator
[2023-10-04T21:00:59.996+0300] {logging_mixin.py:149} INFO - [2023-10-04T21:00:59.996+0300] {taskmixin.py:211} WARNING - Dependency <Task(EmailOperator): send_email>, prepare_email already registered for DAG: example_dag_decorator
[2023-10-04T21:01:00.006+0300] {processor.py:836} INFO - DAG(s) dict_keys(['example_dag_decorator']) retrieved from /home/paulet/anaconda3/lib/python3.10/site-packages/airflow/example_dags/example_dag_decorator.py
[2023-10-04T21:01:00.064+0300] {logging_mixin.py:149} INFO - [2023-10-04T21:01:00.064+0300] {dag.py:2726} INFO - Sync 1 DAGs
[2023-10-04T21:01:00.087+0300] {logging_mixin.py:149} INFO - [2023-10-04T21:01:00.087+0300] {dag.py:3486} INFO - Setting next_dagrun for example_dag_decorator to None, run_after=None
[2023-10-04T21:01:00.222+0300] {processor.py:179} INFO - Processing /home/paulet/anaconda3/lib/python3.10/site-packages/airflow/example_dags/example_dag_decorator.py took 0.245 seconds
[2023-10-04T21:02:14.147+0300] {processor.py:157} INFO - Started process (PID=22645) to work on /home/paulet/anaconda3/lib/python3.10/site-packages/airflow/example_dags/example_dag_decorator.py
[2023-10-04T21:02:14.148+0300] {processor.py:826} INFO - Processing file /home/paulet/anaconda3/lib/python3.10/site-packages/airflow/example_dags/example_dag_decorator.py for tasks to queue
[2023-10-04T21:02:14.149+0300] {logging_mixin.py:149} INFO - [2023-10-04T21:02:14.149+0300] {dagbag.py:541} INFO - Filling up the DagBag from /home/paulet/anaconda3/lib/python3.10/site-packages/airflow/example_dags/example_dag_decorator.py
[2023-10-04T21:02:14.158+0300] {logging_mixin.py:149} INFO - [2023-10-04T21:02:14.157+0300] {taskmixin.py:211} WARNING - Dependency <Task(_PythonDecoratedOperator): prepare_email>, send_email already registered for DAG: example_dag_decorator
[2023-10-04T21:02:14.158+0300] {logging_mixin.py:149} INFO - [2023-10-04T21:02:14.158+0300] {taskmixin.py:211} WARNING - Dependency <Task(EmailOperator): send_email>, prepare_email already registered for DAG: example_dag_decorator
[2023-10-04T21:02:14.167+0300] {processor.py:836} INFO - DAG(s) dict_keys(['example_dag_decorator']) retrieved from /home/paulet/anaconda3/lib/python3.10/site-packages/airflow/example_dags/example_dag_decorator.py
[2023-10-04T21:02:14.224+0300] {logging_mixin.py:149} INFO - [2023-10-04T21:02:14.223+0300] {dag.py:2726} INFO - Sync 1 DAGs
[2023-10-04T21:02:14.245+0300] {logging_mixin.py:149} INFO - [2023-10-04T21:02:14.244+0300] {dag.py:3486} INFO - Setting next_dagrun for example_dag_decorator to None, run_after=None
[2023-10-04T21:02:14.415+0300] {processor.py:179} INFO - Processing /home/paulet/anaconda3/lib/python3.10/site-packages/airflow/example_dags/example_dag_decorator.py took 0.272 seconds
[2023-10-04T21:03:08.861+0300] {processor.py:157} INFO - Started process (PID=22696) to work on /home/paulet/anaconda3/lib/python3.10/site-packages/airflow/example_dags/example_dag_decorator.py
[2023-10-04T21:03:08.862+0300] {processor.py:826} INFO - Processing file /home/paulet/anaconda3/lib/python3.10/site-packages/airflow/example_dags/example_dag_decorator.py for tasks to queue
[2023-10-04T21:03:08.863+0300] {logging_mixin.py:149} INFO - [2023-10-04T21:03:08.863+0300] {dagbag.py:541} INFO - Filling up the DagBag from /home/paulet/anaconda3/lib/python3.10/site-packages/airflow/example_dags/example_dag_decorator.py
[2023-10-04T21:03:08.876+0300] {logging_mixin.py:149} INFO - [2023-10-04T21:03:08.875+0300] {taskmixin.py:211} WARNING - Dependency <Task(_PythonDecoratedOperator): prepare_email>, send_email already registered for DAG: example_dag_decorator
[2023-10-04T21:03:08.876+0300] {logging_mixin.py:149} INFO - [2023-10-04T21:03:08.876+0300] {taskmixin.py:211} WARNING - Dependency <Task(EmailOperator): send_email>, prepare_email already registered for DAG: example_dag_decorator
[2023-10-04T21:03:08.886+0300] {processor.py:836} INFO - DAG(s) dict_keys(['example_dag_decorator']) retrieved from /home/paulet/anaconda3/lib/python3.10/site-packages/airflow/example_dags/example_dag_decorator.py
[2023-10-04T21:03:08.946+0300] {logging_mixin.py:149} INFO - [2023-10-04T21:03:08.946+0300] {dag.py:2726} INFO - Sync 1 DAGs
[2023-10-04T21:03:08.968+0300] {logging_mixin.py:149} INFO - [2023-10-04T21:03:08.968+0300] {dag.py:3486} INFO - Setting next_dagrun for example_dag_decorator to None, run_after=None
[2023-10-04T21:03:09.122+0300] {processor.py:179} INFO - Processing /home/paulet/anaconda3/lib/python3.10/site-packages/airflow/example_dags/example_dag_decorator.py took 0.266 seconds
[2023-10-04T21:04:07.817+0300] {processor.py:157} INFO - Started process (PID=22753) to work on /home/paulet/anaconda3/lib/python3.10/site-packages/airflow/example_dags/example_dag_decorator.py
[2023-10-04T21:04:07.829+0300] {processor.py:826} INFO - Processing file /home/paulet/anaconda3/lib/python3.10/site-packages/airflow/example_dags/example_dag_decorator.py for tasks to queue
[2023-10-04T21:04:07.830+0300] {logging_mixin.py:149} INFO - [2023-10-04T21:04:07.830+0300] {dagbag.py:541} INFO - Filling up the DagBag from /home/paulet/anaconda3/lib/python3.10/site-packages/airflow/example_dags/example_dag_decorator.py
[2023-10-04T21:04:07.842+0300] {logging_mixin.py:149} INFO - [2023-10-04T21:04:07.842+0300] {taskmixin.py:211} WARNING - Dependency <Task(_PythonDecoratedOperator): prepare_email>, send_email already registered for DAG: example_dag_decorator
[2023-10-04T21:04:07.843+0300] {logging_mixin.py:149} INFO - [2023-10-04T21:04:07.842+0300] {taskmixin.py:211} WARNING - Dependency <Task(EmailOperator): send_email>, prepare_email already registered for DAG: example_dag_decorator
[2023-10-04T21:04:07.855+0300] {processor.py:836} INFO - DAG(s) dict_keys(['example_dag_decorator']) retrieved from /home/paulet/anaconda3/lib/python3.10/site-packages/airflow/example_dags/example_dag_decorator.py
[2023-10-04T21:04:07.914+0300] {logging_mixin.py:149} INFO - [2023-10-04T21:04:07.914+0300] {dag.py:2726} INFO - Sync 1 DAGs
[2023-10-04T21:04:07.936+0300] {logging_mixin.py:149} INFO - [2023-10-04T21:04:07.936+0300] {dag.py:3486} INFO - Setting next_dagrun for example_dag_decorator to None, run_after=None
[2023-10-04T21:04:08.055+0300] {processor.py:179} INFO - Processing /home/paulet/anaconda3/lib/python3.10/site-packages/airflow/example_dags/example_dag_decorator.py took 0.242 seconds
[2023-10-04T21:05:04.964+0300] {processor.py:157} INFO - Started process (PID=22824) to work on /home/paulet/anaconda3/lib/python3.10/site-packages/airflow/example_dags/example_dag_decorator.py
[2023-10-04T21:05:04.974+0300] {processor.py:826} INFO - Processing file /home/paulet/anaconda3/lib/python3.10/site-packages/airflow/example_dags/example_dag_decorator.py for tasks to queue
[2023-10-04T21:05:04.975+0300] {logging_mixin.py:149} INFO - [2023-10-04T21:05:04.975+0300] {dagbag.py:541} INFO - Filling up the DagBag from /home/paulet/anaconda3/lib/python3.10/site-packages/airflow/example_dags/example_dag_decorator.py
[2023-10-04T21:05:04.987+0300] {logging_mixin.py:149} INFO - [2023-10-04T21:05:04.986+0300] {taskmixin.py:211} WARNING - Dependency <Task(_PythonDecoratedOperator): prepare_email>, send_email already registered for DAG: example_dag_decorator
[2023-10-04T21:05:04.987+0300] {logging_mixin.py:149} INFO - [2023-10-04T21:05:04.987+0300] {taskmixin.py:211} WARNING - Dependency <Task(EmailOperator): send_email>, prepare_email already registered for DAG: example_dag_decorator
[2023-10-04T21:05:04.998+0300] {processor.py:836} INFO - DAG(s) dict_keys(['example_dag_decorator']) retrieved from /home/paulet/anaconda3/lib/python3.10/site-packages/airflow/example_dags/example_dag_decorator.py
[2023-10-04T21:05:05.058+0300] {logging_mixin.py:149} INFO - [2023-10-04T21:05:05.057+0300] {dag.py:2726} INFO - Sync 1 DAGs
[2023-10-04T21:05:05.078+0300] {logging_mixin.py:149} INFO - [2023-10-04T21:05:05.078+0300] {dag.py:3486} INFO - Setting next_dagrun for example_dag_decorator to None, run_after=None
[2023-10-04T21:05:05.211+0300] {processor.py:179} INFO - Processing /home/paulet/anaconda3/lib/python3.10/site-packages/airflow/example_dags/example_dag_decorator.py took 0.251 seconds
[2023-10-04T21:06:24.501+0300] {processor.py:157} INFO - Started process (PID=22922) to work on /home/paulet/anaconda3/lib/python3.10/site-packages/airflow/example_dags/example_dag_decorator.py
[2023-10-04T21:06:24.503+0300] {processor.py:826} INFO - Processing file /home/paulet/anaconda3/lib/python3.10/site-packages/airflow/example_dags/example_dag_decorator.py for tasks to queue
[2023-10-04T21:06:24.504+0300] {logging_mixin.py:149} INFO - [2023-10-04T21:06:24.503+0300] {dagbag.py:541} INFO - Filling up the DagBag from /home/paulet/anaconda3/lib/python3.10/site-packages/airflow/example_dags/example_dag_decorator.py
[2023-10-04T21:06:24.515+0300] {logging_mixin.py:149} INFO - [2023-10-04T21:06:24.514+0300] {taskmixin.py:211} WARNING - Dependency <Task(_PythonDecoratedOperator): prepare_email>, send_email already registered for DAG: example_dag_decorator
[2023-10-04T21:06:24.515+0300] {logging_mixin.py:149} INFO - [2023-10-04T21:06:24.515+0300] {taskmixin.py:211} WARNING - Dependency <Task(EmailOperator): send_email>, prepare_email already registered for DAG: example_dag_decorator
[2023-10-04T21:06:24.525+0300] {processor.py:836} INFO - DAG(s) dict_keys(['example_dag_decorator']) retrieved from /home/paulet/anaconda3/lib/python3.10/site-packages/airflow/example_dags/example_dag_decorator.py
[2023-10-04T21:06:24.583+0300] {logging_mixin.py:149} INFO - [2023-10-04T21:06:24.583+0300] {dag.py:2726} INFO - Sync 1 DAGs
[2023-10-04T21:06:24.604+0300] {logging_mixin.py:149} INFO - [2023-10-04T21:06:24.604+0300] {dag.py:3486} INFO - Setting next_dagrun for example_dag_decorator to None, run_after=None
[2023-10-04T21:06:24.759+0300] {processor.py:179} INFO - Processing /home/paulet/anaconda3/lib/python3.10/site-packages/airflow/example_dags/example_dag_decorator.py took 0.263 seconds
[2023-10-04T21:07:19.548+0300] {processor.py:157} INFO - Started process (PID=22973) to work on /home/paulet/anaconda3/lib/python3.10/site-packages/airflow/example_dags/example_dag_decorator.py
[2023-10-04T21:07:19.568+0300] {processor.py:826} INFO - Processing file /home/paulet/anaconda3/lib/python3.10/site-packages/airflow/example_dags/example_dag_decorator.py for tasks to queue
[2023-10-04T21:07:19.569+0300] {logging_mixin.py:149} INFO - [2023-10-04T21:07:19.568+0300] {dagbag.py:541} INFO - Filling up the DagBag from /home/paulet/anaconda3/lib/python3.10/site-packages/airflow/example_dags/example_dag_decorator.py
[2023-10-04T21:07:19.580+0300] {logging_mixin.py:149} INFO - [2023-10-04T21:07:19.580+0300] {taskmixin.py:211} WARNING - Dependency <Task(_PythonDecoratedOperator): prepare_email>, send_email already registered for DAG: example_dag_decorator
[2023-10-04T21:07:19.580+0300] {logging_mixin.py:149} INFO - [2023-10-04T21:07:19.580+0300] {taskmixin.py:211} WARNING - Dependency <Task(EmailOperator): send_email>, prepare_email already registered for DAG: example_dag_decorator
[2023-10-04T21:07:19.592+0300] {processor.py:836} INFO - DAG(s) dict_keys(['example_dag_decorator']) retrieved from /home/paulet/anaconda3/lib/python3.10/site-packages/airflow/example_dags/example_dag_decorator.py
[2023-10-04T21:07:19.652+0300] {logging_mixin.py:149} INFO - [2023-10-04T21:07:19.652+0300] {dag.py:2726} INFO - Sync 1 DAGs
[2023-10-04T21:07:19.674+0300] {logging_mixin.py:149} INFO - [2023-10-04T21:07:19.674+0300] {dag.py:3486} INFO - Setting next_dagrun for example_dag_decorator to None, run_after=None
[2023-10-04T21:07:19.793+0300] {processor.py:179} INFO - Processing /home/paulet/anaconda3/lib/python3.10/site-packages/airflow/example_dags/example_dag_decorator.py took 0.249 seconds
[2023-10-04T21:08:29.428+0300] {processor.py:157} INFO - Started process (PID=23056) to work on /home/paulet/anaconda3/lib/python3.10/site-packages/airflow/example_dags/example_dag_decorator.py
[2023-10-04T21:08:29.453+0300] {processor.py:826} INFO - Processing file /home/paulet/anaconda3/lib/python3.10/site-packages/airflow/example_dags/example_dag_decorator.py for tasks to queue
[2023-10-04T21:08:29.454+0300] {logging_mixin.py:149} INFO - [2023-10-04T21:08:29.454+0300] {dagbag.py:541} INFO - Filling up the DagBag from /home/paulet/anaconda3/lib/python3.10/site-packages/airflow/example_dags/example_dag_decorator.py
[2023-10-04T21:08:29.466+0300] {logging_mixin.py:149} INFO - [2023-10-04T21:08:29.465+0300] {taskmixin.py:211} WARNING - Dependency <Task(_PythonDecoratedOperator): prepare_email>, send_email already registered for DAG: example_dag_decorator
[2023-10-04T21:08:29.466+0300] {logging_mixin.py:149} INFO - [2023-10-04T21:08:29.466+0300] {taskmixin.py:211} WARNING - Dependency <Task(EmailOperator): send_email>, prepare_email already registered for DAG: example_dag_decorator
[2023-10-04T21:08:29.478+0300] {processor.py:836} INFO - DAG(s) dict_keys(['example_dag_decorator']) retrieved from /home/paulet/anaconda3/lib/python3.10/site-packages/airflow/example_dags/example_dag_decorator.py
[2023-10-04T21:08:29.540+0300] {logging_mixin.py:149} INFO - [2023-10-04T21:08:29.540+0300] {dag.py:2726} INFO - Sync 1 DAGs
[2023-10-04T21:08:29.561+0300] {logging_mixin.py:149} INFO - [2023-10-04T21:08:29.561+0300] {dag.py:3486} INFO - Setting next_dagrun for example_dag_decorator to None, run_after=None
[2023-10-04T21:08:29.674+0300] {processor.py:179} INFO - Processing /home/paulet/anaconda3/lib/python3.10/site-packages/airflow/example_dags/example_dag_decorator.py took 0.251 seconds
[2023-10-04T21:09:24.824+0300] {processor.py:157} INFO - Started process (PID=23133) to work on /home/paulet/anaconda3/lib/python3.10/site-packages/airflow/example_dags/example_dag_decorator.py
[2023-10-04T21:09:24.847+0300] {processor.py:826} INFO - Processing file /home/paulet/anaconda3/lib/python3.10/site-packages/airflow/example_dags/example_dag_decorator.py for tasks to queue
[2023-10-04T21:09:24.848+0300] {logging_mixin.py:149} INFO - [2023-10-04T21:09:24.848+0300] {dagbag.py:541} INFO - Filling up the DagBag from /home/paulet/anaconda3/lib/python3.10/site-packages/airflow/example_dags/example_dag_decorator.py
[2023-10-04T21:09:24.859+0300] {logging_mixin.py:149} INFO - [2023-10-04T21:09:24.859+0300] {taskmixin.py:211} WARNING - Dependency <Task(_PythonDecoratedOperator): prepare_email>, send_email already registered for DAG: example_dag_decorator
[2023-10-04T21:09:24.859+0300] {logging_mixin.py:149} INFO - [2023-10-04T21:09:24.859+0300] {taskmixin.py:211} WARNING - Dependency <Task(EmailOperator): send_email>, prepare_email already registered for DAG: example_dag_decorator
[2023-10-04T21:09:24.871+0300] {processor.py:836} INFO - DAG(s) dict_keys(['example_dag_decorator']) retrieved from /home/paulet/anaconda3/lib/python3.10/site-packages/airflow/example_dags/example_dag_decorator.py
[2023-10-04T21:09:24.936+0300] {logging_mixin.py:149} INFO - [2023-10-04T21:09:24.935+0300] {dag.py:2726} INFO - Sync 1 DAGs
[2023-10-04T21:09:24.960+0300] {logging_mixin.py:149} INFO - [2023-10-04T21:09:24.960+0300] {dag.py:3486} INFO - Setting next_dagrun for example_dag_decorator to None, run_after=None
[2023-10-04T21:09:25.078+0300] {processor.py:179} INFO - Processing /home/paulet/anaconda3/lib/python3.10/site-packages/airflow/example_dags/example_dag_decorator.py took 0.257 seconds
[2023-10-04T21:10:39.260+0300] {processor.py:157} INFO - Started process (PID=23254) to work on /home/paulet/anaconda3/lib/python3.10/site-packages/airflow/example_dags/example_dag_decorator.py
[2023-10-04T21:10:39.276+0300] {processor.py:826} INFO - Processing file /home/paulet/anaconda3/lib/python3.10/site-packages/airflow/example_dags/example_dag_decorator.py for tasks to queue
[2023-10-04T21:10:39.277+0300] {logging_mixin.py:149} INFO - [2023-10-04T21:10:39.277+0300] {dagbag.py:541} INFO - Filling up the DagBag from /home/paulet/anaconda3/lib/python3.10/site-packages/airflow/example_dags/example_dag_decorator.py
[2023-10-04T21:10:39.287+0300] {logging_mixin.py:149} INFO - [2023-10-04T21:10:39.287+0300] {taskmixin.py:211} WARNING - Dependency <Task(_PythonDecoratedOperator): prepare_email>, send_email already registered for DAG: example_dag_decorator
[2023-10-04T21:10:39.288+0300] {logging_mixin.py:149} INFO - [2023-10-04T21:10:39.288+0300] {taskmixin.py:211} WARNING - Dependency <Task(EmailOperator): send_email>, prepare_email already registered for DAG: example_dag_decorator
[2023-10-04T21:10:39.298+0300] {processor.py:836} INFO - DAG(s) dict_keys(['example_dag_decorator']) retrieved from /home/paulet/anaconda3/lib/python3.10/site-packages/airflow/example_dags/example_dag_decorator.py
[2023-10-04T21:10:39.361+0300] {logging_mixin.py:149} INFO - [2023-10-04T21:10:39.361+0300] {dag.py:2726} INFO - Sync 1 DAGs
[2023-10-04T21:10:39.383+0300] {logging_mixin.py:149} INFO - [2023-10-04T21:10:39.382+0300] {dag.py:3486} INFO - Setting next_dagrun for example_dag_decorator to None, run_after=None
[2023-10-04T21:10:39.513+0300] {processor.py:179} INFO - Processing /home/paulet/anaconda3/lib/python3.10/site-packages/airflow/example_dags/example_dag_decorator.py took 0.256 seconds
[2023-10-04T21:52:25.908+0300] {processor.py:157} INFO - Started process (PID=26984) to work on /home/paulet/anaconda3/lib/python3.10/site-packages/airflow/example_dags/example_dag_decorator.py
[2023-10-04T21:52:25.909+0300] {processor.py:826} INFO - Processing file /home/paulet/anaconda3/lib/python3.10/site-packages/airflow/example_dags/example_dag_decorator.py for tasks to queue
[2023-10-04T21:52:25.910+0300] {logging_mixin.py:149} INFO - [2023-10-04T21:52:25.910+0300] {dagbag.py:541} INFO - Filling up the DagBag from /home/paulet/anaconda3/lib/python3.10/site-packages/airflow/example_dags/example_dag_decorator.py
[2023-10-04T21:52:25.922+0300] {logging_mixin.py:149} INFO - [2023-10-04T21:52:25.922+0300] {taskmixin.py:211} WARNING - Dependency <Task(_PythonDecoratedOperator): prepare_email>, send_email already registered for DAG: example_dag_decorator
[2023-10-04T21:52:25.923+0300] {logging_mixin.py:149} INFO - [2023-10-04T21:52:25.922+0300] {taskmixin.py:211} WARNING - Dependency <Task(EmailOperator): send_email>, prepare_email already registered for DAG: example_dag_decorator
[2023-10-04T21:52:25.933+0300] {processor.py:836} INFO - DAG(s) dict_keys(['example_dag_decorator']) retrieved from /home/paulet/anaconda3/lib/python3.10/site-packages/airflow/example_dags/example_dag_decorator.py
[2023-10-04T21:52:25.992+0300] {logging_mixin.py:149} INFO - [2023-10-04T21:52:25.992+0300] {dag.py:2726} INFO - Sync 1 DAGs
[2023-10-04T21:52:26.014+0300] {logging_mixin.py:149} INFO - [2023-10-04T21:52:26.014+0300] {dag.py:3486} INFO - Setting next_dagrun for example_dag_decorator to None, run_after=None
[2023-10-04T21:52:26.139+0300] {processor.py:179} INFO - Processing /home/paulet/anaconda3/lib/python3.10/site-packages/airflow/example_dags/example_dag_decorator.py took 0.236 seconds
[2023-10-04T21:53:22.202+0300] {processor.py:157} INFO - Started process (PID=27058) to work on /home/paulet/anaconda3/lib/python3.10/site-packages/airflow/example_dags/example_dag_decorator.py
[2023-10-04T21:53:22.203+0300] {processor.py:826} INFO - Processing file /home/paulet/anaconda3/lib/python3.10/site-packages/airflow/example_dags/example_dag_decorator.py for tasks to queue
[2023-10-04T21:53:22.204+0300] {logging_mixin.py:149} INFO - [2023-10-04T21:53:22.204+0300] {dagbag.py:541} INFO - Filling up the DagBag from /home/paulet/anaconda3/lib/python3.10/site-packages/airflow/example_dags/example_dag_decorator.py
[2023-10-04T21:53:22.215+0300] {logging_mixin.py:149} INFO - [2023-10-04T21:53:22.215+0300] {taskmixin.py:211} WARNING - Dependency <Task(_PythonDecoratedOperator): prepare_email>, send_email already registered for DAG: example_dag_decorator
[2023-10-04T21:53:22.216+0300] {logging_mixin.py:149} INFO - [2023-10-04T21:53:22.215+0300] {taskmixin.py:211} WARNING - Dependency <Task(EmailOperator): send_email>, prepare_email already registered for DAG: example_dag_decorator
[2023-10-04T21:53:22.225+0300] {processor.py:836} INFO - DAG(s) dict_keys(['example_dag_decorator']) retrieved from /home/paulet/anaconda3/lib/python3.10/site-packages/airflow/example_dags/example_dag_decorator.py
[2023-10-04T21:53:22.284+0300] {logging_mixin.py:149} INFO - [2023-10-04T21:53:22.283+0300] {dag.py:2726} INFO - Sync 1 DAGs
[2023-10-04T21:53:22.304+0300] {logging_mixin.py:149} INFO - [2023-10-04T21:53:22.304+0300] {dag.py:3486} INFO - Setting next_dagrun for example_dag_decorator to None, run_after=None
[2023-10-04T21:53:22.417+0300] {processor.py:179} INFO - Processing /home/paulet/anaconda3/lib/python3.10/site-packages/airflow/example_dags/example_dag_decorator.py took 0.219 seconds
[2023-10-04T21:54:27.428+0300] {processor.py:157} INFO - Started process (PID=27155) to work on /home/paulet/anaconda3/lib/python3.10/site-packages/airflow/example_dags/example_dag_decorator.py
[2023-10-04T21:54:27.456+0300] {processor.py:826} INFO - Processing file /home/paulet/anaconda3/lib/python3.10/site-packages/airflow/example_dags/example_dag_decorator.py for tasks to queue
[2023-10-04T21:54:27.457+0300] {logging_mixin.py:149} INFO - [2023-10-04T21:54:27.457+0300] {dagbag.py:541} INFO - Filling up the DagBag from /home/paulet/anaconda3/lib/python3.10/site-packages/airflow/example_dags/example_dag_decorator.py
[2023-10-04T21:54:27.468+0300] {logging_mixin.py:149} INFO - [2023-10-04T21:54:27.468+0300] {taskmixin.py:211} WARNING - Dependency <Task(_PythonDecoratedOperator): prepare_email>, send_email already registered for DAG: example_dag_decorator
[2023-10-04T21:54:27.469+0300] {logging_mixin.py:149} INFO - [2023-10-04T21:54:27.469+0300] {taskmixin.py:211} WARNING - Dependency <Task(EmailOperator): send_email>, prepare_email already registered for DAG: example_dag_decorator
[2023-10-04T21:54:27.481+0300] {processor.py:836} INFO - DAG(s) dict_keys(['example_dag_decorator']) retrieved from /home/paulet/anaconda3/lib/python3.10/site-packages/airflow/example_dags/example_dag_decorator.py
[2023-10-04T21:54:27.549+0300] {logging_mixin.py:149} INFO - [2023-10-04T21:54:27.549+0300] {dag.py:2726} INFO - Sync 1 DAGs
[2023-10-04T21:54:27.573+0300] {logging_mixin.py:149} INFO - [2023-10-04T21:54:27.573+0300] {dag.py:3486} INFO - Setting next_dagrun for example_dag_decorator to None, run_after=None
[2023-10-04T21:54:27.696+0300] {processor.py:179} INFO - Processing /home/paulet/anaconda3/lib/python3.10/site-packages/airflow/example_dags/example_dag_decorator.py took 0.272 seconds
[2023-10-04T21:55:21.744+0300] {processor.py:157} INFO - Started process (PID=27214) to work on /home/paulet/anaconda3/lib/python3.10/site-packages/airflow/example_dags/example_dag_decorator.py
[2023-10-04T21:55:21.769+0300] {processor.py:826} INFO - Processing file /home/paulet/anaconda3/lib/python3.10/site-packages/airflow/example_dags/example_dag_decorator.py for tasks to queue
[2023-10-04T21:55:21.770+0300] {logging_mixin.py:149} INFO - [2023-10-04T21:55:21.770+0300] {dagbag.py:541} INFO - Filling up the DagBag from /home/paulet/anaconda3/lib/python3.10/site-packages/airflow/example_dags/example_dag_decorator.py
[2023-10-04T21:55:21.785+0300] {logging_mixin.py:149} INFO - [2023-10-04T21:55:21.785+0300] {taskmixin.py:211} WARNING - Dependency <Task(_PythonDecoratedOperator): prepare_email>, send_email already registered for DAG: example_dag_decorator
[2023-10-04T21:55:21.786+0300] {logging_mixin.py:149} INFO - [2023-10-04T21:55:21.786+0300] {taskmixin.py:211} WARNING - Dependency <Task(EmailOperator): send_email>, prepare_email already registered for DAG: example_dag_decorator
[2023-10-04T21:55:21.798+0300] {processor.py:836} INFO - DAG(s) dict_keys(['example_dag_decorator']) retrieved from /home/paulet/anaconda3/lib/python3.10/site-packages/airflow/example_dags/example_dag_decorator.py
[2023-10-04T21:55:21.864+0300] {logging_mixin.py:149} INFO - [2023-10-04T21:55:21.864+0300] {dag.py:2726} INFO - Sync 1 DAGs
[2023-10-04T21:55:21.887+0300] {logging_mixin.py:149} INFO - [2023-10-04T21:55:21.887+0300] {dag.py:3486} INFO - Setting next_dagrun for example_dag_decorator to None, run_after=None
[2023-10-04T21:55:22.029+0300] {processor.py:179} INFO - Processing /home/paulet/anaconda3/lib/python3.10/site-packages/airflow/example_dags/example_dag_decorator.py took 0.289 seconds
