[2023-10-04T18:10:14.451+0300] {processor.py:157} INFO - Started process (PID=14314) to work on /home/paulet/anaconda3/lib/python3.10/site-packages/airflow/example_dags/example_branch_day_of_week_operator.py
[2023-10-04T18:10:14.452+0300] {processor.py:826} INFO - Processing file /home/paulet/anaconda3/lib/python3.10/site-packages/airflow/example_dags/example_branch_day_of_week_operator.py for tasks to queue
[2023-10-04T18:10:14.453+0300] {logging_mixin.py:149} INFO - [2023-10-04T18:10:14.452+0300] {dagbag.py:541} INFO - Filling up the DagBag from /home/paulet/anaconda3/lib/python3.10/site-packages/airflow/example_dags/example_branch_day_of_week_operator.py
[2023-10-04T18:10:14.465+0300] {processor.py:836} INFO - DAG(s) dict_keys(['example_weekday_branch_operator']) retrieved from /home/paulet/anaconda3/lib/python3.10/site-packages/airflow/example_dags/example_branch_day_of_week_operator.py
[2023-10-04T18:10:17.079+0300] {logging_mixin.py:149} INFO - [2023-10-04T18:10:17.078+0300] {manager.py:504} INFO - Created Permission View: can edit on DAG:example_weekday_branch_operator
[2023-10-04T18:10:17.860+0300] {logging_mixin.py:149} INFO - [2023-10-04T18:10:17.859+0300] {manager.py:504} INFO - Created Permission View: can read on DAG:example_weekday_branch_operator
[2023-10-04T18:10:17.992+0300] {logging_mixin.py:149} INFO - [2023-10-04T18:10:17.991+0300] {manager.py:504} INFO - Created Permission View: can delete on DAG:example_weekday_branch_operator
[2023-10-04T18:10:17.993+0300] {logging_mixin.py:149} INFO - [2023-10-04T18:10:17.993+0300] {dag.py:2726} INFO - Sync 1 DAGs
[2023-10-04T18:10:18.129+0300] {logging_mixin.py:149} INFO - [2023-10-04T18:10:18.129+0300] {dag.py:2747} INFO - Creating ORM DAG for example_weekday_branch_operator
[2023-10-04T18:10:18.309+0300] {logging_mixin.py:149} INFO - [2023-10-04T18:10:18.308+0300] {dag.py:3486} INFO - Setting next_dagrun for example_weekday_branch_operator to 2023-10-03T00:00:00+00:00, run_after=2023-10-04T00:00:00+00:00
[2023-10-04T18:10:19.520+0300] {processor.py:179} INFO - Processing /home/paulet/anaconda3/lib/python3.10/site-packages/airflow/example_dags/example_branch_day_of_week_operator.py took 5.074 seconds
[2023-10-04T18:12:29.429+0300] {processor.py:157} INFO - Started process (PID=15151) to work on /home/paulet/anaconda3/lib/python3.10/site-packages/airflow/example_dags/example_branch_day_of_week_operator.py
[2023-10-04T18:12:29.430+0300] {processor.py:826} INFO - Processing file /home/paulet/anaconda3/lib/python3.10/site-packages/airflow/example_dags/example_branch_day_of_week_operator.py for tasks to queue
[2023-10-04T18:12:29.431+0300] {logging_mixin.py:149} INFO - [2023-10-04T18:12:29.431+0300] {dagbag.py:541} INFO - Filling up the DagBag from /home/paulet/anaconda3/lib/python3.10/site-packages/airflow/example_dags/example_branch_day_of_week_operator.py
[2023-10-04T18:12:29.443+0300] {processor.py:836} INFO - DAG(s) dict_keys(['example_weekday_branch_operator']) retrieved from /home/paulet/anaconda3/lib/python3.10/site-packages/airflow/example_dags/example_branch_day_of_week_operator.py
[2023-10-04T18:12:29.468+0300] {logging_mixin.py:149} INFO - [2023-10-04T18:12:29.468+0300] {dag.py:2726} INFO - Sync 1 DAGs
[2023-10-04T18:12:29.493+0300] {logging_mixin.py:149} INFO - [2023-10-04T18:12:29.493+0300] {dag.py:3486} INFO - Setting next_dagrun for example_weekday_branch_operator to 2023-10-03T00:00:00+00:00, run_after=2023-10-04T00:00:00+00:00
[2023-10-04T18:12:29.606+0300] {processor.py:179} INFO - Processing /home/paulet/anaconda3/lib/python3.10/site-packages/airflow/example_dags/example_branch_day_of_week_operator.py took 0.182 seconds
[2023-10-04T18:14:53.824+0300] {processor.py:157} INFO - Started process (PID=16064) to work on /home/paulet/anaconda3/lib/python3.10/site-packages/airflow/example_dags/example_branch_day_of_week_operator.py
[2023-10-04T18:14:53.858+0300] {processor.py:826} INFO - Processing file /home/paulet/anaconda3/lib/python3.10/site-packages/airflow/example_dags/example_branch_day_of_week_operator.py for tasks to queue
[2023-10-04T18:14:53.859+0300] {logging_mixin.py:149} INFO - [2023-10-04T18:14:53.859+0300] {dagbag.py:541} INFO - Filling up the DagBag from /home/paulet/anaconda3/lib/python3.10/site-packages/airflow/example_dags/example_branch_day_of_week_operator.py
[2023-10-04T18:14:53.870+0300] {processor.py:836} INFO - DAG(s) dict_keys(['example_weekday_branch_operator']) retrieved from /home/paulet/anaconda3/lib/python3.10/site-packages/airflow/example_dags/example_branch_day_of_week_operator.py
[2023-10-04T18:14:53.902+0300] {logging_mixin.py:149} INFO - [2023-10-04T18:14:53.902+0300] {dag.py:2726} INFO - Sync 1 DAGs
[2023-10-04T18:14:53.932+0300] {logging_mixin.py:149} INFO - [2023-10-04T18:14:53.932+0300] {dag.py:3486} INFO - Setting next_dagrun for example_weekday_branch_operator to 2023-10-03T00:00:00+00:00, run_after=2023-10-04T00:00:00+00:00
[2023-10-04T18:14:54.065+0300] {processor.py:179} INFO - Processing /home/paulet/anaconda3/lib/python3.10/site-packages/airflow/example_dags/example_branch_day_of_week_operator.py took 0.246 seconds
[2023-10-04T18:15:49.047+0300] {processor.py:157} INFO - Started process (PID=16124) to work on /home/paulet/anaconda3/lib/python3.10/site-packages/airflow/example_dags/example_branch_day_of_week_operator.py
[2023-10-04T18:15:49.072+0300] {processor.py:826} INFO - Processing file /home/paulet/anaconda3/lib/python3.10/site-packages/airflow/example_dags/example_branch_day_of_week_operator.py for tasks to queue
[2023-10-04T18:15:49.074+0300] {logging_mixin.py:149} INFO - [2023-10-04T18:15:49.073+0300] {dagbag.py:541} INFO - Filling up the DagBag from /home/paulet/anaconda3/lib/python3.10/site-packages/airflow/example_dags/example_branch_day_of_week_operator.py
[2023-10-04T18:15:49.086+0300] {processor.py:836} INFO - DAG(s) dict_keys(['example_weekday_branch_operator']) retrieved from /home/paulet/anaconda3/lib/python3.10/site-packages/airflow/example_dags/example_branch_day_of_week_operator.py
[2023-10-04T18:15:49.116+0300] {logging_mixin.py:149} INFO - [2023-10-04T18:15:49.116+0300] {dag.py:2726} INFO - Sync 1 DAGs
[2023-10-04T18:15:49.144+0300] {logging_mixin.py:149} INFO - [2023-10-04T18:15:49.144+0300] {dag.py:3486} INFO - Setting next_dagrun for example_weekday_branch_operator to 2023-10-03T00:00:00+00:00, run_after=2023-10-04T00:00:00+00:00
[2023-10-04T18:15:49.254+0300] {processor.py:179} INFO - Processing /home/paulet/anaconda3/lib/python3.10/site-packages/airflow/example_dags/example_branch_day_of_week_operator.py took 0.211 seconds
[2023-10-04T18:17:03.894+0300] {processor.py:157} INFO - Started process (PID=16199) to work on /home/paulet/anaconda3/lib/python3.10/site-packages/airflow/example_dags/example_branch_day_of_week_operator.py
[2023-10-04T18:17:03.961+0300] {processor.py:826} INFO - Processing file /home/paulet/anaconda3/lib/python3.10/site-packages/airflow/example_dags/example_branch_day_of_week_operator.py for tasks to queue
[2023-10-04T18:17:03.962+0300] {logging_mixin.py:149} INFO - [2023-10-04T18:17:03.962+0300] {dagbag.py:541} INFO - Filling up the DagBag from /home/paulet/anaconda3/lib/python3.10/site-packages/airflow/example_dags/example_branch_day_of_week_operator.py
[2023-10-04T18:17:03.975+0300] {processor.py:836} INFO - DAG(s) dict_keys(['example_weekday_branch_operator']) retrieved from /home/paulet/anaconda3/lib/python3.10/site-packages/airflow/example_dags/example_branch_day_of_week_operator.py
[2023-10-04T18:17:04.008+0300] {logging_mixin.py:149} INFO - [2023-10-04T18:17:04.008+0300] {dag.py:2726} INFO - Sync 1 DAGs
[2023-10-04T18:17:04.040+0300] {logging_mixin.py:149} INFO - [2023-10-04T18:17:04.040+0300] {dag.py:3486} INFO - Setting next_dagrun for example_weekday_branch_operator to 2023-10-03T00:00:00+00:00, run_after=2023-10-04T00:00:00+00:00
[2023-10-04T18:17:04.498+0300] {processor.py:179} INFO - Processing /home/paulet/anaconda3/lib/python3.10/site-packages/airflow/example_dags/example_branch_day_of_week_operator.py took 0.610 seconds
[2023-10-04T21:01:02.779+0300] {processor.py:157} INFO - Started process (PID=22454) to work on /home/paulet/anaconda3/lib/python3.10/site-packages/airflow/example_dags/example_branch_day_of_week_operator.py
[2023-10-04T21:01:02.780+0300] {processor.py:826} INFO - Processing file /home/paulet/anaconda3/lib/python3.10/site-packages/airflow/example_dags/example_branch_day_of_week_operator.py for tasks to queue
[2023-10-04T21:01:02.781+0300] {logging_mixin.py:149} INFO - [2023-10-04T21:01:02.781+0300] {dagbag.py:541} INFO - Filling up the DagBag from /home/paulet/anaconda3/lib/python3.10/site-packages/airflow/example_dags/example_branch_day_of_week_operator.py
[2023-10-04T21:01:02.793+0300] {processor.py:836} INFO - DAG(s) dict_keys(['example_weekday_branch_operator']) retrieved from /home/paulet/anaconda3/lib/python3.10/site-packages/airflow/example_dags/example_branch_day_of_week_operator.py
[2023-10-04T21:01:02.822+0300] {logging_mixin.py:149} INFO - [2023-10-04T21:01:02.821+0300] {dag.py:2726} INFO - Sync 1 DAGs
[2023-10-04T21:01:02.849+0300] {logging_mixin.py:149} INFO - [2023-10-04T21:01:02.848+0300] {dag.py:3486} INFO - Setting next_dagrun for example_weekday_branch_operator to 2023-10-03T00:00:00+00:00, run_after=2023-10-04T00:00:00+00:00
[2023-10-04T21:01:02.968+0300] {processor.py:179} INFO - Processing /home/paulet/anaconda3/lib/python3.10/site-packages/airflow/example_dags/example_branch_day_of_week_operator.py took 0.193 seconds
[2023-10-04T21:02:16.604+0300] {processor.py:157} INFO - Started process (PID=22648) to work on /home/paulet/anaconda3/lib/python3.10/site-packages/airflow/example_dags/example_branch_day_of_week_operator.py
[2023-10-04T21:02:16.620+0300] {processor.py:826} INFO - Processing file /home/paulet/anaconda3/lib/python3.10/site-packages/airflow/example_dags/example_branch_day_of_week_operator.py for tasks to queue
[2023-10-04T21:02:16.621+0300] {logging_mixin.py:149} INFO - [2023-10-04T21:02:16.621+0300] {dagbag.py:541} INFO - Filling up the DagBag from /home/paulet/anaconda3/lib/python3.10/site-packages/airflow/example_dags/example_branch_day_of_week_operator.py
[2023-10-04T21:02:16.632+0300] {processor.py:836} INFO - DAG(s) dict_keys(['example_weekday_branch_operator']) retrieved from /home/paulet/anaconda3/lib/python3.10/site-packages/airflow/example_dags/example_branch_day_of_week_operator.py
[2023-10-04T21:02:16.660+0300] {logging_mixin.py:149} INFO - [2023-10-04T21:02:16.660+0300] {dag.py:2726} INFO - Sync 1 DAGs
[2023-10-04T21:02:16.686+0300] {logging_mixin.py:149} INFO - [2023-10-04T21:02:16.686+0300] {dag.py:3486} INFO - Setting next_dagrun for example_weekday_branch_operator to 2023-10-03T00:00:00+00:00, run_after=2023-10-04T00:00:00+00:00
[2023-10-04T21:02:16.820+0300] {processor.py:179} INFO - Processing /home/paulet/anaconda3/lib/python3.10/site-packages/airflow/example_dags/example_branch_day_of_week_operator.py took 0.221 seconds
[2023-10-04T21:03:11.672+0300] {processor.py:157} INFO - Started process (PID=22698) to work on /home/paulet/anaconda3/lib/python3.10/site-packages/airflow/example_dags/example_branch_day_of_week_operator.py
[2023-10-04T21:03:11.674+0300] {processor.py:826} INFO - Processing file /home/paulet/anaconda3/lib/python3.10/site-packages/airflow/example_dags/example_branch_day_of_week_operator.py for tasks to queue
[2023-10-04T21:03:11.675+0300] {logging_mixin.py:149} INFO - [2023-10-04T21:03:11.675+0300] {dagbag.py:541} INFO - Filling up the DagBag from /home/paulet/anaconda3/lib/python3.10/site-packages/airflow/example_dags/example_branch_day_of_week_operator.py
[2023-10-04T21:03:11.686+0300] {processor.py:836} INFO - DAG(s) dict_keys(['example_weekday_branch_operator']) retrieved from /home/paulet/anaconda3/lib/python3.10/site-packages/airflow/example_dags/example_branch_day_of_week_operator.py
[2023-10-04T21:03:11.712+0300] {logging_mixin.py:149} INFO - [2023-10-04T21:03:11.712+0300] {dag.py:2726} INFO - Sync 1 DAGs
[2023-10-04T21:03:11.737+0300] {logging_mixin.py:149} INFO - [2023-10-04T21:03:11.737+0300] {dag.py:3486} INFO - Setting next_dagrun for example_weekday_branch_operator to 2023-10-03T00:00:00+00:00, run_after=2023-10-04T00:00:00+00:00
[2023-10-04T21:03:11.848+0300] {processor.py:179} INFO - Processing /home/paulet/anaconda3/lib/python3.10/site-packages/airflow/example_dags/example_branch_day_of_week_operator.py took 0.180 seconds
[2023-10-04T21:04:31.307+0300] {processor.py:157} INFO - Started process (PID=22795) to work on /home/paulet/anaconda3/lib/python3.10/site-packages/airflow/example_dags/example_branch_day_of_week_operator.py
[2023-10-04T21:04:31.320+0300] {processor.py:826} INFO - Processing file /home/paulet/anaconda3/lib/python3.10/site-packages/airflow/example_dags/example_branch_day_of_week_operator.py for tasks to queue
[2023-10-04T21:04:31.321+0300] {logging_mixin.py:149} INFO - [2023-10-04T21:04:31.321+0300] {dagbag.py:541} INFO - Filling up the DagBag from /home/paulet/anaconda3/lib/python3.10/site-packages/airflow/example_dags/example_branch_day_of_week_operator.py
[2023-10-04T21:04:31.333+0300] {processor.py:836} INFO - DAG(s) dict_keys(['example_weekday_branch_operator']) retrieved from /home/paulet/anaconda3/lib/python3.10/site-packages/airflow/example_dags/example_branch_day_of_week_operator.py
[2023-10-04T21:04:31.361+0300] {logging_mixin.py:149} INFO - [2023-10-04T21:04:31.361+0300] {dag.py:2726} INFO - Sync 1 DAGs
[2023-10-04T21:04:31.387+0300] {logging_mixin.py:149} INFO - [2023-10-04T21:04:31.387+0300] {dag.py:3486} INFO - Setting next_dagrun for example_weekday_branch_operator to 2023-10-03T00:00:00+00:00, run_after=2023-10-04T00:00:00+00:00
[2023-10-04T21:04:31.513+0300] {processor.py:179} INFO - Processing /home/paulet/anaconda3/lib/python3.10/site-packages/airflow/example_dags/example_branch_day_of_week_operator.py took 0.210 seconds
[2023-10-04T21:05:27.369+0300] {processor.py:157} INFO - Started process (PID=22871) to work on /home/paulet/anaconda3/lib/python3.10/site-packages/airflow/example_dags/example_branch_day_of_week_operator.py
[2023-10-04T21:05:27.371+0300] {processor.py:826} INFO - Processing file /home/paulet/anaconda3/lib/python3.10/site-packages/airflow/example_dags/example_branch_day_of_week_operator.py for tasks to queue
[2023-10-04T21:05:27.372+0300] {logging_mixin.py:149} INFO - [2023-10-04T21:05:27.372+0300] {dagbag.py:541} INFO - Filling up the DagBag from /home/paulet/anaconda3/lib/python3.10/site-packages/airflow/example_dags/example_branch_day_of_week_operator.py
[2023-10-04T21:05:27.381+0300] {processor.py:836} INFO - DAG(s) dict_keys(['example_weekday_branch_operator']) retrieved from /home/paulet/anaconda3/lib/python3.10/site-packages/airflow/example_dags/example_branch_day_of_week_operator.py
[2023-10-04T21:05:27.405+0300] {logging_mixin.py:149} INFO - [2023-10-04T21:05:27.405+0300] {dag.py:2726} INFO - Sync 1 DAGs
[2023-10-04T21:05:27.430+0300] {logging_mixin.py:149} INFO - [2023-10-04T21:05:27.430+0300] {dag.py:3486} INFO - Setting next_dagrun for example_weekday_branch_operator to 2023-10-03T00:00:00+00:00, run_after=2023-10-04T00:00:00+00:00
[2023-10-04T21:05:27.572+0300] {processor.py:179} INFO - Processing /home/paulet/anaconda3/lib/python3.10/site-packages/airflow/example_dags/example_branch_day_of_week_operator.py took 0.208 seconds
[2023-10-04T21:06:26.673+0300] {processor.py:157} INFO - Started process (PID=22924) to work on /home/paulet/anaconda3/lib/python3.10/site-packages/airflow/example_dags/example_branch_day_of_week_operator.py
[2023-10-04T21:06:26.675+0300] {processor.py:826} INFO - Processing file /home/paulet/anaconda3/lib/python3.10/site-packages/airflow/example_dags/example_branch_day_of_week_operator.py for tasks to queue
[2023-10-04T21:06:26.676+0300] {logging_mixin.py:149} INFO - [2023-10-04T21:06:26.675+0300] {dagbag.py:541} INFO - Filling up the DagBag from /home/paulet/anaconda3/lib/python3.10/site-packages/airflow/example_dags/example_branch_day_of_week_operator.py
[2023-10-04T21:06:26.686+0300] {processor.py:836} INFO - DAG(s) dict_keys(['example_weekday_branch_operator']) retrieved from /home/paulet/anaconda3/lib/python3.10/site-packages/airflow/example_dags/example_branch_day_of_week_operator.py
[2023-10-04T21:06:26.713+0300] {logging_mixin.py:149} INFO - [2023-10-04T21:06:26.712+0300] {dag.py:2726} INFO - Sync 1 DAGs
[2023-10-04T21:06:26.737+0300] {logging_mixin.py:149} INFO - [2023-10-04T21:06:26.737+0300] {dag.py:3486} INFO - Setting next_dagrun for example_weekday_branch_operator to 2023-10-03T00:00:00+00:00, run_after=2023-10-04T00:00:00+00:00
[2023-10-04T21:06:26.886+0300] {processor.py:179} INFO - Processing /home/paulet/anaconda3/lib/python3.10/site-packages/airflow/example_dags/example_branch_day_of_week_operator.py took 0.217 seconds
[2023-10-04T21:07:21.521+0300] {processor.py:157} INFO - Started process (PID=22975) to work on /home/paulet/anaconda3/lib/python3.10/site-packages/airflow/example_dags/example_branch_day_of_week_operator.py
[2023-10-04T21:07:21.522+0300] {processor.py:826} INFO - Processing file /home/paulet/anaconda3/lib/python3.10/site-packages/airflow/example_dags/example_branch_day_of_week_operator.py for tasks to queue
[2023-10-04T21:07:21.523+0300] {logging_mixin.py:149} INFO - [2023-10-04T21:07:21.523+0300] {dagbag.py:541} INFO - Filling up the DagBag from /home/paulet/anaconda3/lib/python3.10/site-packages/airflow/example_dags/example_branch_day_of_week_operator.py
[2023-10-04T21:07:21.534+0300] {processor.py:836} INFO - DAG(s) dict_keys(['example_weekday_branch_operator']) retrieved from /home/paulet/anaconda3/lib/python3.10/site-packages/airflow/example_dags/example_branch_day_of_week_operator.py
[2023-10-04T21:07:21.560+0300] {logging_mixin.py:149} INFO - [2023-10-04T21:07:21.560+0300] {dag.py:2726} INFO - Sync 1 DAGs
[2023-10-04T21:07:21.585+0300] {logging_mixin.py:149} INFO - [2023-10-04T21:07:21.585+0300] {dag.py:3486} INFO - Setting next_dagrun for example_weekday_branch_operator to 2023-10-03T00:00:00+00:00, run_after=2023-10-04T00:00:00+00:00
[2023-10-04T21:07:21.699+0300] {processor.py:179} INFO - Processing /home/paulet/anaconda3/lib/python3.10/site-packages/airflow/example_dags/example_branch_day_of_week_operator.py took 0.183 seconds
[2023-10-04T21:08:32.328+0300] {processor.py:157} INFO - Started process (PID=23058) to work on /home/paulet/anaconda3/lib/python3.10/site-packages/airflow/example_dags/example_branch_day_of_week_operator.py
[2023-10-04T21:08:32.342+0300] {processor.py:826} INFO - Processing file /home/paulet/anaconda3/lib/python3.10/site-packages/airflow/example_dags/example_branch_day_of_week_operator.py for tasks to queue
[2023-10-04T21:08:32.343+0300] {logging_mixin.py:149} INFO - [2023-10-04T21:08:32.343+0300] {dagbag.py:541} INFO - Filling up the DagBag from /home/paulet/anaconda3/lib/python3.10/site-packages/airflow/example_dags/example_branch_day_of_week_operator.py
[2023-10-04T21:08:32.354+0300] {processor.py:836} INFO - DAG(s) dict_keys(['example_weekday_branch_operator']) retrieved from /home/paulet/anaconda3/lib/python3.10/site-packages/airflow/example_dags/example_branch_day_of_week_operator.py
[2023-10-04T21:08:32.383+0300] {logging_mixin.py:149} INFO - [2023-10-04T21:08:32.382+0300] {dag.py:2726} INFO - Sync 1 DAGs
[2023-10-04T21:08:32.409+0300] {logging_mixin.py:149} INFO - [2023-10-04T21:08:32.409+0300] {dag.py:3486} INFO - Setting next_dagrun for example_weekday_branch_operator to 2023-10-03T00:00:00+00:00, run_after=2023-10-04T00:00:00+00:00
[2023-10-04T21:08:32.542+0300] {processor.py:179} INFO - Processing /home/paulet/anaconda3/lib/python3.10/site-packages/airflow/example_dags/example_branch_day_of_week_operator.py took 0.218 seconds
[2023-10-04T21:09:48.942+0300] {processor.py:157} INFO - Started process (PID=23171) to work on /home/paulet/anaconda3/lib/python3.10/site-packages/airflow/example_dags/example_branch_day_of_week_operator.py
[2023-10-04T21:09:48.957+0300] {processor.py:826} INFO - Processing file /home/paulet/anaconda3/lib/python3.10/site-packages/airflow/example_dags/example_branch_day_of_week_operator.py for tasks to queue
[2023-10-04T21:09:48.958+0300] {logging_mixin.py:149} INFO - [2023-10-04T21:09:48.958+0300] {dagbag.py:541} INFO - Filling up the DagBag from /home/paulet/anaconda3/lib/python3.10/site-packages/airflow/example_dags/example_branch_day_of_week_operator.py
[2023-10-04T21:09:48.971+0300] {processor.py:836} INFO - DAG(s) dict_keys(['example_weekday_branch_operator']) retrieved from /home/paulet/anaconda3/lib/python3.10/site-packages/airflow/example_dags/example_branch_day_of_week_operator.py
[2023-10-04T21:09:48.999+0300] {logging_mixin.py:149} INFO - [2023-10-04T21:09:48.999+0300] {dag.py:2726} INFO - Sync 1 DAGs
[2023-10-04T21:09:49.027+0300] {logging_mixin.py:149} INFO - [2023-10-04T21:09:49.026+0300] {dag.py:3486} INFO - Setting next_dagrun for example_weekday_branch_operator to 2023-10-03T00:00:00+00:00, run_after=2023-10-04T00:00:00+00:00
[2023-10-04T21:09:49.128+0300] {processor.py:179} INFO - Processing /home/paulet/anaconda3/lib/python3.10/site-packages/airflow/example_dags/example_branch_day_of_week_operator.py took 0.192 seconds
[2023-10-04T21:52:28.495+0300] {processor.py:157} INFO - Started process (PID=26996) to work on /home/paulet/anaconda3/lib/python3.10/site-packages/airflow/example_dags/example_branch_day_of_week_operator.py
[2023-10-04T21:52:28.496+0300] {processor.py:826} INFO - Processing file /home/paulet/anaconda3/lib/python3.10/site-packages/airflow/example_dags/example_branch_day_of_week_operator.py for tasks to queue
[2023-10-04T21:52:28.497+0300] {logging_mixin.py:149} INFO - [2023-10-04T21:52:28.497+0300] {dagbag.py:541} INFO - Filling up the DagBag from /home/paulet/anaconda3/lib/python3.10/site-packages/airflow/example_dags/example_branch_day_of_week_operator.py
[2023-10-04T21:52:28.507+0300] {processor.py:836} INFO - DAG(s) dict_keys(['example_weekday_branch_operator']) retrieved from /home/paulet/anaconda3/lib/python3.10/site-packages/airflow/example_dags/example_branch_day_of_week_operator.py
[2023-10-04T21:52:28.532+0300] {logging_mixin.py:149} INFO - [2023-10-04T21:52:28.532+0300] {dag.py:2726} INFO - Sync 1 DAGs
[2023-10-04T21:52:28.557+0300] {logging_mixin.py:149} INFO - [2023-10-04T21:52:28.557+0300] {dag.py:3486} INFO - Setting next_dagrun for example_weekday_branch_operator to 2023-10-03T00:00:00+00:00, run_after=2023-10-04T00:00:00+00:00
[2023-10-04T21:52:28.703+0300] {processor.py:179} INFO - Processing /home/paulet/anaconda3/lib/python3.10/site-packages/airflow/example_dags/example_branch_day_of_week_operator.py took 0.212 seconds
[2023-10-04T21:53:25.112+0300] {processor.py:157} INFO - Started process (PID=27060) to work on /home/paulet/anaconda3/lib/python3.10/site-packages/airflow/example_dags/example_branch_day_of_week_operator.py
[2023-10-04T21:53:25.114+0300] {processor.py:826} INFO - Processing file /home/paulet/anaconda3/lib/python3.10/site-packages/airflow/example_dags/example_branch_day_of_week_operator.py for tasks to queue
[2023-10-04T21:53:25.115+0300] {logging_mixin.py:149} INFO - [2023-10-04T21:53:25.115+0300] {dagbag.py:541} INFO - Filling up the DagBag from /home/paulet/anaconda3/lib/python3.10/site-packages/airflow/example_dags/example_branch_day_of_week_operator.py
[2023-10-04T21:53:25.126+0300] {processor.py:836} INFO - DAG(s) dict_keys(['example_weekday_branch_operator']) retrieved from /home/paulet/anaconda3/lib/python3.10/site-packages/airflow/example_dags/example_branch_day_of_week_operator.py
[2023-10-04T21:53:25.153+0300] {logging_mixin.py:149} INFO - [2023-10-04T21:53:25.153+0300] {dag.py:2726} INFO - Sync 1 DAGs
[2023-10-04T21:53:25.180+0300] {logging_mixin.py:149} INFO - [2023-10-04T21:53:25.180+0300] {dag.py:3486} INFO - Setting next_dagrun for example_weekday_branch_operator to 2023-10-03T00:00:00+00:00, run_after=2023-10-04T00:00:00+00:00
[2023-10-04T21:53:25.318+0300] {processor.py:179} INFO - Processing /home/paulet/anaconda3/lib/python3.10/site-packages/airflow/example_dags/example_branch_day_of_week_operator.py took 0.210 seconds
[2023-10-04T21:54:29.676+0300] {processor.py:157} INFO - Started process (PID=27157) to work on /home/paulet/anaconda3/lib/python3.10/site-packages/airflow/example_dags/example_branch_day_of_week_operator.py
[2023-10-04T21:54:29.690+0300] {processor.py:826} INFO - Processing file /home/paulet/anaconda3/lib/python3.10/site-packages/airflow/example_dags/example_branch_day_of_week_operator.py for tasks to queue
[2023-10-04T21:54:29.691+0300] {logging_mixin.py:149} INFO - [2023-10-04T21:54:29.690+0300] {dagbag.py:541} INFO - Filling up the DagBag from /home/paulet/anaconda3/lib/python3.10/site-packages/airflow/example_dags/example_branch_day_of_week_operator.py
[2023-10-04T21:54:29.699+0300] {processor.py:836} INFO - DAG(s) dict_keys(['example_weekday_branch_operator']) retrieved from /home/paulet/anaconda3/lib/python3.10/site-packages/airflow/example_dags/example_branch_day_of_week_operator.py
[2023-10-04T21:54:29.723+0300] {logging_mixin.py:149} INFO - [2023-10-04T21:54:29.722+0300] {dag.py:2726} INFO - Sync 1 DAGs
[2023-10-04T21:54:29.747+0300] {logging_mixin.py:149} INFO - [2023-10-04T21:54:29.747+0300] {dag.py:3486} INFO - Setting next_dagrun for example_weekday_branch_operator to 2023-10-03T00:00:00+00:00, run_after=2023-10-04T00:00:00+00:00
[2023-10-04T21:54:29.902+0300] {processor.py:179} INFO - Processing /home/paulet/anaconda3/lib/python3.10/site-packages/airflow/example_dags/example_branch_day_of_week_operator.py took 0.230 seconds
[2023-10-04T21:55:24.521+0300] {processor.py:157} INFO - Started process (PID=27216) to work on /home/paulet/anaconda3/lib/python3.10/site-packages/airflow/example_dags/example_branch_day_of_week_operator.py
[2023-10-04T21:55:24.537+0300] {processor.py:826} INFO - Processing file /home/paulet/anaconda3/lib/python3.10/site-packages/airflow/example_dags/example_branch_day_of_week_operator.py for tasks to queue
[2023-10-04T21:55:24.538+0300] {logging_mixin.py:149} INFO - [2023-10-04T21:55:24.537+0300] {dagbag.py:541} INFO - Filling up the DagBag from /home/paulet/anaconda3/lib/python3.10/site-packages/airflow/example_dags/example_branch_day_of_week_operator.py
[2023-10-04T21:55:24.552+0300] {processor.py:836} INFO - DAG(s) dict_keys(['example_weekday_branch_operator']) retrieved from /home/paulet/anaconda3/lib/python3.10/site-packages/airflow/example_dags/example_branch_day_of_week_operator.py
[2023-10-04T21:55:24.583+0300] {logging_mixin.py:149} INFO - [2023-10-04T21:55:24.583+0300] {dag.py:2726} INFO - Sync 1 DAGs
[2023-10-04T21:55:24.609+0300] {logging_mixin.py:149} INFO - [2023-10-04T21:55:24.609+0300] {dag.py:3486} INFO - Setting next_dagrun for example_weekday_branch_operator to 2023-10-03T00:00:00+00:00, run_after=2023-10-04T00:00:00+00:00
[2023-10-04T21:55:24.740+0300] {processor.py:179} INFO - Processing /home/paulet/anaconda3/lib/python3.10/site-packages/airflow/example_dags/example_branch_day_of_week_operator.py took 0.224 seconds
