[2023-10-04T18:10:27.041+0300] {processor.py:157} INFO - Started process (PID=14418) to work on /home/paulet/anaconda3/lib/python3.10/site-packages/airflow/example_dags/example_external_task_marker_dag.py
[2023-10-04T18:10:27.043+0300] {processor.py:826} INFO - Processing file /home/paulet/anaconda3/lib/python3.10/site-packages/airflow/example_dags/example_external_task_marker_dag.py for tasks to queue
[2023-10-04T18:10:27.044+0300] {logging_mixin.py:149} INFO - [2023-10-04T18:10:27.044+0300] {dagbag.py:541} INFO - Filling up the DagBag from /home/paulet/anaconda3/lib/python3.10/site-packages/airflow/example_dags/example_external_task_marker_dag.py
[2023-10-04T18:10:27.054+0300] {processor.py:836} INFO - DAG(s) dict_keys(['example_external_task_marker_child', 'example_external_task_marker_parent']) retrieved from /home/paulet/anaconda3/lib/python3.10/site-packages/airflow/example_dags/example_external_task_marker_dag.py
[2023-10-04T18:10:27.418+0300] {logging_mixin.py:149} INFO - [2023-10-04T18:10:27.417+0300] {manager.py:504} INFO - Created Permission View: can edit on DAG:example_external_task_marker_child
[2023-10-04T18:10:27.634+0300] {logging_mixin.py:149} INFO - [2023-10-04T18:10:27.634+0300] {manager.py:504} INFO - Created Permission View: can read on DAG:example_external_task_marker_child
[2023-10-04T18:10:27.783+0300] {logging_mixin.py:149} INFO - [2023-10-04T18:10:27.782+0300] {manager.py:504} INFO - Created Permission View: can delete on DAG:example_external_task_marker_child
[2023-10-04T18:10:28.078+0300] {logging_mixin.py:149} INFO - [2023-10-04T18:10:28.077+0300] {manager.py:504} INFO - Created Permission View: can edit on DAG:example_external_task_marker_parent
[2023-10-04T18:10:28.243+0300] {logging_mixin.py:149} INFO - [2023-10-04T18:10:28.243+0300] {manager.py:504} INFO - Created Permission View: can read on DAG:example_external_task_marker_parent
[2023-10-04T18:10:28.425+0300] {logging_mixin.py:149} INFO - [2023-10-04T18:10:28.424+0300] {manager.py:504} INFO - Created Permission View: can delete on DAG:example_external_task_marker_parent
[2023-10-04T18:10:28.426+0300] {logging_mixin.py:149} INFO - [2023-10-04T18:10:28.426+0300] {dag.py:2726} INFO - Sync 2 DAGs
[2023-10-04T18:10:28.456+0300] {logging_mixin.py:149} INFO - [2023-10-04T18:10:28.456+0300] {dag.py:2747} INFO - Creating ORM DAG for example_external_task_marker_child
[2023-10-04T18:10:28.457+0300] {logging_mixin.py:149} INFO - [2023-10-04T18:10:28.457+0300] {dag.py:2747} INFO - Creating ORM DAG for example_external_task_marker_parent
[2023-10-04T18:10:28.476+0300] {logging_mixin.py:149} INFO - [2023-10-04T18:10:28.475+0300] {dag.py:3486} INFO - Setting next_dagrun for example_external_task_marker_child to None, run_after=None
[2023-10-04T18:10:28.477+0300] {logging_mixin.py:149} INFO - [2023-10-04T18:10:28.477+0300] {dag.py:3486} INFO - Setting next_dagrun for example_external_task_marker_parent to None, run_after=None
[2023-10-04T18:10:28.732+0300] {processor.py:179} INFO - Processing /home/paulet/anaconda3/lib/python3.10/site-packages/airflow/example_dags/example_external_task_marker_dag.py took 1.697 seconds
[2023-10-04T18:12:34.865+0300] {processor.py:157} INFO - Started process (PID=15155) to work on /home/paulet/anaconda3/lib/python3.10/site-packages/airflow/example_dags/example_external_task_marker_dag.py
[2023-10-04T18:12:34.866+0300] {processor.py:826} INFO - Processing file /home/paulet/anaconda3/lib/python3.10/site-packages/airflow/example_dags/example_external_task_marker_dag.py for tasks to queue
[2023-10-04T18:12:34.867+0300] {logging_mixin.py:149} INFO - [2023-10-04T18:12:34.867+0300] {dagbag.py:541} INFO - Filling up the DagBag from /home/paulet/anaconda3/lib/python3.10/site-packages/airflow/example_dags/example_external_task_marker_dag.py
[2023-10-04T18:12:34.877+0300] {processor.py:836} INFO - DAG(s) dict_keys(['example_external_task_marker_parent', 'example_external_task_marker_child']) retrieved from /home/paulet/anaconda3/lib/python3.10/site-packages/airflow/example_dags/example_external_task_marker_dag.py
[2023-10-04T18:12:34.905+0300] {logging_mixin.py:149} INFO - [2023-10-04T18:12:34.905+0300] {dag.py:2726} INFO - Sync 2 DAGs
[2023-10-04T18:12:34.928+0300] {logging_mixin.py:149} INFO - [2023-10-04T18:12:34.928+0300] {dag.py:3486} INFO - Setting next_dagrun for example_external_task_marker_child to None, run_after=None
[2023-10-04T18:12:34.931+0300] {logging_mixin.py:149} INFO - [2023-10-04T18:12:34.931+0300] {dag.py:3486} INFO - Setting next_dagrun for example_external_task_marker_parent to None, run_after=None
[2023-10-04T18:12:35.041+0300] {processor.py:179} INFO - Processing /home/paulet/anaconda3/lib/python3.10/site-packages/airflow/example_dags/example_external_task_marker_dag.py took 0.181 seconds
[2023-10-04T18:14:59.119+0300] {processor.py:157} INFO - Started process (PID=16068) to work on /home/paulet/anaconda3/lib/python3.10/site-packages/airflow/example_dags/example_external_task_marker_dag.py
[2023-10-04T18:14:59.121+0300] {processor.py:826} INFO - Processing file /home/paulet/anaconda3/lib/python3.10/site-packages/airflow/example_dags/example_external_task_marker_dag.py for tasks to queue
[2023-10-04T18:14:59.122+0300] {logging_mixin.py:149} INFO - [2023-10-04T18:14:59.122+0300] {dagbag.py:541} INFO - Filling up the DagBag from /home/paulet/anaconda3/lib/python3.10/site-packages/airflow/example_dags/example_external_task_marker_dag.py
[2023-10-04T18:14:59.132+0300] {processor.py:836} INFO - DAG(s) dict_keys(['example_external_task_marker_parent', 'example_external_task_marker_child']) retrieved from /home/paulet/anaconda3/lib/python3.10/site-packages/airflow/example_dags/example_external_task_marker_dag.py
[2023-10-04T18:14:59.163+0300] {logging_mixin.py:149} INFO - [2023-10-04T18:14:59.163+0300] {dag.py:2726} INFO - Sync 2 DAGs
[2023-10-04T18:14:59.189+0300] {logging_mixin.py:149} INFO - [2023-10-04T18:14:59.189+0300] {dag.py:3486} INFO - Setting next_dagrun for example_external_task_marker_child to None, run_after=None
[2023-10-04T18:14:59.193+0300] {logging_mixin.py:149} INFO - [2023-10-04T18:14:59.193+0300] {dag.py:3486} INFO - Setting next_dagrun for example_external_task_marker_parent to None, run_after=None
[2023-10-04T18:14:59.318+0300] {processor.py:179} INFO - Processing /home/paulet/anaconda3/lib/python3.10/site-packages/airflow/example_dags/example_external_task_marker_dag.py took 0.202 seconds
[2023-10-04T18:16:18.655+0300] {processor.py:157} INFO - Started process (PID=16156) to work on /home/paulet/anaconda3/lib/python3.10/site-packages/airflow/example_dags/example_external_task_marker_dag.py
[2023-10-04T18:16:19.348+0300] {processor.py:826} INFO - Processing file /home/paulet/anaconda3/lib/python3.10/site-packages/airflow/example_dags/example_external_task_marker_dag.py for tasks to queue
[2023-10-04T18:16:19.349+0300] {logging_mixin.py:149} INFO - [2023-10-04T18:16:19.349+0300] {dagbag.py:541} INFO - Filling up the DagBag from /home/paulet/anaconda3/lib/python3.10/site-packages/airflow/example_dags/example_external_task_marker_dag.py
[2023-10-04T18:16:19.360+0300] {processor.py:836} INFO - DAG(s) dict_keys(['example_external_task_marker_child', 'example_external_task_marker_parent']) retrieved from /home/paulet/anaconda3/lib/python3.10/site-packages/airflow/example_dags/example_external_task_marker_dag.py
[2023-10-04T18:16:19.394+0300] {logging_mixin.py:149} INFO - [2023-10-04T18:16:19.394+0300] {dag.py:2726} INFO - Sync 2 DAGs
[2023-10-04T18:16:19.423+0300] {logging_mixin.py:149} INFO - [2023-10-04T18:16:19.423+0300] {dag.py:3486} INFO - Setting next_dagrun for example_external_task_marker_child to None, run_after=None
[2023-10-04T18:16:19.427+0300] {logging_mixin.py:149} INFO - [2023-10-04T18:16:19.427+0300] {dag.py:3486} INFO - Setting next_dagrun for example_external_task_marker_parent to None, run_after=None
[2023-10-04T18:16:19.706+0300] {processor.py:179} INFO - Processing /home/paulet/anaconda3/lib/python3.10/site-packages/airflow/example_dags/example_external_task_marker_dag.py took 1.055 seconds
[2023-10-04T18:17:44.979+0300] {processor.py:157} INFO - Started process (PID=16265) to work on /home/paulet/anaconda3/lib/python3.10/site-packages/airflow/example_dags/example_external_task_marker_dag.py
[2023-10-04T18:17:45.008+0300] {processor.py:826} INFO - Processing file /home/paulet/anaconda3/lib/python3.10/site-packages/airflow/example_dags/example_external_task_marker_dag.py for tasks to queue
[2023-10-04T18:17:45.009+0300] {logging_mixin.py:149} INFO - [2023-10-04T18:17:45.009+0300] {dagbag.py:541} INFO - Filling up the DagBag from /home/paulet/anaconda3/lib/python3.10/site-packages/airflow/example_dags/example_external_task_marker_dag.py
[2023-10-04T18:17:45.021+0300] {processor.py:836} INFO - DAG(s) dict_keys(['example_external_task_marker_parent', 'example_external_task_marker_child']) retrieved from /home/paulet/anaconda3/lib/python3.10/site-packages/airflow/example_dags/example_external_task_marker_dag.py
[2023-10-04T18:17:45.055+0300] {logging_mixin.py:149} INFO - [2023-10-04T18:17:45.055+0300] {dag.py:2726} INFO - Sync 2 DAGs
[2023-10-04T18:17:45.083+0300] {logging_mixin.py:149} INFO - [2023-10-04T18:17:45.083+0300] {dag.py:3486} INFO - Setting next_dagrun for example_external_task_marker_child to None, run_after=None
[2023-10-04T18:17:45.086+0300] {logging_mixin.py:149} INFO - [2023-10-04T18:17:45.086+0300] {dag.py:3486} INFO - Setting next_dagrun for example_external_task_marker_parent to None, run_after=None
[2023-10-04T18:17:45.218+0300] {processor.py:179} INFO - Processing /home/paulet/anaconda3/lib/python3.10/site-packages/airflow/example_dags/example_external_task_marker_dag.py took 0.245 seconds
[2023-10-04T21:01:07.141+0300] {processor.py:157} INFO - Started process (PID=22458) to work on /home/paulet/anaconda3/lib/python3.10/site-packages/airflow/example_dags/example_external_task_marker_dag.py
[2023-10-04T21:01:07.155+0300] {processor.py:826} INFO - Processing file /home/paulet/anaconda3/lib/python3.10/site-packages/airflow/example_dags/example_external_task_marker_dag.py for tasks to queue
[2023-10-04T21:01:07.156+0300] {logging_mixin.py:149} INFO - [2023-10-04T21:01:07.156+0300] {dagbag.py:541} INFO - Filling up the DagBag from /home/paulet/anaconda3/lib/python3.10/site-packages/airflow/example_dags/example_external_task_marker_dag.py
[2023-10-04T21:01:07.166+0300] {processor.py:836} INFO - DAG(s) dict_keys(['example_external_task_marker_parent', 'example_external_task_marker_child']) retrieved from /home/paulet/anaconda3/lib/python3.10/site-packages/airflow/example_dags/example_external_task_marker_dag.py
[2023-10-04T21:01:07.196+0300] {logging_mixin.py:149} INFO - [2023-10-04T21:01:07.195+0300] {dag.py:2726} INFO - Sync 2 DAGs
[2023-10-04T21:01:07.218+0300] {logging_mixin.py:149} INFO - [2023-10-04T21:01:07.218+0300] {dag.py:3486} INFO - Setting next_dagrun for example_external_task_marker_child to None, run_after=None
[2023-10-04T21:01:07.222+0300] {logging_mixin.py:149} INFO - [2023-10-04T21:01:07.222+0300] {dag.py:3486} INFO - Setting next_dagrun for example_external_task_marker_parent to None, run_after=None
[2023-10-04T21:01:07.357+0300] {processor.py:179} INFO - Processing /home/paulet/anaconda3/lib/python3.10/site-packages/airflow/example_dags/example_external_task_marker_dag.py took 0.221 seconds
[2023-10-04T21:02:22.196+0300] {processor.py:157} INFO - Started process (PID=22652) to work on /home/paulet/anaconda3/lib/python3.10/site-packages/airflow/example_dags/example_external_task_marker_dag.py
[2023-10-04T21:02:22.209+0300] {processor.py:826} INFO - Processing file /home/paulet/anaconda3/lib/python3.10/site-packages/airflow/example_dags/example_external_task_marker_dag.py for tasks to queue
[2023-10-04T21:02:22.210+0300] {logging_mixin.py:149} INFO - [2023-10-04T21:02:22.210+0300] {dagbag.py:541} INFO - Filling up the DagBag from /home/paulet/anaconda3/lib/python3.10/site-packages/airflow/example_dags/example_external_task_marker_dag.py
[2023-10-04T21:02:22.220+0300] {processor.py:836} INFO - DAG(s) dict_keys(['example_external_task_marker_child', 'example_external_task_marker_parent']) retrieved from /home/paulet/anaconda3/lib/python3.10/site-packages/airflow/example_dags/example_external_task_marker_dag.py
[2023-10-04T21:02:22.250+0300] {logging_mixin.py:149} INFO - [2023-10-04T21:02:22.249+0300] {dag.py:2726} INFO - Sync 2 DAGs
[2023-10-04T21:02:22.273+0300] {logging_mixin.py:149} INFO - [2023-10-04T21:02:22.273+0300] {dag.py:3486} INFO - Setting next_dagrun for example_external_task_marker_child to None, run_after=None
[2023-10-04T21:02:22.277+0300] {logging_mixin.py:149} INFO - [2023-10-04T21:02:22.276+0300] {dag.py:3486} INFO - Setting next_dagrun for example_external_task_marker_parent to None, run_after=None
[2023-10-04T21:02:22.423+0300] {processor.py:179} INFO - Processing /home/paulet/anaconda3/lib/python3.10/site-packages/airflow/example_dags/example_external_task_marker_dag.py took 0.230 seconds
[2023-10-04T21:03:38.604+0300] {processor.py:157} INFO - Started process (PID=22725) to work on /home/paulet/anaconda3/lib/python3.10/site-packages/airflow/example_dags/example_external_task_marker_dag.py
[2023-10-04T21:03:38.606+0300] {processor.py:826} INFO - Processing file /home/paulet/anaconda3/lib/python3.10/site-packages/airflow/example_dags/example_external_task_marker_dag.py for tasks to queue
[2023-10-04T21:03:38.607+0300] {logging_mixin.py:149} INFO - [2023-10-04T21:03:38.607+0300] {dagbag.py:541} INFO - Filling up the DagBag from /home/paulet/anaconda3/lib/python3.10/site-packages/airflow/example_dags/example_external_task_marker_dag.py
[2023-10-04T21:03:38.617+0300] {processor.py:836} INFO - DAG(s) dict_keys(['example_external_task_marker_child', 'example_external_task_marker_parent']) retrieved from /home/paulet/anaconda3/lib/python3.10/site-packages/airflow/example_dags/example_external_task_marker_dag.py
[2023-10-04T21:03:38.645+0300] {logging_mixin.py:149} INFO - [2023-10-04T21:03:38.645+0300] {dag.py:2726} INFO - Sync 2 DAGs
[2023-10-04T21:03:38.669+0300] {logging_mixin.py:149} INFO - [2023-10-04T21:03:38.669+0300] {dag.py:3486} INFO - Setting next_dagrun for example_external_task_marker_child to None, run_after=None
[2023-10-04T21:03:38.672+0300] {logging_mixin.py:149} INFO - [2023-10-04T21:03:38.672+0300] {dag.py:3486} INFO - Setting next_dagrun for example_external_task_marker_parent to None, run_after=None
[2023-10-04T21:03:38.803+0300] {processor.py:179} INFO - Processing /home/paulet/anaconda3/lib/python3.10/site-packages/airflow/example_dags/example_external_task_marker_dag.py took 0.203 seconds
[2023-10-04T21:04:35.764+0300] {processor.py:157} INFO - Started process (PID=22799) to work on /home/paulet/anaconda3/lib/python3.10/site-packages/airflow/example_dags/example_external_task_marker_dag.py
[2023-10-04T21:04:35.792+0300] {processor.py:826} INFO - Processing file /home/paulet/anaconda3/lib/python3.10/site-packages/airflow/example_dags/example_external_task_marker_dag.py for tasks to queue
[2023-10-04T21:04:35.793+0300] {logging_mixin.py:149} INFO - [2023-10-04T21:04:35.793+0300] {dagbag.py:541} INFO - Filling up the DagBag from /home/paulet/anaconda3/lib/python3.10/site-packages/airflow/example_dags/example_external_task_marker_dag.py
[2023-10-04T21:04:35.804+0300] {processor.py:836} INFO - DAG(s) dict_keys(['example_external_task_marker_parent', 'example_external_task_marker_child']) retrieved from /home/paulet/anaconda3/lib/python3.10/site-packages/airflow/example_dags/example_external_task_marker_dag.py
[2023-10-04T21:04:35.836+0300] {logging_mixin.py:149} INFO - [2023-10-04T21:04:35.835+0300] {dag.py:2726} INFO - Sync 2 DAGs
[2023-10-04T21:04:35.860+0300] {logging_mixin.py:149} INFO - [2023-10-04T21:04:35.860+0300] {dag.py:3486} INFO - Setting next_dagrun for example_external_task_marker_child to None, run_after=None
[2023-10-04T21:04:35.863+0300] {logging_mixin.py:149} INFO - [2023-10-04T21:04:35.863+0300] {dag.py:3486} INFO - Setting next_dagrun for example_external_task_marker_parent to None, run_after=None
[2023-10-04T21:04:35.983+0300] {processor.py:179} INFO - Processing /home/paulet/anaconda3/lib/python3.10/site-packages/airflow/example_dags/example_external_task_marker_dag.py took 0.224 seconds
[2023-10-04T21:05:32.916+0300] {processor.py:157} INFO - Started process (PID=22875) to work on /home/paulet/anaconda3/lib/python3.10/site-packages/airflow/example_dags/example_external_task_marker_dag.py
[2023-10-04T21:05:32.924+0300] {processor.py:826} INFO - Processing file /home/paulet/anaconda3/lib/python3.10/site-packages/airflow/example_dags/example_external_task_marker_dag.py for tasks to queue
[2023-10-04T21:05:32.925+0300] {logging_mixin.py:149} INFO - [2023-10-04T21:05:32.925+0300] {dagbag.py:541} INFO - Filling up the DagBag from /home/paulet/anaconda3/lib/python3.10/site-packages/airflow/example_dags/example_external_task_marker_dag.py
[2023-10-04T21:05:32.936+0300] {processor.py:836} INFO - DAG(s) dict_keys(['example_external_task_marker_child', 'example_external_task_marker_parent']) retrieved from /home/paulet/anaconda3/lib/python3.10/site-packages/airflow/example_dags/example_external_task_marker_dag.py
[2023-10-04T21:05:32.965+0300] {logging_mixin.py:149} INFO - [2023-10-04T21:05:32.964+0300] {dag.py:2726} INFO - Sync 2 DAGs
[2023-10-04T21:05:32.988+0300] {logging_mixin.py:149} INFO - [2023-10-04T21:05:32.988+0300] {dag.py:3486} INFO - Setting next_dagrun for example_external_task_marker_child to None, run_after=None
[2023-10-04T21:05:32.991+0300] {logging_mixin.py:149} INFO - [2023-10-04T21:05:32.991+0300] {dag.py:3486} INFO - Setting next_dagrun for example_external_task_marker_parent to None, run_after=None
[2023-10-04T21:05:33.103+0300] {processor.py:179} INFO - Processing /home/paulet/anaconda3/lib/python3.10/site-packages/airflow/example_dags/example_external_task_marker_dag.py took 0.191 seconds
[2023-10-04T21:06:31.609+0300] {processor.py:157} INFO - Started process (PID=22928) to work on /home/paulet/anaconda3/lib/python3.10/site-packages/airflow/example_dags/example_external_task_marker_dag.py
[2023-10-04T21:06:31.611+0300] {processor.py:826} INFO - Processing file /home/paulet/anaconda3/lib/python3.10/site-packages/airflow/example_dags/example_external_task_marker_dag.py for tasks to queue
[2023-10-04T21:06:31.611+0300] {logging_mixin.py:149} INFO - [2023-10-04T21:06:31.611+0300] {dagbag.py:541} INFO - Filling up the DagBag from /home/paulet/anaconda3/lib/python3.10/site-packages/airflow/example_dags/example_external_task_marker_dag.py
[2023-10-04T21:06:31.620+0300] {processor.py:836} INFO - DAG(s) dict_keys(['example_external_task_marker_parent', 'example_external_task_marker_child']) retrieved from /home/paulet/anaconda3/lib/python3.10/site-packages/airflow/example_dags/example_external_task_marker_dag.py
[2023-10-04T21:06:31.645+0300] {logging_mixin.py:149} INFO - [2023-10-04T21:06:31.645+0300] {dag.py:2726} INFO - Sync 2 DAGs
[2023-10-04T21:06:31.668+0300] {logging_mixin.py:149} INFO - [2023-10-04T21:06:31.667+0300] {dag.py:3486} INFO - Setting next_dagrun for example_external_task_marker_child to None, run_after=None
[2023-10-04T21:06:31.672+0300] {logging_mixin.py:149} INFO - [2023-10-04T21:06:31.672+0300] {dag.py:3486} INFO - Setting next_dagrun for example_external_task_marker_parent to None, run_after=None
[2023-10-04T21:06:31.812+0300] {processor.py:179} INFO - Processing /home/paulet/anaconda3/lib/python3.10/site-packages/airflow/example_dags/example_external_task_marker_dag.py took 0.206 seconds
[2023-10-04T21:07:47.380+0300] {processor.py:157} INFO - Started process (PID=22996) to work on /home/paulet/anaconda3/lib/python3.10/site-packages/airflow/example_dags/example_external_task_marker_dag.py
[2023-10-04T21:07:47.382+0300] {processor.py:826} INFO - Processing file /home/paulet/anaconda3/lib/python3.10/site-packages/airflow/example_dags/example_external_task_marker_dag.py for tasks to queue
[2023-10-04T21:07:47.383+0300] {logging_mixin.py:149} INFO - [2023-10-04T21:07:47.383+0300] {dagbag.py:541} INFO - Filling up the DagBag from /home/paulet/anaconda3/lib/python3.10/site-packages/airflow/example_dags/example_external_task_marker_dag.py
[2023-10-04T21:07:47.393+0300] {processor.py:836} INFO - DAG(s) dict_keys(['example_external_task_marker_child', 'example_external_task_marker_parent']) retrieved from /home/paulet/anaconda3/lib/python3.10/site-packages/airflow/example_dags/example_external_task_marker_dag.py
[2023-10-04T21:07:47.420+0300] {logging_mixin.py:149} INFO - [2023-10-04T21:07:47.420+0300] {dag.py:2726} INFO - Sync 2 DAGs
[2023-10-04T21:07:47.444+0300] {logging_mixin.py:149} INFO - [2023-10-04T21:07:47.443+0300] {dag.py:3486} INFO - Setting next_dagrun for example_external_task_marker_child to None, run_after=None
[2023-10-04T21:07:47.447+0300] {logging_mixin.py:149} INFO - [2023-10-04T21:07:47.447+0300] {dag.py:3486} INFO - Setting next_dagrun for example_external_task_marker_parent to None, run_after=None
[2023-10-04T21:07:47.554+0300] {processor.py:179} INFO - Processing /home/paulet/anaconda3/lib/python3.10/site-packages/airflow/example_dags/example_external_task_marker_dag.py took 0.178 seconds
[2023-10-04T21:08:59.905+0300] {processor.py:157} INFO - Started process (PID=23085) to work on /home/paulet/anaconda3/lib/python3.10/site-packages/airflow/example_dags/example_external_task_marker_dag.py
[2023-10-04T21:08:59.906+0300] {processor.py:826} INFO - Processing file /home/paulet/anaconda3/lib/python3.10/site-packages/airflow/example_dags/example_external_task_marker_dag.py for tasks to queue
[2023-10-04T21:08:59.907+0300] {logging_mixin.py:149} INFO - [2023-10-04T21:08:59.907+0300] {dagbag.py:541} INFO - Filling up the DagBag from /home/paulet/anaconda3/lib/python3.10/site-packages/airflow/example_dags/example_external_task_marker_dag.py
[2023-10-04T21:08:59.916+0300] {processor.py:836} INFO - DAG(s) dict_keys(['example_external_task_marker_child', 'example_external_task_marker_parent']) retrieved from /home/paulet/anaconda3/lib/python3.10/site-packages/airflow/example_dags/example_external_task_marker_dag.py
[2023-10-04T21:08:59.944+0300] {logging_mixin.py:149} INFO - [2023-10-04T21:08:59.943+0300] {dag.py:2726} INFO - Sync 2 DAGs
[2023-10-04T21:08:59.966+0300] {logging_mixin.py:149} INFO - [2023-10-04T21:08:59.966+0300] {dag.py:3486} INFO - Setting next_dagrun for example_external_task_marker_child to None, run_after=None
[2023-10-04T21:08:59.969+0300] {logging_mixin.py:149} INFO - [2023-10-04T21:08:59.969+0300] {dag.py:3486} INFO - Setting next_dagrun for example_external_task_marker_parent to None, run_after=None
[2023-10-04T21:09:00.068+0300] {processor.py:179} INFO - Processing /home/paulet/anaconda3/lib/python3.10/site-packages/airflow/example_dags/example_external_task_marker_dag.py took 0.167 seconds
[2023-10-04T21:10:16.481+0300] {processor.py:157} INFO - Started process (PID=23220) to work on /home/paulet/anaconda3/lib/python3.10/site-packages/airflow/example_dags/example_external_task_marker_dag.py
[2023-10-04T21:10:16.482+0300] {processor.py:826} INFO - Processing file /home/paulet/anaconda3/lib/python3.10/site-packages/airflow/example_dags/example_external_task_marker_dag.py for tasks to queue
[2023-10-04T21:10:16.483+0300] {logging_mixin.py:149} INFO - [2023-10-04T21:10:16.483+0300] {dagbag.py:541} INFO - Filling up the DagBag from /home/paulet/anaconda3/lib/python3.10/site-packages/airflow/example_dags/example_external_task_marker_dag.py
[2023-10-04T21:10:16.494+0300] {processor.py:836} INFO - DAG(s) dict_keys(['example_external_task_marker_parent', 'example_external_task_marker_child']) retrieved from /home/paulet/anaconda3/lib/python3.10/site-packages/airflow/example_dags/example_external_task_marker_dag.py
[2023-10-04T21:10:16.522+0300] {logging_mixin.py:149} INFO - [2023-10-04T21:10:16.521+0300] {dag.py:2726} INFO - Sync 2 DAGs
[2023-10-04T21:10:16.545+0300] {logging_mixin.py:149} INFO - [2023-10-04T21:10:16.545+0300] {dag.py:3486} INFO - Setting next_dagrun for example_external_task_marker_child to None, run_after=None
[2023-10-04T21:10:16.548+0300] {logging_mixin.py:149} INFO - [2023-10-04T21:10:16.548+0300] {dag.py:3486} INFO - Setting next_dagrun for example_external_task_marker_parent to None, run_after=None
[2023-10-04T21:10:16.668+0300] {processor.py:179} INFO - Processing /home/paulet/anaconda3/lib/python3.10/site-packages/airflow/example_dags/example_external_task_marker_dag.py took 0.192 seconds
[2023-10-04T21:52:33.008+0300] {processor.py:157} INFO - Started process (PID=27011) to work on /home/paulet/anaconda3/lib/python3.10/site-packages/airflow/example_dags/example_external_task_marker_dag.py
[2023-10-04T21:52:33.010+0300] {processor.py:826} INFO - Processing file /home/paulet/anaconda3/lib/python3.10/site-packages/airflow/example_dags/example_external_task_marker_dag.py for tasks to queue
[2023-10-04T21:52:33.011+0300] {logging_mixin.py:149} INFO - [2023-10-04T21:52:33.011+0300] {dagbag.py:541} INFO - Filling up the DagBag from /home/paulet/anaconda3/lib/python3.10/site-packages/airflow/example_dags/example_external_task_marker_dag.py
[2023-10-04T21:52:33.021+0300] {processor.py:836} INFO - DAG(s) dict_keys(['example_external_task_marker_parent', 'example_external_task_marker_child']) retrieved from /home/paulet/anaconda3/lib/python3.10/site-packages/airflow/example_dags/example_external_task_marker_dag.py
[2023-10-04T21:52:33.079+0300] {logging_mixin.py:149} INFO - [2023-10-04T21:52:33.079+0300] {dag.py:2726} INFO - Sync 2 DAGs
[2023-10-04T21:52:33.101+0300] {logging_mixin.py:149} INFO - [2023-10-04T21:52:33.101+0300] {dag.py:3486} INFO - Setting next_dagrun for example_external_task_marker_child to None, run_after=None
[2023-10-04T21:52:33.104+0300] {logging_mixin.py:149} INFO - [2023-10-04T21:52:33.104+0300] {dag.py:3486} INFO - Setting next_dagrun for example_external_task_marker_parent to None, run_after=None
[2023-10-04T21:52:33.254+0300] {processor.py:179} INFO - Processing /home/paulet/anaconda3/lib/python3.10/site-packages/airflow/example_dags/example_external_task_marker_dag.py took 0.250 seconds
[2023-10-04T21:53:30.668+0300] {processor.py:157} INFO - Started process (PID=27064) to work on /home/paulet/anaconda3/lib/python3.10/site-packages/airflow/example_dags/example_external_task_marker_dag.py
[2023-10-04T21:53:30.669+0300] {processor.py:826} INFO - Processing file /home/paulet/anaconda3/lib/python3.10/site-packages/airflow/example_dags/example_external_task_marker_dag.py for tasks to queue
[2023-10-04T21:53:30.670+0300] {logging_mixin.py:149} INFO - [2023-10-04T21:53:30.670+0300] {dagbag.py:541} INFO - Filling up the DagBag from /home/paulet/anaconda3/lib/python3.10/site-packages/airflow/example_dags/example_external_task_marker_dag.py
[2023-10-04T21:53:30.680+0300] {processor.py:836} INFO - DAG(s) dict_keys(['example_external_task_marker_parent', 'example_external_task_marker_child']) retrieved from /home/paulet/anaconda3/lib/python3.10/site-packages/airflow/example_dags/example_external_task_marker_dag.py
[2023-10-04T21:53:30.708+0300] {logging_mixin.py:149} INFO - [2023-10-04T21:53:30.708+0300] {dag.py:2726} INFO - Sync 2 DAGs
[2023-10-04T21:53:30.731+0300] {logging_mixin.py:149} INFO - [2023-10-04T21:53:30.731+0300] {dag.py:3486} INFO - Setting next_dagrun for example_external_task_marker_child to None, run_after=None
[2023-10-04T21:53:30.734+0300] {logging_mixin.py:149} INFO - [2023-10-04T21:53:30.734+0300] {dag.py:3486} INFO - Setting next_dagrun for example_external_task_marker_parent to None, run_after=None
[2023-10-04T21:53:30.877+0300] {processor.py:179} INFO - Processing /home/paulet/anaconda3/lib/python3.10/site-packages/airflow/example_dags/example_external_task_marker_dag.py took 0.213 seconds
[2023-10-04T21:54:35.165+0300] {processor.py:157} INFO - Started process (PID=27161) to work on /home/paulet/anaconda3/lib/python3.10/site-packages/airflow/example_dags/example_external_task_marker_dag.py
[2023-10-04T21:54:35.166+0300] {processor.py:826} INFO - Processing file /home/paulet/anaconda3/lib/python3.10/site-packages/airflow/example_dags/example_external_task_marker_dag.py for tasks to queue
[2023-10-04T21:54:35.167+0300] {logging_mixin.py:149} INFO - [2023-10-04T21:54:35.167+0300] {dagbag.py:541} INFO - Filling up the DagBag from /home/paulet/anaconda3/lib/python3.10/site-packages/airflow/example_dags/example_external_task_marker_dag.py
[2023-10-04T21:54:35.177+0300] {processor.py:836} INFO - DAG(s) dict_keys(['example_external_task_marker_parent', 'example_external_task_marker_child']) retrieved from /home/paulet/anaconda3/lib/python3.10/site-packages/airflow/example_dags/example_external_task_marker_dag.py
[2023-10-04T21:54:35.209+0300] {logging_mixin.py:149} INFO - [2023-10-04T21:54:35.209+0300] {dag.py:2726} INFO - Sync 2 DAGs
[2023-10-04T21:54:35.233+0300] {logging_mixin.py:149} INFO - [2023-10-04T21:54:35.232+0300] {dag.py:3486} INFO - Setting next_dagrun for example_external_task_marker_child to None, run_after=None
[2023-10-04T21:54:35.236+0300] {logging_mixin.py:149} INFO - [2023-10-04T21:54:35.236+0300] {dag.py:3486} INFO - Setting next_dagrun for example_external_task_marker_parent to None, run_after=None
[2023-10-04T21:54:35.378+0300] {processor.py:179} INFO - Processing /home/paulet/anaconda3/lib/python3.10/site-packages/airflow/example_dags/example_external_task_marker_dag.py took 0.217 seconds
[2023-10-04T21:56:03.371+0300] {processor.py:157} INFO - Started process (PID=27379) to work on /home/paulet/anaconda3/lib/python3.10/site-packages/airflow/example_dags/example_external_task_marker_dag.py
[2023-10-04T21:56:03.427+0300] {processor.py:826} INFO - Processing file /home/paulet/anaconda3/lib/python3.10/site-packages/airflow/example_dags/example_external_task_marker_dag.py for tasks to queue
[2023-10-04T21:56:03.428+0300] {logging_mixin.py:149} INFO - [2023-10-04T21:56:03.428+0300] {dagbag.py:541} INFO - Filling up the DagBag from /home/paulet/anaconda3/lib/python3.10/site-packages/airflow/example_dags/example_external_task_marker_dag.py
[2023-10-04T21:56:03.438+0300] {processor.py:836} INFO - DAG(s) dict_keys(['example_external_task_marker_parent', 'example_external_task_marker_child']) retrieved from /home/paulet/anaconda3/lib/python3.10/site-packages/airflow/example_dags/example_external_task_marker_dag.py
[2023-10-04T21:56:03.472+0300] {logging_mixin.py:149} INFO - [2023-10-04T21:56:03.472+0300] {dag.py:2726} INFO - Sync 2 DAGs
[2023-10-04T21:56:03.496+0300] {logging_mixin.py:149} INFO - [2023-10-04T21:56:03.495+0300] {dag.py:3486} INFO - Setting next_dagrun for example_external_task_marker_child to None, run_after=None
[2023-10-04T21:56:03.499+0300] {logging_mixin.py:149} INFO - [2023-10-04T21:56:03.499+0300] {dag.py:3486} INFO - Setting next_dagrun for example_external_task_marker_parent to None, run_after=None
[2023-10-04T21:56:03.936+0300] {processor.py:179} INFO - Processing /home/paulet/anaconda3/lib/python3.10/site-packages/airflow/example_dags/example_external_task_marker_dag.py took 0.569 seconds
