[2023-10-04T18:09:31.088+0300] {processor.py:157} INFO - Started process (PID=14141) to work on /home/paulet/anaconda3/lib/python3.10/site-packages/airflow/example_dags/example_short_circuit_operator.py
[2023-10-04T18:09:31.090+0300] {processor.py:826} INFO - Processing file /home/paulet/anaconda3/lib/python3.10/site-packages/airflow/example_dags/example_short_circuit_operator.py for tasks to queue
[2023-10-04T18:09:31.091+0300] {logging_mixin.py:149} INFO - [2023-10-04T18:09:31.090+0300] {dagbag.py:541} INFO - Filling up the DagBag from /home/paulet/anaconda3/lib/python3.10/site-packages/airflow/example_dags/example_short_circuit_operator.py
[2023-10-04T18:09:31.105+0300] {processor.py:836} INFO - DAG(s) dict_keys(['example_short_circuit_operator']) retrieved from /home/paulet/anaconda3/lib/python3.10/site-packages/airflow/example_dags/example_short_circuit_operator.py
[2023-10-04T18:09:31.809+0300] {logging_mixin.py:149} INFO - [2023-10-04T18:09:31.808+0300] {manager.py:504} INFO - Created Permission View: can edit on DAG:example_short_circuit_operator
[2023-10-04T18:09:31.929+0300] {logging_mixin.py:149} INFO - [2023-10-04T18:09:31.929+0300] {manager.py:504} INFO - Created Permission View: can read on DAG:example_short_circuit_operator
[2023-10-04T18:09:32.041+0300] {logging_mixin.py:149} INFO - [2023-10-04T18:09:32.040+0300] {manager.py:504} INFO - Created Permission View: can delete on DAG:example_short_circuit_operator
[2023-10-04T18:09:32.041+0300] {logging_mixin.py:149} INFO - [2023-10-04T18:09:32.041+0300] {dag.py:2726} INFO - Sync 1 DAGs
[2023-10-04T18:09:32.053+0300] {logging_mixin.py:149} INFO - [2023-10-04T18:09:32.053+0300] {dag.py:2747} INFO - Creating ORM DAG for example_short_circuit_operator
[2023-10-04T18:09:32.063+0300] {logging_mixin.py:149} INFO - [2023-10-04T18:09:32.063+0300] {dag.py:3486} INFO - Setting next_dagrun for example_short_circuit_operator to 2023-10-03T15:09:32.063345+00:00, run_after=2023-10-04T15:09:32.063345+00:00
[2023-10-04T18:09:32.291+0300] {processor.py:179} INFO - Processing /home/paulet/anaconda3/lib/python3.10/site-packages/airflow/example_dags/example_short_circuit_operator.py took 1.207 seconds
[2023-10-04T18:11:08.500+0300] {processor.py:157} INFO - Started process (PID=14659) to work on /home/paulet/anaconda3/lib/python3.10/site-packages/airflow/example_dags/example_short_circuit_operator.py
[2023-10-04T18:11:08.539+0300] {processor.py:826} INFO - Processing file /home/paulet/anaconda3/lib/python3.10/site-packages/airflow/example_dags/example_short_circuit_operator.py for tasks to queue
[2023-10-04T18:11:08.540+0300] {logging_mixin.py:149} INFO - [2023-10-04T18:11:08.540+0300] {dagbag.py:541} INFO - Filling up the DagBag from /home/paulet/anaconda3/lib/python3.10/site-packages/airflow/example_dags/example_short_circuit_operator.py
[2023-10-04T18:11:08.557+0300] {processor.py:836} INFO - DAG(s) dict_keys(['example_short_circuit_operator']) retrieved from /home/paulet/anaconda3/lib/python3.10/site-packages/airflow/example_dags/example_short_circuit_operator.py
[2023-10-04T18:11:08.598+0300] {logging_mixin.py:149} INFO - [2023-10-04T18:11:08.598+0300] {dag.py:2726} INFO - Sync 1 DAGs
[2023-10-04T18:11:08.623+0300] {logging_mixin.py:149} INFO - [2023-10-04T18:11:08.623+0300] {dag.py:3486} INFO - Setting next_dagrun for example_short_circuit_operator to 2023-10-03T15:11:08.622989+00:00, run_after=2023-10-04T15:11:08.622989+00:00
[2023-10-04T18:11:08.898+0300] {processor.py:179} INFO - Processing /home/paulet/anaconda3/lib/python3.10/site-packages/airflow/example_dags/example_short_circuit_operator.py took 0.402 seconds
[2023-10-04T18:12:57.935+0300] {processor.py:157} INFO - Started process (PID=15179) to work on /home/paulet/anaconda3/lib/python3.10/site-packages/airflow/example_dags/example_short_circuit_operator.py
[2023-10-04T18:12:57.936+0300] {processor.py:826} INFO - Processing file /home/paulet/anaconda3/lib/python3.10/site-packages/airflow/example_dags/example_short_circuit_operator.py for tasks to queue
[2023-10-04T18:12:57.937+0300] {logging_mixin.py:149} INFO - [2023-10-04T18:12:57.937+0300] {dagbag.py:541} INFO - Filling up the DagBag from /home/paulet/anaconda3/lib/python3.10/site-packages/airflow/example_dags/example_short_circuit_operator.py
[2023-10-04T18:12:57.949+0300] {processor.py:836} INFO - DAG(s) dict_keys(['example_short_circuit_operator']) retrieved from /home/paulet/anaconda3/lib/python3.10/site-packages/airflow/example_dags/example_short_circuit_operator.py
[2023-10-04T18:12:57.977+0300] {logging_mixin.py:149} INFO - [2023-10-04T18:12:57.977+0300] {dag.py:2726} INFO - Sync 1 DAGs
[2023-10-04T18:12:58.004+0300] {logging_mixin.py:149} INFO - [2023-10-04T18:12:58.003+0300] {dag.py:3486} INFO - Setting next_dagrun for example_short_circuit_operator to 2023-10-03T15:12:58.003523+00:00, run_after=2023-10-04T15:12:58.003523+00:00
[2023-10-04T18:12:58.216+0300] {processor.py:179} INFO - Processing /home/paulet/anaconda3/lib/python3.10/site-packages/airflow/example_dags/example_short_circuit_operator.py took 0.286 seconds
[2023-10-04T18:14:43.979+0300] {processor.py:157} INFO - Started process (PID=16057) to work on /home/paulet/anaconda3/lib/python3.10/site-packages/airflow/example_dags/example_short_circuit_operator.py
[2023-10-04T18:14:43.990+0300] {processor.py:826} INFO - Processing file /home/paulet/anaconda3/lib/python3.10/site-packages/airflow/example_dags/example_short_circuit_operator.py for tasks to queue
[2023-10-04T18:14:43.991+0300] {logging_mixin.py:149} INFO - [2023-10-04T18:14:43.990+0300] {dagbag.py:541} INFO - Filling up the DagBag from /home/paulet/anaconda3/lib/python3.10/site-packages/airflow/example_dags/example_short_circuit_operator.py
[2023-10-04T18:14:44.001+0300] {processor.py:836} INFO - DAG(s) dict_keys(['example_short_circuit_operator']) retrieved from /home/paulet/anaconda3/lib/python3.10/site-packages/airflow/example_dags/example_short_circuit_operator.py
[2023-10-04T18:14:44.029+0300] {logging_mixin.py:149} INFO - [2023-10-04T18:14:44.029+0300] {dag.py:2726} INFO - Sync 1 DAGs
[2023-10-04T18:14:44.054+0300] {logging_mixin.py:149} INFO - [2023-10-04T18:14:44.054+0300] {dag.py:3486} INFO - Setting next_dagrun for example_short_circuit_operator to 2023-10-03T15:14:44.054357+00:00, run_after=2023-10-04T15:14:44.054357+00:00
[2023-10-04T18:14:44.181+0300] {processor.py:179} INFO - Processing /home/paulet/anaconda3/lib/python3.10/site-packages/airflow/example_dags/example_short_circuit_operator.py took 0.206 seconds
[2023-10-04T18:15:40.673+0300] {processor.py:157} INFO - Started process (PID=16116) to work on /home/paulet/anaconda3/lib/python3.10/site-packages/airflow/example_dags/example_short_circuit_operator.py
[2023-10-04T18:15:40.679+0300] {processor.py:826} INFO - Processing file /home/paulet/anaconda3/lib/python3.10/site-packages/airflow/example_dags/example_short_circuit_operator.py for tasks to queue
[2023-10-04T18:15:40.680+0300] {logging_mixin.py:149} INFO - [2023-10-04T18:15:40.680+0300] {dagbag.py:541} INFO - Filling up the DagBag from /home/paulet/anaconda3/lib/python3.10/site-packages/airflow/example_dags/example_short_circuit_operator.py
[2023-10-04T18:15:40.690+0300] {processor.py:836} INFO - DAG(s) dict_keys(['example_short_circuit_operator']) retrieved from /home/paulet/anaconda3/lib/python3.10/site-packages/airflow/example_dags/example_short_circuit_operator.py
[2023-10-04T18:15:40.717+0300] {logging_mixin.py:149} INFO - [2023-10-04T18:15:40.717+0300] {dag.py:2726} INFO - Sync 1 DAGs
[2023-10-04T18:15:40.744+0300] {logging_mixin.py:149} INFO - [2023-10-04T18:15:40.743+0300] {dag.py:3486} INFO - Setting next_dagrun for example_short_circuit_operator to 2023-10-03T15:15:40.743516+00:00, run_after=2023-10-04T15:15:40.743516+00:00
[2023-10-04T18:15:40.916+0300] {processor.py:179} INFO - Processing /home/paulet/anaconda3/lib/python3.10/site-packages/airflow/example_dags/example_short_circuit_operator.py took 0.247 seconds
[2023-10-04T18:16:39.150+0300] {processor.py:157} INFO - Started process (PID=16172) to work on /home/paulet/anaconda3/lib/python3.10/site-packages/airflow/example_dags/example_short_circuit_operator.py
[2023-10-04T18:16:41.188+0300] {processor.py:826} INFO - Processing file /home/paulet/anaconda3/lib/python3.10/site-packages/airflow/example_dags/example_short_circuit_operator.py for tasks to queue
[2023-10-04T18:16:41.189+0300] {logging_mixin.py:149} INFO - [2023-10-04T18:16:41.189+0300] {dagbag.py:541} INFO - Filling up the DagBag from /home/paulet/anaconda3/lib/python3.10/site-packages/airflow/example_dags/example_short_circuit_operator.py
[2023-10-04T18:16:41.201+0300] {processor.py:836} INFO - DAG(s) dict_keys(['example_short_circuit_operator']) retrieved from /home/paulet/anaconda3/lib/python3.10/site-packages/airflow/example_dags/example_short_circuit_operator.py
[2023-10-04T18:16:41.233+0300] {logging_mixin.py:149} INFO - [2023-10-04T18:16:41.233+0300] {dag.py:2726} INFO - Sync 1 DAGs
[2023-10-04T18:16:41.261+0300] {logging_mixin.py:149} INFO - [2023-10-04T18:16:41.261+0300] {dag.py:3486} INFO - Setting next_dagrun for example_short_circuit_operator to 2023-10-03T15:16:41.260762+00:00, run_after=2023-10-04T15:16:41.260762+00:00
[2023-10-04T18:16:41.631+0300] {processor.py:179} INFO - Processing /home/paulet/anaconda3/lib/python3.10/site-packages/airflow/example_dags/example_short_circuit_operator.py took 2.487 seconds
[2023-10-04T18:17:59.528+0300] {processor.py:157} INFO - Started process (PID=16293) to work on /home/paulet/anaconda3/lib/python3.10/site-packages/airflow/example_dags/example_short_circuit_operator.py
[2023-10-04T18:18:00.180+0300] {processor.py:826} INFO - Processing file /home/paulet/anaconda3/lib/python3.10/site-packages/airflow/example_dags/example_short_circuit_operator.py for tasks to queue
[2023-10-04T18:18:00.182+0300] {logging_mixin.py:149} INFO - [2023-10-04T18:18:00.181+0300] {dagbag.py:541} INFO - Filling up the DagBag from /home/paulet/anaconda3/lib/python3.10/site-packages/airflow/example_dags/example_short_circuit_operator.py
[2023-10-04T18:18:00.195+0300] {processor.py:836} INFO - DAG(s) dict_keys(['example_short_circuit_operator']) retrieved from /home/paulet/anaconda3/lib/python3.10/site-packages/airflow/example_dags/example_short_circuit_operator.py
[2023-10-04T18:18:00.227+0300] {logging_mixin.py:149} INFO - [2023-10-04T18:18:00.227+0300] {dag.py:2726} INFO - Sync 1 DAGs
[2023-10-04T18:18:00.253+0300] {logging_mixin.py:149} INFO - [2023-10-04T18:18:00.253+0300] {dag.py:3486} INFO - Setting next_dagrun for example_short_circuit_operator to 2023-10-03T15:18:00.252942+00:00, run_after=2023-10-04T15:18:00.252942+00:00
[2023-10-04T18:18:00.992+0300] {processor.py:179} INFO - Processing /home/paulet/anaconda3/lib/python3.10/site-packages/airflow/example_dags/example_short_circuit_operator.py took 1.468 seconds
[2023-10-04T21:00:41.450+0300] {processor.py:157} INFO - Started process (PID=22436) to work on /home/paulet/anaconda3/lib/python3.10/site-packages/airflow/example_dags/example_short_circuit_operator.py
[2023-10-04T21:00:41.454+0300] {processor.py:826} INFO - Processing file /home/paulet/anaconda3/lib/python3.10/site-packages/airflow/example_dags/example_short_circuit_operator.py for tasks to queue
[2023-10-04T21:00:41.455+0300] {logging_mixin.py:149} INFO - [2023-10-04T21:00:41.455+0300] {dagbag.py:541} INFO - Filling up the DagBag from /home/paulet/anaconda3/lib/python3.10/site-packages/airflow/example_dags/example_short_circuit_operator.py
[2023-10-04T21:00:41.470+0300] {processor.py:836} INFO - DAG(s) dict_keys(['example_short_circuit_operator']) retrieved from /home/paulet/anaconda3/lib/python3.10/site-packages/airflow/example_dags/example_short_circuit_operator.py
[2023-10-04T21:00:41.499+0300] {logging_mixin.py:149} INFO - [2023-10-04T21:00:41.499+0300] {dag.py:2726} INFO - Sync 1 DAGs
[2023-10-04T21:00:41.522+0300] {logging_mixin.py:149} INFO - [2023-10-04T21:00:41.522+0300] {dag.py:3486} INFO - Setting next_dagrun for example_short_circuit_operator to 2023-10-03T18:00:41.521802+00:00, run_after=2023-10-04T18:00:41.521802+00:00
[2023-10-04T21:00:41.700+0300] {processor.py:179} INFO - Processing /home/paulet/anaconda3/lib/python3.10/site-packages/airflow/example_dags/example_short_circuit_operator.py took 0.255 seconds
[2023-10-04T21:01:56.480+0300] {processor.py:157} INFO - Started process (PID=22629) to work on /home/paulet/anaconda3/lib/python3.10/site-packages/airflow/example_dags/example_short_circuit_operator.py
[2023-10-04T21:01:56.482+0300] {processor.py:826} INFO - Processing file /home/paulet/anaconda3/lib/python3.10/site-packages/airflow/example_dags/example_short_circuit_operator.py for tasks to queue
[2023-10-04T21:01:56.483+0300] {logging_mixin.py:149} INFO - [2023-10-04T21:01:56.482+0300] {dagbag.py:541} INFO - Filling up the DagBag from /home/paulet/anaconda3/lib/python3.10/site-packages/airflow/example_dags/example_short_circuit_operator.py
[2023-10-04T21:01:56.495+0300] {processor.py:836} INFO - DAG(s) dict_keys(['example_short_circuit_operator']) retrieved from /home/paulet/anaconda3/lib/python3.10/site-packages/airflow/example_dags/example_short_circuit_operator.py
[2023-10-04T21:01:56.522+0300] {logging_mixin.py:149} INFO - [2023-10-04T21:01:56.522+0300] {dag.py:2726} INFO - Sync 1 DAGs
[2023-10-04T21:01:56.545+0300] {logging_mixin.py:149} INFO - [2023-10-04T21:01:56.545+0300] {dag.py:3486} INFO - Setting next_dagrun for example_short_circuit_operator to 2023-10-03T18:01:56.545148+00:00, run_after=2023-10-04T18:01:56.545148+00:00
[2023-10-04T21:01:56.727+0300] {processor.py:179} INFO - Processing /home/paulet/anaconda3/lib/python3.10/site-packages/airflow/example_dags/example_short_circuit_operator.py took 0.251 seconds
[2023-10-04T21:02:51.960+0300] {processor.py:157} INFO - Started process (PID=22682) to work on /home/paulet/anaconda3/lib/python3.10/site-packages/airflow/example_dags/example_short_circuit_operator.py
[2023-10-04T21:02:51.988+0300] {processor.py:826} INFO - Processing file /home/paulet/anaconda3/lib/python3.10/site-packages/airflow/example_dags/example_short_circuit_operator.py for tasks to queue
[2023-10-04T21:02:51.989+0300] {logging_mixin.py:149} INFO - [2023-10-04T21:02:51.988+0300] {dagbag.py:541} INFO - Filling up the DagBag from /home/paulet/anaconda3/lib/python3.10/site-packages/airflow/example_dags/example_short_circuit_operator.py
[2023-10-04T21:02:52.001+0300] {processor.py:836} INFO - DAG(s) dict_keys(['example_short_circuit_operator']) retrieved from /home/paulet/anaconda3/lib/python3.10/site-packages/airflow/example_dags/example_short_circuit_operator.py
[2023-10-04T21:02:52.032+0300] {logging_mixin.py:149} INFO - [2023-10-04T21:02:52.032+0300] {dag.py:2726} INFO - Sync 1 DAGs
[2023-10-04T21:02:52.056+0300] {logging_mixin.py:149} INFO - [2023-10-04T21:02:52.056+0300] {dag.py:3486} INFO - Setting next_dagrun for example_short_circuit_operator to 2023-10-03T18:02:52.056057+00:00, run_after=2023-10-04T18:02:52.056057+00:00
[2023-10-04T21:02:52.204+0300] {processor.py:179} INFO - Processing /home/paulet/anaconda3/lib/python3.10/site-packages/airflow/example_dags/example_short_circuit_operator.py took 0.248 seconds
[2023-10-04T21:03:49.665+0300] {processor.py:157} INFO - Started process (PID=22733) to work on /home/paulet/anaconda3/lib/python3.10/site-packages/airflow/example_dags/example_short_circuit_operator.py
[2023-10-04T21:03:49.666+0300] {processor.py:826} INFO - Processing file /home/paulet/anaconda3/lib/python3.10/site-packages/airflow/example_dags/example_short_circuit_operator.py for tasks to queue
[2023-10-04T21:03:49.667+0300] {logging_mixin.py:149} INFO - [2023-10-04T21:03:49.667+0300] {dagbag.py:541} INFO - Filling up the DagBag from /home/paulet/anaconda3/lib/python3.10/site-packages/airflow/example_dags/example_short_circuit_operator.py
[2023-10-04T21:03:49.679+0300] {processor.py:836} INFO - DAG(s) dict_keys(['example_short_circuit_operator']) retrieved from /home/paulet/anaconda3/lib/python3.10/site-packages/airflow/example_dags/example_short_circuit_operator.py
[2023-10-04T21:03:49.707+0300] {logging_mixin.py:149} INFO - [2023-10-04T21:03:49.707+0300] {dag.py:2726} INFO - Sync 1 DAGs
[2023-10-04T21:03:49.732+0300] {logging_mixin.py:149} INFO - [2023-10-04T21:03:49.731+0300] {dag.py:3486} INFO - Setting next_dagrun for example_short_circuit_operator to 2023-10-03T18:03:49.731556+00:00, run_after=2023-10-04T18:03:49.731556+00:00
[2023-10-04T21:03:49.900+0300] {processor.py:179} INFO - Processing /home/paulet/anaconda3/lib/python3.10/site-packages/airflow/example_dags/example_short_circuit_operator.py took 0.240 seconds
[2023-10-04T21:04:46.687+0300] {processor.py:157} INFO - Started process (PID=22807) to work on /home/paulet/anaconda3/lib/python3.10/site-packages/airflow/example_dags/example_short_circuit_operator.py
[2023-10-04T21:04:46.720+0300] {processor.py:826} INFO - Processing file /home/paulet/anaconda3/lib/python3.10/site-packages/airflow/example_dags/example_short_circuit_operator.py for tasks to queue
[2023-10-04T21:04:46.721+0300] {logging_mixin.py:149} INFO - [2023-10-04T21:04:46.721+0300] {dagbag.py:541} INFO - Filling up the DagBag from /home/paulet/anaconda3/lib/python3.10/site-packages/airflow/example_dags/example_short_circuit_operator.py
[2023-10-04T21:04:46.734+0300] {processor.py:836} INFO - DAG(s) dict_keys(['example_short_circuit_operator']) retrieved from /home/paulet/anaconda3/lib/python3.10/site-packages/airflow/example_dags/example_short_circuit_operator.py
[2023-10-04T21:04:46.766+0300] {logging_mixin.py:149} INFO - [2023-10-04T21:04:46.765+0300] {dag.py:2726} INFO - Sync 1 DAGs
[2023-10-04T21:04:46.790+0300] {logging_mixin.py:149} INFO - [2023-10-04T21:04:46.790+0300] {dag.py:3486} INFO - Setting next_dagrun for example_short_circuit_operator to 2023-10-03T18:04:46.790098+00:00, run_after=2023-10-04T18:04:46.790098+00:00
[2023-10-04T21:04:46.936+0300] {processor.py:179} INFO - Processing /home/paulet/anaconda3/lib/python3.10/site-packages/airflow/example_dags/example_short_circuit_operator.py took 0.253 seconds
[2023-10-04T21:05:42.494+0300] {processor.py:157} INFO - Started process (PID=22884) to work on /home/paulet/anaconda3/lib/python3.10/site-packages/airflow/example_dags/example_short_circuit_operator.py
[2023-10-04T21:05:42.502+0300] {processor.py:826} INFO - Processing file /home/paulet/anaconda3/lib/python3.10/site-packages/airflow/example_dags/example_short_circuit_operator.py for tasks to queue
[2023-10-04T21:05:42.503+0300] {logging_mixin.py:149} INFO - [2023-10-04T21:05:42.503+0300] {dagbag.py:541} INFO - Filling up the DagBag from /home/paulet/anaconda3/lib/python3.10/site-packages/airflow/example_dags/example_short_circuit_operator.py
[2023-10-04T21:05:42.515+0300] {processor.py:836} INFO - DAG(s) dict_keys(['example_short_circuit_operator']) retrieved from /home/paulet/anaconda3/lib/python3.10/site-packages/airflow/example_dags/example_short_circuit_operator.py
[2023-10-04T21:05:42.544+0300] {logging_mixin.py:149} INFO - [2023-10-04T21:05:42.543+0300] {dag.py:2726} INFO - Sync 1 DAGs
[2023-10-04T21:05:42.567+0300] {logging_mixin.py:149} INFO - [2023-10-04T21:05:42.567+0300] {dag.py:3486} INFO - Setting next_dagrun for example_short_circuit_operator to 2023-10-03T18:05:42.567213+00:00, run_after=2023-10-04T18:05:42.567213+00:00
[2023-10-04T21:05:42.717+0300] {processor.py:179} INFO - Processing /home/paulet/anaconda3/lib/python3.10/site-packages/airflow/example_dags/example_short_circuit_operator.py took 0.228 seconds
[2023-10-04T21:06:40.940+0300] {processor.py:157} INFO - Started process (PID=22935) to work on /home/paulet/anaconda3/lib/python3.10/site-packages/airflow/example_dags/example_short_circuit_operator.py
[2023-10-04T21:06:40.941+0300] {processor.py:826} INFO - Processing file /home/paulet/anaconda3/lib/python3.10/site-packages/airflow/example_dags/example_short_circuit_operator.py for tasks to queue
[2023-10-04T21:06:40.942+0300] {logging_mixin.py:149} INFO - [2023-10-04T21:06:40.942+0300] {dagbag.py:541} INFO - Filling up the DagBag from /home/paulet/anaconda3/lib/python3.10/site-packages/airflow/example_dags/example_short_circuit_operator.py
[2023-10-04T21:06:40.955+0300] {processor.py:836} INFO - DAG(s) dict_keys(['example_short_circuit_operator']) retrieved from /home/paulet/anaconda3/lib/python3.10/site-packages/airflow/example_dags/example_short_circuit_operator.py
[2023-10-04T21:06:40.982+0300] {logging_mixin.py:149} INFO - [2023-10-04T21:06:40.982+0300] {dag.py:2726} INFO - Sync 1 DAGs
[2023-10-04T21:06:41.006+0300] {logging_mixin.py:149} INFO - [2023-10-04T21:06:41.006+0300] {dag.py:3486} INFO - Setting next_dagrun for example_short_circuit_operator to 2023-10-03T18:06:41.006214+00:00, run_after=2023-10-04T18:06:41.006214+00:00
[2023-10-04T21:06:41.136+0300] {processor.py:179} INFO - Processing /home/paulet/anaconda3/lib/python3.10/site-packages/airflow/example_dags/example_short_circuit_operator.py took 0.201 seconds
[2023-10-04T21:07:32.413+0300] {processor.py:157} INFO - Started process (PID=22984) to work on /home/paulet/anaconda3/lib/python3.10/site-packages/airflow/example_dags/example_short_circuit_operator.py
[2023-10-04T21:07:32.422+0300] {processor.py:826} INFO - Processing file /home/paulet/anaconda3/lib/python3.10/site-packages/airflow/example_dags/example_short_circuit_operator.py for tasks to queue
[2023-10-04T21:07:32.423+0300] {logging_mixin.py:149} INFO - [2023-10-04T21:07:32.423+0300] {dagbag.py:541} INFO - Filling up the DagBag from /home/paulet/anaconda3/lib/python3.10/site-packages/airflow/example_dags/example_short_circuit_operator.py
[2023-10-04T21:07:32.435+0300] {processor.py:836} INFO - DAG(s) dict_keys(['example_short_circuit_operator']) retrieved from /home/paulet/anaconda3/lib/python3.10/site-packages/airflow/example_dags/example_short_circuit_operator.py
[2023-10-04T21:07:32.464+0300] {logging_mixin.py:149} INFO - [2023-10-04T21:07:32.464+0300] {dag.py:2726} INFO - Sync 1 DAGs
[2023-10-04T21:07:32.490+0300] {logging_mixin.py:149} INFO - [2023-10-04T21:07:32.489+0300] {dag.py:3486} INFO - Setting next_dagrun for example_short_circuit_operator to 2023-10-03T18:07:32.489606+00:00, run_after=2023-10-04T18:07:32.489606+00:00
[2023-10-04T21:07:32.642+0300] {processor.py:179} INFO - Processing /home/paulet/anaconda3/lib/python3.10/site-packages/airflow/example_dags/example_short_circuit_operator.py took 0.234 seconds
[2023-10-04T21:08:19.993+0300] {processor.py:157} INFO - Started process (PID=23029) to work on /home/paulet/anaconda3/lib/python3.10/site-packages/airflow/example_dags/example_short_circuit_operator.py
[2023-10-04T21:08:20.001+0300] {processor.py:826} INFO - Processing file /home/paulet/anaconda3/lib/python3.10/site-packages/airflow/example_dags/example_short_circuit_operator.py for tasks to queue
[2023-10-04T21:08:20.002+0300] {logging_mixin.py:149} INFO - [2023-10-04T21:08:20.002+0300] {dagbag.py:541} INFO - Filling up the DagBag from /home/paulet/anaconda3/lib/python3.10/site-packages/airflow/example_dags/example_short_circuit_operator.py
[2023-10-04T21:08:20.014+0300] {processor.py:836} INFO - DAG(s) dict_keys(['example_short_circuit_operator']) retrieved from /home/paulet/anaconda3/lib/python3.10/site-packages/airflow/example_dags/example_short_circuit_operator.py
[2023-10-04T21:08:20.042+0300] {logging_mixin.py:149} INFO - [2023-10-04T21:08:20.042+0300] {dag.py:2726} INFO - Sync 1 DAGs
[2023-10-04T21:08:20.066+0300] {logging_mixin.py:149} INFO - [2023-10-04T21:08:20.066+0300] {dag.py:3486} INFO - Setting next_dagrun for example_short_circuit_operator to 2023-10-03T18:08:20.066034+00:00, run_after=2023-10-04T18:08:20.066034+00:00
[2023-10-04T21:08:20.242+0300] {processor.py:179} INFO - Processing /home/paulet/anaconda3/lib/python3.10/site-packages/airflow/example_dags/example_short_circuit_operator.py took 0.253 seconds
[2023-10-04T21:09:09.888+0300] {processor.py:157} INFO - Started process (PID=23094) to work on /home/paulet/anaconda3/lib/python3.10/site-packages/airflow/example_dags/example_short_circuit_operator.py
[2023-10-04T21:09:09.890+0300] {processor.py:826} INFO - Processing file /home/paulet/anaconda3/lib/python3.10/site-packages/airflow/example_dags/example_short_circuit_operator.py for tasks to queue
[2023-10-04T21:09:09.891+0300] {logging_mixin.py:149} INFO - [2023-10-04T21:09:09.891+0300] {dagbag.py:541} INFO - Filling up the DagBag from /home/paulet/anaconda3/lib/python3.10/site-packages/airflow/example_dags/example_short_circuit_operator.py
[2023-10-04T21:09:09.903+0300] {processor.py:836} INFO - DAG(s) dict_keys(['example_short_circuit_operator']) retrieved from /home/paulet/anaconda3/lib/python3.10/site-packages/airflow/example_dags/example_short_circuit_operator.py
[2023-10-04T21:09:09.931+0300] {logging_mixin.py:149} INFO - [2023-10-04T21:09:09.931+0300] {dag.py:2726} INFO - Sync 1 DAGs
[2023-10-04T21:09:09.954+0300] {logging_mixin.py:149} INFO - [2023-10-04T21:09:09.954+0300] {dag.py:3486} INFO - Setting next_dagrun for example_short_circuit_operator to 2023-10-03T18:09:09.953902+00:00, run_after=2023-10-04T18:09:09.953902+00:00
[2023-10-04T21:09:10.087+0300] {processor.py:179} INFO - Processing /home/paulet/anaconda3/lib/python3.10/site-packages/airflow/example_dags/example_short_circuit_operator.py took 0.203 seconds
[2023-10-04T21:10:01.922+0300] {processor.py:157} INFO - Started process (PID=23182) to work on /home/paulet/anaconda3/lib/python3.10/site-packages/airflow/example_dags/example_short_circuit_operator.py
[2023-10-04T21:10:01.924+0300] {processor.py:826} INFO - Processing file /home/paulet/anaconda3/lib/python3.10/site-packages/airflow/example_dags/example_short_circuit_operator.py for tasks to queue
[2023-10-04T21:10:01.925+0300] {logging_mixin.py:149} INFO - [2023-10-04T21:10:01.925+0300] {dagbag.py:541} INFO - Filling up the DagBag from /home/paulet/anaconda3/lib/python3.10/site-packages/airflow/example_dags/example_short_circuit_operator.py
[2023-10-04T21:10:01.938+0300] {processor.py:836} INFO - DAG(s) dict_keys(['example_short_circuit_operator']) retrieved from /home/paulet/anaconda3/lib/python3.10/site-packages/airflow/example_dags/example_short_circuit_operator.py
[2023-10-04T21:10:01.966+0300] {logging_mixin.py:149} INFO - [2023-10-04T21:10:01.966+0300] {dag.py:2726} INFO - Sync 1 DAGs
[2023-10-04T21:10:01.991+0300] {logging_mixin.py:149} INFO - [2023-10-04T21:10:01.990+0300] {dag.py:3486} INFO - Setting next_dagrun for example_short_circuit_operator to 2023-10-03T18:10:01.990494+00:00, run_after=2023-10-04T18:10:01.990494+00:00
[2023-10-04T21:10:02.137+0300] {processor.py:179} INFO - Processing /home/paulet/anaconda3/lib/python3.10/site-packages/airflow/example_dags/example_short_circuit_operator.py took 0.219 seconds
[2023-10-04T21:52:06.436+0300] {processor.py:157} INFO - Started process (PID=26945) to work on /home/paulet/anaconda3/lib/python3.10/site-packages/airflow/example_dags/example_short_circuit_operator.py
[2023-10-04T21:52:06.438+0300] {processor.py:826} INFO - Processing file /home/paulet/anaconda3/lib/python3.10/site-packages/airflow/example_dags/example_short_circuit_operator.py for tasks to queue
[2023-10-04T21:52:06.439+0300] {logging_mixin.py:149} INFO - [2023-10-04T21:52:06.439+0300] {dagbag.py:541} INFO - Filling up the DagBag from /home/paulet/anaconda3/lib/python3.10/site-packages/airflow/example_dags/example_short_circuit_operator.py
[2023-10-04T21:52:06.452+0300] {processor.py:836} INFO - DAG(s) dict_keys(['example_short_circuit_operator']) retrieved from /home/paulet/anaconda3/lib/python3.10/site-packages/airflow/example_dags/example_short_circuit_operator.py
[2023-10-04T21:52:06.485+0300] {logging_mixin.py:149} INFO - [2023-10-04T21:52:06.484+0300] {dag.py:2726} INFO - Sync 1 DAGs
[2023-10-04T21:52:06.511+0300] {logging_mixin.py:149} INFO - [2023-10-04T21:52:06.511+0300] {dag.py:3486} INFO - Setting next_dagrun for example_short_circuit_operator to 2023-10-03T18:52:06.511374+00:00, run_after=2023-10-04T18:52:06.511374+00:00
[2023-10-04T21:52:06.658+0300] {processor.py:179} INFO - Processing /home/paulet/anaconda3/lib/python3.10/site-packages/airflow/example_dags/example_short_circuit_operator.py took 0.226 seconds
[2023-10-04T21:53:04.776+0300] {processor.py:157} INFO - Started process (PID=27043) to work on /home/paulet/anaconda3/lib/python3.10/site-packages/airflow/example_dags/example_short_circuit_operator.py
[2023-10-04T21:53:04.777+0300] {processor.py:826} INFO - Processing file /home/paulet/anaconda3/lib/python3.10/site-packages/airflow/example_dags/example_short_circuit_operator.py for tasks to queue
[2023-10-04T21:53:04.778+0300] {logging_mixin.py:149} INFO - [2023-10-04T21:53:04.778+0300] {dagbag.py:541} INFO - Filling up the DagBag from /home/paulet/anaconda3/lib/python3.10/site-packages/airflow/example_dags/example_short_circuit_operator.py
[2023-10-04T21:53:04.790+0300] {processor.py:836} INFO - DAG(s) dict_keys(['example_short_circuit_operator']) retrieved from /home/paulet/anaconda3/lib/python3.10/site-packages/airflow/example_dags/example_short_circuit_operator.py
[2023-10-04T21:53:04.817+0300] {logging_mixin.py:149} INFO - [2023-10-04T21:53:04.817+0300] {dag.py:2726} INFO - Sync 1 DAGs
[2023-10-04T21:53:04.841+0300] {logging_mixin.py:149} INFO - [2023-10-04T21:53:04.841+0300] {dag.py:3486} INFO - Setting next_dagrun for example_short_circuit_operator to 2023-10-03T18:53:04.841468+00:00, run_after=2023-10-04T18:53:04.841468+00:00
[2023-10-04T21:53:04.990+0300] {processor.py:179} INFO - Processing /home/paulet/anaconda3/lib/python3.10/site-packages/airflow/example_dags/example_short_circuit_operator.py took 0.219 seconds
[2023-10-04T21:54:08.149+0300] {processor.py:157} INFO - Started process (PID=27124) to work on /home/paulet/anaconda3/lib/python3.10/site-packages/airflow/example_dags/example_short_circuit_operator.py
[2023-10-04T21:54:08.175+0300] {processor.py:826} INFO - Processing file /home/paulet/anaconda3/lib/python3.10/site-packages/airflow/example_dags/example_short_circuit_operator.py for tasks to queue
[2023-10-04T21:54:08.176+0300] {logging_mixin.py:149} INFO - [2023-10-04T21:54:08.176+0300] {dagbag.py:541} INFO - Filling up the DagBag from /home/paulet/anaconda3/lib/python3.10/site-packages/airflow/example_dags/example_short_circuit_operator.py
[2023-10-04T21:54:08.189+0300] {processor.py:836} INFO - DAG(s) dict_keys(['example_short_circuit_operator']) retrieved from /home/paulet/anaconda3/lib/python3.10/site-packages/airflow/example_dags/example_short_circuit_operator.py
[2023-10-04T21:54:08.221+0300] {logging_mixin.py:149} INFO - [2023-10-04T21:54:08.221+0300] {dag.py:2726} INFO - Sync 1 DAGs
[2023-10-04T21:54:08.256+0300] {logging_mixin.py:149} INFO - [2023-10-04T21:54:08.256+0300] {dag.py:3486} INFO - Setting next_dagrun for example_short_circuit_operator to 2023-10-03T18:54:08.256076+00:00, run_after=2023-10-04T18:54:08.256076+00:00
[2023-10-04T21:54:08.399+0300] {processor.py:179} INFO - Processing /home/paulet/anaconda3/lib/python3.10/site-packages/airflow/example_dags/example_short_circuit_operator.py took 0.254 seconds
[2023-10-04T21:55:05.860+0300] {processor.py:157} INFO - Started process (PID=27198) to work on /home/paulet/anaconda3/lib/python3.10/site-packages/airflow/example_dags/example_short_circuit_operator.py
[2023-10-04T21:55:05.872+0300] {processor.py:826} INFO - Processing file /home/paulet/anaconda3/lib/python3.10/site-packages/airflow/example_dags/example_short_circuit_operator.py for tasks to queue
[2023-10-04T21:55:05.873+0300] {logging_mixin.py:149} INFO - [2023-10-04T21:55:05.873+0300] {dagbag.py:541} INFO - Filling up the DagBag from /home/paulet/anaconda3/lib/python3.10/site-packages/airflow/example_dags/example_short_circuit_operator.py
[2023-10-04T21:55:05.886+0300] {processor.py:836} INFO - DAG(s) dict_keys(['example_short_circuit_operator']) retrieved from /home/paulet/anaconda3/lib/python3.10/site-packages/airflow/example_dags/example_short_circuit_operator.py
[2023-10-04T21:55:05.915+0300] {logging_mixin.py:149} INFO - [2023-10-04T21:55:05.915+0300] {dag.py:2726} INFO - Sync 1 DAGs
[2023-10-04T21:55:05.940+0300] {logging_mixin.py:149} INFO - [2023-10-04T21:55:05.940+0300] {dag.py:3486} INFO - Setting next_dagrun for example_short_circuit_operator to 2023-10-03T18:55:05.939675+00:00, run_after=2023-10-04T18:55:05.939675+00:00
[2023-10-04T21:55:06.066+0300] {processor.py:179} INFO - Processing /home/paulet/anaconda3/lib/python3.10/site-packages/airflow/example_dags/example_short_circuit_operator.py took 0.211 seconds
