[2023-10-04T18:10:03.904+0300] {processor.py:157} INFO - Started process (PID=14305) to work on /home/paulet/anaconda3/lib/python3.10/site-packages/airflow/example_dags/example_complex.py
[2023-10-04T18:10:03.905+0300] {processor.py:826} INFO - Processing file /home/paulet/anaconda3/lib/python3.10/site-packages/airflow/example_dags/example_complex.py for tasks to queue
[2023-10-04T18:10:03.906+0300] {logging_mixin.py:149} INFO - [2023-10-04T18:10:03.906+0300] {dagbag.py:541} INFO - Filling up the DagBag from /home/paulet/anaconda3/lib/python3.10/site-packages/airflow/example_dags/example_complex.py
[2023-10-04T18:10:03.922+0300] {logging_mixin.py:149} INFO - [2023-10-04T18:10:03.922+0300] {taskmixin.py:211} WARNING - Dependency <Task(BashOperator): create_entry_group>, delete_entry_group already registered for DAG: example_complex
[2023-10-04T18:10:03.923+0300] {logging_mixin.py:149} INFO - [2023-10-04T18:10:03.922+0300] {taskmixin.py:211} WARNING - Dependency <Task(BashOperator): delete_entry_group>, create_entry_group already registered for DAG: example_complex
[2023-10-04T18:10:03.923+0300] {logging_mixin.py:149} INFO - [2023-10-04T18:10:03.923+0300] {taskmixin.py:211} WARNING - Dependency <Task(BashOperator): create_entry_gcs>, delete_entry already registered for DAG: example_complex
[2023-10-04T18:10:03.923+0300] {logging_mixin.py:149} INFO - [2023-10-04T18:10:03.923+0300] {taskmixin.py:211} WARNING - Dependency <Task(BashOperator): delete_entry>, create_entry_gcs already registered for DAG: example_complex
[2023-10-04T18:10:03.924+0300] {logging_mixin.py:149} INFO - [2023-10-04T18:10:03.924+0300] {taskmixin.py:211} WARNING - Dependency <Task(BashOperator): create_tag>, delete_tag already registered for DAG: example_complex
[2023-10-04T18:10:03.924+0300] {logging_mixin.py:149} INFO - [2023-10-04T18:10:03.924+0300] {taskmixin.py:211} WARNING - Dependency <Task(BashOperator): delete_tag>, create_tag already registered for DAG: example_complex
[2023-10-04T18:10:03.926+0300] {processor.py:836} INFO - DAG(s) dict_keys(['example_complex']) retrieved from /home/paulet/anaconda3/lib/python3.10/site-packages/airflow/example_dags/example_complex.py
[2023-10-04T18:10:04.314+0300] {logging_mixin.py:149} INFO - [2023-10-04T18:10:04.314+0300] {manager.py:504} INFO - Created Permission View: can edit on DAG:example_complex
[2023-10-04T18:10:04.432+0300] {logging_mixin.py:149} INFO - [2023-10-04T18:10:04.431+0300] {manager.py:504} INFO - Created Permission View: can read on DAG:example_complex
[2023-10-04T18:10:04.554+0300] {logging_mixin.py:149} INFO - [2023-10-04T18:10:04.553+0300] {manager.py:504} INFO - Created Permission View: can delete on DAG:example_complex
[2023-10-04T18:10:04.555+0300] {logging_mixin.py:149} INFO - [2023-10-04T18:10:04.554+0300] {dag.py:2726} INFO - Sync 1 DAGs
[2023-10-04T18:10:04.582+0300] {logging_mixin.py:149} INFO - [2023-10-04T18:10:04.582+0300] {dag.py:2747} INFO - Creating ORM DAG for example_complex
[2023-10-04T18:10:04.593+0300] {logging_mixin.py:149} INFO - [2023-10-04T18:10:04.593+0300] {dag.py:3486} INFO - Setting next_dagrun for example_complex to None, run_after=None
[2023-10-04T18:10:04.795+0300] {processor.py:179} INFO - Processing /home/paulet/anaconda3/lib/python3.10/site-packages/airflow/example_dags/example_complex.py took 0.894 seconds
[2023-10-04T18:12:25.408+0300] {processor.py:157} INFO - Started process (PID=15132) to work on /home/paulet/anaconda3/lib/python3.10/site-packages/airflow/example_dags/example_complex.py
[2023-10-04T18:12:25.421+0300] {processor.py:826} INFO - Processing file /home/paulet/anaconda3/lib/python3.10/site-packages/airflow/example_dags/example_complex.py for tasks to queue
[2023-10-04T18:12:25.422+0300] {logging_mixin.py:149} INFO - [2023-10-04T18:12:25.422+0300] {dagbag.py:541} INFO - Filling up the DagBag from /home/paulet/anaconda3/lib/python3.10/site-packages/airflow/example_dags/example_complex.py
[2023-10-04T18:12:25.436+0300] {logging_mixin.py:149} INFO - [2023-10-04T18:12:25.436+0300] {taskmixin.py:211} WARNING - Dependency <Task(BashOperator): create_entry_group>, delete_entry_group already registered for DAG: example_complex
[2023-10-04T18:12:25.437+0300] {logging_mixin.py:149} INFO - [2023-10-04T18:12:25.436+0300] {taskmixin.py:211} WARNING - Dependency <Task(BashOperator): delete_entry_group>, create_entry_group already registered for DAG: example_complex
[2023-10-04T18:12:25.437+0300] {logging_mixin.py:149} INFO - [2023-10-04T18:12:25.437+0300] {taskmixin.py:211} WARNING - Dependency <Task(BashOperator): create_entry_gcs>, delete_entry already registered for DAG: example_complex
[2023-10-04T18:12:25.437+0300] {logging_mixin.py:149} INFO - [2023-10-04T18:12:25.437+0300] {taskmixin.py:211} WARNING - Dependency <Task(BashOperator): delete_entry>, create_entry_gcs already registered for DAG: example_complex
[2023-10-04T18:12:25.438+0300] {logging_mixin.py:149} INFO - [2023-10-04T18:12:25.437+0300] {taskmixin.py:211} WARNING - Dependency <Task(BashOperator): create_tag>, delete_tag already registered for DAG: example_complex
[2023-10-04T18:12:25.438+0300] {logging_mixin.py:149} INFO - [2023-10-04T18:12:25.438+0300] {taskmixin.py:211} WARNING - Dependency <Task(BashOperator): delete_tag>, create_tag already registered for DAG: example_complex
[2023-10-04T18:12:25.440+0300] {processor.py:836} INFO - DAG(s) dict_keys(['example_complex']) retrieved from /home/paulet/anaconda3/lib/python3.10/site-packages/airflow/example_dags/example_complex.py
[2023-10-04T18:12:25.475+0300] {logging_mixin.py:149} INFO - [2023-10-04T18:12:25.474+0300] {dag.py:2726} INFO - Sync 1 DAGs
[2023-10-04T18:12:25.499+0300] {logging_mixin.py:149} INFO - [2023-10-04T18:12:25.499+0300] {dag.py:3486} INFO - Setting next_dagrun for example_complex to None, run_after=None
[2023-10-04T18:12:25.603+0300] {processor.py:179} INFO - Processing /home/paulet/anaconda3/lib/python3.10/site-packages/airflow/example_dags/example_complex.py took 0.199 seconds
[2023-10-04T18:14:48.267+0300] {processor.py:157} INFO - Started process (PID=16060) to work on /home/paulet/anaconda3/lib/python3.10/site-packages/airflow/example_dags/example_complex.py
[2023-10-04T18:14:48.268+0300] {processor.py:826} INFO - Processing file /home/paulet/anaconda3/lib/python3.10/site-packages/airflow/example_dags/example_complex.py for tasks to queue
[2023-10-04T18:14:48.269+0300] {logging_mixin.py:149} INFO - [2023-10-04T18:14:48.269+0300] {dagbag.py:541} INFO - Filling up the DagBag from /home/paulet/anaconda3/lib/python3.10/site-packages/airflow/example_dags/example_complex.py
[2023-10-04T18:14:48.283+0300] {logging_mixin.py:149} INFO - [2023-10-04T18:14:48.283+0300] {taskmixin.py:211} WARNING - Dependency <Task(BashOperator): create_entry_group>, delete_entry_group already registered for DAG: example_complex
[2023-10-04T18:14:48.283+0300] {logging_mixin.py:149} INFO - [2023-10-04T18:14:48.283+0300] {taskmixin.py:211} WARNING - Dependency <Task(BashOperator): delete_entry_group>, create_entry_group already registered for DAG: example_complex
[2023-10-04T18:14:48.284+0300] {logging_mixin.py:149} INFO - [2023-10-04T18:14:48.284+0300] {taskmixin.py:211} WARNING - Dependency <Task(BashOperator): create_entry_gcs>, delete_entry already registered for DAG: example_complex
[2023-10-04T18:14:48.284+0300] {logging_mixin.py:149} INFO - [2023-10-04T18:14:48.284+0300] {taskmixin.py:211} WARNING - Dependency <Task(BashOperator): delete_entry>, create_entry_gcs already registered for DAG: example_complex
[2023-10-04T18:14:48.285+0300] {logging_mixin.py:149} INFO - [2023-10-04T18:14:48.284+0300] {taskmixin.py:211} WARNING - Dependency <Task(BashOperator): create_tag>, delete_tag already registered for DAG: example_complex
[2023-10-04T18:14:48.285+0300] {logging_mixin.py:149} INFO - [2023-10-04T18:14:48.285+0300] {taskmixin.py:211} WARNING - Dependency <Task(BashOperator): delete_tag>, create_tag already registered for DAG: example_complex
[2023-10-04T18:14:48.287+0300] {processor.py:836} INFO - DAG(s) dict_keys(['example_complex']) retrieved from /home/paulet/anaconda3/lib/python3.10/site-packages/airflow/example_dags/example_complex.py
[2023-10-04T18:14:48.321+0300] {logging_mixin.py:149} INFO - [2023-10-04T18:14:48.321+0300] {dag.py:2726} INFO - Sync 1 DAGs
[2023-10-04T18:14:48.346+0300] {logging_mixin.py:149} INFO - [2023-10-04T18:14:48.346+0300] {dag.py:3486} INFO - Setting next_dagrun for example_complex to None, run_after=None
[2023-10-04T18:14:48.459+0300] {processor.py:179} INFO - Processing /home/paulet/anaconda3/lib/python3.10/site-packages/airflow/example_dags/example_complex.py took 0.196 seconds
[2023-10-04T18:15:44.172+0300] {processor.py:157} INFO - Started process (PID=16120) to work on /home/paulet/anaconda3/lib/python3.10/site-packages/airflow/example_dags/example_complex.py
[2023-10-04T18:15:44.180+0300] {processor.py:826} INFO - Processing file /home/paulet/anaconda3/lib/python3.10/site-packages/airflow/example_dags/example_complex.py for tasks to queue
[2023-10-04T18:15:44.181+0300] {logging_mixin.py:149} INFO - [2023-10-04T18:15:44.180+0300] {dagbag.py:541} INFO - Filling up the DagBag from /home/paulet/anaconda3/lib/python3.10/site-packages/airflow/example_dags/example_complex.py
[2023-10-04T18:15:44.194+0300] {logging_mixin.py:149} INFO - [2023-10-04T18:15:44.194+0300] {taskmixin.py:211} WARNING - Dependency <Task(BashOperator): create_entry_group>, delete_entry_group already registered for DAG: example_complex
[2023-10-04T18:15:44.195+0300] {logging_mixin.py:149} INFO - [2023-10-04T18:15:44.195+0300] {taskmixin.py:211} WARNING - Dependency <Task(BashOperator): delete_entry_group>, create_entry_group already registered for DAG: example_complex
[2023-10-04T18:15:44.195+0300] {logging_mixin.py:149} INFO - [2023-10-04T18:15:44.195+0300] {taskmixin.py:211} WARNING - Dependency <Task(BashOperator): create_entry_gcs>, delete_entry already registered for DAG: example_complex
[2023-10-04T18:15:44.195+0300] {logging_mixin.py:149} INFO - [2023-10-04T18:15:44.195+0300] {taskmixin.py:211} WARNING - Dependency <Task(BashOperator): delete_entry>, create_entry_gcs already registered for DAG: example_complex
[2023-10-04T18:15:44.196+0300] {logging_mixin.py:149} INFO - [2023-10-04T18:15:44.196+0300] {taskmixin.py:211} WARNING - Dependency <Task(BashOperator): create_tag>, delete_tag already registered for DAG: example_complex
[2023-10-04T18:15:44.196+0300] {logging_mixin.py:149} INFO - [2023-10-04T18:15:44.196+0300] {taskmixin.py:211} WARNING - Dependency <Task(BashOperator): delete_tag>, create_tag already registered for DAG: example_complex
[2023-10-04T18:15:44.198+0300] {processor.py:836} INFO - DAG(s) dict_keys(['example_complex']) retrieved from /home/paulet/anaconda3/lib/python3.10/site-packages/airflow/example_dags/example_complex.py
[2023-10-04T18:15:44.234+0300] {logging_mixin.py:149} INFO - [2023-10-04T18:15:44.234+0300] {dag.py:2726} INFO - Sync 1 DAGs
[2023-10-04T18:15:44.261+0300] {logging_mixin.py:149} INFO - [2023-10-04T18:15:44.261+0300] {dag.py:3486} INFO - Setting next_dagrun for example_complex to None, run_after=None
[2023-10-04T18:15:44.380+0300] {processor.py:179} INFO - Processing /home/paulet/anaconda3/lib/python3.10/site-packages/airflow/example_dags/example_complex.py took 0.212 seconds
[2023-10-04T18:16:56.432+0300] {processor.py:157} INFO - Started process (PID=16183) to work on /home/paulet/anaconda3/lib/python3.10/site-packages/airflow/example_dags/example_complex.py
[2023-10-04T18:16:57.352+0300] {processor.py:826} INFO - Processing file /home/paulet/anaconda3/lib/python3.10/site-packages/airflow/example_dags/example_complex.py for tasks to queue
[2023-10-04T18:16:57.354+0300] {logging_mixin.py:149} INFO - [2023-10-04T18:16:57.353+0300] {dagbag.py:541} INFO - Filling up the DagBag from /home/paulet/anaconda3/lib/python3.10/site-packages/airflow/example_dags/example_complex.py
[2023-10-04T18:16:57.375+0300] {logging_mixin.py:149} INFO - [2023-10-04T18:16:57.375+0300] {taskmixin.py:211} WARNING - Dependency <Task(BashOperator): create_entry_group>, delete_entry_group already registered for DAG: example_complex
[2023-10-04T18:16:57.376+0300] {logging_mixin.py:149} INFO - [2023-10-04T18:16:57.376+0300] {taskmixin.py:211} WARNING - Dependency <Task(BashOperator): delete_entry_group>, create_entry_group already registered for DAG: example_complex
[2023-10-04T18:16:57.376+0300] {logging_mixin.py:149} INFO - [2023-10-04T18:16:57.376+0300] {taskmixin.py:211} WARNING - Dependency <Task(BashOperator): create_entry_gcs>, delete_entry already registered for DAG: example_complex
[2023-10-04T18:16:57.377+0300] {logging_mixin.py:149} INFO - [2023-10-04T18:16:57.377+0300] {taskmixin.py:211} WARNING - Dependency <Task(BashOperator): delete_entry>, create_entry_gcs already registered for DAG: example_complex
[2023-10-04T18:16:57.377+0300] {logging_mixin.py:149} INFO - [2023-10-04T18:16:57.377+0300] {taskmixin.py:211} WARNING - Dependency <Task(BashOperator): create_tag>, delete_tag already registered for DAG: example_complex
[2023-10-04T18:16:57.378+0300] {logging_mixin.py:149} INFO - [2023-10-04T18:16:57.377+0300] {taskmixin.py:211} WARNING - Dependency <Task(BashOperator): delete_tag>, create_tag already registered for DAG: example_complex
[2023-10-04T18:16:57.380+0300] {processor.py:836} INFO - DAG(s) dict_keys(['example_complex']) retrieved from /home/paulet/anaconda3/lib/python3.10/site-packages/airflow/example_dags/example_complex.py
[2023-10-04T18:16:57.429+0300] {logging_mixin.py:149} INFO - [2023-10-04T18:16:57.429+0300] {dag.py:2726} INFO - Sync 1 DAGs
[2023-10-04T18:16:57.462+0300] {logging_mixin.py:149} INFO - [2023-10-04T18:16:57.461+0300] {dag.py:3486} INFO - Setting next_dagrun for example_complex to None, run_after=None
[2023-10-04T18:16:57.782+0300] {processor.py:179} INFO - Processing /home/paulet/anaconda3/lib/python3.10/site-packages/airflow/example_dags/example_complex.py took 1.354 seconds
[2023-10-04T21:00:57.553+0300] {processor.py:157} INFO - Started process (PID=22449) to work on /home/paulet/anaconda3/lib/python3.10/site-packages/airflow/example_dags/example_complex.py
[2023-10-04T21:00:57.555+0300] {processor.py:826} INFO - Processing file /home/paulet/anaconda3/lib/python3.10/site-packages/airflow/example_dags/example_complex.py for tasks to queue
[2023-10-04T21:00:57.556+0300] {logging_mixin.py:149} INFO - [2023-10-04T21:00:57.555+0300] {dagbag.py:541} INFO - Filling up the DagBag from /home/paulet/anaconda3/lib/python3.10/site-packages/airflow/example_dags/example_complex.py
[2023-10-04T21:00:57.573+0300] {logging_mixin.py:149} INFO - [2023-10-04T21:00:57.572+0300] {taskmixin.py:211} WARNING - Dependency <Task(BashOperator): create_entry_group>, delete_entry_group already registered for DAG: example_complex
[2023-10-04T21:00:57.573+0300] {logging_mixin.py:149} INFO - [2023-10-04T21:00:57.573+0300] {taskmixin.py:211} WARNING - Dependency <Task(BashOperator): delete_entry_group>, create_entry_group already registered for DAG: example_complex
[2023-10-04T21:00:57.573+0300] {logging_mixin.py:149} INFO - [2023-10-04T21:00:57.573+0300] {taskmixin.py:211} WARNING - Dependency <Task(BashOperator): create_entry_gcs>, delete_entry already registered for DAG: example_complex
[2023-10-04T21:00:57.574+0300] {logging_mixin.py:149} INFO - [2023-10-04T21:00:57.573+0300] {taskmixin.py:211} WARNING - Dependency <Task(BashOperator): delete_entry>, create_entry_gcs already registered for DAG: example_complex
[2023-10-04T21:00:57.574+0300] {logging_mixin.py:149} INFO - [2023-10-04T21:00:57.574+0300] {taskmixin.py:211} WARNING - Dependency <Task(BashOperator): create_tag>, delete_tag already registered for DAG: example_complex
[2023-10-04T21:00:57.574+0300] {logging_mixin.py:149} INFO - [2023-10-04T21:00:57.574+0300] {taskmixin.py:211} WARNING - Dependency <Task(BashOperator): delete_tag>, create_tag already registered for DAG: example_complex
[2023-10-04T21:00:57.576+0300] {processor.py:836} INFO - DAG(s) dict_keys(['example_complex']) retrieved from /home/paulet/anaconda3/lib/python3.10/site-packages/airflow/example_dags/example_complex.py
[2023-10-04T21:00:57.612+0300] {logging_mixin.py:149} INFO - [2023-10-04T21:00:57.611+0300] {dag.py:2726} INFO - Sync 1 DAGs
[2023-10-04T21:00:57.634+0300] {logging_mixin.py:149} INFO - [2023-10-04T21:00:57.633+0300] {dag.py:3486} INFO - Setting next_dagrun for example_complex to None, run_after=None
[2023-10-04T21:00:57.784+0300] {processor.py:179} INFO - Processing /home/paulet/anaconda3/lib/python3.10/site-packages/airflow/example_dags/example_complex.py took 0.235 seconds
[2023-10-04T21:02:11.445+0300] {processor.py:157} INFO - Started process (PID=22643) to work on /home/paulet/anaconda3/lib/python3.10/site-packages/airflow/example_dags/example_complex.py
[2023-10-04T21:02:11.478+0300] {processor.py:826} INFO - Processing file /home/paulet/anaconda3/lib/python3.10/site-packages/airflow/example_dags/example_complex.py for tasks to queue
[2023-10-04T21:02:11.479+0300] {logging_mixin.py:149} INFO - [2023-10-04T21:02:11.479+0300] {dagbag.py:541} INFO - Filling up the DagBag from /home/paulet/anaconda3/lib/python3.10/site-packages/airflow/example_dags/example_complex.py
[2023-10-04T21:02:11.492+0300] {logging_mixin.py:149} INFO - [2023-10-04T21:02:11.491+0300] {taskmixin.py:211} WARNING - Dependency <Task(BashOperator): create_entry_group>, delete_entry_group already registered for DAG: example_complex
[2023-10-04T21:02:11.492+0300] {logging_mixin.py:149} INFO - [2023-10-04T21:02:11.492+0300] {taskmixin.py:211} WARNING - Dependency <Task(BashOperator): delete_entry_group>, create_entry_group already registered for DAG: example_complex
[2023-10-04T21:02:11.493+0300] {logging_mixin.py:149} INFO - [2023-10-04T21:02:11.492+0300] {taskmixin.py:211} WARNING - Dependency <Task(BashOperator): create_entry_gcs>, delete_entry already registered for DAG: example_complex
[2023-10-04T21:02:11.493+0300] {logging_mixin.py:149} INFO - [2023-10-04T21:02:11.493+0300] {taskmixin.py:211} WARNING - Dependency <Task(BashOperator): delete_entry>, create_entry_gcs already registered for DAG: example_complex
[2023-10-04T21:02:11.493+0300] {logging_mixin.py:149} INFO - [2023-10-04T21:02:11.493+0300] {taskmixin.py:211} WARNING - Dependency <Task(BashOperator): create_tag>, delete_tag already registered for DAG: example_complex
[2023-10-04T21:02:11.493+0300] {logging_mixin.py:149} INFO - [2023-10-04T21:02:11.493+0300] {taskmixin.py:211} WARNING - Dependency <Task(BashOperator): delete_tag>, create_tag already registered for DAG: example_complex
[2023-10-04T21:02:11.495+0300] {processor.py:836} INFO - DAG(s) dict_keys(['example_complex']) retrieved from /home/paulet/anaconda3/lib/python3.10/site-packages/airflow/example_dags/example_complex.py
[2023-10-04T21:02:11.528+0300] {logging_mixin.py:149} INFO - [2023-10-04T21:02:11.528+0300] {dag.py:2726} INFO - Sync 1 DAGs
[2023-10-04T21:02:11.551+0300] {logging_mixin.py:149} INFO - [2023-10-04T21:02:11.551+0300] {dag.py:3486} INFO - Setting next_dagrun for example_complex to None, run_after=None
[2023-10-04T21:02:11.668+0300] {processor.py:179} INFO - Processing /home/paulet/anaconda3/lib/python3.10/site-packages/airflow/example_dags/example_complex.py took 0.227 seconds
[2023-10-04T21:03:06.565+0300] {processor.py:157} INFO - Started process (PID=22694) to work on /home/paulet/anaconda3/lib/python3.10/site-packages/airflow/example_dags/example_complex.py
[2023-10-04T21:03:06.566+0300] {processor.py:826} INFO - Processing file /home/paulet/anaconda3/lib/python3.10/site-packages/airflow/example_dags/example_complex.py for tasks to queue
[2023-10-04T21:03:06.567+0300] {logging_mixin.py:149} INFO - [2023-10-04T21:03:06.567+0300] {dagbag.py:541} INFO - Filling up the DagBag from /home/paulet/anaconda3/lib/python3.10/site-packages/airflow/example_dags/example_complex.py
[2023-10-04T21:03:06.583+0300] {logging_mixin.py:149} INFO - [2023-10-04T21:03:06.582+0300] {taskmixin.py:211} WARNING - Dependency <Task(BashOperator): create_entry_group>, delete_entry_group already registered for DAG: example_complex
[2023-10-04T21:03:06.583+0300] {logging_mixin.py:149} INFO - [2023-10-04T21:03:06.583+0300] {taskmixin.py:211} WARNING - Dependency <Task(BashOperator): delete_entry_group>, create_entry_group already registered for DAG: example_complex
[2023-10-04T21:03:06.583+0300] {logging_mixin.py:149} INFO - [2023-10-04T21:03:06.583+0300] {taskmixin.py:211} WARNING - Dependency <Task(BashOperator): create_entry_gcs>, delete_entry already registered for DAG: example_complex
[2023-10-04T21:03:06.584+0300] {logging_mixin.py:149} INFO - [2023-10-04T21:03:06.584+0300] {taskmixin.py:211} WARNING - Dependency <Task(BashOperator): delete_entry>, create_entry_gcs already registered for DAG: example_complex
[2023-10-04T21:03:06.584+0300] {logging_mixin.py:149} INFO - [2023-10-04T21:03:06.584+0300] {taskmixin.py:211} WARNING - Dependency <Task(BashOperator): create_tag>, delete_tag already registered for DAG: example_complex
[2023-10-04T21:03:06.585+0300] {logging_mixin.py:149} INFO - [2023-10-04T21:03:06.585+0300] {taskmixin.py:211} WARNING - Dependency <Task(BashOperator): delete_tag>, create_tag already registered for DAG: example_complex
[2023-10-04T21:03:06.586+0300] {processor.py:836} INFO - DAG(s) dict_keys(['example_complex']) retrieved from /home/paulet/anaconda3/lib/python3.10/site-packages/airflow/example_dags/example_complex.py
[2023-10-04T21:03:06.621+0300] {logging_mixin.py:149} INFO - [2023-10-04T21:03:06.620+0300] {dag.py:2726} INFO - Sync 1 DAGs
[2023-10-04T21:03:06.643+0300] {logging_mixin.py:149} INFO - [2023-10-04T21:03:06.643+0300] {dag.py:3486} INFO - Setting next_dagrun for example_complex to None, run_after=None
[2023-10-04T21:03:06.774+0300] {processor.py:179} INFO - Processing /home/paulet/anaconda3/lib/python3.10/site-packages/airflow/example_dags/example_complex.py took 0.213 seconds
[2023-10-04T21:04:05.044+0300] {processor.py:157} INFO - Started process (PID=22751) to work on /home/paulet/anaconda3/lib/python3.10/site-packages/airflow/example_dags/example_complex.py
[2023-10-04T21:04:05.072+0300] {processor.py:826} INFO - Processing file /home/paulet/anaconda3/lib/python3.10/site-packages/airflow/example_dags/example_complex.py for tasks to queue
[2023-10-04T21:04:05.073+0300] {logging_mixin.py:149} INFO - [2023-10-04T21:04:05.073+0300] {dagbag.py:541} INFO - Filling up the DagBag from /home/paulet/anaconda3/lib/python3.10/site-packages/airflow/example_dags/example_complex.py
[2023-10-04T21:04:05.089+0300] {logging_mixin.py:149} INFO - [2023-10-04T21:04:05.089+0300] {taskmixin.py:211} WARNING - Dependency <Task(BashOperator): create_entry_group>, delete_entry_group already registered for DAG: example_complex
[2023-10-04T21:04:05.090+0300] {logging_mixin.py:149} INFO - [2023-10-04T21:04:05.089+0300] {taskmixin.py:211} WARNING - Dependency <Task(BashOperator): delete_entry_group>, create_entry_group already registered for DAG: example_complex
[2023-10-04T21:04:05.090+0300] {logging_mixin.py:149} INFO - [2023-10-04T21:04:05.090+0300] {taskmixin.py:211} WARNING - Dependency <Task(BashOperator): create_entry_gcs>, delete_entry already registered for DAG: example_complex
[2023-10-04T21:04:05.090+0300] {logging_mixin.py:149} INFO - [2023-10-04T21:04:05.090+0300] {taskmixin.py:211} WARNING - Dependency <Task(BashOperator): delete_entry>, create_entry_gcs already registered for DAG: example_complex
[2023-10-04T21:04:05.091+0300] {logging_mixin.py:149} INFO - [2023-10-04T21:04:05.091+0300] {taskmixin.py:211} WARNING - Dependency <Task(BashOperator): create_tag>, delete_tag already registered for DAG: example_complex
[2023-10-04T21:04:05.091+0300] {logging_mixin.py:149} INFO - [2023-10-04T21:04:05.091+0300] {taskmixin.py:211} WARNING - Dependency <Task(BashOperator): delete_tag>, create_tag already registered for DAG: example_complex
[2023-10-04T21:04:05.093+0300] {processor.py:836} INFO - DAG(s) dict_keys(['example_complex']) retrieved from /home/paulet/anaconda3/lib/python3.10/site-packages/airflow/example_dags/example_complex.py
[2023-10-04T21:04:05.132+0300] {logging_mixin.py:149} INFO - [2023-10-04T21:04:05.132+0300] {dag.py:2726} INFO - Sync 1 DAGs
[2023-10-04T21:04:05.155+0300] {logging_mixin.py:149} INFO - [2023-10-04T21:04:05.155+0300] {dag.py:3486} INFO - Setting next_dagrun for example_complex to None, run_after=None
[2023-10-04T21:04:05.265+0300] {processor.py:179} INFO - Processing /home/paulet/anaconda3/lib/python3.10/site-packages/airflow/example_dags/example_complex.py took 0.225 seconds
[2023-10-04T21:05:02.152+0300] {processor.py:157} INFO - Started process (PID=22822) to work on /home/paulet/anaconda3/lib/python3.10/site-packages/airflow/example_dags/example_complex.py
[2023-10-04T21:05:02.163+0300] {processor.py:826} INFO - Processing file /home/paulet/anaconda3/lib/python3.10/site-packages/airflow/example_dags/example_complex.py for tasks to queue
[2023-10-04T21:05:02.164+0300] {logging_mixin.py:149} INFO - [2023-10-04T21:05:02.164+0300] {dagbag.py:541} INFO - Filling up the DagBag from /home/paulet/anaconda3/lib/python3.10/site-packages/airflow/example_dags/example_complex.py
[2023-10-04T21:05:02.181+0300] {logging_mixin.py:149} INFO - [2023-10-04T21:05:02.180+0300] {taskmixin.py:211} WARNING - Dependency <Task(BashOperator): create_entry_group>, delete_entry_group already registered for DAG: example_complex
[2023-10-04T21:05:02.181+0300] {logging_mixin.py:149} INFO - [2023-10-04T21:05:02.181+0300] {taskmixin.py:211} WARNING - Dependency <Task(BashOperator): delete_entry_group>, create_entry_group already registered for DAG: example_complex
[2023-10-04T21:05:02.182+0300] {logging_mixin.py:149} INFO - [2023-10-04T21:05:02.181+0300] {taskmixin.py:211} WARNING - Dependency <Task(BashOperator): create_entry_gcs>, delete_entry already registered for DAG: example_complex
[2023-10-04T21:05:02.182+0300] {logging_mixin.py:149} INFO - [2023-10-04T21:05:02.182+0300] {taskmixin.py:211} WARNING - Dependency <Task(BashOperator): delete_entry>, create_entry_gcs already registered for DAG: example_complex
[2023-10-04T21:05:02.183+0300] {logging_mixin.py:149} INFO - [2023-10-04T21:05:02.182+0300] {taskmixin.py:211} WARNING - Dependency <Task(BashOperator): create_tag>, delete_tag already registered for DAG: example_complex
[2023-10-04T21:05:02.183+0300] {logging_mixin.py:149} INFO - [2023-10-04T21:05:02.183+0300] {taskmixin.py:211} WARNING - Dependency <Task(BashOperator): delete_tag>, create_tag already registered for DAG: example_complex
[2023-10-04T21:05:02.185+0300] {processor.py:836} INFO - DAG(s) dict_keys(['example_complex']) retrieved from /home/paulet/anaconda3/lib/python3.10/site-packages/airflow/example_dags/example_complex.py
[2023-10-04T21:05:02.222+0300] {logging_mixin.py:149} INFO - [2023-10-04T21:05:02.221+0300] {dag.py:2726} INFO - Sync 1 DAGs
[2023-10-04T21:05:02.245+0300] {logging_mixin.py:149} INFO - [2023-10-04T21:05:02.245+0300] {dag.py:3486} INFO - Setting next_dagrun for example_complex to None, run_after=None
[2023-10-04T21:05:02.379+0300] {processor.py:179} INFO - Processing /home/paulet/anaconda3/lib/python3.10/site-packages/airflow/example_dags/example_complex.py took 0.231 seconds
[2023-10-04T21:05:58.988+0300] {processor.py:157} INFO - Started process (PID=22896) to work on /home/paulet/anaconda3/lib/python3.10/site-packages/airflow/example_dags/example_complex.py
[2023-10-04T21:05:58.990+0300] {processor.py:826} INFO - Processing file /home/paulet/anaconda3/lib/python3.10/site-packages/airflow/example_dags/example_complex.py for tasks to queue
[2023-10-04T21:05:58.991+0300] {logging_mixin.py:149} INFO - [2023-10-04T21:05:58.991+0300] {dagbag.py:541} INFO - Filling up the DagBag from /home/paulet/anaconda3/lib/python3.10/site-packages/airflow/example_dags/example_complex.py
[2023-10-04T21:05:59.007+0300] {logging_mixin.py:149} INFO - [2023-10-04T21:05:59.007+0300] {taskmixin.py:211} WARNING - Dependency <Task(BashOperator): create_entry_group>, delete_entry_group already registered for DAG: example_complex
[2023-10-04T21:05:59.008+0300] {logging_mixin.py:149} INFO - [2023-10-04T21:05:59.008+0300] {taskmixin.py:211} WARNING - Dependency <Task(BashOperator): delete_entry_group>, create_entry_group already registered for DAG: example_complex
[2023-10-04T21:05:59.008+0300] {logging_mixin.py:149} INFO - [2023-10-04T21:05:59.008+0300] {taskmixin.py:211} WARNING - Dependency <Task(BashOperator): create_entry_gcs>, delete_entry already registered for DAG: example_complex
[2023-10-04T21:05:59.008+0300] {logging_mixin.py:149} INFO - [2023-10-04T21:05:59.008+0300] {taskmixin.py:211} WARNING - Dependency <Task(BashOperator): delete_entry>, create_entry_gcs already registered for DAG: example_complex
[2023-10-04T21:05:59.009+0300] {logging_mixin.py:149} INFO - [2023-10-04T21:05:59.009+0300] {taskmixin.py:211} WARNING - Dependency <Task(BashOperator): create_tag>, delete_tag already registered for DAG: example_complex
[2023-10-04T21:05:59.009+0300] {logging_mixin.py:149} INFO - [2023-10-04T21:05:59.009+0300] {taskmixin.py:211} WARNING - Dependency <Task(BashOperator): delete_tag>, create_tag already registered for DAG: example_complex
[2023-10-04T21:05:59.011+0300] {processor.py:836} INFO - DAG(s) dict_keys(['example_complex']) retrieved from /home/paulet/anaconda3/lib/python3.10/site-packages/airflow/example_dags/example_complex.py
[2023-10-04T21:05:59.045+0300] {logging_mixin.py:149} INFO - [2023-10-04T21:05:59.045+0300] {dag.py:2726} INFO - Sync 1 DAGs
[2023-10-04T21:05:59.068+0300] {logging_mixin.py:149} INFO - [2023-10-04T21:05:59.068+0300] {dag.py:3486} INFO - Setting next_dagrun for example_complex to None, run_after=None
[2023-10-04T21:05:59.214+0300] {processor.py:179} INFO - Processing /home/paulet/anaconda3/lib/python3.10/site-packages/airflow/example_dags/example_complex.py took 0.230 seconds
[2023-10-04T21:06:56.460+0300] {processor.py:157} INFO - Started process (PID=22948) to work on /home/paulet/anaconda3/lib/python3.10/site-packages/airflow/example_dags/example_complex.py
[2023-10-04T21:06:56.483+0300] {processor.py:826} INFO - Processing file /home/paulet/anaconda3/lib/python3.10/site-packages/airflow/example_dags/example_complex.py for tasks to queue
[2023-10-04T21:06:56.484+0300] {logging_mixin.py:149} INFO - [2023-10-04T21:06:56.484+0300] {dagbag.py:541} INFO - Filling up the DagBag from /home/paulet/anaconda3/lib/python3.10/site-packages/airflow/example_dags/example_complex.py
[2023-10-04T21:06:56.497+0300] {logging_mixin.py:149} INFO - [2023-10-04T21:06:56.497+0300] {taskmixin.py:211} WARNING - Dependency <Task(BashOperator): create_entry_group>, delete_entry_group already registered for DAG: example_complex
[2023-10-04T21:06:56.497+0300] {logging_mixin.py:149} INFO - [2023-10-04T21:06:56.497+0300] {taskmixin.py:211} WARNING - Dependency <Task(BashOperator): delete_entry_group>, create_entry_group already registered for DAG: example_complex
[2023-10-04T21:06:56.498+0300] {logging_mixin.py:149} INFO - [2023-10-04T21:06:56.497+0300] {taskmixin.py:211} WARNING - Dependency <Task(BashOperator): create_entry_gcs>, delete_entry already registered for DAG: example_complex
[2023-10-04T21:06:56.498+0300] {logging_mixin.py:149} INFO - [2023-10-04T21:06:56.498+0300] {taskmixin.py:211} WARNING - Dependency <Task(BashOperator): delete_entry>, create_entry_gcs already registered for DAG: example_complex
[2023-10-04T21:06:56.498+0300] {logging_mixin.py:149} INFO - [2023-10-04T21:06:56.498+0300] {taskmixin.py:211} WARNING - Dependency <Task(BashOperator): create_tag>, delete_tag already registered for DAG: example_complex
[2023-10-04T21:06:56.498+0300] {logging_mixin.py:149} INFO - [2023-10-04T21:06:56.498+0300] {taskmixin.py:211} WARNING - Dependency <Task(BashOperator): delete_tag>, create_tag already registered for DAG: example_complex
[2023-10-04T21:06:56.500+0300] {processor.py:836} INFO - DAG(s) dict_keys(['example_complex']) retrieved from /home/paulet/anaconda3/lib/python3.10/site-packages/airflow/example_dags/example_complex.py
[2023-10-04T21:06:56.533+0300] {logging_mixin.py:149} INFO - [2023-10-04T21:06:56.533+0300] {dag.py:2726} INFO - Sync 1 DAGs
[2023-10-04T21:06:56.556+0300] {logging_mixin.py:149} INFO - [2023-10-04T21:06:56.556+0300] {dag.py:3486} INFO - Setting next_dagrun for example_complex to None, run_after=None
[2023-10-04T21:06:56.674+0300] {processor.py:179} INFO - Processing /home/paulet/anaconda3/lib/python3.10/site-packages/airflow/example_dags/example_complex.py took 0.218 seconds
[2023-10-04T21:08:08.381+0300] {processor.py:157} INFO - Started process (PID=23018) to work on /home/paulet/anaconda3/lib/python3.10/site-packages/airflow/example_dags/example_complex.py
[2023-10-04T21:08:08.405+0300] {processor.py:826} INFO - Processing file /home/paulet/anaconda3/lib/python3.10/site-packages/airflow/example_dags/example_complex.py for tasks to queue
[2023-10-04T21:08:08.406+0300] {logging_mixin.py:149} INFO - [2023-10-04T21:08:08.406+0300] {dagbag.py:541} INFO - Filling up the DagBag from /home/paulet/anaconda3/lib/python3.10/site-packages/airflow/example_dags/example_complex.py
[2023-10-04T21:08:08.422+0300] {logging_mixin.py:149} INFO - [2023-10-04T21:08:08.422+0300] {taskmixin.py:211} WARNING - Dependency <Task(BashOperator): create_entry_group>, delete_entry_group already registered for DAG: example_complex
[2023-10-04T21:08:08.423+0300] {logging_mixin.py:149} INFO - [2023-10-04T21:08:08.423+0300] {taskmixin.py:211} WARNING - Dependency <Task(BashOperator): delete_entry_group>, create_entry_group already registered for DAG: example_complex
[2023-10-04T21:08:08.423+0300] {logging_mixin.py:149} INFO - [2023-10-04T21:08:08.423+0300] {taskmixin.py:211} WARNING - Dependency <Task(BashOperator): create_entry_gcs>, delete_entry already registered for DAG: example_complex
[2023-10-04T21:08:08.424+0300] {logging_mixin.py:149} INFO - [2023-10-04T21:08:08.423+0300] {taskmixin.py:211} WARNING - Dependency <Task(BashOperator): delete_entry>, create_entry_gcs already registered for DAG: example_complex
[2023-10-04T21:08:08.424+0300] {logging_mixin.py:149} INFO - [2023-10-04T21:08:08.424+0300] {taskmixin.py:211} WARNING - Dependency <Task(BashOperator): create_tag>, delete_tag already registered for DAG: example_complex
[2023-10-04T21:08:08.424+0300] {logging_mixin.py:149} INFO - [2023-10-04T21:08:08.424+0300] {taskmixin.py:211} WARNING - Dependency <Task(BashOperator): delete_tag>, create_tag already registered for DAG: example_complex
[2023-10-04T21:08:08.427+0300] {processor.py:836} INFO - DAG(s) dict_keys(['example_complex']) retrieved from /home/paulet/anaconda3/lib/python3.10/site-packages/airflow/example_dags/example_complex.py
[2023-10-04T21:08:08.465+0300] {logging_mixin.py:149} INFO - [2023-10-04T21:08:08.464+0300] {dag.py:2726} INFO - Sync 1 DAGs
[2023-10-04T21:08:08.488+0300] {logging_mixin.py:149} INFO - [2023-10-04T21:08:08.488+0300] {dag.py:3486} INFO - Setting next_dagrun for example_complex to None, run_after=None
[2023-10-04T21:08:08.620+0300] {processor.py:179} INFO - Processing /home/paulet/anaconda3/lib/python3.10/site-packages/airflow/example_dags/example_complex.py took 0.244 seconds
[2023-10-04T21:09:21.871+0300] {processor.py:157} INFO - Started process (PID=23106) to work on /home/paulet/anaconda3/lib/python3.10/site-packages/airflow/example_dags/example_complex.py
[2023-10-04T21:09:21.905+0300] {processor.py:826} INFO - Processing file /home/paulet/anaconda3/lib/python3.10/site-packages/airflow/example_dags/example_complex.py for tasks to queue
[2023-10-04T21:09:21.907+0300] {logging_mixin.py:149} INFO - [2023-10-04T21:09:21.906+0300] {dagbag.py:541} INFO - Filling up the DagBag from /home/paulet/anaconda3/lib/python3.10/site-packages/airflow/example_dags/example_complex.py
[2023-10-04T21:09:21.931+0300] {logging_mixin.py:149} INFO - [2023-10-04T21:09:21.930+0300] {taskmixin.py:211} WARNING - Dependency <Task(BashOperator): create_entry_group>, delete_entry_group already registered for DAG: example_complex
[2023-10-04T21:09:21.931+0300] {logging_mixin.py:149} INFO - [2023-10-04T21:09:21.931+0300] {taskmixin.py:211} WARNING - Dependency <Task(BashOperator): delete_entry_group>, create_entry_group already registered for DAG: example_complex
[2023-10-04T21:09:21.932+0300] {logging_mixin.py:149} INFO - [2023-10-04T21:09:21.932+0300] {taskmixin.py:211} WARNING - Dependency <Task(BashOperator): create_entry_gcs>, delete_entry already registered for DAG: example_complex
[2023-10-04T21:09:21.933+0300] {logging_mixin.py:149} INFO - [2023-10-04T21:09:21.932+0300] {taskmixin.py:211} WARNING - Dependency <Task(BashOperator): delete_entry>, create_entry_gcs already registered for DAG: example_complex
[2023-10-04T21:09:21.934+0300] {logging_mixin.py:149} INFO - [2023-10-04T21:09:21.933+0300] {taskmixin.py:211} WARNING - Dependency <Task(BashOperator): create_tag>, delete_tag already registered for DAG: example_complex
[2023-10-04T21:09:21.934+0300] {logging_mixin.py:149} INFO - [2023-10-04T21:09:21.934+0300] {taskmixin.py:211} WARNING - Dependency <Task(BashOperator): delete_tag>, create_tag already registered for DAG: example_complex
[2023-10-04T21:09:21.937+0300] {processor.py:836} INFO - DAG(s) dict_keys(['example_complex']) retrieved from /home/paulet/anaconda3/lib/python3.10/site-packages/airflow/example_dags/example_complex.py
[2023-10-04T21:09:22.003+0300] {logging_mixin.py:149} INFO - [2023-10-04T21:09:22.003+0300] {dag.py:2726} INFO - Sync 1 DAGs
[2023-10-04T21:09:22.030+0300] {logging_mixin.py:149} INFO - [2023-10-04T21:09:22.030+0300] {dag.py:3486} INFO - Setting next_dagrun for example_complex to None, run_after=None
[2023-10-04T21:09:22.255+0300] {processor.py:179} INFO - Processing /home/paulet/anaconda3/lib/python3.10/site-packages/airflow/example_dags/example_complex.py took 0.397 seconds
[2023-10-04T21:10:13.710+0300] {processor.py:157} INFO - Started process (PID=23213) to work on /home/paulet/anaconda3/lib/python3.10/site-packages/airflow/example_dags/example_complex.py
[2023-10-04T21:10:13.740+0300] {processor.py:826} INFO - Processing file /home/paulet/anaconda3/lib/python3.10/site-packages/airflow/example_dags/example_complex.py for tasks to queue
[2023-10-04T21:10:13.741+0300] {logging_mixin.py:149} INFO - [2023-10-04T21:10:13.741+0300] {dagbag.py:541} INFO - Filling up the DagBag from /home/paulet/anaconda3/lib/python3.10/site-packages/airflow/example_dags/example_complex.py
[2023-10-04T21:10:13.760+0300] {logging_mixin.py:149} INFO - [2023-10-04T21:10:13.760+0300] {taskmixin.py:211} WARNING - Dependency <Task(BashOperator): create_entry_group>, delete_entry_group already registered for DAG: example_complex
[2023-10-04T21:10:13.760+0300] {logging_mixin.py:149} INFO - [2023-10-04T21:10:13.760+0300] {taskmixin.py:211} WARNING - Dependency <Task(BashOperator): delete_entry_group>, create_entry_group already registered for DAG: example_complex
[2023-10-04T21:10:13.761+0300] {logging_mixin.py:149} INFO - [2023-10-04T21:10:13.761+0300] {taskmixin.py:211} WARNING - Dependency <Task(BashOperator): create_entry_gcs>, delete_entry already registered for DAG: example_complex
[2023-10-04T21:10:13.761+0300] {logging_mixin.py:149} INFO - [2023-10-04T21:10:13.761+0300] {taskmixin.py:211} WARNING - Dependency <Task(BashOperator): delete_entry>, create_entry_gcs already registered for DAG: example_complex
[2023-10-04T21:10:13.762+0300] {logging_mixin.py:149} INFO - [2023-10-04T21:10:13.762+0300] {taskmixin.py:211} WARNING - Dependency <Task(BashOperator): create_tag>, delete_tag already registered for DAG: example_complex
[2023-10-04T21:10:13.762+0300] {logging_mixin.py:149} INFO - [2023-10-04T21:10:13.762+0300] {taskmixin.py:211} WARNING - Dependency <Task(BashOperator): delete_tag>, create_tag already registered for DAG: example_complex
[2023-10-04T21:10:13.765+0300] {processor.py:836} INFO - DAG(s) dict_keys(['example_complex']) retrieved from /home/paulet/anaconda3/lib/python3.10/site-packages/airflow/example_dags/example_complex.py
[2023-10-04T21:10:13.806+0300] {logging_mixin.py:149} INFO - [2023-10-04T21:10:13.806+0300] {dag.py:2726} INFO - Sync 1 DAGs
[2023-10-04T21:10:13.851+0300] {logging_mixin.py:149} INFO - [2023-10-04T21:10:13.851+0300] {dag.py:3486} INFO - Setting next_dagrun for example_complex to None, run_after=None
[2023-10-04T21:10:13.973+0300] {processor.py:179} INFO - Processing /home/paulet/anaconda3/lib/python3.10/site-packages/airflow/example_dags/example_complex.py took 0.269 seconds
[2023-10-04T21:52:23.000+0300] {processor.py:157} INFO - Started process (PID=26961) to work on /home/paulet/anaconda3/lib/python3.10/site-packages/airflow/example_dags/example_complex.py
[2023-10-04T21:52:23.002+0300] {processor.py:826} INFO - Processing file /home/paulet/anaconda3/lib/python3.10/site-packages/airflow/example_dags/example_complex.py for tasks to queue
[2023-10-04T21:52:23.003+0300] {logging_mixin.py:149} INFO - [2023-10-04T21:52:23.003+0300] {dagbag.py:541} INFO - Filling up the DagBag from /home/paulet/anaconda3/lib/python3.10/site-packages/airflow/example_dags/example_complex.py
[2023-10-04T21:52:23.020+0300] {logging_mixin.py:149} INFO - [2023-10-04T21:52:23.019+0300] {taskmixin.py:211} WARNING - Dependency <Task(BashOperator): create_entry_group>, delete_entry_group already registered for DAG: example_complex
[2023-10-04T21:52:23.020+0300] {logging_mixin.py:149} INFO - [2023-10-04T21:52:23.020+0300] {taskmixin.py:211} WARNING - Dependency <Task(BashOperator): delete_entry_group>, create_entry_group already registered for DAG: example_complex
[2023-10-04T21:52:23.020+0300] {logging_mixin.py:149} INFO - [2023-10-04T21:52:23.020+0300] {taskmixin.py:211} WARNING - Dependency <Task(BashOperator): create_entry_gcs>, delete_entry already registered for DAG: example_complex
[2023-10-04T21:52:23.021+0300] {logging_mixin.py:149} INFO - [2023-10-04T21:52:23.020+0300] {taskmixin.py:211} WARNING - Dependency <Task(BashOperator): delete_entry>, create_entry_gcs already registered for DAG: example_complex
[2023-10-04T21:52:23.021+0300] {logging_mixin.py:149} INFO - [2023-10-04T21:52:23.021+0300] {taskmixin.py:211} WARNING - Dependency <Task(BashOperator): create_tag>, delete_tag already registered for DAG: example_complex
[2023-10-04T21:52:23.021+0300] {logging_mixin.py:149} INFO - [2023-10-04T21:52:23.021+0300] {taskmixin.py:211} WARNING - Dependency <Task(BashOperator): delete_tag>, create_tag already registered for DAG: example_complex
[2023-10-04T21:52:23.023+0300] {processor.py:836} INFO - DAG(s) dict_keys(['example_complex']) retrieved from /home/paulet/anaconda3/lib/python3.10/site-packages/airflow/example_dags/example_complex.py
[2023-10-04T21:52:23.060+0300] {logging_mixin.py:149} INFO - [2023-10-04T21:52:23.059+0300] {dag.py:2726} INFO - Sync 1 DAGs
[2023-10-04T21:52:23.084+0300] {logging_mixin.py:149} INFO - [2023-10-04T21:52:23.083+0300] {dag.py:3486} INFO - Setting next_dagrun for example_complex to None, run_after=None
[2023-10-04T21:52:23.194+0300] {processor.py:179} INFO - Processing /home/paulet/anaconda3/lib/python3.10/site-packages/airflow/example_dags/example_complex.py took 0.199 seconds
[2023-10-04T21:53:20.148+0300] {processor.py:157} INFO - Started process (PID=27056) to work on /home/paulet/anaconda3/lib/python3.10/site-packages/airflow/example_dags/example_complex.py
[2023-10-04T21:53:20.149+0300] {processor.py:826} INFO - Processing file /home/paulet/anaconda3/lib/python3.10/site-packages/airflow/example_dags/example_complex.py for tasks to queue
[2023-10-04T21:53:20.150+0300] {logging_mixin.py:149} INFO - [2023-10-04T21:53:20.150+0300] {dagbag.py:541} INFO - Filling up the DagBag from /home/paulet/anaconda3/lib/python3.10/site-packages/airflow/example_dags/example_complex.py
[2023-10-04T21:53:20.166+0300] {logging_mixin.py:149} INFO - [2023-10-04T21:53:20.166+0300] {taskmixin.py:211} WARNING - Dependency <Task(BashOperator): create_entry_group>, delete_entry_group already registered for DAG: example_complex
[2023-10-04T21:53:20.166+0300] {logging_mixin.py:149} INFO - [2023-10-04T21:53:20.166+0300] {taskmixin.py:211} WARNING - Dependency <Task(BashOperator): delete_entry_group>, create_entry_group already registered for DAG: example_complex
[2023-10-04T21:53:20.167+0300] {logging_mixin.py:149} INFO - [2023-10-04T21:53:20.167+0300] {taskmixin.py:211} WARNING - Dependency <Task(BashOperator): create_entry_gcs>, delete_entry already registered for DAG: example_complex
[2023-10-04T21:53:20.167+0300] {logging_mixin.py:149} INFO - [2023-10-04T21:53:20.167+0300] {taskmixin.py:211} WARNING - Dependency <Task(BashOperator): delete_entry>, create_entry_gcs already registered for DAG: example_complex
[2023-10-04T21:53:20.168+0300] {logging_mixin.py:149} INFO - [2023-10-04T21:53:20.168+0300] {taskmixin.py:211} WARNING - Dependency <Task(BashOperator): create_tag>, delete_tag already registered for DAG: example_complex
[2023-10-04T21:53:20.168+0300] {logging_mixin.py:149} INFO - [2023-10-04T21:53:20.168+0300] {taskmixin.py:211} WARNING - Dependency <Task(BashOperator): delete_tag>, create_tag already registered for DAG: example_complex
[2023-10-04T21:53:20.172+0300] {processor.py:836} INFO - DAG(s) dict_keys(['example_complex']) retrieved from /home/paulet/anaconda3/lib/python3.10/site-packages/airflow/example_dags/example_complex.py
[2023-10-04T21:53:20.221+0300] {logging_mixin.py:149} INFO - [2023-10-04T21:53:20.221+0300] {dag.py:2726} INFO - Sync 1 DAGs
[2023-10-04T21:53:20.244+0300] {logging_mixin.py:149} INFO - [2023-10-04T21:53:20.244+0300] {dag.py:3486} INFO - Setting next_dagrun for example_complex to None, run_after=None
[2023-10-04T21:53:20.360+0300] {processor.py:179} INFO - Processing /home/paulet/anaconda3/lib/python3.10/site-packages/airflow/example_dags/example_complex.py took 0.216 seconds
[2023-10-04T21:54:24.544+0300] {processor.py:157} INFO - Started process (PID=27153) to work on /home/paulet/anaconda3/lib/python3.10/site-packages/airflow/example_dags/example_complex.py
[2023-10-04T21:54:24.565+0300] {processor.py:826} INFO - Processing file /home/paulet/anaconda3/lib/python3.10/site-packages/airflow/example_dags/example_complex.py for tasks to queue
[2023-10-04T21:54:24.567+0300] {logging_mixin.py:149} INFO - [2023-10-04T21:54:24.567+0300] {dagbag.py:541} INFO - Filling up the DagBag from /home/paulet/anaconda3/lib/python3.10/site-packages/airflow/example_dags/example_complex.py
[2023-10-04T21:54:24.584+0300] {logging_mixin.py:149} INFO - [2023-10-04T21:54:24.584+0300] {taskmixin.py:211} WARNING - Dependency <Task(BashOperator): create_entry_group>, delete_entry_group already registered for DAG: example_complex
[2023-10-04T21:54:24.585+0300] {logging_mixin.py:149} INFO - [2023-10-04T21:54:24.584+0300] {taskmixin.py:211} WARNING - Dependency <Task(BashOperator): delete_entry_group>, create_entry_group already registered for DAG: example_complex
[2023-10-04T21:54:24.585+0300] {logging_mixin.py:149} INFO - [2023-10-04T21:54:24.585+0300] {taskmixin.py:211} WARNING - Dependency <Task(BashOperator): create_entry_gcs>, delete_entry already registered for DAG: example_complex
[2023-10-04T21:54:24.586+0300] {logging_mixin.py:149} INFO - [2023-10-04T21:54:24.585+0300] {taskmixin.py:211} WARNING - Dependency <Task(BashOperator): delete_entry>, create_entry_gcs already registered for DAG: example_complex
[2023-10-04T21:54:24.586+0300] {logging_mixin.py:149} INFO - [2023-10-04T21:54:24.586+0300] {taskmixin.py:211} WARNING - Dependency <Task(BashOperator): create_tag>, delete_tag already registered for DAG: example_complex
[2023-10-04T21:54:24.587+0300] {logging_mixin.py:149} INFO - [2023-10-04T21:54:24.587+0300] {taskmixin.py:211} WARNING - Dependency <Task(BashOperator): delete_tag>, create_tag already registered for DAG: example_complex
[2023-10-04T21:54:24.589+0300] {processor.py:836} INFO - DAG(s) dict_keys(['example_complex']) retrieved from /home/paulet/anaconda3/lib/python3.10/site-packages/airflow/example_dags/example_complex.py
[2023-10-04T21:54:24.625+0300] {logging_mixin.py:149} INFO - [2023-10-04T21:54:24.625+0300] {dag.py:2726} INFO - Sync 1 DAGs
[2023-10-04T21:54:24.647+0300] {logging_mixin.py:149} INFO - [2023-10-04T21:54:24.647+0300] {dag.py:3486} INFO - Setting next_dagrun for example_complex to None, run_after=None
[2023-10-04T21:54:24.804+0300] {processor.py:179} INFO - Processing /home/paulet/anaconda3/lib/python3.10/site-packages/airflow/example_dags/example_complex.py took 0.264 seconds
[2023-10-04T21:55:19.744+0300] {processor.py:157} INFO - Started process (PID=27212) to work on /home/paulet/anaconda3/lib/python3.10/site-packages/airflow/example_dags/example_complex.py
[2023-10-04T21:55:19.761+0300] {processor.py:826} INFO - Processing file /home/paulet/anaconda3/lib/python3.10/site-packages/airflow/example_dags/example_complex.py for tasks to queue
[2023-10-04T21:55:19.762+0300] {logging_mixin.py:149} INFO - [2023-10-04T21:55:19.761+0300] {dagbag.py:541} INFO - Filling up the DagBag from /home/paulet/anaconda3/lib/python3.10/site-packages/airflow/example_dags/example_complex.py
[2023-10-04T21:55:19.778+0300] {logging_mixin.py:149} INFO - [2023-10-04T21:55:19.778+0300] {taskmixin.py:211} WARNING - Dependency <Task(BashOperator): create_entry_group>, delete_entry_group already registered for DAG: example_complex
[2023-10-04T21:55:19.778+0300] {logging_mixin.py:149} INFO - [2023-10-04T21:55:19.778+0300] {taskmixin.py:211} WARNING - Dependency <Task(BashOperator): delete_entry_group>, create_entry_group already registered for DAG: example_complex
[2023-10-04T21:55:19.779+0300] {logging_mixin.py:149} INFO - [2023-10-04T21:55:19.779+0300] {taskmixin.py:211} WARNING - Dependency <Task(BashOperator): create_entry_gcs>, delete_entry already registered for DAG: example_complex
[2023-10-04T21:55:19.779+0300] {logging_mixin.py:149} INFO - [2023-10-04T21:55:19.779+0300] {taskmixin.py:211} WARNING - Dependency <Task(BashOperator): delete_entry>, create_entry_gcs already registered for DAG: example_complex
[2023-10-04T21:55:19.780+0300] {logging_mixin.py:149} INFO - [2023-10-04T21:55:19.780+0300] {taskmixin.py:211} WARNING - Dependency <Task(BashOperator): create_tag>, delete_tag already registered for DAG: example_complex
[2023-10-04T21:55:19.780+0300] {logging_mixin.py:149} INFO - [2023-10-04T21:55:19.780+0300] {taskmixin.py:211} WARNING - Dependency <Task(BashOperator): delete_tag>, create_tag already registered for DAG: example_complex
[2023-10-04T21:55:19.782+0300] {processor.py:836} INFO - DAG(s) dict_keys(['example_complex']) retrieved from /home/paulet/anaconda3/lib/python3.10/site-packages/airflow/example_dags/example_complex.py
[2023-10-04T21:55:19.820+0300] {logging_mixin.py:149} INFO - [2023-10-04T21:55:19.820+0300] {dag.py:2726} INFO - Sync 1 DAGs
[2023-10-04T21:55:19.843+0300] {logging_mixin.py:149} INFO - [2023-10-04T21:55:19.842+0300] {dag.py:3486} INFO - Setting next_dagrun for example_complex to None, run_after=None
[2023-10-04T21:55:19.977+0300] {processor.py:179} INFO - Processing /home/paulet/anaconda3/lib/python3.10/site-packages/airflow/example_dags/example_complex.py took 0.238 seconds
