[2023-10-04T18:09:17.404+0300] {processor.py:157} INFO - Started process (PID=14084) to work on /home/paulet/anaconda3/lib/python3.10/site-packages/airflow/example_dags/example_kubernetes_executor.py
[2023-10-04T18:09:17.405+0300] {processor.py:826} INFO - Processing file /home/paulet/anaconda3/lib/python3.10/site-packages/airflow/example_dags/example_kubernetes_executor.py for tasks to queue
[2023-10-04T18:09:17.406+0300] {logging_mixin.py:149} INFO - [2023-10-04T18:09:17.406+0300] {dagbag.py:541} INFO - Filling up the DagBag from /home/paulet/anaconda3/lib/python3.10/site-packages/airflow/example_dags/example_kubernetes_executor.py
[2023-10-04T18:09:17.409+0300] {logging_mixin.py:149} INFO - [2023-10-04T18:09:17.409+0300] {example_kubernetes_executor.py:41} WARNING - The example_kubernetes_executor example DAG requires the kubernetes provider. Please install it with: pip install apache-airflow[cncf.kubernetes]
[2023-10-04T18:09:17.410+0300] {processor.py:838} WARNING - No viable dags retrieved from /home/paulet/anaconda3/lib/python3.10/site-packages/airflow/example_dags/example_kubernetes_executor.py
[2023-10-04T18:09:17.422+0300] {processor.py:179} INFO - Processing /home/paulet/anaconda3/lib/python3.10/site-packages/airflow/example_dags/example_kubernetes_executor.py took 0.023 seconds
[2023-10-04T18:10:54.509+0300] {processor.py:157} INFO - Started process (PID=14560) to work on /home/paulet/anaconda3/lib/python3.10/site-packages/airflow/example_dags/example_kubernetes_executor.py
[2023-10-04T18:10:54.517+0300] {processor.py:826} INFO - Processing file /home/paulet/anaconda3/lib/python3.10/site-packages/airflow/example_dags/example_kubernetes_executor.py for tasks to queue
[2023-10-04T18:10:54.518+0300] {logging_mixin.py:149} INFO - [2023-10-04T18:10:54.518+0300] {dagbag.py:541} INFO - Filling up the DagBag from /home/paulet/anaconda3/lib/python3.10/site-packages/airflow/example_dags/example_kubernetes_executor.py
[2023-10-04T18:10:54.522+0300] {logging_mixin.py:149} INFO - [2023-10-04T18:10:54.522+0300] {example_kubernetes_executor.py:41} WARNING - The example_kubernetes_executor example DAG requires the kubernetes provider. Please install it with: pip install apache-airflow[cncf.kubernetes]
[2023-10-04T18:10:54.523+0300] {processor.py:838} WARNING - No viable dags retrieved from /home/paulet/anaconda3/lib/python3.10/site-packages/airflow/example_dags/example_kubernetes_executor.py
[2023-10-04T18:10:54.536+0300] {processor.py:179} INFO - Processing /home/paulet/anaconda3/lib/python3.10/site-packages/airflow/example_dags/example_kubernetes_executor.py took 0.031 seconds
[2023-10-04T18:12:14.651+0300] {processor.py:157} INFO - Started process (PID=15051) to work on /home/paulet/anaconda3/lib/python3.10/site-packages/airflow/example_dags/example_kubernetes_executor.py
[2023-10-04T18:12:14.675+0300] {processor.py:826} INFO - Processing file /home/paulet/anaconda3/lib/python3.10/site-packages/airflow/example_dags/example_kubernetes_executor.py for tasks to queue
[2023-10-04T18:12:14.676+0300] {logging_mixin.py:149} INFO - [2023-10-04T18:12:14.676+0300] {dagbag.py:541} INFO - Filling up the DagBag from /home/paulet/anaconda3/lib/python3.10/site-packages/airflow/example_dags/example_kubernetes_executor.py
[2023-10-04T18:12:14.679+0300] {logging_mixin.py:149} INFO - [2023-10-04T18:12:14.679+0300] {example_kubernetes_executor.py:41} WARNING - The example_kubernetes_executor example DAG requires the kubernetes provider. Please install it with: pip install apache-airflow[cncf.kubernetes]
[2023-10-04T18:12:14.679+0300] {processor.py:838} WARNING - No viable dags retrieved from /home/paulet/anaconda3/lib/python3.10/site-packages/airflow/example_dags/example_kubernetes_executor.py
[2023-10-04T18:12:14.828+0300] {processor.py:179} INFO - Processing /home/paulet/anaconda3/lib/python3.10/site-packages/airflow/example_dags/example_kubernetes_executor.py took 0.181 seconds
[2023-10-04T18:14:34.660+0300] {processor.py:157} INFO - Started process (PID=16045) to work on /home/paulet/anaconda3/lib/python3.10/site-packages/airflow/example_dags/example_kubernetes_executor.py
[2023-10-04T18:14:34.666+0300] {processor.py:826} INFO - Processing file /home/paulet/anaconda3/lib/python3.10/site-packages/airflow/example_dags/example_kubernetes_executor.py for tasks to queue
[2023-10-04T18:14:34.667+0300] {logging_mixin.py:149} INFO - [2023-10-04T18:14:34.667+0300] {dagbag.py:541} INFO - Filling up the DagBag from /home/paulet/anaconda3/lib/python3.10/site-packages/airflow/example_dags/example_kubernetes_executor.py
[2023-10-04T18:14:34.671+0300] {logging_mixin.py:149} INFO - [2023-10-04T18:14:34.671+0300] {example_kubernetes_executor.py:41} WARNING - The example_kubernetes_executor example DAG requires the kubernetes provider. Please install it with: pip install apache-airflow[cncf.kubernetes]
[2023-10-04T18:14:34.672+0300] {processor.py:838} WARNING - No viable dags retrieved from /home/paulet/anaconda3/lib/python3.10/site-packages/airflow/example_dags/example_kubernetes_executor.py
[2023-10-04T18:14:34.686+0300] {processor.py:179} INFO - Processing /home/paulet/anaconda3/lib/python3.10/site-packages/airflow/example_dags/example_kubernetes_executor.py took 0.031 seconds
[2023-10-04T18:15:30.186+0300] {processor.py:157} INFO - Started process (PID=16105) to work on /home/paulet/anaconda3/lib/python3.10/site-packages/airflow/example_dags/example_kubernetes_executor.py
[2023-10-04T18:15:30.188+0300] {processor.py:826} INFO - Processing file /home/paulet/anaconda3/lib/python3.10/site-packages/airflow/example_dags/example_kubernetes_executor.py for tasks to queue
[2023-10-04T18:15:30.189+0300] {logging_mixin.py:149} INFO - [2023-10-04T18:15:30.189+0300] {dagbag.py:541} INFO - Filling up the DagBag from /home/paulet/anaconda3/lib/python3.10/site-packages/airflow/example_dags/example_kubernetes_executor.py
[2023-10-04T18:15:30.192+0300] {logging_mixin.py:149} INFO - [2023-10-04T18:15:30.192+0300] {example_kubernetes_executor.py:41} WARNING - The example_kubernetes_executor example DAG requires the kubernetes provider. Please install it with: pip install apache-airflow[cncf.kubernetes]
[2023-10-04T18:15:30.193+0300] {processor.py:838} WARNING - No viable dags retrieved from /home/paulet/anaconda3/lib/python3.10/site-packages/airflow/example_dags/example_kubernetes_executor.py
[2023-10-04T18:15:30.206+0300] {processor.py:179} INFO - Processing /home/paulet/anaconda3/lib/python3.10/site-packages/airflow/example_dags/example_kubernetes_executor.py took 0.024 seconds
[2023-10-04T18:16:27.140+0300] {processor.py:157} INFO - Started process (PID=16161) to work on /home/paulet/anaconda3/lib/python3.10/site-packages/airflow/example_dags/example_kubernetes_executor.py
[2023-10-04T18:16:27.176+0300] {processor.py:826} INFO - Processing file /home/paulet/anaconda3/lib/python3.10/site-packages/airflow/example_dags/example_kubernetes_executor.py for tasks to queue
[2023-10-04T18:16:27.177+0300] {logging_mixin.py:149} INFO - [2023-10-04T18:16:27.177+0300] {dagbag.py:541} INFO - Filling up the DagBag from /home/paulet/anaconda3/lib/python3.10/site-packages/airflow/example_dags/example_kubernetes_executor.py
[2023-10-04T18:16:27.182+0300] {logging_mixin.py:149} INFO - [2023-10-04T18:16:27.181+0300] {example_kubernetes_executor.py:41} WARNING - The example_kubernetes_executor example DAG requires the kubernetes provider. Please install it with: pip install apache-airflow[cncf.kubernetes]
[2023-10-04T18:16:27.182+0300] {processor.py:838} WARNING - No viable dags retrieved from /home/paulet/anaconda3/lib/python3.10/site-packages/airflow/example_dags/example_kubernetes_executor.py
[2023-10-04T18:16:27.196+0300] {processor.py:179} INFO - Processing /home/paulet/anaconda3/lib/python3.10/site-packages/airflow/example_dags/example_kubernetes_executor.py took 0.061 seconds
[2023-10-04T18:17:27.050+0300] {processor.py:157} INFO - Started process (PID=16231) to work on /home/paulet/anaconda3/lib/python3.10/site-packages/airflow/example_dags/example_kubernetes_executor.py
[2023-10-04T18:17:27.051+0300] {processor.py:826} INFO - Processing file /home/paulet/anaconda3/lib/python3.10/site-packages/airflow/example_dags/example_kubernetes_executor.py for tasks to queue
[2023-10-04T18:17:27.052+0300] {logging_mixin.py:149} INFO - [2023-10-04T18:17:27.052+0300] {dagbag.py:541} INFO - Filling up the DagBag from /home/paulet/anaconda3/lib/python3.10/site-packages/airflow/example_dags/example_kubernetes_executor.py
[2023-10-04T18:17:27.056+0300] {logging_mixin.py:149} INFO - [2023-10-04T18:17:27.056+0300] {example_kubernetes_executor.py:41} WARNING - The example_kubernetes_executor example DAG requires the kubernetes provider. Please install it with: pip install apache-airflow[cncf.kubernetes]
[2023-10-04T18:17:27.056+0300] {processor.py:838} WARNING - No viable dags retrieved from /home/paulet/anaconda3/lib/python3.10/site-packages/airflow/example_dags/example_kubernetes_executor.py
[2023-10-04T18:17:27.070+0300] {processor.py:179} INFO - Processing /home/paulet/anaconda3/lib/python3.10/site-packages/airflow/example_dags/example_kubernetes_executor.py took 0.024 seconds
[2023-10-04T21:00:30.968+0300] {processor.py:157} INFO - Started process (PID=22427) to work on /home/paulet/anaconda3/lib/python3.10/site-packages/airflow/example_dags/example_kubernetes_executor.py
[2023-10-04T21:00:30.970+0300] {processor.py:826} INFO - Processing file /home/paulet/anaconda3/lib/python3.10/site-packages/airflow/example_dags/example_kubernetes_executor.py for tasks to queue
[2023-10-04T21:00:30.971+0300] {logging_mixin.py:149} INFO - [2023-10-04T21:00:30.971+0300] {dagbag.py:541} INFO - Filling up the DagBag from /home/paulet/anaconda3/lib/python3.10/site-packages/airflow/example_dags/example_kubernetes_executor.py
[2023-10-04T21:00:30.975+0300] {logging_mixin.py:149} INFO - [2023-10-04T21:00:30.975+0300] {example_kubernetes_executor.py:41} WARNING - The example_kubernetes_executor example DAG requires the kubernetes provider. Please install it with: pip install apache-airflow[cncf.kubernetes]
[2023-10-04T21:00:30.975+0300] {processor.py:838} WARNING - No viable dags retrieved from /home/paulet/anaconda3/lib/python3.10/site-packages/airflow/example_dags/example_kubernetes_executor.py
[2023-10-04T21:00:30.989+0300] {processor.py:179} INFO - Processing /home/paulet/anaconda3/lib/python3.10/site-packages/airflow/example_dags/example_kubernetes_executor.py took 0.025 seconds
[2023-10-04T21:01:39.056+0300] {processor.py:157} INFO - Started process (PID=22609) to work on /home/paulet/anaconda3/lib/python3.10/site-packages/airflow/example_dags/example_kubernetes_executor.py
[2023-10-04T21:01:39.077+0300] {processor.py:826} INFO - Processing file /home/paulet/anaconda3/lib/python3.10/site-packages/airflow/example_dags/example_kubernetes_executor.py for tasks to queue
[2023-10-04T21:01:39.078+0300] {logging_mixin.py:149} INFO - [2023-10-04T21:01:39.078+0300] {dagbag.py:541} INFO - Filling up the DagBag from /home/paulet/anaconda3/lib/python3.10/site-packages/airflow/example_dags/example_kubernetes_executor.py
[2023-10-04T21:01:39.082+0300] {logging_mixin.py:149} INFO - [2023-10-04T21:01:39.081+0300] {example_kubernetes_executor.py:41} WARNING - The example_kubernetes_executor example DAG requires the kubernetes provider. Please install it with: pip install apache-airflow[cncf.kubernetes]
[2023-10-04T21:01:39.082+0300] {processor.py:838} WARNING - No viable dags retrieved from /home/paulet/anaconda3/lib/python3.10/site-packages/airflow/example_dags/example_kubernetes_executor.py
[2023-10-04T21:01:39.096+0300] {processor.py:179} INFO - Processing /home/paulet/anaconda3/lib/python3.10/site-packages/airflow/example_dags/example_kubernetes_executor.py took 0.044 seconds
[2023-10-04T21:02:41.401+0300] {processor.py:157} INFO - Started process (PID=22674) to work on /home/paulet/anaconda3/lib/python3.10/site-packages/airflow/example_dags/example_kubernetes_executor.py
[2023-10-04T21:02:41.402+0300] {processor.py:826} INFO - Processing file /home/paulet/anaconda3/lib/python3.10/site-packages/airflow/example_dags/example_kubernetes_executor.py for tasks to queue
[2023-10-04T21:02:41.403+0300] {logging_mixin.py:149} INFO - [2023-10-04T21:02:41.403+0300] {dagbag.py:541} INFO - Filling up the DagBag from /home/paulet/anaconda3/lib/python3.10/site-packages/airflow/example_dags/example_kubernetes_executor.py
[2023-10-04T21:02:41.408+0300] {logging_mixin.py:149} INFO - [2023-10-04T21:02:41.407+0300] {example_kubernetes_executor.py:41} WARNING - The example_kubernetes_executor example DAG requires the kubernetes provider. Please install it with: pip install apache-airflow[cncf.kubernetes]
[2023-10-04T21:02:41.408+0300] {processor.py:838} WARNING - No viable dags retrieved from /home/paulet/anaconda3/lib/python3.10/site-packages/airflow/example_dags/example_kubernetes_executor.py
[2023-10-04T21:02:41.421+0300] {processor.py:179} INFO - Processing /home/paulet/anaconda3/lib/python3.10/site-packages/airflow/example_dags/example_kubernetes_executor.py took 0.025 seconds
[2023-10-04T21:03:33.745+0300] {processor.py:157} INFO - Started process (PID=22721) to work on /home/paulet/anaconda3/lib/python3.10/site-packages/airflow/example_dags/example_kubernetes_executor.py
[2023-10-04T21:03:33.746+0300] {processor.py:826} INFO - Processing file /home/paulet/anaconda3/lib/python3.10/site-packages/airflow/example_dags/example_kubernetes_executor.py for tasks to queue
[2023-10-04T21:03:33.747+0300] {logging_mixin.py:149} INFO - [2023-10-04T21:03:33.747+0300] {dagbag.py:541} INFO - Filling up the DagBag from /home/paulet/anaconda3/lib/python3.10/site-packages/airflow/example_dags/example_kubernetes_executor.py
[2023-10-04T21:03:33.751+0300] {logging_mixin.py:149} INFO - [2023-10-04T21:03:33.751+0300] {example_kubernetes_executor.py:41} WARNING - The example_kubernetes_executor example DAG requires the kubernetes provider. Please install it with: pip install apache-airflow[cncf.kubernetes]
[2023-10-04T21:03:33.752+0300] {processor.py:838} WARNING - No viable dags retrieved from /home/paulet/anaconda3/lib/python3.10/site-packages/airflow/example_dags/example_kubernetes_executor.py
[2023-10-04T21:03:33.765+0300] {processor.py:179} INFO - Processing /home/paulet/anaconda3/lib/python3.10/site-packages/airflow/example_dags/example_kubernetes_executor.py took 0.025 seconds
[2023-10-04T21:04:28.932+0300] {processor.py:157} INFO - Started process (PID=22793) to work on /home/paulet/anaconda3/lib/python3.10/site-packages/airflow/example_dags/example_kubernetes_executor.py
[2023-10-04T21:04:28.933+0300] {processor.py:826} INFO - Processing file /home/paulet/anaconda3/lib/python3.10/site-packages/airflow/example_dags/example_kubernetes_executor.py for tasks to queue
[2023-10-04T21:04:28.934+0300] {logging_mixin.py:149} INFO - [2023-10-04T21:04:28.934+0300] {dagbag.py:541} INFO - Filling up the DagBag from /home/paulet/anaconda3/lib/python3.10/site-packages/airflow/example_dags/example_kubernetes_executor.py
[2023-10-04T21:04:28.938+0300] {logging_mixin.py:149} INFO - [2023-10-04T21:04:28.938+0300] {example_kubernetes_executor.py:41} WARNING - The example_kubernetes_executor example DAG requires the kubernetes provider. Please install it with: pip install apache-airflow[cncf.kubernetes]
[2023-10-04T21:04:28.939+0300] {processor.py:838} WARNING - No viable dags retrieved from /home/paulet/anaconda3/lib/python3.10/site-packages/airflow/example_dags/example_kubernetes_executor.py
[2023-10-04T21:04:28.953+0300] {processor.py:179} INFO - Processing /home/paulet/anaconda3/lib/python3.10/site-packages/airflow/example_dags/example_kubernetes_executor.py took 0.026 seconds
[2023-10-04T21:05:24.208+0300] {processor.py:157} INFO - Started process (PID=22868) to work on /home/paulet/anaconda3/lib/python3.10/site-packages/airflow/example_dags/example_kubernetes_executor.py
[2023-10-04T21:05:24.235+0300] {processor.py:826} INFO - Processing file /home/paulet/anaconda3/lib/python3.10/site-packages/airflow/example_dags/example_kubernetes_executor.py for tasks to queue
[2023-10-04T21:05:24.236+0300] {logging_mixin.py:149} INFO - [2023-10-04T21:05:24.236+0300] {dagbag.py:541} INFO - Filling up the DagBag from /home/paulet/anaconda3/lib/python3.10/site-packages/airflow/example_dags/example_kubernetes_executor.py
[2023-10-04T21:05:24.240+0300] {logging_mixin.py:149} INFO - [2023-10-04T21:05:24.240+0300] {example_kubernetes_executor.py:41} WARNING - The example_kubernetes_executor example DAG requires the kubernetes provider. Please install it with: pip install apache-airflow[cncf.kubernetes]
[2023-10-04T21:05:24.240+0300] {processor.py:838} WARNING - No viable dags retrieved from /home/paulet/anaconda3/lib/python3.10/site-packages/airflow/example_dags/example_kubernetes_executor.py
[2023-10-04T21:05:24.254+0300] {processor.py:179} INFO - Processing /home/paulet/anaconda3/lib/python3.10/site-packages/airflow/example_dags/example_kubernetes_executor.py took 0.051 seconds
[2023-10-04T21:06:21.980+0300] {processor.py:157} INFO - Started process (PID=22920) to work on /home/paulet/anaconda3/lib/python3.10/site-packages/airflow/example_dags/example_kubernetes_executor.py
[2023-10-04T21:06:22.015+0300] {processor.py:826} INFO - Processing file /home/paulet/anaconda3/lib/python3.10/site-packages/airflow/example_dags/example_kubernetes_executor.py for tasks to queue
[2023-10-04T21:06:22.016+0300] {logging_mixin.py:149} INFO - [2023-10-04T21:06:22.016+0300] {dagbag.py:541} INFO - Filling up the DagBag from /home/paulet/anaconda3/lib/python3.10/site-packages/airflow/example_dags/example_kubernetes_executor.py
[2023-10-04T21:06:22.020+0300] {logging_mixin.py:149} INFO - [2023-10-04T21:06:22.020+0300] {example_kubernetes_executor.py:41} WARNING - The example_kubernetes_executor example DAG requires the kubernetes provider. Please install it with: pip install apache-airflow[cncf.kubernetes]
[2023-10-04T21:06:22.020+0300] {processor.py:838} WARNING - No viable dags retrieved from /home/paulet/anaconda3/lib/python3.10/site-packages/airflow/example_dags/example_kubernetes_executor.py
[2023-10-04T21:06:22.034+0300] {processor.py:179} INFO - Processing /home/paulet/anaconda3/lib/python3.10/site-packages/airflow/example_dags/example_kubernetes_executor.py took 0.058 seconds
[2023-10-04T21:07:17.119+0300] {processor.py:157} INFO - Started process (PID=22971) to work on /home/paulet/anaconda3/lib/python3.10/site-packages/airflow/example_dags/example_kubernetes_executor.py
[2023-10-04T21:07:17.121+0300] {processor.py:826} INFO - Processing file /home/paulet/anaconda3/lib/python3.10/site-packages/airflow/example_dags/example_kubernetes_executor.py for tasks to queue
[2023-10-04T21:07:17.122+0300] {logging_mixin.py:149} INFO - [2023-10-04T21:07:17.121+0300] {dagbag.py:541} INFO - Filling up the DagBag from /home/paulet/anaconda3/lib/python3.10/site-packages/airflow/example_dags/example_kubernetes_executor.py
[2023-10-04T21:07:17.126+0300] {logging_mixin.py:149} INFO - [2023-10-04T21:07:17.125+0300] {example_kubernetes_executor.py:41} WARNING - The example_kubernetes_executor example DAG requires the kubernetes provider. Please install it with: pip install apache-airflow[cncf.kubernetes]
[2023-10-04T21:07:17.126+0300] {processor.py:838} WARNING - No viable dags retrieved from /home/paulet/anaconda3/lib/python3.10/site-packages/airflow/example_dags/example_kubernetes_executor.py
[2023-10-04T21:07:17.139+0300] {processor.py:179} INFO - Processing /home/paulet/anaconda3/lib/python3.10/site-packages/airflow/example_dags/example_kubernetes_executor.py took 0.024 seconds
[2023-10-04T21:08:06.608+0300] {processor.py:157} INFO - Started process (PID=23016) to work on /home/paulet/anaconda3/lib/python3.10/site-packages/airflow/example_dags/example_kubernetes_executor.py
[2023-10-04T21:08:06.615+0300] {processor.py:826} INFO - Processing file /home/paulet/anaconda3/lib/python3.10/site-packages/airflow/example_dags/example_kubernetes_executor.py for tasks to queue
[2023-10-04T21:08:06.616+0300] {logging_mixin.py:149} INFO - [2023-10-04T21:08:06.616+0300] {dagbag.py:541} INFO - Filling up the DagBag from /home/paulet/anaconda3/lib/python3.10/site-packages/airflow/example_dags/example_kubernetes_executor.py
[2023-10-04T21:08:06.620+0300] {logging_mixin.py:149} INFO - [2023-10-04T21:08:06.620+0300] {example_kubernetes_executor.py:41} WARNING - The example_kubernetes_executor example DAG requires the kubernetes provider. Please install it with: pip install apache-airflow[cncf.kubernetes]
[2023-10-04T21:08:06.621+0300] {processor.py:838} WARNING - No viable dags retrieved from /home/paulet/anaconda3/lib/python3.10/site-packages/airflow/example_dags/example_kubernetes_executor.py
[2023-10-04T21:08:06.635+0300] {processor.py:179} INFO - Processing /home/paulet/anaconda3/lib/python3.10/site-packages/airflow/example_dags/example_kubernetes_executor.py took 0.031 seconds
[2023-10-04T21:09:01.224+0300] {processor.py:157} INFO - Started process (PID=23086) to work on /home/paulet/anaconda3/lib/python3.10/site-packages/airflow/example_dags/example_kubernetes_executor.py
[2023-10-04T21:09:01.238+0300] {processor.py:826} INFO - Processing file /home/paulet/anaconda3/lib/python3.10/site-packages/airflow/example_dags/example_kubernetes_executor.py for tasks to queue
[2023-10-04T21:09:01.239+0300] {logging_mixin.py:149} INFO - [2023-10-04T21:09:01.239+0300] {dagbag.py:541} INFO - Filling up the DagBag from /home/paulet/anaconda3/lib/python3.10/site-packages/airflow/example_dags/example_kubernetes_executor.py
[2023-10-04T21:09:01.243+0300] {logging_mixin.py:149} INFO - [2023-10-04T21:09:01.242+0300] {example_kubernetes_executor.py:41} WARNING - The example_kubernetes_executor example DAG requires the kubernetes provider. Please install it with: pip install apache-airflow[cncf.kubernetes]
[2023-10-04T21:09:01.243+0300] {processor.py:838} WARNING - No viable dags retrieved from /home/paulet/anaconda3/lib/python3.10/site-packages/airflow/example_dags/example_kubernetes_executor.py
[2023-10-04T21:09:01.257+0300] {processor.py:179} INFO - Processing /home/paulet/anaconda3/lib/python3.10/site-packages/airflow/example_dags/example_kubernetes_executor.py took 0.038 seconds
[2023-10-04T21:09:52.916+0300] {processor.py:157} INFO - Started process (PID=23174) to work on /home/paulet/anaconda3/lib/python3.10/site-packages/airflow/example_dags/example_kubernetes_executor.py
[2023-10-04T21:09:52.923+0300] {processor.py:826} INFO - Processing file /home/paulet/anaconda3/lib/python3.10/site-packages/airflow/example_dags/example_kubernetes_executor.py for tasks to queue
[2023-10-04T21:09:52.924+0300] {logging_mixin.py:149} INFO - [2023-10-04T21:09:52.924+0300] {dagbag.py:541} INFO - Filling up the DagBag from /home/paulet/anaconda3/lib/python3.10/site-packages/airflow/example_dags/example_kubernetes_executor.py
[2023-10-04T21:09:52.928+0300] {logging_mixin.py:149} INFO - [2023-10-04T21:09:52.928+0300] {example_kubernetes_executor.py:41} WARNING - The example_kubernetes_executor example DAG requires the kubernetes provider. Please install it with: pip install apache-airflow[cncf.kubernetes]
[2023-10-04T21:09:52.928+0300] {processor.py:838} WARNING - No viable dags retrieved from /home/paulet/anaconda3/lib/python3.10/site-packages/airflow/example_dags/example_kubernetes_executor.py
[2023-10-04T21:09:52.942+0300] {processor.py:179} INFO - Processing /home/paulet/anaconda3/lib/python3.10/site-packages/airflow/example_dags/example_kubernetes_executor.py took 0.030 seconds
[2023-10-04T21:10:43.169+0300] {processor.py:157} INFO - Started process (PID=23257) to work on /home/paulet/anaconda3/lib/python3.10/site-packages/airflow/example_dags/example_kubernetes_executor.py
[2023-10-04T21:10:43.192+0300] {processor.py:826} INFO - Processing file /home/paulet/anaconda3/lib/python3.10/site-packages/airflow/example_dags/example_kubernetes_executor.py for tasks to queue
[2023-10-04T21:10:43.194+0300] {logging_mixin.py:149} INFO - [2023-10-04T21:10:43.193+0300] {dagbag.py:541} INFO - Filling up the DagBag from /home/paulet/anaconda3/lib/python3.10/site-packages/airflow/example_dags/example_kubernetes_executor.py
[2023-10-04T21:10:43.198+0300] {logging_mixin.py:149} INFO - [2023-10-04T21:10:43.197+0300] {example_kubernetes_executor.py:41} WARNING - The example_kubernetes_executor example DAG requires the kubernetes provider. Please install it with: pip install apache-airflow[cncf.kubernetes]
[2023-10-04T21:10:43.198+0300] {processor.py:838} WARNING - No viable dags retrieved from /home/paulet/anaconda3/lib/python3.10/site-packages/airflow/example_dags/example_kubernetes_executor.py
[2023-10-04T21:10:43.214+0300] {processor.py:179} INFO - Processing /home/paulet/anaconda3/lib/python3.10/site-packages/airflow/example_dags/example_kubernetes_executor.py took 0.050 seconds
[2023-10-04T21:51:50.706+0300] {processor.py:157} INFO - Started process (PID=26936) to work on /home/paulet/anaconda3/lib/python3.10/site-packages/airflow/example_dags/example_kubernetes_executor.py
[2023-10-04T21:51:50.740+0300] {processor.py:826} INFO - Processing file /home/paulet/anaconda3/lib/python3.10/site-packages/airflow/example_dags/example_kubernetes_executor.py for tasks to queue
[2023-10-04T21:51:50.741+0300] {logging_mixin.py:149} INFO - [2023-10-04T21:51:50.741+0300] {dagbag.py:541} INFO - Filling up the DagBag from /home/paulet/anaconda3/lib/python3.10/site-packages/airflow/example_dags/example_kubernetes_executor.py
[2023-10-04T21:51:50.744+0300] {logging_mixin.py:149} INFO - [2023-10-04T21:51:50.744+0300] {example_kubernetes_executor.py:41} WARNING - The example_kubernetes_executor example DAG requires the kubernetes provider. Please install it with: pip install apache-airflow[cncf.kubernetes]
[2023-10-04T21:51:50.745+0300] {processor.py:838} WARNING - No viable dags retrieved from /home/paulet/anaconda3/lib/python3.10/site-packages/airflow/example_dags/example_kubernetes_executor.py
[2023-10-04T21:51:50.757+0300] {processor.py:179} INFO - Processing /home/paulet/anaconda3/lib/python3.10/site-packages/airflow/example_dags/example_kubernetes_executor.py took 0.055 seconds
[2023-10-04T21:52:54.484+0300] {processor.py:157} INFO - Started process (PID=27035) to work on /home/paulet/anaconda3/lib/python3.10/site-packages/airflow/example_dags/example_kubernetes_executor.py
[2023-10-04T21:52:54.493+0300] {processor.py:826} INFO - Processing file /home/paulet/anaconda3/lib/python3.10/site-packages/airflow/example_dags/example_kubernetes_executor.py for tasks to queue
[2023-10-04T21:52:54.494+0300] {logging_mixin.py:149} INFO - [2023-10-04T21:52:54.494+0300] {dagbag.py:541} INFO - Filling up the DagBag from /home/paulet/anaconda3/lib/python3.10/site-packages/airflow/example_dags/example_kubernetes_executor.py
[2023-10-04T21:52:54.498+0300] {logging_mixin.py:149} INFO - [2023-10-04T21:52:54.498+0300] {example_kubernetes_executor.py:41} WARNING - The example_kubernetes_executor example DAG requires the kubernetes provider. Please install it with: pip install apache-airflow[cncf.kubernetes]
[2023-10-04T21:52:54.498+0300] {processor.py:838} WARNING - No viable dags retrieved from /home/paulet/anaconda3/lib/python3.10/site-packages/airflow/example_dags/example_kubernetes_executor.py
[2023-10-04T21:52:54.512+0300] {processor.py:179} INFO - Processing /home/paulet/anaconda3/lib/python3.10/site-packages/airflow/example_dags/example_kubernetes_executor.py took 0.033 seconds
[2023-10-04T21:53:51.047+0300] {processor.py:157} INFO - Started process (PID=27103) to work on /home/paulet/anaconda3/lib/python3.10/site-packages/airflow/example_dags/example_kubernetes_executor.py
[2023-10-04T21:53:51.071+0300] {processor.py:826} INFO - Processing file /home/paulet/anaconda3/lib/python3.10/site-packages/airflow/example_dags/example_kubernetes_executor.py for tasks to queue
[2023-10-04T21:53:51.072+0300] {logging_mixin.py:149} INFO - [2023-10-04T21:53:51.072+0300] {dagbag.py:541} INFO - Filling up the DagBag from /home/paulet/anaconda3/lib/python3.10/site-packages/airflow/example_dags/example_kubernetes_executor.py
[2023-10-04T21:53:51.076+0300] {logging_mixin.py:149} INFO - [2023-10-04T21:53:51.075+0300] {example_kubernetes_executor.py:41} WARNING - The example_kubernetes_executor example DAG requires the kubernetes provider. Please install it with: pip install apache-airflow[cncf.kubernetes]
[2023-10-04T21:53:51.076+0300] {processor.py:838} WARNING - No viable dags retrieved from /home/paulet/anaconda3/lib/python3.10/site-packages/airflow/example_dags/example_kubernetes_executor.py
[2023-10-04T21:53:51.091+0300] {processor.py:179} INFO - Processing /home/paulet/anaconda3/lib/python3.10/site-packages/airflow/example_dags/example_kubernetes_executor.py took 0.048 seconds
[2023-10-04T21:54:55.993+0300] {processor.py:157} INFO - Started process (PID=27186) to work on /home/paulet/anaconda3/lib/python3.10/site-packages/airflow/example_dags/example_kubernetes_executor.py
[2023-10-04T21:54:56.008+0300] {processor.py:826} INFO - Processing file /home/paulet/anaconda3/lib/python3.10/site-packages/airflow/example_dags/example_kubernetes_executor.py for tasks to queue
[2023-10-04T21:54:56.009+0300] {logging_mixin.py:149} INFO - [2023-10-04T21:54:56.008+0300] {dagbag.py:541} INFO - Filling up the DagBag from /home/paulet/anaconda3/lib/python3.10/site-packages/airflow/example_dags/example_kubernetes_executor.py
[2023-10-04T21:54:56.013+0300] {logging_mixin.py:149} INFO - [2023-10-04T21:54:56.013+0300] {example_kubernetes_executor.py:41} WARNING - The example_kubernetes_executor example DAG requires the kubernetes provider. Please install it with: pip install apache-airflow[cncf.kubernetes]
[2023-10-04T21:54:56.014+0300] {processor.py:838} WARNING - No viable dags retrieved from /home/paulet/anaconda3/lib/python3.10/site-packages/airflow/example_dags/example_kubernetes_executor.py
[2023-10-04T21:54:56.030+0300] {processor.py:179} INFO - Processing /home/paulet/anaconda3/lib/python3.10/site-packages/airflow/example_dags/example_kubernetes_executor.py took 0.041 seconds
[2023-10-04T21:55:57.128+0300] {processor.py:157} INFO - Started process (PID=27367) to work on /home/paulet/anaconda3/lib/python3.10/site-packages/airflow/example_dags/example_kubernetes_executor.py
[2023-10-04T21:55:57.147+0300] {processor.py:826} INFO - Processing file /home/paulet/anaconda3/lib/python3.10/site-packages/airflow/example_dags/example_kubernetes_executor.py for tasks to queue
[2023-10-04T21:55:57.148+0300] {logging_mixin.py:149} INFO - [2023-10-04T21:55:57.148+0300] {dagbag.py:541} INFO - Filling up the DagBag from /home/paulet/anaconda3/lib/python3.10/site-packages/airflow/example_dags/example_kubernetes_executor.py
[2023-10-04T21:55:57.152+0300] {logging_mixin.py:149} INFO - [2023-10-04T21:55:57.152+0300] {example_kubernetes_executor.py:41} WARNING - The example_kubernetes_executor example DAG requires the kubernetes provider. Please install it with: pip install apache-airflow[cncf.kubernetes]
[2023-10-04T21:55:57.153+0300] {processor.py:838} WARNING - No viable dags retrieved from /home/paulet/anaconda3/lib/python3.10/site-packages/airflow/example_dags/example_kubernetes_executor.py
[2023-10-04T21:55:57.167+0300] {processor.py:179} INFO - Processing /home/paulet/anaconda3/lib/python3.10/site-packages/airflow/example_dags/example_kubernetes_executor.py took 0.043 seconds
