[2023-10-04T18:09:40.892+0300] {processor.py:157} INFO - Started process (PID=14176) to work on /home/paulet/anaconda3/lib/python3.10/site-packages/airflow/example_dags/example_subdag_operator.py
[2023-10-04T18:09:40.893+0300] {processor.py:826} INFO - Processing file /home/paulet/anaconda3/lib/python3.10/site-packages/airflow/example_dags/example_subdag_operator.py for tasks to queue
[2023-10-04T18:09:40.894+0300] {logging_mixin.py:149} INFO - [2023-10-04T18:09:40.893+0300] {dagbag.py:541} INFO - Filling up the DagBag from /home/paulet/anaconda3/lib/python3.10/site-packages/airflow/example_dags/example_subdag_operator.py
[2023-10-04T18:09:40.921+0300] {processor.py:836} INFO - DAG(s) dict_keys(['example_subdag_operator.section-1', 'example_subdag_operator.section-2', 'example_subdag_operator']) retrieved from /home/paulet/anaconda3/lib/python3.10/site-packages/airflow/example_dags/example_subdag_operator.py
[2023-10-04T18:09:41.307+0300] {logging_mixin.py:149} INFO - [2023-10-04T18:09:41.306+0300] {manager.py:504} INFO - Created Permission View: can edit on DAG:example_subdag_operator
[2023-10-04T18:09:41.483+0300] {logging_mixin.py:149} INFO - [2023-10-04T18:09:41.482+0300] {manager.py:504} INFO - Created Permission View: can read on DAG:example_subdag_operator
[2023-10-04T18:09:41.942+0300] {logging_mixin.py:149} INFO - [2023-10-04T18:09:41.941+0300] {manager.py:504} INFO - Created Permission View: can delete on DAG:example_subdag_operator
[2023-10-04T18:09:41.944+0300] {logging_mixin.py:149} INFO - [2023-10-04T18:09:41.943+0300] {dag.py:2726} INFO - Sync 3 DAGs
[2023-10-04T18:09:42.095+0300] {logging_mixin.py:149} INFO - [2023-10-04T18:09:42.094+0300] {dag.py:2747} INFO - Creating ORM DAG for example_subdag_operator.section-1
[2023-10-04T18:09:42.097+0300] {logging_mixin.py:149} INFO - [2023-10-04T18:09:42.097+0300] {dag.py:2747} INFO - Creating ORM DAG for example_subdag_operator.section-2
[2023-10-04T18:09:42.099+0300] {logging_mixin.py:149} INFO - [2023-10-04T18:09:42.099+0300] {dag.py:2747} INFO - Creating ORM DAG for example_subdag_operator
[2023-10-04T18:09:44.457+0300] {logging_mixin.py:149} INFO - [2023-10-04T18:09:44.457+0300] {dag.py:3486} INFO - Setting next_dagrun for example_subdag_operator to 2022-01-01T00:00:00+00:00, run_after=2022-01-01T00:00:00+00:00
[2023-10-04T18:09:44.458+0300] {logging_mixin.py:149} INFO - [2023-10-04T18:09:44.458+0300] {dag.py:3486} INFO - Setting next_dagrun for example_subdag_operator.section-1 to None, run_after=None
[2023-10-04T18:09:44.459+0300] {logging_mixin.py:149} INFO - [2023-10-04T18:09:44.458+0300] {dag.py:3486} INFO - Setting next_dagrun for example_subdag_operator.section-2 to None, run_after=None
[2023-10-04T18:09:45.440+0300] {logging_mixin.py:149} INFO - [2023-10-04T18:09:45.440+0300] {dag.py:2726} INFO - Sync 2 DAGs
[2023-10-04T18:09:45.452+0300] {logging_mixin.py:149} INFO - [2023-10-04T18:09:45.451+0300] {dag.py:3486} INFO - Setting next_dagrun for example_subdag_operator.section-1 to None, run_after=None
[2023-10-04T18:09:45.456+0300] {logging_mixin.py:149} INFO - [2023-10-04T18:09:45.456+0300] {dag.py:3486} INFO - Setting next_dagrun for example_subdag_operator.section-2 to None, run_after=None
[2023-10-04T18:09:45.953+0300] {processor.py:179} INFO - Processing /home/paulet/anaconda3/lib/python3.10/site-packages/airflow/example_dags/example_subdag_operator.py took 5.065 seconds
[2023-10-04T18:11:21.508+0300] {processor.py:157} INFO - Started process (PID=14724) to work on /home/paulet/anaconda3/lib/python3.10/site-packages/airflow/example_dags/example_subdag_operator.py
[2023-10-04T18:11:21.510+0300] {processor.py:826} INFO - Processing file /home/paulet/anaconda3/lib/python3.10/site-packages/airflow/example_dags/example_subdag_operator.py for tasks to queue
[2023-10-04T18:11:21.511+0300] {logging_mixin.py:149} INFO - [2023-10-04T18:11:21.510+0300] {dagbag.py:541} INFO - Filling up the DagBag from /home/paulet/anaconda3/lib/python3.10/site-packages/airflow/example_dags/example_subdag_operator.py
[2023-10-04T18:11:21.539+0300] {processor.py:836} INFO - DAG(s) dict_keys(['example_subdag_operator.section-1', 'example_subdag_operator.section-2', 'example_subdag_operator']) retrieved from /home/paulet/anaconda3/lib/python3.10/site-packages/airflow/example_dags/example_subdag_operator.py
[2023-10-04T18:11:21.561+0300] {logging_mixin.py:149} INFO - [2023-10-04T18:11:21.561+0300] {dag.py:2726} INFO - Sync 3 DAGs
[2023-10-04T18:11:21.586+0300] {logging_mixin.py:149} INFO - [2023-10-04T18:11:21.586+0300] {dag.py:3486} INFO - Setting next_dagrun for example_subdag_operator to 2022-01-01T00:00:00+00:00, run_after=2022-01-01T00:00:00+00:00
[2023-10-04T18:11:21.590+0300] {logging_mixin.py:149} INFO - [2023-10-04T18:11:21.590+0300] {dag.py:3486} INFO - Setting next_dagrun for example_subdag_operator.section-1 to None, run_after=None
[2023-10-04T18:11:21.591+0300] {logging_mixin.py:149} INFO - [2023-10-04T18:11:21.591+0300] {dag.py:3486} INFO - Setting next_dagrun for example_subdag_operator.section-2 to None, run_after=None
[2023-10-04T18:11:21.597+0300] {logging_mixin.py:149} INFO - [2023-10-04T18:11:21.597+0300] {dag.py:2726} INFO - Sync 2 DAGs
[2023-10-04T18:11:21.602+0300] {logging_mixin.py:149} INFO - [2023-10-04T18:11:21.602+0300] {dag.py:3486} INFO - Setting next_dagrun for example_subdag_operator.section-1 to None, run_after=None
[2023-10-04T18:11:21.603+0300] {logging_mixin.py:149} INFO - [2023-10-04T18:11:21.603+0300] {dag.py:3486} INFO - Setting next_dagrun for example_subdag_operator.section-2 to None, run_after=None
[2023-10-04T18:11:21.738+0300] {processor.py:179} INFO - Processing /home/paulet/anaconda3/lib/python3.10/site-packages/airflow/example_dags/example_subdag_operator.py took 0.234 seconds
[2023-10-04T18:14:08.120+0300] {processor.py:157} INFO - Started process (PID=15997) to work on /home/paulet/anaconda3/lib/python3.10/site-packages/airflow/example_dags/example_subdag_operator.py
[2023-10-04T18:14:08.156+0300] {processor.py:826} INFO - Processing file /home/paulet/anaconda3/lib/python3.10/site-packages/airflow/example_dags/example_subdag_operator.py for tasks to queue
[2023-10-04T18:14:08.157+0300] {logging_mixin.py:149} INFO - [2023-10-04T18:14:08.157+0300] {dagbag.py:541} INFO - Filling up the DagBag from /home/paulet/anaconda3/lib/python3.10/site-packages/airflow/example_dags/example_subdag_operator.py
[2023-10-04T18:14:08.188+0300] {processor.py:836} INFO - DAG(s) dict_keys(['example_subdag_operator.section-1', 'example_subdag_operator.section-2', 'example_subdag_operator']) retrieved from /home/paulet/anaconda3/lib/python3.10/site-packages/airflow/example_dags/example_subdag_operator.py
[2023-10-04T18:14:08.214+0300] {logging_mixin.py:149} INFO - [2023-10-04T18:14:08.213+0300] {dag.py:2726} INFO - Sync 3 DAGs
[2023-10-04T18:14:08.238+0300] {logging_mixin.py:149} INFO - [2023-10-04T18:14:08.238+0300] {dag.py:3486} INFO - Setting next_dagrun for example_subdag_operator to 2022-01-01T00:00:00+00:00, run_after=2022-01-01T00:00:00+00:00
[2023-10-04T18:14:08.242+0300] {logging_mixin.py:149} INFO - [2023-10-04T18:14:08.242+0300] {dag.py:3486} INFO - Setting next_dagrun for example_subdag_operator.section-1 to None, run_after=None
[2023-10-04T18:14:08.243+0300] {logging_mixin.py:149} INFO - [2023-10-04T18:14:08.243+0300] {dag.py:3486} INFO - Setting next_dagrun for example_subdag_operator.section-2 to None, run_after=None
[2023-10-04T18:14:08.250+0300] {logging_mixin.py:149} INFO - [2023-10-04T18:14:08.250+0300] {dag.py:2726} INFO - Sync 2 DAGs
[2023-10-04T18:14:08.255+0300] {logging_mixin.py:149} INFO - [2023-10-04T18:14:08.255+0300] {dag.py:3486} INFO - Setting next_dagrun for example_subdag_operator.section-1 to None, run_after=None
[2023-10-04T18:14:08.255+0300] {logging_mixin.py:149} INFO - [2023-10-04T18:14:08.255+0300] {dag.py:3486} INFO - Setting next_dagrun for example_subdag_operator.section-2 to None, run_after=None
[2023-10-04T18:14:08.902+0300] {processor.py:179} INFO - Processing /home/paulet/anaconda3/lib/python3.10/site-packages/airflow/example_dags/example_subdag_operator.py took 0.787 seconds
[2023-10-04T18:15:20.333+0300] {processor.py:157} INFO - Started process (PID=16097) to work on /home/paulet/anaconda3/lib/python3.10/site-packages/airflow/example_dags/example_subdag_operator.py
[2023-10-04T18:15:20.354+0300] {processor.py:826} INFO - Processing file /home/paulet/anaconda3/lib/python3.10/site-packages/airflow/example_dags/example_subdag_operator.py for tasks to queue
[2023-10-04T18:15:20.356+0300] {logging_mixin.py:149} INFO - [2023-10-04T18:15:20.355+0300] {dagbag.py:541} INFO - Filling up the DagBag from /home/paulet/anaconda3/lib/python3.10/site-packages/airflow/example_dags/example_subdag_operator.py
[2023-10-04T18:15:20.385+0300] {processor.py:836} INFO - DAG(s) dict_keys(['example_subdag_operator.section-1', 'example_subdag_operator.section-2', 'example_subdag_operator']) retrieved from /home/paulet/anaconda3/lib/python3.10/site-packages/airflow/example_dags/example_subdag_operator.py
[2023-10-04T18:15:20.409+0300] {logging_mixin.py:149} INFO - [2023-10-04T18:15:20.409+0300] {dag.py:2726} INFO - Sync 3 DAGs
[2023-10-04T18:15:20.434+0300] {logging_mixin.py:149} INFO - [2023-10-04T18:15:20.433+0300] {dag.py:3486} INFO - Setting next_dagrun for example_subdag_operator to 2022-01-01T00:00:00+00:00, run_after=2022-01-01T00:00:00+00:00
[2023-10-04T18:15:20.438+0300] {logging_mixin.py:149} INFO - [2023-10-04T18:15:20.437+0300] {dag.py:3486} INFO - Setting next_dagrun for example_subdag_operator.section-1 to None, run_after=None
[2023-10-04T18:15:20.440+0300] {logging_mixin.py:149} INFO - [2023-10-04T18:15:20.439+0300] {dag.py:3486} INFO - Setting next_dagrun for example_subdag_operator.section-2 to None, run_after=None
[2023-10-04T18:15:20.448+0300] {logging_mixin.py:149} INFO - [2023-10-04T18:15:20.448+0300] {dag.py:2726} INFO - Sync 2 DAGs
[2023-10-04T18:15:20.453+0300] {logging_mixin.py:149} INFO - [2023-10-04T18:15:20.452+0300] {dag.py:3486} INFO - Setting next_dagrun for example_subdag_operator.section-1 to None, run_after=None
[2023-10-04T18:15:20.453+0300] {logging_mixin.py:149} INFO - [2023-10-04T18:15:20.453+0300] {dag.py:3486} INFO - Setting next_dagrun for example_subdag_operator.section-2 to None, run_after=None
[2023-10-04T18:15:20.579+0300] {processor.py:179} INFO - Processing /home/paulet/anaconda3/lib/python3.10/site-packages/airflow/example_dags/example_subdag_operator.py took 0.250 seconds
[2023-10-04T18:16:12.419+0300] {processor.py:157} INFO - Started process (PID=16152) to work on /home/paulet/anaconda3/lib/python3.10/site-packages/airflow/example_dags/example_subdag_operator.py
[2023-10-04T18:16:12.453+0300] {processor.py:826} INFO - Processing file /home/paulet/anaconda3/lib/python3.10/site-packages/airflow/example_dags/example_subdag_operator.py for tasks to queue
[2023-10-04T18:16:12.454+0300] {logging_mixin.py:149} INFO - [2023-10-04T18:16:12.454+0300] {dagbag.py:541} INFO - Filling up the DagBag from /home/paulet/anaconda3/lib/python3.10/site-packages/airflow/example_dags/example_subdag_operator.py
[2023-10-04T18:16:12.480+0300] {processor.py:836} INFO - DAG(s) dict_keys(['example_subdag_operator.section-1', 'example_subdag_operator.section-2', 'example_subdag_operator']) retrieved from /home/paulet/anaconda3/lib/python3.10/site-packages/airflow/example_dags/example_subdag_operator.py
[2023-10-04T18:16:12.509+0300] {logging_mixin.py:149} INFO - [2023-10-04T18:16:12.509+0300] {dag.py:2726} INFO - Sync 3 DAGs
[2023-10-04T18:16:12.539+0300] {logging_mixin.py:149} INFO - [2023-10-04T18:16:12.539+0300] {dag.py:3486} INFO - Setting next_dagrun for example_subdag_operator to 2022-01-01T00:00:00+00:00, run_after=2022-01-01T00:00:00+00:00
[2023-10-04T18:16:12.543+0300] {logging_mixin.py:149} INFO - [2023-10-04T18:16:12.543+0300] {dag.py:3486} INFO - Setting next_dagrun for example_subdag_operator.section-1 to None, run_after=None
[2023-10-04T18:16:12.544+0300] {logging_mixin.py:149} INFO - [2023-10-04T18:16:12.544+0300] {dag.py:3486} INFO - Setting next_dagrun for example_subdag_operator.section-2 to None, run_after=None
[2023-10-04T18:16:12.553+0300] {logging_mixin.py:149} INFO - [2023-10-04T18:16:12.553+0300] {dag.py:2726} INFO - Sync 2 DAGs
[2023-10-04T18:16:12.558+0300] {logging_mixin.py:149} INFO - [2023-10-04T18:16:12.558+0300] {dag.py:3486} INFO - Setting next_dagrun for example_subdag_operator.section-1 to None, run_after=None
[2023-10-04T18:16:12.558+0300] {logging_mixin.py:149} INFO - [2023-10-04T18:16:12.558+0300] {dag.py:3486} INFO - Setting next_dagrun for example_subdag_operator.section-2 to None, run_after=None
[2023-10-04T18:16:12.684+0300] {processor.py:179} INFO - Processing /home/paulet/anaconda3/lib/python3.10/site-packages/airflow/example_dags/example_subdag_operator.py took 0.271 seconds
[2023-10-04T18:17:40.431+0300] {processor.py:157} INFO - Started process (PID=16259) to work on /home/paulet/anaconda3/lib/python3.10/site-packages/airflow/example_dags/example_subdag_operator.py
[2023-10-04T18:17:40.453+0300] {processor.py:826} INFO - Processing file /home/paulet/anaconda3/lib/python3.10/site-packages/airflow/example_dags/example_subdag_operator.py for tasks to queue
[2023-10-04T18:17:40.454+0300] {logging_mixin.py:149} INFO - [2023-10-04T18:17:40.454+0300] {dagbag.py:541} INFO - Filling up the DagBag from /home/paulet/anaconda3/lib/python3.10/site-packages/airflow/example_dags/example_subdag_operator.py
[2023-10-04T18:17:40.488+0300] {processor.py:836} INFO - DAG(s) dict_keys(['example_subdag_operator.section-1', 'example_subdag_operator.section-2', 'example_subdag_operator']) retrieved from /home/paulet/anaconda3/lib/python3.10/site-packages/airflow/example_dags/example_subdag_operator.py
[2023-10-04T18:17:40.514+0300] {logging_mixin.py:149} INFO - [2023-10-04T18:17:40.514+0300] {dag.py:2726} INFO - Sync 3 DAGs
[2023-10-04T18:17:40.541+0300] {logging_mixin.py:149} INFO - [2023-10-04T18:17:40.540+0300] {dag.py:3486} INFO - Setting next_dagrun for example_subdag_operator to 2022-01-01T00:00:00+00:00, run_after=2022-01-01T00:00:00+00:00
[2023-10-04T18:17:40.545+0300] {logging_mixin.py:149} INFO - [2023-10-04T18:17:40.545+0300] {dag.py:3486} INFO - Setting next_dagrun for example_subdag_operator.section-1 to None, run_after=None
[2023-10-04T18:17:40.547+0300] {logging_mixin.py:149} INFO - [2023-10-04T18:17:40.546+0300] {dag.py:3486} INFO - Setting next_dagrun for example_subdag_operator.section-2 to None, run_after=None
[2023-10-04T18:17:40.554+0300] {logging_mixin.py:149} INFO - [2023-10-04T18:17:40.554+0300] {dag.py:2726} INFO - Sync 2 DAGs
[2023-10-04T18:17:40.559+0300] {logging_mixin.py:149} INFO - [2023-10-04T18:17:40.559+0300] {dag.py:3486} INFO - Setting next_dagrun for example_subdag_operator.section-1 to None, run_after=None
[2023-10-04T18:17:40.559+0300] {logging_mixin.py:149} INFO - [2023-10-04T18:17:40.559+0300] {dag.py:3486} INFO - Setting next_dagrun for example_subdag_operator.section-2 to None, run_after=None
[2023-10-04T18:17:40.668+0300] {processor.py:179} INFO - Processing /home/paulet/anaconda3/lib/python3.10/site-packages/airflow/example_dags/example_subdag_operator.py took 0.241 seconds
[2023-10-04T21:00:47.876+0300] {processor.py:157} INFO - Started process (PID=22441) to work on /home/paulet/anaconda3/lib/python3.10/site-packages/airflow/example_dags/example_subdag_operator.py
[2023-10-04T21:00:47.877+0300] {processor.py:826} INFO - Processing file /home/paulet/anaconda3/lib/python3.10/site-packages/airflow/example_dags/example_subdag_operator.py for tasks to queue
[2023-10-04T21:00:47.878+0300] {logging_mixin.py:149} INFO - [2023-10-04T21:00:47.878+0300] {dagbag.py:541} INFO - Filling up the DagBag from /home/paulet/anaconda3/lib/python3.10/site-packages/airflow/example_dags/example_subdag_operator.py
[2023-10-04T21:00:47.906+0300] {processor.py:836} INFO - DAG(s) dict_keys(['example_subdag_operator.section-1', 'example_subdag_operator.section-2', 'example_subdag_operator']) retrieved from /home/paulet/anaconda3/lib/python3.10/site-packages/airflow/example_dags/example_subdag_operator.py
[2023-10-04T21:00:47.931+0300] {logging_mixin.py:149} INFO - [2023-10-04T21:00:47.931+0300] {dag.py:2726} INFO - Sync 3 DAGs
[2023-10-04T21:00:47.953+0300] {logging_mixin.py:149} INFO - [2023-10-04T21:00:47.953+0300] {dag.py:3486} INFO - Setting next_dagrun for example_subdag_operator to 2022-01-01T00:00:00+00:00, run_after=2022-01-01T00:00:00+00:00
[2023-10-04T21:00:47.957+0300] {logging_mixin.py:149} INFO - [2023-10-04T21:00:47.957+0300] {dag.py:3486} INFO - Setting next_dagrun for example_subdag_operator.section-1 to None, run_after=None
[2023-10-04T21:00:47.958+0300] {logging_mixin.py:149} INFO - [2023-10-04T21:00:47.957+0300] {dag.py:3486} INFO - Setting next_dagrun for example_subdag_operator.section-2 to None, run_after=None
[2023-10-04T21:00:47.964+0300] {logging_mixin.py:149} INFO - [2023-10-04T21:00:47.964+0300] {dag.py:2726} INFO - Sync 2 DAGs
[2023-10-04T21:00:47.968+0300] {logging_mixin.py:149} INFO - [2023-10-04T21:00:47.968+0300] {dag.py:3486} INFO - Setting next_dagrun for example_subdag_operator.section-1 to None, run_after=None
[2023-10-04T21:00:47.969+0300] {logging_mixin.py:149} INFO - [2023-10-04T21:00:47.969+0300] {dag.py:3486} INFO - Setting next_dagrun for example_subdag_operator.section-2 to None, run_after=None
[2023-10-04T21:00:48.100+0300] {processor.py:179} INFO - Processing /home/paulet/anaconda3/lib/python3.10/site-packages/airflow/example_dags/example_subdag_operator.py took 0.229 seconds
[2023-10-04T21:02:03.544+0300] {processor.py:157} INFO - Started process (PID=22636) to work on /home/paulet/anaconda3/lib/python3.10/site-packages/airflow/example_dags/example_subdag_operator.py
[2023-10-04T21:02:03.568+0300] {processor.py:826} INFO - Processing file /home/paulet/anaconda3/lib/python3.10/site-packages/airflow/example_dags/example_subdag_operator.py for tasks to queue
[2023-10-04T21:02:03.569+0300] {logging_mixin.py:149} INFO - [2023-10-04T21:02:03.569+0300] {dagbag.py:541} INFO - Filling up the DagBag from /home/paulet/anaconda3/lib/python3.10/site-packages/airflow/example_dags/example_subdag_operator.py
[2023-10-04T21:02:03.598+0300] {processor.py:836} INFO - DAG(s) dict_keys(['example_subdag_operator.section-1', 'example_subdag_operator.section-2', 'example_subdag_operator']) retrieved from /home/paulet/anaconda3/lib/python3.10/site-packages/airflow/example_dags/example_subdag_operator.py
[2023-10-04T21:02:03.623+0300] {logging_mixin.py:149} INFO - [2023-10-04T21:02:03.622+0300] {dag.py:2726} INFO - Sync 3 DAGs
[2023-10-04T21:02:03.646+0300] {logging_mixin.py:149} INFO - [2023-10-04T21:02:03.646+0300] {dag.py:3486} INFO - Setting next_dagrun for example_subdag_operator to 2022-01-01T00:00:00+00:00, run_after=2022-01-01T00:00:00+00:00
[2023-10-04T21:02:03.650+0300] {logging_mixin.py:149} INFO - [2023-10-04T21:02:03.649+0300] {dag.py:3486} INFO - Setting next_dagrun for example_subdag_operator.section-1 to None, run_after=None
[2023-10-04T21:02:03.651+0300] {logging_mixin.py:149} INFO - [2023-10-04T21:02:03.650+0300] {dag.py:3486} INFO - Setting next_dagrun for example_subdag_operator.section-2 to None, run_after=None
[2023-10-04T21:02:03.657+0300] {logging_mixin.py:149} INFO - [2023-10-04T21:02:03.656+0300] {dag.py:2726} INFO - Sync 2 DAGs
[2023-10-04T21:02:03.661+0300] {logging_mixin.py:149} INFO - [2023-10-04T21:02:03.661+0300] {dag.py:3486} INFO - Setting next_dagrun for example_subdag_operator.section-1 to None, run_after=None
[2023-10-04T21:02:03.662+0300] {logging_mixin.py:149} INFO - [2023-10-04T21:02:03.661+0300] {dag.py:3486} INFO - Setting next_dagrun for example_subdag_operator.section-2 to None, run_after=None
[2023-10-04T21:02:03.782+0300] {processor.py:179} INFO - Processing /home/paulet/anaconda3/lib/python3.10/site-packages/airflow/example_dags/example_subdag_operator.py took 0.242 seconds
[2023-10-04T21:02:58.453+0300] {processor.py:157} INFO - Started process (PID=22687) to work on /home/paulet/anaconda3/lib/python3.10/site-packages/airflow/example_dags/example_subdag_operator.py
[2023-10-04T21:02:58.454+0300] {processor.py:826} INFO - Processing file /home/paulet/anaconda3/lib/python3.10/site-packages/airflow/example_dags/example_subdag_operator.py for tasks to queue
[2023-10-04T21:02:58.455+0300] {logging_mixin.py:149} INFO - [2023-10-04T21:02:58.455+0300] {dagbag.py:541} INFO - Filling up the DagBag from /home/paulet/anaconda3/lib/python3.10/site-packages/airflow/example_dags/example_subdag_operator.py
[2023-10-04T21:02:58.482+0300] {processor.py:836} INFO - DAG(s) dict_keys(['example_subdag_operator.section-1', 'example_subdag_operator.section-2', 'example_subdag_operator']) retrieved from /home/paulet/anaconda3/lib/python3.10/site-packages/airflow/example_dags/example_subdag_operator.py
[2023-10-04T21:02:58.504+0300] {logging_mixin.py:149} INFO - [2023-10-04T21:02:58.504+0300] {dag.py:2726} INFO - Sync 3 DAGs
[2023-10-04T21:02:58.527+0300] {logging_mixin.py:149} INFO - [2023-10-04T21:02:58.527+0300] {dag.py:3486} INFO - Setting next_dagrun for example_subdag_operator to 2022-01-01T00:00:00+00:00, run_after=2022-01-01T00:00:00+00:00
[2023-10-04T21:02:58.530+0300] {logging_mixin.py:149} INFO - [2023-10-04T21:02:58.530+0300] {dag.py:3486} INFO - Setting next_dagrun for example_subdag_operator.section-1 to None, run_after=None
[2023-10-04T21:02:58.531+0300] {logging_mixin.py:149} INFO - [2023-10-04T21:02:58.531+0300] {dag.py:3486} INFO - Setting next_dagrun for example_subdag_operator.section-2 to None, run_after=None
[2023-10-04T21:02:58.538+0300] {logging_mixin.py:149} INFO - [2023-10-04T21:02:58.537+0300] {dag.py:2726} INFO - Sync 2 DAGs
[2023-10-04T21:02:58.542+0300] {logging_mixin.py:149} INFO - [2023-10-04T21:02:58.542+0300] {dag.py:3486} INFO - Setting next_dagrun for example_subdag_operator.section-1 to None, run_after=None
[2023-10-04T21:02:58.543+0300] {logging_mixin.py:149} INFO - [2023-10-04T21:02:58.543+0300] {dag.py:3486} INFO - Setting next_dagrun for example_subdag_operator.section-2 to None, run_after=None
[2023-10-04T21:02:58.657+0300] {processor.py:179} INFO - Processing /home/paulet/anaconda3/lib/python3.10/site-packages/airflow/example_dags/example_subdag_operator.py took 0.209 seconds
[2023-10-04T21:03:55.217+0300] {processor.py:157} INFO - Started process (PID=22738) to work on /home/paulet/anaconda3/lib/python3.10/site-packages/airflow/example_dags/example_subdag_operator.py
[2023-10-04T21:03:55.219+0300] {processor.py:826} INFO - Processing file /home/paulet/anaconda3/lib/python3.10/site-packages/airflow/example_dags/example_subdag_operator.py for tasks to queue
[2023-10-04T21:03:55.220+0300] {logging_mixin.py:149} INFO - [2023-10-04T21:03:55.220+0300] {dagbag.py:541} INFO - Filling up the DagBag from /home/paulet/anaconda3/lib/python3.10/site-packages/airflow/example_dags/example_subdag_operator.py
[2023-10-04T21:03:55.254+0300] {processor.py:836} INFO - DAG(s) dict_keys(['example_subdag_operator.section-1', 'example_subdag_operator.section-2', 'example_subdag_operator']) retrieved from /home/paulet/anaconda3/lib/python3.10/site-packages/airflow/example_dags/example_subdag_operator.py
[2023-10-04T21:03:55.292+0300] {logging_mixin.py:149} INFO - [2023-10-04T21:03:55.291+0300] {dag.py:2726} INFO - Sync 3 DAGs
[2023-10-04T21:03:55.318+0300] {logging_mixin.py:149} INFO - [2023-10-04T21:03:55.318+0300] {dag.py:3486} INFO - Setting next_dagrun for example_subdag_operator to 2022-01-01T00:00:00+00:00, run_after=2022-01-01T00:00:00+00:00
[2023-10-04T21:03:55.322+0300] {logging_mixin.py:149} INFO - [2023-10-04T21:03:55.321+0300] {dag.py:3486} INFO - Setting next_dagrun for example_subdag_operator.section-1 to None, run_after=None
[2023-10-04T21:03:55.322+0300] {logging_mixin.py:149} INFO - [2023-10-04T21:03:55.322+0300] {dag.py:3486} INFO - Setting next_dagrun for example_subdag_operator.section-2 to None, run_after=None
[2023-10-04T21:03:55.329+0300] {logging_mixin.py:149} INFO - [2023-10-04T21:03:55.329+0300] {dag.py:2726} INFO - Sync 2 DAGs
[2023-10-04T21:03:55.333+0300] {logging_mixin.py:149} INFO - [2023-10-04T21:03:55.333+0300] {dag.py:3486} INFO - Setting next_dagrun for example_subdag_operator.section-1 to None, run_after=None
[2023-10-04T21:03:55.334+0300] {logging_mixin.py:149} INFO - [2023-10-04T21:03:55.334+0300] {dag.py:3486} INFO - Setting next_dagrun for example_subdag_operator.section-2 to None, run_after=None
[2023-10-04T21:03:55.457+0300] {processor.py:179} INFO - Processing /home/paulet/anaconda3/lib/python3.10/site-packages/airflow/example_dags/example_subdag_operator.py took 0.244 seconds
[2023-10-04T21:04:53.013+0300] {processor.py:157} INFO - Started process (PID=22812) to work on /home/paulet/anaconda3/lib/python3.10/site-packages/airflow/example_dags/example_subdag_operator.py
[2023-10-04T21:04:53.014+0300] {processor.py:826} INFO - Processing file /home/paulet/anaconda3/lib/python3.10/site-packages/airflow/example_dags/example_subdag_operator.py for tasks to queue
[2023-10-04T21:04:53.015+0300] {logging_mixin.py:149} INFO - [2023-10-04T21:04:53.015+0300] {dagbag.py:541} INFO - Filling up the DagBag from /home/paulet/anaconda3/lib/python3.10/site-packages/airflow/example_dags/example_subdag_operator.py
[2023-10-04T21:04:53.043+0300] {processor.py:836} INFO - DAG(s) dict_keys(['example_subdag_operator.section-1', 'example_subdag_operator.section-2', 'example_subdag_operator']) retrieved from /home/paulet/anaconda3/lib/python3.10/site-packages/airflow/example_dags/example_subdag_operator.py
[2023-10-04T21:04:53.064+0300] {logging_mixin.py:149} INFO - [2023-10-04T21:04:53.064+0300] {dag.py:2726} INFO - Sync 3 DAGs
[2023-10-04T21:04:53.087+0300] {logging_mixin.py:149} INFO - [2023-10-04T21:04:53.087+0300] {dag.py:3486} INFO - Setting next_dagrun for example_subdag_operator to 2022-01-01T00:00:00+00:00, run_after=2022-01-01T00:00:00+00:00
[2023-10-04T21:04:53.090+0300] {logging_mixin.py:149} INFO - [2023-10-04T21:04:53.090+0300] {dag.py:3486} INFO - Setting next_dagrun for example_subdag_operator.section-1 to None, run_after=None
[2023-10-04T21:04:53.091+0300] {logging_mixin.py:149} INFO - [2023-10-04T21:04:53.091+0300] {dag.py:3486} INFO - Setting next_dagrun for example_subdag_operator.section-2 to None, run_after=None
[2023-10-04T21:04:53.099+0300] {logging_mixin.py:149} INFO - [2023-10-04T21:04:53.099+0300] {dag.py:2726} INFO - Sync 2 DAGs
[2023-10-04T21:04:53.103+0300] {logging_mixin.py:149} INFO - [2023-10-04T21:04:53.103+0300] {dag.py:3486} INFO - Setting next_dagrun for example_subdag_operator.section-1 to None, run_after=None
[2023-10-04T21:04:53.104+0300] {logging_mixin.py:149} INFO - [2023-10-04T21:04:53.104+0300] {dag.py:3486} INFO - Setting next_dagrun for example_subdag_operator.section-2 to None, run_after=None
[2023-10-04T21:04:53.310+0300] {processor.py:179} INFO - Processing /home/paulet/anaconda3/lib/python3.10/site-packages/airflow/example_dags/example_subdag_operator.py took 0.302 seconds
[2023-10-04T21:05:49.097+0300] {processor.py:157} INFO - Started process (PID=22889) to work on /home/paulet/anaconda3/lib/python3.10/site-packages/airflow/example_dags/example_subdag_operator.py
[2023-10-04T21:05:49.099+0300] {processor.py:826} INFO - Processing file /home/paulet/anaconda3/lib/python3.10/site-packages/airflow/example_dags/example_subdag_operator.py for tasks to queue
[2023-10-04T21:05:49.100+0300] {logging_mixin.py:149} INFO - [2023-10-04T21:05:49.099+0300] {dagbag.py:541} INFO - Filling up the DagBag from /home/paulet/anaconda3/lib/python3.10/site-packages/airflow/example_dags/example_subdag_operator.py
[2023-10-04T21:05:49.127+0300] {processor.py:836} INFO - DAG(s) dict_keys(['example_subdag_operator.section-1', 'example_subdag_operator.section-2', 'example_subdag_operator']) retrieved from /home/paulet/anaconda3/lib/python3.10/site-packages/airflow/example_dags/example_subdag_operator.py
[2023-10-04T21:05:49.151+0300] {logging_mixin.py:149} INFO - [2023-10-04T21:05:49.151+0300] {dag.py:2726} INFO - Sync 3 DAGs
[2023-10-04T21:05:49.175+0300] {logging_mixin.py:149} INFO - [2023-10-04T21:05:49.174+0300] {dag.py:3486} INFO - Setting next_dagrun for example_subdag_operator to 2022-01-01T00:00:00+00:00, run_after=2022-01-01T00:00:00+00:00
[2023-10-04T21:05:49.178+0300] {logging_mixin.py:149} INFO - [2023-10-04T21:05:49.178+0300] {dag.py:3486} INFO - Setting next_dagrun for example_subdag_operator.section-1 to None, run_after=None
[2023-10-04T21:05:49.179+0300] {logging_mixin.py:149} INFO - [2023-10-04T21:05:49.179+0300] {dag.py:3486} INFO - Setting next_dagrun for example_subdag_operator.section-2 to None, run_after=None
[2023-10-04T21:05:49.185+0300] {logging_mixin.py:149} INFO - [2023-10-04T21:05:49.185+0300] {dag.py:2726} INFO - Sync 2 DAGs
[2023-10-04T21:05:49.190+0300] {logging_mixin.py:149} INFO - [2023-10-04T21:05:49.190+0300] {dag.py:3486} INFO - Setting next_dagrun for example_subdag_operator.section-1 to None, run_after=None
[2023-10-04T21:05:49.190+0300] {logging_mixin.py:149} INFO - [2023-10-04T21:05:49.190+0300] {dag.py:3486} INFO - Setting next_dagrun for example_subdag_operator.section-2 to None, run_after=None
[2023-10-04T21:05:49.334+0300] {processor.py:179} INFO - Processing /home/paulet/anaconda3/lib/python3.10/site-packages/airflow/example_dags/example_subdag_operator.py took 0.241 seconds
[2023-10-04T21:06:47.456+0300] {processor.py:157} INFO - Started process (PID=22941) to work on /home/paulet/anaconda3/lib/python3.10/site-packages/airflow/example_dags/example_subdag_operator.py
[2023-10-04T21:06:47.458+0300] {processor.py:826} INFO - Processing file /home/paulet/anaconda3/lib/python3.10/site-packages/airflow/example_dags/example_subdag_operator.py for tasks to queue
[2023-10-04T21:06:47.459+0300] {logging_mixin.py:149} INFO - [2023-10-04T21:06:47.459+0300] {dagbag.py:541} INFO - Filling up the DagBag from /home/paulet/anaconda3/lib/python3.10/site-packages/airflow/example_dags/example_subdag_operator.py
[2023-10-04T21:06:47.487+0300] {processor.py:836} INFO - DAG(s) dict_keys(['example_subdag_operator.section-1', 'example_subdag_operator.section-2', 'example_subdag_operator']) retrieved from /home/paulet/anaconda3/lib/python3.10/site-packages/airflow/example_dags/example_subdag_operator.py
[2023-10-04T21:06:47.509+0300] {logging_mixin.py:149} INFO - [2023-10-04T21:06:47.509+0300] {dag.py:2726} INFO - Sync 3 DAGs
[2023-10-04T21:06:47.532+0300] {logging_mixin.py:149} INFO - [2023-10-04T21:06:47.532+0300] {dag.py:3486} INFO - Setting next_dagrun for example_subdag_operator to 2022-01-01T00:00:00+00:00, run_after=2022-01-01T00:00:00+00:00
[2023-10-04T21:06:47.536+0300] {logging_mixin.py:149} INFO - [2023-10-04T21:06:47.536+0300] {dag.py:3486} INFO - Setting next_dagrun for example_subdag_operator.section-1 to None, run_after=None
[2023-10-04T21:06:47.537+0300] {logging_mixin.py:149} INFO - [2023-10-04T21:06:47.537+0300] {dag.py:3486} INFO - Setting next_dagrun for example_subdag_operator.section-2 to None, run_after=None
[2023-10-04T21:06:47.543+0300] {logging_mixin.py:149} INFO - [2023-10-04T21:06:47.543+0300] {dag.py:2726} INFO - Sync 2 DAGs
[2023-10-04T21:06:47.548+0300] {logging_mixin.py:149} INFO - [2023-10-04T21:06:47.547+0300] {dag.py:3486} INFO - Setting next_dagrun for example_subdag_operator.section-1 to None, run_after=None
[2023-10-04T21:06:47.548+0300] {logging_mixin.py:149} INFO - [2023-10-04T21:06:47.548+0300] {dag.py:3486} INFO - Setting next_dagrun for example_subdag_operator.section-2 to None, run_after=None
[2023-10-04T21:06:47.649+0300] {processor.py:179} INFO - Processing /home/paulet/anaconda3/lib/python3.10/site-packages/airflow/example_dags/example_subdag_operator.py took 0.197 seconds
[2023-10-04T21:07:37.955+0300] {processor.py:157} INFO - Started process (PID=22989) to work on /home/paulet/anaconda3/lib/python3.10/site-packages/airflow/example_dags/example_subdag_operator.py
[2023-10-04T21:07:37.956+0300] {processor.py:826} INFO - Processing file /home/paulet/anaconda3/lib/python3.10/site-packages/airflow/example_dags/example_subdag_operator.py for tasks to queue
[2023-10-04T21:07:37.957+0300] {logging_mixin.py:149} INFO - [2023-10-04T21:07:37.956+0300] {dagbag.py:541} INFO - Filling up the DagBag from /home/paulet/anaconda3/lib/python3.10/site-packages/airflow/example_dags/example_subdag_operator.py
[2023-10-04T21:07:37.980+0300] {processor.py:836} INFO - DAG(s) dict_keys(['example_subdag_operator.section-1', 'example_subdag_operator.section-2', 'example_subdag_operator']) retrieved from /home/paulet/anaconda3/lib/python3.10/site-packages/airflow/example_dags/example_subdag_operator.py
[2023-10-04T21:07:38.001+0300] {logging_mixin.py:149} INFO - [2023-10-04T21:07:38.001+0300] {dag.py:2726} INFO - Sync 3 DAGs
[2023-10-04T21:07:38.025+0300] {logging_mixin.py:149} INFO - [2023-10-04T21:07:38.025+0300] {dag.py:3486} INFO - Setting next_dagrun for example_subdag_operator to 2022-01-01T00:00:00+00:00, run_after=2022-01-01T00:00:00+00:00
[2023-10-04T21:07:38.029+0300] {logging_mixin.py:149} INFO - [2023-10-04T21:07:38.029+0300] {dag.py:3486} INFO - Setting next_dagrun for example_subdag_operator.section-1 to None, run_after=None
[2023-10-04T21:07:38.030+0300] {logging_mixin.py:149} INFO - [2023-10-04T21:07:38.030+0300] {dag.py:3486} INFO - Setting next_dagrun for example_subdag_operator.section-2 to None, run_after=None
[2023-10-04T21:07:38.037+0300] {logging_mixin.py:149} INFO - [2023-10-04T21:07:38.036+0300] {dag.py:2726} INFO - Sync 2 DAGs
[2023-10-04T21:07:38.041+0300] {logging_mixin.py:149} INFO - [2023-10-04T21:07:38.041+0300] {dag.py:3486} INFO - Setting next_dagrun for example_subdag_operator.section-1 to None, run_after=None
[2023-10-04T21:07:38.042+0300] {logging_mixin.py:149} INFO - [2023-10-04T21:07:38.041+0300] {dag.py:3486} INFO - Setting next_dagrun for example_subdag_operator.section-2 to None, run_after=None
[2023-10-04T21:07:38.161+0300] {processor.py:179} INFO - Processing /home/paulet/anaconda3/lib/python3.10/site-packages/airflow/example_dags/example_subdag_operator.py took 0.210 seconds
[2023-10-04T21:08:26.925+0300] {processor.py:157} INFO - Started process (PID=23053) to work on /home/paulet/anaconda3/lib/python3.10/site-packages/airflow/example_dags/example_subdag_operator.py
[2023-10-04T21:08:26.940+0300] {processor.py:826} INFO - Processing file /home/paulet/anaconda3/lib/python3.10/site-packages/airflow/example_dags/example_subdag_operator.py for tasks to queue
[2023-10-04T21:08:26.941+0300] {logging_mixin.py:149} INFO - [2023-10-04T21:08:26.941+0300] {dagbag.py:541} INFO - Filling up the DagBag from /home/paulet/anaconda3/lib/python3.10/site-packages/airflow/example_dags/example_subdag_operator.py
[2023-10-04T21:08:26.970+0300] {processor.py:836} INFO - DAG(s) dict_keys(['example_subdag_operator.section-1', 'example_subdag_operator.section-2', 'example_subdag_operator']) retrieved from /home/paulet/anaconda3/lib/python3.10/site-packages/airflow/example_dags/example_subdag_operator.py
[2023-10-04T21:08:26.993+0300] {logging_mixin.py:149} INFO - [2023-10-04T21:08:26.992+0300] {dag.py:2726} INFO - Sync 3 DAGs
[2023-10-04T21:08:27.016+0300] {logging_mixin.py:149} INFO - [2023-10-04T21:08:27.016+0300] {dag.py:3486} INFO - Setting next_dagrun for example_subdag_operator to 2022-01-01T00:00:00+00:00, run_after=2022-01-01T00:00:00+00:00
[2023-10-04T21:08:27.020+0300] {logging_mixin.py:149} INFO - [2023-10-04T21:08:27.019+0300] {dag.py:3486} INFO - Setting next_dagrun for example_subdag_operator.section-1 to None, run_after=None
[2023-10-04T21:08:27.020+0300] {logging_mixin.py:149} INFO - [2023-10-04T21:08:27.020+0300] {dag.py:3486} INFO - Setting next_dagrun for example_subdag_operator.section-2 to None, run_after=None
[2023-10-04T21:08:27.027+0300] {logging_mixin.py:149} INFO - [2023-10-04T21:08:27.026+0300] {dag.py:2726} INFO - Sync 2 DAGs
[2023-10-04T21:08:27.031+0300] {logging_mixin.py:149} INFO - [2023-10-04T21:08:27.031+0300] {dag.py:3486} INFO - Setting next_dagrun for example_subdag_operator.section-1 to None, run_after=None
[2023-10-04T21:08:27.032+0300] {logging_mixin.py:149} INFO - [2023-10-04T21:08:27.032+0300] {dag.py:3486} INFO - Setting next_dagrun for example_subdag_operator.section-2 to None, run_after=None
[2023-10-04T21:08:27.128+0300] {processor.py:179} INFO - Processing /home/paulet/anaconda3/lib/python3.10/site-packages/airflow/example_dags/example_subdag_operator.py took 0.208 seconds
[2023-10-04T21:09:16.600+0300] {processor.py:157} INFO - Started process (PID=23100) to work on /home/paulet/anaconda3/lib/python3.10/site-packages/airflow/example_dags/example_subdag_operator.py
[2023-10-04T21:09:16.602+0300] {processor.py:826} INFO - Processing file /home/paulet/anaconda3/lib/python3.10/site-packages/airflow/example_dags/example_subdag_operator.py for tasks to queue
[2023-10-04T21:09:16.603+0300] {logging_mixin.py:149} INFO - [2023-10-04T21:09:16.602+0300] {dagbag.py:541} INFO - Filling up the DagBag from /home/paulet/anaconda3/lib/python3.10/site-packages/airflow/example_dags/example_subdag_operator.py
[2023-10-04T21:09:16.630+0300] {processor.py:836} INFO - DAG(s) dict_keys(['example_subdag_operator.section-1', 'example_subdag_operator.section-2', 'example_subdag_operator']) retrieved from /home/paulet/anaconda3/lib/python3.10/site-packages/airflow/example_dags/example_subdag_operator.py
[2023-10-04T21:09:16.652+0300] {logging_mixin.py:149} INFO - [2023-10-04T21:09:16.651+0300] {dag.py:2726} INFO - Sync 3 DAGs
[2023-10-04T21:09:16.674+0300] {logging_mixin.py:149} INFO - [2023-10-04T21:09:16.674+0300] {dag.py:3486} INFO - Setting next_dagrun for example_subdag_operator to 2022-01-01T00:00:00+00:00, run_after=2022-01-01T00:00:00+00:00
[2023-10-04T21:09:16.678+0300] {logging_mixin.py:149} INFO - [2023-10-04T21:09:16.677+0300] {dag.py:3486} INFO - Setting next_dagrun for example_subdag_operator.section-1 to None, run_after=None
[2023-10-04T21:09:16.679+0300] {logging_mixin.py:149} INFO - [2023-10-04T21:09:16.678+0300] {dag.py:3486} INFO - Setting next_dagrun for example_subdag_operator.section-2 to None, run_after=None
[2023-10-04T21:09:16.685+0300] {logging_mixin.py:149} INFO - [2023-10-04T21:09:16.685+0300] {dag.py:2726} INFO - Sync 2 DAGs
[2023-10-04T21:09:16.689+0300] {logging_mixin.py:149} INFO - [2023-10-04T21:09:16.689+0300] {dag.py:3486} INFO - Setting next_dagrun for example_subdag_operator.section-1 to None, run_after=None
[2023-10-04T21:09:16.690+0300] {logging_mixin.py:149} INFO - [2023-10-04T21:09:16.690+0300] {dag.py:3486} INFO - Setting next_dagrun for example_subdag_operator.section-2 to None, run_after=None
[2023-10-04T21:09:16.817+0300] {processor.py:179} INFO - Processing /home/paulet/anaconda3/lib/python3.10/site-packages/airflow/example_dags/example_subdag_operator.py took 0.222 seconds
[2023-10-04T21:10:08.132+0300] {processor.py:157} INFO - Started process (PID=23208) to work on /home/paulet/anaconda3/lib/python3.10/site-packages/airflow/example_dags/example_subdag_operator.py
[2023-10-04T21:10:08.136+0300] {processor.py:826} INFO - Processing file /home/paulet/anaconda3/lib/python3.10/site-packages/airflow/example_dags/example_subdag_operator.py for tasks to queue
[2023-10-04T21:10:08.137+0300] {logging_mixin.py:149} INFO - [2023-10-04T21:10:08.137+0300] {dagbag.py:541} INFO - Filling up the DagBag from /home/paulet/anaconda3/lib/python3.10/site-packages/airflow/example_dags/example_subdag_operator.py
[2023-10-04T21:10:08.166+0300] {processor.py:836} INFO - DAG(s) dict_keys(['example_subdag_operator.section-1', 'example_subdag_operator.section-2', 'example_subdag_operator']) retrieved from /home/paulet/anaconda3/lib/python3.10/site-packages/airflow/example_dags/example_subdag_operator.py
[2023-10-04T21:10:08.189+0300] {logging_mixin.py:149} INFO - [2023-10-04T21:10:08.189+0300] {dag.py:2726} INFO - Sync 3 DAGs
[2023-10-04T21:10:08.214+0300] {logging_mixin.py:149} INFO - [2023-10-04T21:10:08.214+0300] {dag.py:3486} INFO - Setting next_dagrun for example_subdag_operator to 2022-01-01T00:00:00+00:00, run_after=2022-01-01T00:00:00+00:00
[2023-10-04T21:10:08.218+0300] {logging_mixin.py:149} INFO - [2023-10-04T21:10:08.217+0300] {dag.py:3486} INFO - Setting next_dagrun for example_subdag_operator.section-1 to None, run_after=None
[2023-10-04T21:10:08.219+0300] {logging_mixin.py:149} INFO - [2023-10-04T21:10:08.219+0300] {dag.py:3486} INFO - Setting next_dagrun for example_subdag_operator.section-2 to None, run_after=None
[2023-10-04T21:10:08.227+0300] {logging_mixin.py:149} INFO - [2023-10-04T21:10:08.227+0300] {dag.py:2726} INFO - Sync 2 DAGs
[2023-10-04T21:10:08.232+0300] {logging_mixin.py:149} INFO - [2023-10-04T21:10:08.232+0300] {dag.py:3486} INFO - Setting next_dagrun for example_subdag_operator.section-1 to None, run_after=None
[2023-10-04T21:10:08.232+0300] {logging_mixin.py:149} INFO - [2023-10-04T21:10:08.232+0300] {dag.py:3486} INFO - Setting next_dagrun for example_subdag_operator.section-2 to None, run_after=None
[2023-10-04T21:10:08.341+0300] {processor.py:179} INFO - Processing /home/paulet/anaconda3/lib/python3.10/site-packages/airflow/example_dags/example_subdag_operator.py took 0.212 seconds
[2023-10-04T21:52:13.352+0300] {processor.py:157} INFO - Started process (PID=26950) to work on /home/paulet/anaconda3/lib/python3.10/site-packages/airflow/example_dags/example_subdag_operator.py
[2023-10-04T21:52:13.379+0300] {processor.py:826} INFO - Processing file /home/paulet/anaconda3/lib/python3.10/site-packages/airflow/example_dags/example_subdag_operator.py for tasks to queue
[2023-10-04T21:52:13.381+0300] {logging_mixin.py:149} INFO - [2023-10-04T21:52:13.380+0300] {dagbag.py:541} INFO - Filling up the DagBag from /home/paulet/anaconda3/lib/python3.10/site-packages/airflow/example_dags/example_subdag_operator.py
[2023-10-04T21:52:13.428+0300] {processor.py:836} INFO - DAG(s) dict_keys(['example_subdag_operator.section-1', 'example_subdag_operator.section-2', 'example_subdag_operator']) retrieved from /home/paulet/anaconda3/lib/python3.10/site-packages/airflow/example_dags/example_subdag_operator.py
[2023-10-04T21:52:13.459+0300] {logging_mixin.py:149} INFO - [2023-10-04T21:52:13.459+0300] {dag.py:2726} INFO - Sync 3 DAGs
[2023-10-04T21:52:13.487+0300] {logging_mixin.py:149} INFO - [2023-10-04T21:52:13.486+0300] {dag.py:3486} INFO - Setting next_dagrun for example_subdag_operator to 2022-01-01T00:00:00+00:00, run_after=2022-01-01T00:00:00+00:00
[2023-10-04T21:52:13.490+0300] {logging_mixin.py:149} INFO - [2023-10-04T21:52:13.490+0300] {dag.py:3486} INFO - Setting next_dagrun for example_subdag_operator.section-1 to None, run_after=None
[2023-10-04T21:52:13.491+0300] {logging_mixin.py:149} INFO - [2023-10-04T21:52:13.491+0300] {dag.py:3486} INFO - Setting next_dagrun for example_subdag_operator.section-2 to None, run_after=None
[2023-10-04T21:52:13.499+0300] {logging_mixin.py:149} INFO - [2023-10-04T21:52:13.499+0300] {dag.py:2726} INFO - Sync 2 DAGs
[2023-10-04T21:52:13.504+0300] {logging_mixin.py:149} INFO - [2023-10-04T21:52:13.504+0300] {dag.py:3486} INFO - Setting next_dagrun for example_subdag_operator.section-1 to None, run_after=None
[2023-10-04T21:52:13.505+0300] {logging_mixin.py:149} INFO - [2023-10-04T21:52:13.505+0300] {dag.py:3486} INFO - Setting next_dagrun for example_subdag_operator.section-2 to None, run_after=None
[2023-10-04T21:52:13.614+0300] {processor.py:179} INFO - Processing /home/paulet/anaconda3/lib/python3.10/site-packages/airflow/example_dags/example_subdag_operator.py took 0.266 seconds
[2023-10-04T21:53:11.260+0300] {processor.py:157} INFO - Started process (PID=27048) to work on /home/paulet/anaconda3/lib/python3.10/site-packages/airflow/example_dags/example_subdag_operator.py
[2023-10-04T21:53:11.275+0300] {processor.py:826} INFO - Processing file /home/paulet/anaconda3/lib/python3.10/site-packages/airflow/example_dags/example_subdag_operator.py for tasks to queue
[2023-10-04T21:53:11.277+0300] {logging_mixin.py:149} INFO - [2023-10-04T21:53:11.276+0300] {dagbag.py:541} INFO - Filling up the DagBag from /home/paulet/anaconda3/lib/python3.10/site-packages/airflow/example_dags/example_subdag_operator.py
[2023-10-04T21:53:11.306+0300] {processor.py:836} INFO - DAG(s) dict_keys(['example_subdag_operator.section-1', 'example_subdag_operator.section-2', 'example_subdag_operator']) retrieved from /home/paulet/anaconda3/lib/python3.10/site-packages/airflow/example_dags/example_subdag_operator.py
[2023-10-04T21:53:11.331+0300] {logging_mixin.py:149} INFO - [2023-10-04T21:53:11.330+0300] {dag.py:2726} INFO - Sync 3 DAGs
[2023-10-04T21:53:11.354+0300] {logging_mixin.py:149} INFO - [2023-10-04T21:53:11.354+0300] {dag.py:3486} INFO - Setting next_dagrun for example_subdag_operator to 2022-01-01T00:00:00+00:00, run_after=2022-01-01T00:00:00+00:00
[2023-10-04T21:53:11.358+0300] {logging_mixin.py:149} INFO - [2023-10-04T21:53:11.357+0300] {dag.py:3486} INFO - Setting next_dagrun for example_subdag_operator.section-1 to None, run_after=None
[2023-10-04T21:53:11.359+0300] {logging_mixin.py:149} INFO - [2023-10-04T21:53:11.358+0300] {dag.py:3486} INFO - Setting next_dagrun for example_subdag_operator.section-2 to None, run_after=None
[2023-10-04T21:53:11.365+0300] {logging_mixin.py:149} INFO - [2023-10-04T21:53:11.365+0300] {dag.py:2726} INFO - Sync 2 DAGs
[2023-10-04T21:53:11.369+0300] {logging_mixin.py:149} INFO - [2023-10-04T21:53:11.369+0300] {dag.py:3486} INFO - Setting next_dagrun for example_subdag_operator.section-1 to None, run_after=None
[2023-10-04T21:53:11.370+0300] {logging_mixin.py:149} INFO - [2023-10-04T21:53:11.370+0300] {dag.py:3486} INFO - Setting next_dagrun for example_subdag_operator.section-2 to None, run_after=None
[2023-10-04T21:53:11.479+0300] {processor.py:179} INFO - Processing /home/paulet/anaconda3/lib/python3.10/site-packages/airflow/example_dags/example_subdag_operator.py took 0.224 seconds
[2023-10-04T21:54:15.172+0300] {processor.py:157} INFO - Started process (PID=27129) to work on /home/paulet/anaconda3/lib/python3.10/site-packages/airflow/example_dags/example_subdag_operator.py
[2023-10-04T21:54:15.187+0300] {processor.py:826} INFO - Processing file /home/paulet/anaconda3/lib/python3.10/site-packages/airflow/example_dags/example_subdag_operator.py for tasks to queue
[2023-10-04T21:54:15.189+0300] {logging_mixin.py:149} INFO - [2023-10-04T21:54:15.188+0300] {dagbag.py:541} INFO - Filling up the DagBag from /home/paulet/anaconda3/lib/python3.10/site-packages/airflow/example_dags/example_subdag_operator.py
[2023-10-04T21:54:15.215+0300] {processor.py:836} INFO - DAG(s) dict_keys(['example_subdag_operator.section-1', 'example_subdag_operator.section-2', 'example_subdag_operator']) retrieved from /home/paulet/anaconda3/lib/python3.10/site-packages/airflow/example_dags/example_subdag_operator.py
[2023-10-04T21:54:15.237+0300] {logging_mixin.py:149} INFO - [2023-10-04T21:54:15.237+0300] {dag.py:2726} INFO - Sync 3 DAGs
[2023-10-04T21:54:15.260+0300] {logging_mixin.py:149} INFO - [2023-10-04T21:54:15.260+0300] {dag.py:3486} INFO - Setting next_dagrun for example_subdag_operator to 2022-01-01T00:00:00+00:00, run_after=2022-01-01T00:00:00+00:00
[2023-10-04T21:54:15.263+0300] {logging_mixin.py:149} INFO - [2023-10-04T21:54:15.263+0300] {dag.py:3486} INFO - Setting next_dagrun for example_subdag_operator.section-1 to None, run_after=None
[2023-10-04T21:54:15.265+0300] {logging_mixin.py:149} INFO - [2023-10-04T21:54:15.264+0300] {dag.py:3486} INFO - Setting next_dagrun for example_subdag_operator.section-2 to None, run_after=None
[2023-10-04T21:54:15.271+0300] {logging_mixin.py:149} INFO - [2023-10-04T21:54:15.271+0300] {dag.py:2726} INFO - Sync 2 DAGs
[2023-10-04T21:54:15.276+0300] {logging_mixin.py:149} INFO - [2023-10-04T21:54:15.275+0300] {dag.py:3486} INFO - Setting next_dagrun for example_subdag_operator.section-1 to None, run_after=None
[2023-10-04T21:54:15.276+0300] {logging_mixin.py:149} INFO - [2023-10-04T21:54:15.276+0300] {dag.py:3486} INFO - Setting next_dagrun for example_subdag_operator.section-2 to None, run_after=None
[2023-10-04T21:54:15.383+0300] {processor.py:179} INFO - Processing /home/paulet/anaconda3/lib/python3.10/site-packages/airflow/example_dags/example_subdag_operator.py took 0.216 seconds
[2023-10-04T21:55:10.796+0300] {processor.py:157} INFO - Started process (PID=27204) to work on /home/paulet/anaconda3/lib/python3.10/site-packages/airflow/example_dags/example_subdag_operator.py
[2023-10-04T21:55:10.825+0300] {processor.py:826} INFO - Processing file /home/paulet/anaconda3/lib/python3.10/site-packages/airflow/example_dags/example_subdag_operator.py for tasks to queue
[2023-10-04T21:55:10.827+0300] {logging_mixin.py:149} INFO - [2023-10-04T21:55:10.826+0300] {dagbag.py:541} INFO - Filling up the DagBag from /home/paulet/anaconda3/lib/python3.10/site-packages/airflow/example_dags/example_subdag_operator.py
[2023-10-04T21:55:10.856+0300] {processor.py:836} INFO - DAG(s) dict_keys(['example_subdag_operator.section-1', 'example_subdag_operator.section-2', 'example_subdag_operator']) retrieved from /home/paulet/anaconda3/lib/python3.10/site-packages/airflow/example_dags/example_subdag_operator.py
[2023-10-04T21:55:10.881+0300] {logging_mixin.py:149} INFO - [2023-10-04T21:55:10.881+0300] {dag.py:2726} INFO - Sync 3 DAGs
[2023-10-04T21:55:10.905+0300] {logging_mixin.py:149} INFO - [2023-10-04T21:55:10.905+0300] {dag.py:3486} INFO - Setting next_dagrun for example_subdag_operator to 2022-01-01T00:00:00+00:00, run_after=2022-01-01T00:00:00+00:00
[2023-10-04T21:55:10.908+0300] {logging_mixin.py:149} INFO - [2023-10-04T21:55:10.908+0300] {dag.py:3486} INFO - Setting next_dagrun for example_subdag_operator.section-1 to None, run_after=None
[2023-10-04T21:55:10.909+0300] {logging_mixin.py:149} INFO - [2023-10-04T21:55:10.909+0300] {dag.py:3486} INFO - Setting next_dagrun for example_subdag_operator.section-2 to None, run_after=None
[2023-10-04T21:55:10.916+0300] {logging_mixin.py:149} INFO - [2023-10-04T21:55:10.916+0300] {dag.py:2726} INFO - Sync 2 DAGs
[2023-10-04T21:55:10.921+0300] {logging_mixin.py:149} INFO - [2023-10-04T21:55:10.921+0300] {dag.py:3486} INFO - Setting next_dagrun for example_subdag_operator.section-1 to None, run_after=None
[2023-10-04T21:55:10.921+0300] {logging_mixin.py:149} INFO - [2023-10-04T21:55:10.921+0300] {dag.py:3486} INFO - Setting next_dagrun for example_subdag_operator.section-2 to None, run_after=None
[2023-10-04T21:55:11.045+0300] {processor.py:179} INFO - Processing /home/paulet/anaconda3/lib/python3.10/site-packages/airflow/example_dags/example_subdag_operator.py took 0.254 seconds
