[2023-10-04T18:09:23.517+0300] {processor.py:157} INFO - Started process (PID=14107) to work on /home/paulet/anaconda3/lib/python3.10/site-packages/airflow/example_dags/example_skip_dag.py
[2023-10-04T18:09:23.518+0300] {processor.py:826} INFO - Processing file /home/paulet/anaconda3/lib/python3.10/site-packages/airflow/example_dags/example_skip_dag.py for tasks to queue
[2023-10-04T18:09:23.519+0300] {logging_mixin.py:149} INFO - [2023-10-04T18:09:23.519+0300] {dagbag.py:541} INFO - Filling up the DagBag from /home/paulet/anaconda3/lib/python3.10/site-packages/airflow/example_dags/example_skip_dag.py
[2023-10-04T18:09:23.533+0300] {processor.py:836} INFO - DAG(s) dict_keys(['example_skip_dag']) retrieved from /home/paulet/anaconda3/lib/python3.10/site-packages/airflow/example_dags/example_skip_dag.py
[2023-10-04T18:09:24.103+0300] {logging_mixin.py:149} INFO - [2023-10-04T18:09:24.102+0300] {manager.py:504} INFO - Created Permission View: can edit on DAG:example_skip_dag
[2023-10-04T18:09:24.224+0300] {logging_mixin.py:149} INFO - [2023-10-04T18:09:24.224+0300] {manager.py:504} INFO - Created Permission View: can read on DAG:example_skip_dag
[2023-10-04T18:09:24.335+0300] {logging_mixin.py:149} INFO - [2023-10-04T18:09:24.335+0300] {manager.py:504} INFO - Created Permission View: can delete on DAG:example_skip_dag
[2023-10-04T18:09:24.336+0300] {logging_mixin.py:149} INFO - [2023-10-04T18:09:24.335+0300] {dag.py:2726} INFO - Sync 1 DAGs
[2023-10-04T18:09:24.354+0300] {logging_mixin.py:149} INFO - [2023-10-04T18:09:24.353+0300] {dag.py:2747} INFO - Creating ORM DAG for example_skip_dag
[2023-10-04T18:09:24.366+0300] {logging_mixin.py:149} INFO - [2023-10-04T18:09:24.366+0300] {dag.py:3486} INFO - Setting next_dagrun for example_skip_dag to 2023-10-03T15:09:24.365839+00:00, run_after=2023-10-04T15:09:24.365839+00:00
[2023-10-04T18:09:24.547+0300] {processor.py:179} INFO - Processing /home/paulet/anaconda3/lib/python3.10/site-packages/airflow/example_dags/example_skip_dag.py took 1.035 seconds
[2023-10-04T18:11:03.905+0300] {processor.py:157} INFO - Started process (PID=14624) to work on /home/paulet/anaconda3/lib/python3.10/site-packages/airflow/example_dags/example_skip_dag.py
[2023-10-04T18:11:03.906+0300] {processor.py:826} INFO - Processing file /home/paulet/anaconda3/lib/python3.10/site-packages/airflow/example_dags/example_skip_dag.py for tasks to queue
[2023-10-04T18:11:03.907+0300] {logging_mixin.py:149} INFO - [2023-10-04T18:11:03.907+0300] {dagbag.py:541} INFO - Filling up the DagBag from /home/paulet/anaconda3/lib/python3.10/site-packages/airflow/example_dags/example_skip_dag.py
[2023-10-04T18:11:03.916+0300] {processor.py:836} INFO - DAG(s) dict_keys(['example_skip_dag']) retrieved from /home/paulet/anaconda3/lib/python3.10/site-packages/airflow/example_dags/example_skip_dag.py
[2023-10-04T18:11:03.942+0300] {logging_mixin.py:149} INFO - [2023-10-04T18:11:03.942+0300] {dag.py:2726} INFO - Sync 1 DAGs
[2023-10-04T18:11:03.967+0300] {logging_mixin.py:149} INFO - [2023-10-04T18:11:03.967+0300] {dag.py:3486} INFO - Setting next_dagrun for example_skip_dag to 2023-10-03T15:11:03.966875+00:00, run_after=2023-10-04T15:11:03.966875+00:00
[2023-10-04T18:11:04.111+0300] {processor.py:179} INFO - Processing /home/paulet/anaconda3/lib/python3.10/site-packages/airflow/example_dags/example_skip_dag.py took 0.209 seconds
[2023-10-04T18:12:23.113+0300] {processor.py:157} INFO - Started process (PID=15115) to work on /home/paulet/anaconda3/lib/python3.10/site-packages/airflow/example_dags/example_skip_dag.py
[2023-10-04T18:12:23.114+0300] {processor.py:826} INFO - Processing file /home/paulet/anaconda3/lib/python3.10/site-packages/airflow/example_dags/example_skip_dag.py for tasks to queue
[2023-10-04T18:12:23.115+0300] {logging_mixin.py:149} INFO - [2023-10-04T18:12:23.115+0300] {dagbag.py:541} INFO - Filling up the DagBag from /home/paulet/anaconda3/lib/python3.10/site-packages/airflow/example_dags/example_skip_dag.py
[2023-10-04T18:12:23.126+0300] {processor.py:836} INFO - DAG(s) dict_keys(['example_skip_dag']) retrieved from /home/paulet/anaconda3/lib/python3.10/site-packages/airflow/example_dags/example_skip_dag.py
[2023-10-04T18:12:23.151+0300] {logging_mixin.py:149} INFO - [2023-10-04T18:12:23.151+0300] {dag.py:2726} INFO - Sync 1 DAGs
[2023-10-04T18:12:23.174+0300] {logging_mixin.py:149} INFO - [2023-10-04T18:12:23.174+0300] {dag.py:3486} INFO - Setting next_dagrun for example_skip_dag to 2023-10-03T15:12:23.174405+00:00, run_after=2023-10-04T15:12:23.174405+00:00
[2023-10-04T18:12:23.336+0300] {processor.py:179} INFO - Processing /home/paulet/anaconda3/lib/python3.10/site-packages/airflow/example_dags/example_skip_dag.py took 0.227 seconds
[2023-10-04T18:14:39.965+0300] {processor.py:157} INFO - Started process (PID=16049) to work on /home/paulet/anaconda3/lib/python3.10/site-packages/airflow/example_dags/example_skip_dag.py
[2023-10-04T18:14:39.966+0300] {processor.py:826} INFO - Processing file /home/paulet/anaconda3/lib/python3.10/site-packages/airflow/example_dags/example_skip_dag.py for tasks to queue
[2023-10-04T18:14:39.966+0300] {logging_mixin.py:149} INFO - [2023-10-04T18:14:39.966+0300] {dagbag.py:541} INFO - Filling up the DagBag from /home/paulet/anaconda3/lib/python3.10/site-packages/airflow/example_dags/example_skip_dag.py
[2023-10-04T18:14:39.975+0300] {processor.py:836} INFO - DAG(s) dict_keys(['example_skip_dag']) retrieved from /home/paulet/anaconda3/lib/python3.10/site-packages/airflow/example_dags/example_skip_dag.py
[2023-10-04T18:14:39.999+0300] {logging_mixin.py:149} INFO - [2023-10-04T18:14:39.998+0300] {dag.py:2726} INFO - Sync 1 DAGs
[2023-10-04T18:14:40.025+0300] {logging_mixin.py:149} INFO - [2023-10-04T18:14:40.024+0300] {dag.py:3486} INFO - Setting next_dagrun for example_skip_dag to 2023-10-03T15:14:40.024641+00:00, run_after=2023-10-04T15:14:40.024641+00:00
[2023-10-04T18:14:40.174+0300] {processor.py:179} INFO - Processing /home/paulet/anaconda3/lib/python3.10/site-packages/airflow/example_dags/example_skip_dag.py took 0.213 seconds
[2023-10-04T18:15:35.173+0300] {processor.py:157} INFO - Started process (PID=16109) to work on /home/paulet/anaconda3/lib/python3.10/site-packages/airflow/example_dags/example_skip_dag.py
[2023-10-04T18:15:35.174+0300] {processor.py:826} INFO - Processing file /home/paulet/anaconda3/lib/python3.10/site-packages/airflow/example_dags/example_skip_dag.py for tasks to queue
[2023-10-04T18:15:35.175+0300] {logging_mixin.py:149} INFO - [2023-10-04T18:15:35.175+0300] {dagbag.py:541} INFO - Filling up the DagBag from /home/paulet/anaconda3/lib/python3.10/site-packages/airflow/example_dags/example_skip_dag.py
[2023-10-04T18:15:35.185+0300] {processor.py:836} INFO - DAG(s) dict_keys(['example_skip_dag']) retrieved from /home/paulet/anaconda3/lib/python3.10/site-packages/airflow/example_dags/example_skip_dag.py
[2023-10-04T18:15:35.211+0300] {logging_mixin.py:149} INFO - [2023-10-04T18:15:35.211+0300] {dag.py:2726} INFO - Sync 1 DAGs
[2023-10-04T18:15:35.235+0300] {logging_mixin.py:149} INFO - [2023-10-04T18:15:35.235+0300] {dag.py:3486} INFO - Setting next_dagrun for example_skip_dag to 2023-10-03T15:15:35.235138+00:00, run_after=2023-10-04T15:15:35.235138+00:00
[2023-10-04T18:15:35.385+0300] {processor.py:179} INFO - Processing /home/paulet/anaconda3/lib/python3.10/site-packages/airflow/example_dags/example_skip_dag.py took 0.217 seconds
[2023-10-04T18:16:33.304+0300] {processor.py:157} INFO - Started process (PID=16168) to work on /home/paulet/anaconda3/lib/python3.10/site-packages/airflow/example_dags/example_skip_dag.py
[2023-10-04T18:16:33.373+0300] {processor.py:826} INFO - Processing file /home/paulet/anaconda3/lib/python3.10/site-packages/airflow/example_dags/example_skip_dag.py for tasks to queue
[2023-10-04T18:16:33.375+0300] {logging_mixin.py:149} INFO - [2023-10-04T18:16:33.374+0300] {dagbag.py:541} INFO - Filling up the DagBag from /home/paulet/anaconda3/lib/python3.10/site-packages/airflow/example_dags/example_skip_dag.py
[2023-10-04T18:16:33.385+0300] {processor.py:836} INFO - DAG(s) dict_keys(['example_skip_dag']) retrieved from /home/paulet/anaconda3/lib/python3.10/site-packages/airflow/example_dags/example_skip_dag.py
[2023-10-04T18:16:33.414+0300] {logging_mixin.py:149} INFO - [2023-10-04T18:16:33.414+0300] {dag.py:2726} INFO - Sync 1 DAGs
[2023-10-04T18:16:33.442+0300] {logging_mixin.py:149} INFO - [2023-10-04T18:16:33.442+0300] {dag.py:3486} INFO - Setting next_dagrun for example_skip_dag to 2023-10-03T15:16:33.441923+00:00, run_after=2023-10-04T15:16:33.441923+00:00
[2023-10-04T18:16:33.747+0300] {processor.py:179} INFO - Processing /home/paulet/anaconda3/lib/python3.10/site-packages/airflow/example_dags/example_skip_dag.py took 0.446 seconds
[2023-10-04T18:17:32.524+0300] {processor.py:157} INFO - Started process (PID=16239) to work on /home/paulet/anaconda3/lib/python3.10/site-packages/airflow/example_dags/example_skip_dag.py
[2023-10-04T18:17:32.526+0300] {processor.py:826} INFO - Processing file /home/paulet/anaconda3/lib/python3.10/site-packages/airflow/example_dags/example_skip_dag.py for tasks to queue
[2023-10-04T18:17:32.527+0300] {logging_mixin.py:149} INFO - [2023-10-04T18:17:32.527+0300] {dagbag.py:541} INFO - Filling up the DagBag from /home/paulet/anaconda3/lib/python3.10/site-packages/airflow/example_dags/example_skip_dag.py
[2023-10-04T18:17:32.537+0300] {processor.py:836} INFO - DAG(s) dict_keys(['example_skip_dag']) retrieved from /home/paulet/anaconda3/lib/python3.10/site-packages/airflow/example_dags/example_skip_dag.py
[2023-10-04T18:17:32.563+0300] {logging_mixin.py:149} INFO - [2023-10-04T18:17:32.563+0300] {dag.py:2726} INFO - Sync 1 DAGs
[2023-10-04T18:17:32.587+0300] {logging_mixin.py:149} INFO - [2023-10-04T18:17:32.587+0300] {dag.py:3486} INFO - Setting next_dagrun for example_skip_dag to 2023-10-03T15:17:32.587094+00:00, run_after=2023-10-04T15:17:32.587094+00:00
[2023-10-04T18:17:33.151+0300] {processor.py:179} INFO - Processing /home/paulet/anaconda3/lib/python3.10/site-packages/airflow/example_dags/example_skip_dag.py took 0.631 seconds
[2023-10-04T21:00:36.361+0300] {processor.py:157} INFO - Started process (PID=22432) to work on /home/paulet/anaconda3/lib/python3.10/site-packages/airflow/example_dags/example_skip_dag.py
[2023-10-04T21:00:36.362+0300] {processor.py:826} INFO - Processing file /home/paulet/anaconda3/lib/python3.10/site-packages/airflow/example_dags/example_skip_dag.py for tasks to queue
[2023-10-04T21:00:36.363+0300] {logging_mixin.py:149} INFO - [2023-10-04T21:00:36.363+0300] {dagbag.py:541} INFO - Filling up the DagBag from /home/paulet/anaconda3/lib/python3.10/site-packages/airflow/example_dags/example_skip_dag.py
[2023-10-04T21:00:36.376+0300] {processor.py:836} INFO - DAG(s) dict_keys(['example_skip_dag']) retrieved from /home/paulet/anaconda3/lib/python3.10/site-packages/airflow/example_dags/example_skip_dag.py
[2023-10-04T21:00:36.402+0300] {logging_mixin.py:149} INFO - [2023-10-04T21:00:36.402+0300] {dag.py:2726} INFO - Sync 1 DAGs
[2023-10-04T21:00:36.426+0300] {logging_mixin.py:149} INFO - [2023-10-04T21:00:36.426+0300] {dag.py:3486} INFO - Setting next_dagrun for example_skip_dag to 2023-10-03T18:00:36.426090+00:00, run_after=2023-10-04T18:00:36.426090+00:00
[2023-10-04T21:00:36.599+0300] {processor.py:179} INFO - Processing /home/paulet/anaconda3/lib/python3.10/site-packages/airflow/example_dags/example_skip_dag.py took 0.242 seconds
[2023-10-04T21:01:44.337+0300] {processor.py:157} INFO - Started process (PID=22613) to work on /home/paulet/anaconda3/lib/python3.10/site-packages/airflow/example_dags/example_skip_dag.py
[2023-10-04T21:01:44.339+0300] {processor.py:826} INFO - Processing file /home/paulet/anaconda3/lib/python3.10/site-packages/airflow/example_dags/example_skip_dag.py for tasks to queue
[2023-10-04T21:01:44.340+0300] {logging_mixin.py:149} INFO - [2023-10-04T21:01:44.340+0300] {dagbag.py:541} INFO - Filling up the DagBag from /home/paulet/anaconda3/lib/python3.10/site-packages/airflow/example_dags/example_skip_dag.py
[2023-10-04T21:01:44.350+0300] {processor.py:836} INFO - DAG(s) dict_keys(['example_skip_dag']) retrieved from /home/paulet/anaconda3/lib/python3.10/site-packages/airflow/example_dags/example_skip_dag.py
[2023-10-04T21:01:44.376+0300] {logging_mixin.py:149} INFO - [2023-10-04T21:01:44.376+0300] {dag.py:2726} INFO - Sync 1 DAGs
[2023-10-04T21:01:44.399+0300] {logging_mixin.py:149} INFO - [2023-10-04T21:01:44.399+0300] {dag.py:3486} INFO - Setting next_dagrun for example_skip_dag to 2023-10-03T18:01:44.399061+00:00, run_after=2023-10-04T18:01:44.399061+00:00
[2023-10-04T21:01:44.543+0300] {processor.py:179} INFO - Processing /home/paulet/anaconda3/lib/python3.10/site-packages/airflow/example_dags/example_skip_dag.py took 0.210 seconds
[2023-10-04T21:02:46.649+0300] {processor.py:157} INFO - Started process (PID=22678) to work on /home/paulet/anaconda3/lib/python3.10/site-packages/airflow/example_dags/example_skip_dag.py
[2023-10-04T21:02:46.683+0300] {processor.py:826} INFO - Processing file /home/paulet/anaconda3/lib/python3.10/site-packages/airflow/example_dags/example_skip_dag.py for tasks to queue
[2023-10-04T21:02:46.684+0300] {logging_mixin.py:149} INFO - [2023-10-04T21:02:46.684+0300] {dagbag.py:541} INFO - Filling up the DagBag from /home/paulet/anaconda3/lib/python3.10/site-packages/airflow/example_dags/example_skip_dag.py
[2023-10-04T21:02:46.695+0300] {processor.py:836} INFO - DAG(s) dict_keys(['example_skip_dag']) retrieved from /home/paulet/anaconda3/lib/python3.10/site-packages/airflow/example_dags/example_skip_dag.py
[2023-10-04T21:02:46.726+0300] {logging_mixin.py:149} INFO - [2023-10-04T21:02:46.726+0300] {dag.py:2726} INFO - Sync 1 DAGs
[2023-10-04T21:02:46.751+0300] {logging_mixin.py:149} INFO - [2023-10-04T21:02:46.751+0300] {dag.py:3486} INFO - Setting next_dagrun for example_skip_dag to 2023-10-03T18:02:46.751163+00:00, run_after=2023-10-04T18:02:46.751163+00:00
[2023-10-04T21:02:46.907+0300] {processor.py:179} INFO - Processing /home/paulet/anaconda3/lib/python3.10/site-packages/airflow/example_dags/example_skip_dag.py took 0.262 seconds
[2023-10-04T21:03:44.137+0300] {processor.py:157} INFO - Started process (PID=22729) to work on /home/paulet/anaconda3/lib/python3.10/site-packages/airflow/example_dags/example_skip_dag.py
[2023-10-04T21:03:44.147+0300] {processor.py:826} INFO - Processing file /home/paulet/anaconda3/lib/python3.10/site-packages/airflow/example_dags/example_skip_dag.py for tasks to queue
[2023-10-04T21:03:44.148+0300] {logging_mixin.py:149} INFO - [2023-10-04T21:03:44.148+0300] {dagbag.py:541} INFO - Filling up the DagBag from /home/paulet/anaconda3/lib/python3.10/site-packages/airflow/example_dags/example_skip_dag.py
[2023-10-04T21:03:44.160+0300] {processor.py:836} INFO - DAG(s) dict_keys(['example_skip_dag']) retrieved from /home/paulet/anaconda3/lib/python3.10/site-packages/airflow/example_dags/example_skip_dag.py
[2023-10-04T21:03:44.188+0300] {logging_mixin.py:149} INFO - [2023-10-04T21:03:44.188+0300] {dag.py:2726} INFO - Sync 1 DAGs
[2023-10-04T21:03:44.213+0300] {logging_mixin.py:149} INFO - [2023-10-04T21:03:44.212+0300] {dag.py:3486} INFO - Setting next_dagrun for example_skip_dag to 2023-10-03T18:03:44.212669+00:00, run_after=2023-10-04T18:03:44.212669+00:00
[2023-10-04T21:03:44.366+0300] {processor.py:179} INFO - Processing /home/paulet/anaconda3/lib/python3.10/site-packages/airflow/example_dags/example_skip_dag.py took 0.234 seconds
[2023-10-04T21:04:41.401+0300] {processor.py:157} INFO - Started process (PID=22803) to work on /home/paulet/anaconda3/lib/python3.10/site-packages/airflow/example_dags/example_skip_dag.py
[2023-10-04T21:04:41.412+0300] {processor.py:826} INFO - Processing file /home/paulet/anaconda3/lib/python3.10/site-packages/airflow/example_dags/example_skip_dag.py for tasks to queue
[2023-10-04T21:04:41.413+0300] {logging_mixin.py:149} INFO - [2023-10-04T21:04:41.413+0300] {dagbag.py:541} INFO - Filling up the DagBag from /home/paulet/anaconda3/lib/python3.10/site-packages/airflow/example_dags/example_skip_dag.py
[2023-10-04T21:04:41.424+0300] {processor.py:836} INFO - DAG(s) dict_keys(['example_skip_dag']) retrieved from /home/paulet/anaconda3/lib/python3.10/site-packages/airflow/example_dags/example_skip_dag.py
[2023-10-04T21:04:41.451+0300] {logging_mixin.py:149} INFO - [2023-10-04T21:04:41.451+0300] {dag.py:2726} INFO - Sync 1 DAGs
[2023-10-04T21:04:41.474+0300] {logging_mixin.py:149} INFO - [2023-10-04T21:04:41.474+0300] {dag.py:3486} INFO - Setting next_dagrun for example_skip_dag to 2023-10-03T18:04:41.474058+00:00, run_after=2023-10-04T18:04:41.474058+00:00
[2023-10-04T21:04:41.625+0300] {processor.py:179} INFO - Processing /home/paulet/anaconda3/lib/python3.10/site-packages/airflow/example_dags/example_skip_dag.py took 0.229 seconds
[2023-10-04T21:05:37.161+0300] {processor.py:157} INFO - Started process (PID=22878) to work on /home/paulet/anaconda3/lib/python3.10/site-packages/airflow/example_dags/example_skip_dag.py
[2023-10-04T21:05:37.162+0300] {processor.py:826} INFO - Processing file /home/paulet/anaconda3/lib/python3.10/site-packages/airflow/example_dags/example_skip_dag.py for tasks to queue
[2023-10-04T21:05:37.163+0300] {logging_mixin.py:149} INFO - [2023-10-04T21:05:37.163+0300] {dagbag.py:541} INFO - Filling up the DagBag from /home/paulet/anaconda3/lib/python3.10/site-packages/airflow/example_dags/example_skip_dag.py
[2023-10-04T21:05:37.174+0300] {processor.py:836} INFO - DAG(s) dict_keys(['example_skip_dag']) retrieved from /home/paulet/anaconda3/lib/python3.10/site-packages/airflow/example_dags/example_skip_dag.py
[2023-10-04T21:05:37.198+0300] {logging_mixin.py:149} INFO - [2023-10-04T21:05:37.198+0300] {dag.py:2726} INFO - Sync 1 DAGs
[2023-10-04T21:05:37.221+0300] {logging_mixin.py:149} INFO - [2023-10-04T21:05:37.221+0300] {dag.py:3486} INFO - Setting next_dagrun for example_skip_dag to 2023-10-03T18:05:37.221151+00:00, run_after=2023-10-04T18:05:37.221151+00:00
[2023-10-04T21:05:37.392+0300] {processor.py:179} INFO - Processing /home/paulet/anaconda3/lib/python3.10/site-packages/airflow/example_dags/example_skip_dag.py took 0.235 seconds
[2023-10-04T21:06:35.699+0300] {processor.py:157} INFO - Started process (PID=22931) to work on /home/paulet/anaconda3/lib/python3.10/site-packages/airflow/example_dags/example_skip_dag.py
[2023-10-04T21:06:35.701+0300] {processor.py:826} INFO - Processing file /home/paulet/anaconda3/lib/python3.10/site-packages/airflow/example_dags/example_skip_dag.py for tasks to queue
[2023-10-04T21:06:35.702+0300] {logging_mixin.py:149} INFO - [2023-10-04T21:06:35.701+0300] {dagbag.py:541} INFO - Filling up the DagBag from /home/paulet/anaconda3/lib/python3.10/site-packages/airflow/example_dags/example_skip_dag.py
[2023-10-04T21:06:35.710+0300] {processor.py:836} INFO - DAG(s) dict_keys(['example_skip_dag']) retrieved from /home/paulet/anaconda3/lib/python3.10/site-packages/airflow/example_dags/example_skip_dag.py
[2023-10-04T21:06:35.732+0300] {logging_mixin.py:149} INFO - [2023-10-04T21:06:35.732+0300] {dag.py:2726} INFO - Sync 1 DAGs
[2023-10-04T21:06:35.755+0300] {logging_mixin.py:149} INFO - [2023-10-04T21:06:35.755+0300] {dag.py:3486} INFO - Setting next_dagrun for example_skip_dag to 2023-10-03T18:06:35.755327+00:00, run_after=2023-10-04T18:06:35.755327+00:00
[2023-10-04T21:06:35.906+0300] {processor.py:179} INFO - Processing /home/paulet/anaconda3/lib/python3.10/site-packages/airflow/example_dags/example_skip_dag.py took 0.210 seconds
[2023-10-04T21:07:27.988+0300] {processor.py:157} INFO - Started process (PID=22980) to work on /home/paulet/anaconda3/lib/python3.10/site-packages/airflow/example_dags/example_skip_dag.py
[2023-10-04T21:07:27.990+0300] {processor.py:826} INFO - Processing file /home/paulet/anaconda3/lib/python3.10/site-packages/airflow/example_dags/example_skip_dag.py for tasks to queue
[2023-10-04T21:07:27.991+0300] {logging_mixin.py:149} INFO - [2023-10-04T21:07:27.991+0300] {dagbag.py:541} INFO - Filling up the DagBag from /home/paulet/anaconda3/lib/python3.10/site-packages/airflow/example_dags/example_skip_dag.py
[2023-10-04T21:07:28.001+0300] {processor.py:836} INFO - DAG(s) dict_keys(['example_skip_dag']) retrieved from /home/paulet/anaconda3/lib/python3.10/site-packages/airflow/example_dags/example_skip_dag.py
[2023-10-04T21:07:28.026+0300] {logging_mixin.py:149} INFO - [2023-10-04T21:07:28.026+0300] {dag.py:2726} INFO - Sync 1 DAGs
[2023-10-04T21:07:28.049+0300] {logging_mixin.py:149} INFO - [2023-10-04T21:07:28.049+0300] {dag.py:3486} INFO - Setting next_dagrun for example_skip_dag to 2023-10-03T18:07:28.049116+00:00, run_after=2023-10-04T18:07:28.049116+00:00
[2023-10-04T21:07:28.184+0300] {processor.py:179} INFO - Processing /home/paulet/anaconda3/lib/python3.10/site-packages/airflow/example_dags/example_skip_dag.py took 0.200 seconds
[2023-10-04T21:08:15.428+0300] {processor.py:157} INFO - Started process (PID=23024) to work on /home/paulet/anaconda3/lib/python3.10/site-packages/airflow/example_dags/example_skip_dag.py
[2023-10-04T21:08:15.438+0300] {processor.py:826} INFO - Processing file /home/paulet/anaconda3/lib/python3.10/site-packages/airflow/example_dags/example_skip_dag.py for tasks to queue
[2023-10-04T21:08:15.440+0300] {logging_mixin.py:149} INFO - [2023-10-04T21:08:15.439+0300] {dagbag.py:541} INFO - Filling up the DagBag from /home/paulet/anaconda3/lib/python3.10/site-packages/airflow/example_dags/example_skip_dag.py
[2023-10-04T21:08:15.450+0300] {processor.py:836} INFO - DAG(s) dict_keys(['example_skip_dag']) retrieved from /home/paulet/anaconda3/lib/python3.10/site-packages/airflow/example_dags/example_skip_dag.py
[2023-10-04T21:08:15.477+0300] {logging_mixin.py:149} INFO - [2023-10-04T21:08:15.477+0300] {dag.py:2726} INFO - Sync 1 DAGs
[2023-10-04T21:08:15.501+0300] {logging_mixin.py:149} INFO - [2023-10-04T21:08:15.501+0300] {dag.py:3486} INFO - Setting next_dagrun for example_skip_dag to 2023-10-03T18:08:15.501249+00:00, run_after=2023-10-04T18:08:15.501249+00:00
[2023-10-04T21:08:15.662+0300] {processor.py:179} INFO - Processing /home/paulet/anaconda3/lib/python3.10/site-packages/airflow/example_dags/example_skip_dag.py took 0.238 seconds
[2023-10-04T21:09:06.352+0300] {processor.py:157} INFO - Started process (PID=23090) to work on /home/paulet/anaconda3/lib/python3.10/site-packages/airflow/example_dags/example_skip_dag.py
[2023-10-04T21:09:06.360+0300] {processor.py:826} INFO - Processing file /home/paulet/anaconda3/lib/python3.10/site-packages/airflow/example_dags/example_skip_dag.py for tasks to queue
[2023-10-04T21:09:06.362+0300] {logging_mixin.py:149} INFO - [2023-10-04T21:09:06.361+0300] {dagbag.py:541} INFO - Filling up the DagBag from /home/paulet/anaconda3/lib/python3.10/site-packages/airflow/example_dags/example_skip_dag.py
[2023-10-04T21:09:06.372+0300] {processor.py:836} INFO - DAG(s) dict_keys(['example_skip_dag']) retrieved from /home/paulet/anaconda3/lib/python3.10/site-packages/airflow/example_dags/example_skip_dag.py
[2023-10-04T21:09:06.400+0300] {logging_mixin.py:149} INFO - [2023-10-04T21:09:06.399+0300] {dag.py:2726} INFO - Sync 1 DAGs
[2023-10-04T21:09:06.423+0300] {logging_mixin.py:149} INFO - [2023-10-04T21:09:06.423+0300] {dag.py:3486} INFO - Setting next_dagrun for example_skip_dag to 2023-10-03T18:09:06.422862+00:00, run_after=2023-10-04T18:09:06.422862+00:00
[2023-10-04T21:09:06.564+0300] {processor.py:179} INFO - Processing /home/paulet/anaconda3/lib/python3.10/site-packages/airflow/example_dags/example_skip_dag.py took 0.216 seconds
[2023-10-04T21:09:58.179+0300] {processor.py:157} INFO - Started process (PID=23178) to work on /home/paulet/anaconda3/lib/python3.10/site-packages/airflow/example_dags/example_skip_dag.py
[2023-10-04T21:09:58.190+0300] {processor.py:826} INFO - Processing file /home/paulet/anaconda3/lib/python3.10/site-packages/airflow/example_dags/example_skip_dag.py for tasks to queue
[2023-10-04T21:09:58.191+0300] {logging_mixin.py:149} INFO - [2023-10-04T21:09:58.191+0300] {dagbag.py:541} INFO - Filling up the DagBag from /home/paulet/anaconda3/lib/python3.10/site-packages/airflow/example_dags/example_skip_dag.py
[2023-10-04T21:09:58.203+0300] {processor.py:836} INFO - DAG(s) dict_keys(['example_skip_dag']) retrieved from /home/paulet/anaconda3/lib/python3.10/site-packages/airflow/example_dags/example_skip_dag.py
[2023-10-04T21:09:58.229+0300] {logging_mixin.py:149} INFO - [2023-10-04T21:09:58.229+0300] {dag.py:2726} INFO - Sync 1 DAGs
[2023-10-04T21:09:58.254+0300] {logging_mixin.py:149} INFO - [2023-10-04T21:09:58.254+0300] {dag.py:3486} INFO - Setting next_dagrun for example_skip_dag to 2023-10-03T18:09:58.254137+00:00, run_after=2023-10-04T18:09:58.254137+00:00
[2023-10-04T21:09:58.396+0300] {processor.py:179} INFO - Processing /home/paulet/anaconda3/lib/python3.10/site-packages/airflow/example_dags/example_skip_dag.py took 0.222 seconds
[2023-10-04T21:10:47.432+0300] {processor.py:157} INFO - Started process (PID=23264) to work on /home/paulet/anaconda3/lib/python3.10/site-packages/airflow/example_dags/example_skip_dag.py
[2023-10-04T21:10:47.434+0300] {processor.py:826} INFO - Processing file /home/paulet/anaconda3/lib/python3.10/site-packages/airflow/example_dags/example_skip_dag.py for tasks to queue
[2023-10-04T21:10:47.435+0300] {logging_mixin.py:149} INFO - [2023-10-04T21:10:47.435+0300] {dagbag.py:541} INFO - Filling up the DagBag from /home/paulet/anaconda3/lib/python3.10/site-packages/airflow/example_dags/example_skip_dag.py
[2023-10-04T21:10:47.445+0300] {processor.py:836} INFO - DAG(s) dict_keys(['example_skip_dag']) retrieved from /home/paulet/anaconda3/lib/python3.10/site-packages/airflow/example_dags/example_skip_dag.py
[2023-10-04T21:10:47.472+0300] {logging_mixin.py:149} INFO - [2023-10-04T21:10:47.472+0300] {dag.py:2726} INFO - Sync 1 DAGs
[2023-10-04T21:10:47.499+0300] {logging_mixin.py:149} INFO - [2023-10-04T21:10:47.499+0300] {dag.py:3486} INFO - Setting next_dagrun for example_skip_dag to 2023-10-03T18:10:47.499092+00:00, run_after=2023-10-04T18:10:47.499092+00:00
[2023-10-04T21:10:47.642+0300] {processor.py:179} INFO - Processing /home/paulet/anaconda3/lib/python3.10/site-packages/airflow/example_dags/example_skip_dag.py took 0.215 seconds
[2023-10-04T21:52:00.035+0300] {processor.py:157} INFO - Started process (PID=26941) to work on /home/paulet/anaconda3/lib/python3.10/site-packages/airflow/example_dags/example_skip_dag.py
[2023-10-04T21:52:00.060+0300] {processor.py:826} INFO - Processing file /home/paulet/anaconda3/lib/python3.10/site-packages/airflow/example_dags/example_skip_dag.py for tasks to queue
[2023-10-04T21:52:00.061+0300] {logging_mixin.py:149} INFO - [2023-10-04T21:52:00.061+0300] {dagbag.py:541} INFO - Filling up the DagBag from /home/paulet/anaconda3/lib/python3.10/site-packages/airflow/example_dags/example_skip_dag.py
[2023-10-04T21:52:00.079+0300] {processor.py:836} INFO - DAG(s) dict_keys(['example_skip_dag']) retrieved from /home/paulet/anaconda3/lib/python3.10/site-packages/airflow/example_dags/example_skip_dag.py
[2023-10-04T21:52:00.851+0300] {logging_mixin.py:149} INFO - [2023-10-04T21:52:00.851+0300] {dag.py:2726} INFO - Sync 1 DAGs
[2023-10-04T21:52:01.018+0300] {logging_mixin.py:149} INFO - [2023-10-04T21:52:01.018+0300] {dag.py:3486} INFO - Setting next_dagrun for example_skip_dag to 2023-10-03T18:52:01.018296+00:00, run_after=2023-10-04T18:52:01.018296+00:00
[2023-10-04T21:52:01.205+0300] {processor.py:179} INFO - Processing /home/paulet/anaconda3/lib/python3.10/site-packages/airflow/example_dags/example_skip_dag.py took 1.173 seconds
[2023-10-04T21:52:59.699+0300] {processor.py:157} INFO - Started process (PID=27039) to work on /home/paulet/anaconda3/lib/python3.10/site-packages/airflow/example_dags/example_skip_dag.py
[2023-10-04T21:52:59.727+0300] {processor.py:826} INFO - Processing file /home/paulet/anaconda3/lib/python3.10/site-packages/airflow/example_dags/example_skip_dag.py for tasks to queue
[2023-10-04T21:52:59.728+0300] {logging_mixin.py:149} INFO - [2023-10-04T21:52:59.728+0300] {dagbag.py:541} INFO - Filling up the DagBag from /home/paulet/anaconda3/lib/python3.10/site-packages/airflow/example_dags/example_skip_dag.py
[2023-10-04T21:52:59.738+0300] {processor.py:836} INFO - DAG(s) dict_keys(['example_skip_dag']) retrieved from /home/paulet/anaconda3/lib/python3.10/site-packages/airflow/example_dags/example_skip_dag.py
[2023-10-04T21:52:59.766+0300] {logging_mixin.py:149} INFO - [2023-10-04T21:52:59.766+0300] {dag.py:2726} INFO - Sync 1 DAGs
[2023-10-04T21:52:59.791+0300] {logging_mixin.py:149} INFO - [2023-10-04T21:52:59.791+0300] {dag.py:3486} INFO - Setting next_dagrun for example_skip_dag to 2023-10-03T18:52:59.791027+00:00, run_after=2023-10-04T18:52:59.791027+00:00
[2023-10-04T21:52:59.968+0300] {processor.py:179} INFO - Processing /home/paulet/anaconda3/lib/python3.10/site-packages/airflow/example_dags/example_skip_dag.py took 0.273 seconds
[2023-10-04T21:54:01.448+0300] {processor.py:157} INFO - Started process (PID=27118) to work on /home/paulet/anaconda3/lib/python3.10/site-packages/airflow/example_dags/example_skip_dag.py
[2023-10-04T21:54:01.490+0300] {processor.py:826} INFO - Processing file /home/paulet/anaconda3/lib/python3.10/site-packages/airflow/example_dags/example_skip_dag.py for tasks to queue
[2023-10-04T21:54:01.491+0300] {logging_mixin.py:149} INFO - [2023-10-04T21:54:01.491+0300] {dagbag.py:541} INFO - Filling up the DagBag from /home/paulet/anaconda3/lib/python3.10/site-packages/airflow/example_dags/example_skip_dag.py
[2023-10-04T21:54:01.500+0300] {processor.py:836} INFO - DAG(s) dict_keys(['example_skip_dag']) retrieved from /home/paulet/anaconda3/lib/python3.10/site-packages/airflow/example_dags/example_skip_dag.py
[2023-10-04T21:54:01.536+0300] {logging_mixin.py:149} INFO - [2023-10-04T21:54:01.536+0300] {dag.py:2726} INFO - Sync 1 DAGs
[2023-10-04T21:54:01.579+0300] {logging_mixin.py:149} INFO - [2023-10-04T21:54:01.579+0300] {dag.py:3486} INFO - Setting next_dagrun for example_skip_dag to 2023-10-03T18:54:01.578585+00:00, run_after=2023-10-04T18:54:01.578585+00:00
[2023-10-04T21:54:01.754+0300] {processor.py:179} INFO - Processing /home/paulet/anaconda3/lib/python3.10/site-packages/airflow/example_dags/example_skip_dag.py took 0.310 seconds
[2023-10-04T21:55:00.513+0300] {processor.py:157} INFO - Started process (PID=27191) to work on /home/paulet/anaconda3/lib/python3.10/site-packages/airflow/example_dags/example_skip_dag.py
[2023-10-04T21:55:00.538+0300] {processor.py:826} INFO - Processing file /home/paulet/anaconda3/lib/python3.10/site-packages/airflow/example_dags/example_skip_dag.py for tasks to queue
[2023-10-04T21:55:00.539+0300] {logging_mixin.py:149} INFO - [2023-10-04T21:55:00.539+0300] {dagbag.py:541} INFO - Filling up the DagBag from /home/paulet/anaconda3/lib/python3.10/site-packages/airflow/example_dags/example_skip_dag.py
[2023-10-04T21:55:00.550+0300] {processor.py:836} INFO - DAG(s) dict_keys(['example_skip_dag']) retrieved from /home/paulet/anaconda3/lib/python3.10/site-packages/airflow/example_dags/example_skip_dag.py
[2023-10-04T21:55:00.582+0300] {logging_mixin.py:149} INFO - [2023-10-04T21:55:00.581+0300] {dag.py:2726} INFO - Sync 1 DAGs
[2023-10-04T21:55:00.608+0300] {logging_mixin.py:149} INFO - [2023-10-04T21:55:00.608+0300] {dag.py:3486} INFO - Setting next_dagrun for example_skip_dag to 2023-10-03T18:55:00.608344+00:00, run_after=2023-10-04T18:55:00.608344+00:00
[2023-10-04T21:55:00.737+0300] {processor.py:179} INFO - Processing /home/paulet/anaconda3/lib/python3.10/site-packages/airflow/example_dags/example_skip_dag.py took 0.228 seconds
[2023-10-04T21:56:12.496+0300] {processor.py:157} INFO - Started process (PID=27389) to work on /home/paulet/anaconda3/lib/python3.10/site-packages/airflow/example_dags/example_skip_dag.py
[2023-10-04T21:56:12.526+0300] {processor.py:826} INFO - Processing file /home/paulet/anaconda3/lib/python3.10/site-packages/airflow/example_dags/example_skip_dag.py for tasks to queue
[2023-10-04T21:56:12.527+0300] {logging_mixin.py:149} INFO - [2023-10-04T21:56:12.527+0300] {dagbag.py:541} INFO - Filling up the DagBag from /home/paulet/anaconda3/lib/python3.10/site-packages/airflow/example_dags/example_skip_dag.py
[2023-10-04T21:56:12.538+0300] {processor.py:836} INFO - DAG(s) dict_keys(['example_skip_dag']) retrieved from /home/paulet/anaconda3/lib/python3.10/site-packages/airflow/example_dags/example_skip_dag.py
[2023-10-04T21:56:12.568+0300] {logging_mixin.py:149} INFO - [2023-10-04T21:56:12.567+0300] {dag.py:2726} INFO - Sync 1 DAGs
[2023-10-04T21:56:12.594+0300] {logging_mixin.py:149} INFO - [2023-10-04T21:56:12.594+0300] {dag.py:3486} INFO - Setting next_dagrun for example_skip_dag to 2023-10-03T18:56:12.594275+00:00, run_after=2023-10-04T18:56:12.594275+00:00
[2023-10-04T21:56:13.133+0300] {processor.py:179} INFO - Processing /home/paulet/anaconda3/lib/python3.10/site-packages/airflow/example_dags/example_skip_dag.py took 0.641 seconds
