[2023-10-04T18:08:49.616+0300] {processor.py:157} INFO - Started process (PID=13993) to work on /home/paulet/anaconda3/lib/python3.10/site-packages/airflow/example_dags/example_task_group_decorator.py
[2023-10-04T18:08:49.617+0300] {processor.py:826} INFO - Processing file /home/paulet/anaconda3/lib/python3.10/site-packages/airflow/example_dags/example_task_group_decorator.py for tasks to queue
[2023-10-04T18:08:49.618+0300] {logging_mixin.py:149} INFO - [2023-10-04T18:08:49.618+0300] {dagbag.py:541} INFO - Filling up the DagBag from /home/paulet/anaconda3/lib/python3.10/site-packages/airflow/example_dags/example_task_group_decorator.py
[2023-10-04T18:08:49.638+0300] {processor.py:836} INFO - DAG(s) dict_keys(['example_task_group_decorator']) retrieved from /home/paulet/anaconda3/lib/python3.10/site-packages/airflow/example_dags/example_task_group_decorator.py
[2023-10-04T18:08:49.671+0300] {logging_mixin.py:149} INFO - [2023-10-04T18:08:49.671+0300] {dag.py:2726} INFO - Sync 1 DAGs
[2023-10-04T18:08:49.696+0300] {logging_mixin.py:149} INFO - [2023-10-04T18:08:49.696+0300] {dag.py:3486} INFO - Setting next_dagrun for example_task_group_decorator to 2023-10-03T15:08:49.696379+00:00, run_after=2023-10-04T15:08:49.696379+00:00
[2023-10-04T18:08:49.895+0300] {processor.py:179} INFO - Processing /home/paulet/anaconda3/lib/python3.10/site-packages/airflow/example_dags/example_task_group_decorator.py took 0.283 seconds
[2023-10-04T18:10:34.597+0300] {processor.py:157} INFO - Started process (PID=14452) to work on /home/paulet/anaconda3/lib/python3.10/site-packages/airflow/example_dags/example_task_group_decorator.py
[2023-10-04T18:10:34.599+0300] {processor.py:826} INFO - Processing file /home/paulet/anaconda3/lib/python3.10/site-packages/airflow/example_dags/example_task_group_decorator.py for tasks to queue
[2023-10-04T18:10:34.600+0300] {logging_mixin.py:149} INFO - [2023-10-04T18:10:34.600+0300] {dagbag.py:541} INFO - Filling up the DagBag from /home/paulet/anaconda3/lib/python3.10/site-packages/airflow/example_dags/example_task_group_decorator.py
[2023-10-04T18:10:34.620+0300] {processor.py:836} INFO - DAG(s) dict_keys(['example_task_group_decorator']) retrieved from /home/paulet/anaconda3/lib/python3.10/site-packages/airflow/example_dags/example_task_group_decorator.py
[2023-10-04T18:10:34.648+0300] {logging_mixin.py:149} INFO - [2023-10-04T18:10:34.648+0300] {dag.py:2726} INFO - Sync 1 DAGs
[2023-10-04T18:10:34.671+0300] {logging_mixin.py:149} INFO - [2023-10-04T18:10:34.671+0300] {dag.py:3486} INFO - Setting next_dagrun for example_task_group_decorator to 2023-10-03T15:10:34.671246+00:00, run_after=2023-10-04T15:10:34.671246+00:00
[2023-10-04T18:10:34.815+0300] {processor.py:179} INFO - Processing /home/paulet/anaconda3/lib/python3.10/site-packages/airflow/example_dags/example_task_group_decorator.py took 0.222 seconds
[2023-10-04T18:11:38.447+0300] {processor.py:157} INFO - Started process (PID=14822) to work on /home/paulet/anaconda3/lib/python3.10/site-packages/airflow/example_dags/example_task_group_decorator.py
[2023-10-04T18:11:38.449+0300] {processor.py:826} INFO - Processing file /home/paulet/anaconda3/lib/python3.10/site-packages/airflow/example_dags/example_task_group_decorator.py for tasks to queue
[2023-10-04T18:11:38.450+0300] {logging_mixin.py:149} INFO - [2023-10-04T18:11:38.450+0300] {dagbag.py:541} INFO - Filling up the DagBag from /home/paulet/anaconda3/lib/python3.10/site-packages/airflow/example_dags/example_task_group_decorator.py
[2023-10-04T18:11:38.470+0300] {processor.py:836} INFO - DAG(s) dict_keys(['example_task_group_decorator']) retrieved from /home/paulet/anaconda3/lib/python3.10/site-packages/airflow/example_dags/example_task_group_decorator.py
[2023-10-04T18:11:38.496+0300] {logging_mixin.py:149} INFO - [2023-10-04T18:11:38.496+0300] {dag.py:2726} INFO - Sync 1 DAGs
[2023-10-04T18:11:38.520+0300] {logging_mixin.py:149} INFO - [2023-10-04T18:11:38.519+0300] {dag.py:3486} INFO - Setting next_dagrun for example_task_group_decorator to 2023-10-03T15:11:38.519555+00:00, run_after=2023-10-04T15:11:38.519555+00:00
[2023-10-04T18:11:38.676+0300] {processor.py:179} INFO - Processing /home/paulet/anaconda3/lib/python3.10/site-packages/airflow/example_dags/example_task_group_decorator.py took 0.233 seconds
[2023-10-04T18:12:39.299+0300] {processor.py:157} INFO - Started process (PID=15159) to work on /home/paulet/anaconda3/lib/python3.10/site-packages/airflow/example_dags/example_task_group_decorator.py
[2023-10-04T18:12:39.323+0300] {processor.py:826} INFO - Processing file /home/paulet/anaconda3/lib/python3.10/site-packages/airflow/example_dags/example_task_group_decorator.py for tasks to queue
[2023-10-04T18:12:39.325+0300] {logging_mixin.py:149} INFO - [2023-10-04T18:12:39.324+0300] {dagbag.py:541} INFO - Filling up the DagBag from /home/paulet/anaconda3/lib/python3.10/site-packages/airflow/example_dags/example_task_group_decorator.py
[2023-10-04T18:12:39.345+0300] {processor.py:836} INFO - DAG(s) dict_keys(['example_task_group_decorator']) retrieved from /home/paulet/anaconda3/lib/python3.10/site-packages/airflow/example_dags/example_task_group_decorator.py
[2023-10-04T18:12:39.376+0300] {logging_mixin.py:149} INFO - [2023-10-04T18:12:39.376+0300] {dag.py:2726} INFO - Sync 1 DAGs
[2023-10-04T18:12:39.399+0300] {logging_mixin.py:149} INFO - [2023-10-04T18:12:39.399+0300] {dag.py:3486} INFO - Setting next_dagrun for example_task_group_decorator to 2023-10-03T15:12:39.398996+00:00, run_after=2023-10-04T15:12:39.398996+00:00
[2023-10-04T18:12:39.549+0300] {processor.py:179} INFO - Processing /home/paulet/anaconda3/lib/python3.10/site-packages/airflow/example_dags/example_task_group_decorator.py took 0.254 seconds
[2023-10-04T18:14:17.530+0300] {processor.py:157} INFO - Started process (PID=16028) to work on /home/paulet/anaconda3/lib/python3.10/site-packages/airflow/example_dags/example_task_group_decorator.py
[2023-10-04T18:14:17.547+0300] {processor.py:826} INFO - Processing file /home/paulet/anaconda3/lib/python3.10/site-packages/airflow/example_dags/example_task_group_decorator.py for tasks to queue
[2023-10-04T18:14:17.548+0300] {logging_mixin.py:149} INFO - [2023-10-04T18:14:17.548+0300] {dagbag.py:541} INFO - Filling up the DagBag from /home/paulet/anaconda3/lib/python3.10/site-packages/airflow/example_dags/example_task_group_decorator.py
[2023-10-04T18:14:17.567+0300] {processor.py:836} INFO - DAG(s) dict_keys(['example_task_group_decorator']) retrieved from /home/paulet/anaconda3/lib/python3.10/site-packages/airflow/example_dags/example_task_group_decorator.py
[2023-10-04T18:14:17.597+0300] {logging_mixin.py:149} INFO - [2023-10-04T18:14:17.596+0300] {dag.py:2726} INFO - Sync 1 DAGs
[2023-10-04T18:14:17.621+0300] {logging_mixin.py:149} INFO - [2023-10-04T18:14:17.621+0300] {dag.py:3486} INFO - Setting next_dagrun for example_task_group_decorator to 2023-10-03T15:14:17.621296+00:00, run_after=2023-10-04T15:14:17.621296+00:00
[2023-10-04T18:14:17.786+0300] {processor.py:179} INFO - Processing /home/paulet/anaconda3/lib/python3.10/site-packages/airflow/example_dags/example_task_group_decorator.py took 0.259 seconds
[2023-10-04T18:15:02.807+0300] {processor.py:157} INFO - Started process (PID=16075) to work on /home/paulet/anaconda3/lib/python3.10/site-packages/airflow/example_dags/example_task_group_decorator.py
[2023-10-04T18:15:02.835+0300] {processor.py:826} INFO - Processing file /home/paulet/anaconda3/lib/python3.10/site-packages/airflow/example_dags/example_task_group_decorator.py for tasks to queue
[2023-10-04T18:15:02.836+0300] {logging_mixin.py:149} INFO - [2023-10-04T18:15:02.835+0300] {dagbag.py:541} INFO - Filling up the DagBag from /home/paulet/anaconda3/lib/python3.10/site-packages/airflow/example_dags/example_task_group_decorator.py
[2023-10-04T18:15:02.855+0300] {processor.py:836} INFO - DAG(s) dict_keys(['example_task_group_decorator']) retrieved from /home/paulet/anaconda3/lib/python3.10/site-packages/airflow/example_dags/example_task_group_decorator.py
[2023-10-04T18:15:02.884+0300] {logging_mixin.py:149} INFO - [2023-10-04T18:15:02.884+0300] {dag.py:2726} INFO - Sync 1 DAGs
[2023-10-04T18:15:02.911+0300] {logging_mixin.py:149} INFO - [2023-10-04T18:15:02.910+0300] {dag.py:3486} INFO - Setting next_dagrun for example_task_group_decorator to 2023-10-03T15:15:02.910446+00:00, run_after=2023-10-04T15:15:02.910446+00:00
[2023-10-04T18:15:03.069+0300] {processor.py:179} INFO - Processing /home/paulet/anaconda3/lib/python3.10/site-packages/airflow/example_dags/example_task_group_decorator.py took 0.267 seconds
[2023-10-04T18:15:56.055+0300] {processor.py:157} INFO - Started process (PID=16129) to work on /home/paulet/anaconda3/lib/python3.10/site-packages/airflow/example_dags/example_task_group_decorator.py
[2023-10-04T18:15:56.057+0300] {processor.py:826} INFO - Processing file /home/paulet/anaconda3/lib/python3.10/site-packages/airflow/example_dags/example_task_group_decorator.py for tasks to queue
[2023-10-04T18:15:56.058+0300] {logging_mixin.py:149} INFO - [2023-10-04T18:15:56.057+0300] {dagbag.py:541} INFO - Filling up the DagBag from /home/paulet/anaconda3/lib/python3.10/site-packages/airflow/example_dags/example_task_group_decorator.py
[2023-10-04T18:15:56.076+0300] {processor.py:836} INFO - DAG(s) dict_keys(['example_task_group_decorator']) retrieved from /home/paulet/anaconda3/lib/python3.10/site-packages/airflow/example_dags/example_task_group_decorator.py
[2023-10-04T18:15:56.105+0300] {logging_mixin.py:149} INFO - [2023-10-04T18:15:56.105+0300] {dag.py:2726} INFO - Sync 1 DAGs
[2023-10-04T18:15:56.130+0300] {logging_mixin.py:149} INFO - [2023-10-04T18:15:56.130+0300] {dag.py:3486} INFO - Setting next_dagrun for example_task_group_decorator to 2023-10-03T15:15:56.130042+00:00, run_after=2023-10-04T15:15:56.130042+00:00
[2023-10-04T18:15:56.273+0300] {processor.py:179} INFO - Processing /home/paulet/anaconda3/lib/python3.10/site-packages/airflow/example_dags/example_task_group_decorator.py took 0.222 seconds
[2023-10-04T18:17:11.113+0300] {processor.py:157} INFO - Started process (PID=16209) to work on /home/paulet/anaconda3/lib/python3.10/site-packages/airflow/example_dags/example_task_group_decorator.py
[2023-10-04T18:17:11.123+0300] {processor.py:826} INFO - Processing file /home/paulet/anaconda3/lib/python3.10/site-packages/airflow/example_dags/example_task_group_decorator.py for tasks to queue
[2023-10-04T18:17:11.124+0300] {logging_mixin.py:149} INFO - [2023-10-04T18:17:11.124+0300] {dagbag.py:541} INFO - Filling up the DagBag from /home/paulet/anaconda3/lib/python3.10/site-packages/airflow/example_dags/example_task_group_decorator.py
[2023-10-04T18:17:11.145+0300] {processor.py:836} INFO - DAG(s) dict_keys(['example_task_group_decorator']) retrieved from /home/paulet/anaconda3/lib/python3.10/site-packages/airflow/example_dags/example_task_group_decorator.py
[2023-10-04T18:17:11.174+0300] {logging_mixin.py:149} INFO - [2023-10-04T18:17:11.174+0300] {dag.py:2726} INFO - Sync 1 DAGs
[2023-10-04T18:17:11.197+0300] {logging_mixin.py:149} INFO - [2023-10-04T18:17:11.197+0300] {dag.py:3486} INFO - Setting next_dagrun for example_task_group_decorator to 2023-10-03T15:17:11.196856+00:00, run_after=2023-10-04T15:17:11.196856+00:00
[2023-10-04T18:17:11.337+0300] {processor.py:179} INFO - Processing /home/paulet/anaconda3/lib/python3.10/site-packages/airflow/example_dags/example_task_group_decorator.py took 0.229 seconds
[2023-10-04T18:17:50.468+0300] {processor.py:157} INFO - Started process (PID=16275) to work on /home/paulet/anaconda3/lib/python3.10/site-packages/airflow/example_dags/example_task_group_decorator.py
[2023-10-04T18:17:50.477+0300] {processor.py:826} INFO - Processing file /home/paulet/anaconda3/lib/python3.10/site-packages/airflow/example_dags/example_task_group_decorator.py for tasks to queue
[2023-10-04T18:17:50.478+0300] {logging_mixin.py:149} INFO - [2023-10-04T18:17:50.478+0300] {dagbag.py:541} INFO - Filling up the DagBag from /home/paulet/anaconda3/lib/python3.10/site-packages/airflow/example_dags/example_task_group_decorator.py
[2023-10-04T18:17:50.499+0300] {processor.py:836} INFO - DAG(s) dict_keys(['example_task_group_decorator']) retrieved from /home/paulet/anaconda3/lib/python3.10/site-packages/airflow/example_dags/example_task_group_decorator.py
[2023-10-04T18:17:50.528+0300] {logging_mixin.py:149} INFO - [2023-10-04T18:17:50.527+0300] {dag.py:2726} INFO - Sync 1 DAGs
[2023-10-04T18:17:50.551+0300] {logging_mixin.py:149} INFO - [2023-10-04T18:17:50.551+0300] {dag.py:3486} INFO - Setting next_dagrun for example_task_group_decorator to 2023-10-03T15:17:50.551128+00:00, run_after=2023-10-04T15:17:50.551128+00:00
[2023-10-04T18:17:50.686+0300] {processor.py:179} INFO - Processing /home/paulet/anaconda3/lib/python3.10/site-packages/airflow/example_dags/example_task_group_decorator.py took 0.223 seconds
[2023-10-04T21:00:08.534+0300] {processor.py:157} INFO - Started process (PID=22386) to work on /home/paulet/anaconda3/lib/python3.10/site-packages/airflow/example_dags/example_task_group_decorator.py
[2023-10-04T21:00:08.544+0300] {processor.py:826} INFO - Processing file /home/paulet/anaconda3/lib/python3.10/site-packages/airflow/example_dags/example_task_group_decorator.py for tasks to queue
[2023-10-04T21:00:08.545+0300] {logging_mixin.py:149} INFO - [2023-10-04T21:00:08.545+0300] {dagbag.py:541} INFO - Filling up the DagBag from /home/paulet/anaconda3/lib/python3.10/site-packages/airflow/example_dags/example_task_group_decorator.py
[2023-10-04T21:00:08.568+0300] {processor.py:836} INFO - DAG(s) dict_keys(['example_task_group_decorator']) retrieved from /home/paulet/anaconda3/lib/python3.10/site-packages/airflow/example_dags/example_task_group_decorator.py
[2023-10-04T21:00:08.604+0300] {logging_mixin.py:149} INFO - [2023-10-04T21:00:08.603+0300] {dag.py:2726} INFO - Sync 1 DAGs
[2023-10-04T21:00:08.628+0300] {logging_mixin.py:149} INFO - [2023-10-04T21:00:08.628+0300] {dag.py:3486} INFO - Setting next_dagrun for example_task_group_decorator to 2023-10-03T18:00:08.627959+00:00, run_after=2023-10-04T18:00:08.627959+00:00
[2023-10-04T21:00:08.791+0300] {processor.py:179} INFO - Processing /home/paulet/anaconda3/lib/python3.10/site-packages/airflow/example_dags/example_task_group_decorator.py took 0.262 seconds
[2023-10-04T21:01:11.829+0300] {processor.py:157} INFO - Started process (PID=22462) to work on /home/paulet/anaconda3/lib/python3.10/site-packages/airflow/example_dags/example_task_group_decorator.py
[2023-10-04T21:01:11.842+0300] {processor.py:826} INFO - Processing file /home/paulet/anaconda3/lib/python3.10/site-packages/airflow/example_dags/example_task_group_decorator.py for tasks to queue
[2023-10-04T21:01:11.843+0300] {logging_mixin.py:149} INFO - [2023-10-04T21:01:11.843+0300] {dagbag.py:541} INFO - Filling up the DagBag from /home/paulet/anaconda3/lib/python3.10/site-packages/airflow/example_dags/example_task_group_decorator.py
[2023-10-04T21:01:11.863+0300] {processor.py:836} INFO - DAG(s) dict_keys(['example_task_group_decorator']) retrieved from /home/paulet/anaconda3/lib/python3.10/site-packages/airflow/example_dags/example_task_group_decorator.py
[2023-10-04T21:01:11.892+0300] {logging_mixin.py:149} INFO - [2023-10-04T21:01:11.891+0300] {dag.py:2726} INFO - Sync 1 DAGs
[2023-10-04T21:01:11.916+0300] {logging_mixin.py:149} INFO - [2023-10-04T21:01:11.916+0300] {dag.py:3486} INFO - Setting next_dagrun for example_task_group_decorator to 2023-10-03T18:01:11.916286+00:00, run_after=2023-10-04T18:01:11.916286+00:00
[2023-10-04T21:01:12.066+0300] {processor.py:179} INFO - Processing /home/paulet/anaconda3/lib/python3.10/site-packages/airflow/example_dags/example_task_group_decorator.py took 0.240 seconds
[2023-10-04T21:01:49.865+0300] {processor.py:157} INFO - Started process (PID=22617) to work on /home/paulet/anaconda3/lib/python3.10/site-packages/airflow/example_dags/example_task_group_decorator.py
[2023-10-04T21:01:49.878+0300] {processor.py:826} INFO - Processing file /home/paulet/anaconda3/lib/python3.10/site-packages/airflow/example_dags/example_task_group_decorator.py for tasks to queue
[2023-10-04T21:01:49.880+0300] {logging_mixin.py:149} INFO - [2023-10-04T21:01:49.879+0300] {dagbag.py:541} INFO - Filling up the DagBag from /home/paulet/anaconda3/lib/python3.10/site-packages/airflow/example_dags/example_task_group_decorator.py
[2023-10-04T21:01:49.901+0300] {processor.py:836} INFO - DAG(s) dict_keys(['example_task_group_decorator']) retrieved from /home/paulet/anaconda3/lib/python3.10/site-packages/airflow/example_dags/example_task_group_decorator.py
[2023-10-04T21:01:49.930+0300] {logging_mixin.py:149} INFO - [2023-10-04T21:01:49.930+0300] {dag.py:2726} INFO - Sync 1 DAGs
[2023-10-04T21:01:49.952+0300] {logging_mixin.py:149} INFO - [2023-10-04T21:01:49.952+0300] {dag.py:3486} INFO - Setting next_dagrun for example_task_group_decorator to 2023-10-03T18:01:49.952487+00:00, run_after=2023-10-04T18:01:49.952487+00:00
[2023-10-04T21:01:50.186+0300] {processor.py:179} INFO - Processing /home/paulet/anaconda3/lib/python3.10/site-packages/airflow/example_dags/example_task_group_decorator.py took 0.326 seconds
[2023-10-04T21:02:26.340+0300] {processor.py:157} INFO - Started process (PID=22657) to work on /home/paulet/anaconda3/lib/python3.10/site-packages/airflow/example_dags/example_task_group_decorator.py
[2023-10-04T21:02:26.346+0300] {processor.py:826} INFO - Processing file /home/paulet/anaconda3/lib/python3.10/site-packages/airflow/example_dags/example_task_group_decorator.py for tasks to queue
[2023-10-04T21:02:26.347+0300] {logging_mixin.py:149} INFO - [2023-10-04T21:02:26.347+0300] {dagbag.py:541} INFO - Filling up the DagBag from /home/paulet/anaconda3/lib/python3.10/site-packages/airflow/example_dags/example_task_group_decorator.py
[2023-10-04T21:02:26.368+0300] {processor.py:836} INFO - DAG(s) dict_keys(['example_task_group_decorator']) retrieved from /home/paulet/anaconda3/lib/python3.10/site-packages/airflow/example_dags/example_task_group_decorator.py
[2023-10-04T21:02:26.396+0300] {logging_mixin.py:149} INFO - [2023-10-04T21:02:26.396+0300] {dag.py:2726} INFO - Sync 1 DAGs
[2023-10-04T21:02:26.419+0300] {logging_mixin.py:149} INFO - [2023-10-04T21:02:26.419+0300] {dag.py:3486} INFO - Setting next_dagrun for example_task_group_decorator to 2023-10-03T18:02:26.419314+00:00, run_after=2023-10-04T18:02:26.419314+00:00
[2023-10-04T21:02:26.566+0300] {processor.py:179} INFO - Processing /home/paulet/anaconda3/lib/python3.10/site-packages/airflow/example_dags/example_task_group_decorator.py took 0.230 seconds
[2023-10-04T21:03:16.429+0300] {processor.py:157} INFO - Started process (PID=22704) to work on /home/paulet/anaconda3/lib/python3.10/site-packages/airflow/example_dags/example_task_group_decorator.py
[2023-10-04T21:03:16.460+0300] {processor.py:826} INFO - Processing file /home/paulet/anaconda3/lib/python3.10/site-packages/airflow/example_dags/example_task_group_decorator.py for tasks to queue
[2023-10-04T21:03:16.461+0300] {logging_mixin.py:149} INFO - [2023-10-04T21:03:16.461+0300] {dagbag.py:541} INFO - Filling up the DagBag from /home/paulet/anaconda3/lib/python3.10/site-packages/airflow/example_dags/example_task_group_decorator.py
[2023-10-04T21:03:16.482+0300] {processor.py:836} INFO - DAG(s) dict_keys(['example_task_group_decorator']) retrieved from /home/paulet/anaconda3/lib/python3.10/site-packages/airflow/example_dags/example_task_group_decorator.py
[2023-10-04T21:03:16.513+0300] {logging_mixin.py:149} INFO - [2023-10-04T21:03:16.513+0300] {dag.py:2726} INFO - Sync 1 DAGs
[2023-10-04T21:03:16.536+0300] {logging_mixin.py:149} INFO - [2023-10-04T21:03:16.536+0300] {dag.py:3486} INFO - Setting next_dagrun for example_task_group_decorator to 2023-10-03T18:03:16.536246+00:00, run_after=2023-10-04T18:03:16.536246+00:00
[2023-10-04T21:03:16.679+0300] {processor.py:179} INFO - Processing /home/paulet/anaconda3/lib/python3.10/site-packages/airflow/example_dags/example_task_group_decorator.py took 0.255 seconds
[2023-10-04T21:04:12.817+0300] {processor.py:157} INFO - Started process (PID=22757) to work on /home/paulet/anaconda3/lib/python3.10/site-packages/airflow/example_dags/example_task_group_decorator.py
[2023-10-04T21:04:12.819+0300] {processor.py:826} INFO - Processing file /home/paulet/anaconda3/lib/python3.10/site-packages/airflow/example_dags/example_task_group_decorator.py for tasks to queue
[2023-10-04T21:04:12.820+0300] {logging_mixin.py:149} INFO - [2023-10-04T21:04:12.820+0300] {dagbag.py:541} INFO - Filling up the DagBag from /home/paulet/anaconda3/lib/python3.10/site-packages/airflow/example_dags/example_task_group_decorator.py
[2023-10-04T21:04:12.840+0300] {processor.py:836} INFO - DAG(s) dict_keys(['example_task_group_decorator']) retrieved from /home/paulet/anaconda3/lib/python3.10/site-packages/airflow/example_dags/example_task_group_decorator.py
[2023-10-04T21:04:12.868+0300] {logging_mixin.py:149} INFO - [2023-10-04T21:04:12.868+0300] {dag.py:2726} INFO - Sync 1 DAGs
[2023-10-04T21:04:12.893+0300] {logging_mixin.py:149} INFO - [2023-10-04T21:04:12.893+0300] {dag.py:3486} INFO - Setting next_dagrun for example_task_group_decorator to 2023-10-03T18:04:12.893339+00:00, run_after=2023-10-04T18:04:12.893339+00:00
[2023-10-04T21:04:13.076+0300] {processor.py:179} INFO - Processing /home/paulet/anaconda3/lib/python3.10/site-packages/airflow/example_dags/example_task_group_decorator.py took 0.263 seconds
[2023-10-04T21:05:08.186+0300] {processor.py:157} INFO - Started process (PID=22850) to work on /home/paulet/anaconda3/lib/python3.10/site-packages/airflow/example_dags/example_task_group_decorator.py
[2023-10-04T21:05:08.195+0300] {processor.py:826} INFO - Processing file /home/paulet/anaconda3/lib/python3.10/site-packages/airflow/example_dags/example_task_group_decorator.py for tasks to queue
[2023-10-04T21:05:08.196+0300] {logging_mixin.py:149} INFO - [2023-10-04T21:05:08.196+0300] {dagbag.py:541} INFO - Filling up the DagBag from /home/paulet/anaconda3/lib/python3.10/site-packages/airflow/example_dags/example_task_group_decorator.py
[2023-10-04T21:05:08.217+0300] {processor.py:836} INFO - DAG(s) dict_keys(['example_task_group_decorator']) retrieved from /home/paulet/anaconda3/lib/python3.10/site-packages/airflow/example_dags/example_task_group_decorator.py
[2023-10-04T21:05:08.244+0300] {logging_mixin.py:149} INFO - [2023-10-04T21:05:08.244+0300] {dag.py:2726} INFO - Sync 1 DAGs
[2023-10-04T21:05:08.268+0300] {logging_mixin.py:149} INFO - [2023-10-04T21:05:08.268+0300] {dag.py:3486} INFO - Setting next_dagrun for example_task_group_decorator to 2023-10-03T18:05:08.267962+00:00, run_after=2023-10-04T18:05:08.267962+00:00
[2023-10-04T21:05:08.766+0300] {processor.py:179} INFO - Processing /home/paulet/anaconda3/lib/python3.10/site-packages/airflow/example_dags/example_task_group_decorator.py took 0.585 seconds
[2023-10-04T21:06:05.177+0300] {processor.py:157} INFO - Started process (PID=22901) to work on /home/paulet/anaconda3/lib/python3.10/site-packages/airflow/example_dags/example_task_group_decorator.py
[2023-10-04T21:06:05.179+0300] {processor.py:826} INFO - Processing file /home/paulet/anaconda3/lib/python3.10/site-packages/airflow/example_dags/example_task_group_decorator.py for tasks to queue
[2023-10-04T21:06:05.180+0300] {logging_mixin.py:149} INFO - [2023-10-04T21:06:05.179+0300] {dagbag.py:541} INFO - Filling up the DagBag from /home/paulet/anaconda3/lib/python3.10/site-packages/airflow/example_dags/example_task_group_decorator.py
[2023-10-04T21:06:05.200+0300] {processor.py:836} INFO - DAG(s) dict_keys(['example_task_group_decorator']) retrieved from /home/paulet/anaconda3/lib/python3.10/site-packages/airflow/example_dags/example_task_group_decorator.py
[2023-10-04T21:06:05.227+0300] {logging_mixin.py:149} INFO - [2023-10-04T21:06:05.227+0300] {dag.py:2726} INFO - Sync 1 DAGs
[2023-10-04T21:06:05.250+0300] {logging_mixin.py:149} INFO - [2023-10-04T21:06:05.250+0300] {dag.py:3486} INFO - Setting next_dagrun for example_task_group_decorator to 2023-10-03T18:06:05.249794+00:00, run_after=2023-10-04T18:06:05.249794+00:00
[2023-10-04T21:06:05.431+0300] {processor.py:179} INFO - Processing /home/paulet/anaconda3/lib/python3.10/site-packages/airflow/example_dags/example_task_group_decorator.py took 0.259 seconds
[2023-10-04T21:07:02.602+0300] {processor.py:157} INFO - Started process (PID=22953) to work on /home/paulet/anaconda3/lib/python3.10/site-packages/airflow/example_dags/example_task_group_decorator.py
[2023-10-04T21:07:02.615+0300] {processor.py:826} INFO - Processing file /home/paulet/anaconda3/lib/python3.10/site-packages/airflow/example_dags/example_task_group_decorator.py for tasks to queue
[2023-10-04T21:07:02.616+0300] {logging_mixin.py:149} INFO - [2023-10-04T21:07:02.615+0300] {dagbag.py:541} INFO - Filling up the DagBag from /home/paulet/anaconda3/lib/python3.10/site-packages/airflow/example_dags/example_task_group_decorator.py
[2023-10-04T21:07:02.632+0300] {processor.py:836} INFO - DAG(s) dict_keys(['example_task_group_decorator']) retrieved from /home/paulet/anaconda3/lib/python3.10/site-packages/airflow/example_dags/example_task_group_decorator.py
[2023-10-04T21:07:02.658+0300] {logging_mixin.py:149} INFO - [2023-10-04T21:07:02.658+0300] {dag.py:2726} INFO - Sync 1 DAGs
[2023-10-04T21:07:02.681+0300] {logging_mixin.py:149} INFO - [2023-10-04T21:07:02.681+0300] {dag.py:3486} INFO - Setting next_dagrun for example_task_group_decorator to 2023-10-03T18:07:02.681046+00:00, run_after=2023-10-04T18:07:02.681046+00:00
[2023-10-04T21:07:02.832+0300] {processor.py:179} INFO - Processing /home/paulet/anaconda3/lib/python3.10/site-packages/airflow/example_dags/example_task_group_decorator.py took 0.235 seconds
[2023-10-04T21:07:50.309+0300] {processor.py:157} INFO - Started process (PID=22999) to work on /home/paulet/anaconda3/lib/python3.10/site-packages/airflow/example_dags/example_task_group_decorator.py
[2023-10-04T21:07:50.310+0300] {processor.py:826} INFO - Processing file /home/paulet/anaconda3/lib/python3.10/site-packages/airflow/example_dags/example_task_group_decorator.py for tasks to queue
[2023-10-04T21:07:50.311+0300] {logging_mixin.py:149} INFO - [2023-10-04T21:07:50.311+0300] {dagbag.py:541} INFO - Filling up the DagBag from /home/paulet/anaconda3/lib/python3.10/site-packages/airflow/example_dags/example_task_group_decorator.py
[2023-10-04T21:07:50.331+0300] {processor.py:836} INFO - DAG(s) dict_keys(['example_task_group_decorator']) retrieved from /home/paulet/anaconda3/lib/python3.10/site-packages/airflow/example_dags/example_task_group_decorator.py
[2023-10-04T21:07:50.358+0300] {logging_mixin.py:149} INFO - [2023-10-04T21:07:50.358+0300] {dag.py:2726} INFO - Sync 1 DAGs
[2023-10-04T21:07:50.381+0300] {logging_mixin.py:149} INFO - [2023-10-04T21:07:50.380+0300] {dag.py:3486} INFO - Setting next_dagrun for example_task_group_decorator to 2023-10-03T18:07:50.380684+00:00, run_after=2023-10-04T18:07:50.380684+00:00
[2023-10-04T21:07:50.539+0300] {processor.py:179} INFO - Processing /home/paulet/anaconda3/lib/python3.10/site-packages/airflow/example_dags/example_task_group_decorator.py took 0.235 seconds
[2023-10-04T21:08:39.195+0300] {processor.py:157} INFO - Started process (PID=23063) to work on /home/paulet/anaconda3/lib/python3.10/site-packages/airflow/example_dags/example_task_group_decorator.py
[2023-10-04T21:08:39.196+0300] {processor.py:826} INFO - Processing file /home/paulet/anaconda3/lib/python3.10/site-packages/airflow/example_dags/example_task_group_decorator.py for tasks to queue
[2023-10-04T21:08:39.197+0300] {logging_mixin.py:149} INFO - [2023-10-04T21:08:39.197+0300] {dagbag.py:541} INFO - Filling up the DagBag from /home/paulet/anaconda3/lib/python3.10/site-packages/airflow/example_dags/example_task_group_decorator.py
[2023-10-04T21:08:39.217+0300] {processor.py:836} INFO - DAG(s) dict_keys(['example_task_group_decorator']) retrieved from /home/paulet/anaconda3/lib/python3.10/site-packages/airflow/example_dags/example_task_group_decorator.py
[2023-10-04T21:08:39.244+0300] {logging_mixin.py:149} INFO - [2023-10-04T21:08:39.244+0300] {dag.py:2726} INFO - Sync 1 DAGs
[2023-10-04T21:08:39.267+0300] {logging_mixin.py:149} INFO - [2023-10-04T21:08:39.267+0300] {dag.py:3486} INFO - Setting next_dagrun for example_task_group_decorator to 2023-10-03T18:08:39.267317+00:00, run_after=2023-10-04T18:08:39.267317+00:00
[2023-10-04T21:08:39.439+0300] {processor.py:179} INFO - Processing /home/paulet/anaconda3/lib/python3.10/site-packages/airflow/example_dags/example_task_group_decorator.py took 0.249 seconds
[2023-10-04T21:09:29.748+0300] {processor.py:157} INFO - Started process (PID=23138) to work on /home/paulet/anaconda3/lib/python3.10/site-packages/airflow/example_dags/example_task_group_decorator.py
[2023-10-04T21:09:29.749+0300] {processor.py:826} INFO - Processing file /home/paulet/anaconda3/lib/python3.10/site-packages/airflow/example_dags/example_task_group_decorator.py for tasks to queue
[2023-10-04T21:09:29.750+0300] {logging_mixin.py:149} INFO - [2023-10-04T21:09:29.750+0300] {dagbag.py:541} INFO - Filling up the DagBag from /home/paulet/anaconda3/lib/python3.10/site-packages/airflow/example_dags/example_task_group_decorator.py
[2023-10-04T21:09:29.777+0300] {processor.py:836} INFO - DAG(s) dict_keys(['example_task_group_decorator']) retrieved from /home/paulet/anaconda3/lib/python3.10/site-packages/airflow/example_dags/example_task_group_decorator.py
[2023-10-04T21:09:29.820+0300] {logging_mixin.py:149} INFO - [2023-10-04T21:09:29.820+0300] {dag.py:2726} INFO - Sync 1 DAGs
[2023-10-04T21:09:29.857+0300] {logging_mixin.py:149} INFO - [2023-10-04T21:09:29.857+0300] {dag.py:3486} INFO - Setting next_dagrun for example_task_group_decorator to 2023-10-03T18:09:29.856642+00:00, run_after=2023-10-04T18:09:29.856642+00:00
[2023-10-04T21:09:29.988+0300] {processor.py:179} INFO - Processing /home/paulet/anaconda3/lib/python3.10/site-packages/airflow/example_dags/example_task_group_decorator.py took 0.247 seconds
[2023-10-04T21:10:20.496+0300] {processor.py:157} INFO - Started process (PID=23223) to work on /home/paulet/anaconda3/lib/python3.10/site-packages/airflow/example_dags/example_task_group_decorator.py
[2023-10-04T21:10:20.507+0300] {processor.py:826} INFO - Processing file /home/paulet/anaconda3/lib/python3.10/site-packages/airflow/example_dags/example_task_group_decorator.py for tasks to queue
[2023-10-04T21:10:20.508+0300] {logging_mixin.py:149} INFO - [2023-10-04T21:10:20.508+0300] {dagbag.py:541} INFO - Filling up the DagBag from /home/paulet/anaconda3/lib/python3.10/site-packages/airflow/example_dags/example_task_group_decorator.py
[2023-10-04T21:10:20.526+0300] {processor.py:836} INFO - DAG(s) dict_keys(['example_task_group_decorator']) retrieved from /home/paulet/anaconda3/lib/python3.10/site-packages/airflow/example_dags/example_task_group_decorator.py
[2023-10-04T21:10:20.553+0300] {logging_mixin.py:149} INFO - [2023-10-04T21:10:20.553+0300] {dag.py:2726} INFO - Sync 1 DAGs
[2023-10-04T21:10:20.578+0300] {logging_mixin.py:149} INFO - [2023-10-04T21:10:20.577+0300] {dag.py:3486} INFO - Setting next_dagrun for example_task_group_decorator to 2023-10-03T18:10:20.577389+00:00, run_after=2023-10-04T18:10:20.577389+00:00
[2023-10-04T21:10:20.825+0300] {processor.py:179} INFO - Processing /home/paulet/anaconda3/lib/python3.10/site-packages/airflow/example_dags/example_task_group_decorator.py took 0.334 seconds
[2023-10-04T21:51:30.997+0300] {processor.py:157} INFO - Started process (PID=26887) to work on /home/paulet/anaconda3/lib/python3.10/site-packages/airflow/example_dags/example_task_group_decorator.py
[2023-10-04T21:51:31.024+0300] {processor.py:826} INFO - Processing file /home/paulet/anaconda3/lib/python3.10/site-packages/airflow/example_dags/example_task_group_decorator.py for tasks to queue
[2023-10-04T21:51:31.025+0300] {logging_mixin.py:149} INFO - [2023-10-04T21:51:31.025+0300] {dagbag.py:541} INFO - Filling up the DagBag from /home/paulet/anaconda3/lib/python3.10/site-packages/airflow/example_dags/example_task_group_decorator.py
[2023-10-04T21:51:31.049+0300] {processor.py:836} INFO - DAG(s) dict_keys(['example_task_group_decorator']) retrieved from /home/paulet/anaconda3/lib/python3.10/site-packages/airflow/example_dags/example_task_group_decorator.py
[2023-10-04T21:51:31.086+0300] {logging_mixin.py:149} INFO - [2023-10-04T21:51:31.086+0300] {dag.py:2726} INFO - Sync 1 DAGs
[2023-10-04T21:51:31.110+0300] {logging_mixin.py:149} INFO - [2023-10-04T21:51:31.110+0300] {dag.py:3486} INFO - Setting next_dagrun for example_task_group_decorator to 2023-10-03T18:51:31.109740+00:00, run_after=2023-10-04T18:51:31.109740+00:00
[2023-10-04T21:51:31.271+0300] {processor.py:179} INFO - Processing /home/paulet/anaconda3/lib/python3.10/site-packages/airflow/example_dags/example_task_group_decorator.py took 0.278 seconds
[2023-10-04T21:52:38.199+0300] {processor.py:157} INFO - Started process (PID=27015) to work on /home/paulet/anaconda3/lib/python3.10/site-packages/airflow/example_dags/example_task_group_decorator.py
[2023-10-04T21:52:38.201+0300] {processor.py:826} INFO - Processing file /home/paulet/anaconda3/lib/python3.10/site-packages/airflow/example_dags/example_task_group_decorator.py for tasks to queue
[2023-10-04T21:52:38.202+0300] {logging_mixin.py:149} INFO - [2023-10-04T21:52:38.202+0300] {dagbag.py:541} INFO - Filling up the DagBag from /home/paulet/anaconda3/lib/python3.10/site-packages/airflow/example_dags/example_task_group_decorator.py
[2023-10-04T21:52:38.222+0300] {processor.py:836} INFO - DAG(s) dict_keys(['example_task_group_decorator']) retrieved from /home/paulet/anaconda3/lib/python3.10/site-packages/airflow/example_dags/example_task_group_decorator.py
[2023-10-04T21:52:38.249+0300] {logging_mixin.py:149} INFO - [2023-10-04T21:52:38.249+0300] {dag.py:2726} INFO - Sync 1 DAGs
[2023-10-04T21:52:38.272+0300] {logging_mixin.py:149} INFO - [2023-10-04T21:52:38.272+0300] {dag.py:3486} INFO - Setting next_dagrun for example_task_group_decorator to 2023-10-03T18:52:38.272200+00:00, run_after=2023-10-04T18:52:38.272200+00:00
[2023-10-04T21:52:38.442+0300] {processor.py:179} INFO - Processing /home/paulet/anaconda3/lib/python3.10/site-packages/airflow/example_dags/example_task_group_decorator.py took 0.247 seconds
[2023-10-04T21:53:35.565+0300] {processor.py:157} INFO - Started process (PID=27086) to work on /home/paulet/anaconda3/lib/python3.10/site-packages/airflow/example_dags/example_task_group_decorator.py
[2023-10-04T21:53:35.567+0300] {processor.py:826} INFO - Processing file /home/paulet/anaconda3/lib/python3.10/site-packages/airflow/example_dags/example_task_group_decorator.py for tasks to queue
[2023-10-04T21:53:35.568+0300] {logging_mixin.py:149} INFO - [2023-10-04T21:53:35.567+0300] {dagbag.py:541} INFO - Filling up the DagBag from /home/paulet/anaconda3/lib/python3.10/site-packages/airflow/example_dags/example_task_group_decorator.py
[2023-10-04T21:53:35.588+0300] {processor.py:836} INFO - DAG(s) dict_keys(['example_task_group_decorator']) retrieved from /home/paulet/anaconda3/lib/python3.10/site-packages/airflow/example_dags/example_task_group_decorator.py
[2023-10-04T21:53:35.615+0300] {logging_mixin.py:149} INFO - [2023-10-04T21:53:35.615+0300] {dag.py:2726} INFO - Sync 1 DAGs
[2023-10-04T21:53:35.638+0300] {logging_mixin.py:149} INFO - [2023-10-04T21:53:35.638+0300] {dag.py:3486} INFO - Setting next_dagrun for example_task_group_decorator to 2023-10-03T18:53:35.638365+00:00, run_after=2023-10-04T18:53:35.638365+00:00
[2023-10-04T21:53:35.789+0300] {processor.py:179} INFO - Processing /home/paulet/anaconda3/lib/python3.10/site-packages/airflow/example_dags/example_task_group_decorator.py took 0.228 seconds
[2023-10-04T21:54:39.919+0300] {processor.py:157} INFO - Started process (PID=27165) to work on /home/paulet/anaconda3/lib/python3.10/site-packages/airflow/example_dags/example_task_group_decorator.py
[2023-10-04T21:54:39.951+0300] {processor.py:826} INFO - Processing file /home/paulet/anaconda3/lib/python3.10/site-packages/airflow/example_dags/example_task_group_decorator.py for tasks to queue
[2023-10-04T21:54:39.952+0300] {logging_mixin.py:149} INFO - [2023-10-04T21:54:39.952+0300] {dagbag.py:541} INFO - Filling up the DagBag from /home/paulet/anaconda3/lib/python3.10/site-packages/airflow/example_dags/example_task_group_decorator.py
[2023-10-04T21:54:39.975+0300] {processor.py:836} INFO - DAG(s) dict_keys(['example_task_group_decorator']) retrieved from /home/paulet/anaconda3/lib/python3.10/site-packages/airflow/example_dags/example_task_group_decorator.py
[2023-10-04T21:54:40.004+0300] {logging_mixin.py:149} INFO - [2023-10-04T21:54:40.004+0300] {dag.py:2726} INFO - Sync 1 DAGs
[2023-10-04T21:54:40.028+0300] {logging_mixin.py:149} INFO - [2023-10-04T21:54:40.028+0300] {dag.py:3486} INFO - Setting next_dagrun for example_task_group_decorator to 2023-10-03T18:54:40.028448+00:00, run_after=2023-10-04T18:54:40.028448+00:00
[2023-10-04T21:54:40.195+0300] {processor.py:179} INFO - Processing /home/paulet/anaconda3/lib/python3.10/site-packages/airflow/example_dags/example_task_group_decorator.py took 0.279 seconds
[2023-10-04T21:55:33.689+0300] {processor.py:157} INFO - Started process (PID=27303) to work on /home/paulet/anaconda3/lib/python3.10/site-packages/airflow/example_dags/example_task_group_decorator.py
[2023-10-04T21:55:33.736+0300] {processor.py:826} INFO - Processing file /home/paulet/anaconda3/lib/python3.10/site-packages/airflow/example_dags/example_task_group_decorator.py for tasks to queue
[2023-10-04T21:55:33.737+0300] {logging_mixin.py:149} INFO - [2023-10-04T21:55:33.737+0300] {dagbag.py:541} INFO - Filling up the DagBag from /home/paulet/anaconda3/lib/python3.10/site-packages/airflow/example_dags/example_task_group_decorator.py
[2023-10-04T21:55:33.758+0300] {processor.py:836} INFO - DAG(s) dict_keys(['example_task_group_decorator']) retrieved from /home/paulet/anaconda3/lib/python3.10/site-packages/airflow/example_dags/example_task_group_decorator.py
[2023-10-04T21:55:33.791+0300] {logging_mixin.py:149} INFO - [2023-10-04T21:55:33.791+0300] {dag.py:2726} INFO - Sync 1 DAGs
[2023-10-04T21:55:33.815+0300] {logging_mixin.py:149} INFO - [2023-10-04T21:55:33.814+0300] {dag.py:3486} INFO - Setting next_dagrun for example_task_group_decorator to 2023-10-03T18:55:33.814571+00:00, run_after=2023-10-04T18:55:33.814571+00:00
[2023-10-04T21:55:34.379+0300] {processor.py:179} INFO - Processing /home/paulet/anaconda3/lib/python3.10/site-packages/airflow/example_dags/example_task_group_decorator.py took 0.693 seconds
[2023-10-04T21:56:09.566+0300] {processor.py:157} INFO - Started process (PID=27387) to work on /home/paulet/anaconda3/lib/python3.10/site-packages/airflow/example_dags/example_task_group_decorator.py
[2023-10-04T21:56:09.602+0300] {processor.py:826} INFO - Processing file /home/paulet/anaconda3/lib/python3.10/site-packages/airflow/example_dags/example_task_group_decorator.py for tasks to queue
[2023-10-04T21:56:09.604+0300] {logging_mixin.py:149} INFO - [2023-10-04T21:56:09.603+0300] {dagbag.py:541} INFO - Filling up the DagBag from /home/paulet/anaconda3/lib/python3.10/site-packages/airflow/example_dags/example_task_group_decorator.py
[2023-10-04T21:56:09.624+0300] {processor.py:836} INFO - DAG(s) dict_keys(['example_task_group_decorator']) retrieved from /home/paulet/anaconda3/lib/python3.10/site-packages/airflow/example_dags/example_task_group_decorator.py
[2023-10-04T21:56:09.657+0300] {logging_mixin.py:149} INFO - [2023-10-04T21:56:09.657+0300] {dag.py:2726} INFO - Sync 1 DAGs
[2023-10-04T21:56:09.681+0300] {logging_mixin.py:149} INFO - [2023-10-04T21:56:09.681+0300] {dag.py:3486} INFO - Setting next_dagrun for example_task_group_decorator to 2023-10-03T18:56:09.681428+00:00, run_after=2023-10-04T18:56:09.681428+00:00
[2023-10-04T21:56:09.952+0300] {processor.py:179} INFO - Processing /home/paulet/anaconda3/lib/python3.10/site-packages/airflow/example_dags/example_task_group_decorator.py took 0.392 seconds
