[2023-10-04T18:10:24.841+0300] {processor.py:157} INFO - Started process (PID=14401) to work on /home/paulet/anaconda3/lib/python3.10/site-packages/airflow/example_dags/example_branch_labels.py
[2023-10-04T18:10:24.842+0300] {processor.py:826} INFO - Processing file /home/paulet/anaconda3/lib/python3.10/site-packages/airflow/example_dags/example_branch_labels.py for tasks to queue
[2023-10-04T18:10:24.843+0300] {logging_mixin.py:149} INFO - [2023-10-04T18:10:24.843+0300] {dagbag.py:541} INFO - Filling up the DagBag from /home/paulet/anaconda3/lib/python3.10/site-packages/airflow/example_dags/example_branch_labels.py
[2023-10-04T18:10:24.856+0300] {processor.py:836} INFO - DAG(s) dict_keys(['example_branch_labels']) retrieved from /home/paulet/anaconda3/lib/python3.10/site-packages/airflow/example_dags/example_branch_labels.py
[2023-10-04T18:10:25.271+0300] {logging_mixin.py:149} INFO - [2023-10-04T18:10:25.270+0300] {manager.py:504} INFO - Created Permission View: can edit on DAG:example_branch_labels
[2023-10-04T18:10:25.388+0300] {logging_mixin.py:149} INFO - [2023-10-04T18:10:25.387+0300] {manager.py:504} INFO - Created Permission View: can read on DAG:example_branch_labels
[2023-10-04T18:10:25.519+0300] {logging_mixin.py:149} INFO - [2023-10-04T18:10:25.519+0300] {manager.py:504} INFO - Created Permission View: can delete on DAG:example_branch_labels
[2023-10-04T18:10:25.520+0300] {logging_mixin.py:149} INFO - [2023-10-04T18:10:25.520+0300] {dag.py:2726} INFO - Sync 1 DAGs
[2023-10-04T18:10:25.537+0300] {logging_mixin.py:149} INFO - [2023-10-04T18:10:25.537+0300] {dag.py:2747} INFO - Creating ORM DAG for example_branch_labels
[2023-10-04T18:10:25.554+0300] {logging_mixin.py:149} INFO - [2023-10-04T18:10:25.554+0300] {dag.py:3486} INFO - Setting next_dagrun for example_branch_labels to 2023-10-03T00:00:00+00:00, run_after=2023-10-04T00:00:00+00:00
[2023-10-04T18:10:25.753+0300] {processor.py:179} INFO - Processing /home/paulet/anaconda3/lib/python3.10/site-packages/airflow/example_dags/example_branch_labels.py took 0.916 seconds
[2023-10-04T18:12:33.641+0300] {processor.py:157} INFO - Started process (PID=15154) to work on /home/paulet/anaconda3/lib/python3.10/site-packages/airflow/example_dags/example_branch_labels.py
[2023-10-04T18:12:33.643+0300] {processor.py:826} INFO - Processing file /home/paulet/anaconda3/lib/python3.10/site-packages/airflow/example_dags/example_branch_labels.py for tasks to queue
[2023-10-04T18:12:33.644+0300] {logging_mixin.py:149} INFO - [2023-10-04T18:12:33.643+0300] {dagbag.py:541} INFO - Filling up the DagBag from /home/paulet/anaconda3/lib/python3.10/site-packages/airflow/example_dags/example_branch_labels.py
[2023-10-04T18:12:33.656+0300] {processor.py:836} INFO - DAG(s) dict_keys(['example_branch_labels']) retrieved from /home/paulet/anaconda3/lib/python3.10/site-packages/airflow/example_dags/example_branch_labels.py
[2023-10-04T18:12:33.684+0300] {logging_mixin.py:149} INFO - [2023-10-04T18:12:33.684+0300] {dag.py:2726} INFO - Sync 1 DAGs
[2023-10-04T18:12:33.713+0300] {logging_mixin.py:149} INFO - [2023-10-04T18:12:33.713+0300] {dag.py:3486} INFO - Setting next_dagrun for example_branch_labels to 2023-10-03T00:00:00+00:00, run_after=2023-10-04T00:00:00+00:00
[2023-10-04T18:12:33.831+0300] {processor.py:179} INFO - Processing /home/paulet/anaconda3/lib/python3.10/site-packages/airflow/example_dags/example_branch_labels.py took 0.194 seconds
[2023-10-04T18:14:57.834+0300] {processor.py:157} INFO - Started process (PID=16067) to work on /home/paulet/anaconda3/lib/python3.10/site-packages/airflow/example_dags/example_branch_labels.py
[2023-10-04T18:14:57.836+0300] {processor.py:826} INFO - Processing file /home/paulet/anaconda3/lib/python3.10/site-packages/airflow/example_dags/example_branch_labels.py for tasks to queue
[2023-10-04T18:14:57.836+0300] {logging_mixin.py:149} INFO - [2023-10-04T18:14:57.836+0300] {dagbag.py:541} INFO - Filling up the DagBag from /home/paulet/anaconda3/lib/python3.10/site-packages/airflow/example_dags/example_branch_labels.py
[2023-10-04T18:14:57.847+0300] {processor.py:836} INFO - DAG(s) dict_keys(['example_branch_labels']) retrieved from /home/paulet/anaconda3/lib/python3.10/site-packages/airflow/example_dags/example_branch_labels.py
[2023-10-04T18:14:57.874+0300] {logging_mixin.py:149} INFO - [2023-10-04T18:14:57.874+0300] {dag.py:2726} INFO - Sync 1 DAGs
[2023-10-04T18:14:57.900+0300] {logging_mixin.py:149} INFO - [2023-10-04T18:14:57.900+0300] {dag.py:3486} INFO - Setting next_dagrun for example_branch_labels to 2023-10-03T00:00:00+00:00, run_after=2023-10-04T00:00:00+00:00
[2023-10-04T18:14:58.015+0300] {processor.py:179} INFO - Processing /home/paulet/anaconda3/lib/python3.10/site-packages/airflow/example_dags/example_branch_labels.py took 0.184 seconds
[2023-10-04T18:16:16.420+0300] {processor.py:157} INFO - Started process (PID=16155) to work on /home/paulet/anaconda3/lib/python3.10/site-packages/airflow/example_dags/example_branch_labels.py
[2023-10-04T18:16:16.880+0300] {processor.py:826} INFO - Processing file /home/paulet/anaconda3/lib/python3.10/site-packages/airflow/example_dags/example_branch_labels.py for tasks to queue
[2023-10-04T18:16:16.881+0300] {logging_mixin.py:149} INFO - [2023-10-04T18:16:16.881+0300] {dagbag.py:541} INFO - Filling up the DagBag from /home/paulet/anaconda3/lib/python3.10/site-packages/airflow/example_dags/example_branch_labels.py
[2023-10-04T18:16:16.894+0300] {processor.py:836} INFO - DAG(s) dict_keys(['example_branch_labels']) retrieved from /home/paulet/anaconda3/lib/python3.10/site-packages/airflow/example_dags/example_branch_labels.py
[2023-10-04T18:16:16.924+0300] {logging_mixin.py:149} INFO - [2023-10-04T18:16:16.924+0300] {dag.py:2726} INFO - Sync 1 DAGs
[2023-10-04T18:16:16.956+0300] {logging_mixin.py:149} INFO - [2023-10-04T18:16:16.956+0300] {dag.py:3486} INFO - Setting next_dagrun for example_branch_labels to 2023-10-03T00:00:00+00:00, run_after=2023-10-04T00:00:00+00:00
[2023-10-04T18:16:17.311+0300] {processor.py:179} INFO - Processing /home/paulet/anaconda3/lib/python3.10/site-packages/airflow/example_dags/example_branch_labels.py took 0.896 seconds
[2023-10-04T18:17:43.701+0300] {processor.py:157} INFO - Started process (PID=16263) to work on /home/paulet/anaconda3/lib/python3.10/site-packages/airflow/example_dags/example_branch_labels.py
[2023-10-04T18:17:43.713+0300] {processor.py:826} INFO - Processing file /home/paulet/anaconda3/lib/python3.10/site-packages/airflow/example_dags/example_branch_labels.py for tasks to queue
[2023-10-04T18:17:43.714+0300] {logging_mixin.py:149} INFO - [2023-10-04T18:17:43.714+0300] {dagbag.py:541} INFO - Filling up the DagBag from /home/paulet/anaconda3/lib/python3.10/site-packages/airflow/example_dags/example_branch_labels.py
[2023-10-04T18:17:43.725+0300] {processor.py:836} INFO - DAG(s) dict_keys(['example_branch_labels']) retrieved from /home/paulet/anaconda3/lib/python3.10/site-packages/airflow/example_dags/example_branch_labels.py
[2023-10-04T18:17:43.753+0300] {logging_mixin.py:149} INFO - [2023-10-04T18:17:43.753+0300] {dag.py:2726} INFO - Sync 1 DAGs
[2023-10-04T18:17:43.779+0300] {logging_mixin.py:149} INFO - [2023-10-04T18:17:43.779+0300] {dag.py:3486} INFO - Setting next_dagrun for example_branch_labels to 2023-10-03T00:00:00+00:00, run_after=2023-10-04T00:00:00+00:00
[2023-10-04T18:17:43.887+0300] {processor.py:179} INFO - Processing /home/paulet/anaconda3/lib/python3.10/site-packages/airflow/example_dags/example_branch_labels.py took 0.190 seconds
[2023-10-04T21:01:05.765+0300] {processor.py:157} INFO - Started process (PID=22457) to work on /home/paulet/anaconda3/lib/python3.10/site-packages/airflow/example_dags/example_branch_labels.py
[2023-10-04T21:01:05.767+0300] {processor.py:826} INFO - Processing file /home/paulet/anaconda3/lib/python3.10/site-packages/airflow/example_dags/example_branch_labels.py for tasks to queue
[2023-10-04T21:01:05.768+0300] {logging_mixin.py:149} INFO - [2023-10-04T21:01:05.768+0300] {dagbag.py:541} INFO - Filling up the DagBag from /home/paulet/anaconda3/lib/python3.10/site-packages/airflow/example_dags/example_branch_labels.py
[2023-10-04T21:01:05.779+0300] {processor.py:836} INFO - DAG(s) dict_keys(['example_branch_labels']) retrieved from /home/paulet/anaconda3/lib/python3.10/site-packages/airflow/example_dags/example_branch_labels.py
[2023-10-04T21:01:05.810+0300] {logging_mixin.py:149} INFO - [2023-10-04T21:01:05.810+0300] {dag.py:2726} INFO - Sync 1 DAGs
[2023-10-04T21:01:05.839+0300] {logging_mixin.py:149} INFO - [2023-10-04T21:01:05.839+0300] {dag.py:3486} INFO - Setting next_dagrun for example_branch_labels to 2023-10-03T00:00:00+00:00, run_after=2023-10-04T00:00:00+00:00
[2023-10-04T21:01:05.982+0300] {processor.py:179} INFO - Processing /home/paulet/anaconda3/lib/python3.10/site-packages/airflow/example_dags/example_branch_labels.py took 0.221 seconds
[2023-10-04T21:02:20.924+0300] {processor.py:157} INFO - Started process (PID=22651) to work on /home/paulet/anaconda3/lib/python3.10/site-packages/airflow/example_dags/example_branch_labels.py
[2023-10-04T21:02:20.934+0300] {processor.py:826} INFO - Processing file /home/paulet/anaconda3/lib/python3.10/site-packages/airflow/example_dags/example_branch_labels.py for tasks to queue
[2023-10-04T21:02:20.935+0300] {logging_mixin.py:149} INFO - [2023-10-04T21:02:20.935+0300] {dagbag.py:541} INFO - Filling up the DagBag from /home/paulet/anaconda3/lib/python3.10/site-packages/airflow/example_dags/example_branch_labels.py
[2023-10-04T21:02:20.947+0300] {processor.py:836} INFO - DAG(s) dict_keys(['example_branch_labels']) retrieved from /home/paulet/anaconda3/lib/python3.10/site-packages/airflow/example_dags/example_branch_labels.py
[2023-10-04T21:02:20.974+0300] {logging_mixin.py:149} INFO - [2023-10-04T21:02:20.974+0300] {dag.py:2726} INFO - Sync 1 DAGs
[2023-10-04T21:02:21.002+0300] {logging_mixin.py:149} INFO - [2023-10-04T21:02:21.002+0300] {dag.py:3486} INFO - Setting next_dagrun for example_branch_labels to 2023-10-03T00:00:00+00:00, run_after=2023-10-04T00:00:00+00:00
[2023-10-04T21:02:21.114+0300] {processor.py:179} INFO - Processing /home/paulet/anaconda3/lib/python3.10/site-packages/airflow/example_dags/example_branch_labels.py took 0.195 seconds
[2023-10-04T21:03:37.648+0300] {processor.py:157} INFO - Started process (PID=22724) to work on /home/paulet/anaconda3/lib/python3.10/site-packages/airflow/example_dags/example_branch_labels.py
[2023-10-04T21:03:37.650+0300] {processor.py:826} INFO - Processing file /home/paulet/anaconda3/lib/python3.10/site-packages/airflow/example_dags/example_branch_labels.py for tasks to queue
[2023-10-04T21:03:37.651+0300] {logging_mixin.py:149} INFO - [2023-10-04T21:03:37.651+0300] {dagbag.py:541} INFO - Filling up the DagBag from /home/paulet/anaconda3/lib/python3.10/site-packages/airflow/example_dags/example_branch_labels.py
[2023-10-04T21:03:37.662+0300] {processor.py:836} INFO - DAG(s) dict_keys(['example_branch_labels']) retrieved from /home/paulet/anaconda3/lib/python3.10/site-packages/airflow/example_dags/example_branch_labels.py
[2023-10-04T21:03:37.687+0300] {logging_mixin.py:149} INFO - [2023-10-04T21:03:37.687+0300] {dag.py:2726} INFO - Sync 1 DAGs
[2023-10-04T21:03:37.713+0300] {logging_mixin.py:149} INFO - [2023-10-04T21:03:37.713+0300] {dag.py:3486} INFO - Setting next_dagrun for example_branch_labels to 2023-10-03T00:00:00+00:00, run_after=2023-10-04T00:00:00+00:00
[2023-10-04T21:03:37.842+0300] {processor.py:179} INFO - Processing /home/paulet/anaconda3/lib/python3.10/site-packages/airflow/example_dags/example_branch_labels.py took 0.198 seconds
[2023-10-04T21:04:34.460+0300] {processor.py:157} INFO - Started process (PID=22798) to work on /home/paulet/anaconda3/lib/python3.10/site-packages/airflow/example_dags/example_branch_labels.py
[2023-10-04T21:04:34.461+0300] {processor.py:826} INFO - Processing file /home/paulet/anaconda3/lib/python3.10/site-packages/airflow/example_dags/example_branch_labels.py for tasks to queue
[2023-10-04T21:04:34.462+0300] {logging_mixin.py:149} INFO - [2023-10-04T21:04:34.462+0300] {dagbag.py:541} INFO - Filling up the DagBag from /home/paulet/anaconda3/lib/python3.10/site-packages/airflow/example_dags/example_branch_labels.py
[2023-10-04T21:04:34.471+0300] {processor.py:836} INFO - DAG(s) dict_keys(['example_branch_labels']) retrieved from /home/paulet/anaconda3/lib/python3.10/site-packages/airflow/example_dags/example_branch_labels.py
[2023-10-04T21:04:34.495+0300] {logging_mixin.py:149} INFO - [2023-10-04T21:04:34.495+0300] {dag.py:2726} INFO - Sync 1 DAGs
[2023-10-04T21:04:34.519+0300] {logging_mixin.py:149} INFO - [2023-10-04T21:04:34.519+0300] {dag.py:3486} INFO - Setting next_dagrun for example_branch_labels to 2023-10-03T00:00:00+00:00, run_after=2023-10-04T00:00:00+00:00
[2023-10-04T21:04:34.651+0300] {processor.py:179} INFO - Processing /home/paulet/anaconda3/lib/python3.10/site-packages/airflow/example_dags/example_branch_labels.py took 0.196 seconds
[2023-10-04T21:05:31.716+0300] {processor.py:157} INFO - Started process (PID=22874) to work on /home/paulet/anaconda3/lib/python3.10/site-packages/airflow/example_dags/example_branch_labels.py
[2023-10-04T21:05:31.717+0300] {processor.py:826} INFO - Processing file /home/paulet/anaconda3/lib/python3.10/site-packages/airflow/example_dags/example_branch_labels.py for tasks to queue
[2023-10-04T21:05:31.719+0300] {logging_mixin.py:149} INFO - [2023-10-04T21:05:31.718+0300] {dagbag.py:541} INFO - Filling up the DagBag from /home/paulet/anaconda3/lib/python3.10/site-packages/airflow/example_dags/example_branch_labels.py
[2023-10-04T21:05:31.730+0300] {processor.py:836} INFO - DAG(s) dict_keys(['example_branch_labels']) retrieved from /home/paulet/anaconda3/lib/python3.10/site-packages/airflow/example_dags/example_branch_labels.py
[2023-10-04T21:05:31.756+0300] {logging_mixin.py:149} INFO - [2023-10-04T21:05:31.756+0300] {dag.py:2726} INFO - Sync 1 DAGs
[2023-10-04T21:05:31.781+0300] {logging_mixin.py:149} INFO - [2023-10-04T21:05:31.781+0300] {dag.py:3486} INFO - Setting next_dagrun for example_branch_labels to 2023-10-03T00:00:00+00:00, run_after=2023-10-04T00:00:00+00:00
[2023-10-04T21:05:31.898+0300] {processor.py:179} INFO - Processing /home/paulet/anaconda3/lib/python3.10/site-packages/airflow/example_dags/example_branch_labels.py took 0.187 seconds
[2023-10-04T21:06:30.213+0300] {processor.py:157} INFO - Started process (PID=22927) to work on /home/paulet/anaconda3/lib/python3.10/site-packages/airflow/example_dags/example_branch_labels.py
[2023-10-04T21:06:30.215+0300] {processor.py:826} INFO - Processing file /home/paulet/anaconda3/lib/python3.10/site-packages/airflow/example_dags/example_branch_labels.py for tasks to queue
[2023-10-04T21:06:30.216+0300] {logging_mixin.py:149} INFO - [2023-10-04T21:06:30.215+0300] {dagbag.py:541} INFO - Filling up the DagBag from /home/paulet/anaconda3/lib/python3.10/site-packages/airflow/example_dags/example_branch_labels.py
[2023-10-04T21:06:30.227+0300] {processor.py:836} INFO - DAG(s) dict_keys(['example_branch_labels']) retrieved from /home/paulet/anaconda3/lib/python3.10/site-packages/airflow/example_dags/example_branch_labels.py
[2023-10-04T21:06:30.253+0300] {logging_mixin.py:149} INFO - [2023-10-04T21:06:30.253+0300] {dag.py:2726} INFO - Sync 1 DAGs
[2023-10-04T21:06:30.278+0300] {logging_mixin.py:149} INFO - [2023-10-04T21:06:30.278+0300] {dag.py:3486} INFO - Setting next_dagrun for example_branch_labels to 2023-10-03T00:00:00+00:00, run_after=2023-10-04T00:00:00+00:00
[2023-10-04T21:06:30.423+0300] {processor.py:179} INFO - Processing /home/paulet/anaconda3/lib/python3.10/site-packages/airflow/example_dags/example_branch_labels.py took 0.215 seconds
[2023-10-04T21:07:45.992+0300] {processor.py:157} INFO - Started process (PID=22995) to work on /home/paulet/anaconda3/lib/python3.10/site-packages/airflow/example_dags/example_branch_labels.py
[2023-10-04T21:07:46.023+0300] {processor.py:826} INFO - Processing file /home/paulet/anaconda3/lib/python3.10/site-packages/airflow/example_dags/example_branch_labels.py for tasks to queue
[2023-10-04T21:07:46.024+0300] {logging_mixin.py:149} INFO - [2023-10-04T21:07:46.024+0300] {dagbag.py:541} INFO - Filling up the DagBag from /home/paulet/anaconda3/lib/python3.10/site-packages/airflow/example_dags/example_branch_labels.py
[2023-10-04T21:07:46.035+0300] {processor.py:836} INFO - DAG(s) dict_keys(['example_branch_labels']) retrieved from /home/paulet/anaconda3/lib/python3.10/site-packages/airflow/example_dags/example_branch_labels.py
[2023-10-04T21:07:46.059+0300] {logging_mixin.py:149} INFO - [2023-10-04T21:07:46.059+0300] {dag.py:2726} INFO - Sync 1 DAGs
[2023-10-04T21:07:46.085+0300] {logging_mixin.py:149} INFO - [2023-10-04T21:07:46.085+0300] {dag.py:3486} INFO - Setting next_dagrun for example_branch_labels to 2023-10-03T00:00:00+00:00, run_after=2023-10-04T00:00:00+00:00
[2023-10-04T21:07:46.212+0300] {processor.py:179} INFO - Processing /home/paulet/anaconda3/lib/python3.10/site-packages/airflow/example_dags/example_branch_labels.py took 0.225 seconds
[2023-10-04T21:08:59.480+0300] {processor.py:157} INFO - Started process (PID=23084) to work on /home/paulet/anaconda3/lib/python3.10/site-packages/airflow/example_dags/example_branch_labels.py
[2023-10-04T21:08:59.498+0300] {processor.py:826} INFO - Processing file /home/paulet/anaconda3/lib/python3.10/site-packages/airflow/example_dags/example_branch_labels.py for tasks to queue
[2023-10-04T21:08:59.499+0300] {logging_mixin.py:149} INFO - [2023-10-04T21:08:59.498+0300] {dagbag.py:541} INFO - Filling up the DagBag from /home/paulet/anaconda3/lib/python3.10/site-packages/airflow/example_dags/example_branch_labels.py
[2023-10-04T21:08:59.511+0300] {processor.py:836} INFO - DAG(s) dict_keys(['example_branch_labels']) retrieved from /home/paulet/anaconda3/lib/python3.10/site-packages/airflow/example_dags/example_branch_labels.py
[2023-10-04T21:08:59.539+0300] {logging_mixin.py:149} INFO - [2023-10-04T21:08:59.539+0300] {dag.py:2726} INFO - Sync 1 DAGs
[2023-10-04T21:08:59.564+0300] {logging_mixin.py:149} INFO - [2023-10-04T21:08:59.564+0300] {dag.py:3486} INFO - Setting next_dagrun for example_branch_labels to 2023-10-03T00:00:00+00:00, run_after=2023-10-04T00:00:00+00:00
[2023-10-04T21:08:59.670+0300] {processor.py:179} INFO - Processing /home/paulet/anaconda3/lib/python3.10/site-packages/airflow/example_dags/example_branch_labels.py took 0.194 seconds
[2023-10-04T21:10:15.208+0300] {processor.py:157} INFO - Started process (PID=23218) to work on /home/paulet/anaconda3/lib/python3.10/site-packages/airflow/example_dags/example_branch_labels.py
[2023-10-04T21:10:15.216+0300] {processor.py:826} INFO - Processing file /home/paulet/anaconda3/lib/python3.10/site-packages/airflow/example_dags/example_branch_labels.py for tasks to queue
[2023-10-04T21:10:15.217+0300] {logging_mixin.py:149} INFO - [2023-10-04T21:10:15.217+0300] {dagbag.py:541} INFO - Filling up the DagBag from /home/paulet/anaconda3/lib/python3.10/site-packages/airflow/example_dags/example_branch_labels.py
[2023-10-04T21:10:15.229+0300] {processor.py:836} INFO - DAG(s) dict_keys(['example_branch_labels']) retrieved from /home/paulet/anaconda3/lib/python3.10/site-packages/airflow/example_dags/example_branch_labels.py
[2023-10-04T21:10:15.256+0300] {logging_mixin.py:149} INFO - [2023-10-04T21:10:15.256+0300] {dag.py:2726} INFO - Sync 1 DAGs
[2023-10-04T21:10:15.281+0300] {logging_mixin.py:149} INFO - [2023-10-04T21:10:15.281+0300] {dag.py:3486} INFO - Setting next_dagrun for example_branch_labels to 2023-10-03T00:00:00+00:00, run_after=2023-10-04T00:00:00+00:00
[2023-10-04T21:10:15.387+0300] {processor.py:179} INFO - Processing /home/paulet/anaconda3/lib/python3.10/site-packages/airflow/example_dags/example_branch_labels.py took 0.183 seconds
[2023-10-04T21:52:32.120+0300] {processor.py:157} INFO - Started process (PID=27010) to work on /home/paulet/anaconda3/lib/python3.10/site-packages/airflow/example_dags/example_branch_labels.py
[2023-10-04T21:52:32.150+0300] {processor.py:826} INFO - Processing file /home/paulet/anaconda3/lib/python3.10/site-packages/airflow/example_dags/example_branch_labels.py for tasks to queue
[2023-10-04T21:52:32.151+0300] {logging_mixin.py:149} INFO - [2023-10-04T21:52:32.151+0300] {dagbag.py:541} INFO - Filling up the DagBag from /home/paulet/anaconda3/lib/python3.10/site-packages/airflow/example_dags/example_branch_labels.py
[2023-10-04T21:52:32.164+0300] {processor.py:836} INFO - DAG(s) dict_keys(['example_branch_labels']) retrieved from /home/paulet/anaconda3/lib/python3.10/site-packages/airflow/example_dags/example_branch_labels.py
[2023-10-04T21:52:32.196+0300] {logging_mixin.py:149} INFO - [2023-10-04T21:52:32.195+0300] {dag.py:2726} INFO - Sync 1 DAGs
[2023-10-04T21:52:32.221+0300] {logging_mixin.py:149} INFO - [2023-10-04T21:52:32.221+0300] {dag.py:3486} INFO - Setting next_dagrun for example_branch_labels to 2023-10-03T00:00:00+00:00, run_after=2023-10-04T00:00:00+00:00
[2023-10-04T21:52:32.368+0300] {processor.py:179} INFO - Processing /home/paulet/anaconda3/lib/python3.10/site-packages/airflow/example_dags/example_branch_labels.py took 0.252 seconds
[2023-10-04T21:53:29.268+0300] {processor.py:157} INFO - Started process (PID=27063) to work on /home/paulet/anaconda3/lib/python3.10/site-packages/airflow/example_dags/example_branch_labels.py
[2023-10-04T21:53:29.270+0300] {processor.py:826} INFO - Processing file /home/paulet/anaconda3/lib/python3.10/site-packages/airflow/example_dags/example_branch_labels.py for tasks to queue
[2023-10-04T21:53:29.271+0300] {logging_mixin.py:149} INFO - [2023-10-04T21:53:29.271+0300] {dagbag.py:541} INFO - Filling up the DagBag from /home/paulet/anaconda3/lib/python3.10/site-packages/airflow/example_dags/example_branch_labels.py
[2023-10-04T21:53:29.282+0300] {processor.py:836} INFO - DAG(s) dict_keys(['example_branch_labels']) retrieved from /home/paulet/anaconda3/lib/python3.10/site-packages/airflow/example_dags/example_branch_labels.py
[2023-10-04T21:53:29.308+0300] {logging_mixin.py:149} INFO - [2023-10-04T21:53:29.308+0300] {dag.py:2726} INFO - Sync 1 DAGs
[2023-10-04T21:53:29.334+0300] {logging_mixin.py:149} INFO - [2023-10-04T21:53:29.334+0300] {dag.py:3486} INFO - Setting next_dagrun for example_branch_labels to 2023-10-03T00:00:00+00:00, run_after=2023-10-04T00:00:00+00:00
[2023-10-04T21:53:29.478+0300] {processor.py:179} INFO - Processing /home/paulet/anaconda3/lib/python3.10/site-packages/airflow/example_dags/example_branch_labels.py took 0.214 seconds
[2023-10-04T21:54:33.976+0300] {processor.py:157} INFO - Started process (PID=27160) to work on /home/paulet/anaconda3/lib/python3.10/site-packages/airflow/example_dags/example_branch_labels.py
[2023-10-04T21:54:33.999+0300] {processor.py:826} INFO - Processing file /home/paulet/anaconda3/lib/python3.10/site-packages/airflow/example_dags/example_branch_labels.py for tasks to queue
[2023-10-04T21:54:34.000+0300] {logging_mixin.py:149} INFO - [2023-10-04T21:54:34.000+0300] {dagbag.py:541} INFO - Filling up the DagBag from /home/paulet/anaconda3/lib/python3.10/site-packages/airflow/example_dags/example_branch_labels.py
[2023-10-04T21:54:34.009+0300] {processor.py:836} INFO - DAG(s) dict_keys(['example_branch_labels']) retrieved from /home/paulet/anaconda3/lib/python3.10/site-packages/airflow/example_dags/example_branch_labels.py
[2023-10-04T21:54:34.032+0300] {logging_mixin.py:149} INFO - [2023-10-04T21:54:34.032+0300] {dag.py:2726} INFO - Sync 1 DAGs
[2023-10-04T21:54:34.057+0300] {logging_mixin.py:149} INFO - [2023-10-04T21:54:34.057+0300] {dag.py:3486} INFO - Setting next_dagrun for example_branch_labels to 2023-10-03T00:00:00+00:00, run_after=2023-10-04T00:00:00+00:00
[2023-10-04T21:54:34.174+0300] {processor.py:179} INFO - Processing /home/paulet/anaconda3/lib/python3.10/site-packages/airflow/example_dags/example_branch_labels.py took 0.201 seconds
[2023-10-04T21:55:28.221+0300] {processor.py:157} INFO - Started process (PID=27269) to work on /home/paulet/anaconda3/lib/python3.10/site-packages/airflow/example_dags/example_branch_labels.py
[2023-10-04T21:55:28.453+0300] {processor.py:826} INFO - Processing file /home/paulet/anaconda3/lib/python3.10/site-packages/airflow/example_dags/example_branch_labels.py for tasks to queue
[2023-10-04T21:55:28.454+0300] {logging_mixin.py:149} INFO - [2023-10-04T21:55:28.454+0300] {dagbag.py:541} INFO - Filling up the DagBag from /home/paulet/anaconda3/lib/python3.10/site-packages/airflow/example_dags/example_branch_labels.py
[2023-10-04T21:55:28.466+0300] {processor.py:836} INFO - DAG(s) dict_keys(['example_branch_labels']) retrieved from /home/paulet/anaconda3/lib/python3.10/site-packages/airflow/example_dags/example_branch_labels.py
[2023-10-04T21:55:28.495+0300] {logging_mixin.py:149} INFO - [2023-10-04T21:55:28.495+0300] {dag.py:2726} INFO - Sync 1 DAGs
[2023-10-04T21:55:28.532+0300] {logging_mixin.py:149} INFO - [2023-10-04T21:55:28.531+0300] {dag.py:3486} INFO - Setting next_dagrun for example_branch_labels to 2023-10-03T00:00:00+00:00, run_after=2023-10-04T00:00:00+00:00
[2023-10-04T21:55:28.940+0300] {processor.py:179} INFO - Processing /home/paulet/anaconda3/lib/python3.10/site-packages/airflow/example_dags/example_branch_labels.py took 0.722 seconds
