[2023-10-04T18:08:53.846+0300] {processor.py:157} INFO - Started process (PID=14009) to work on /home/paulet/anaconda3/lib/python3.10/site-packages/airflow/example_dags/example_xcom.py
[2023-10-04T18:08:53.847+0300] {processor.py:826} INFO - Processing file /home/paulet/anaconda3/lib/python3.10/site-packages/airflow/example_dags/example_xcom.py for tasks to queue
[2023-10-04T18:08:53.848+0300] {logging_mixin.py:149} INFO - [2023-10-04T18:08:53.848+0300] {dagbag.py:541} INFO - Filling up the DagBag from /home/paulet/anaconda3/lib/python3.10/site-packages/airflow/example_dags/example_xcom.py
[2023-10-04T18:08:53.861+0300] {processor.py:836} INFO - DAG(s) dict_keys(['example_xcom']) retrieved from /home/paulet/anaconda3/lib/python3.10/site-packages/airflow/example_dags/example_xcom.py
[2023-10-04T18:08:53.893+0300] {logging_mixin.py:149} INFO - [2023-10-04T18:08:53.893+0300] {dag.py:2726} INFO - Sync 1 DAGs
[2023-10-04T18:08:53.917+0300] {logging_mixin.py:149} INFO - [2023-10-04T18:08:53.917+0300] {dag.py:3486} INFO - Setting next_dagrun for example_xcom to 2021-01-01T00:00:00+00:00, run_after=2021-01-01T00:00:00+00:00
[2023-10-04T18:08:54.042+0300] {processor.py:179} INFO - Processing /home/paulet/anaconda3/lib/python3.10/site-packages/airflow/example_dags/example_xcom.py took 0.201 seconds
[2023-10-04T18:10:38.849+0300] {processor.py:157} INFO - Started process (PID=14455) to work on /home/paulet/anaconda3/lib/python3.10/site-packages/airflow/example_dags/example_xcom.py
[2023-10-04T18:10:38.850+0300] {processor.py:826} INFO - Processing file /home/paulet/anaconda3/lib/python3.10/site-packages/airflow/example_dags/example_xcom.py for tasks to queue
[2023-10-04T18:10:38.851+0300] {logging_mixin.py:149} INFO - [2023-10-04T18:10:38.851+0300] {dagbag.py:541} INFO - Filling up the DagBag from /home/paulet/anaconda3/lib/python3.10/site-packages/airflow/example_dags/example_xcom.py
[2023-10-04T18:10:38.862+0300] {processor.py:836} INFO - DAG(s) dict_keys(['example_xcom']) retrieved from /home/paulet/anaconda3/lib/python3.10/site-packages/airflow/example_dags/example_xcom.py
[2023-10-04T18:10:38.891+0300] {logging_mixin.py:149} INFO - [2023-10-04T18:10:38.891+0300] {dag.py:2726} INFO - Sync 1 DAGs
[2023-10-04T18:10:38.919+0300] {logging_mixin.py:149} INFO - [2023-10-04T18:10:38.918+0300] {dag.py:3486} INFO - Setting next_dagrun for example_xcom to 2021-01-01T00:00:00+00:00, run_after=2021-01-01T00:00:00+00:00
[2023-10-04T18:10:39.044+0300] {processor.py:179} INFO - Processing /home/paulet/anaconda3/lib/python3.10/site-packages/airflow/example_dags/example_xcom.py took 0.198 seconds
[2023-10-04T18:11:47.128+0300] {processor.py:157} INFO - Started process (PID=14886) to work on /home/paulet/anaconda3/lib/python3.10/site-packages/airflow/example_dags/example_xcom.py
[2023-10-04T18:11:47.129+0300] {processor.py:826} INFO - Processing file /home/paulet/anaconda3/lib/python3.10/site-packages/airflow/example_dags/example_xcom.py for tasks to queue
[2023-10-04T18:11:47.130+0300] {logging_mixin.py:149} INFO - [2023-10-04T18:11:47.130+0300] {dagbag.py:541} INFO - Filling up the DagBag from /home/paulet/anaconda3/lib/python3.10/site-packages/airflow/example_dags/example_xcom.py
[2023-10-04T18:11:47.141+0300] {processor.py:836} INFO - DAG(s) dict_keys(['example_xcom']) retrieved from /home/paulet/anaconda3/lib/python3.10/site-packages/airflow/example_dags/example_xcom.py
[2023-10-04T18:11:47.166+0300] {logging_mixin.py:149} INFO - [2023-10-04T18:11:47.166+0300] {dag.py:2726} INFO - Sync 1 DAGs
[2023-10-04T18:11:47.192+0300] {logging_mixin.py:149} INFO - [2023-10-04T18:11:47.191+0300] {dag.py:3486} INFO - Setting next_dagrun for example_xcom to 2021-01-01T00:00:00+00:00, run_after=2021-01-01T00:00:00+00:00
[2023-10-04T18:11:47.323+0300] {processor.py:179} INFO - Processing /home/paulet/anaconda3/lib/python3.10/site-packages/airflow/example_dags/example_xcom.py took 0.199 seconds
[2023-10-04T18:12:43.290+0300] {processor.py:157} INFO - Started process (PID=15163) to work on /home/paulet/anaconda3/lib/python3.10/site-packages/airflow/example_dags/example_xcom.py
[2023-10-04T18:12:43.291+0300] {processor.py:826} INFO - Processing file /home/paulet/anaconda3/lib/python3.10/site-packages/airflow/example_dags/example_xcom.py for tasks to queue
[2023-10-04T18:12:43.292+0300] {logging_mixin.py:149} INFO - [2023-10-04T18:12:43.292+0300] {dagbag.py:541} INFO - Filling up the DagBag from /home/paulet/anaconda3/lib/python3.10/site-packages/airflow/example_dags/example_xcom.py
[2023-10-04T18:12:43.300+0300] {processor.py:836} INFO - DAG(s) dict_keys(['example_xcom']) retrieved from /home/paulet/anaconda3/lib/python3.10/site-packages/airflow/example_dags/example_xcom.py
[2023-10-04T18:12:43.323+0300] {logging_mixin.py:149} INFO - [2023-10-04T18:12:43.323+0300] {dag.py:2726} INFO - Sync 1 DAGs
[2023-10-04T18:12:43.346+0300] {logging_mixin.py:149} INFO - [2023-10-04T18:12:43.345+0300] {dag.py:3486} INFO - Setting next_dagrun for example_xcom to 2021-01-01T00:00:00+00:00, run_after=2021-01-01T00:00:00+00:00
[2023-10-04T18:12:43.491+0300] {processor.py:179} INFO - Processing /home/paulet/anaconda3/lib/python3.10/site-packages/airflow/example_dags/example_xcom.py took 0.205 seconds
[2023-10-04T18:14:21.692+0300] {processor.py:157} INFO - Started process (PID=16031) to work on /home/paulet/anaconda3/lib/python3.10/site-packages/airflow/example_dags/example_xcom.py
[2023-10-04T18:14:21.693+0300] {processor.py:826} INFO - Processing file /home/paulet/anaconda3/lib/python3.10/site-packages/airflow/example_dags/example_xcom.py for tasks to queue
[2023-10-04T18:14:21.694+0300] {logging_mixin.py:149} INFO - [2023-10-04T18:14:21.694+0300] {dagbag.py:541} INFO - Filling up the DagBag from /home/paulet/anaconda3/lib/python3.10/site-packages/airflow/example_dags/example_xcom.py
[2023-10-04T18:14:21.705+0300] {processor.py:836} INFO - DAG(s) dict_keys(['example_xcom']) retrieved from /home/paulet/anaconda3/lib/python3.10/site-packages/airflow/example_dags/example_xcom.py
[2023-10-04T18:14:21.732+0300] {logging_mixin.py:149} INFO - [2023-10-04T18:14:21.732+0300] {dag.py:2726} INFO - Sync 1 DAGs
[2023-10-04T18:14:21.758+0300] {logging_mixin.py:149} INFO - [2023-10-04T18:14:21.758+0300] {dag.py:3486} INFO - Setting next_dagrun for example_xcom to 2021-01-01T00:00:00+00:00, run_after=2021-01-01T00:00:00+00:00
[2023-10-04T18:14:21.881+0300] {processor.py:179} INFO - Processing /home/paulet/anaconda3/lib/python3.10/site-packages/airflow/example_dags/example_xcom.py took 0.194 seconds
[2023-10-04T18:15:07.071+0300] {processor.py:157} INFO - Started process (PID=16080) to work on /home/paulet/anaconda3/lib/python3.10/site-packages/airflow/example_dags/example_xcom.py
[2023-10-04T18:15:07.073+0300] {processor.py:826} INFO - Processing file /home/paulet/anaconda3/lib/python3.10/site-packages/airflow/example_dags/example_xcom.py for tasks to queue
[2023-10-04T18:15:07.073+0300] {logging_mixin.py:149} INFO - [2023-10-04T18:15:07.073+0300] {dagbag.py:541} INFO - Filling up the DagBag from /home/paulet/anaconda3/lib/python3.10/site-packages/airflow/example_dags/example_xcom.py
[2023-10-04T18:15:07.083+0300] {processor.py:836} INFO - DAG(s) dict_keys(['example_xcom']) retrieved from /home/paulet/anaconda3/lib/python3.10/site-packages/airflow/example_dags/example_xcom.py
[2023-10-04T18:15:07.110+0300] {logging_mixin.py:149} INFO - [2023-10-04T18:15:07.110+0300] {dag.py:2726} INFO - Sync 1 DAGs
[2023-10-04T18:15:07.138+0300] {logging_mixin.py:149} INFO - [2023-10-04T18:15:07.138+0300] {dag.py:3486} INFO - Setting next_dagrun for example_xcom to 2021-01-01T00:00:00+00:00, run_after=2021-01-01T00:00:00+00:00
[2023-10-04T18:15:07.279+0300] {processor.py:179} INFO - Processing /home/paulet/anaconda3/lib/python3.10/site-packages/airflow/example_dags/example_xcom.py took 0.212 seconds
[2023-10-04T18:16:00.037+0300] {processor.py:157} INFO - Started process (PID=16132) to work on /home/paulet/anaconda3/lib/python3.10/site-packages/airflow/example_dags/example_xcom.py
[2023-10-04T18:16:00.038+0300] {processor.py:826} INFO - Processing file /home/paulet/anaconda3/lib/python3.10/site-packages/airflow/example_dags/example_xcom.py for tasks to queue
[2023-10-04T18:16:00.039+0300] {logging_mixin.py:149} INFO - [2023-10-04T18:16:00.039+0300] {dagbag.py:541} INFO - Filling up the DagBag from /home/paulet/anaconda3/lib/python3.10/site-packages/airflow/example_dags/example_xcom.py
[2023-10-04T18:16:00.049+0300] {processor.py:836} INFO - DAG(s) dict_keys(['example_xcom']) retrieved from /home/paulet/anaconda3/lib/python3.10/site-packages/airflow/example_dags/example_xcom.py
[2023-10-04T18:16:00.075+0300] {logging_mixin.py:149} INFO - [2023-10-04T18:16:00.075+0300] {dag.py:2726} INFO - Sync 1 DAGs
[2023-10-04T18:16:00.099+0300] {logging_mixin.py:149} INFO - [2023-10-04T18:16:00.099+0300] {dag.py:3486} INFO - Setting next_dagrun for example_xcom to 2021-01-01T00:00:00+00:00, run_after=2021-01-01T00:00:00+00:00
[2023-10-04T18:16:00.240+0300] {processor.py:179} INFO - Processing /home/paulet/anaconda3/lib/python3.10/site-packages/airflow/example_dags/example_xcom.py took 0.208 seconds
[2023-10-04T18:17:15.198+0300] {processor.py:157} INFO - Started process (PID=16212) to work on /home/paulet/anaconda3/lib/python3.10/site-packages/airflow/example_dags/example_xcom.py
[2023-10-04T18:17:15.200+0300] {processor.py:826} INFO - Processing file /home/paulet/anaconda3/lib/python3.10/site-packages/airflow/example_dags/example_xcom.py for tasks to queue
[2023-10-04T18:17:15.201+0300] {logging_mixin.py:149} INFO - [2023-10-04T18:17:15.201+0300] {dagbag.py:541} INFO - Filling up the DagBag from /home/paulet/anaconda3/lib/python3.10/site-packages/airflow/example_dags/example_xcom.py
[2023-10-04T18:17:15.211+0300] {processor.py:836} INFO - DAG(s) dict_keys(['example_xcom']) retrieved from /home/paulet/anaconda3/lib/python3.10/site-packages/airflow/example_dags/example_xcom.py
[2023-10-04T18:17:15.236+0300] {logging_mixin.py:149} INFO - [2023-10-04T18:17:15.236+0300] {dag.py:2726} INFO - Sync 1 DAGs
[2023-10-04T18:17:15.259+0300] {logging_mixin.py:149} INFO - [2023-10-04T18:17:15.258+0300] {dag.py:3486} INFO - Setting next_dagrun for example_xcom to 2021-01-01T00:00:00+00:00, run_after=2021-01-01T00:00:00+00:00
[2023-10-04T18:17:15.382+0300] {processor.py:179} INFO - Processing /home/paulet/anaconda3/lib/python3.10/site-packages/airflow/example_dags/example_xcom.py took 0.188 seconds
[2023-10-04T18:17:54.468+0300] {processor.py:157} INFO - Started process (PID=16289) to work on /home/paulet/anaconda3/lib/python3.10/site-packages/airflow/example_dags/example_xcom.py
[2023-10-04T18:17:54.511+0300] {processor.py:826} INFO - Processing file /home/paulet/anaconda3/lib/python3.10/site-packages/airflow/example_dags/example_xcom.py for tasks to queue
[2023-10-04T18:17:54.513+0300] {logging_mixin.py:149} INFO - [2023-10-04T18:17:54.512+0300] {dagbag.py:541} INFO - Filling up the DagBag from /home/paulet/anaconda3/lib/python3.10/site-packages/airflow/example_dags/example_xcom.py
[2023-10-04T18:17:54.523+0300] {processor.py:836} INFO - DAG(s) dict_keys(['example_xcom']) retrieved from /home/paulet/anaconda3/lib/python3.10/site-packages/airflow/example_dags/example_xcom.py
[2023-10-04T18:17:54.553+0300] {logging_mixin.py:149} INFO - [2023-10-04T18:17:54.552+0300] {dag.py:2726} INFO - Sync 1 DAGs
[2023-10-04T18:17:54.579+0300] {logging_mixin.py:149} INFO - [2023-10-04T18:17:54.579+0300] {dag.py:3486} INFO - Setting next_dagrun for example_xcom to 2021-01-01T00:00:00+00:00, run_after=2021-01-01T00:00:00+00:00
[2023-10-04T18:17:54.960+0300] {processor.py:179} INFO - Processing /home/paulet/anaconda3/lib/python3.10/site-packages/airflow/example_dags/example_xcom.py took 0.496 seconds
[2023-10-04T21:00:12.724+0300] {processor.py:157} INFO - Started process (PID=22401) to work on /home/paulet/anaconda3/lib/python3.10/site-packages/airflow/example_dags/example_xcom.py
[2023-10-04T21:00:12.726+0300] {processor.py:826} INFO - Processing file /home/paulet/anaconda3/lib/python3.10/site-packages/airflow/example_dags/example_xcom.py for tasks to queue
[2023-10-04T21:00:12.727+0300] {logging_mixin.py:149} INFO - [2023-10-04T21:00:12.727+0300] {dagbag.py:541} INFO - Filling up the DagBag from /home/paulet/anaconda3/lib/python3.10/site-packages/airflow/example_dags/example_xcom.py
[2023-10-04T21:00:12.741+0300] {processor.py:836} INFO - DAG(s) dict_keys(['example_xcom']) retrieved from /home/paulet/anaconda3/lib/python3.10/site-packages/airflow/example_dags/example_xcom.py
[2023-10-04T21:00:12.773+0300] {logging_mixin.py:149} INFO - [2023-10-04T21:00:12.772+0300] {dag.py:2726} INFO - Sync 1 DAGs
[2023-10-04T21:00:12.797+0300] {logging_mixin.py:149} INFO - [2023-10-04T21:00:12.797+0300] {dag.py:3486} INFO - Setting next_dagrun for example_xcom to 2021-01-01T00:00:00+00:00, run_after=2021-01-01T00:00:00+00:00
[2023-10-04T21:00:12.919+0300] {processor.py:179} INFO - Processing /home/paulet/anaconda3/lib/python3.10/site-packages/airflow/example_dags/example_xcom.py took 0.199 seconds
[2023-10-04T21:01:16.026+0300] {processor.py:157} INFO - Started process (PID=22466) to work on /home/paulet/anaconda3/lib/python3.10/site-packages/airflow/example_dags/example_xcom.py
[2023-10-04T21:01:16.060+0300] {processor.py:826} INFO - Processing file /home/paulet/anaconda3/lib/python3.10/site-packages/airflow/example_dags/example_xcom.py for tasks to queue
[2023-10-04T21:01:16.063+0300] {logging_mixin.py:149} INFO - [2023-10-04T21:01:16.062+0300] {dagbag.py:541} INFO - Filling up the DagBag from /home/paulet/anaconda3/lib/python3.10/site-packages/airflow/example_dags/example_xcom.py
[2023-10-04T21:01:16.073+0300] {processor.py:836} INFO - DAG(s) dict_keys(['example_xcom']) retrieved from /home/paulet/anaconda3/lib/python3.10/site-packages/airflow/example_dags/example_xcom.py
[2023-10-04T21:01:16.108+0300] {logging_mixin.py:149} INFO - [2023-10-04T21:01:16.107+0300] {dag.py:2726} INFO - Sync 1 DAGs
[2023-10-04T21:01:16.139+0300] {logging_mixin.py:149} INFO - [2023-10-04T21:01:16.139+0300] {dag.py:3486} INFO - Setting next_dagrun for example_xcom to 2021-01-01T00:00:00+00:00, run_after=2021-01-01T00:00:00+00:00
[2023-10-04T21:01:16.260+0300] {processor.py:179} INFO - Processing /home/paulet/anaconda3/lib/python3.10/site-packages/airflow/example_dags/example_xcom.py took 0.239 seconds
[2023-10-04T21:01:53.092+0300] {processor.py:157} INFO - Started process (PID=22621) to work on /home/paulet/anaconda3/lib/python3.10/site-packages/airflow/example_dags/example_xcom.py
[2023-10-04T21:01:53.111+0300] {processor.py:826} INFO - Processing file /home/paulet/anaconda3/lib/python3.10/site-packages/airflow/example_dags/example_xcom.py for tasks to queue
[2023-10-04T21:01:53.112+0300] {logging_mixin.py:149} INFO - [2023-10-04T21:01:53.112+0300] {dagbag.py:541} INFO - Filling up the DagBag from /home/paulet/anaconda3/lib/python3.10/site-packages/airflow/example_dags/example_xcom.py
[2023-10-04T21:01:53.123+0300] {processor.py:836} INFO - DAG(s) dict_keys(['example_xcom']) retrieved from /home/paulet/anaconda3/lib/python3.10/site-packages/airflow/example_dags/example_xcom.py
[2023-10-04T21:01:53.151+0300] {logging_mixin.py:149} INFO - [2023-10-04T21:01:53.151+0300] {dag.py:2726} INFO - Sync 1 DAGs
[2023-10-04T21:01:53.175+0300] {logging_mixin.py:149} INFO - [2023-10-04T21:01:53.175+0300] {dag.py:3486} INFO - Setting next_dagrun for example_xcom to 2021-01-01T00:00:00+00:00, run_after=2021-01-01T00:00:00+00:00
[2023-10-04T21:01:53.301+0300] {processor.py:179} INFO - Processing /home/paulet/anaconda3/lib/python3.10/site-packages/airflow/example_dags/example_xcom.py took 0.213 seconds
[2023-10-04T21:02:29.066+0300] {processor.py:157} INFO - Started process (PID=22660) to work on /home/paulet/anaconda3/lib/python3.10/site-packages/airflow/example_dags/example_xcom.py
[2023-10-04T21:02:29.100+0300] {processor.py:826} INFO - Processing file /home/paulet/anaconda3/lib/python3.10/site-packages/airflow/example_dags/example_xcom.py for tasks to queue
[2023-10-04T21:02:29.101+0300] {logging_mixin.py:149} INFO - [2023-10-04T21:02:29.101+0300] {dagbag.py:541} INFO - Filling up the DagBag from /home/paulet/anaconda3/lib/python3.10/site-packages/airflow/example_dags/example_xcom.py
[2023-10-04T21:02:29.111+0300] {processor.py:836} INFO - DAG(s) dict_keys(['example_xcom']) retrieved from /home/paulet/anaconda3/lib/python3.10/site-packages/airflow/example_dags/example_xcom.py
[2023-10-04T21:02:29.140+0300] {logging_mixin.py:149} INFO - [2023-10-04T21:02:29.140+0300] {dag.py:2726} INFO - Sync 1 DAGs
[2023-10-04T21:02:29.165+0300] {logging_mixin.py:149} INFO - [2023-10-04T21:02:29.165+0300] {dag.py:3486} INFO - Setting next_dagrun for example_xcom to 2021-01-01T00:00:00+00:00, run_after=2021-01-01T00:00:00+00:00
[2023-10-04T21:02:29.321+0300] {processor.py:179} INFO - Processing /home/paulet/anaconda3/lib/python3.10/site-packages/airflow/example_dags/example_xcom.py took 0.259 seconds
[2023-10-04T21:03:20.572+0300] {processor.py:157} INFO - Started process (PID=22707) to work on /home/paulet/anaconda3/lib/python3.10/site-packages/airflow/example_dags/example_xcom.py
[2023-10-04T21:03:20.608+0300] {processor.py:826} INFO - Processing file /home/paulet/anaconda3/lib/python3.10/site-packages/airflow/example_dags/example_xcom.py for tasks to queue
[2023-10-04T21:03:20.609+0300] {logging_mixin.py:149} INFO - [2023-10-04T21:03:20.609+0300] {dagbag.py:541} INFO - Filling up the DagBag from /home/paulet/anaconda3/lib/python3.10/site-packages/airflow/example_dags/example_xcom.py
[2023-10-04T21:03:20.619+0300] {processor.py:836} INFO - DAG(s) dict_keys(['example_xcom']) retrieved from /home/paulet/anaconda3/lib/python3.10/site-packages/airflow/example_dags/example_xcom.py
[2023-10-04T21:03:20.648+0300] {logging_mixin.py:149} INFO - [2023-10-04T21:03:20.648+0300] {dag.py:2726} INFO - Sync 1 DAGs
[2023-10-04T21:03:20.673+0300] {logging_mixin.py:149} INFO - [2023-10-04T21:03:20.673+0300] {dag.py:3486} INFO - Setting next_dagrun for example_xcom to 2021-01-01T00:00:00+00:00, run_after=2021-01-01T00:00:00+00:00
[2023-10-04T21:03:20.917+0300] {processor.py:179} INFO - Processing /home/paulet/anaconda3/lib/python3.10/site-packages/airflow/example_dags/example_xcom.py took 0.349 seconds
[2023-10-04T21:04:16.817+0300] {processor.py:157} INFO - Started process (PID=22761) to work on /home/paulet/anaconda3/lib/python3.10/site-packages/airflow/example_dags/example_xcom.py
[2023-10-04T21:04:16.818+0300] {processor.py:826} INFO - Processing file /home/paulet/anaconda3/lib/python3.10/site-packages/airflow/example_dags/example_xcom.py for tasks to queue
[2023-10-04T21:04:16.819+0300] {logging_mixin.py:149} INFO - [2023-10-04T21:04:16.819+0300] {dagbag.py:541} INFO - Filling up the DagBag from /home/paulet/anaconda3/lib/python3.10/site-packages/airflow/example_dags/example_xcom.py
[2023-10-04T21:04:16.830+0300] {processor.py:836} INFO - DAG(s) dict_keys(['example_xcom']) retrieved from /home/paulet/anaconda3/lib/python3.10/site-packages/airflow/example_dags/example_xcom.py
[2023-10-04T21:04:16.856+0300] {logging_mixin.py:149} INFO - [2023-10-04T21:04:16.855+0300] {dag.py:2726} INFO - Sync 1 DAGs
[2023-10-04T21:04:16.878+0300] {logging_mixin.py:149} INFO - [2023-10-04T21:04:16.878+0300] {dag.py:3486} INFO - Setting next_dagrun for example_xcom to 2021-01-01T00:00:00+00:00, run_after=2021-01-01T00:00:00+00:00
[2023-10-04T21:04:17.025+0300] {processor.py:179} INFO - Processing /home/paulet/anaconda3/lib/python3.10/site-packages/airflow/example_dags/example_xcom.py took 0.212 seconds
[2023-10-04T21:05:11.637+0300] {processor.py:157} INFO - Started process (PID=22853) to work on /home/paulet/anaconda3/lib/python3.10/site-packages/airflow/example_dags/example_xcom.py
[2023-10-04T21:05:11.665+0300] {processor.py:826} INFO - Processing file /home/paulet/anaconda3/lib/python3.10/site-packages/airflow/example_dags/example_xcom.py for tasks to queue
[2023-10-04T21:05:11.666+0300] {logging_mixin.py:149} INFO - [2023-10-04T21:05:11.666+0300] {dagbag.py:541} INFO - Filling up the DagBag from /home/paulet/anaconda3/lib/python3.10/site-packages/airflow/example_dags/example_xcom.py
[2023-10-04T21:05:11.677+0300] {processor.py:836} INFO - DAG(s) dict_keys(['example_xcom']) retrieved from /home/paulet/anaconda3/lib/python3.10/site-packages/airflow/example_dags/example_xcom.py
[2023-10-04T21:05:11.706+0300] {logging_mixin.py:149} INFO - [2023-10-04T21:05:11.705+0300] {dag.py:2726} INFO - Sync 1 DAGs
[2023-10-04T21:05:11.731+0300] {logging_mixin.py:149} INFO - [2023-10-04T21:05:11.730+0300] {dag.py:3486} INFO - Setting next_dagrun for example_xcom to 2021-01-01T00:00:00+00:00, run_after=2021-01-01T00:00:00+00:00
[2023-10-04T21:05:11.853+0300] {processor.py:179} INFO - Processing /home/paulet/anaconda3/lib/python3.10/site-packages/airflow/example_dags/example_xcom.py took 0.220 seconds
[2023-10-04T21:06:08.600+0300] {processor.py:157} INFO - Started process (PID=22904) to work on /home/paulet/anaconda3/lib/python3.10/site-packages/airflow/example_dags/example_xcom.py
[2023-10-04T21:06:08.601+0300] {processor.py:826} INFO - Processing file /home/paulet/anaconda3/lib/python3.10/site-packages/airflow/example_dags/example_xcom.py for tasks to queue
[2023-10-04T21:06:08.602+0300] {logging_mixin.py:149} INFO - [2023-10-04T21:06:08.602+0300] {dagbag.py:541} INFO - Filling up the DagBag from /home/paulet/anaconda3/lib/python3.10/site-packages/airflow/example_dags/example_xcom.py
[2023-10-04T21:06:08.613+0300] {processor.py:836} INFO - DAG(s) dict_keys(['example_xcom']) retrieved from /home/paulet/anaconda3/lib/python3.10/site-packages/airflow/example_dags/example_xcom.py
[2023-10-04T21:06:08.639+0300] {logging_mixin.py:149} INFO - [2023-10-04T21:06:08.639+0300] {dag.py:2726} INFO - Sync 1 DAGs
[2023-10-04T21:06:08.662+0300] {logging_mixin.py:149} INFO - [2023-10-04T21:06:08.662+0300] {dag.py:3486} INFO - Setting next_dagrun for example_xcom to 2021-01-01T00:00:00+00:00, run_after=2021-01-01T00:00:00+00:00
[2023-10-04T21:06:08.809+0300] {processor.py:179} INFO - Processing /home/paulet/anaconda3/lib/python3.10/site-packages/airflow/example_dags/example_xcom.py took 0.213 seconds
[2023-10-04T21:07:06.709+0300] {processor.py:157} INFO - Started process (PID=22956) to work on /home/paulet/anaconda3/lib/python3.10/site-packages/airflow/example_dags/example_xcom.py
[2023-10-04T21:07:06.736+0300] {processor.py:826} INFO - Processing file /home/paulet/anaconda3/lib/python3.10/site-packages/airflow/example_dags/example_xcom.py for tasks to queue
[2023-10-04T21:07:06.737+0300] {logging_mixin.py:149} INFO - [2023-10-04T21:07:06.737+0300] {dagbag.py:541} INFO - Filling up the DagBag from /home/paulet/anaconda3/lib/python3.10/site-packages/airflow/example_dags/example_xcom.py
[2023-10-04T21:07:06.748+0300] {processor.py:836} INFO - DAG(s) dict_keys(['example_xcom']) retrieved from /home/paulet/anaconda3/lib/python3.10/site-packages/airflow/example_dags/example_xcom.py
[2023-10-04T21:07:06.777+0300] {logging_mixin.py:149} INFO - [2023-10-04T21:07:06.777+0300] {dag.py:2726} INFO - Sync 1 DAGs
[2023-10-04T21:07:06.802+0300] {logging_mixin.py:149} INFO - [2023-10-04T21:07:06.802+0300] {dag.py:3486} INFO - Setting next_dagrun for example_xcom to 2021-01-01T00:00:00+00:00, run_after=2021-01-01T00:00:00+00:00
[2023-10-04T21:07:06.951+0300] {processor.py:179} INFO - Processing /home/paulet/anaconda3/lib/python3.10/site-packages/airflow/example_dags/example_xcom.py took 0.246 seconds
[2023-10-04T21:07:54.295+0300] {processor.py:157} INFO - Started process (PID=23002) to work on /home/paulet/anaconda3/lib/python3.10/site-packages/airflow/example_dags/example_xcom.py
[2023-10-04T21:07:54.296+0300] {processor.py:826} INFO - Processing file /home/paulet/anaconda3/lib/python3.10/site-packages/airflow/example_dags/example_xcom.py for tasks to queue
[2023-10-04T21:07:54.297+0300] {logging_mixin.py:149} INFO - [2023-10-04T21:07:54.297+0300] {dagbag.py:541} INFO - Filling up the DagBag from /home/paulet/anaconda3/lib/python3.10/site-packages/airflow/example_dags/example_xcom.py
[2023-10-04T21:07:54.307+0300] {processor.py:836} INFO - DAG(s) dict_keys(['example_xcom']) retrieved from /home/paulet/anaconda3/lib/python3.10/site-packages/airflow/example_dags/example_xcom.py
[2023-10-04T21:07:54.338+0300] {logging_mixin.py:149} INFO - [2023-10-04T21:07:54.338+0300] {dag.py:2726} INFO - Sync 1 DAGs
[2023-10-04T21:07:54.362+0300] {logging_mixin.py:149} INFO - [2023-10-04T21:07:54.362+0300] {dag.py:3486} INFO - Setting next_dagrun for example_xcom to 2021-01-01T00:00:00+00:00, run_after=2021-01-01T00:00:00+00:00
[2023-10-04T21:07:54.505+0300] {processor.py:179} INFO - Processing /home/paulet/anaconda3/lib/python3.10/site-packages/airflow/example_dags/example_xcom.py took 0.214 seconds
[2023-10-04T21:08:43.191+0300] {processor.py:157} INFO - Started process (PID=23066) to work on /home/paulet/anaconda3/lib/python3.10/site-packages/airflow/example_dags/example_xcom.py
[2023-10-04T21:08:43.192+0300] {processor.py:826} INFO - Processing file /home/paulet/anaconda3/lib/python3.10/site-packages/airflow/example_dags/example_xcom.py for tasks to queue
[2023-10-04T21:08:43.193+0300] {logging_mixin.py:149} INFO - [2023-10-04T21:08:43.193+0300] {dagbag.py:541} INFO - Filling up the DagBag from /home/paulet/anaconda3/lib/python3.10/site-packages/airflow/example_dags/example_xcom.py
[2023-10-04T21:08:43.204+0300] {processor.py:836} INFO - DAG(s) dict_keys(['example_xcom']) retrieved from /home/paulet/anaconda3/lib/python3.10/site-packages/airflow/example_dags/example_xcom.py
[2023-10-04T21:08:43.229+0300] {logging_mixin.py:149} INFO - [2023-10-04T21:08:43.229+0300] {dag.py:2726} INFO - Sync 1 DAGs
[2023-10-04T21:08:43.253+0300] {logging_mixin.py:149} INFO - [2023-10-04T21:08:43.252+0300] {dag.py:3486} INFO - Setting next_dagrun for example_xcom to 2021-01-01T00:00:00+00:00, run_after=2021-01-01T00:00:00+00:00
[2023-10-04T21:08:43.416+0300] {processor.py:179} INFO - Processing /home/paulet/anaconda3/lib/python3.10/site-packages/airflow/example_dags/example_xcom.py took 0.230 seconds
[2023-10-04T21:09:32.844+0300] {processor.py:157} INFO - Started process (PID=23143) to work on /home/paulet/anaconda3/lib/python3.10/site-packages/airflow/example_dags/example_xcom.py
[2023-10-04T21:09:32.877+0300] {processor.py:826} INFO - Processing file /home/paulet/anaconda3/lib/python3.10/site-packages/airflow/example_dags/example_xcom.py for tasks to queue
[2023-10-04T21:09:32.878+0300] {logging_mixin.py:149} INFO - [2023-10-04T21:09:32.878+0300] {dagbag.py:541} INFO - Filling up the DagBag from /home/paulet/anaconda3/lib/python3.10/site-packages/airflow/example_dags/example_xcom.py
[2023-10-04T21:09:32.889+0300] {processor.py:836} INFO - DAG(s) dict_keys(['example_xcom']) retrieved from /home/paulet/anaconda3/lib/python3.10/site-packages/airflow/example_dags/example_xcom.py
[2023-10-04T21:09:32.918+0300] {logging_mixin.py:149} INFO - [2023-10-04T21:09:32.917+0300] {dag.py:2726} INFO - Sync 1 DAGs
[2023-10-04T21:09:32.942+0300] {logging_mixin.py:149} INFO - [2023-10-04T21:09:32.942+0300] {dag.py:3486} INFO - Setting next_dagrun for example_xcom to 2021-01-01T00:00:00+00:00, run_after=2021-01-01T00:00:00+00:00
[2023-10-04T21:09:33.082+0300] {processor.py:179} INFO - Processing /home/paulet/anaconda3/lib/python3.10/site-packages/airflow/example_dags/example_xcom.py took 0.243 seconds
[2023-10-04T21:10:23.969+0300] {processor.py:157} INFO - Started process (PID=23237) to work on /home/paulet/anaconda3/lib/python3.10/site-packages/airflow/example_dags/example_xcom.py
[2023-10-04T21:10:23.970+0300] {processor.py:826} INFO - Processing file /home/paulet/anaconda3/lib/python3.10/site-packages/airflow/example_dags/example_xcom.py for tasks to queue
[2023-10-04T21:10:23.970+0300] {logging_mixin.py:149} INFO - [2023-10-04T21:10:23.970+0300] {dagbag.py:541} INFO - Filling up the DagBag from /home/paulet/anaconda3/lib/python3.10/site-packages/airflow/example_dags/example_xcom.py
[2023-10-04T21:10:23.979+0300] {processor.py:836} INFO - DAG(s) dict_keys(['example_xcom']) retrieved from /home/paulet/anaconda3/lib/python3.10/site-packages/airflow/example_dags/example_xcom.py
[2023-10-04T21:10:24.004+0300] {logging_mixin.py:149} INFO - [2023-10-04T21:10:24.004+0300] {dag.py:2726} INFO - Sync 1 DAGs
[2023-10-04T21:10:24.031+0300] {logging_mixin.py:149} INFO - [2023-10-04T21:10:24.030+0300] {dag.py:3486} INFO - Setting next_dagrun for example_xcom to 2021-01-01T00:00:00+00:00, run_after=2021-01-01T00:00:00+00:00
[2023-10-04T21:10:24.204+0300] {processor.py:179} INFO - Processing /home/paulet/anaconda3/lib/python3.10/site-packages/airflow/example_dags/example_xcom.py took 0.239 seconds
[2023-10-04T21:51:34.108+0300] {processor.py:157} INFO - Started process (PID=26890) to work on /home/paulet/anaconda3/lib/python3.10/site-packages/airflow/example_dags/example_xcom.py
[2023-10-04T21:51:34.124+0300] {processor.py:826} INFO - Processing file /home/paulet/anaconda3/lib/python3.10/site-packages/airflow/example_dags/example_xcom.py for tasks to queue
[2023-10-04T21:51:34.125+0300] {logging_mixin.py:149} INFO - [2023-10-04T21:51:34.125+0300] {dagbag.py:541} INFO - Filling up the DagBag from /home/paulet/anaconda3/lib/python3.10/site-packages/airflow/example_dags/example_xcom.py
[2023-10-04T21:51:34.139+0300] {processor.py:836} INFO - DAG(s) dict_keys(['example_xcom']) retrieved from /home/paulet/anaconda3/lib/python3.10/site-packages/airflow/example_dags/example_xcom.py
[2023-10-04T21:51:34.173+0300] {logging_mixin.py:149} INFO - [2023-10-04T21:51:34.173+0300] {dag.py:2726} INFO - Sync 1 DAGs
[2023-10-04T21:51:34.199+0300] {logging_mixin.py:149} INFO - [2023-10-04T21:51:34.199+0300] {dag.py:3486} INFO - Setting next_dagrun for example_xcom to 2021-01-01T00:00:00+00:00, run_after=2021-01-01T00:00:00+00:00
[2023-10-04T21:51:34.327+0300] {processor.py:179} INFO - Processing /home/paulet/anaconda3/lib/python3.10/site-packages/airflow/example_dags/example_xcom.py took 0.223 seconds
[2023-10-04T21:52:42.320+0300] {processor.py:157} INFO - Started process (PID=27018) to work on /home/paulet/anaconda3/lib/python3.10/site-packages/airflow/example_dags/example_xcom.py
[2023-10-04T21:52:42.349+0300] {processor.py:826} INFO - Processing file /home/paulet/anaconda3/lib/python3.10/site-packages/airflow/example_dags/example_xcom.py for tasks to queue
[2023-10-04T21:52:42.350+0300] {logging_mixin.py:149} INFO - [2023-10-04T21:52:42.350+0300] {dagbag.py:541} INFO - Filling up the DagBag from /home/paulet/anaconda3/lib/python3.10/site-packages/airflow/example_dags/example_xcom.py
[2023-10-04T21:52:42.361+0300] {processor.py:836} INFO - DAG(s) dict_keys(['example_xcom']) retrieved from /home/paulet/anaconda3/lib/python3.10/site-packages/airflow/example_dags/example_xcom.py
[2023-10-04T21:52:42.389+0300] {logging_mixin.py:149} INFO - [2023-10-04T21:52:42.389+0300] {dag.py:2726} INFO - Sync 1 DAGs
[2023-10-04T21:52:42.413+0300] {logging_mixin.py:149} INFO - [2023-10-04T21:52:42.413+0300] {dag.py:3486} INFO - Setting next_dagrun for example_xcom to 2021-01-01T00:00:00+00:00, run_after=2021-01-01T00:00:00+00:00
[2023-10-04T21:52:42.586+0300] {processor.py:179} INFO - Processing /home/paulet/anaconda3/lib/python3.10/site-packages/airflow/example_dags/example_xcom.py took 0.270 seconds
[2023-10-04T21:53:38.864+0300] {processor.py:157} INFO - Started process (PID=27089) to work on /home/paulet/anaconda3/lib/python3.10/site-packages/airflow/example_dags/example_xcom.py
[2023-10-04T21:53:38.872+0300] {processor.py:826} INFO - Processing file /home/paulet/anaconda3/lib/python3.10/site-packages/airflow/example_dags/example_xcom.py for tasks to queue
[2023-10-04T21:53:38.873+0300] {logging_mixin.py:149} INFO - [2023-10-04T21:53:38.873+0300] {dagbag.py:541} INFO - Filling up the DagBag from /home/paulet/anaconda3/lib/python3.10/site-packages/airflow/example_dags/example_xcom.py
[2023-10-04T21:53:38.884+0300] {processor.py:836} INFO - DAG(s) dict_keys(['example_xcom']) retrieved from /home/paulet/anaconda3/lib/python3.10/site-packages/airflow/example_dags/example_xcom.py
[2023-10-04T21:53:38.910+0300] {logging_mixin.py:149} INFO - [2023-10-04T21:53:38.910+0300] {dag.py:2726} INFO - Sync 1 DAGs
[2023-10-04T21:53:38.935+0300] {logging_mixin.py:149} INFO - [2023-10-04T21:53:38.935+0300] {dag.py:3486} INFO - Setting next_dagrun for example_xcom to 2021-01-01T00:00:00+00:00, run_after=2021-01-01T00:00:00+00:00
[2023-10-04T21:53:39.061+0300] {processor.py:179} INFO - Processing /home/paulet/anaconda3/lib/python3.10/site-packages/airflow/example_dags/example_xcom.py took 0.201 seconds
[2023-10-04T21:54:43.637+0300] {processor.py:157} INFO - Started process (PID=27168) to work on /home/paulet/anaconda3/lib/python3.10/site-packages/airflow/example_dags/example_xcom.py
[2023-10-04T21:54:43.653+0300] {processor.py:826} INFO - Processing file /home/paulet/anaconda3/lib/python3.10/site-packages/airflow/example_dags/example_xcom.py for tasks to queue
[2023-10-04T21:54:43.654+0300] {logging_mixin.py:149} INFO - [2023-10-04T21:54:43.654+0300] {dagbag.py:541} INFO - Filling up the DagBag from /home/paulet/anaconda3/lib/python3.10/site-packages/airflow/example_dags/example_xcom.py
[2023-10-04T21:54:43.662+0300] {processor.py:836} INFO - DAG(s) dict_keys(['example_xcom']) retrieved from /home/paulet/anaconda3/lib/python3.10/site-packages/airflow/example_dags/example_xcom.py
[2023-10-04T21:54:43.685+0300] {logging_mixin.py:149} INFO - [2023-10-04T21:54:43.685+0300] {dag.py:2726} INFO - Sync 1 DAGs
[2023-10-04T21:54:43.707+0300] {logging_mixin.py:149} INFO - [2023-10-04T21:54:43.707+0300] {dag.py:3486} INFO - Setting next_dagrun for example_xcom to 2021-01-01T00:00:00+00:00, run_after=2021-01-01T00:00:00+00:00
[2023-10-04T21:54:43.876+0300] {processor.py:179} INFO - Processing /home/paulet/anaconda3/lib/python3.10/site-packages/airflow/example_dags/example_xcom.py took 0.243 seconds
[2023-10-04T21:55:39.004+0300] {processor.py:157} INFO - Started process (PID=27340) to work on /home/paulet/anaconda3/lib/python3.10/site-packages/airflow/example_dags/example_xcom.py
[2023-10-04T21:55:39.064+0300] {processor.py:826} INFO - Processing file /home/paulet/anaconda3/lib/python3.10/site-packages/airflow/example_dags/example_xcom.py for tasks to queue
[2023-10-04T21:55:39.065+0300] {logging_mixin.py:149} INFO - [2023-10-04T21:55:39.065+0300] {dagbag.py:541} INFO - Filling up the DagBag from /home/paulet/anaconda3/lib/python3.10/site-packages/airflow/example_dags/example_xcom.py
[2023-10-04T21:55:39.076+0300] {processor.py:836} INFO - DAG(s) dict_keys(['example_xcom']) retrieved from /home/paulet/anaconda3/lib/python3.10/site-packages/airflow/example_dags/example_xcom.py
[2023-10-04T21:55:39.109+0300] {logging_mixin.py:149} INFO - [2023-10-04T21:55:39.108+0300] {dag.py:2726} INFO - Sync 1 DAGs
[2023-10-04T21:55:39.139+0300] {logging_mixin.py:149} INFO - [2023-10-04T21:55:39.138+0300] {dag.py:3486} INFO - Setting next_dagrun for example_xcom to 2021-01-01T00:00:00+00:00, run_after=2021-01-01T00:00:00+00:00
[2023-10-04T21:55:39.872+0300] {processor.py:179} INFO - Processing /home/paulet/anaconda3/lib/python3.10/site-packages/airflow/example_dags/example_xcom.py took 0.873 seconds
