[2023-10-04T18:09:39.045+0300] {processor.py:157} INFO - Started process (PID=14175) to work on /home/paulet/anaconda3/lib/python3.10/site-packages/airflow/example_dags/example_latest_only.py
[2023-10-04T18:09:39.046+0300] {processor.py:826} INFO - Processing file /home/paulet/anaconda3/lib/python3.10/site-packages/airflow/example_dags/example_latest_only.py for tasks to queue
[2023-10-04T18:09:39.047+0300] {logging_mixin.py:149} INFO - [2023-10-04T18:09:39.047+0300] {dagbag.py:541} INFO - Filling up the DagBag from /home/paulet/anaconda3/lib/python3.10/site-packages/airflow/example_dags/example_latest_only.py
[2023-10-04T18:09:39.058+0300] {processor.py:836} INFO - DAG(s) dict_keys(['latest_only']) retrieved from /home/paulet/anaconda3/lib/python3.10/site-packages/airflow/example_dags/example_latest_only.py
[2023-10-04T18:09:39.413+0300] {logging_mixin.py:149} INFO - [2023-10-04T18:09:39.413+0300] {manager.py:504} INFO - Created Permission View: can edit on DAG:latest_only
[2023-10-04T18:09:39.536+0300] {logging_mixin.py:149} INFO - [2023-10-04T18:09:39.535+0300] {manager.py:504} INFO - Created Permission View: can read on DAG:latest_only
[2023-10-04T18:09:39.656+0300] {logging_mixin.py:149} INFO - [2023-10-04T18:09:39.656+0300] {manager.py:504} INFO - Created Permission View: can delete on DAG:latest_only
[2023-10-04T18:09:39.657+0300] {logging_mixin.py:149} INFO - [2023-10-04T18:09:39.656+0300] {dag.py:2726} INFO - Sync 1 DAGs
[2023-10-04T18:09:39.695+0300] {logging_mixin.py:149} INFO - [2023-10-04T18:09:39.695+0300] {dag.py:2747} INFO - Creating ORM DAG for latest_only
[2023-10-04T18:09:39.715+0300] {logging_mixin.py:149} INFO - [2023-10-04T18:09:39.715+0300] {dag.py:3486} INFO - Setting next_dagrun for latest_only to 2023-10-04T11:09:39.715149+00:00, run_after=2023-10-04T15:09:39.715149+00:00
[2023-10-04T18:09:39.949+0300] {processor.py:179} INFO - Processing /home/paulet/anaconda3/lib/python3.10/site-packages/airflow/example_dags/example_latest_only.py took 0.909 seconds
[2023-10-04T18:11:19.913+0300] {processor.py:157} INFO - Started process (PID=14723) to work on /home/paulet/anaconda3/lib/python3.10/site-packages/airflow/example_dags/example_latest_only.py
[2023-10-04T18:11:19.924+0300] {processor.py:826} INFO - Processing file /home/paulet/anaconda3/lib/python3.10/site-packages/airflow/example_dags/example_latest_only.py for tasks to queue
[2023-10-04T18:11:19.925+0300] {logging_mixin.py:149} INFO - [2023-10-04T18:11:19.925+0300] {dagbag.py:541} INFO - Filling up the DagBag from /home/paulet/anaconda3/lib/python3.10/site-packages/airflow/example_dags/example_latest_only.py
[2023-10-04T18:11:19.934+0300] {processor.py:836} INFO - DAG(s) dict_keys(['latest_only']) retrieved from /home/paulet/anaconda3/lib/python3.10/site-packages/airflow/example_dags/example_latest_only.py
[2023-10-04T18:11:19.959+0300] {logging_mixin.py:149} INFO - [2023-10-04T18:11:19.958+0300] {dag.py:2726} INFO - Sync 1 DAGs
[2023-10-04T18:11:19.984+0300] {logging_mixin.py:149} INFO - [2023-10-04T18:11:19.984+0300] {dag.py:3486} INFO - Setting next_dagrun for latest_only to 2023-10-04T11:11:19.984335+00:00, run_after=2023-10-04T15:11:19.984335+00:00
[2023-10-04T18:11:20.139+0300] {processor.py:179} INFO - Processing /home/paulet/anaconda3/lib/python3.10/site-packages/airflow/example_dags/example_latest_only.py took 0.231 seconds
[2023-10-04T18:14:06.628+0300] {processor.py:157} INFO - Started process (PID=15977) to work on /home/paulet/anaconda3/lib/python3.10/site-packages/airflow/example_dags/example_latest_only.py
[2023-10-04T18:14:06.638+0300] {processor.py:826} INFO - Processing file /home/paulet/anaconda3/lib/python3.10/site-packages/airflow/example_dags/example_latest_only.py for tasks to queue
[2023-10-04T18:14:06.640+0300] {logging_mixin.py:149} INFO - [2023-10-04T18:14:06.639+0300] {dagbag.py:541} INFO - Filling up the DagBag from /home/paulet/anaconda3/lib/python3.10/site-packages/airflow/example_dags/example_latest_only.py
[2023-10-04T18:14:06.648+0300] {processor.py:836} INFO - DAG(s) dict_keys(['latest_only']) retrieved from /home/paulet/anaconda3/lib/python3.10/site-packages/airflow/example_dags/example_latest_only.py
[2023-10-04T18:14:06.673+0300] {logging_mixin.py:149} INFO - [2023-10-04T18:14:06.673+0300] {dag.py:2726} INFO - Sync 1 DAGs
[2023-10-04T18:14:06.699+0300] {logging_mixin.py:149} INFO - [2023-10-04T18:14:06.699+0300] {dag.py:3486} INFO - Setting next_dagrun for latest_only to 2023-10-04T11:14:06.699171+00:00, run_after=2023-10-04T15:14:06.699171+00:00
[2023-10-04T18:14:06.969+0300] {processor.py:179} INFO - Processing /home/paulet/anaconda3/lib/python3.10/site-packages/airflow/example_dags/example_latest_only.py took 0.345 seconds
[2023-10-04T18:15:18.932+0300] {processor.py:157} INFO - Started process (PID=16096) to work on /home/paulet/anaconda3/lib/python3.10/site-packages/airflow/example_dags/example_latest_only.py
[2023-10-04T18:15:18.933+0300] {processor.py:826} INFO - Processing file /home/paulet/anaconda3/lib/python3.10/site-packages/airflow/example_dags/example_latest_only.py for tasks to queue
[2023-10-04T18:15:18.934+0300] {logging_mixin.py:149} INFO - [2023-10-04T18:15:18.934+0300] {dagbag.py:541} INFO - Filling up the DagBag from /home/paulet/anaconda3/lib/python3.10/site-packages/airflow/example_dags/example_latest_only.py
[2023-10-04T18:15:18.943+0300] {processor.py:836} INFO - DAG(s) dict_keys(['latest_only']) retrieved from /home/paulet/anaconda3/lib/python3.10/site-packages/airflow/example_dags/example_latest_only.py
[2023-10-04T18:15:18.968+0300] {logging_mixin.py:149} INFO - [2023-10-04T18:15:18.968+0300] {dag.py:2726} INFO - Sync 1 DAGs
[2023-10-04T18:15:18.995+0300] {logging_mixin.py:149} INFO - [2023-10-04T18:15:18.995+0300] {dag.py:3486} INFO - Setting next_dagrun for latest_only to 2023-10-04T11:15:18.995311+00:00, run_after=2023-10-04T15:15:18.995311+00:00
[2023-10-04T18:15:19.136+0300] {processor.py:179} INFO - Processing /home/paulet/anaconda3/lib/python3.10/site-packages/airflow/example_dags/example_latest_only.py took 0.208 seconds
[2023-10-04T18:16:10.824+0300] {processor.py:157} INFO - Started process (PID=16147) to work on /home/paulet/anaconda3/lib/python3.10/site-packages/airflow/example_dags/example_latest_only.py
[2023-10-04T18:16:10.833+0300] {processor.py:826} INFO - Processing file /home/paulet/anaconda3/lib/python3.10/site-packages/airflow/example_dags/example_latest_only.py for tasks to queue
[2023-10-04T18:16:10.834+0300] {logging_mixin.py:149} INFO - [2023-10-04T18:16:10.834+0300] {dagbag.py:541} INFO - Filling up the DagBag from /home/paulet/anaconda3/lib/python3.10/site-packages/airflow/example_dags/example_latest_only.py
[2023-10-04T18:16:10.842+0300] {processor.py:836} INFO - DAG(s) dict_keys(['latest_only']) retrieved from /home/paulet/anaconda3/lib/python3.10/site-packages/airflow/example_dags/example_latest_only.py
[2023-10-04T18:16:10.867+0300] {logging_mixin.py:149} INFO - [2023-10-04T18:16:10.867+0300] {dag.py:2726} INFO - Sync 1 DAGs
[2023-10-04T18:16:10.895+0300] {logging_mixin.py:149} INFO - [2023-10-04T18:16:10.895+0300] {dag.py:3486} INFO - Setting next_dagrun for latest_only to 2023-10-04T11:16:10.895247+00:00, run_after=2023-10-04T15:16:10.895247+00:00
[2023-10-04T18:16:11.097+0300] {processor.py:179} INFO - Processing /home/paulet/anaconda3/lib/python3.10/site-packages/airflow/example_dags/example_latest_only.py took 0.277 seconds
[2023-10-04T18:17:39.684+0300] {processor.py:157} INFO - Started process (PID=16258) to work on /home/paulet/anaconda3/lib/python3.10/site-packages/airflow/example_dags/example_latest_only.py
[2023-10-04T18:17:39.686+0300] {processor.py:826} INFO - Processing file /home/paulet/anaconda3/lib/python3.10/site-packages/airflow/example_dags/example_latest_only.py for tasks to queue
[2023-10-04T18:17:39.687+0300] {logging_mixin.py:149} INFO - [2023-10-04T18:17:39.686+0300] {dagbag.py:541} INFO - Filling up the DagBag from /home/paulet/anaconda3/lib/python3.10/site-packages/airflow/example_dags/example_latest_only.py
[2023-10-04T18:17:39.694+0300] {processor.py:836} INFO - DAG(s) dict_keys(['latest_only']) retrieved from /home/paulet/anaconda3/lib/python3.10/site-packages/airflow/example_dags/example_latest_only.py
[2023-10-04T18:17:39.719+0300] {logging_mixin.py:149} INFO - [2023-10-04T18:17:39.718+0300] {dag.py:2726} INFO - Sync 1 DAGs
[2023-10-04T18:17:39.743+0300] {logging_mixin.py:149} INFO - [2023-10-04T18:17:39.743+0300] {dag.py:3486} INFO - Setting next_dagrun for latest_only to 2023-10-04T11:17:39.743100+00:00, run_after=2023-10-04T15:17:39.743100+00:00
[2023-10-04T18:17:39.886+0300] {processor.py:179} INFO - Processing /home/paulet/anaconda3/lib/python3.10/site-packages/airflow/example_dags/example_latest_only.py took 0.207 seconds
[2023-10-04T21:00:47.303+0300] {processor.py:157} INFO - Started process (PID=22440) to work on /home/paulet/anaconda3/lib/python3.10/site-packages/airflow/example_dags/example_latest_only.py
[2023-10-04T21:00:47.304+0300] {processor.py:826} INFO - Processing file /home/paulet/anaconda3/lib/python3.10/site-packages/airflow/example_dags/example_latest_only.py for tasks to queue
[2023-10-04T21:00:47.306+0300] {logging_mixin.py:149} INFO - [2023-10-04T21:00:47.305+0300] {dagbag.py:541} INFO - Filling up the DagBag from /home/paulet/anaconda3/lib/python3.10/site-packages/airflow/example_dags/example_latest_only.py
[2023-10-04T21:00:47.317+0300] {processor.py:836} INFO - DAG(s) dict_keys(['latest_only']) retrieved from /home/paulet/anaconda3/lib/python3.10/site-packages/airflow/example_dags/example_latest_only.py
[2023-10-04T21:00:47.344+0300] {logging_mixin.py:149} INFO - [2023-10-04T21:00:47.343+0300] {dag.py:2726} INFO - Sync 1 DAGs
[2023-10-04T21:00:47.366+0300] {logging_mixin.py:149} INFO - [2023-10-04T21:00:47.366+0300] {dag.py:3486} INFO - Setting next_dagrun for latest_only to 2023-10-04T14:00:47.366129+00:00, run_after=2023-10-04T18:00:47.366129+00:00
[2023-10-04T21:00:47.536+0300] {processor.py:179} INFO - Processing /home/paulet/anaconda3/lib/python3.10/site-packages/airflow/example_dags/example_latest_only.py took 0.238 seconds
[2023-10-04T21:02:01.996+0300] {processor.py:157} INFO - Started process (PID=22635) to work on /home/paulet/anaconda3/lib/python3.10/site-packages/airflow/example_dags/example_latest_only.py
[2023-10-04T21:02:01.997+0300] {processor.py:826} INFO - Processing file /home/paulet/anaconda3/lib/python3.10/site-packages/airflow/example_dags/example_latest_only.py for tasks to queue
[2023-10-04T21:02:01.998+0300] {logging_mixin.py:149} INFO - [2023-10-04T21:02:01.998+0300] {dagbag.py:541} INFO - Filling up the DagBag from /home/paulet/anaconda3/lib/python3.10/site-packages/airflow/example_dags/example_latest_only.py
[2023-10-04T21:02:02.007+0300] {processor.py:836} INFO - DAG(s) dict_keys(['latest_only']) retrieved from /home/paulet/anaconda3/lib/python3.10/site-packages/airflow/example_dags/example_latest_only.py
[2023-10-04T21:02:02.031+0300] {logging_mixin.py:149} INFO - [2023-10-04T21:02:02.031+0300] {dag.py:2726} INFO - Sync 1 DAGs
[2023-10-04T21:02:02.055+0300] {logging_mixin.py:149} INFO - [2023-10-04T21:02:02.055+0300] {dag.py:3486} INFO - Setting next_dagrun for latest_only to 2023-10-04T14:02:02.054985+00:00, run_after=2023-10-04T18:02:02.054985+00:00
[2023-10-04T21:02:02.214+0300] {processor.py:179} INFO - Processing /home/paulet/anaconda3/lib/python3.10/site-packages/airflow/example_dags/example_latest_only.py took 0.223 seconds
[2023-10-04T21:02:57.471+0300] {processor.py:157} INFO - Started process (PID=22686) to work on /home/paulet/anaconda3/lib/python3.10/site-packages/airflow/example_dags/example_latest_only.py
[2023-10-04T21:02:57.473+0300] {processor.py:826} INFO - Processing file /home/paulet/anaconda3/lib/python3.10/site-packages/airflow/example_dags/example_latest_only.py for tasks to queue
[2023-10-04T21:02:57.474+0300] {logging_mixin.py:149} INFO - [2023-10-04T21:02:57.474+0300] {dagbag.py:541} INFO - Filling up the DagBag from /home/paulet/anaconda3/lib/python3.10/site-packages/airflow/example_dags/example_latest_only.py
[2023-10-04T21:02:57.482+0300] {processor.py:836} INFO - DAG(s) dict_keys(['latest_only']) retrieved from /home/paulet/anaconda3/lib/python3.10/site-packages/airflow/example_dags/example_latest_only.py
[2023-10-04T21:02:57.506+0300] {logging_mixin.py:149} INFO - [2023-10-04T21:02:57.506+0300] {dag.py:2726} INFO - Sync 1 DAGs
[2023-10-04T21:02:57.529+0300] {logging_mixin.py:149} INFO - [2023-10-04T21:02:57.529+0300] {dag.py:3486} INFO - Setting next_dagrun for latest_only to 2023-10-04T14:02:57.529039+00:00, run_after=2023-10-04T18:02:57.529039+00:00
[2023-10-04T21:02:57.689+0300] {processor.py:179} INFO - Processing /home/paulet/anaconda3/lib/python3.10/site-packages/airflow/example_dags/example_latest_only.py took 0.222 seconds
[2023-10-04T21:03:54.116+0300] {processor.py:157} INFO - Started process (PID=22737) to work on /home/paulet/anaconda3/lib/python3.10/site-packages/airflow/example_dags/example_latest_only.py
[2023-10-04T21:03:54.145+0300] {processor.py:826} INFO - Processing file /home/paulet/anaconda3/lib/python3.10/site-packages/airflow/example_dags/example_latest_only.py for tasks to queue
[2023-10-04T21:03:54.147+0300] {logging_mixin.py:149} INFO - [2023-10-04T21:03:54.146+0300] {dagbag.py:541} INFO - Filling up the DagBag from /home/paulet/anaconda3/lib/python3.10/site-packages/airflow/example_dags/example_latest_only.py
[2023-10-04T21:03:54.155+0300] {processor.py:836} INFO - DAG(s) dict_keys(['latest_only']) retrieved from /home/paulet/anaconda3/lib/python3.10/site-packages/airflow/example_dags/example_latest_only.py
[2023-10-04T21:03:54.181+0300] {logging_mixin.py:149} INFO - [2023-10-04T21:03:54.181+0300] {dag.py:2726} INFO - Sync 1 DAGs
[2023-10-04T21:03:54.207+0300] {logging_mixin.py:149} INFO - [2023-10-04T21:03:54.207+0300] {dag.py:3486} INFO - Setting next_dagrun for latest_only to 2023-10-04T14:03:54.207024+00:00, run_after=2023-10-04T18:03:54.207024+00:00
[2023-10-04T21:03:54.357+0300] {processor.py:179} INFO - Processing /home/paulet/anaconda3/lib/python3.10/site-packages/airflow/example_dags/example_latest_only.py took 0.245 seconds
[2023-10-04T21:04:52.529+0300] {processor.py:157} INFO - Started process (PID=22811) to work on /home/paulet/anaconda3/lib/python3.10/site-packages/airflow/example_dags/example_latest_only.py
[2023-10-04T21:04:52.530+0300] {processor.py:826} INFO - Processing file /home/paulet/anaconda3/lib/python3.10/site-packages/airflow/example_dags/example_latest_only.py for tasks to queue
[2023-10-04T21:04:52.531+0300] {logging_mixin.py:149} INFO - [2023-10-04T21:04:52.531+0300] {dagbag.py:541} INFO - Filling up the DagBag from /home/paulet/anaconda3/lib/python3.10/site-packages/airflow/example_dags/example_latest_only.py
[2023-10-04T21:04:52.539+0300] {processor.py:836} INFO - DAG(s) dict_keys(['latest_only']) retrieved from /home/paulet/anaconda3/lib/python3.10/site-packages/airflow/example_dags/example_latest_only.py
[2023-10-04T21:04:52.563+0300] {logging_mixin.py:149} INFO - [2023-10-04T21:04:52.563+0300] {dag.py:2726} INFO - Sync 1 DAGs
[2023-10-04T21:04:52.587+0300] {logging_mixin.py:149} INFO - [2023-10-04T21:04:52.587+0300] {dag.py:3486} INFO - Setting next_dagrun for latest_only to 2023-10-04T14:04:52.586721+00:00, run_after=2023-10-04T18:04:52.586721+00:00
[2023-10-04T21:04:52.747+0300] {processor.py:179} INFO - Processing /home/paulet/anaconda3/lib/python3.10/site-packages/airflow/example_dags/example_latest_only.py took 0.223 seconds
[2023-10-04T21:05:47.700+0300] {processor.py:157} INFO - Started process (PID=22888) to work on /home/paulet/anaconda3/lib/python3.10/site-packages/airflow/example_dags/example_latest_only.py
[2023-10-04T21:05:47.701+0300] {processor.py:826} INFO - Processing file /home/paulet/anaconda3/lib/python3.10/site-packages/airflow/example_dags/example_latest_only.py for tasks to queue
[2023-10-04T21:05:47.702+0300] {logging_mixin.py:149} INFO - [2023-10-04T21:05:47.702+0300] {dagbag.py:541} INFO - Filling up the DagBag from /home/paulet/anaconda3/lib/python3.10/site-packages/airflow/example_dags/example_latest_only.py
[2023-10-04T21:05:47.711+0300] {processor.py:836} INFO - DAG(s) dict_keys(['latest_only']) retrieved from /home/paulet/anaconda3/lib/python3.10/site-packages/airflow/example_dags/example_latest_only.py
[2023-10-04T21:05:47.735+0300] {logging_mixin.py:149} INFO - [2023-10-04T21:05:47.735+0300] {dag.py:2726} INFO - Sync 1 DAGs
[2023-10-04T21:05:47.758+0300] {logging_mixin.py:149} INFO - [2023-10-04T21:05:47.758+0300] {dag.py:3486} INFO - Setting next_dagrun for latest_only to 2023-10-04T14:05:47.757809+00:00, run_after=2023-10-04T18:05:47.757809+00:00
[2023-10-04T21:05:47.943+0300] {processor.py:179} INFO - Processing /home/paulet/anaconda3/lib/python3.10/site-packages/airflow/example_dags/example_latest_only.py took 0.248 seconds
[2023-10-04T21:06:46.068+0300] {processor.py:157} INFO - Started process (PID=22940) to work on /home/paulet/anaconda3/lib/python3.10/site-packages/airflow/example_dags/example_latest_only.py
[2023-10-04T21:06:46.070+0300] {processor.py:826} INFO - Processing file /home/paulet/anaconda3/lib/python3.10/site-packages/airflow/example_dags/example_latest_only.py for tasks to queue
[2023-10-04T21:06:46.071+0300] {logging_mixin.py:149} INFO - [2023-10-04T21:06:46.071+0300] {dagbag.py:541} INFO - Filling up the DagBag from /home/paulet/anaconda3/lib/python3.10/site-packages/airflow/example_dags/example_latest_only.py
[2023-10-04T21:06:46.079+0300] {processor.py:836} INFO - DAG(s) dict_keys(['latest_only']) retrieved from /home/paulet/anaconda3/lib/python3.10/site-packages/airflow/example_dags/example_latest_only.py
[2023-10-04T21:06:46.105+0300] {logging_mixin.py:149} INFO - [2023-10-04T21:06:46.105+0300] {dag.py:2726} INFO - Sync 1 DAGs
[2023-10-04T21:06:46.130+0300] {logging_mixin.py:149} INFO - [2023-10-04T21:06:46.130+0300] {dag.py:3486} INFO - Setting next_dagrun for latest_only to 2023-10-04T14:06:46.130406+00:00, run_after=2023-10-04T18:06:46.130406+00:00
[2023-10-04T21:06:46.291+0300] {processor.py:179} INFO - Processing /home/paulet/anaconda3/lib/python3.10/site-packages/airflow/example_dags/example_latest_only.py took 0.227 seconds
[2023-10-04T21:07:37.420+0300] {processor.py:157} INFO - Started process (PID=22988) to work on /home/paulet/anaconda3/lib/python3.10/site-packages/airflow/example_dags/example_latest_only.py
[2023-10-04T21:07:37.422+0300] {processor.py:826} INFO - Processing file /home/paulet/anaconda3/lib/python3.10/site-packages/airflow/example_dags/example_latest_only.py for tasks to queue
[2023-10-04T21:07:37.423+0300] {logging_mixin.py:149} INFO - [2023-10-04T21:07:37.423+0300] {dagbag.py:541} INFO - Filling up the DagBag from /home/paulet/anaconda3/lib/python3.10/site-packages/airflow/example_dags/example_latest_only.py
[2023-10-04T21:07:37.431+0300] {processor.py:836} INFO - DAG(s) dict_keys(['latest_only']) retrieved from /home/paulet/anaconda3/lib/python3.10/site-packages/airflow/example_dags/example_latest_only.py
[2023-10-04T21:07:37.453+0300] {logging_mixin.py:149} INFO - [2023-10-04T21:07:37.452+0300] {dag.py:2726} INFO - Sync 1 DAGs
[2023-10-04T21:07:37.476+0300] {logging_mixin.py:149} INFO - [2023-10-04T21:07:37.475+0300] {dag.py:3486} INFO - Setting next_dagrun for latest_only to 2023-10-04T14:07:37.475480+00:00, run_after=2023-10-04T18:07:37.475480+00:00
[2023-10-04T21:07:37.618+0300] {processor.py:179} INFO - Processing /home/paulet/anaconda3/lib/python3.10/site-packages/airflow/example_dags/example_latest_only.py took 0.202 seconds
[2023-10-04T21:08:25.791+0300] {processor.py:157} INFO - Started process (PID=23040) to work on /home/paulet/anaconda3/lib/python3.10/site-packages/airflow/example_dags/example_latest_only.py
[2023-10-04T21:08:25.793+0300] {processor.py:826} INFO - Processing file /home/paulet/anaconda3/lib/python3.10/site-packages/airflow/example_dags/example_latest_only.py for tasks to queue
[2023-10-04T21:08:25.794+0300] {logging_mixin.py:149} INFO - [2023-10-04T21:08:25.793+0300] {dagbag.py:541} INFO - Filling up the DagBag from /home/paulet/anaconda3/lib/python3.10/site-packages/airflow/example_dags/example_latest_only.py
[2023-10-04T21:08:25.802+0300] {processor.py:836} INFO - DAG(s) dict_keys(['latest_only']) retrieved from /home/paulet/anaconda3/lib/python3.10/site-packages/airflow/example_dags/example_latest_only.py
[2023-10-04T21:08:25.827+0300] {logging_mixin.py:149} INFO - [2023-10-04T21:08:25.827+0300] {dag.py:2726} INFO - Sync 1 DAGs
[2023-10-04T21:08:25.865+0300] {logging_mixin.py:149} INFO - [2023-10-04T21:08:25.865+0300] {dag.py:3486} INFO - Setting next_dagrun for latest_only to 2023-10-04T14:08:25.864584+00:00, run_after=2023-10-04T18:08:25.864584+00:00
[2023-10-04T21:08:26.083+0300] {processor.py:179} INFO - Processing /home/paulet/anaconda3/lib/python3.10/site-packages/airflow/example_dags/example_latest_only.py took 0.295 seconds
[2023-10-04T21:09:15.209+0300] {processor.py:157} INFO - Started process (PID=23098) to work on /home/paulet/anaconda3/lib/python3.10/site-packages/airflow/example_dags/example_latest_only.py
[2023-10-04T21:09:15.210+0300] {processor.py:826} INFO - Processing file /home/paulet/anaconda3/lib/python3.10/site-packages/airflow/example_dags/example_latest_only.py for tasks to queue
[2023-10-04T21:09:15.211+0300] {logging_mixin.py:149} INFO - [2023-10-04T21:09:15.211+0300] {dagbag.py:541} INFO - Filling up the DagBag from /home/paulet/anaconda3/lib/python3.10/site-packages/airflow/example_dags/example_latest_only.py
[2023-10-04T21:09:15.218+0300] {processor.py:836} INFO - DAG(s) dict_keys(['latest_only']) retrieved from /home/paulet/anaconda3/lib/python3.10/site-packages/airflow/example_dags/example_latest_only.py
[2023-10-04T21:09:15.240+0300] {logging_mixin.py:149} INFO - [2023-10-04T21:09:15.240+0300] {dag.py:2726} INFO - Sync 1 DAGs
[2023-10-04T21:09:15.263+0300] {logging_mixin.py:149} INFO - [2023-10-04T21:09:15.263+0300] {dag.py:3486} INFO - Setting next_dagrun for latest_only to 2023-10-04T14:09:15.263410+00:00, run_after=2023-10-04T18:09:15.263410+00:00
[2023-10-04T21:09:15.396+0300] {processor.py:179} INFO - Processing /home/paulet/anaconda3/lib/python3.10/site-packages/airflow/example_dags/example_latest_only.py took 0.192 seconds
[2023-10-04T21:10:06.735+0300] {processor.py:157} INFO - Started process (PID=23190) to work on /home/paulet/anaconda3/lib/python3.10/site-packages/airflow/example_dags/example_latest_only.py
[2023-10-04T21:10:06.737+0300] {processor.py:826} INFO - Processing file /home/paulet/anaconda3/lib/python3.10/site-packages/airflow/example_dags/example_latest_only.py for tasks to queue
[2023-10-04T21:10:06.737+0300] {logging_mixin.py:149} INFO - [2023-10-04T21:10:06.737+0300] {dagbag.py:541} INFO - Filling up the DagBag from /home/paulet/anaconda3/lib/python3.10/site-packages/airflow/example_dags/example_latest_only.py
[2023-10-04T21:10:06.746+0300] {processor.py:836} INFO - DAG(s) dict_keys(['latest_only']) retrieved from /home/paulet/anaconda3/lib/python3.10/site-packages/airflow/example_dags/example_latest_only.py
[2023-10-04T21:10:06.771+0300] {logging_mixin.py:149} INFO - [2023-10-04T21:10:06.771+0300] {dag.py:2726} INFO - Sync 1 DAGs
[2023-10-04T21:10:06.797+0300] {logging_mixin.py:149} INFO - [2023-10-04T21:10:06.797+0300] {dag.py:3486} INFO - Setting next_dagrun for latest_only to 2023-10-04T14:10:06.797030+00:00, run_after=2023-10-04T18:10:06.797030+00:00
[2023-10-04T21:10:06.951+0300] {processor.py:179} INFO - Processing /home/paulet/anaconda3/lib/python3.10/site-packages/airflow/example_dags/example_latest_only.py took 0.220 seconds
[2023-10-04T21:52:11.834+0300] {processor.py:157} INFO - Started process (PID=26949) to work on /home/paulet/anaconda3/lib/python3.10/site-packages/airflow/example_dags/example_latest_only.py
[2023-10-04T21:52:11.889+0300] {processor.py:826} INFO - Processing file /home/paulet/anaconda3/lib/python3.10/site-packages/airflow/example_dags/example_latest_only.py for tasks to queue
[2023-10-04T21:52:11.890+0300] {logging_mixin.py:149} INFO - [2023-10-04T21:52:11.890+0300] {dagbag.py:541} INFO - Filling up the DagBag from /home/paulet/anaconda3/lib/python3.10/site-packages/airflow/example_dags/example_latest_only.py
[2023-10-04T21:52:11.902+0300] {processor.py:836} INFO - DAG(s) dict_keys(['latest_only']) retrieved from /home/paulet/anaconda3/lib/python3.10/site-packages/airflow/example_dags/example_latest_only.py
[2023-10-04T21:52:11.934+0300] {logging_mixin.py:149} INFO - [2023-10-04T21:52:11.934+0300] {dag.py:2726} INFO - Sync 1 DAGs
[2023-10-04T21:52:11.960+0300] {logging_mixin.py:149} INFO - [2023-10-04T21:52:11.960+0300] {dag.py:3486} INFO - Setting next_dagrun for latest_only to 2023-10-04T14:52:11.960017+00:00, run_after=2023-10-04T18:52:11.960017+00:00
[2023-10-04T21:52:12.114+0300] {processor.py:179} INFO - Processing /home/paulet/anaconda3/lib/python3.10/site-packages/airflow/example_dags/example_latest_only.py took 0.284 seconds
[2023-10-04T21:53:10.501+0300] {processor.py:157} INFO - Started process (PID=27047) to work on /home/paulet/anaconda3/lib/python3.10/site-packages/airflow/example_dags/example_latest_only.py
[2023-10-04T21:53:10.502+0300] {processor.py:826} INFO - Processing file /home/paulet/anaconda3/lib/python3.10/site-packages/airflow/example_dags/example_latest_only.py for tasks to queue
[2023-10-04T21:53:10.503+0300] {logging_mixin.py:149} INFO - [2023-10-04T21:53:10.503+0300] {dagbag.py:541} INFO - Filling up the DagBag from /home/paulet/anaconda3/lib/python3.10/site-packages/airflow/example_dags/example_latest_only.py
[2023-10-04T21:53:10.511+0300] {processor.py:836} INFO - DAG(s) dict_keys(['latest_only']) retrieved from /home/paulet/anaconda3/lib/python3.10/site-packages/airflow/example_dags/example_latest_only.py
[2023-10-04T21:53:10.535+0300] {logging_mixin.py:149} INFO - [2023-10-04T21:53:10.535+0300] {dag.py:2726} INFO - Sync 1 DAGs
[2023-10-04T21:53:10.561+0300] {logging_mixin.py:149} INFO - [2023-10-04T21:53:10.561+0300] {dag.py:3486} INFO - Setting next_dagrun for latest_only to 2023-10-04T14:53:10.560777+00:00, run_after=2023-10-04T18:53:10.560777+00:00
[2023-10-04T21:53:10.720+0300] {processor.py:179} INFO - Processing /home/paulet/anaconda3/lib/python3.10/site-packages/airflow/example_dags/example_latest_only.py took 0.223 seconds
[2023-10-04T21:54:13.642+0300] {processor.py:157} INFO - Started process (PID=27128) to work on /home/paulet/anaconda3/lib/python3.10/site-packages/airflow/example_dags/example_latest_only.py
[2023-10-04T21:54:13.644+0300] {processor.py:826} INFO - Processing file /home/paulet/anaconda3/lib/python3.10/site-packages/airflow/example_dags/example_latest_only.py for tasks to queue
[2023-10-04T21:54:13.644+0300] {logging_mixin.py:149} INFO - [2023-10-04T21:54:13.644+0300] {dagbag.py:541} INFO - Filling up the DagBag from /home/paulet/anaconda3/lib/python3.10/site-packages/airflow/example_dags/example_latest_only.py
[2023-10-04T21:54:13.652+0300] {processor.py:836} INFO - DAG(s) dict_keys(['latest_only']) retrieved from /home/paulet/anaconda3/lib/python3.10/site-packages/airflow/example_dags/example_latest_only.py
[2023-10-04T21:54:13.679+0300] {logging_mixin.py:149} INFO - [2023-10-04T21:54:13.678+0300] {dag.py:2726} INFO - Sync 1 DAGs
[2023-10-04T21:54:13.703+0300] {logging_mixin.py:149} INFO - [2023-10-04T21:54:13.703+0300] {dag.py:3486} INFO - Setting next_dagrun for latest_only to 2023-10-04T14:54:13.703342+00:00, run_after=2023-10-04T18:54:13.703342+00:00
[2023-10-04T21:54:13.863+0300] {processor.py:179} INFO - Processing /home/paulet/anaconda3/lib/python3.10/site-packages/airflow/example_dags/example_latest_only.py took 0.225 seconds
[2023-10-04T21:55:09.509+0300] {processor.py:157} INFO - Started process (PID=27203) to work on /home/paulet/anaconda3/lib/python3.10/site-packages/airflow/example_dags/example_latest_only.py
[2023-10-04T21:55:09.510+0300] {processor.py:826} INFO - Processing file /home/paulet/anaconda3/lib/python3.10/site-packages/airflow/example_dags/example_latest_only.py for tasks to queue
[2023-10-04T21:55:09.511+0300] {logging_mixin.py:149} INFO - [2023-10-04T21:55:09.511+0300] {dagbag.py:541} INFO - Filling up the DagBag from /home/paulet/anaconda3/lib/python3.10/site-packages/airflow/example_dags/example_latest_only.py
[2023-10-04T21:55:09.519+0300] {processor.py:836} INFO - DAG(s) dict_keys(['latest_only']) retrieved from /home/paulet/anaconda3/lib/python3.10/site-packages/airflow/example_dags/example_latest_only.py
[2023-10-04T21:55:09.543+0300] {logging_mixin.py:149} INFO - [2023-10-04T21:55:09.543+0300] {dag.py:2726} INFO - Sync 1 DAGs
[2023-10-04T21:55:09.573+0300] {logging_mixin.py:149} INFO - [2023-10-04T21:55:09.573+0300] {dag.py:3486} INFO - Setting next_dagrun for latest_only to 2023-10-04T14:55:09.572954+00:00, run_after=2023-10-04T18:55:09.572954+00:00
[2023-10-04T21:55:09.700+0300] {processor.py:179} INFO - Processing /home/paulet/anaconda3/lib/python3.10/site-packages/airflow/example_dags/example_latest_only.py took 0.194 seconds
