[2023-10-04T18:08:46.464+0300] {processor.py:157} INFO - Started process (PID=13976) to work on /home/paulet/anaconda3/lib/python3.10/site-packages/airflow/example_dags/tutorial_dag.py
[2023-10-04T18:08:46.465+0300] {processor.py:826} INFO - Processing file /home/paulet/anaconda3/lib/python3.10/site-packages/airflow/example_dags/tutorial_dag.py for tasks to queue
[2023-10-04T18:08:46.466+0300] {logging_mixin.py:149} INFO - [2023-10-04T18:08:46.466+0300] {dagbag.py:541} INFO - Filling up the DagBag from /home/paulet/anaconda3/lib/python3.10/site-packages/airflow/example_dags/tutorial_dag.py
[2023-10-04T18:08:46.480+0300] {processor.py:836} INFO - DAG(s) dict_keys(['tutorial_dag']) retrieved from /home/paulet/anaconda3/lib/python3.10/site-packages/airflow/example_dags/tutorial_dag.py
[2023-10-04T18:08:46.710+0300] {logging_mixin.py:149} INFO - [2023-10-04T18:08:46.709+0300] {dag.py:2726} INFO - Sync 1 DAGs
[2023-10-04T18:08:46.755+0300] {logging_mixin.py:149} INFO - [2023-10-04T18:08:46.754+0300] {dag.py:3486} INFO - Setting next_dagrun for tutorial_dag to None, run_after=None
[2023-10-04T18:08:46.918+0300] {processor.py:179} INFO - Processing /home/paulet/anaconda3/lib/python3.10/site-packages/airflow/example_dags/tutorial_dag.py took 0.460 seconds
[2023-10-04T18:10:32.078+0300] {processor.py:157} INFO - Started process (PID=14450) to work on /home/paulet/anaconda3/lib/python3.10/site-packages/airflow/example_dags/tutorial_dag.py
[2023-10-04T18:10:32.106+0300] {processor.py:826} INFO - Processing file /home/paulet/anaconda3/lib/python3.10/site-packages/airflow/example_dags/tutorial_dag.py for tasks to queue
[2023-10-04T18:10:32.107+0300] {logging_mixin.py:149} INFO - [2023-10-04T18:10:32.107+0300] {dagbag.py:541} INFO - Filling up the DagBag from /home/paulet/anaconda3/lib/python3.10/site-packages/airflow/example_dags/tutorial_dag.py
[2023-10-04T18:10:32.116+0300] {processor.py:836} INFO - DAG(s) dict_keys(['tutorial_dag']) retrieved from /home/paulet/anaconda3/lib/python3.10/site-packages/airflow/example_dags/tutorial_dag.py
[2023-10-04T18:10:32.137+0300] {logging_mixin.py:149} INFO - [2023-10-04T18:10:32.137+0300] {dag.py:2726} INFO - Sync 1 DAGs
[2023-10-04T18:10:32.161+0300] {logging_mixin.py:149} INFO - [2023-10-04T18:10:32.160+0300] {dag.py:3486} INFO - Setting next_dagrun for tutorial_dag to None, run_after=None
[2023-10-04T18:10:32.317+0300] {processor.py:179} INFO - Processing /home/paulet/anaconda3/lib/python3.10/site-packages/airflow/example_dags/tutorial_dag.py took 0.244 seconds
[2023-10-04T18:11:35.541+0300] {processor.py:157} INFO - Started process (PID=14820) to work on /home/paulet/anaconda3/lib/python3.10/site-packages/airflow/example_dags/tutorial_dag.py
[2023-10-04T18:11:35.548+0300] {processor.py:826} INFO - Processing file /home/paulet/anaconda3/lib/python3.10/site-packages/airflow/example_dags/tutorial_dag.py for tasks to queue
[2023-10-04T18:11:35.549+0300] {logging_mixin.py:149} INFO - [2023-10-04T18:11:35.549+0300] {dagbag.py:541} INFO - Filling up the DagBag from /home/paulet/anaconda3/lib/python3.10/site-packages/airflow/example_dags/tutorial_dag.py
[2023-10-04T18:11:35.558+0300] {processor.py:836} INFO - DAG(s) dict_keys(['tutorial_dag']) retrieved from /home/paulet/anaconda3/lib/python3.10/site-packages/airflow/example_dags/tutorial_dag.py
[2023-10-04T18:11:35.583+0300] {logging_mixin.py:149} INFO - [2023-10-04T18:11:35.583+0300] {dag.py:2726} INFO - Sync 1 DAGs
[2023-10-04T18:11:35.608+0300] {logging_mixin.py:149} INFO - [2023-10-04T18:11:35.607+0300] {dag.py:3486} INFO - Setting next_dagrun for tutorial_dag to None, run_after=None
[2023-10-04T18:11:35.735+0300] {processor.py:179} INFO - Processing /home/paulet/anaconda3/lib/python3.10/site-packages/airflow/example_dags/tutorial_dag.py took 0.198 seconds
[2023-10-04T18:12:37.036+0300] {processor.py:157} INFO - Started process (PID=15157) to work on /home/paulet/anaconda3/lib/python3.10/site-packages/airflow/example_dags/tutorial_dag.py
[2023-10-04T18:12:37.064+0300] {processor.py:826} INFO - Processing file /home/paulet/anaconda3/lib/python3.10/site-packages/airflow/example_dags/tutorial_dag.py for tasks to queue
[2023-10-04T18:12:37.065+0300] {logging_mixin.py:149} INFO - [2023-10-04T18:12:37.065+0300] {dagbag.py:541} INFO - Filling up the DagBag from /home/paulet/anaconda3/lib/python3.10/site-packages/airflow/example_dags/tutorial_dag.py
[2023-10-04T18:12:37.074+0300] {processor.py:836} INFO - DAG(s) dict_keys(['tutorial_dag']) retrieved from /home/paulet/anaconda3/lib/python3.10/site-packages/airflow/example_dags/tutorial_dag.py
[2023-10-04T18:12:37.101+0300] {logging_mixin.py:149} INFO - [2023-10-04T18:12:37.100+0300] {dag.py:2726} INFO - Sync 1 DAGs
[2023-10-04T18:12:37.126+0300] {logging_mixin.py:149} INFO - [2023-10-04T18:12:37.125+0300] {dag.py:3486} INFO - Setting next_dagrun for tutorial_dag to None, run_after=None
[2023-10-04T18:12:37.241+0300] {processor.py:179} INFO - Processing /home/paulet/anaconda3/lib/python3.10/site-packages/airflow/example_dags/tutorial_dag.py took 0.209 seconds
[2023-10-04T18:14:16.315+0300] {processor.py:157} INFO - Started process (PID=16026) to work on /home/paulet/anaconda3/lib/python3.10/site-packages/airflow/example_dags/tutorial_dag.py
[2023-10-04T18:14:16.327+0300] {processor.py:826} INFO - Processing file /home/paulet/anaconda3/lib/python3.10/site-packages/airflow/example_dags/tutorial_dag.py for tasks to queue
[2023-10-04T18:14:16.328+0300] {logging_mixin.py:149} INFO - [2023-10-04T18:14:16.328+0300] {dagbag.py:541} INFO - Filling up the DagBag from /home/paulet/anaconda3/lib/python3.10/site-packages/airflow/example_dags/tutorial_dag.py
[2023-10-04T18:14:16.337+0300] {processor.py:836} INFO - DAG(s) dict_keys(['tutorial_dag']) retrieved from /home/paulet/anaconda3/lib/python3.10/site-packages/airflow/example_dags/tutorial_dag.py
[2023-10-04T18:14:16.362+0300] {logging_mixin.py:149} INFO - [2023-10-04T18:14:16.362+0300] {dag.py:2726} INFO - Sync 1 DAGs
[2023-10-04T18:14:16.387+0300] {logging_mixin.py:149} INFO - [2023-10-04T18:14:16.387+0300] {dag.py:3486} INFO - Setting next_dagrun for tutorial_dag to None, run_after=None
[2023-10-04T18:14:16.501+0300] {processor.py:179} INFO - Processing /home/paulet/anaconda3/lib/python3.10/site-packages/airflow/example_dags/tutorial_dag.py took 0.190 seconds
[2023-10-04T18:15:01.850+0300] {processor.py:157} INFO - Started process (PID=16073) to work on /home/paulet/anaconda3/lib/python3.10/site-packages/airflow/example_dags/tutorial_dag.py
[2023-10-04T18:15:01.880+0300] {processor.py:826} INFO - Processing file /home/paulet/anaconda3/lib/python3.10/site-packages/airflow/example_dags/tutorial_dag.py for tasks to queue
[2023-10-04T18:15:01.881+0300] {logging_mixin.py:149} INFO - [2023-10-04T18:15:01.881+0300] {dagbag.py:541} INFO - Filling up the DagBag from /home/paulet/anaconda3/lib/python3.10/site-packages/airflow/example_dags/tutorial_dag.py
[2023-10-04T18:15:01.892+0300] {processor.py:836} INFO - DAG(s) dict_keys(['tutorial_dag']) retrieved from /home/paulet/anaconda3/lib/python3.10/site-packages/airflow/example_dags/tutorial_dag.py
[2023-10-04T18:15:01.920+0300] {logging_mixin.py:149} INFO - [2023-10-04T18:15:01.920+0300] {dag.py:2726} INFO - Sync 1 DAGs
[2023-10-04T18:15:01.947+0300] {logging_mixin.py:149} INFO - [2023-10-04T18:15:01.947+0300] {dag.py:3486} INFO - Setting next_dagrun for tutorial_dag to None, run_after=None
[2023-10-04T18:15:02.086+0300] {processor.py:179} INFO - Processing /home/paulet/anaconda3/lib/python3.10/site-packages/airflow/example_dags/tutorial_dag.py took 0.239 seconds
[2023-10-04T18:15:53.221+0300] {processor.py:157} INFO - Started process (PID=16127) to work on /home/paulet/anaconda3/lib/python3.10/site-packages/airflow/example_dags/tutorial_dag.py
[2023-10-04T18:15:53.245+0300] {processor.py:826} INFO - Processing file /home/paulet/anaconda3/lib/python3.10/site-packages/airflow/example_dags/tutorial_dag.py for tasks to queue
[2023-10-04T18:15:53.246+0300] {logging_mixin.py:149} INFO - [2023-10-04T18:15:53.246+0300] {dagbag.py:541} INFO - Filling up the DagBag from /home/paulet/anaconda3/lib/python3.10/site-packages/airflow/example_dags/tutorial_dag.py
[2023-10-04T18:15:53.257+0300] {processor.py:836} INFO - DAG(s) dict_keys(['tutorial_dag']) retrieved from /home/paulet/anaconda3/lib/python3.10/site-packages/airflow/example_dags/tutorial_dag.py
[2023-10-04T18:15:53.288+0300] {logging_mixin.py:149} INFO - [2023-10-04T18:15:53.288+0300] {dag.py:2726} INFO - Sync 1 DAGs
[2023-10-04T18:15:53.315+0300] {logging_mixin.py:149} INFO - [2023-10-04T18:15:53.314+0300] {dag.py:3486} INFO - Setting next_dagrun for tutorial_dag to None, run_after=None
[2023-10-04T18:15:53.434+0300] {processor.py:179} INFO - Processing /home/paulet/anaconda3/lib/python3.10/site-packages/airflow/example_dags/tutorial_dag.py took 0.218 seconds
[2023-10-04T18:17:08.822+0300] {processor.py:157} INFO - Started process (PID=16207) to work on /home/paulet/anaconda3/lib/python3.10/site-packages/airflow/example_dags/tutorial_dag.py
[2023-10-04T18:17:08.836+0300] {processor.py:826} INFO - Processing file /home/paulet/anaconda3/lib/python3.10/site-packages/airflow/example_dags/tutorial_dag.py for tasks to queue
[2023-10-04T18:17:08.837+0300] {logging_mixin.py:149} INFO - [2023-10-04T18:17:08.837+0300] {dagbag.py:541} INFO - Filling up the DagBag from /home/paulet/anaconda3/lib/python3.10/site-packages/airflow/example_dags/tutorial_dag.py
[2023-10-04T18:17:08.846+0300] {processor.py:836} INFO - DAG(s) dict_keys(['tutorial_dag']) retrieved from /home/paulet/anaconda3/lib/python3.10/site-packages/airflow/example_dags/tutorial_dag.py
[2023-10-04T18:17:08.871+0300] {logging_mixin.py:149} INFO - [2023-10-04T18:17:08.871+0300] {dag.py:2726} INFO - Sync 1 DAGs
[2023-10-04T18:17:08.895+0300] {logging_mixin.py:149} INFO - [2023-10-04T18:17:08.895+0300] {dag.py:3486} INFO - Setting next_dagrun for tutorial_dag to None, run_after=None
[2023-10-04T18:17:09.017+0300] {processor.py:179} INFO - Processing /home/paulet/anaconda3/lib/python3.10/site-packages/airflow/example_dags/tutorial_dag.py took 0.199 seconds
[2023-10-04T18:17:47.630+0300] {processor.py:157} INFO - Started process (PID=16271) to work on /home/paulet/anaconda3/lib/python3.10/site-packages/airflow/example_dags/tutorial_dag.py
[2023-10-04T18:17:47.658+0300] {processor.py:826} INFO - Processing file /home/paulet/anaconda3/lib/python3.10/site-packages/airflow/example_dags/tutorial_dag.py for tasks to queue
[2023-10-04T18:17:47.659+0300] {logging_mixin.py:149} INFO - [2023-10-04T18:17:47.659+0300] {dagbag.py:541} INFO - Filling up the DagBag from /home/paulet/anaconda3/lib/python3.10/site-packages/airflow/example_dags/tutorial_dag.py
[2023-10-04T18:17:47.669+0300] {processor.py:836} INFO - DAG(s) dict_keys(['tutorial_dag']) retrieved from /home/paulet/anaconda3/lib/python3.10/site-packages/airflow/example_dags/tutorial_dag.py
[2023-10-04T18:17:47.695+0300] {logging_mixin.py:149} INFO - [2023-10-04T18:17:47.695+0300] {dag.py:2726} INFO - Sync 1 DAGs
[2023-10-04T18:17:47.722+0300] {logging_mixin.py:149} INFO - [2023-10-04T18:17:47.722+0300] {dag.py:3486} INFO - Setting next_dagrun for tutorial_dag to None, run_after=None
[2023-10-04T18:17:47.839+0300] {processor.py:179} INFO - Processing /home/paulet/anaconda3/lib/python3.10/site-packages/airflow/example_dags/tutorial_dag.py took 0.212 seconds
[2023-10-04T21:00:05.363+0300] {processor.py:157} INFO - Started process (PID=22363) to work on /home/paulet/anaconda3/lib/python3.10/site-packages/airflow/example_dags/tutorial_dag.py
[2023-10-04T21:00:05.375+0300] {processor.py:826} INFO - Processing file /home/paulet/anaconda3/lib/python3.10/site-packages/airflow/example_dags/tutorial_dag.py for tasks to queue
[2023-10-04T21:00:05.376+0300] {logging_mixin.py:149} INFO - [2023-10-04T21:00:05.376+0300] {dagbag.py:541} INFO - Filling up the DagBag from /home/paulet/anaconda3/lib/python3.10/site-packages/airflow/example_dags/tutorial_dag.py
[2023-10-04T21:00:05.470+0300] {processor.py:836} INFO - DAG(s) dict_keys(['tutorial_dag']) retrieved from /home/paulet/anaconda3/lib/python3.10/site-packages/airflow/example_dags/tutorial_dag.py
[2023-10-04T21:00:05.646+0300] {logging_mixin.py:149} INFO - [2023-10-04T21:00:05.646+0300] {dag.py:2726} INFO - Sync 1 DAGs
[2023-10-04T21:00:05.668+0300] {logging_mixin.py:149} INFO - [2023-10-04T21:00:05.668+0300] {dag.py:3486} INFO - Setting next_dagrun for tutorial_dag to None, run_after=None
[2023-10-04T21:00:05.793+0300] {processor.py:179} INFO - Processing /home/paulet/anaconda3/lib/python3.10/site-packages/airflow/example_dags/tutorial_dag.py took 0.434 seconds
[2023-10-04T21:01:08.976+0300] {processor.py:157} INFO - Started process (PID=22460) to work on /home/paulet/anaconda3/lib/python3.10/site-packages/airflow/example_dags/tutorial_dag.py
[2023-10-04T21:01:09.010+0300] {processor.py:826} INFO - Processing file /home/paulet/anaconda3/lib/python3.10/site-packages/airflow/example_dags/tutorial_dag.py for tasks to queue
[2023-10-04T21:01:09.012+0300] {logging_mixin.py:149} INFO - [2023-10-04T21:01:09.011+0300] {dagbag.py:541} INFO - Filling up the DagBag from /home/paulet/anaconda3/lib/python3.10/site-packages/airflow/example_dags/tutorial_dag.py
[2023-10-04T21:01:09.021+0300] {processor.py:836} INFO - DAG(s) dict_keys(['tutorial_dag']) retrieved from /home/paulet/anaconda3/lib/python3.10/site-packages/airflow/example_dags/tutorial_dag.py
[2023-10-04T21:01:09.047+0300] {logging_mixin.py:149} INFO - [2023-10-04T21:01:09.047+0300] {dag.py:2726} INFO - Sync 1 DAGs
[2023-10-04T21:01:09.073+0300] {logging_mixin.py:149} INFO - [2023-10-04T21:01:09.073+0300] {dag.py:3486} INFO - Setting next_dagrun for tutorial_dag to None, run_after=None
[2023-10-04T21:01:09.197+0300] {processor.py:179} INFO - Processing /home/paulet/anaconda3/lib/python3.10/site-packages/airflow/example_dags/tutorial_dag.py took 0.226 seconds
[2023-10-04T21:01:47.073+0300] {processor.py:157} INFO - Started process (PID=22615) to work on /home/paulet/anaconda3/lib/python3.10/site-packages/airflow/example_dags/tutorial_dag.py
[2023-10-04T21:01:47.102+0300] {processor.py:826} INFO - Processing file /home/paulet/anaconda3/lib/python3.10/site-packages/airflow/example_dags/tutorial_dag.py for tasks to queue
[2023-10-04T21:01:47.104+0300] {logging_mixin.py:149} INFO - [2023-10-04T21:01:47.103+0300] {dagbag.py:541} INFO - Filling up the DagBag from /home/paulet/anaconda3/lib/python3.10/site-packages/airflow/example_dags/tutorial_dag.py
[2023-10-04T21:01:47.113+0300] {processor.py:836} INFO - DAG(s) dict_keys(['tutorial_dag']) retrieved from /home/paulet/anaconda3/lib/python3.10/site-packages/airflow/example_dags/tutorial_dag.py
[2023-10-04T21:01:47.140+0300] {logging_mixin.py:149} INFO - [2023-10-04T21:01:47.139+0300] {dag.py:2726} INFO - Sync 1 DAGs
[2023-10-04T21:01:47.165+0300] {logging_mixin.py:149} INFO - [2023-10-04T21:01:47.165+0300] {dag.py:3486} INFO - Setting next_dagrun for tutorial_dag to None, run_after=None
[2023-10-04T21:01:47.306+0300] {processor.py:179} INFO - Processing /home/paulet/anaconda3/lib/python3.10/site-packages/airflow/example_dags/tutorial_dag.py took 0.238 seconds
[2023-10-04T21:02:23.524+0300] {processor.py:157} INFO - Started process (PID=22654) to work on /home/paulet/anaconda3/lib/python3.10/site-packages/airflow/example_dags/tutorial_dag.py
[2023-10-04T21:02:23.556+0300] {processor.py:826} INFO - Processing file /home/paulet/anaconda3/lib/python3.10/site-packages/airflow/example_dags/tutorial_dag.py for tasks to queue
[2023-10-04T21:02:23.557+0300] {logging_mixin.py:149} INFO - [2023-10-04T21:02:23.557+0300] {dagbag.py:541} INFO - Filling up the DagBag from /home/paulet/anaconda3/lib/python3.10/site-packages/airflow/example_dags/tutorial_dag.py
[2023-10-04T21:02:23.565+0300] {processor.py:836} INFO - DAG(s) dict_keys(['tutorial_dag']) retrieved from /home/paulet/anaconda3/lib/python3.10/site-packages/airflow/example_dags/tutorial_dag.py
[2023-10-04T21:02:23.586+0300] {logging_mixin.py:149} INFO - [2023-10-04T21:02:23.586+0300] {dag.py:2726} INFO - Sync 1 DAGs
[2023-10-04T21:02:23.610+0300] {logging_mixin.py:149} INFO - [2023-10-04T21:02:23.609+0300] {dag.py:3486} INFO - Setting next_dagrun for tutorial_dag to None, run_after=None
[2023-10-04T21:02:23.744+0300] {processor.py:179} INFO - Processing /home/paulet/anaconda3/lib/python3.10/site-packages/airflow/example_dags/tutorial_dag.py took 0.225 seconds
[2023-10-04T21:03:13.635+0300] {processor.py:157} INFO - Started process (PID=22700) to work on /home/paulet/anaconda3/lib/python3.10/site-packages/airflow/example_dags/tutorial_dag.py
[2023-10-04T21:03:13.664+0300] {processor.py:826} INFO - Processing file /home/paulet/anaconda3/lib/python3.10/site-packages/airflow/example_dags/tutorial_dag.py for tasks to queue
[2023-10-04T21:03:13.665+0300] {logging_mixin.py:149} INFO - [2023-10-04T21:03:13.665+0300] {dagbag.py:541} INFO - Filling up the DagBag from /home/paulet/anaconda3/lib/python3.10/site-packages/airflow/example_dags/tutorial_dag.py
[2023-10-04T21:03:13.674+0300] {processor.py:836} INFO - DAG(s) dict_keys(['tutorial_dag']) retrieved from /home/paulet/anaconda3/lib/python3.10/site-packages/airflow/example_dags/tutorial_dag.py
[2023-10-04T21:03:13.701+0300] {logging_mixin.py:149} INFO - [2023-10-04T21:03:13.701+0300] {dag.py:2726} INFO - Sync 1 DAGs
[2023-10-04T21:03:13.726+0300] {logging_mixin.py:149} INFO - [2023-10-04T21:03:13.726+0300] {dag.py:3486} INFO - Setting next_dagrun for tutorial_dag to None, run_after=None
[2023-10-04T21:03:13.850+0300] {processor.py:179} INFO - Processing /home/paulet/anaconda3/lib/python3.10/site-packages/airflow/example_dags/tutorial_dag.py took 0.219 seconds
[2023-10-04T21:04:10.610+0300] {processor.py:157} INFO - Started process (PID=22755) to work on /home/paulet/anaconda3/lib/python3.10/site-packages/airflow/example_dags/tutorial_dag.py
[2023-10-04T21:04:10.611+0300] {processor.py:826} INFO - Processing file /home/paulet/anaconda3/lib/python3.10/site-packages/airflow/example_dags/tutorial_dag.py for tasks to queue
[2023-10-04T21:04:10.612+0300] {logging_mixin.py:149} INFO - [2023-10-04T21:04:10.612+0300] {dagbag.py:541} INFO - Filling up the DagBag from /home/paulet/anaconda3/lib/python3.10/site-packages/airflow/example_dags/tutorial_dag.py
[2023-10-04T21:04:10.621+0300] {processor.py:836} INFO - DAG(s) dict_keys(['tutorial_dag']) retrieved from /home/paulet/anaconda3/lib/python3.10/site-packages/airflow/example_dags/tutorial_dag.py
[2023-10-04T21:04:10.646+0300] {logging_mixin.py:149} INFO - [2023-10-04T21:04:10.645+0300] {dag.py:2726} INFO - Sync 1 DAGs
[2023-10-04T21:04:10.668+0300] {logging_mixin.py:149} INFO - [2023-10-04T21:04:10.668+0300] {dag.py:3486} INFO - Setting next_dagrun for tutorial_dag to None, run_after=None
[2023-10-04T21:04:10.856+0300] {processor.py:179} INFO - Processing /home/paulet/anaconda3/lib/python3.10/site-packages/airflow/example_dags/tutorial_dag.py took 0.251 seconds
[2023-10-04T21:05:06.148+0300] {processor.py:157} INFO - Started process (PID=22825) to work on /home/paulet/anaconda3/lib/python3.10/site-packages/airflow/example_dags/tutorial_dag.py
[2023-10-04T21:05:06.179+0300] {processor.py:826} INFO - Processing file /home/paulet/anaconda3/lib/python3.10/site-packages/airflow/example_dags/tutorial_dag.py for tasks to queue
[2023-10-04T21:05:06.180+0300] {logging_mixin.py:149} INFO - [2023-10-04T21:05:06.180+0300] {dagbag.py:541} INFO - Filling up the DagBag from /home/paulet/anaconda3/lib/python3.10/site-packages/airflow/example_dags/tutorial_dag.py
[2023-10-04T21:05:06.189+0300] {processor.py:836} INFO - DAG(s) dict_keys(['tutorial_dag']) retrieved from /home/paulet/anaconda3/lib/python3.10/site-packages/airflow/example_dags/tutorial_dag.py
[2023-10-04T21:05:06.211+0300] {logging_mixin.py:149} INFO - [2023-10-04T21:05:06.210+0300] {dag.py:2726} INFO - Sync 1 DAGs
[2023-10-04T21:05:06.235+0300] {logging_mixin.py:149} INFO - [2023-10-04T21:05:06.235+0300] {dag.py:3486} INFO - Setting next_dagrun for tutorial_dag to None, run_after=None
[2023-10-04T21:05:06.346+0300] {processor.py:179} INFO - Processing /home/paulet/anaconda3/lib/python3.10/site-packages/airflow/example_dags/tutorial_dag.py took 0.203 seconds
[2023-10-04T21:06:03.331+0300] {processor.py:157} INFO - Started process (PID=22899) to work on /home/paulet/anaconda3/lib/python3.10/site-packages/airflow/example_dags/tutorial_dag.py
[2023-10-04T21:06:03.345+0300] {processor.py:826} INFO - Processing file /home/paulet/anaconda3/lib/python3.10/site-packages/airflow/example_dags/tutorial_dag.py for tasks to queue
[2023-10-04T21:06:03.346+0300] {logging_mixin.py:149} INFO - [2023-10-04T21:06:03.346+0300] {dagbag.py:541} INFO - Filling up the DagBag from /home/paulet/anaconda3/lib/python3.10/site-packages/airflow/example_dags/tutorial_dag.py
[2023-10-04T21:06:03.355+0300] {processor.py:836} INFO - DAG(s) dict_keys(['tutorial_dag']) retrieved from /home/paulet/anaconda3/lib/python3.10/site-packages/airflow/example_dags/tutorial_dag.py
[2023-10-04T21:06:03.380+0300] {logging_mixin.py:149} INFO - [2023-10-04T21:06:03.380+0300] {dag.py:2726} INFO - Sync 1 DAGs
[2023-10-04T21:06:03.404+0300] {logging_mixin.py:149} INFO - [2023-10-04T21:06:03.404+0300] {dag.py:3486} INFO - Setting next_dagrun for tutorial_dag to None, run_after=None
[2023-10-04T21:06:03.540+0300] {processor.py:179} INFO - Processing /home/paulet/anaconda3/lib/python3.10/site-packages/airflow/example_dags/tutorial_dag.py took 0.213 seconds
[2023-10-04T21:06:59.694+0300] {processor.py:157} INFO - Started process (PID=22951) to work on /home/paulet/anaconda3/lib/python3.10/site-packages/airflow/example_dags/tutorial_dag.py
[2023-10-04T21:06:59.720+0300] {processor.py:826} INFO - Processing file /home/paulet/anaconda3/lib/python3.10/site-packages/airflow/example_dags/tutorial_dag.py for tasks to queue
[2023-10-04T21:06:59.721+0300] {logging_mixin.py:149} INFO - [2023-10-04T21:06:59.721+0300] {dagbag.py:541} INFO - Filling up the DagBag from /home/paulet/anaconda3/lib/python3.10/site-packages/airflow/example_dags/tutorial_dag.py
[2023-10-04T21:06:59.731+0300] {processor.py:836} INFO - DAG(s) dict_keys(['tutorial_dag']) retrieved from /home/paulet/anaconda3/lib/python3.10/site-packages/airflow/example_dags/tutorial_dag.py
[2023-10-04T21:06:59.757+0300] {logging_mixin.py:149} INFO - [2023-10-04T21:06:59.757+0300] {dag.py:2726} INFO - Sync 1 DAGs
[2023-10-04T21:06:59.782+0300] {logging_mixin.py:149} INFO - [2023-10-04T21:06:59.782+0300] {dag.py:3486} INFO - Setting next_dagrun for tutorial_dag to None, run_after=None
[2023-10-04T21:06:59.922+0300] {processor.py:179} INFO - Processing /home/paulet/anaconda3/lib/python3.10/site-packages/airflow/example_dags/tutorial_dag.py took 0.233 seconds
[2023-10-04T21:07:47.804+0300] {processor.py:157} INFO - Started process (PID=22997) to work on /home/paulet/anaconda3/lib/python3.10/site-packages/airflow/example_dags/tutorial_dag.py
[2023-10-04T21:07:47.806+0300] {processor.py:826} INFO - Processing file /home/paulet/anaconda3/lib/python3.10/site-packages/airflow/example_dags/tutorial_dag.py for tasks to queue
[2023-10-04T21:07:47.807+0300] {logging_mixin.py:149} INFO - [2023-10-04T21:07:47.806+0300] {dagbag.py:541} INFO - Filling up the DagBag from /home/paulet/anaconda3/lib/python3.10/site-packages/airflow/example_dags/tutorial_dag.py
[2023-10-04T21:07:47.816+0300] {processor.py:836} INFO - DAG(s) dict_keys(['tutorial_dag']) retrieved from /home/paulet/anaconda3/lib/python3.10/site-packages/airflow/example_dags/tutorial_dag.py
[2023-10-04T21:07:47.840+0300] {logging_mixin.py:149} INFO - [2023-10-04T21:07:47.839+0300] {dag.py:2726} INFO - Sync 1 DAGs
[2023-10-04T21:07:47.862+0300] {logging_mixin.py:149} INFO - [2023-10-04T21:07:47.862+0300] {dag.py:3486} INFO - Setting next_dagrun for tutorial_dag to None, run_after=None
[2023-10-04T21:07:47.984+0300] {processor.py:179} INFO - Processing /home/paulet/anaconda3/lib/python3.10/site-packages/airflow/example_dags/tutorial_dag.py took 0.185 seconds
[2023-10-04T21:08:36.377+0300] {processor.py:157} INFO - Started process (PID=23061) to work on /home/paulet/anaconda3/lib/python3.10/site-packages/airflow/example_dags/tutorial_dag.py
[2023-10-04T21:08:36.379+0300] {processor.py:826} INFO - Processing file /home/paulet/anaconda3/lib/python3.10/site-packages/airflow/example_dags/tutorial_dag.py for tasks to queue
[2023-10-04T21:08:36.380+0300] {logging_mixin.py:149} INFO - [2023-10-04T21:08:36.379+0300] {dagbag.py:541} INFO - Filling up the DagBag from /home/paulet/anaconda3/lib/python3.10/site-packages/airflow/example_dags/tutorial_dag.py
[2023-10-04T21:08:36.388+0300] {processor.py:836} INFO - DAG(s) dict_keys(['tutorial_dag']) retrieved from /home/paulet/anaconda3/lib/python3.10/site-packages/airflow/example_dags/tutorial_dag.py
[2023-10-04T21:08:36.409+0300] {logging_mixin.py:149} INFO - [2023-10-04T21:08:36.409+0300] {dag.py:2726} INFO - Sync 1 DAGs
[2023-10-04T21:08:36.432+0300] {logging_mixin.py:149} INFO - [2023-10-04T21:08:36.432+0300] {dag.py:3486} INFO - Setting next_dagrun for tutorial_dag to None, run_after=None
[2023-10-04T21:08:36.586+0300] {processor.py:179} INFO - Processing /home/paulet/anaconda3/lib/python3.10/site-packages/airflow/example_dags/tutorial_dag.py took 0.213 seconds
[2023-10-04T21:09:27.217+0300] {processor.py:157} INFO - Started process (PID=23135) to work on /home/paulet/anaconda3/lib/python3.10/site-packages/airflow/example_dags/tutorial_dag.py
[2023-10-04T21:09:27.230+0300] {processor.py:826} INFO - Processing file /home/paulet/anaconda3/lib/python3.10/site-packages/airflow/example_dags/tutorial_dag.py for tasks to queue
[2023-10-04T21:09:27.231+0300] {logging_mixin.py:149} INFO - [2023-10-04T21:09:27.231+0300] {dagbag.py:541} INFO - Filling up the DagBag from /home/paulet/anaconda3/lib/python3.10/site-packages/airflow/example_dags/tutorial_dag.py
[2023-10-04T21:09:27.239+0300] {processor.py:836} INFO - DAG(s) dict_keys(['tutorial_dag']) retrieved from /home/paulet/anaconda3/lib/python3.10/site-packages/airflow/example_dags/tutorial_dag.py
[2023-10-04T21:09:27.261+0300] {logging_mixin.py:149} INFO - [2023-10-04T21:09:27.261+0300] {dag.py:2726} INFO - Sync 1 DAGs
[2023-10-04T21:09:27.287+0300] {logging_mixin.py:149} INFO - [2023-10-04T21:09:27.287+0300] {dag.py:3486} INFO - Setting next_dagrun for tutorial_dag to None, run_after=None
[2023-10-04T21:09:27.390+0300] {processor.py:179} INFO - Processing /home/paulet/anaconda3/lib/python3.10/site-packages/airflow/example_dags/tutorial_dag.py took 0.176 seconds
[2023-10-04T21:10:17.753+0300] {processor.py:157} INFO - Started process (PID=23221) to work on /home/paulet/anaconda3/lib/python3.10/site-packages/airflow/example_dags/tutorial_dag.py
[2023-10-04T21:10:17.787+0300] {processor.py:826} INFO - Processing file /home/paulet/anaconda3/lib/python3.10/site-packages/airflow/example_dags/tutorial_dag.py for tasks to queue
[2023-10-04T21:10:17.788+0300] {logging_mixin.py:149} INFO - [2023-10-04T21:10:17.788+0300] {dagbag.py:541} INFO - Filling up the DagBag from /home/paulet/anaconda3/lib/python3.10/site-packages/airflow/example_dags/tutorial_dag.py
[2023-10-04T21:10:17.798+0300] {processor.py:836} INFO - DAG(s) dict_keys(['tutorial_dag']) retrieved from /home/paulet/anaconda3/lib/python3.10/site-packages/airflow/example_dags/tutorial_dag.py
[2023-10-04T21:10:17.821+0300] {logging_mixin.py:149} INFO - [2023-10-04T21:10:17.821+0300] {dag.py:2726} INFO - Sync 1 DAGs
[2023-10-04T21:10:17.846+0300] {logging_mixin.py:149} INFO - [2023-10-04T21:10:17.845+0300] {dag.py:3486} INFO - Setting next_dagrun for tutorial_dag to None, run_after=None
[2023-10-04T21:10:17.973+0300] {processor.py:179} INFO - Processing /home/paulet/anaconda3/lib/python3.10/site-packages/airflow/example_dags/tutorial_dag.py took 0.225 seconds
[2023-10-04T21:51:27.827+0300] {processor.py:157} INFO - Started process (PID=26864) to work on /home/paulet/anaconda3/lib/python3.10/site-packages/airflow/example_dags/tutorial_dag.py
[2023-10-04T21:51:27.891+0300] {processor.py:826} INFO - Processing file /home/paulet/anaconda3/lib/python3.10/site-packages/airflow/example_dags/tutorial_dag.py for tasks to queue
[2023-10-04T21:51:27.893+0300] {logging_mixin.py:149} INFO - [2023-10-04T21:51:27.892+0300] {dagbag.py:541} INFO - Filling up the DagBag from /home/paulet/anaconda3/lib/python3.10/site-packages/airflow/example_dags/tutorial_dag.py
[2023-10-04T21:51:27.922+0300] {processor.py:836} INFO - DAG(s) dict_keys(['tutorial_dag']) retrieved from /home/paulet/anaconda3/lib/python3.10/site-packages/airflow/example_dags/tutorial_dag.py
[2023-10-04T21:51:28.009+0300] {logging_mixin.py:149} INFO - [2023-10-04T21:51:28.009+0300] {dag.py:2726} INFO - Sync 1 DAGs
[2023-10-04T21:51:28.046+0300] {logging_mixin.py:149} INFO - [2023-10-04T21:51:28.046+0300] {dag.py:3486} INFO - Setting next_dagrun for tutorial_dag to None, run_after=None
[2023-10-04T21:51:28.223+0300] {processor.py:179} INFO - Processing /home/paulet/anaconda3/lib/python3.10/site-packages/airflow/example_dags/tutorial_dag.py took 0.400 seconds
[2023-10-04T21:52:35.536+0300] {processor.py:157} INFO - Started process (PID=27013) to work on /home/paulet/anaconda3/lib/python3.10/site-packages/airflow/example_dags/tutorial_dag.py
[2023-10-04T21:52:35.569+0300] {processor.py:826} INFO - Processing file /home/paulet/anaconda3/lib/python3.10/site-packages/airflow/example_dags/tutorial_dag.py for tasks to queue
[2023-10-04T21:52:35.570+0300] {logging_mixin.py:149} INFO - [2023-10-04T21:52:35.569+0300] {dagbag.py:541} INFO - Filling up the DagBag from /home/paulet/anaconda3/lib/python3.10/site-packages/airflow/example_dags/tutorial_dag.py
[2023-10-04T21:52:35.579+0300] {processor.py:836} INFO - DAG(s) dict_keys(['tutorial_dag']) retrieved from /home/paulet/anaconda3/lib/python3.10/site-packages/airflow/example_dags/tutorial_dag.py
[2023-10-04T21:52:35.605+0300] {logging_mixin.py:149} INFO - [2023-10-04T21:52:35.605+0300] {dag.py:2726} INFO - Sync 1 DAGs
[2023-10-04T21:52:35.630+0300] {logging_mixin.py:149} INFO - [2023-10-04T21:52:35.629+0300] {dag.py:3486} INFO - Setting next_dagrun for tutorial_dag to None, run_after=None
[2023-10-04T21:52:35.747+0300] {processor.py:179} INFO - Processing /home/paulet/anaconda3/lib/python3.10/site-packages/airflow/example_dags/tutorial_dag.py took 0.214 seconds
[2023-10-04T21:53:33.241+0300] {processor.py:157} INFO - Started process (PID=27084) to work on /home/paulet/anaconda3/lib/python3.10/site-packages/airflow/example_dags/tutorial_dag.py
[2023-10-04T21:53:33.310+0300] {processor.py:826} INFO - Processing file /home/paulet/anaconda3/lib/python3.10/site-packages/airflow/example_dags/tutorial_dag.py for tasks to queue
[2023-10-04T21:53:33.311+0300] {logging_mixin.py:149} INFO - [2023-10-04T21:53:33.310+0300] {dagbag.py:541} INFO - Filling up the DagBag from /home/paulet/anaconda3/lib/python3.10/site-packages/airflow/example_dags/tutorial_dag.py
[2023-10-04T21:53:33.324+0300] {processor.py:836} INFO - DAG(s) dict_keys(['tutorial_dag']) retrieved from /home/paulet/anaconda3/lib/python3.10/site-packages/airflow/example_dags/tutorial_dag.py
[2023-10-04T21:53:33.362+0300] {logging_mixin.py:149} INFO - [2023-10-04T21:53:33.361+0300] {dag.py:2726} INFO - Sync 1 DAGs
[2023-10-04T21:53:33.395+0300] {logging_mixin.py:149} INFO - [2023-10-04T21:53:33.395+0300] {dag.py:3486} INFO - Setting next_dagrun for tutorial_dag to None, run_after=None
[2023-10-04T21:53:33.552+0300] {processor.py:179} INFO - Processing /home/paulet/anaconda3/lib/python3.10/site-packages/airflow/example_dags/tutorial_dag.py took 0.316 seconds
[2023-10-04T21:54:05.051+0300] {processor.py:157} INFO - Started process (PID=27121) to work on /home/paulet/anaconda3/lib/python3.10/site-packages/airflow/example_dags/tutorial_dag.py
[2023-10-04T21:54:05.081+0300] {processor.py:826} INFO - Processing file /home/paulet/anaconda3/lib/python3.10/site-packages/airflow/example_dags/tutorial_dag.py for tasks to queue
[2023-10-04T21:54:05.082+0300] {logging_mixin.py:149} INFO - [2023-10-04T21:54:05.082+0300] {dagbag.py:541} INFO - Filling up the DagBag from /home/paulet/anaconda3/lib/python3.10/site-packages/airflow/example_dags/tutorial_dag.py
[2023-10-04T21:54:05.091+0300] {processor.py:836} INFO - DAG(s) dict_keys(['tutorial_dag']) retrieved from /home/paulet/anaconda3/lib/python3.10/site-packages/airflow/example_dags/tutorial_dag.py
[2023-10-04T21:54:05.119+0300] {logging_mixin.py:149} INFO - [2023-10-04T21:54:05.119+0300] {dag.py:2726} INFO - Sync 1 DAGs
[2023-10-04T21:54:05.152+0300] {logging_mixin.py:149} INFO - [2023-10-04T21:54:05.152+0300] {dag.py:3486} INFO - Setting next_dagrun for tutorial_dag to None, run_after=None
[2023-10-04T21:54:05.278+0300] {processor.py:179} INFO - Processing /home/paulet/anaconda3/lib/python3.10/site-packages/airflow/example_dags/tutorial_dag.py took 0.231 seconds
[2023-10-04T21:54:37.214+0300] {processor.py:157} INFO - Started process (PID=27163) to work on /home/paulet/anaconda3/lib/python3.10/site-packages/airflow/example_dags/tutorial_dag.py
[2023-10-04T21:54:37.216+0300] {processor.py:826} INFO - Processing file /home/paulet/anaconda3/lib/python3.10/site-packages/airflow/example_dags/tutorial_dag.py for tasks to queue
[2023-10-04T21:54:37.217+0300] {logging_mixin.py:149} INFO - [2023-10-04T21:54:37.216+0300] {dagbag.py:541} INFO - Filling up the DagBag from /home/paulet/anaconda3/lib/python3.10/site-packages/airflow/example_dags/tutorial_dag.py
[2023-10-04T21:54:37.226+0300] {processor.py:836} INFO - DAG(s) dict_keys(['tutorial_dag']) retrieved from /home/paulet/anaconda3/lib/python3.10/site-packages/airflow/example_dags/tutorial_dag.py
[2023-10-04T21:54:37.249+0300] {logging_mixin.py:149} INFO - [2023-10-04T21:54:37.248+0300] {dag.py:2726} INFO - Sync 1 DAGs
[2023-10-04T21:54:37.271+0300] {logging_mixin.py:149} INFO - [2023-10-04T21:54:37.271+0300] {dag.py:3486} INFO - Setting next_dagrun for tutorial_dag to None, run_after=None
[2023-10-04T21:54:37.395+0300] {processor.py:179} INFO - Processing /home/paulet/anaconda3/lib/python3.10/site-packages/airflow/example_dags/tutorial_dag.py took 0.185 seconds
[2023-10-04T21:55:30.137+0300] {processor.py:157} INFO - Started process (PID=27271) to work on /home/paulet/anaconda3/lib/python3.10/site-packages/airflow/example_dags/tutorial_dag.py
[2023-10-04T21:55:30.159+0300] {processor.py:826} INFO - Processing file /home/paulet/anaconda3/lib/python3.10/site-packages/airflow/example_dags/tutorial_dag.py for tasks to queue
[2023-10-04T21:55:30.160+0300] {logging_mixin.py:149} INFO - [2023-10-04T21:55:30.160+0300] {dagbag.py:541} INFO - Filling up the DagBag from /home/paulet/anaconda3/lib/python3.10/site-packages/airflow/example_dags/tutorial_dag.py
[2023-10-04T21:55:30.168+0300] {processor.py:836} INFO - DAG(s) dict_keys(['tutorial_dag']) retrieved from /home/paulet/anaconda3/lib/python3.10/site-packages/airflow/example_dags/tutorial_dag.py
[2023-10-04T21:55:30.191+0300] {logging_mixin.py:149} INFO - [2023-10-04T21:55:30.191+0300] {dag.py:2726} INFO - Sync 1 DAGs
[2023-10-04T21:55:30.219+0300] {logging_mixin.py:149} INFO - [2023-10-04T21:55:30.219+0300] {dag.py:3486} INFO - Setting next_dagrun for tutorial_dag to None, run_after=None
[2023-10-04T21:55:30.857+0300] {processor.py:179} INFO - Processing /home/paulet/anaconda3/lib/python3.10/site-packages/airflow/example_dags/tutorial_dag.py took 0.724 seconds
[2023-10-04T21:56:06.603+0300] {processor.py:157} INFO - Started process (PID=27381) to work on /home/paulet/anaconda3/lib/python3.10/site-packages/airflow/example_dags/tutorial_dag.py
[2023-10-04T21:56:06.624+0300] {processor.py:826} INFO - Processing file /home/paulet/anaconda3/lib/python3.10/site-packages/airflow/example_dags/tutorial_dag.py for tasks to queue
[2023-10-04T21:56:06.625+0300] {logging_mixin.py:149} INFO - [2023-10-04T21:56:06.624+0300] {dagbag.py:541} INFO - Filling up the DagBag from /home/paulet/anaconda3/lib/python3.10/site-packages/airflow/example_dags/tutorial_dag.py
[2023-10-04T21:56:06.634+0300] {processor.py:836} INFO - DAG(s) dict_keys(['tutorial_dag']) retrieved from /home/paulet/anaconda3/lib/python3.10/site-packages/airflow/example_dags/tutorial_dag.py
[2023-10-04T21:56:06.662+0300] {logging_mixin.py:149} INFO - [2023-10-04T21:56:06.662+0300] {dag.py:2726} INFO - Sync 1 DAGs
[2023-10-04T21:56:06.692+0300] {logging_mixin.py:149} INFO - [2023-10-04T21:56:06.691+0300] {dag.py:3486} INFO - Setting next_dagrun for tutorial_dag to None, run_after=None
[2023-10-04T21:56:06.972+0300] {processor.py:179} INFO - Processing /home/paulet/anaconda3/lib/python3.10/site-packages/airflow/example_dags/tutorial_dag.py took 0.374 seconds
