[2023-10-04T18:13:33.950+0300] {taskinstance.py:1103} INFO - Dependencies all met for dep_context=non-requeueable deps ti=<TaskInstance: tutorial.templated scheduled__2023-10-03T15:12:38.493049+00:00 [queued]>
[2023-10-04T18:13:33.965+0300] {taskinstance.py:1103} INFO - Dependencies all met for dep_context=requeueable deps ti=<TaskInstance: tutorial.templated scheduled__2023-10-03T15:12:38.493049+00:00 [queued]>
[2023-10-04T18:13:33.965+0300] {taskinstance.py:1308} INFO - Starting attempt 1 of 2
[2023-10-04T18:13:34.124+0300] {taskinstance.py:1327} INFO - Executing <Task(BashOperator): templated> on 2023-10-03 15:12:38.493049+00:00
[2023-10-04T18:13:34.130+0300] {standard_task_runner.py:57} INFO - Started process 15606 to run task
[2023-10-04T18:13:34.134+0300] {standard_task_runner.py:84} INFO - Running: ['airflow', 'tasks', 'run', 'tutorial', 'templated', 'scheduled__2023-10-03T15:12:38.493049+00:00', '--job-id', '6', '--raw', '--subdir', '/home/paulet/anaconda3/lib/python3.10/site-packages/airflow/example_dags/tutorial.py', '--cfg-path', '/tmp/tmp5lmske5u']
[2023-10-04T18:13:34.135+0300] {standard_task_runner.py:85} INFO - Job 6: Subtask templated
[2023-10-04T18:13:34.338+0300] {task_command.py:410} INFO - Running <TaskInstance: tutorial.templated scheduled__2023-10-03T15:12:38.493049+00:00 [running]> on host paulet-HP-EliteBook-Folio-9470m
[2023-10-04T18:13:34.857+0300] {taskinstance.py:1545} INFO - Exporting env vars: AIRFLOW_CTX_DAG_EMAIL='airflow@example.com' AIRFLOW_CTX_DAG_OWNER='airflow' AIRFLOW_CTX_DAG_ID='tutorial' AIRFLOW_CTX_TASK_ID='templated' AIRFLOW_CTX_EXECUTION_DATE='2023-10-03T15:12:38.493049+00:00' AIRFLOW_CTX_TRY_NUMBER='1' AIRFLOW_CTX_DAG_RUN_ID='scheduled__2023-10-03T15:12:38.493049+00:00'
[2023-10-04T18:13:34.860+0300] {subprocess.py:63} INFO - Tmp dir root location: 
 /tmp
[2023-10-04T18:13:34.861+0300] {subprocess.py:75} INFO - Running command: ['/usr/bin/bash', '-c', '\n\n    echo "2023-10-03"\n    echo "2023-10-10"\n\n    echo "2023-10-03"\n    echo "2023-10-10"\n\n    echo "2023-10-03"\n    echo "2023-10-10"\n\n    echo "2023-10-03"\n    echo "2023-10-10"\n\n    echo "2023-10-03"\n    echo "2023-10-10"\n']
[2023-10-04T18:13:34.878+0300] {subprocess.py:86} INFO - Output:
[2023-10-04T18:13:34.880+0300] {subprocess.py:93} INFO - 2023-10-03
[2023-10-04T18:13:34.880+0300] {subprocess.py:93} INFO - 2023-10-10
[2023-10-04T18:13:34.880+0300] {subprocess.py:93} INFO - 2023-10-03
[2023-10-04T18:13:34.880+0300] {subprocess.py:93} INFO - 2023-10-10
[2023-10-04T18:13:34.881+0300] {subprocess.py:93} INFO - 2023-10-03
[2023-10-04T18:13:34.881+0300] {subprocess.py:93} INFO - 2023-10-10
[2023-10-04T18:13:34.881+0300] {subprocess.py:93} INFO - 2023-10-03
[2023-10-04T18:13:34.881+0300] {subprocess.py:93} INFO - 2023-10-10
[2023-10-04T18:13:34.881+0300] {subprocess.py:93} INFO - 2023-10-03
[2023-10-04T18:13:34.881+0300] {subprocess.py:93} INFO - 2023-10-10
[2023-10-04T18:13:34.882+0300] {subprocess.py:97} INFO - Command exited with return code 0
[2023-10-04T18:13:35.037+0300] {taskinstance.py:1345} INFO - Marking task as SUCCESS. dag_id=tutorial, task_id=templated, execution_date=20231003T151238, start_date=20231004T151333, end_date=20231004T151335
[2023-10-04T18:13:35.268+0300] {local_task_job_runner.py:225} INFO - Task exited with return code 0
[2023-10-04T18:13:35.284+0300] {taskinstance.py:2651} INFO - 0 downstream tasks scheduled from follow-on schedule check
